[2024-02-29T08:46:24.446+0000] {processor.py:153} INFO - Started process (PID=44) to work on /opt/airflow/dags/boaz_simple_etl.py
[2024-02-29T08:46:24.447+0000] {processor.py:743} INFO - Processing file /opt/airflow/dags/boaz_simple_etl.py for tasks to queue
[2024-02-29T08:46:24.448+0000] {logging_mixin.py:137} INFO - [2024-02-29T08:46:24.447+0000] {dagbag.py:538} INFO - Filling up the DagBag from /opt/airflow/dags/boaz_simple_etl.py
[2024-02-29T08:46:24.562+0000] {processor.py:753} INFO - DAG(s) dict_keys(['boaz_simple_etl']) retrieved from /opt/airflow/dags/boaz_simple_etl.py
[2024-02-29T08:46:24.583+0000] {logging_mixin.py:137} INFO - [2024-02-29T08:46:24.582+0000] {dag.py:2690} INFO - Sync 1 DAGs
[2024-02-29T08:46:24.596+0000] {logging_mixin.py:137} INFO - [2024-02-29T08:46:24.595+0000] {dag.py:3441} INFO - Setting next_dagrun for boaz_simple_etl to 2024-02-29T00:00:00+00:00, run_after=2024-03-01T00:00:00+00:00
[2024-02-29T08:46:24.605+0000] {processor.py:175} INFO - Processing /opt/airflow/dags/boaz_simple_etl.py took 0.161 seconds
[2024-02-29T08:46:55.369+0000] {processor.py:153} INFO - Started process (PID=137) to work on /opt/airflow/dags/boaz_simple_etl.py
[2024-02-29T08:46:55.371+0000] {processor.py:743} INFO - Processing file /opt/airflow/dags/boaz_simple_etl.py for tasks to queue
[2024-02-29T08:46:55.372+0000] {logging_mixin.py:137} INFO - [2024-02-29T08:46:55.371+0000] {dagbag.py:538} INFO - Filling up the DagBag from /opt/airflow/dags/boaz_simple_etl.py
[2024-02-29T08:46:55.454+0000] {processor.py:753} INFO - DAG(s) dict_keys(['boaz_simple_etl']) retrieved from /opt/airflow/dags/boaz_simple_etl.py
[2024-02-29T08:46:55.467+0000] {logging_mixin.py:137} INFO - [2024-02-29T08:46:55.466+0000] {dag.py:2690} INFO - Sync 1 DAGs
[2024-02-29T08:46:55.478+0000] {logging_mixin.py:137} INFO - [2024-02-29T08:46:55.478+0000] {dag.py:3441} INFO - Setting next_dagrun for boaz_simple_etl to 2024-02-29T00:00:00+00:00, run_after=2024-03-01T00:00:00+00:00
[2024-02-29T08:46:55.486+0000] {processor.py:175} INFO - Processing /opt/airflow/dags/boaz_simple_etl.py took 0.121 seconds
[2024-02-29T08:47:25.709+0000] {processor.py:153} INFO - Started process (PID=231) to work on /opt/airflow/dags/boaz_simple_etl.py
[2024-02-29T08:47:25.710+0000] {processor.py:743} INFO - Processing file /opt/airflow/dags/boaz_simple_etl.py for tasks to queue
[2024-02-29T08:47:25.711+0000] {logging_mixin.py:137} INFO - [2024-02-29T08:47:25.711+0000] {dagbag.py:538} INFO - Filling up the DagBag from /opt/airflow/dags/boaz_simple_etl.py
[2024-02-29T08:47:25.789+0000] {processor.py:753} INFO - DAG(s) dict_keys(['boaz_simple_etl']) retrieved from /opt/airflow/dags/boaz_simple_etl.py
[2024-02-29T08:47:25.802+0000] {logging_mixin.py:137} INFO - [2024-02-29T08:47:25.802+0000] {dag.py:2690} INFO - Sync 1 DAGs
[2024-02-29T08:47:25.813+0000] {logging_mixin.py:137} INFO - [2024-02-29T08:47:25.813+0000] {dag.py:3441} INFO - Setting next_dagrun for boaz_simple_etl to 2024-02-29T00:00:00+00:00, run_after=2024-03-01T00:00:00+00:00
[2024-02-29T08:47:25.822+0000] {processor.py:175} INFO - Processing /opt/airflow/dags/boaz_simple_etl.py took 0.118 seconds
[2024-02-29T08:47:56.007+0000] {processor.py:153} INFO - Started process (PID=307) to work on /opt/airflow/dags/boaz_simple_etl.py
[2024-02-29T08:47:56.007+0000] {processor.py:743} INFO - Processing file /opt/airflow/dags/boaz_simple_etl.py for tasks to queue
[2024-02-29T08:47:56.008+0000] {logging_mixin.py:137} INFO - [2024-02-29T08:47:56.008+0000] {dagbag.py:538} INFO - Filling up the DagBag from /opt/airflow/dags/boaz_simple_etl.py
[2024-02-29T08:47:56.080+0000] {processor.py:753} INFO - DAG(s) dict_keys(['boaz_simple_etl']) retrieved from /opt/airflow/dags/boaz_simple_etl.py
[2024-02-29T08:47:56.093+0000] {logging_mixin.py:137} INFO - [2024-02-29T08:47:56.093+0000] {dag.py:2690} INFO - Sync 1 DAGs
[2024-02-29T08:47:56.105+0000] {logging_mixin.py:137} INFO - [2024-02-29T08:47:56.105+0000] {dag.py:3441} INFO - Setting next_dagrun for boaz_simple_etl to 2024-02-29T00:00:00+00:00, run_after=2024-03-01T00:00:00+00:00
[2024-02-29T08:47:56.114+0000] {processor.py:175} INFO - Processing /opt/airflow/dags/boaz_simple_etl.py took 0.110 seconds
[2024-02-29T08:48:26.557+0000] {processor.py:153} INFO - Started process (PID=400) to work on /opt/airflow/dags/boaz_simple_etl.py
[2024-02-29T08:48:26.558+0000] {processor.py:743} INFO - Processing file /opt/airflow/dags/boaz_simple_etl.py for tasks to queue
[2024-02-29T08:48:26.560+0000] {logging_mixin.py:137} INFO - [2024-02-29T08:48:26.559+0000] {dagbag.py:538} INFO - Filling up the DagBag from /opt/airflow/dags/boaz_simple_etl.py
[2024-02-29T08:48:26.641+0000] {processor.py:753} INFO - DAG(s) dict_keys(['boaz_simple_etl']) retrieved from /opt/airflow/dags/boaz_simple_etl.py
[2024-02-29T08:48:26.654+0000] {logging_mixin.py:137} INFO - [2024-02-29T08:48:26.654+0000] {dag.py:2690} INFO - Sync 1 DAGs
[2024-02-29T08:48:26.666+0000] {logging_mixin.py:137} INFO - [2024-02-29T08:48:26.666+0000] {dag.py:3441} INFO - Setting next_dagrun for boaz_simple_etl to 2024-02-29T00:00:00+00:00, run_after=2024-03-01T00:00:00+00:00
[2024-02-29T08:48:26.674+0000] {processor.py:175} INFO - Processing /opt/airflow/dags/boaz_simple_etl.py took 0.124 seconds
[2024-02-29T08:48:56.895+0000] {processor.py:153} INFO - Started process (PID=494) to work on /opt/airflow/dags/boaz_simple_etl.py
[2024-02-29T08:48:56.896+0000] {processor.py:743} INFO - Processing file /opt/airflow/dags/boaz_simple_etl.py for tasks to queue
[2024-02-29T08:48:56.897+0000] {logging_mixin.py:137} INFO - [2024-02-29T08:48:56.897+0000] {dagbag.py:538} INFO - Filling up the DagBag from /opt/airflow/dags/boaz_simple_etl.py
[2024-02-29T08:48:56.982+0000] {processor.py:753} INFO - DAG(s) dict_keys(['boaz_simple_etl']) retrieved from /opt/airflow/dags/boaz_simple_etl.py
[2024-02-29T08:48:56.996+0000] {logging_mixin.py:137} INFO - [2024-02-29T08:48:56.996+0000] {dag.py:2690} INFO - Sync 1 DAGs
[2024-02-29T08:48:57.007+0000] {logging_mixin.py:137} INFO - [2024-02-29T08:48:57.007+0000] {dag.py:3441} INFO - Setting next_dagrun for boaz_simple_etl to 2024-02-29T00:00:00+00:00, run_after=2024-03-01T00:00:00+00:00
[2024-02-29T08:48:57.015+0000] {processor.py:175} INFO - Processing /opt/airflow/dags/boaz_simple_etl.py took 0.126 seconds
[2024-02-29T08:49:27.341+0000] {processor.py:153} INFO - Started process (PID=588) to work on /opt/airflow/dags/boaz_simple_etl.py
[2024-02-29T08:49:27.342+0000] {processor.py:743} INFO - Processing file /opt/airflow/dags/boaz_simple_etl.py for tasks to queue
[2024-02-29T08:49:27.343+0000] {logging_mixin.py:137} INFO - [2024-02-29T08:49:27.343+0000] {dagbag.py:538} INFO - Filling up the DagBag from /opt/airflow/dags/boaz_simple_etl.py
[2024-02-29T08:49:27.426+0000] {processor.py:753} INFO - DAG(s) dict_keys(['boaz_simple_etl']) retrieved from /opt/airflow/dags/boaz_simple_etl.py
[2024-02-29T08:49:27.439+0000] {logging_mixin.py:137} INFO - [2024-02-29T08:49:27.439+0000] {dag.py:2690} INFO - Sync 1 DAGs
[2024-02-29T08:49:27.450+0000] {logging_mixin.py:137} INFO - [2024-02-29T08:49:27.450+0000] {dag.py:3441} INFO - Setting next_dagrun for boaz_simple_etl to 2024-02-29T00:00:00+00:00, run_after=2024-03-01T00:00:00+00:00
[2024-02-29T08:49:27.457+0000] {processor.py:175} INFO - Processing /opt/airflow/dags/boaz_simple_etl.py took 0.122 seconds
[2024-02-29T08:49:57.673+0000] {processor.py:153} INFO - Started process (PID=663) to work on /opt/airflow/dags/boaz_simple_etl.py
[2024-02-29T08:49:57.674+0000] {processor.py:743} INFO - Processing file /opt/airflow/dags/boaz_simple_etl.py for tasks to queue
[2024-02-29T08:49:57.675+0000] {logging_mixin.py:137} INFO - [2024-02-29T08:49:57.675+0000] {dagbag.py:538} INFO - Filling up the DagBag from /opt/airflow/dags/boaz_simple_etl.py
[2024-02-29T08:49:57.749+0000] {processor.py:753} INFO - DAG(s) dict_keys(['boaz_simple_etl']) retrieved from /opt/airflow/dags/boaz_simple_etl.py
[2024-02-29T08:49:57.762+0000] {logging_mixin.py:137} INFO - [2024-02-29T08:49:57.761+0000] {dag.py:2690} INFO - Sync 1 DAGs
[2024-02-29T08:49:57.773+0000] {logging_mixin.py:137} INFO - [2024-02-29T08:49:57.773+0000] {dag.py:3441} INFO - Setting next_dagrun for boaz_simple_etl to 2024-02-29T00:00:00+00:00, run_after=2024-03-01T00:00:00+00:00
[2024-02-29T08:49:57.781+0000] {processor.py:175} INFO - Processing /opt/airflow/dags/boaz_simple_etl.py took 0.111 seconds
[2024-02-29T08:50:28.029+0000] {processor.py:153} INFO - Started process (PID=757) to work on /opt/airflow/dags/boaz_simple_etl.py
[2024-02-29T08:50:28.030+0000] {processor.py:743} INFO - Processing file /opt/airflow/dags/boaz_simple_etl.py for tasks to queue
[2024-02-29T08:50:28.031+0000] {logging_mixin.py:137} INFO - [2024-02-29T08:50:28.031+0000] {dagbag.py:538} INFO - Filling up the DagBag from /opt/airflow/dags/boaz_simple_etl.py
[2024-02-29T08:50:28.101+0000] {processor.py:753} INFO - DAG(s) dict_keys(['boaz_simple_etl']) retrieved from /opt/airflow/dags/boaz_simple_etl.py
[2024-02-29T08:50:28.114+0000] {logging_mixin.py:137} INFO - [2024-02-29T08:50:28.114+0000] {dag.py:2690} INFO - Sync 1 DAGs
[2024-02-29T08:50:28.126+0000] {logging_mixin.py:137} INFO - [2024-02-29T08:50:28.126+0000] {dag.py:3441} INFO - Setting next_dagrun for boaz_simple_etl to 2024-02-29T00:00:00+00:00, run_after=2024-03-01T00:00:00+00:00
[2024-02-29T08:50:28.133+0000] {processor.py:175} INFO - Processing /opt/airflow/dags/boaz_simple_etl.py took 0.108 seconds
[2024-02-29T08:50:58.594+0000] {processor.py:153} INFO - Started process (PID=851) to work on /opt/airflow/dags/boaz_simple_etl.py
[2024-02-29T08:50:58.597+0000] {processor.py:743} INFO - Processing file /opt/airflow/dags/boaz_simple_etl.py for tasks to queue
[2024-02-29T08:50:58.598+0000] {logging_mixin.py:137} INFO - [2024-02-29T08:50:58.598+0000] {dagbag.py:538} INFO - Filling up the DagBag from /opt/airflow/dags/boaz_simple_etl.py
[2024-02-29T08:50:58.684+0000] {processor.py:753} INFO - DAG(s) dict_keys(['boaz_simple_etl']) retrieved from /opt/airflow/dags/boaz_simple_etl.py
[2024-02-29T08:50:58.697+0000] {logging_mixin.py:137} INFO - [2024-02-29T08:50:58.697+0000] {dag.py:2690} INFO - Sync 1 DAGs
[2024-02-29T08:50:58.708+0000] {logging_mixin.py:137} INFO - [2024-02-29T08:50:58.708+0000] {dag.py:3441} INFO - Setting next_dagrun for boaz_simple_etl to 2024-02-29T00:00:00+00:00, run_after=2024-03-01T00:00:00+00:00
[2024-02-29T08:50:58.716+0000] {processor.py:175} INFO - Processing /opt/airflow/dags/boaz_simple_etl.py took 0.129 seconds
[2024-02-29T08:51:28.958+0000] {processor.py:153} INFO - Started process (PID=944) to work on /opt/airflow/dags/boaz_simple_etl.py
[2024-02-29T08:51:28.960+0000] {processor.py:743} INFO - Processing file /opt/airflow/dags/boaz_simple_etl.py for tasks to queue
[2024-02-29T08:51:28.961+0000] {logging_mixin.py:137} INFO - [2024-02-29T08:51:28.961+0000] {dagbag.py:538} INFO - Filling up the DagBag from /opt/airflow/dags/boaz_simple_etl.py
[2024-02-29T08:51:29.045+0000] {processor.py:753} INFO - DAG(s) dict_keys(['boaz_simple_etl']) retrieved from /opt/airflow/dags/boaz_simple_etl.py
[2024-02-29T08:51:29.058+0000] {logging_mixin.py:137} INFO - [2024-02-29T08:51:29.058+0000] {dag.py:2690} INFO - Sync 1 DAGs
[2024-02-29T08:51:29.069+0000] {logging_mixin.py:137} INFO - [2024-02-29T08:51:29.069+0000] {dag.py:3441} INFO - Setting next_dagrun for boaz_simple_etl to 2024-02-29T00:00:00+00:00, run_after=2024-03-01T00:00:00+00:00
[2024-02-29T08:51:29.076+0000] {processor.py:175} INFO - Processing /opt/airflow/dags/boaz_simple_etl.py took 0.122 seconds
[2024-02-29T08:51:59.326+0000] {processor.py:153} INFO - Started process (PID=1020) to work on /opt/airflow/dags/boaz_simple_etl.py
[2024-02-29T08:51:59.328+0000] {processor.py:743} INFO - Processing file /opt/airflow/dags/boaz_simple_etl.py for tasks to queue
[2024-02-29T08:51:59.329+0000] {logging_mixin.py:137} INFO - [2024-02-29T08:51:59.329+0000] {dagbag.py:538} INFO - Filling up the DagBag from /opt/airflow/dags/boaz_simple_etl.py
[2024-02-29T08:51:59.415+0000] {processor.py:753} INFO - DAG(s) dict_keys(['boaz_simple_etl']) retrieved from /opt/airflow/dags/boaz_simple_etl.py
[2024-02-29T08:51:59.428+0000] {logging_mixin.py:137} INFO - [2024-02-29T08:51:59.428+0000] {dag.py:2690} INFO - Sync 1 DAGs
[2024-02-29T08:51:59.439+0000] {logging_mixin.py:137} INFO - [2024-02-29T08:51:59.439+0000] {dag.py:3441} INFO - Setting next_dagrun for boaz_simple_etl to 2024-02-29T00:00:00+00:00, run_after=2024-03-01T00:00:00+00:00
[2024-02-29T08:51:59.447+0000] {processor.py:175} INFO - Processing /opt/airflow/dags/boaz_simple_etl.py took 0.127 seconds
[2024-02-29T08:52:29.690+0000] {processor.py:153} INFO - Started process (PID=1113) to work on /opt/airflow/dags/boaz_simple_etl.py
[2024-02-29T08:52:29.691+0000] {processor.py:743} INFO - Processing file /opt/airflow/dags/boaz_simple_etl.py for tasks to queue
[2024-02-29T08:52:29.691+0000] {logging_mixin.py:137} INFO - [2024-02-29T08:52:29.691+0000] {dagbag.py:538} INFO - Filling up the DagBag from /opt/airflow/dags/boaz_simple_etl.py
[2024-02-29T08:52:29.755+0000] {processor.py:753} INFO - DAG(s) dict_keys(['boaz_simple_etl']) retrieved from /opt/airflow/dags/boaz_simple_etl.py
[2024-02-29T08:52:29.771+0000] {logging_mixin.py:137} INFO - [2024-02-29T08:52:29.770+0000] {dag.py:2690} INFO - Sync 1 DAGs
[2024-02-29T08:52:29.782+0000] {logging_mixin.py:137} INFO - [2024-02-29T08:52:29.782+0000] {dag.py:3441} INFO - Setting next_dagrun for boaz_simple_etl to 2024-02-29T00:00:00+00:00, run_after=2024-03-01T00:00:00+00:00
[2024-02-29T08:52:29.791+0000] {processor.py:175} INFO - Processing /opt/airflow/dags/boaz_simple_etl.py took 0.103 seconds
[2024-02-29T08:53:00.012+0000] {processor.py:153} INFO - Started process (PID=1206) to work on /opt/airflow/dags/boaz_simple_etl.py
[2024-02-29T08:53:00.014+0000] {processor.py:743} INFO - Processing file /opt/airflow/dags/boaz_simple_etl.py for tasks to queue
[2024-02-29T08:53:00.016+0000] {logging_mixin.py:137} INFO - [2024-02-29T08:53:00.016+0000] {dagbag.py:538} INFO - Filling up the DagBag from /opt/airflow/dags/boaz_simple_etl.py
[2024-02-29T08:53:00.099+0000] {processor.py:753} INFO - DAG(s) dict_keys(['boaz_simple_etl']) retrieved from /opt/airflow/dags/boaz_simple_etl.py
[2024-02-29T08:53:00.112+0000] {logging_mixin.py:137} INFO - [2024-02-29T08:53:00.112+0000] {dag.py:2690} INFO - Sync 1 DAGs
[2024-02-29T08:53:00.123+0000] {logging_mixin.py:137} INFO - [2024-02-29T08:53:00.123+0000] {dag.py:3441} INFO - Setting next_dagrun for boaz_simple_etl to 2024-02-29T00:00:00+00:00, run_after=2024-03-01T00:00:00+00:00
[2024-02-29T08:53:00.130+0000] {processor.py:175} INFO - Processing /opt/airflow/dags/boaz_simple_etl.py took 0.124 seconds
[2024-02-29T08:53:30.419+0000] {processor.py:153} INFO - Started process (PID=1300) to work on /opt/airflow/dags/boaz_simple_etl.py
[2024-02-29T08:53:30.420+0000] {processor.py:743} INFO - Processing file /opt/airflow/dags/boaz_simple_etl.py for tasks to queue
[2024-02-29T08:53:30.420+0000] {logging_mixin.py:137} INFO - [2024-02-29T08:53:30.420+0000] {dagbag.py:538} INFO - Filling up the DagBag from /opt/airflow/dags/boaz_simple_etl.py
[2024-02-29T08:53:30.487+0000] {processor.py:753} INFO - DAG(s) dict_keys(['boaz_simple_etl']) retrieved from /opt/airflow/dags/boaz_simple_etl.py
[2024-02-29T08:53:30.500+0000] {logging_mixin.py:137} INFO - [2024-02-29T08:53:30.500+0000] {dag.py:2690} INFO - Sync 1 DAGs
[2024-02-29T08:53:30.511+0000] {logging_mixin.py:137} INFO - [2024-02-29T08:53:30.511+0000] {dag.py:3441} INFO - Setting next_dagrun for boaz_simple_etl to 2024-02-29T00:00:00+00:00, run_after=2024-03-01T00:00:00+00:00
[2024-02-29T08:53:30.520+0000] {processor.py:175} INFO - Processing /opt/airflow/dags/boaz_simple_etl.py took 0.103 seconds
[2024-02-29T08:54:00.810+0000] {processor.py:153} INFO - Started process (PID=1376) to work on /opt/airflow/dags/boaz_simple_etl.py
[2024-02-29T08:54:00.812+0000] {processor.py:743} INFO - Processing file /opt/airflow/dags/boaz_simple_etl.py for tasks to queue
[2024-02-29T08:54:00.813+0000] {logging_mixin.py:137} INFO - [2024-02-29T08:54:00.813+0000] {dagbag.py:538} INFO - Filling up the DagBag from /opt/airflow/dags/boaz_simple_etl.py
[2024-02-29T08:54:00.898+0000] {processor.py:753} INFO - DAG(s) dict_keys(['boaz_simple_etl']) retrieved from /opt/airflow/dags/boaz_simple_etl.py
[2024-02-29T08:54:00.911+0000] {logging_mixin.py:137} INFO - [2024-02-29T08:54:00.911+0000] {dag.py:2690} INFO - Sync 1 DAGs
[2024-02-29T08:54:00.922+0000] {logging_mixin.py:137} INFO - [2024-02-29T08:54:00.922+0000] {dag.py:3441} INFO - Setting next_dagrun for boaz_simple_etl to 2024-02-29T00:00:00+00:00, run_after=2024-03-01T00:00:00+00:00
[2024-02-29T08:54:00.930+0000] {processor.py:175} INFO - Processing /opt/airflow/dags/boaz_simple_etl.py took 0.126 seconds
[2024-02-29T08:54:31.220+0000] {processor.py:153} INFO - Started process (PID=1470) to work on /opt/airflow/dags/boaz_simple_etl.py
[2024-02-29T08:54:31.222+0000] {processor.py:743} INFO - Processing file /opt/airflow/dags/boaz_simple_etl.py for tasks to queue
[2024-02-29T08:54:31.223+0000] {logging_mixin.py:137} INFO - [2024-02-29T08:54:31.223+0000] {dagbag.py:538} INFO - Filling up the DagBag from /opt/airflow/dags/boaz_simple_etl.py
[2024-02-29T08:54:31.307+0000] {processor.py:753} INFO - DAG(s) dict_keys(['boaz_simple_etl']) retrieved from /opt/airflow/dags/boaz_simple_etl.py
[2024-02-29T08:54:31.321+0000] {logging_mixin.py:137} INFO - [2024-02-29T08:54:31.320+0000] {dag.py:2690} INFO - Sync 1 DAGs
[2024-02-29T08:54:31.332+0000] {logging_mixin.py:137} INFO - [2024-02-29T08:54:31.332+0000] {dag.py:3441} INFO - Setting next_dagrun for boaz_simple_etl to 2024-02-29T00:00:00+00:00, run_after=2024-03-01T00:00:00+00:00
[2024-02-29T08:54:31.339+0000] {processor.py:175} INFO - Processing /opt/airflow/dags/boaz_simple_etl.py took 0.125 seconds
[2024-02-29T08:55:01.679+0000] {processor.py:153} INFO - Started process (PID=1564) to work on /opt/airflow/dags/boaz_simple_etl.py
[2024-02-29T08:55:01.679+0000] {processor.py:743} INFO - Processing file /opt/airflow/dags/boaz_simple_etl.py for tasks to queue
[2024-02-29T08:55:01.680+0000] {logging_mixin.py:137} INFO - [2024-02-29T08:55:01.679+0000] {dagbag.py:538} INFO - Filling up the DagBag from /opt/airflow/dags/boaz_simple_etl.py
[2024-02-29T08:55:01.741+0000] {processor.py:753} INFO - DAG(s) dict_keys(['boaz_simple_etl']) retrieved from /opt/airflow/dags/boaz_simple_etl.py
[2024-02-29T08:55:01.754+0000] {logging_mixin.py:137} INFO - [2024-02-29T08:55:01.754+0000] {dag.py:2690} INFO - Sync 1 DAGs
[2024-02-29T08:55:01.765+0000] {logging_mixin.py:137} INFO - [2024-02-29T08:55:01.765+0000] {dag.py:3441} INFO - Setting next_dagrun for boaz_simple_etl to 2024-02-29T00:00:00+00:00, run_after=2024-03-01T00:00:00+00:00
[2024-02-29T08:55:01.773+0000] {processor.py:175} INFO - Processing /opt/airflow/dags/boaz_simple_etl.py took 0.096 seconds
[2024-02-29T08:55:32.127+0000] {processor.py:153} INFO - Started process (PID=1657) to work on /opt/airflow/dags/boaz_simple_etl.py
[2024-02-29T08:55:32.132+0000] {processor.py:743} INFO - Processing file /opt/airflow/dags/boaz_simple_etl.py for tasks to queue
[2024-02-29T08:55:32.132+0000] {logging_mixin.py:137} INFO - [2024-02-29T08:55:32.132+0000] {dagbag.py:538} INFO - Filling up the DagBag from /opt/airflow/dags/boaz_simple_etl.py
[2024-02-29T08:55:32.200+0000] {processor.py:753} INFO - DAG(s) dict_keys(['boaz_simple_etl']) retrieved from /opt/airflow/dags/boaz_simple_etl.py
[2024-02-29T08:55:32.216+0000] {logging_mixin.py:137} INFO - [2024-02-29T08:55:32.215+0000] {dag.py:2690} INFO - Sync 1 DAGs
[2024-02-29T08:55:32.227+0000] {logging_mixin.py:137} INFO - [2024-02-29T08:55:32.227+0000] {dag.py:3441} INFO - Setting next_dagrun for boaz_simple_etl to 2024-02-29T00:00:00+00:00, run_after=2024-03-01T00:00:00+00:00
[2024-02-29T08:55:32.235+0000] {processor.py:175} INFO - Processing /opt/airflow/dags/boaz_simple_etl.py took 0.110 seconds
[2024-02-29T08:56:02.435+0000] {processor.py:153} INFO - Started process (PID=1733) to work on /opt/airflow/dags/boaz_simple_etl.py
[2024-02-29T08:56:02.436+0000] {processor.py:743} INFO - Processing file /opt/airflow/dags/boaz_simple_etl.py for tasks to queue
[2024-02-29T08:56:02.437+0000] {logging_mixin.py:137} INFO - [2024-02-29T08:56:02.437+0000] {dagbag.py:538} INFO - Filling up the DagBag from /opt/airflow/dags/boaz_simple_etl.py
[2024-02-29T08:56:02.508+0000] {processor.py:753} INFO - DAG(s) dict_keys(['boaz_simple_etl']) retrieved from /opt/airflow/dags/boaz_simple_etl.py
[2024-02-29T08:56:02.521+0000] {logging_mixin.py:137} INFO - [2024-02-29T08:56:02.521+0000] {dag.py:2690} INFO - Sync 1 DAGs
[2024-02-29T08:56:02.532+0000] {logging_mixin.py:137} INFO - [2024-02-29T08:56:02.532+0000] {dag.py:3441} INFO - Setting next_dagrun for boaz_simple_etl to 2024-02-29T00:00:00+00:00, run_after=2024-03-01T00:00:00+00:00
[2024-02-29T08:56:02.541+0000] {processor.py:175} INFO - Processing /opt/airflow/dags/boaz_simple_etl.py took 0.110 seconds
[2024-02-29T08:56:32.871+0000] {processor.py:153} INFO - Started process (PID=1827) to work on /opt/airflow/dags/boaz_simple_etl.py
[2024-02-29T08:56:32.872+0000] {processor.py:743} INFO - Processing file /opt/airflow/dags/boaz_simple_etl.py for tasks to queue
[2024-02-29T08:56:32.873+0000] {logging_mixin.py:137} INFO - [2024-02-29T08:56:32.873+0000] {dagbag.py:538} INFO - Filling up the DagBag from /opt/airflow/dags/boaz_simple_etl.py
[2024-02-29T08:56:32.953+0000] {processor.py:753} INFO - DAG(s) dict_keys(['boaz_simple_etl']) retrieved from /opt/airflow/dags/boaz_simple_etl.py
[2024-02-29T08:56:32.966+0000] {logging_mixin.py:137} INFO - [2024-02-29T08:56:32.966+0000] {dag.py:2690} INFO - Sync 1 DAGs
[2024-02-29T08:56:32.977+0000] {logging_mixin.py:137} INFO - [2024-02-29T08:56:32.977+0000] {dag.py:3441} INFO - Setting next_dagrun for boaz_simple_etl to 2024-02-29T00:00:00+00:00, run_after=2024-03-01T00:00:00+00:00
[2024-02-29T08:56:32.985+0000] {processor.py:175} INFO - Processing /opt/airflow/dags/boaz_simple_etl.py took 0.120 seconds
[2024-02-29T08:57:03.295+0000] {processor.py:153} INFO - Started process (PID=1921) to work on /opt/airflow/dags/boaz_simple_etl.py
[2024-02-29T08:57:03.297+0000] {processor.py:743} INFO - Processing file /opt/airflow/dags/boaz_simple_etl.py for tasks to queue
[2024-02-29T08:57:03.298+0000] {logging_mixin.py:137} INFO - [2024-02-29T08:57:03.298+0000] {dagbag.py:538} INFO - Filling up the DagBag from /opt/airflow/dags/boaz_simple_etl.py
[2024-02-29T08:57:03.382+0000] {processor.py:753} INFO - DAG(s) dict_keys(['boaz_simple_etl']) retrieved from /opt/airflow/dags/boaz_simple_etl.py
[2024-02-29T08:57:03.395+0000] {logging_mixin.py:137} INFO - [2024-02-29T08:57:03.395+0000] {dag.py:2690} INFO - Sync 1 DAGs
[2024-02-29T08:57:03.406+0000] {logging_mixin.py:137} INFO - [2024-02-29T08:57:03.406+0000] {dag.py:3441} INFO - Setting next_dagrun for boaz_simple_etl to 2024-02-29T00:00:00+00:00, run_after=2024-03-01T00:00:00+00:00
[2024-02-29T08:57:03.414+0000] {processor.py:175} INFO - Processing /opt/airflow/dags/boaz_simple_etl.py took 0.124 seconds
[2024-02-29T08:57:33.676+0000] {processor.py:153} INFO - Started process (PID=2015) to work on /opt/airflow/dags/boaz_simple_etl.py
[2024-02-29T08:57:33.677+0000] {processor.py:743} INFO - Processing file /opt/airflow/dags/boaz_simple_etl.py for tasks to queue
[2024-02-29T08:57:33.677+0000] {logging_mixin.py:137} INFO - [2024-02-29T08:57:33.677+0000] {dagbag.py:538} INFO - Filling up the DagBag from /opt/airflow/dags/boaz_simple_etl.py
[2024-02-29T08:57:33.744+0000] {processor.py:753} INFO - DAG(s) dict_keys(['boaz_simple_etl']) retrieved from /opt/airflow/dags/boaz_simple_etl.py
[2024-02-29T08:57:33.760+0000] {logging_mixin.py:137} INFO - [2024-02-29T08:57:33.760+0000] {dag.py:2690} INFO - Sync 1 DAGs
[2024-02-29T08:57:33.775+0000] {logging_mixin.py:137} INFO - [2024-02-29T08:57:33.775+0000] {dag.py:3441} INFO - Setting next_dagrun for boaz_simple_etl to 2024-02-29T00:00:00+00:00, run_after=2024-03-01T00:00:00+00:00
[2024-02-29T08:57:33.784+0000] {processor.py:175} INFO - Processing /opt/airflow/dags/boaz_simple_etl.py took 0.109 seconds
[2024-02-29T08:58:04.265+0000] {processor.py:153} INFO - Started process (PID=2091) to work on /opt/airflow/dags/boaz_simple_etl.py
[2024-02-29T08:58:04.267+0000] {processor.py:743} INFO - Processing file /opt/airflow/dags/boaz_simple_etl.py for tasks to queue
[2024-02-29T08:58:04.269+0000] {logging_mixin.py:137} INFO - [2024-02-29T08:58:04.268+0000] {dagbag.py:538} INFO - Filling up the DagBag from /opt/airflow/dags/boaz_simple_etl.py
[2024-02-29T08:58:04.354+0000] {processor.py:753} INFO - DAG(s) dict_keys(['boaz_simple_etl']) retrieved from /opt/airflow/dags/boaz_simple_etl.py
[2024-02-29T08:58:04.367+0000] {logging_mixin.py:137} INFO - [2024-02-29T08:58:04.366+0000] {dag.py:2690} INFO - Sync 1 DAGs
[2024-02-29T08:58:04.379+0000] {logging_mixin.py:137} INFO - [2024-02-29T08:58:04.379+0000] {dag.py:3441} INFO - Setting next_dagrun for boaz_simple_etl to 2024-02-29T00:00:00+00:00, run_after=2024-03-01T00:00:00+00:00
[2024-02-29T08:58:04.388+0000] {processor.py:175} INFO - Processing /opt/airflow/dags/boaz_simple_etl.py took 0.129 seconds
[2024-02-29T08:58:34.741+0000] {processor.py:153} INFO - Started process (PID=2185) to work on /opt/airflow/dags/boaz_simple_etl.py
[2024-02-29T08:58:34.743+0000] {processor.py:743} INFO - Processing file /opt/airflow/dags/boaz_simple_etl.py for tasks to queue
[2024-02-29T08:58:34.744+0000] {logging_mixin.py:137} INFO - [2024-02-29T08:58:34.744+0000] {dagbag.py:538} INFO - Filling up the DagBag from /opt/airflow/dags/boaz_simple_etl.py
[2024-02-29T08:58:34.826+0000] {processor.py:753} INFO - DAG(s) dict_keys(['boaz_simple_etl']) retrieved from /opt/airflow/dags/boaz_simple_etl.py
[2024-02-29T08:58:34.841+0000] {logging_mixin.py:137} INFO - [2024-02-29T08:58:34.840+0000] {dag.py:2690} INFO - Sync 1 DAGs
[2024-02-29T08:58:34.853+0000] {logging_mixin.py:137} INFO - [2024-02-29T08:58:34.853+0000] {dag.py:3441} INFO - Setting next_dagrun for boaz_simple_etl to 2024-02-29T00:00:00+00:00, run_after=2024-03-01T00:00:00+00:00
[2024-02-29T08:58:34.861+0000] {processor.py:175} INFO - Processing /opt/airflow/dags/boaz_simple_etl.py took 0.125 seconds
[2024-02-29T08:59:05.134+0000] {processor.py:153} INFO - Started process (PID=2278) to work on /opt/airflow/dags/boaz_simple_etl.py
[2024-02-29T08:59:05.138+0000] {processor.py:743} INFO - Processing file /opt/airflow/dags/boaz_simple_etl.py for tasks to queue
[2024-02-29T08:59:05.139+0000] {logging_mixin.py:137} INFO - [2024-02-29T08:59:05.139+0000] {dagbag.py:538} INFO - Filling up the DagBag from /opt/airflow/dags/boaz_simple_etl.py
[2024-02-29T08:59:05.220+0000] {processor.py:753} INFO - DAG(s) dict_keys(['boaz_simple_etl']) retrieved from /opt/airflow/dags/boaz_simple_etl.py
[2024-02-29T08:59:05.233+0000] {logging_mixin.py:137} INFO - [2024-02-29T08:59:05.233+0000] {dag.py:2690} INFO - Sync 1 DAGs
[2024-02-29T08:59:05.244+0000] {logging_mixin.py:137} INFO - [2024-02-29T08:59:05.244+0000] {dag.py:3441} INFO - Setting next_dagrun for boaz_simple_etl to 2024-02-29T00:00:00+00:00, run_after=2024-03-01T00:00:00+00:00
[2024-02-29T08:59:05.252+0000] {processor.py:175} INFO - Processing /opt/airflow/dags/boaz_simple_etl.py took 0.124 seconds
[2024-02-29T08:59:35.525+0000] {processor.py:153} INFO - Started process (PID=2363) to work on /opt/airflow/dags/boaz_simple_etl.py
[2024-02-29T08:59:35.525+0000] {processor.py:743} INFO - Processing file /opt/airflow/dags/boaz_simple_etl.py for tasks to queue
[2024-02-29T08:59:35.526+0000] {logging_mixin.py:137} INFO - [2024-02-29T08:59:35.526+0000] {dagbag.py:538} INFO - Filling up the DagBag from /opt/airflow/dags/boaz_simple_etl.py
[2024-02-29T08:59:35.610+0000] {processor.py:753} INFO - DAG(s) dict_keys(['boaz_simple_etl']) retrieved from /opt/airflow/dags/boaz_simple_etl.py
[2024-02-29T08:59:35.648+0000] {logging_mixin.py:137} INFO - [2024-02-29T08:59:35.648+0000] {dag.py:2690} INFO - Sync 1 DAGs
[2024-02-29T08:59:35.662+0000] {logging_mixin.py:137} INFO - [2024-02-29T08:59:35.662+0000] {dag.py:3441} INFO - Setting next_dagrun for boaz_simple_etl to 2024-02-29T00:00:00+00:00, run_after=2024-03-01T00:00:00+00:00
[2024-02-29T08:59:35.671+0000] {processor.py:175} INFO - Processing /opt/airflow/dags/boaz_simple_etl.py took 0.148 seconds
[2024-02-29T09:00:06.334+0000] {processor.py:153} INFO - Started process (PID=2448) to work on /opt/airflow/dags/boaz_simple_etl.py
[2024-02-29T09:00:06.336+0000] {processor.py:743} INFO - Processing file /opt/airflow/dags/boaz_simple_etl.py for tasks to queue
[2024-02-29T09:00:06.338+0000] {logging_mixin.py:137} INFO - [2024-02-29T09:00:06.338+0000] {dagbag.py:538} INFO - Filling up the DagBag from /opt/airflow/dags/boaz_simple_etl.py
[2024-02-29T09:00:06.431+0000] {processor.py:753} INFO - DAG(s) dict_keys(['boaz_simple_etl']) retrieved from /opt/airflow/dags/boaz_simple_etl.py
[2024-02-29T09:00:06.446+0000] {logging_mixin.py:137} INFO - [2024-02-29T09:00:06.446+0000] {dag.py:2690} INFO - Sync 1 DAGs
[2024-02-29T09:00:06.458+0000] {logging_mixin.py:137} INFO - [2024-02-29T09:00:06.458+0000] {dag.py:3441} INFO - Setting next_dagrun for boaz_simple_etl to 2024-02-29T00:00:00+00:00, run_after=2024-03-01T00:00:00+00:00
[2024-02-29T09:00:06.467+0000] {processor.py:175} INFO - Processing /opt/airflow/dags/boaz_simple_etl.py took 0.140 seconds
[2024-02-29T09:00:36.892+0000] {processor.py:153} INFO - Started process (PID=2542) to work on /opt/airflow/dags/boaz_simple_etl.py
[2024-02-29T09:00:36.895+0000] {processor.py:743} INFO - Processing file /opt/airflow/dags/boaz_simple_etl.py for tasks to queue
[2024-02-29T09:00:36.896+0000] {logging_mixin.py:137} INFO - [2024-02-29T09:00:36.896+0000] {dagbag.py:538} INFO - Filling up the DagBag from /opt/airflow/dags/boaz_simple_etl.py
[2024-02-29T09:00:36.982+0000] {processor.py:753} INFO - DAG(s) dict_keys(['boaz_simple_etl']) retrieved from /opt/airflow/dags/boaz_simple_etl.py
[2024-02-29T09:00:36.995+0000] {logging_mixin.py:137} INFO - [2024-02-29T09:00:36.995+0000] {dag.py:2690} INFO - Sync 1 DAGs
[2024-02-29T09:00:37.007+0000] {logging_mixin.py:137} INFO - [2024-02-29T09:00:37.007+0000] {dag.py:3441} INFO - Setting next_dagrun for boaz_simple_etl to 2024-02-29T00:00:00+00:00, run_after=2024-03-01T00:00:00+00:00
[2024-02-29T09:00:37.014+0000] {processor.py:175} INFO - Processing /opt/airflow/dags/boaz_simple_etl.py took 0.128 seconds
[2024-02-29T09:01:07.311+0000] {processor.py:153} INFO - Started process (PID=2636) to work on /opt/airflow/dags/boaz_simple_etl.py
[2024-02-29T09:01:07.312+0000] {processor.py:743} INFO - Processing file /opt/airflow/dags/boaz_simple_etl.py for tasks to queue
[2024-02-29T09:01:07.313+0000] {logging_mixin.py:137} INFO - [2024-02-29T09:01:07.313+0000] {dagbag.py:538} INFO - Filling up the DagBag from /opt/airflow/dags/boaz_simple_etl.py
[2024-02-29T09:01:07.407+0000] {processor.py:753} INFO - DAG(s) dict_keys(['boaz_simple_etl']) retrieved from /opt/airflow/dags/boaz_simple_etl.py
[2024-02-29T09:01:07.424+0000] {logging_mixin.py:137} INFO - [2024-02-29T09:01:07.424+0000] {dag.py:2690} INFO - Sync 1 DAGs
[2024-02-29T09:01:07.437+0000] {logging_mixin.py:137} INFO - [2024-02-29T09:01:07.436+0000] {dag.py:3441} INFO - Setting next_dagrun for boaz_simple_etl to 2024-02-29T00:00:00+00:00, run_after=2024-03-01T00:00:00+00:00
[2024-02-29T09:01:07.446+0000] {processor.py:175} INFO - Processing /opt/airflow/dags/boaz_simple_etl.py took 0.140 seconds
[2024-02-29T09:01:37.984+0000] {processor.py:153} INFO - Started process (PID=2712) to work on /opt/airflow/dags/boaz_simple_etl.py
[2024-02-29T09:01:37.986+0000] {processor.py:743} INFO - Processing file /opt/airflow/dags/boaz_simple_etl.py for tasks to queue
[2024-02-29T09:01:37.987+0000] {logging_mixin.py:137} INFO - [2024-02-29T09:01:37.987+0000] {dagbag.py:538} INFO - Filling up the DagBag from /opt/airflow/dags/boaz_simple_etl.py
[2024-02-29T09:01:38.080+0000] {processor.py:753} INFO - DAG(s) dict_keys(['boaz_simple_etl']) retrieved from /opt/airflow/dags/boaz_simple_etl.py
[2024-02-29T09:01:38.094+0000] {logging_mixin.py:137} INFO - [2024-02-29T09:01:38.093+0000] {dag.py:2690} INFO - Sync 1 DAGs
[2024-02-29T09:01:38.105+0000] {logging_mixin.py:137} INFO - [2024-02-29T09:01:38.105+0000] {dag.py:3441} INFO - Setting next_dagrun for boaz_simple_etl to 2024-02-29T00:00:00+00:00, run_after=2024-03-01T00:00:00+00:00
[2024-02-29T09:01:38.113+0000] {processor.py:175} INFO - Processing /opt/airflow/dags/boaz_simple_etl.py took 0.138 seconds
[2024-02-29T09:02:08.497+0000] {processor.py:153} INFO - Started process (PID=2805) to work on /opt/airflow/dags/boaz_simple_etl.py
[2024-02-29T09:02:08.500+0000] {processor.py:743} INFO - Processing file /opt/airflow/dags/boaz_simple_etl.py for tasks to queue
[2024-02-29T09:02:08.502+0000] {logging_mixin.py:137} INFO - [2024-02-29T09:02:08.501+0000] {dagbag.py:538} INFO - Filling up the DagBag from /opt/airflow/dags/boaz_simple_etl.py
[2024-02-29T09:02:08.593+0000] {processor.py:753} INFO - DAG(s) dict_keys(['boaz_simple_etl']) retrieved from /opt/airflow/dags/boaz_simple_etl.py
[2024-02-29T09:02:08.606+0000] {logging_mixin.py:137} INFO - [2024-02-29T09:02:08.606+0000] {dag.py:2690} INFO - Sync 1 DAGs
[2024-02-29T09:02:08.617+0000] {logging_mixin.py:137} INFO - [2024-02-29T09:02:08.617+0000] {dag.py:3441} INFO - Setting next_dagrun for boaz_simple_etl to 2024-02-29T00:00:00+00:00, run_after=2024-03-01T00:00:00+00:00
[2024-02-29T09:02:08.625+0000] {processor.py:175} INFO - Processing /opt/airflow/dags/boaz_simple_etl.py took 0.136 seconds
[2024-02-29T09:02:39.015+0000] {processor.py:153} INFO - Started process (PID=2899) to work on /opt/airflow/dags/boaz_simple_etl.py
[2024-02-29T09:02:39.017+0000] {processor.py:743} INFO - Processing file /opt/airflow/dags/boaz_simple_etl.py for tasks to queue
[2024-02-29T09:02:39.019+0000] {logging_mixin.py:137} INFO - [2024-02-29T09:02:39.018+0000] {dagbag.py:538} INFO - Filling up the DagBag from /opt/airflow/dags/boaz_simple_etl.py
[2024-02-29T09:02:39.108+0000] {processor.py:753} INFO - DAG(s) dict_keys(['boaz_simple_etl']) retrieved from /opt/airflow/dags/boaz_simple_etl.py
[2024-02-29T09:02:39.122+0000] {logging_mixin.py:137} INFO - [2024-02-29T09:02:39.122+0000] {dag.py:2690} INFO - Sync 1 DAGs
[2024-02-29T09:02:39.133+0000] {logging_mixin.py:137} INFO - [2024-02-29T09:02:39.133+0000] {dag.py:3441} INFO - Setting next_dagrun for boaz_simple_etl to 2024-02-29T00:00:00+00:00, run_after=2024-03-01T00:00:00+00:00
[2024-02-29T09:02:39.141+0000] {processor.py:175} INFO - Processing /opt/airflow/dags/boaz_simple_etl.py took 0.134 seconds
[2024-02-29T09:03:09.513+0000] {processor.py:153} INFO - Started process (PID=2992) to work on /opt/airflow/dags/boaz_simple_etl.py
[2024-02-29T09:03:09.515+0000] {processor.py:743} INFO - Processing file /opt/airflow/dags/boaz_simple_etl.py for tasks to queue
[2024-02-29T09:03:09.516+0000] {logging_mixin.py:137} INFO - [2024-02-29T09:03:09.515+0000] {dagbag.py:538} INFO - Filling up the DagBag from /opt/airflow/dags/boaz_simple_etl.py
[2024-02-29T09:03:09.600+0000] {processor.py:753} INFO - DAG(s) dict_keys(['boaz_simple_etl']) retrieved from /opt/airflow/dags/boaz_simple_etl.py
[2024-02-29T09:03:09.615+0000] {logging_mixin.py:137} INFO - [2024-02-29T09:03:09.615+0000] {dag.py:2690} INFO - Sync 1 DAGs
[2024-02-29T09:03:09.628+0000] {logging_mixin.py:137} INFO - [2024-02-29T09:03:09.628+0000] {dag.py:3441} INFO - Setting next_dagrun for boaz_simple_etl to 2024-02-29T00:00:00+00:00, run_after=2024-03-01T00:00:00+00:00
[2024-02-29T09:03:09.637+0000] {processor.py:175} INFO - Processing /opt/airflow/dags/boaz_simple_etl.py took 0.127 seconds
