[2024-03-05T12:19:23.980+0000] {processor.py:153} INFO - Started process (PID=65) to work on /home/airflow/.local/lib/python3.7/site-packages/airflow/example_dags/example_short_circuit_operator.py
[2024-03-05T12:19:23.981+0000] {processor.py:743} INFO - Processing file /home/airflow/.local/lib/python3.7/site-packages/airflow/example_dags/example_short_circuit_operator.py for tasks to queue
[2024-03-05T12:19:23.982+0000] {logging_mixin.py:137} INFO - [2024-03-05T12:19:23.982+0000] {dagbag.py:538} INFO - Filling up the DagBag from /home/airflow/.local/lib/python3.7/site-packages/airflow/example_dags/example_short_circuit_operator.py
[2024-03-05T12:19:23.994+0000] {processor.py:753} INFO - DAG(s) dict_keys(['example_short_circuit_operator']) retrieved from /home/airflow/.local/lib/python3.7/site-packages/airflow/example_dags/example_short_circuit_operator.py
[2024-03-05T12:19:24.012+0000] {logging_mixin.py:137} INFO - [2024-03-05T12:19:24.012+0000] {dag.py:2690} INFO - Sync 1 DAGs
[2024-03-05T12:19:24.028+0000] {logging_mixin.py:137} INFO - [2024-03-05T12:19:24.028+0000] {dag.py:3441} INFO - Setting next_dagrun for example_short_circuit_operator to 2024-03-04T12:19:24.028009+00:00, run_after=2024-03-05T12:19:24.028009+00:00
[2024-03-05T12:19:24.038+0000] {processor.py:175} INFO - Processing /home/airflow/.local/lib/python3.7/site-packages/airflow/example_dags/example_short_circuit_operator.py took 0.061 seconds
[2024-03-05T12:19:54.536+0000] {processor.py:153} INFO - Started process (PID=167) to work on /home/airflow/.local/lib/python3.7/site-packages/airflow/example_dags/example_short_circuit_operator.py
[2024-03-05T12:19:54.537+0000] {processor.py:743} INFO - Processing file /home/airflow/.local/lib/python3.7/site-packages/airflow/example_dags/example_short_circuit_operator.py for tasks to queue
[2024-03-05T12:19:54.537+0000] {logging_mixin.py:137} INFO - [2024-03-05T12:19:54.537+0000] {dagbag.py:538} INFO - Filling up the DagBag from /home/airflow/.local/lib/python3.7/site-packages/airflow/example_dags/example_short_circuit_operator.py
[2024-03-05T12:19:54.544+0000] {processor.py:753} INFO - DAG(s) dict_keys(['example_short_circuit_operator']) retrieved from /home/airflow/.local/lib/python3.7/site-packages/airflow/example_dags/example_short_circuit_operator.py
[2024-03-05T12:19:54.557+0000] {logging_mixin.py:137} INFO - [2024-03-05T12:19:54.557+0000] {dag.py:2690} INFO - Sync 1 DAGs
[2024-03-05T12:19:54.569+0000] {logging_mixin.py:137} INFO - [2024-03-05T12:19:54.569+0000] {dag.py:3441} INFO - Setting next_dagrun for example_short_circuit_operator to 2024-03-04T12:19:54.569483+00:00, run_after=2024-03-05T12:19:54.569483+00:00
[2024-03-05T12:19:54.578+0000] {processor.py:175} INFO - Processing /home/airflow/.local/lib/python3.7/site-packages/airflow/example_dags/example_short_circuit_operator.py took 0.043 seconds
[2024-03-05T12:42:16.175+0000] {processor.py:153} INFO - Started process (PID=65) to work on /home/airflow/.local/lib/python3.7/site-packages/airflow/example_dags/example_short_circuit_operator.py
[2024-03-05T12:42:16.177+0000] {processor.py:743} INFO - Processing file /home/airflow/.local/lib/python3.7/site-packages/airflow/example_dags/example_short_circuit_operator.py for tasks to queue
[2024-03-05T12:42:16.179+0000] {logging_mixin.py:137} INFO - [2024-03-05T12:42:16.179+0000] {dagbag.py:538} INFO - Filling up the DagBag from /home/airflow/.local/lib/python3.7/site-packages/airflow/example_dags/example_short_circuit_operator.py
[2024-03-05T12:42:16.192+0000] {processor.py:753} INFO - DAG(s) dict_keys(['example_short_circuit_operator']) retrieved from /home/airflow/.local/lib/python3.7/site-packages/airflow/example_dags/example_short_circuit_operator.py
[2024-03-05T12:42:16.205+0000] {logging_mixin.py:137} INFO - [2024-03-05T12:42:16.205+0000] {dag.py:2690} INFO - Sync 1 DAGs
[2024-03-05T12:42:16.231+0000] {logging_mixin.py:137} INFO - [2024-03-05T12:42:16.231+0000] {dag.py:3441} INFO - Setting next_dagrun for example_short_circuit_operator to 2024-03-04T12:42:16.231475+00:00, run_after=2024-03-05T12:42:16.231475+00:00
[2024-03-05T12:42:16.249+0000] {processor.py:175} INFO - Processing /home/airflow/.local/lib/python3.7/site-packages/airflow/example_dags/example_short_circuit_operator.py took 0.077 seconds
[2024-03-05T12:42:46.363+0000] {processor.py:153} INFO - Started process (PID=159) to work on /home/airflow/.local/lib/python3.7/site-packages/airflow/example_dags/example_short_circuit_operator.py
[2024-03-05T12:42:46.363+0000] {processor.py:743} INFO - Processing file /home/airflow/.local/lib/python3.7/site-packages/airflow/example_dags/example_short_circuit_operator.py for tasks to queue
[2024-03-05T12:42:46.364+0000] {logging_mixin.py:137} INFO - [2024-03-05T12:42:46.364+0000] {dagbag.py:538} INFO - Filling up the DagBag from /home/airflow/.local/lib/python3.7/site-packages/airflow/example_dags/example_short_circuit_operator.py
[2024-03-05T12:42:46.374+0000] {processor.py:753} INFO - DAG(s) dict_keys(['example_short_circuit_operator']) retrieved from /home/airflow/.local/lib/python3.7/site-packages/airflow/example_dags/example_short_circuit_operator.py
[2024-03-05T12:42:46.390+0000] {logging_mixin.py:137} INFO - [2024-03-05T12:42:46.390+0000] {dag.py:2690} INFO - Sync 1 DAGs
[2024-03-05T12:42:46.404+0000] {logging_mixin.py:137} INFO - [2024-03-05T12:42:46.404+0000] {dag.py:3441} INFO - Setting next_dagrun for example_short_circuit_operator to 2024-03-04T12:42:46.403866+00:00, run_after=2024-03-05T12:42:46.403866+00:00
[2024-03-05T12:42:46.414+0000] {processor.py:175} INFO - Processing /home/airflow/.local/lib/python3.7/site-packages/airflow/example_dags/example_short_circuit_operator.py took 0.054 seconds
[2024-03-05T12:43:17.097+0000] {processor.py:153} INFO - Started process (PID=235) to work on /home/airflow/.local/lib/python3.7/site-packages/airflow/example_dags/example_short_circuit_operator.py
[2024-03-05T12:43:17.098+0000] {processor.py:743} INFO - Processing file /home/airflow/.local/lib/python3.7/site-packages/airflow/example_dags/example_short_circuit_operator.py for tasks to queue
[2024-03-05T12:43:17.098+0000] {logging_mixin.py:137} INFO - [2024-03-05T12:43:17.098+0000] {dagbag.py:538} INFO - Filling up the DagBag from /home/airflow/.local/lib/python3.7/site-packages/airflow/example_dags/example_short_circuit_operator.py
[2024-03-05T12:43:17.108+0000] {processor.py:753} INFO - DAG(s) dict_keys(['example_short_circuit_operator']) retrieved from /home/airflow/.local/lib/python3.7/site-packages/airflow/example_dags/example_short_circuit_operator.py
[2024-03-05T12:43:17.121+0000] {logging_mixin.py:137} INFO - [2024-03-05T12:43:17.121+0000] {dag.py:2690} INFO - Sync 1 DAGs
[2024-03-05T12:43:17.133+0000] {logging_mixin.py:137} INFO - [2024-03-05T12:43:17.133+0000] {dag.py:3441} INFO - Setting next_dagrun for example_short_circuit_operator to 2024-03-04T12:43:17.133460+00:00, run_after=2024-03-05T12:43:17.133460+00:00
[2024-03-05T12:43:17.142+0000] {processor.py:175} INFO - Processing /home/airflow/.local/lib/python3.7/site-packages/airflow/example_dags/example_short_circuit_operator.py took 0.047 seconds
[2024-03-05T12:43:47.908+0000] {processor.py:153} INFO - Started process (PID=329) to work on /home/airflow/.local/lib/python3.7/site-packages/airflow/example_dags/example_short_circuit_operator.py
[2024-03-05T12:43:47.909+0000] {processor.py:743} INFO - Processing file /home/airflow/.local/lib/python3.7/site-packages/airflow/example_dags/example_short_circuit_operator.py for tasks to queue
[2024-03-05T12:43:47.909+0000] {logging_mixin.py:137} INFO - [2024-03-05T12:43:47.909+0000] {dagbag.py:538} INFO - Filling up the DagBag from /home/airflow/.local/lib/python3.7/site-packages/airflow/example_dags/example_short_circuit_operator.py
[2024-03-05T12:43:47.917+0000] {processor.py:753} INFO - DAG(s) dict_keys(['example_short_circuit_operator']) retrieved from /home/airflow/.local/lib/python3.7/site-packages/airflow/example_dags/example_short_circuit_operator.py
[2024-03-05T12:43:47.931+0000] {logging_mixin.py:137} INFO - [2024-03-05T12:43:47.931+0000] {dag.py:2690} INFO - Sync 1 DAGs
[2024-03-05T12:43:47.944+0000] {logging_mixin.py:137} INFO - [2024-03-05T12:43:47.944+0000] {dag.py:3441} INFO - Setting next_dagrun for example_short_circuit_operator to 2024-03-04T12:43:47.944257+00:00, run_after=2024-03-05T12:43:47.944257+00:00
[2024-03-05T12:43:47.956+0000] {processor.py:175} INFO - Processing /home/airflow/.local/lib/python3.7/site-packages/airflow/example_dags/example_short_circuit_operator.py took 0.051 seconds
[2024-03-05T12:44:18.396+0000] {processor.py:153} INFO - Started process (PID=422) to work on /home/airflow/.local/lib/python3.7/site-packages/airflow/example_dags/example_short_circuit_operator.py
[2024-03-05T12:44:18.397+0000] {processor.py:743} INFO - Processing file /home/airflow/.local/lib/python3.7/site-packages/airflow/example_dags/example_short_circuit_operator.py for tasks to queue
[2024-03-05T12:44:18.397+0000] {logging_mixin.py:137} INFO - [2024-03-05T12:44:18.397+0000] {dagbag.py:538} INFO - Filling up the DagBag from /home/airflow/.local/lib/python3.7/site-packages/airflow/example_dags/example_short_circuit_operator.py
[2024-03-05T12:44:18.405+0000] {processor.py:753} INFO - DAG(s) dict_keys(['example_short_circuit_operator']) retrieved from /home/airflow/.local/lib/python3.7/site-packages/airflow/example_dags/example_short_circuit_operator.py
[2024-03-05T12:44:18.417+0000] {logging_mixin.py:137} INFO - [2024-03-05T12:44:18.416+0000] {dag.py:2690} INFO - Sync 1 DAGs
[2024-03-05T12:44:18.429+0000] {logging_mixin.py:137} INFO - [2024-03-05T12:44:18.429+0000] {dag.py:3441} INFO - Setting next_dagrun for example_short_circuit_operator to 2024-03-04T12:44:18.429292+00:00, run_after=2024-03-05T12:44:18.429292+00:00
[2024-03-05T12:44:18.437+0000] {processor.py:175} INFO - Processing /home/airflow/.local/lib/python3.7/site-packages/airflow/example_dags/example_short_circuit_operator.py took 0.042 seconds
[2024-03-05T12:44:49.075+0000] {processor.py:153} INFO - Started process (PID=516) to work on /home/airflow/.local/lib/python3.7/site-packages/airflow/example_dags/example_short_circuit_operator.py
[2024-03-05T12:44:49.076+0000] {processor.py:743} INFO - Processing file /home/airflow/.local/lib/python3.7/site-packages/airflow/example_dags/example_short_circuit_operator.py for tasks to queue
[2024-03-05T12:44:49.076+0000] {logging_mixin.py:137} INFO - [2024-03-05T12:44:49.076+0000] {dagbag.py:538} INFO - Filling up the DagBag from /home/airflow/.local/lib/python3.7/site-packages/airflow/example_dags/example_short_circuit_operator.py
[2024-03-05T12:44:49.084+0000] {processor.py:753} INFO - DAG(s) dict_keys(['example_short_circuit_operator']) retrieved from /home/airflow/.local/lib/python3.7/site-packages/airflow/example_dags/example_short_circuit_operator.py
[2024-03-05T12:44:49.097+0000] {logging_mixin.py:137} INFO - [2024-03-05T12:44:49.097+0000] {dag.py:2690} INFO - Sync 1 DAGs
[2024-03-05T12:44:49.109+0000] {logging_mixin.py:137} INFO - [2024-03-05T12:44:49.109+0000] {dag.py:3441} INFO - Setting next_dagrun for example_short_circuit_operator to 2024-03-04T12:44:49.108881+00:00, run_after=2024-03-05T12:44:49.108881+00:00
[2024-03-05T12:44:49.119+0000] {processor.py:175} INFO - Processing /home/airflow/.local/lib/python3.7/site-packages/airflow/example_dags/example_short_circuit_operator.py took 0.045 seconds
[2024-03-05T12:45:19.541+0000] {processor.py:153} INFO - Started process (PID=592) to work on /home/airflow/.local/lib/python3.7/site-packages/airflow/example_dags/example_short_circuit_operator.py
[2024-03-05T12:45:19.541+0000] {processor.py:743} INFO - Processing file /home/airflow/.local/lib/python3.7/site-packages/airflow/example_dags/example_short_circuit_operator.py for tasks to queue
[2024-03-05T12:45:19.542+0000] {logging_mixin.py:137} INFO - [2024-03-05T12:45:19.542+0000] {dagbag.py:538} INFO - Filling up the DagBag from /home/airflow/.local/lib/python3.7/site-packages/airflow/example_dags/example_short_circuit_operator.py
[2024-03-05T12:45:19.551+0000] {processor.py:753} INFO - DAG(s) dict_keys(['example_short_circuit_operator']) retrieved from /home/airflow/.local/lib/python3.7/site-packages/airflow/example_dags/example_short_circuit_operator.py
[2024-03-05T12:45:19.565+0000] {logging_mixin.py:137} INFO - [2024-03-05T12:45:19.565+0000] {dag.py:2690} INFO - Sync 1 DAGs
[2024-03-05T12:45:19.577+0000] {logging_mixin.py:137} INFO - [2024-03-05T12:45:19.577+0000] {dag.py:3441} INFO - Setting next_dagrun for example_short_circuit_operator to 2024-03-04T12:45:19.577449+00:00, run_after=2024-03-05T12:45:19.577449+00:00
[2024-03-05T12:45:19.589+0000] {processor.py:175} INFO - Processing /home/airflow/.local/lib/python3.7/site-packages/airflow/example_dags/example_short_circuit_operator.py took 0.050 seconds
[2024-03-05T12:45:50.083+0000] {processor.py:153} INFO - Started process (PID=686) to work on /home/airflow/.local/lib/python3.7/site-packages/airflow/example_dags/example_short_circuit_operator.py
[2024-03-05T12:45:50.083+0000] {processor.py:743} INFO - Processing file /home/airflow/.local/lib/python3.7/site-packages/airflow/example_dags/example_short_circuit_operator.py for tasks to queue
[2024-03-05T12:45:50.084+0000] {logging_mixin.py:137} INFO - [2024-03-05T12:45:50.084+0000] {dagbag.py:538} INFO - Filling up the DagBag from /home/airflow/.local/lib/python3.7/site-packages/airflow/example_dags/example_short_circuit_operator.py
[2024-03-05T12:45:50.092+0000] {processor.py:753} INFO - DAG(s) dict_keys(['example_short_circuit_operator']) retrieved from /home/airflow/.local/lib/python3.7/site-packages/airflow/example_dags/example_short_circuit_operator.py
[2024-03-05T12:45:50.104+0000] {logging_mixin.py:137} INFO - [2024-03-05T12:45:50.104+0000] {dag.py:2690} INFO - Sync 1 DAGs
[2024-03-05T12:45:50.116+0000] {logging_mixin.py:137} INFO - [2024-03-05T12:45:50.116+0000] {dag.py:3441} INFO - Setting next_dagrun for example_short_circuit_operator to 2024-03-04T12:45:50.116377+00:00, run_after=2024-03-05T12:45:50.116377+00:00
[2024-03-05T12:45:50.124+0000] {processor.py:175} INFO - Processing /home/airflow/.local/lib/python3.7/site-packages/airflow/example_dags/example_short_circuit_operator.py took 0.043 seconds
[2024-03-05T12:46:20.924+0000] {processor.py:153} INFO - Started process (PID=780) to work on /home/airflow/.local/lib/python3.7/site-packages/airflow/example_dags/example_short_circuit_operator.py
[2024-03-05T12:46:20.924+0000] {processor.py:743} INFO - Processing file /home/airflow/.local/lib/python3.7/site-packages/airflow/example_dags/example_short_circuit_operator.py for tasks to queue
[2024-03-05T12:46:20.925+0000] {logging_mixin.py:137} INFO - [2024-03-05T12:46:20.925+0000] {dagbag.py:538} INFO - Filling up the DagBag from /home/airflow/.local/lib/python3.7/site-packages/airflow/example_dags/example_short_circuit_operator.py
[2024-03-05T12:46:20.933+0000] {processor.py:753} INFO - DAG(s) dict_keys(['example_short_circuit_operator']) retrieved from /home/airflow/.local/lib/python3.7/site-packages/airflow/example_dags/example_short_circuit_operator.py
[2024-03-05T12:46:20.949+0000] {logging_mixin.py:137} INFO - [2024-03-05T12:46:20.949+0000] {dag.py:2690} INFO - Sync 1 DAGs
[2024-03-05T12:46:20.962+0000] {logging_mixin.py:137} INFO - [2024-03-05T12:46:20.962+0000] {dag.py:3441} INFO - Setting next_dagrun for example_short_circuit_operator to 2024-03-04T12:46:20.962076+00:00, run_after=2024-03-05T12:46:20.962076+00:00
[2024-03-05T12:46:20.974+0000] {processor.py:175} INFO - Processing /home/airflow/.local/lib/python3.7/site-packages/airflow/example_dags/example_short_circuit_operator.py took 0.051 seconds
[2024-03-05T12:46:51.523+0000] {processor.py:153} INFO - Started process (PID=862) to work on /home/airflow/.local/lib/python3.7/site-packages/airflow/example_dags/example_short_circuit_operator.py
[2024-03-05T12:46:51.524+0000] {processor.py:743} INFO - Processing file /home/airflow/.local/lib/python3.7/site-packages/airflow/example_dags/example_short_circuit_operator.py for tasks to queue
[2024-03-05T12:46:51.524+0000] {logging_mixin.py:137} INFO - [2024-03-05T12:46:51.524+0000] {dagbag.py:538} INFO - Filling up the DagBag from /home/airflow/.local/lib/python3.7/site-packages/airflow/example_dags/example_short_circuit_operator.py
[2024-03-05T12:46:51.532+0000] {processor.py:753} INFO - DAG(s) dict_keys(['example_short_circuit_operator']) retrieved from /home/airflow/.local/lib/python3.7/site-packages/airflow/example_dags/example_short_circuit_operator.py
[2024-03-05T12:46:51.545+0000] {logging_mixin.py:137} INFO - [2024-03-05T12:46:51.545+0000] {dag.py:2690} INFO - Sync 1 DAGs
[2024-03-05T12:46:51.556+0000] {logging_mixin.py:137} INFO - [2024-03-05T12:46:51.556+0000] {dag.py:3441} INFO - Setting next_dagrun for example_short_circuit_operator to 2024-03-04T12:46:51.556238+00:00, run_after=2024-03-05T12:46:51.556238+00:00
[2024-03-05T12:46:51.564+0000] {processor.py:175} INFO - Processing /home/airflow/.local/lib/python3.7/site-packages/airflow/example_dags/example_short_circuit_operator.py took 0.043 seconds
[2024-03-05T12:47:22.020+0000] {processor.py:153} INFO - Started process (PID=950) to work on /home/airflow/.local/lib/python3.7/site-packages/airflow/example_dags/example_short_circuit_operator.py
[2024-03-05T12:47:22.020+0000] {processor.py:743} INFO - Processing file /home/airflow/.local/lib/python3.7/site-packages/airflow/example_dags/example_short_circuit_operator.py for tasks to queue
[2024-03-05T12:47:22.021+0000] {logging_mixin.py:137} INFO - [2024-03-05T12:47:22.020+0000] {dagbag.py:538} INFO - Filling up the DagBag from /home/airflow/.local/lib/python3.7/site-packages/airflow/example_dags/example_short_circuit_operator.py
[2024-03-05T12:47:22.028+0000] {processor.py:753} INFO - DAG(s) dict_keys(['example_short_circuit_operator']) retrieved from /home/airflow/.local/lib/python3.7/site-packages/airflow/example_dags/example_short_circuit_operator.py
[2024-03-05T12:47:22.040+0000] {logging_mixin.py:137} INFO - [2024-03-05T12:47:22.040+0000] {dag.py:2690} INFO - Sync 1 DAGs
[2024-03-05T12:47:22.051+0000] {logging_mixin.py:137} INFO - [2024-03-05T12:47:22.051+0000] {dag.py:3441} INFO - Setting next_dagrun for example_short_circuit_operator to 2024-03-04T12:47:22.051550+00:00, run_after=2024-03-05T12:47:22.051550+00:00
[2024-03-05T12:47:22.060+0000] {processor.py:175} INFO - Processing /home/airflow/.local/lib/python3.7/site-packages/airflow/example_dags/example_short_circuit_operator.py took 0.042 seconds
[2024-03-05T12:47:52.915+0000] {processor.py:153} INFO - Started process (PID=1044) to work on /home/airflow/.local/lib/python3.7/site-packages/airflow/example_dags/example_short_circuit_operator.py
[2024-03-05T12:47:52.921+0000] {processor.py:743} INFO - Processing file /home/airflow/.local/lib/python3.7/site-packages/airflow/example_dags/example_short_circuit_operator.py for tasks to queue
[2024-03-05T12:47:52.925+0000] {logging_mixin.py:137} INFO - [2024-03-05T12:47:52.925+0000] {dagbag.py:538} INFO - Filling up the DagBag from /home/airflow/.local/lib/python3.7/site-packages/airflow/example_dags/example_short_circuit_operator.py
[2024-03-05T12:47:52.973+0000] {processor.py:753} INFO - DAG(s) dict_keys(['example_short_circuit_operator']) retrieved from /home/airflow/.local/lib/python3.7/site-packages/airflow/example_dags/example_short_circuit_operator.py
[2024-03-05T12:47:52.999+0000] {logging_mixin.py:137} INFO - [2024-03-05T12:47:52.999+0000] {dag.py:2690} INFO - Sync 1 DAGs
[2024-03-05T12:47:53.019+0000] {logging_mixin.py:137} INFO - [2024-03-05T12:47:53.019+0000] {dag.py:3441} INFO - Setting next_dagrun for example_short_circuit_operator to 2024-03-04T12:47:53.019210+00:00, run_after=2024-03-05T12:47:53.019210+00:00
[2024-03-05T12:47:53.045+0000] {processor.py:175} INFO - Processing /home/airflow/.local/lib/python3.7/site-packages/airflow/example_dags/example_short_circuit_operator.py took 0.144 seconds
