[2024-03-05T12:19:24.411+0000] {processor.py:153} INFO - Started process (PID=77) to work on /home/airflow/.local/lib/python3.7/site-packages/airflow/example_dags/example_external_task_marker_dag.py
[2024-03-05T12:19:24.412+0000] {processor.py:743} INFO - Processing file /home/airflow/.local/lib/python3.7/site-packages/airflow/example_dags/example_external_task_marker_dag.py for tasks to queue
[2024-03-05T12:19:24.414+0000] {logging_mixin.py:137} INFO - [2024-03-05T12:19:24.413+0000] {dagbag.py:538} INFO - Filling up the DagBag from /home/airflow/.local/lib/python3.7/site-packages/airflow/example_dags/example_external_task_marker_dag.py
[2024-03-05T12:19:24.425+0000] {processor.py:753} INFO - DAG(s) dict_keys(['example_external_task_marker_child', 'example_external_task_marker_parent']) retrieved from /home/airflow/.local/lib/python3.7/site-packages/airflow/example_dags/example_external_task_marker_dag.py
[2024-03-05T12:19:24.447+0000] {logging_mixin.py:137} INFO - [2024-03-05T12:19:24.447+0000] {dag.py:2690} INFO - Sync 2 DAGs
[2024-03-05T12:19:24.462+0000] {logging_mixin.py:137} INFO - [2024-03-05T12:19:24.462+0000] {dag.py:3441} INFO - Setting next_dagrun for example_external_task_marker_child to None, run_after=None
[2024-03-05T12:19:24.464+0000] {logging_mixin.py:137} INFO - [2024-03-05T12:19:24.464+0000] {dag.py:3441} INFO - Setting next_dagrun for example_external_task_marker_parent to None, run_after=None
[2024-03-05T12:19:24.474+0000] {processor.py:175} INFO - Processing /home/airflow/.local/lib/python3.7/site-packages/airflow/example_dags/example_external_task_marker_dag.py took 0.065 seconds
[2024-03-05T12:19:54.843+0000] {processor.py:153} INFO - Started process (PID=179) to work on /home/airflow/.local/lib/python3.7/site-packages/airflow/example_dags/example_external_task_marker_dag.py
[2024-03-05T12:19:54.843+0000] {processor.py:743} INFO - Processing file /home/airflow/.local/lib/python3.7/site-packages/airflow/example_dags/example_external_task_marker_dag.py for tasks to queue
[2024-03-05T12:19:54.843+0000] {logging_mixin.py:137} INFO - [2024-03-05T12:19:54.843+0000] {dagbag.py:538} INFO - Filling up the DagBag from /home/airflow/.local/lib/python3.7/site-packages/airflow/example_dags/example_external_task_marker_dag.py
[2024-03-05T12:19:54.850+0000] {processor.py:753} INFO - DAG(s) dict_keys(['example_external_task_marker_parent', 'example_external_task_marker_child']) retrieved from /home/airflow/.local/lib/python3.7/site-packages/airflow/example_dags/example_external_task_marker_dag.py
[2024-03-05T12:19:54.862+0000] {logging_mixin.py:137} INFO - [2024-03-05T12:19:54.862+0000] {dag.py:2690} INFO - Sync 2 DAGs
[2024-03-05T12:19:54.874+0000] {logging_mixin.py:137} INFO - [2024-03-05T12:19:54.874+0000] {dag.py:3441} INFO - Setting next_dagrun for example_external_task_marker_child to None, run_after=None
[2024-03-05T12:19:54.875+0000] {logging_mixin.py:137} INFO - [2024-03-05T12:19:54.875+0000] {dag.py:3441} INFO - Setting next_dagrun for example_external_task_marker_parent to None, run_after=None
[2024-03-05T12:19:54.882+0000] {processor.py:175} INFO - Processing /home/airflow/.local/lib/python3.7/site-packages/airflow/example_dags/example_external_task_marker_dag.py took 0.041 seconds
[2024-03-05T12:42:16.814+0000] {processor.py:153} INFO - Started process (PID=77) to work on /home/airflow/.local/lib/python3.7/site-packages/airflow/example_dags/example_external_task_marker_dag.py
[2024-03-05T12:42:16.816+0000] {processor.py:743} INFO - Processing file /home/airflow/.local/lib/python3.7/site-packages/airflow/example_dags/example_external_task_marker_dag.py for tasks to queue
[2024-03-05T12:42:16.819+0000] {logging_mixin.py:137} INFO - [2024-03-05T12:42:16.819+0000] {dagbag.py:538} INFO - Filling up the DagBag from /home/airflow/.local/lib/python3.7/site-packages/airflow/example_dags/example_external_task_marker_dag.py
[2024-03-05T12:42:16.844+0000] {processor.py:753} INFO - DAG(s) dict_keys(['example_external_task_marker_child', 'example_external_task_marker_parent']) retrieved from /home/airflow/.local/lib/python3.7/site-packages/airflow/example_dags/example_external_task_marker_dag.py
[2024-03-05T12:42:16.866+0000] {logging_mixin.py:137} INFO - [2024-03-05T12:42:16.865+0000] {dag.py:2690} INFO - Sync 2 DAGs
[2024-03-05T12:42:16.888+0000] {logging_mixin.py:137} INFO - [2024-03-05T12:42:16.887+0000] {dag.py:3441} INFO - Setting next_dagrun for example_external_task_marker_child to None, run_after=None
[2024-03-05T12:42:16.893+0000] {logging_mixin.py:137} INFO - [2024-03-05T12:42:16.892+0000] {dag.py:3441} INFO - Setting next_dagrun for example_external_task_marker_parent to None, run_after=None
[2024-03-05T12:42:16.914+0000] {processor.py:175} INFO - Processing /home/airflow/.local/lib/python3.7/site-packages/airflow/example_dags/example_external_task_marker_dag.py took 0.102 seconds
[2024-03-05T12:42:46.932+0000] {processor.py:153} INFO - Started process (PID=171) to work on /home/airflow/.local/lib/python3.7/site-packages/airflow/example_dags/example_external_task_marker_dag.py
[2024-03-05T12:42:46.933+0000] {processor.py:743} INFO - Processing file /home/airflow/.local/lib/python3.7/site-packages/airflow/example_dags/example_external_task_marker_dag.py for tasks to queue
[2024-03-05T12:42:46.934+0000] {logging_mixin.py:137} INFO - [2024-03-05T12:42:46.934+0000] {dagbag.py:538} INFO - Filling up the DagBag from /home/airflow/.local/lib/python3.7/site-packages/airflow/example_dags/example_external_task_marker_dag.py
[2024-03-05T12:42:46.943+0000] {processor.py:753} INFO - DAG(s) dict_keys(['example_external_task_marker_child', 'example_external_task_marker_parent']) retrieved from /home/airflow/.local/lib/python3.7/site-packages/airflow/example_dags/example_external_task_marker_dag.py
[2024-03-05T12:42:46.962+0000] {logging_mixin.py:137} INFO - [2024-03-05T12:42:46.962+0000] {dag.py:2690} INFO - Sync 2 DAGs
[2024-03-05T12:42:46.976+0000] {logging_mixin.py:137} INFO - [2024-03-05T12:42:46.976+0000] {dag.py:3441} INFO - Setting next_dagrun for example_external_task_marker_child to None, run_after=None
[2024-03-05T12:42:46.978+0000] {logging_mixin.py:137} INFO - [2024-03-05T12:42:46.978+0000] {dag.py:3441} INFO - Setting next_dagrun for example_external_task_marker_parent to None, run_after=None
[2024-03-05T12:42:46.991+0000] {processor.py:175} INFO - Processing /home/airflow/.local/lib/python3.7/site-packages/airflow/example_dags/example_external_task_marker_dag.py took 0.061 seconds
[2024-03-05T12:43:17.557+0000] {processor.py:153} INFO - Started process (PID=256) to work on /home/airflow/.local/lib/python3.7/site-packages/airflow/example_dags/example_external_task_marker_dag.py
[2024-03-05T12:43:17.563+0000] {processor.py:743} INFO - Processing file /home/airflow/.local/lib/python3.7/site-packages/airflow/example_dags/example_external_task_marker_dag.py for tasks to queue
[2024-03-05T12:43:17.564+0000] {logging_mixin.py:137} INFO - [2024-03-05T12:43:17.564+0000] {dagbag.py:538} INFO - Filling up the DagBag from /home/airflow/.local/lib/python3.7/site-packages/airflow/example_dags/example_external_task_marker_dag.py
[2024-03-05T12:43:17.574+0000] {processor.py:753} INFO - DAG(s) dict_keys(['example_external_task_marker_parent', 'example_external_task_marker_child']) retrieved from /home/airflow/.local/lib/python3.7/site-packages/airflow/example_dags/example_external_task_marker_dag.py
[2024-03-05T12:43:17.596+0000] {logging_mixin.py:137} INFO - [2024-03-05T12:43:17.596+0000] {dag.py:2690} INFO - Sync 2 DAGs
[2024-03-05T12:43:17.612+0000] {logging_mixin.py:137} INFO - [2024-03-05T12:43:17.612+0000] {dag.py:3441} INFO - Setting next_dagrun for example_external_task_marker_child to None, run_after=None
[2024-03-05T12:43:17.616+0000] {logging_mixin.py:137} INFO - [2024-03-05T12:43:17.616+0000] {dag.py:3441} INFO - Setting next_dagrun for example_external_task_marker_parent to None, run_after=None
[2024-03-05T12:43:17.644+0000] {processor.py:175} INFO - Processing /home/airflow/.local/lib/python3.7/site-packages/airflow/example_dags/example_external_task_marker_dag.py took 0.090 seconds
[2024-03-05T12:43:48.374+0000] {processor.py:153} INFO - Started process (PID=341) to work on /home/airflow/.local/lib/python3.7/site-packages/airflow/example_dags/example_external_task_marker_dag.py
[2024-03-05T12:43:48.375+0000] {processor.py:743} INFO - Processing file /home/airflow/.local/lib/python3.7/site-packages/airflow/example_dags/example_external_task_marker_dag.py for tasks to queue
[2024-03-05T12:43:48.375+0000] {logging_mixin.py:137} INFO - [2024-03-05T12:43:48.375+0000] {dagbag.py:538} INFO - Filling up the DagBag from /home/airflow/.local/lib/python3.7/site-packages/airflow/example_dags/example_external_task_marker_dag.py
[2024-03-05T12:43:48.382+0000] {processor.py:753} INFO - DAG(s) dict_keys(['example_external_task_marker_child', 'example_external_task_marker_parent']) retrieved from /home/airflow/.local/lib/python3.7/site-packages/airflow/example_dags/example_external_task_marker_dag.py
[2024-03-05T12:43:48.395+0000] {logging_mixin.py:137} INFO - [2024-03-05T12:43:48.395+0000] {dag.py:2690} INFO - Sync 2 DAGs
[2024-03-05T12:43:48.406+0000] {logging_mixin.py:137} INFO - [2024-03-05T12:43:48.406+0000] {dag.py:3441} INFO - Setting next_dagrun for example_external_task_marker_child to None, run_after=None
[2024-03-05T12:43:48.409+0000] {logging_mixin.py:137} INFO - [2024-03-05T12:43:48.408+0000] {dag.py:3441} INFO - Setting next_dagrun for example_external_task_marker_parent to None, run_after=None
[2024-03-05T12:43:48.416+0000] {processor.py:175} INFO - Processing /home/airflow/.local/lib/python3.7/site-packages/airflow/example_dags/example_external_task_marker_dag.py took 0.043 seconds
[2024-03-05T12:44:18.759+0000] {processor.py:153} INFO - Started process (PID=434) to work on /home/airflow/.local/lib/python3.7/site-packages/airflow/example_dags/example_external_task_marker_dag.py
[2024-03-05T12:44:18.760+0000] {processor.py:743} INFO - Processing file /home/airflow/.local/lib/python3.7/site-packages/airflow/example_dags/example_external_task_marker_dag.py for tasks to queue
[2024-03-05T12:44:18.760+0000] {logging_mixin.py:137} INFO - [2024-03-05T12:44:18.760+0000] {dagbag.py:538} INFO - Filling up the DagBag from /home/airflow/.local/lib/python3.7/site-packages/airflow/example_dags/example_external_task_marker_dag.py
[2024-03-05T12:44:18.767+0000] {processor.py:753} INFO - DAG(s) dict_keys(['example_external_task_marker_parent', 'example_external_task_marker_child']) retrieved from /home/airflow/.local/lib/python3.7/site-packages/airflow/example_dags/example_external_task_marker_dag.py
[2024-03-05T12:44:18.780+0000] {logging_mixin.py:137} INFO - [2024-03-05T12:44:18.780+0000] {dag.py:2690} INFO - Sync 2 DAGs
[2024-03-05T12:44:18.793+0000] {logging_mixin.py:137} INFO - [2024-03-05T12:44:18.793+0000] {dag.py:3441} INFO - Setting next_dagrun for example_external_task_marker_child to None, run_after=None
[2024-03-05T12:44:18.794+0000] {logging_mixin.py:137} INFO - [2024-03-05T12:44:18.794+0000] {dag.py:3441} INFO - Setting next_dagrun for example_external_task_marker_parent to None, run_after=None
[2024-03-05T12:44:18.802+0000] {processor.py:175} INFO - Processing /home/airflow/.local/lib/python3.7/site-packages/airflow/example_dags/example_external_task_marker_dag.py took 0.044 seconds
[2024-03-05T12:44:49.441+0000] {processor.py:153} INFO - Started process (PID=528) to work on /home/airflow/.local/lib/python3.7/site-packages/airflow/example_dags/example_external_task_marker_dag.py
[2024-03-05T12:44:49.441+0000] {processor.py:743} INFO - Processing file /home/airflow/.local/lib/python3.7/site-packages/airflow/example_dags/example_external_task_marker_dag.py for tasks to queue
[2024-03-05T12:44:49.442+0000] {logging_mixin.py:137} INFO - [2024-03-05T12:44:49.442+0000] {dagbag.py:538} INFO - Filling up the DagBag from /home/airflow/.local/lib/python3.7/site-packages/airflow/example_dags/example_external_task_marker_dag.py
[2024-03-05T12:44:49.452+0000] {processor.py:753} INFO - DAG(s) dict_keys(['example_external_task_marker_parent', 'example_external_task_marker_child']) retrieved from /home/airflow/.local/lib/python3.7/site-packages/airflow/example_dags/example_external_task_marker_dag.py
[2024-03-05T12:44:49.472+0000] {logging_mixin.py:137} INFO - [2024-03-05T12:44:49.472+0000] {dag.py:2690} INFO - Sync 2 DAGs
[2024-03-05T12:44:49.489+0000] {logging_mixin.py:137} INFO - [2024-03-05T12:44:49.489+0000] {dag.py:3441} INFO - Setting next_dagrun for example_external_task_marker_child to None, run_after=None
[2024-03-05T12:44:49.491+0000] {logging_mixin.py:137} INFO - [2024-03-05T12:44:49.490+0000] {dag.py:3441} INFO - Setting next_dagrun for example_external_task_marker_parent to None, run_after=None
[2024-03-05T12:44:49.499+0000] {processor.py:175} INFO - Processing /home/airflow/.local/lib/python3.7/site-packages/airflow/example_dags/example_external_task_marker_dag.py took 0.059 seconds
[2024-03-05T12:45:20.012+0000] {processor.py:153} INFO - Started process (PID=604) to work on /home/airflow/.local/lib/python3.7/site-packages/airflow/example_dags/example_external_task_marker_dag.py
[2024-03-05T12:45:20.013+0000] {processor.py:743} INFO - Processing file /home/airflow/.local/lib/python3.7/site-packages/airflow/example_dags/example_external_task_marker_dag.py for tasks to queue
[2024-03-05T12:45:20.013+0000] {logging_mixin.py:137} INFO - [2024-03-05T12:45:20.013+0000] {dagbag.py:538} INFO - Filling up the DagBag from /home/airflow/.local/lib/python3.7/site-packages/airflow/example_dags/example_external_task_marker_dag.py
[2024-03-05T12:45:20.021+0000] {processor.py:753} INFO - DAG(s) dict_keys(['example_external_task_marker_parent', 'example_external_task_marker_child']) retrieved from /home/airflow/.local/lib/python3.7/site-packages/airflow/example_dags/example_external_task_marker_dag.py
[2024-03-05T12:45:20.034+0000] {logging_mixin.py:137} INFO - [2024-03-05T12:45:20.034+0000] {dag.py:2690} INFO - Sync 2 DAGs
[2024-03-05T12:45:20.046+0000] {logging_mixin.py:137} INFO - [2024-03-05T12:45:20.046+0000] {dag.py:3441} INFO - Setting next_dagrun for example_external_task_marker_child to None, run_after=None
[2024-03-05T12:45:20.048+0000] {logging_mixin.py:137} INFO - [2024-03-05T12:45:20.048+0000] {dag.py:3441} INFO - Setting next_dagrun for example_external_task_marker_parent to None, run_after=None
[2024-03-05T12:45:20.056+0000] {processor.py:175} INFO - Processing /home/airflow/.local/lib/python3.7/site-packages/airflow/example_dags/example_external_task_marker_dag.py took 0.047 seconds
[2024-03-05T12:45:50.553+0000] {processor.py:153} INFO - Started process (PID=698) to work on /home/airflow/.local/lib/python3.7/site-packages/airflow/example_dags/example_external_task_marker_dag.py
[2024-03-05T12:45:50.553+0000] {processor.py:743} INFO - Processing file /home/airflow/.local/lib/python3.7/site-packages/airflow/example_dags/example_external_task_marker_dag.py for tasks to queue
[2024-03-05T12:45:50.554+0000] {logging_mixin.py:137} INFO - [2024-03-05T12:45:50.553+0000] {dagbag.py:538} INFO - Filling up the DagBag from /home/airflow/.local/lib/python3.7/site-packages/airflow/example_dags/example_external_task_marker_dag.py
[2024-03-05T12:45:50.560+0000] {processor.py:753} INFO - DAG(s) dict_keys(['example_external_task_marker_parent', 'example_external_task_marker_child']) retrieved from /home/airflow/.local/lib/python3.7/site-packages/airflow/example_dags/example_external_task_marker_dag.py
[2024-03-05T12:45:50.573+0000] {logging_mixin.py:137} INFO - [2024-03-05T12:45:50.573+0000] {dag.py:2690} INFO - Sync 2 DAGs
[2024-03-05T12:45:50.585+0000] {logging_mixin.py:137} INFO - [2024-03-05T12:45:50.585+0000] {dag.py:3441} INFO - Setting next_dagrun for example_external_task_marker_child to None, run_after=None
[2024-03-05T12:45:50.586+0000] {logging_mixin.py:137} INFO - [2024-03-05T12:45:50.586+0000] {dag.py:3441} INFO - Setting next_dagrun for example_external_task_marker_parent to None, run_after=None
[2024-03-05T12:45:50.593+0000] {processor.py:175} INFO - Processing /home/airflow/.local/lib/python3.7/site-packages/airflow/example_dags/example_external_task_marker_dag.py took 0.042 seconds
[2024-03-05T12:46:21.429+0000] {processor.py:153} INFO - Started process (PID=792) to work on /home/airflow/.local/lib/python3.7/site-packages/airflow/example_dags/example_external_task_marker_dag.py
[2024-03-05T12:46:21.431+0000] {processor.py:743} INFO - Processing file /home/airflow/.local/lib/python3.7/site-packages/airflow/example_dags/example_external_task_marker_dag.py for tasks to queue
[2024-03-05T12:46:21.432+0000] {logging_mixin.py:137} INFO - [2024-03-05T12:46:21.432+0000] {dagbag.py:538} INFO - Filling up the DagBag from /home/airflow/.local/lib/python3.7/site-packages/airflow/example_dags/example_external_task_marker_dag.py
[2024-03-05T12:46:21.440+0000] {processor.py:753} INFO - DAG(s) dict_keys(['example_external_task_marker_child', 'example_external_task_marker_parent']) retrieved from /home/airflow/.local/lib/python3.7/site-packages/airflow/example_dags/example_external_task_marker_dag.py
[2024-03-05T12:46:21.458+0000] {logging_mixin.py:137} INFO - [2024-03-05T12:46:21.458+0000] {dag.py:2690} INFO - Sync 2 DAGs
[2024-03-05T12:46:21.473+0000] {logging_mixin.py:137} INFO - [2024-03-05T12:46:21.473+0000] {dag.py:3441} INFO - Setting next_dagrun for example_external_task_marker_child to None, run_after=None
[2024-03-05T12:46:21.475+0000] {logging_mixin.py:137} INFO - [2024-03-05T12:46:21.475+0000] {dag.py:3441} INFO - Setting next_dagrun for example_external_task_marker_parent to None, run_after=None
[2024-03-05T12:46:21.485+0000] {processor.py:175} INFO - Processing /home/airflow/.local/lib/python3.7/site-packages/airflow/example_dags/example_external_task_marker_dag.py took 0.058 seconds
[2024-03-05T12:46:51.913+0000] {processor.py:153} INFO - Started process (PID=877) to work on /home/airflow/.local/lib/python3.7/site-packages/airflow/example_dags/example_external_task_marker_dag.py
[2024-03-05T12:46:51.914+0000] {processor.py:743} INFO - Processing file /home/airflow/.local/lib/python3.7/site-packages/airflow/example_dags/example_external_task_marker_dag.py for tasks to queue
[2024-03-05T12:46:51.915+0000] {logging_mixin.py:137} INFO - [2024-03-05T12:46:51.915+0000] {dagbag.py:538} INFO - Filling up the DagBag from /home/airflow/.local/lib/python3.7/site-packages/airflow/example_dags/example_external_task_marker_dag.py
[2024-03-05T12:46:51.922+0000] {processor.py:753} INFO - DAG(s) dict_keys(['example_external_task_marker_child', 'example_external_task_marker_parent']) retrieved from /home/airflow/.local/lib/python3.7/site-packages/airflow/example_dags/example_external_task_marker_dag.py
[2024-03-05T12:46:51.940+0000] {logging_mixin.py:137} INFO - [2024-03-05T12:46:51.940+0000] {dag.py:2690} INFO - Sync 2 DAGs
[2024-03-05T12:46:51.960+0000] {logging_mixin.py:137} INFO - [2024-03-05T12:46:51.960+0000] {dag.py:3441} INFO - Setting next_dagrun for example_external_task_marker_child to None, run_after=None
[2024-03-05T12:46:51.962+0000] {logging_mixin.py:137} INFO - [2024-03-05T12:46:51.962+0000] {dag.py:3441} INFO - Setting next_dagrun for example_external_task_marker_parent to None, run_after=None
[2024-03-05T12:46:51.970+0000] {processor.py:175} INFO - Processing /home/airflow/.local/lib/python3.7/site-packages/airflow/example_dags/example_external_task_marker_dag.py took 0.059 seconds
[2024-03-05T12:47:22.448+0000] {processor.py:153} INFO - Started process (PID=962) to work on /home/airflow/.local/lib/python3.7/site-packages/airflow/example_dags/example_external_task_marker_dag.py
[2024-03-05T12:47:22.448+0000] {processor.py:743} INFO - Processing file /home/airflow/.local/lib/python3.7/site-packages/airflow/example_dags/example_external_task_marker_dag.py for tasks to queue
[2024-03-05T12:47:22.448+0000] {logging_mixin.py:137} INFO - [2024-03-05T12:47:22.448+0000] {dagbag.py:538} INFO - Filling up the DagBag from /home/airflow/.local/lib/python3.7/site-packages/airflow/example_dags/example_external_task_marker_dag.py
[2024-03-05T12:47:22.455+0000] {processor.py:753} INFO - DAG(s) dict_keys(['example_external_task_marker_child', 'example_external_task_marker_parent']) retrieved from /home/airflow/.local/lib/python3.7/site-packages/airflow/example_dags/example_external_task_marker_dag.py
[2024-03-05T12:47:22.468+0000] {logging_mixin.py:137} INFO - [2024-03-05T12:47:22.468+0000] {dag.py:2690} INFO - Sync 2 DAGs
[2024-03-05T12:47:22.480+0000] {logging_mixin.py:137} INFO - [2024-03-05T12:47:22.480+0000] {dag.py:3441} INFO - Setting next_dagrun for example_external_task_marker_child to None, run_after=None
[2024-03-05T12:47:22.482+0000] {logging_mixin.py:137} INFO - [2024-03-05T12:47:22.482+0000] {dag.py:3441} INFO - Setting next_dagrun for example_external_task_marker_parent to None, run_after=None
[2024-03-05T12:47:22.490+0000] {processor.py:175} INFO - Processing /home/airflow/.local/lib/python3.7/site-packages/airflow/example_dags/example_external_task_marker_dag.py took 0.045 seconds
[2024-03-05T12:47:53.500+0000] {processor.py:153} INFO - Started process (PID=1056) to work on /home/airflow/.local/lib/python3.7/site-packages/airflow/example_dags/example_external_task_marker_dag.py
[2024-03-05T12:47:53.502+0000] {processor.py:743} INFO - Processing file /home/airflow/.local/lib/python3.7/site-packages/airflow/example_dags/example_external_task_marker_dag.py for tasks to queue
[2024-03-05T12:47:53.502+0000] {logging_mixin.py:137} INFO - [2024-03-05T12:47:53.502+0000] {dagbag.py:538} INFO - Filling up the DagBag from /home/airflow/.local/lib/python3.7/site-packages/airflow/example_dags/example_external_task_marker_dag.py
[2024-03-05T12:47:53.527+0000] {processor.py:753} INFO - DAG(s) dict_keys(['example_external_task_marker_child', 'example_external_task_marker_parent']) retrieved from /home/airflow/.local/lib/python3.7/site-packages/airflow/example_dags/example_external_task_marker_dag.py
[2024-03-05T12:47:53.542+0000] {logging_mixin.py:137} INFO - [2024-03-05T12:47:53.542+0000] {dag.py:2690} INFO - Sync 2 DAGs
[2024-03-05T12:47:53.560+0000] {logging_mixin.py:137} INFO - [2024-03-05T12:47:53.560+0000] {dag.py:3441} INFO - Setting next_dagrun for example_external_task_marker_child to None, run_after=None
[2024-03-05T12:47:53.562+0000] {logging_mixin.py:137} INFO - [2024-03-05T12:47:53.562+0000] {dag.py:3441} INFO - Setting next_dagrun for example_external_task_marker_parent to None, run_after=None
[2024-03-05T12:47:53.577+0000] {processor.py:175} INFO - Processing /home/airflow/.local/lib/python3.7/site-packages/airflow/example_dags/example_external_task_marker_dag.py took 0.079 seconds
