[2024-03-05T12:19:23.588+0000] {processor.py:153} INFO - Started process (PID=54) to work on /home/airflow/.local/lib/python3.7/site-packages/airflow/example_dags/example_branch_labels.py
[2024-03-05T12:19:23.588+0000] {processor.py:743} INFO - Processing file /home/airflow/.local/lib/python3.7/site-packages/airflow/example_dags/example_branch_labels.py for tasks to queue
[2024-03-05T12:19:23.589+0000] {logging_mixin.py:137} INFO - [2024-03-05T12:19:23.589+0000] {dagbag.py:538} INFO - Filling up the DagBag from /home/airflow/.local/lib/python3.7/site-packages/airflow/example_dags/example_branch_labels.py
[2024-03-05T12:19:23.597+0000] {processor.py:753} INFO - DAG(s) dict_keys(['example_branch_labels']) retrieved from /home/airflow/.local/lib/python3.7/site-packages/airflow/example_dags/example_branch_labels.py
[2024-03-05T12:19:23.614+0000] {logging_mixin.py:137} INFO - [2024-03-05T12:19:23.614+0000] {dag.py:2690} INFO - Sync 1 DAGs
[2024-03-05T12:19:23.628+0000] {logging_mixin.py:137} INFO - [2024-03-05T12:19:23.628+0000] {dag.py:3441} INFO - Setting next_dagrun for example_branch_labels to 2024-03-04T00:00:00+00:00, run_after=2024-03-05T00:00:00+00:00
[2024-03-05T12:19:23.638+0000] {processor.py:175} INFO - Processing /home/airflow/.local/lib/python3.7/site-packages/airflow/example_dags/example_branch_labels.py took 0.053 seconds
[2024-03-05T12:19:54.246+0000] {processor.py:153} INFO - Started process (PID=156) to work on /home/airflow/.local/lib/python3.7/site-packages/airflow/example_dags/example_branch_labels.py
[2024-03-05T12:19:54.247+0000] {processor.py:743} INFO - Processing file /home/airflow/.local/lib/python3.7/site-packages/airflow/example_dags/example_branch_labels.py for tasks to queue
[2024-03-05T12:19:54.247+0000] {logging_mixin.py:137} INFO - [2024-03-05T12:19:54.247+0000] {dagbag.py:538} INFO - Filling up the DagBag from /home/airflow/.local/lib/python3.7/site-packages/airflow/example_dags/example_branch_labels.py
[2024-03-05T12:19:54.253+0000] {processor.py:753} INFO - DAG(s) dict_keys(['example_branch_labels']) retrieved from /home/airflow/.local/lib/python3.7/site-packages/airflow/example_dags/example_branch_labels.py
[2024-03-05T12:19:54.265+0000] {logging_mixin.py:137} INFO - [2024-03-05T12:19:54.264+0000] {dag.py:2690} INFO - Sync 1 DAGs
[2024-03-05T12:19:54.276+0000] {logging_mixin.py:137} INFO - [2024-03-05T12:19:54.276+0000] {dag.py:3441} INFO - Setting next_dagrun for example_branch_labels to 2024-03-04T00:00:00+00:00, run_after=2024-03-05T00:00:00+00:00
[2024-03-05T12:19:54.284+0000] {processor.py:175} INFO - Processing /home/airflow/.local/lib/python3.7/site-packages/airflow/example_dags/example_branch_labels.py took 0.039 seconds
[2024-03-05T12:42:15.646+0000] {processor.py:153} INFO - Started process (PID=54) to work on /home/airflow/.local/lib/python3.7/site-packages/airflow/example_dags/example_branch_labels.py
[2024-03-05T12:42:15.647+0000] {processor.py:743} INFO - Processing file /home/airflow/.local/lib/python3.7/site-packages/airflow/example_dags/example_branch_labels.py for tasks to queue
[2024-03-05T12:42:15.650+0000] {logging_mixin.py:137} INFO - [2024-03-05T12:42:15.650+0000] {dagbag.py:538} INFO - Filling up the DagBag from /home/airflow/.local/lib/python3.7/site-packages/airflow/example_dags/example_branch_labels.py
[2024-03-05T12:42:15.667+0000] {processor.py:753} INFO - DAG(s) dict_keys(['example_branch_labels']) retrieved from /home/airflow/.local/lib/python3.7/site-packages/airflow/example_dags/example_branch_labels.py
[2024-03-05T12:42:15.700+0000] {logging_mixin.py:137} INFO - [2024-03-05T12:42:15.699+0000] {dag.py:2690} INFO - Sync 1 DAGs
[2024-03-05T12:42:15.725+0000] {logging_mixin.py:137} INFO - [2024-03-05T12:42:15.725+0000] {dag.py:3441} INFO - Setting next_dagrun for example_branch_labels to 2024-03-04T00:00:00+00:00, run_after=2024-03-05T00:00:00+00:00
[2024-03-05T12:42:15.755+0000] {processor.py:175} INFO - Processing /home/airflow/.local/lib/python3.7/site-packages/airflow/example_dags/example_branch_labels.py took 0.114 seconds
[2024-03-05T12:42:45.879+0000] {processor.py:153} INFO - Started process (PID=148) to work on /home/airflow/.local/lib/python3.7/site-packages/airflow/example_dags/example_branch_labels.py
[2024-03-05T12:42:45.879+0000] {processor.py:743} INFO - Processing file /home/airflow/.local/lib/python3.7/site-packages/airflow/example_dags/example_branch_labels.py for tasks to queue
[2024-03-05T12:42:45.880+0000] {logging_mixin.py:137} INFO - [2024-03-05T12:42:45.880+0000] {dagbag.py:538} INFO - Filling up the DagBag from /home/airflow/.local/lib/python3.7/site-packages/airflow/example_dags/example_branch_labels.py
[2024-03-05T12:42:45.887+0000] {processor.py:753} INFO - DAG(s) dict_keys(['example_branch_labels']) retrieved from /home/airflow/.local/lib/python3.7/site-packages/airflow/example_dags/example_branch_labels.py
[2024-03-05T12:42:45.901+0000] {logging_mixin.py:137} INFO - [2024-03-05T12:42:45.901+0000] {dag.py:2690} INFO - Sync 1 DAGs
[2024-03-05T12:42:45.913+0000] {logging_mixin.py:137} INFO - [2024-03-05T12:42:45.913+0000] {dag.py:3441} INFO - Setting next_dagrun for example_branch_labels to 2024-03-04T00:00:00+00:00, run_after=2024-03-05T00:00:00+00:00
[2024-03-05T12:42:45.922+0000] {processor.py:175} INFO - Processing /home/airflow/.local/lib/python3.7/site-packages/airflow/example_dags/example_branch_labels.py took 0.045 seconds
[2024-03-05T12:43:16.734+0000] {processor.py:153} INFO - Started process (PID=224) to work on /home/airflow/.local/lib/python3.7/site-packages/airflow/example_dags/example_branch_labels.py
[2024-03-05T12:43:16.735+0000] {processor.py:743} INFO - Processing file /home/airflow/.local/lib/python3.7/site-packages/airflow/example_dags/example_branch_labels.py for tasks to queue
[2024-03-05T12:43:16.735+0000] {logging_mixin.py:137} INFO - [2024-03-05T12:43:16.735+0000] {dagbag.py:538} INFO - Filling up the DagBag from /home/airflow/.local/lib/python3.7/site-packages/airflow/example_dags/example_branch_labels.py
[2024-03-05T12:43:16.742+0000] {processor.py:753} INFO - DAG(s) dict_keys(['example_branch_labels']) retrieved from /home/airflow/.local/lib/python3.7/site-packages/airflow/example_dags/example_branch_labels.py
[2024-03-05T12:43:16.756+0000] {logging_mixin.py:137} INFO - [2024-03-05T12:43:16.755+0000] {dag.py:2690} INFO - Sync 1 DAGs
[2024-03-05T12:43:16.767+0000] {logging_mixin.py:137} INFO - [2024-03-05T12:43:16.767+0000] {dag.py:3441} INFO - Setting next_dagrun for example_branch_labels to 2024-03-04T00:00:00+00:00, run_after=2024-03-05T00:00:00+00:00
[2024-03-05T12:43:16.775+0000] {processor.py:175} INFO - Processing /home/airflow/.local/lib/python3.7/site-packages/airflow/example_dags/example_branch_labels.py took 0.042 seconds
[2024-03-05T12:43:47.509+0000] {processor.py:153} INFO - Started process (PID=318) to work on /home/airflow/.local/lib/python3.7/site-packages/airflow/example_dags/example_branch_labels.py
[2024-03-05T12:43:47.510+0000] {processor.py:743} INFO - Processing file /home/airflow/.local/lib/python3.7/site-packages/airflow/example_dags/example_branch_labels.py for tasks to queue
[2024-03-05T12:43:47.510+0000] {logging_mixin.py:137} INFO - [2024-03-05T12:43:47.510+0000] {dagbag.py:538} INFO - Filling up the DagBag from /home/airflow/.local/lib/python3.7/site-packages/airflow/example_dags/example_branch_labels.py
[2024-03-05T12:43:47.518+0000] {processor.py:753} INFO - DAG(s) dict_keys(['example_branch_labels']) retrieved from /home/airflow/.local/lib/python3.7/site-packages/airflow/example_dags/example_branch_labels.py
[2024-03-05T12:43:47.532+0000] {logging_mixin.py:137} INFO - [2024-03-05T12:43:47.532+0000] {dag.py:2690} INFO - Sync 1 DAGs
[2024-03-05T12:43:47.545+0000] {logging_mixin.py:137} INFO - [2024-03-05T12:43:47.545+0000] {dag.py:3441} INFO - Setting next_dagrun for example_branch_labels to 2024-03-04T00:00:00+00:00, run_after=2024-03-05T00:00:00+00:00
[2024-03-05T12:43:47.554+0000] {processor.py:175} INFO - Processing /home/airflow/.local/lib/python3.7/site-packages/airflow/example_dags/example_branch_labels.py took 0.047 seconds
[2024-03-05T12:44:18.069+0000] {processor.py:153} INFO - Started process (PID=411) to work on /home/airflow/.local/lib/python3.7/site-packages/airflow/example_dags/example_branch_labels.py
[2024-03-05T12:44:18.069+0000] {processor.py:743} INFO - Processing file /home/airflow/.local/lib/python3.7/site-packages/airflow/example_dags/example_branch_labels.py for tasks to queue
[2024-03-05T12:44:18.070+0000] {logging_mixin.py:137} INFO - [2024-03-05T12:44:18.070+0000] {dagbag.py:538} INFO - Filling up the DagBag from /home/airflow/.local/lib/python3.7/site-packages/airflow/example_dags/example_branch_labels.py
[2024-03-05T12:44:18.077+0000] {processor.py:753} INFO - DAG(s) dict_keys(['example_branch_labels']) retrieved from /home/airflow/.local/lib/python3.7/site-packages/airflow/example_dags/example_branch_labels.py
[2024-03-05T12:44:18.091+0000] {logging_mixin.py:137} INFO - [2024-03-05T12:44:18.091+0000] {dag.py:2690} INFO - Sync 1 DAGs
[2024-03-05T12:44:18.103+0000] {logging_mixin.py:137} INFO - [2024-03-05T12:44:18.103+0000] {dag.py:3441} INFO - Setting next_dagrun for example_branch_labels to 2024-03-04T00:00:00+00:00, run_after=2024-03-05T00:00:00+00:00
[2024-03-05T12:44:18.112+0000] {processor.py:175} INFO - Processing /home/airflow/.local/lib/python3.7/site-packages/airflow/example_dags/example_branch_labels.py took 0.045 seconds
[2024-03-05T12:44:48.618+0000] {processor.py:153} INFO - Started process (PID=505) to work on /home/airflow/.local/lib/python3.7/site-packages/airflow/example_dags/example_branch_labels.py
[2024-03-05T12:44:48.619+0000] {processor.py:743} INFO - Processing file /home/airflow/.local/lib/python3.7/site-packages/airflow/example_dags/example_branch_labels.py for tasks to queue
[2024-03-05T12:44:48.620+0000] {logging_mixin.py:137} INFO - [2024-03-05T12:44:48.620+0000] {dagbag.py:538} INFO - Filling up the DagBag from /home/airflow/.local/lib/python3.7/site-packages/airflow/example_dags/example_branch_labels.py
[2024-03-05T12:44:48.628+0000] {processor.py:753} INFO - DAG(s) dict_keys(['example_branch_labels']) retrieved from /home/airflow/.local/lib/python3.7/site-packages/airflow/example_dags/example_branch_labels.py
[2024-03-05T12:44:48.653+0000] {logging_mixin.py:137} INFO - [2024-03-05T12:44:48.653+0000] {dag.py:2690} INFO - Sync 1 DAGs
[2024-03-05T12:44:48.675+0000] {logging_mixin.py:137} INFO - [2024-03-05T12:44:48.675+0000] {dag.py:3441} INFO - Setting next_dagrun for example_branch_labels to 2024-03-04T00:00:00+00:00, run_after=2024-03-05T00:00:00+00:00
[2024-03-05T12:44:48.684+0000] {processor.py:175} INFO - Processing /home/airflow/.local/lib/python3.7/site-packages/airflow/example_dags/example_branch_labels.py took 0.068 seconds
[2024-03-05T12:45:19.197+0000] {processor.py:153} INFO - Started process (PID=581) to work on /home/airflow/.local/lib/python3.7/site-packages/airflow/example_dags/example_branch_labels.py
[2024-03-05T12:45:19.197+0000] {processor.py:743} INFO - Processing file /home/airflow/.local/lib/python3.7/site-packages/airflow/example_dags/example_branch_labels.py for tasks to queue
[2024-03-05T12:45:19.197+0000] {logging_mixin.py:137} INFO - [2024-03-05T12:45:19.197+0000] {dagbag.py:538} INFO - Filling up the DagBag from /home/airflow/.local/lib/python3.7/site-packages/airflow/example_dags/example_branch_labels.py
[2024-03-05T12:45:19.205+0000] {processor.py:753} INFO - DAG(s) dict_keys(['example_branch_labels']) retrieved from /home/airflow/.local/lib/python3.7/site-packages/airflow/example_dags/example_branch_labels.py
[2024-03-05T12:45:19.219+0000] {logging_mixin.py:137} INFO - [2024-03-05T12:45:19.219+0000] {dag.py:2690} INFO - Sync 1 DAGs
[2024-03-05T12:45:19.233+0000] {logging_mixin.py:137} INFO - [2024-03-05T12:45:19.233+0000] {dag.py:3441} INFO - Setting next_dagrun for example_branch_labels to 2024-03-04T00:00:00+00:00, run_after=2024-03-05T00:00:00+00:00
[2024-03-05T12:45:19.242+0000] {processor.py:175} INFO - Processing /home/airflow/.local/lib/python3.7/site-packages/airflow/example_dags/example_branch_labels.py took 0.047 seconds
[2024-03-05T12:45:49.788+0000] {processor.py:153} INFO - Started process (PID=675) to work on /home/airflow/.local/lib/python3.7/site-packages/airflow/example_dags/example_branch_labels.py
[2024-03-05T12:45:49.789+0000] {processor.py:743} INFO - Processing file /home/airflow/.local/lib/python3.7/site-packages/airflow/example_dags/example_branch_labels.py for tasks to queue
[2024-03-05T12:45:49.789+0000] {logging_mixin.py:137} INFO - [2024-03-05T12:45:49.789+0000] {dagbag.py:538} INFO - Filling up the DagBag from /home/airflow/.local/lib/python3.7/site-packages/airflow/example_dags/example_branch_labels.py
[2024-03-05T12:45:49.796+0000] {processor.py:753} INFO - DAG(s) dict_keys(['example_branch_labels']) retrieved from /home/airflow/.local/lib/python3.7/site-packages/airflow/example_dags/example_branch_labels.py
[2024-03-05T12:45:49.808+0000] {logging_mixin.py:137} INFO - [2024-03-05T12:45:49.808+0000] {dag.py:2690} INFO - Sync 1 DAGs
[2024-03-05T12:45:49.820+0000] {logging_mixin.py:137} INFO - [2024-03-05T12:45:49.820+0000] {dag.py:3441} INFO - Setting next_dagrun for example_branch_labels to 2024-03-04T00:00:00+00:00, run_after=2024-03-05T00:00:00+00:00
[2024-03-05T12:45:49.830+0000] {processor.py:175} INFO - Processing /home/airflow/.local/lib/python3.7/site-packages/airflow/example_dags/example_branch_labels.py took 0.043 seconds
[2024-03-05T12:46:20.379+0000] {processor.py:153} INFO - Started process (PID=769) to work on /home/airflow/.local/lib/python3.7/site-packages/airflow/example_dags/example_branch_labels.py
[2024-03-05T12:46:20.380+0000] {processor.py:743} INFO - Processing file /home/airflow/.local/lib/python3.7/site-packages/airflow/example_dags/example_branch_labels.py for tasks to queue
[2024-03-05T12:46:20.381+0000] {logging_mixin.py:137} INFO - [2024-03-05T12:46:20.381+0000] {dagbag.py:538} INFO - Filling up the DagBag from /home/airflow/.local/lib/python3.7/site-packages/airflow/example_dags/example_branch_labels.py
[2024-03-05T12:46:20.389+0000] {processor.py:753} INFO - DAG(s) dict_keys(['example_branch_labels']) retrieved from /home/airflow/.local/lib/python3.7/site-packages/airflow/example_dags/example_branch_labels.py
[2024-03-05T12:46:20.409+0000] {logging_mixin.py:137} INFO - [2024-03-05T12:46:20.409+0000] {dag.py:2690} INFO - Sync 1 DAGs
[2024-03-05T12:46:20.424+0000] {logging_mixin.py:137} INFO - [2024-03-05T12:46:20.424+0000] {dag.py:3441} INFO - Setting next_dagrun for example_branch_labels to 2024-03-04T00:00:00+00:00, run_after=2024-03-05T00:00:00+00:00
[2024-03-05T12:46:20.442+0000] {processor.py:175} INFO - Processing /home/airflow/.local/lib/python3.7/site-packages/airflow/example_dags/example_branch_labels.py took 0.065 seconds
[2024-03-05T12:46:51.125+0000] {processor.py:153} INFO - Started process (PID=845) to work on /home/airflow/.local/lib/python3.7/site-packages/airflow/example_dags/example_branch_labels.py
[2024-03-05T12:46:51.125+0000] {processor.py:743} INFO - Processing file /home/airflow/.local/lib/python3.7/site-packages/airflow/example_dags/example_branch_labels.py for tasks to queue
[2024-03-05T12:46:51.126+0000] {logging_mixin.py:137} INFO - [2024-03-05T12:46:51.126+0000] {dagbag.py:538} INFO - Filling up the DagBag from /home/airflow/.local/lib/python3.7/site-packages/airflow/example_dags/example_branch_labels.py
[2024-03-05T12:46:51.133+0000] {processor.py:753} INFO - DAG(s) dict_keys(['example_branch_labels']) retrieved from /home/airflow/.local/lib/python3.7/site-packages/airflow/example_dags/example_branch_labels.py
[2024-03-05T12:46:51.144+0000] {logging_mixin.py:137} INFO - [2024-03-05T12:46:51.144+0000] {dag.py:2690} INFO - Sync 1 DAGs
[2024-03-05T12:46:51.156+0000] {logging_mixin.py:137} INFO - [2024-03-05T12:46:51.156+0000] {dag.py:3441} INFO - Setting next_dagrun for example_branch_labels to 2024-03-04T00:00:00+00:00, run_after=2024-03-05T00:00:00+00:00
[2024-03-05T12:46:51.163+0000] {processor.py:175} INFO - Processing /home/airflow/.local/lib/python3.7/site-packages/airflow/example_dags/example_branch_labels.py took 0.040 seconds
[2024-03-05T12:47:21.713+0000] {processor.py:153} INFO - Started process (PID=939) to work on /home/airflow/.local/lib/python3.7/site-packages/airflow/example_dags/example_branch_labels.py
[2024-03-05T12:47:21.713+0000] {processor.py:743} INFO - Processing file /home/airflow/.local/lib/python3.7/site-packages/airflow/example_dags/example_branch_labels.py for tasks to queue
[2024-03-05T12:47:21.713+0000] {logging_mixin.py:137} INFO - [2024-03-05T12:47:21.713+0000] {dagbag.py:538} INFO - Filling up the DagBag from /home/airflow/.local/lib/python3.7/site-packages/airflow/example_dags/example_branch_labels.py
[2024-03-05T12:47:21.720+0000] {processor.py:753} INFO - DAG(s) dict_keys(['example_branch_labels']) retrieved from /home/airflow/.local/lib/python3.7/site-packages/airflow/example_dags/example_branch_labels.py
[2024-03-05T12:47:21.732+0000] {logging_mixin.py:137} INFO - [2024-03-05T12:47:21.732+0000] {dag.py:2690} INFO - Sync 1 DAGs
[2024-03-05T12:47:21.743+0000] {logging_mixin.py:137} INFO - [2024-03-05T12:47:21.743+0000] {dag.py:3441} INFO - Setting next_dagrun for example_branch_labels to 2024-03-04T00:00:00+00:00, run_after=2024-03-05T00:00:00+00:00
[2024-03-05T12:47:21.751+0000] {processor.py:175} INFO - Processing /home/airflow/.local/lib/python3.7/site-packages/airflow/example_dags/example_branch_labels.py took 0.040 seconds
[2024-03-05T12:47:52.378+0000] {processor.py:153} INFO - Started process (PID=1033) to work on /home/airflow/.local/lib/python3.7/site-packages/airflow/example_dags/example_branch_labels.py
[2024-03-05T12:47:52.378+0000] {processor.py:743} INFO - Processing file /home/airflow/.local/lib/python3.7/site-packages/airflow/example_dags/example_branch_labels.py for tasks to queue
[2024-03-05T12:47:52.379+0000] {logging_mixin.py:137} INFO - [2024-03-05T12:47:52.379+0000] {dagbag.py:538} INFO - Filling up the DagBag from /home/airflow/.local/lib/python3.7/site-packages/airflow/example_dags/example_branch_labels.py
[2024-03-05T12:47:52.388+0000] {processor.py:753} INFO - DAG(s) dict_keys(['example_branch_labels']) retrieved from /home/airflow/.local/lib/python3.7/site-packages/airflow/example_dags/example_branch_labels.py
[2024-03-05T12:47:52.403+0000] {logging_mixin.py:137} INFO - [2024-03-05T12:47:52.403+0000] {dag.py:2690} INFO - Sync 1 DAGs
[2024-03-05T12:47:52.418+0000] {logging_mixin.py:137} INFO - [2024-03-05T12:47:52.418+0000] {dag.py:3441} INFO - Setting next_dagrun for example_branch_labels to 2024-03-04T00:00:00+00:00, run_after=2024-03-05T00:00:00+00:00
[2024-03-05T12:47:52.432+0000] {processor.py:175} INFO - Processing /home/airflow/.local/lib/python3.7/site-packages/airflow/example_dags/example_branch_labels.py took 0.056 seconds
