[2024-03-05T12:19:24.194+0000] {processor.py:153} INFO - Started process (PID=71) to work on /home/airflow/.local/lib/python3.7/site-packages/airflow/example_dags/example_branch_operator_decorator.py
[2024-03-05T12:19:24.195+0000] {processor.py:743} INFO - Processing file /home/airflow/.local/lib/python3.7/site-packages/airflow/example_dags/example_branch_operator_decorator.py for tasks to queue
[2024-03-05T12:19:24.196+0000] {logging_mixin.py:137} INFO - [2024-03-05T12:19:24.195+0000] {dagbag.py:538} INFO - Filling up the DagBag from /home/airflow/.local/lib/python3.7/site-packages/airflow/example_dags/example_branch_operator_decorator.py
[2024-03-05T12:19:24.213+0000] {processor.py:753} INFO - DAG(s) dict_keys(['example_branch_python_operator_decorator']) retrieved from /home/airflow/.local/lib/python3.7/site-packages/airflow/example_dags/example_branch_operator_decorator.py
[2024-03-05T12:19:24.229+0000] {logging_mixin.py:137} INFO - [2024-03-05T12:19:24.229+0000] {dag.py:2690} INFO - Sync 1 DAGs
[2024-03-05T12:19:24.245+0000] {logging_mixin.py:137} INFO - [2024-03-05T12:19:24.245+0000] {dag.py:3441} INFO - Setting next_dagrun for example_branch_python_operator_decorator to 2024-03-04T00:00:00+00:00, run_after=2024-03-05T00:00:00+00:00
[2024-03-05T12:19:24.255+0000] {processor.py:175} INFO - Processing /home/airflow/.local/lib/python3.7/site-packages/airflow/example_dags/example_branch_operator_decorator.py took 0.064 seconds
[2024-03-05T12:19:54.688+0000] {processor.py:153} INFO - Started process (PID=173) to work on /home/airflow/.local/lib/python3.7/site-packages/airflow/example_dags/example_branch_operator_decorator.py
[2024-03-05T12:19:54.689+0000] {processor.py:743} INFO - Processing file /home/airflow/.local/lib/python3.7/site-packages/airflow/example_dags/example_branch_operator_decorator.py for tasks to queue
[2024-03-05T12:19:54.689+0000] {logging_mixin.py:137} INFO - [2024-03-05T12:19:54.689+0000] {dagbag.py:538} INFO - Filling up the DagBag from /home/airflow/.local/lib/python3.7/site-packages/airflow/example_dags/example_branch_operator_decorator.py
[2024-03-05T12:19:54.700+0000] {processor.py:753} INFO - DAG(s) dict_keys(['example_branch_python_operator_decorator']) retrieved from /home/airflow/.local/lib/python3.7/site-packages/airflow/example_dags/example_branch_operator_decorator.py
[2024-03-05T12:19:54.712+0000] {logging_mixin.py:137} INFO - [2024-03-05T12:19:54.712+0000] {dag.py:2690} INFO - Sync 1 DAGs
[2024-03-05T12:19:54.725+0000] {logging_mixin.py:137} INFO - [2024-03-05T12:19:54.724+0000] {dag.py:3441} INFO - Setting next_dagrun for example_branch_python_operator_decorator to 2024-03-04T00:00:00+00:00, run_after=2024-03-05T00:00:00+00:00
[2024-03-05T12:19:54.732+0000] {processor.py:175} INFO - Processing /home/airflow/.local/lib/python3.7/site-packages/airflow/example_dags/example_branch_operator_decorator.py took 0.045 seconds
[2024-03-05T12:42:16.477+0000] {processor.py:153} INFO - Started process (PID=71) to work on /home/airflow/.local/lib/python3.7/site-packages/airflow/example_dags/example_branch_operator_decorator.py
[2024-03-05T12:42:16.480+0000] {processor.py:743} INFO - Processing file /home/airflow/.local/lib/python3.7/site-packages/airflow/example_dags/example_branch_operator_decorator.py for tasks to queue
[2024-03-05T12:42:16.481+0000] {logging_mixin.py:137} INFO - [2024-03-05T12:42:16.481+0000] {dagbag.py:538} INFO - Filling up the DagBag from /home/airflow/.local/lib/python3.7/site-packages/airflow/example_dags/example_branch_operator_decorator.py
[2024-03-05T12:42:16.498+0000] {processor.py:753} INFO - DAG(s) dict_keys(['example_branch_python_operator_decorator']) retrieved from /home/airflow/.local/lib/python3.7/site-packages/airflow/example_dags/example_branch_operator_decorator.py
[2024-03-05T12:42:16.514+0000] {logging_mixin.py:137} INFO - [2024-03-05T12:42:16.514+0000] {dag.py:2690} INFO - Sync 1 DAGs
[2024-03-05T12:42:16.540+0000] {logging_mixin.py:137} INFO - [2024-03-05T12:42:16.540+0000] {dag.py:3441} INFO - Setting next_dagrun for example_branch_python_operator_decorator to 2024-03-04T00:00:00+00:00, run_after=2024-03-05T00:00:00+00:00
[2024-03-05T12:42:16.565+0000] {processor.py:175} INFO - Processing /home/airflow/.local/lib/python3.7/site-packages/airflow/example_dags/example_branch_operator_decorator.py took 0.092 seconds
[2024-03-05T12:42:46.603+0000] {processor.py:153} INFO - Started process (PID=165) to work on /home/airflow/.local/lib/python3.7/site-packages/airflow/example_dags/example_branch_operator_decorator.py
[2024-03-05T12:42:46.604+0000] {processor.py:743} INFO - Processing file /home/airflow/.local/lib/python3.7/site-packages/airflow/example_dags/example_branch_operator_decorator.py for tasks to queue
[2024-03-05T12:42:46.605+0000] {logging_mixin.py:137} INFO - [2024-03-05T12:42:46.605+0000] {dagbag.py:538} INFO - Filling up the DagBag from /home/airflow/.local/lib/python3.7/site-packages/airflow/example_dags/example_branch_operator_decorator.py
[2024-03-05T12:42:46.618+0000] {processor.py:753} INFO - DAG(s) dict_keys(['example_branch_python_operator_decorator']) retrieved from /home/airflow/.local/lib/python3.7/site-packages/airflow/example_dags/example_branch_operator_decorator.py
[2024-03-05T12:42:46.634+0000] {logging_mixin.py:137} INFO - [2024-03-05T12:42:46.634+0000] {dag.py:2690} INFO - Sync 1 DAGs
[2024-03-05T12:42:46.648+0000] {logging_mixin.py:137} INFO - [2024-03-05T12:42:46.648+0000] {dag.py:3441} INFO - Setting next_dagrun for example_branch_python_operator_decorator to 2024-03-04T00:00:00+00:00, run_after=2024-03-05T00:00:00+00:00
[2024-03-05T12:42:46.661+0000] {processor.py:175} INFO - Processing /home/airflow/.local/lib/python3.7/site-packages/airflow/example_dags/example_branch_operator_decorator.py took 0.060 seconds
[2024-03-05T12:43:17.316+0000] {processor.py:153} INFO - Started process (PID=241) to work on /home/airflow/.local/lib/python3.7/site-packages/airflow/example_dags/example_branch_operator_decorator.py
[2024-03-05T12:43:17.317+0000] {processor.py:743} INFO - Processing file /home/airflow/.local/lib/python3.7/site-packages/airflow/example_dags/example_branch_operator_decorator.py for tasks to queue
[2024-03-05T12:43:17.317+0000] {logging_mixin.py:137} INFO - [2024-03-05T12:43:17.317+0000] {dagbag.py:538} INFO - Filling up the DagBag from /home/airflow/.local/lib/python3.7/site-packages/airflow/example_dags/example_branch_operator_decorator.py
[2024-03-05T12:43:17.330+0000] {processor.py:753} INFO - DAG(s) dict_keys(['example_branch_python_operator_decorator']) retrieved from /home/airflow/.local/lib/python3.7/site-packages/airflow/example_dags/example_branch_operator_decorator.py
[2024-03-05T12:43:17.344+0000] {logging_mixin.py:137} INFO - [2024-03-05T12:43:17.344+0000] {dag.py:2690} INFO - Sync 1 DAGs
[2024-03-05T12:43:17.359+0000] {logging_mixin.py:137} INFO - [2024-03-05T12:43:17.359+0000] {dag.py:3441} INFO - Setting next_dagrun for example_branch_python_operator_decorator to 2024-03-04T00:00:00+00:00, run_after=2024-03-05T00:00:00+00:00
[2024-03-05T12:43:17.370+0000] {processor.py:175} INFO - Processing /home/airflow/.local/lib/python3.7/site-packages/airflow/example_dags/example_branch_operator_decorator.py took 0.056 seconds
[2024-03-05T12:43:48.142+0000] {processor.py:153} INFO - Started process (PID=335) to work on /home/airflow/.local/lib/python3.7/site-packages/airflow/example_dags/example_branch_operator_decorator.py
[2024-03-05T12:43:48.142+0000] {processor.py:743} INFO - Processing file /home/airflow/.local/lib/python3.7/site-packages/airflow/example_dags/example_branch_operator_decorator.py for tasks to queue
[2024-03-05T12:43:48.143+0000] {logging_mixin.py:137} INFO - [2024-03-05T12:43:48.143+0000] {dagbag.py:538} INFO - Filling up the DagBag from /home/airflow/.local/lib/python3.7/site-packages/airflow/example_dags/example_branch_operator_decorator.py
[2024-03-05T12:43:48.156+0000] {processor.py:753} INFO - DAG(s) dict_keys(['example_branch_python_operator_decorator']) retrieved from /home/airflow/.local/lib/python3.7/site-packages/airflow/example_dags/example_branch_operator_decorator.py
[2024-03-05T12:43:48.170+0000] {logging_mixin.py:137} INFO - [2024-03-05T12:43:48.170+0000] {dag.py:2690} INFO - Sync 1 DAGs
[2024-03-05T12:43:48.184+0000] {logging_mixin.py:137} INFO - [2024-03-05T12:43:48.184+0000] {dag.py:3441} INFO - Setting next_dagrun for example_branch_python_operator_decorator to 2024-03-04T00:00:00+00:00, run_after=2024-03-05T00:00:00+00:00
[2024-03-05T12:43:48.193+0000] {processor.py:175} INFO - Processing /home/airflow/.local/lib/python3.7/site-packages/airflow/example_dags/example_branch_operator_decorator.py took 0.053 seconds
[2024-03-05T12:44:18.585+0000] {processor.py:153} INFO - Started process (PID=428) to work on /home/airflow/.local/lib/python3.7/site-packages/airflow/example_dags/example_branch_operator_decorator.py
[2024-03-05T12:44:18.586+0000] {processor.py:743} INFO - Processing file /home/airflow/.local/lib/python3.7/site-packages/airflow/example_dags/example_branch_operator_decorator.py for tasks to queue
[2024-03-05T12:44:18.586+0000] {logging_mixin.py:137} INFO - [2024-03-05T12:44:18.586+0000] {dagbag.py:538} INFO - Filling up the DagBag from /home/airflow/.local/lib/python3.7/site-packages/airflow/example_dags/example_branch_operator_decorator.py
[2024-03-05T12:44:18.602+0000] {processor.py:753} INFO - DAG(s) dict_keys(['example_branch_python_operator_decorator']) retrieved from /home/airflow/.local/lib/python3.7/site-packages/airflow/example_dags/example_branch_operator_decorator.py
[2024-03-05T12:44:18.617+0000] {logging_mixin.py:137} INFO - [2024-03-05T12:44:18.617+0000] {dag.py:2690} INFO - Sync 1 DAGs
[2024-03-05T12:44:18.630+0000] {logging_mixin.py:137} INFO - [2024-03-05T12:44:18.630+0000] {dag.py:3441} INFO - Setting next_dagrun for example_branch_python_operator_decorator to 2024-03-04T00:00:00+00:00, run_after=2024-03-05T00:00:00+00:00
[2024-03-05T12:44:18.639+0000] {processor.py:175} INFO - Processing /home/airflow/.local/lib/python3.7/site-packages/airflow/example_dags/example_branch_operator_decorator.py took 0.057 seconds
[2024-03-05T12:44:49.273+0000] {processor.py:153} INFO - Started process (PID=522) to work on /home/airflow/.local/lib/python3.7/site-packages/airflow/example_dags/example_branch_operator_decorator.py
[2024-03-05T12:44:49.273+0000] {processor.py:743} INFO - Processing file /home/airflow/.local/lib/python3.7/site-packages/airflow/example_dags/example_branch_operator_decorator.py for tasks to queue
[2024-03-05T12:44:49.274+0000] {logging_mixin.py:137} INFO - [2024-03-05T12:44:49.274+0000] {dagbag.py:538} INFO - Filling up the DagBag from /home/airflow/.local/lib/python3.7/site-packages/airflow/example_dags/example_branch_operator_decorator.py
[2024-03-05T12:44:49.286+0000] {processor.py:753} INFO - DAG(s) dict_keys(['example_branch_python_operator_decorator']) retrieved from /home/airflow/.local/lib/python3.7/site-packages/airflow/example_dags/example_branch_operator_decorator.py
[2024-03-05T12:44:49.298+0000] {logging_mixin.py:137} INFO - [2024-03-05T12:44:49.298+0000] {dag.py:2690} INFO - Sync 1 DAGs
[2024-03-05T12:44:49.311+0000] {logging_mixin.py:137} INFO - [2024-03-05T12:44:49.311+0000] {dag.py:3441} INFO - Setting next_dagrun for example_branch_python_operator_decorator to 2024-03-04T00:00:00+00:00, run_after=2024-03-05T00:00:00+00:00
[2024-03-05T12:44:49.320+0000] {processor.py:175} INFO - Processing /home/airflow/.local/lib/python3.7/site-packages/airflow/example_dags/example_branch_operator_decorator.py took 0.049 seconds
[2024-03-05T12:45:19.778+0000] {processor.py:153} INFO - Started process (PID=598) to work on /home/airflow/.local/lib/python3.7/site-packages/airflow/example_dags/example_branch_operator_decorator.py
[2024-03-05T12:45:19.778+0000] {processor.py:743} INFO - Processing file /home/airflow/.local/lib/python3.7/site-packages/airflow/example_dags/example_branch_operator_decorator.py for tasks to queue
[2024-03-05T12:45:19.779+0000] {logging_mixin.py:137} INFO - [2024-03-05T12:45:19.779+0000] {dagbag.py:538} INFO - Filling up the DagBag from /home/airflow/.local/lib/python3.7/site-packages/airflow/example_dags/example_branch_operator_decorator.py
[2024-03-05T12:45:19.792+0000] {processor.py:753} INFO - DAG(s) dict_keys(['example_branch_python_operator_decorator']) retrieved from /home/airflow/.local/lib/python3.7/site-packages/airflow/example_dags/example_branch_operator_decorator.py
[2024-03-05T12:45:19.806+0000] {logging_mixin.py:137} INFO - [2024-03-05T12:45:19.806+0000] {dag.py:2690} INFO - Sync 1 DAGs
[2024-03-05T12:45:19.821+0000] {logging_mixin.py:137} INFO - [2024-03-05T12:45:19.821+0000] {dag.py:3441} INFO - Setting next_dagrun for example_branch_python_operator_decorator to 2024-03-04T00:00:00+00:00, run_after=2024-03-05T00:00:00+00:00
[2024-03-05T12:45:19.830+0000] {processor.py:175} INFO - Processing /home/airflow/.local/lib/python3.7/site-packages/airflow/example_dags/example_branch_operator_decorator.py took 0.054 seconds
[2024-03-05T12:45:50.283+0000] {processor.py:153} INFO - Started process (PID=692) to work on /home/airflow/.local/lib/python3.7/site-packages/airflow/example_dags/example_branch_operator_decorator.py
[2024-03-05T12:45:50.284+0000] {processor.py:743} INFO - Processing file /home/airflow/.local/lib/python3.7/site-packages/airflow/example_dags/example_branch_operator_decorator.py for tasks to queue
[2024-03-05T12:45:50.285+0000] {logging_mixin.py:137} INFO - [2024-03-05T12:45:50.285+0000] {dagbag.py:538} INFO - Filling up the DagBag from /home/airflow/.local/lib/python3.7/site-packages/airflow/example_dags/example_branch_operator_decorator.py
[2024-03-05T12:45:50.323+0000] {processor.py:753} INFO - DAG(s) dict_keys(['example_branch_python_operator_decorator']) retrieved from /home/airflow/.local/lib/python3.7/site-packages/airflow/example_dags/example_branch_operator_decorator.py
[2024-03-05T12:45:50.345+0000] {logging_mixin.py:137} INFO - [2024-03-05T12:45:50.344+0000] {dag.py:2690} INFO - Sync 1 DAGs
[2024-03-05T12:45:50.361+0000] {logging_mixin.py:137} INFO - [2024-03-05T12:45:50.361+0000] {dag.py:3441} INFO - Setting next_dagrun for example_branch_python_operator_decorator to 2024-03-04T00:00:00+00:00, run_after=2024-03-05T00:00:00+00:00
[2024-03-05T12:45:50.372+0000] {processor.py:175} INFO - Processing /home/airflow/.local/lib/python3.7/site-packages/airflow/example_dags/example_branch_operator_decorator.py took 0.093 seconds
[2024-03-05T12:46:21.165+0000] {processor.py:153} INFO - Started process (PID=786) to work on /home/airflow/.local/lib/python3.7/site-packages/airflow/example_dags/example_branch_operator_decorator.py
[2024-03-05T12:46:21.166+0000] {processor.py:743} INFO - Processing file /home/airflow/.local/lib/python3.7/site-packages/airflow/example_dags/example_branch_operator_decorator.py for tasks to queue
[2024-03-05T12:46:21.167+0000] {logging_mixin.py:137} INFO - [2024-03-05T12:46:21.166+0000] {dagbag.py:538} INFO - Filling up the DagBag from /home/airflow/.local/lib/python3.7/site-packages/airflow/example_dags/example_branch_operator_decorator.py
[2024-03-05T12:46:21.179+0000] {processor.py:753} INFO - DAG(s) dict_keys(['example_branch_python_operator_decorator']) retrieved from /home/airflow/.local/lib/python3.7/site-packages/airflow/example_dags/example_branch_operator_decorator.py
[2024-03-05T12:46:21.194+0000] {logging_mixin.py:137} INFO - [2024-03-05T12:46:21.194+0000] {dag.py:2690} INFO - Sync 1 DAGs
[2024-03-05T12:46:21.210+0000] {logging_mixin.py:137} INFO - [2024-03-05T12:46:21.210+0000] {dag.py:3441} INFO - Setting next_dagrun for example_branch_python_operator_decorator to 2024-03-04T00:00:00+00:00, run_after=2024-03-05T00:00:00+00:00
[2024-03-05T12:46:21.220+0000] {processor.py:175} INFO - Processing /home/airflow/.local/lib/python3.7/site-packages/airflow/example_dags/example_branch_operator_decorator.py took 0.057 seconds
[2024-03-05T12:46:51.693+0000] {processor.py:153} INFO - Started process (PID=871) to work on /home/airflow/.local/lib/python3.7/site-packages/airflow/example_dags/example_branch_operator_decorator.py
[2024-03-05T12:46:51.694+0000] {processor.py:743} INFO - Processing file /home/airflow/.local/lib/python3.7/site-packages/airflow/example_dags/example_branch_operator_decorator.py for tasks to queue
[2024-03-05T12:46:51.694+0000] {logging_mixin.py:137} INFO - [2024-03-05T12:46:51.694+0000] {dagbag.py:538} INFO - Filling up the DagBag from /home/airflow/.local/lib/python3.7/site-packages/airflow/example_dags/example_branch_operator_decorator.py
[2024-03-05T12:46:51.708+0000] {processor.py:753} INFO - DAG(s) dict_keys(['example_branch_python_operator_decorator']) retrieved from /home/airflow/.local/lib/python3.7/site-packages/airflow/example_dags/example_branch_operator_decorator.py
[2024-03-05T12:46:51.720+0000] {logging_mixin.py:137} INFO - [2024-03-05T12:46:51.720+0000] {dag.py:2690} INFO - Sync 1 DAGs
[2024-03-05T12:46:51.732+0000] {logging_mixin.py:137} INFO - [2024-03-05T12:46:51.732+0000] {dag.py:3441} INFO - Setting next_dagrun for example_branch_python_operator_decorator to 2024-03-04T00:00:00+00:00, run_after=2024-03-05T00:00:00+00:00
[2024-03-05T12:46:51.740+0000] {processor.py:175} INFO - Processing /home/airflow/.local/lib/python3.7/site-packages/airflow/example_dags/example_branch_operator_decorator.py took 0.049 seconds
[2024-03-05T12:47:22.223+0000] {processor.py:153} INFO - Started process (PID=956) to work on /home/airflow/.local/lib/python3.7/site-packages/airflow/example_dags/example_branch_operator_decorator.py
[2024-03-05T12:47:22.223+0000] {processor.py:743} INFO - Processing file /home/airflow/.local/lib/python3.7/site-packages/airflow/example_dags/example_branch_operator_decorator.py for tasks to queue
[2024-03-05T12:47:22.224+0000] {logging_mixin.py:137} INFO - [2024-03-05T12:47:22.223+0000] {dagbag.py:538} INFO - Filling up the DagBag from /home/airflow/.local/lib/python3.7/site-packages/airflow/example_dags/example_branch_operator_decorator.py
[2024-03-05T12:47:22.235+0000] {processor.py:753} INFO - DAG(s) dict_keys(['example_branch_python_operator_decorator']) retrieved from /home/airflow/.local/lib/python3.7/site-packages/airflow/example_dags/example_branch_operator_decorator.py
[2024-03-05T12:47:22.255+0000] {logging_mixin.py:137} INFO - [2024-03-05T12:47:22.255+0000] {dag.py:2690} INFO - Sync 1 DAGs
[2024-03-05T12:47:22.268+0000] {logging_mixin.py:137} INFO - [2024-03-05T12:47:22.268+0000] {dag.py:3441} INFO - Setting next_dagrun for example_branch_python_operator_decorator to 2024-03-04T00:00:00+00:00, run_after=2024-03-05T00:00:00+00:00
[2024-03-05T12:47:22.277+0000] {processor.py:175} INFO - Processing /home/airflow/.local/lib/python3.7/site-packages/airflow/example_dags/example_branch_operator_decorator.py took 0.056 seconds
[2024-03-05T12:47:53.273+0000] {processor.py:153} INFO - Started process (PID=1050) to work on /home/airflow/.local/lib/python3.7/site-packages/airflow/example_dags/example_branch_operator_decorator.py
[2024-03-05T12:47:53.274+0000] {processor.py:743} INFO - Processing file /home/airflow/.local/lib/python3.7/site-packages/airflow/example_dags/example_branch_operator_decorator.py for tasks to queue
[2024-03-05T12:47:53.274+0000] {logging_mixin.py:137} INFO - [2024-03-05T12:47:53.274+0000] {dagbag.py:538} INFO - Filling up the DagBag from /home/airflow/.local/lib/python3.7/site-packages/airflow/example_dags/example_branch_operator_decorator.py
[2024-03-05T12:47:53.288+0000] {processor.py:753} INFO - DAG(s) dict_keys(['example_branch_python_operator_decorator']) retrieved from /home/airflow/.local/lib/python3.7/site-packages/airflow/example_dags/example_branch_operator_decorator.py
[2024-03-05T12:47:53.302+0000] {logging_mixin.py:137} INFO - [2024-03-05T12:47:53.302+0000] {dag.py:2690} INFO - Sync 1 DAGs
[2024-03-05T12:47:53.316+0000] {logging_mixin.py:137} INFO - [2024-03-05T12:47:53.316+0000] {dag.py:3441} INFO - Setting next_dagrun for example_branch_python_operator_decorator to 2024-03-04T00:00:00+00:00, run_after=2024-03-05T00:00:00+00:00
[2024-03-05T12:47:53.325+0000] {processor.py:175} INFO - Processing /home/airflow/.local/lib/python3.7/site-packages/airflow/example_dags/example_branch_operator_decorator.py took 0.054 seconds
