[2024-03-05T12:19:23.862+0000] {processor.py:153} INFO - Started process (PID=62) to work on /home/airflow/.local/lib/python3.7/site-packages/airflow/example_dags/example_complex.py
[2024-03-05T12:19:23.862+0000] {processor.py:743} INFO - Processing file /home/airflow/.local/lib/python3.7/site-packages/airflow/example_dags/example_complex.py for tasks to queue
[2024-03-05T12:19:23.863+0000] {logging_mixin.py:137} INFO - [2024-03-05T12:19:23.863+0000] {dagbag.py:538} INFO - Filling up the DagBag from /home/airflow/.local/lib/python3.7/site-packages/airflow/example_dags/example_complex.py
[2024-03-05T12:19:23.873+0000] {logging_mixin.py:137} INFO - [2024-03-05T12:19:23.873+0000] {taskmixin.py:205} WARNING - Dependency <Task(BashOperator): create_entry_group>, delete_entry_group already registered for DAG: example_complex
[2024-03-05T12:19:23.873+0000] {logging_mixin.py:137} INFO - [2024-03-05T12:19:23.873+0000] {taskmixin.py:205} WARNING - Dependency <Task(BashOperator): delete_entry_group>, create_entry_group already registered for DAG: example_complex
[2024-03-05T12:19:23.873+0000] {logging_mixin.py:137} INFO - [2024-03-05T12:19:23.873+0000] {taskmixin.py:205} WARNING - Dependency <Task(BashOperator): create_entry_gcs>, delete_entry already registered for DAG: example_complex
[2024-03-05T12:19:23.874+0000] {logging_mixin.py:137} INFO - [2024-03-05T12:19:23.874+0000] {taskmixin.py:205} WARNING - Dependency <Task(BashOperator): delete_entry>, create_entry_gcs already registered for DAG: example_complex
[2024-03-05T12:19:23.874+0000] {logging_mixin.py:137} INFO - [2024-03-05T12:19:23.874+0000] {taskmixin.py:205} WARNING - Dependency <Task(BashOperator): create_tag>, delete_tag already registered for DAG: example_complex
[2024-03-05T12:19:23.874+0000] {logging_mixin.py:137} INFO - [2024-03-05T12:19:23.874+0000] {taskmixin.py:205} WARNING - Dependency <Task(BashOperator): delete_tag>, create_tag already registered for DAG: example_complex
[2024-03-05T12:19:23.879+0000] {processor.py:753} INFO - DAG(s) dict_keys(['example_complex']) retrieved from /home/airflow/.local/lib/python3.7/site-packages/airflow/example_dags/example_complex.py
[2024-03-05T12:19:23.898+0000] {logging_mixin.py:137} INFO - [2024-03-05T12:19:23.898+0000] {dag.py:2690} INFO - Sync 1 DAGs
[2024-03-05T12:19:23.914+0000] {logging_mixin.py:137} INFO - [2024-03-05T12:19:23.914+0000] {dag.py:3441} INFO - Setting next_dagrun for example_complex to None, run_after=None
[2024-03-05T12:19:23.926+0000] {processor.py:175} INFO - Processing /home/airflow/.local/lib/python3.7/site-packages/airflow/example_dags/example_complex.py took 0.067 seconds
[2024-03-05T12:19:54.453+0000] {processor.py:153} INFO - Started process (PID=164) to work on /home/airflow/.local/lib/python3.7/site-packages/airflow/example_dags/example_complex.py
[2024-03-05T12:19:54.453+0000] {processor.py:743} INFO - Processing file /home/airflow/.local/lib/python3.7/site-packages/airflow/example_dags/example_complex.py for tasks to queue
[2024-03-05T12:19:54.454+0000] {logging_mixin.py:137} INFO - [2024-03-05T12:19:54.454+0000] {dagbag.py:538} INFO - Filling up the DagBag from /home/airflow/.local/lib/python3.7/site-packages/airflow/example_dags/example_complex.py
[2024-03-05T12:19:54.459+0000] {logging_mixin.py:137} INFO - [2024-03-05T12:19:54.459+0000] {taskmixin.py:205} WARNING - Dependency <Task(BashOperator): create_entry_group>, delete_entry_group already registered for DAG: example_complex
[2024-03-05T12:19:54.459+0000] {logging_mixin.py:137} INFO - [2024-03-05T12:19:54.459+0000] {taskmixin.py:205} WARNING - Dependency <Task(BashOperator): delete_entry_group>, create_entry_group already registered for DAG: example_complex
[2024-03-05T12:19:54.459+0000] {logging_mixin.py:137} INFO - [2024-03-05T12:19:54.459+0000] {taskmixin.py:205} WARNING - Dependency <Task(BashOperator): create_entry_gcs>, delete_entry already registered for DAG: example_complex
[2024-03-05T12:19:54.459+0000] {logging_mixin.py:137} INFO - [2024-03-05T12:19:54.459+0000] {taskmixin.py:205} WARNING - Dependency <Task(BashOperator): delete_entry>, create_entry_gcs already registered for DAG: example_complex
[2024-03-05T12:19:54.460+0000] {logging_mixin.py:137} INFO - [2024-03-05T12:19:54.460+0000] {taskmixin.py:205} WARNING - Dependency <Task(BashOperator): create_tag>, delete_tag already registered for DAG: example_complex
[2024-03-05T12:19:54.460+0000] {logging_mixin.py:137} INFO - [2024-03-05T12:19:54.460+0000] {taskmixin.py:205} WARNING - Dependency <Task(BashOperator): delete_tag>, create_tag already registered for DAG: example_complex
[2024-03-05T12:19:54.463+0000] {processor.py:753} INFO - DAG(s) dict_keys(['example_complex']) retrieved from /home/airflow/.local/lib/python3.7/site-packages/airflow/example_dags/example_complex.py
[2024-03-05T12:19:54.477+0000] {logging_mixin.py:137} INFO - [2024-03-05T12:19:54.477+0000] {dag.py:2690} INFO - Sync 1 DAGs
[2024-03-05T12:19:54.488+0000] {logging_mixin.py:137} INFO - [2024-03-05T12:19:54.488+0000] {dag.py:3441} INFO - Setting next_dagrun for example_complex to None, run_after=None
[2024-03-05T12:19:54.496+0000] {processor.py:175} INFO - Processing /home/airflow/.local/lib/python3.7/site-packages/airflow/example_dags/example_complex.py took 0.045 seconds
[2024-03-05T12:42:16.041+0000] {processor.py:153} INFO - Started process (PID=62) to work on /home/airflow/.local/lib/python3.7/site-packages/airflow/example_dags/example_complex.py
[2024-03-05T12:42:16.043+0000] {processor.py:743} INFO - Processing file /home/airflow/.local/lib/python3.7/site-packages/airflow/example_dags/example_complex.py for tasks to queue
[2024-03-05T12:42:16.044+0000] {logging_mixin.py:137} INFO - [2024-03-05T12:42:16.044+0000] {dagbag.py:538} INFO - Filling up the DagBag from /home/airflow/.local/lib/python3.7/site-packages/airflow/example_dags/example_complex.py
[2024-03-05T12:42:16.056+0000] {logging_mixin.py:137} INFO - [2024-03-05T12:42:16.056+0000] {taskmixin.py:205} WARNING - Dependency <Task(BashOperator): create_entry_group>, delete_entry_group already registered for DAG: example_complex
[2024-03-05T12:42:16.057+0000] {logging_mixin.py:137} INFO - [2024-03-05T12:42:16.057+0000] {taskmixin.py:205} WARNING - Dependency <Task(BashOperator): delete_entry_group>, create_entry_group already registered for DAG: example_complex
[2024-03-05T12:42:16.058+0000] {logging_mixin.py:137} INFO - [2024-03-05T12:42:16.058+0000] {taskmixin.py:205} WARNING - Dependency <Task(BashOperator): create_entry_gcs>, delete_entry already registered for DAG: example_complex
[2024-03-05T12:42:16.058+0000] {logging_mixin.py:137} INFO - [2024-03-05T12:42:16.058+0000] {taskmixin.py:205} WARNING - Dependency <Task(BashOperator): delete_entry>, create_entry_gcs already registered for DAG: example_complex
[2024-03-05T12:42:16.059+0000] {logging_mixin.py:137} INFO - [2024-03-05T12:42:16.059+0000] {taskmixin.py:205} WARNING - Dependency <Task(BashOperator): create_tag>, delete_tag already registered for DAG: example_complex
[2024-03-05T12:42:16.061+0000] {logging_mixin.py:137} INFO - [2024-03-05T12:42:16.061+0000] {taskmixin.py:205} WARNING - Dependency <Task(BashOperator): delete_tag>, create_tag already registered for DAG: example_complex
[2024-03-05T12:42:16.072+0000] {processor.py:753} INFO - DAG(s) dict_keys(['example_complex']) retrieved from /home/airflow/.local/lib/python3.7/site-packages/airflow/example_dags/example_complex.py
[2024-03-05T12:42:16.078+0000] {logging_mixin.py:137} INFO - [2024-03-05T12:42:16.078+0000] {dag.py:2690} INFO - Sync 1 DAGs
[2024-03-05T12:42:16.097+0000] {logging_mixin.py:137} INFO - [2024-03-05T12:42:16.096+0000] {dag.py:3441} INFO - Setting next_dagrun for example_complex to None, run_after=None
[2024-03-05T12:42:16.111+0000] {processor.py:175} INFO - Processing /home/airflow/.local/lib/python3.7/site-packages/airflow/example_dags/example_complex.py took 0.073 seconds
[2024-03-05T12:42:46.199+0000] {processor.py:153} INFO - Started process (PID=156) to work on /home/airflow/.local/lib/python3.7/site-packages/airflow/example_dags/example_complex.py
[2024-03-05T12:42:46.200+0000] {processor.py:743} INFO - Processing file /home/airflow/.local/lib/python3.7/site-packages/airflow/example_dags/example_complex.py for tasks to queue
[2024-03-05T12:42:46.201+0000] {logging_mixin.py:137} INFO - [2024-03-05T12:42:46.201+0000] {dagbag.py:538} INFO - Filling up the DagBag from /home/airflow/.local/lib/python3.7/site-packages/airflow/example_dags/example_complex.py
[2024-03-05T12:42:46.208+0000] {logging_mixin.py:137} INFO - [2024-03-05T12:42:46.208+0000] {taskmixin.py:205} WARNING - Dependency <Task(BashOperator): create_entry_group>, delete_entry_group already registered for DAG: example_complex
[2024-03-05T12:42:46.209+0000] {logging_mixin.py:137} INFO - [2024-03-05T12:42:46.208+0000] {taskmixin.py:205} WARNING - Dependency <Task(BashOperator): delete_entry_group>, create_entry_group already registered for DAG: example_complex
[2024-03-05T12:42:46.209+0000] {logging_mixin.py:137} INFO - [2024-03-05T12:42:46.209+0000] {taskmixin.py:205} WARNING - Dependency <Task(BashOperator): create_entry_gcs>, delete_entry already registered for DAG: example_complex
[2024-03-05T12:42:46.210+0000] {logging_mixin.py:137} INFO - [2024-03-05T12:42:46.209+0000] {taskmixin.py:205} WARNING - Dependency <Task(BashOperator): delete_entry>, create_entry_gcs already registered for DAG: example_complex
[2024-03-05T12:42:46.210+0000] {logging_mixin.py:137} INFO - [2024-03-05T12:42:46.210+0000] {taskmixin.py:205} WARNING - Dependency <Task(BashOperator): create_tag>, delete_tag already registered for DAG: example_complex
[2024-03-05T12:42:46.211+0000] {logging_mixin.py:137} INFO - [2024-03-05T12:42:46.210+0000] {taskmixin.py:205} WARNING - Dependency <Task(BashOperator): delete_tag>, create_tag already registered for DAG: example_complex
[2024-03-05T12:42:46.215+0000] {processor.py:753} INFO - DAG(s) dict_keys(['example_complex']) retrieved from /home/airflow/.local/lib/python3.7/site-packages/airflow/example_dags/example_complex.py
[2024-03-05T12:42:46.233+0000] {logging_mixin.py:137} INFO - [2024-03-05T12:42:46.233+0000] {dag.py:2690} INFO - Sync 1 DAGs
[2024-03-05T12:42:46.246+0000] {logging_mixin.py:137} INFO - [2024-03-05T12:42:46.246+0000] {dag.py:3441} INFO - Setting next_dagrun for example_complex to None, run_after=None
[2024-03-05T12:42:46.258+0000] {processor.py:175} INFO - Processing /home/airflow/.local/lib/python3.7/site-packages/airflow/example_dags/example_complex.py took 0.061 seconds
[2024-03-05T12:43:17.007+0000] {processor.py:153} INFO - Started process (PID=232) to work on /home/airflow/.local/lib/python3.7/site-packages/airflow/example_dags/example_complex.py
[2024-03-05T12:43:17.007+0000] {processor.py:743} INFO - Processing file /home/airflow/.local/lib/python3.7/site-packages/airflow/example_dags/example_complex.py for tasks to queue
[2024-03-05T12:43:17.008+0000] {logging_mixin.py:137} INFO - [2024-03-05T12:43:17.008+0000] {dagbag.py:538} INFO - Filling up the DagBag from /home/airflow/.local/lib/python3.7/site-packages/airflow/example_dags/example_complex.py
[2024-03-05T12:43:17.013+0000] {logging_mixin.py:137} INFO - [2024-03-05T12:43:17.013+0000] {taskmixin.py:205} WARNING - Dependency <Task(BashOperator): create_entry_group>, delete_entry_group already registered for DAG: example_complex
[2024-03-05T12:43:17.013+0000] {logging_mixin.py:137} INFO - [2024-03-05T12:43:17.013+0000] {taskmixin.py:205} WARNING - Dependency <Task(BashOperator): delete_entry_group>, create_entry_group already registered for DAG: example_complex
[2024-03-05T12:43:17.014+0000] {logging_mixin.py:137} INFO - [2024-03-05T12:43:17.014+0000] {taskmixin.py:205} WARNING - Dependency <Task(BashOperator): create_entry_gcs>, delete_entry already registered for DAG: example_complex
[2024-03-05T12:43:17.014+0000] {logging_mixin.py:137} INFO - [2024-03-05T12:43:17.014+0000] {taskmixin.py:205} WARNING - Dependency <Task(BashOperator): delete_entry>, create_entry_gcs already registered for DAG: example_complex
[2024-03-05T12:43:17.014+0000] {logging_mixin.py:137} INFO - [2024-03-05T12:43:17.014+0000] {taskmixin.py:205} WARNING - Dependency <Task(BashOperator): create_tag>, delete_tag already registered for DAG: example_complex
[2024-03-05T12:43:17.014+0000] {logging_mixin.py:137} INFO - [2024-03-05T12:43:17.014+0000] {taskmixin.py:205} WARNING - Dependency <Task(BashOperator): delete_tag>, create_tag already registered for DAG: example_complex
[2024-03-05T12:43:17.018+0000] {processor.py:753} INFO - DAG(s) dict_keys(['example_complex']) retrieved from /home/airflow/.local/lib/python3.7/site-packages/airflow/example_dags/example_complex.py
[2024-03-05T12:43:17.033+0000] {logging_mixin.py:137} INFO - [2024-03-05T12:43:17.033+0000] {dag.py:2690} INFO - Sync 1 DAGs
[2024-03-05T12:43:17.044+0000] {logging_mixin.py:137} INFO - [2024-03-05T12:43:17.044+0000] {dag.py:3441} INFO - Setting next_dagrun for example_complex to None, run_after=None
[2024-03-05T12:43:17.052+0000] {processor.py:175} INFO - Processing /home/airflow/.local/lib/python3.7/site-packages/airflow/example_dags/example_complex.py took 0.047 seconds
[2024-03-05T12:43:47.797+0000] {processor.py:153} INFO - Started process (PID=326) to work on /home/airflow/.local/lib/python3.7/site-packages/airflow/example_dags/example_complex.py
[2024-03-05T12:43:47.798+0000] {processor.py:743} INFO - Processing file /home/airflow/.local/lib/python3.7/site-packages/airflow/example_dags/example_complex.py for tasks to queue
[2024-03-05T12:43:47.799+0000] {logging_mixin.py:137} INFO - [2024-03-05T12:43:47.799+0000] {dagbag.py:538} INFO - Filling up the DagBag from /home/airflow/.local/lib/python3.7/site-packages/airflow/example_dags/example_complex.py
[2024-03-05T12:43:47.806+0000] {logging_mixin.py:137} INFO - [2024-03-05T12:43:47.806+0000] {taskmixin.py:205} WARNING - Dependency <Task(BashOperator): create_entry_group>, delete_entry_group already registered for DAG: example_complex
[2024-03-05T12:43:47.807+0000] {logging_mixin.py:137} INFO - [2024-03-05T12:43:47.807+0000] {taskmixin.py:205} WARNING - Dependency <Task(BashOperator): delete_entry_group>, create_entry_group already registered for DAG: example_complex
[2024-03-05T12:43:47.807+0000] {logging_mixin.py:137} INFO - [2024-03-05T12:43:47.807+0000] {taskmixin.py:205} WARNING - Dependency <Task(BashOperator): create_entry_gcs>, delete_entry already registered for DAG: example_complex
[2024-03-05T12:43:47.807+0000] {logging_mixin.py:137} INFO - [2024-03-05T12:43:47.807+0000] {taskmixin.py:205} WARNING - Dependency <Task(BashOperator): delete_entry>, create_entry_gcs already registered for DAG: example_complex
[2024-03-05T12:43:47.807+0000] {logging_mixin.py:137} INFO - [2024-03-05T12:43:47.807+0000] {taskmixin.py:205} WARNING - Dependency <Task(BashOperator): create_tag>, delete_tag already registered for DAG: example_complex
[2024-03-05T12:43:47.807+0000] {logging_mixin.py:137} INFO - [2024-03-05T12:43:47.807+0000] {taskmixin.py:205} WARNING - Dependency <Task(BashOperator): delete_tag>, create_tag already registered for DAG: example_complex
[2024-03-05T12:43:47.811+0000] {processor.py:753} INFO - DAG(s) dict_keys(['example_complex']) retrieved from /home/airflow/.local/lib/python3.7/site-packages/airflow/example_dags/example_complex.py
[2024-03-05T12:43:47.830+0000] {logging_mixin.py:137} INFO - [2024-03-05T12:43:47.830+0000] {dag.py:2690} INFO - Sync 1 DAGs
[2024-03-05T12:43:47.845+0000] {logging_mixin.py:137} INFO - [2024-03-05T12:43:47.845+0000] {dag.py:3441} INFO - Setting next_dagrun for example_complex to None, run_after=None
[2024-03-05T12:43:47.856+0000] {processor.py:175} INFO - Processing /home/airflow/.local/lib/python3.7/site-packages/airflow/example_dags/example_complex.py took 0.062 seconds
[2024-03-05T12:44:18.322+0000] {processor.py:153} INFO - Started process (PID=419) to work on /home/airflow/.local/lib/python3.7/site-packages/airflow/example_dags/example_complex.py
[2024-03-05T12:44:18.323+0000] {processor.py:743} INFO - Processing file /home/airflow/.local/lib/python3.7/site-packages/airflow/example_dags/example_complex.py for tasks to queue
[2024-03-05T12:44:18.327+0000] {logging_mixin.py:137} INFO - [2024-03-05T12:44:18.327+0000] {dagbag.py:538} INFO - Filling up the DagBag from /home/airflow/.local/lib/python3.7/site-packages/airflow/example_dags/example_complex.py
[2024-03-05T12:44:18.334+0000] {logging_mixin.py:137} INFO - [2024-03-05T12:44:18.334+0000] {taskmixin.py:205} WARNING - Dependency <Task(BashOperator): create_entry_group>, delete_entry_group already registered for DAG: example_complex
[2024-03-05T12:44:18.334+0000] {logging_mixin.py:137} INFO - [2024-03-05T12:44:18.334+0000] {taskmixin.py:205} WARNING - Dependency <Task(BashOperator): delete_entry_group>, create_entry_group already registered for DAG: example_complex
[2024-03-05T12:44:18.334+0000] {logging_mixin.py:137} INFO - [2024-03-05T12:44:18.334+0000] {taskmixin.py:205} WARNING - Dependency <Task(BashOperator): create_entry_gcs>, delete_entry already registered for DAG: example_complex
[2024-03-05T12:44:18.334+0000] {logging_mixin.py:137} INFO - [2024-03-05T12:44:18.334+0000] {taskmixin.py:205} WARNING - Dependency <Task(BashOperator): delete_entry>, create_entry_gcs already registered for DAG: example_complex
[2024-03-05T12:44:18.335+0000] {logging_mixin.py:137} INFO - [2024-03-05T12:44:18.335+0000] {taskmixin.py:205} WARNING - Dependency <Task(BashOperator): create_tag>, delete_tag already registered for DAG: example_complex
[2024-03-05T12:44:18.335+0000] {logging_mixin.py:137} INFO - [2024-03-05T12:44:18.335+0000] {taskmixin.py:205} WARNING - Dependency <Task(BashOperator): delete_tag>, create_tag already registered for DAG: example_complex
[2024-03-05T12:44:18.339+0000] {processor.py:753} INFO - DAG(s) dict_keys(['example_complex']) retrieved from /home/airflow/.local/lib/python3.7/site-packages/airflow/example_dags/example_complex.py
[2024-03-05T12:44:18.356+0000] {logging_mixin.py:137} INFO - [2024-03-05T12:44:18.356+0000] {dag.py:2690} INFO - Sync 1 DAGs
[2024-03-05T12:44:18.368+0000] {logging_mixin.py:137} INFO - [2024-03-05T12:44:18.368+0000] {dag.py:3441} INFO - Setting next_dagrun for example_complex to None, run_after=None
[2024-03-05T12:44:18.377+0000] {processor.py:175} INFO - Processing /home/airflow/.local/lib/python3.7/site-packages/airflow/example_dags/example_complex.py took 0.058 seconds
[2024-03-05T12:44:48.961+0000] {processor.py:153} INFO - Started process (PID=513) to work on /home/airflow/.local/lib/python3.7/site-packages/airflow/example_dags/example_complex.py
[2024-03-05T12:44:48.962+0000] {processor.py:743} INFO - Processing file /home/airflow/.local/lib/python3.7/site-packages/airflow/example_dags/example_complex.py for tasks to queue
[2024-03-05T12:44:48.962+0000] {logging_mixin.py:137} INFO - [2024-03-05T12:44:48.962+0000] {dagbag.py:538} INFO - Filling up the DagBag from /home/airflow/.local/lib/python3.7/site-packages/airflow/example_dags/example_complex.py
[2024-03-05T12:44:48.969+0000] {logging_mixin.py:137} INFO - [2024-03-05T12:44:48.969+0000] {taskmixin.py:205} WARNING - Dependency <Task(BashOperator): create_entry_group>, delete_entry_group already registered for DAG: example_complex
[2024-03-05T12:44:48.970+0000] {logging_mixin.py:137} INFO - [2024-03-05T12:44:48.970+0000] {taskmixin.py:205} WARNING - Dependency <Task(BashOperator): delete_entry_group>, create_entry_group already registered for DAG: example_complex
[2024-03-05T12:44:48.970+0000] {logging_mixin.py:137} INFO - [2024-03-05T12:44:48.970+0000] {taskmixin.py:205} WARNING - Dependency <Task(BashOperator): create_entry_gcs>, delete_entry already registered for DAG: example_complex
[2024-03-05T12:44:48.970+0000] {logging_mixin.py:137} INFO - [2024-03-05T12:44:48.970+0000] {taskmixin.py:205} WARNING - Dependency <Task(BashOperator): delete_entry>, create_entry_gcs already registered for DAG: example_complex
[2024-03-05T12:44:48.971+0000] {logging_mixin.py:137} INFO - [2024-03-05T12:44:48.971+0000] {taskmixin.py:205} WARNING - Dependency <Task(BashOperator): create_tag>, delete_tag already registered for DAG: example_complex
[2024-03-05T12:44:48.971+0000] {logging_mixin.py:137} INFO - [2024-03-05T12:44:48.971+0000] {taskmixin.py:205} WARNING - Dependency <Task(BashOperator): delete_tag>, create_tag already registered for DAG: example_complex
[2024-03-05T12:44:48.975+0000] {processor.py:753} INFO - DAG(s) dict_keys(['example_complex']) retrieved from /home/airflow/.local/lib/python3.7/site-packages/airflow/example_dags/example_complex.py
[2024-03-05T12:44:48.992+0000] {logging_mixin.py:137} INFO - [2024-03-05T12:44:48.992+0000] {dag.py:2690} INFO - Sync 1 DAGs
[2024-03-05T12:44:49.005+0000] {logging_mixin.py:137} INFO - [2024-03-05T12:44:49.005+0000] {dag.py:3441} INFO - Setting next_dagrun for example_complex to None, run_after=None
[2024-03-05T12:44:49.015+0000] {processor.py:175} INFO - Processing /home/airflow/.local/lib/python3.7/site-packages/airflow/example_dags/example_complex.py took 0.056 seconds
[2024-03-05T12:45:19.444+0000] {processor.py:153} INFO - Started process (PID=589) to work on /home/airflow/.local/lib/python3.7/site-packages/airflow/example_dags/example_complex.py
[2024-03-05T12:45:19.445+0000] {processor.py:743} INFO - Processing file /home/airflow/.local/lib/python3.7/site-packages/airflow/example_dags/example_complex.py for tasks to queue
[2024-03-05T12:45:19.446+0000] {logging_mixin.py:137} INFO - [2024-03-05T12:45:19.446+0000] {dagbag.py:538} INFO - Filling up the DagBag from /home/airflow/.local/lib/python3.7/site-packages/airflow/example_dags/example_complex.py
[2024-03-05T12:45:19.454+0000] {logging_mixin.py:137} INFO - [2024-03-05T12:45:19.454+0000] {taskmixin.py:205} WARNING - Dependency <Task(BashOperator): create_entry_group>, delete_entry_group already registered for DAG: example_complex
[2024-03-05T12:45:19.454+0000] {logging_mixin.py:137} INFO - [2024-03-05T12:45:19.454+0000] {taskmixin.py:205} WARNING - Dependency <Task(BashOperator): delete_entry_group>, create_entry_group already registered for DAG: example_complex
[2024-03-05T12:45:19.455+0000] {logging_mixin.py:137} INFO - [2024-03-05T12:45:19.455+0000] {taskmixin.py:205} WARNING - Dependency <Task(BashOperator): create_entry_gcs>, delete_entry already registered for DAG: example_complex
[2024-03-05T12:45:19.455+0000] {logging_mixin.py:137} INFO - [2024-03-05T12:45:19.455+0000] {taskmixin.py:205} WARNING - Dependency <Task(BashOperator): delete_entry>, create_entry_gcs already registered for DAG: example_complex
[2024-03-05T12:45:19.455+0000] {logging_mixin.py:137} INFO - [2024-03-05T12:45:19.455+0000] {taskmixin.py:205} WARNING - Dependency <Task(BashOperator): create_tag>, delete_tag already registered for DAG: example_complex
[2024-03-05T12:45:19.456+0000] {logging_mixin.py:137} INFO - [2024-03-05T12:45:19.456+0000] {taskmixin.py:205} WARNING - Dependency <Task(BashOperator): delete_tag>, create_tag already registered for DAG: example_complex
[2024-03-05T12:45:19.459+0000] {processor.py:753} INFO - DAG(s) dict_keys(['example_complex']) retrieved from /home/airflow/.local/lib/python3.7/site-packages/airflow/example_dags/example_complex.py
[2024-03-05T12:45:19.478+0000] {logging_mixin.py:137} INFO - [2024-03-05T12:45:19.478+0000] {dag.py:2690} INFO - Sync 1 DAGs
[2024-03-05T12:45:19.491+0000] {logging_mixin.py:137} INFO - [2024-03-05T12:45:19.491+0000] {dag.py:3441} INFO - Setting next_dagrun for example_complex to None, run_after=None
[2024-03-05T12:45:19.506+0000] {processor.py:175} INFO - Processing /home/airflow/.local/lib/python3.7/site-packages/airflow/example_dags/example_complex.py took 0.064 seconds
[2024-03-05T12:45:50.008+0000] {processor.py:153} INFO - Started process (PID=683) to work on /home/airflow/.local/lib/python3.7/site-packages/airflow/example_dags/example_complex.py
[2024-03-05T12:45:50.008+0000] {processor.py:743} INFO - Processing file /home/airflow/.local/lib/python3.7/site-packages/airflow/example_dags/example_complex.py for tasks to queue
[2024-03-05T12:45:50.009+0000] {logging_mixin.py:137} INFO - [2024-03-05T12:45:50.009+0000] {dagbag.py:538} INFO - Filling up the DagBag from /home/airflow/.local/lib/python3.7/site-packages/airflow/example_dags/example_complex.py
[2024-03-05T12:45:50.014+0000] {logging_mixin.py:137} INFO - [2024-03-05T12:45:50.014+0000] {taskmixin.py:205} WARNING - Dependency <Task(BashOperator): create_entry_group>, delete_entry_group already registered for DAG: example_complex
[2024-03-05T12:45:50.014+0000] {logging_mixin.py:137} INFO - [2024-03-05T12:45:50.014+0000] {taskmixin.py:205} WARNING - Dependency <Task(BashOperator): delete_entry_group>, create_entry_group already registered for DAG: example_complex
[2024-03-05T12:45:50.015+0000] {logging_mixin.py:137} INFO - [2024-03-05T12:45:50.015+0000] {taskmixin.py:205} WARNING - Dependency <Task(BashOperator): create_entry_gcs>, delete_entry already registered for DAG: example_complex
[2024-03-05T12:45:50.015+0000] {logging_mixin.py:137} INFO - [2024-03-05T12:45:50.015+0000] {taskmixin.py:205} WARNING - Dependency <Task(BashOperator): delete_entry>, create_entry_gcs already registered for DAG: example_complex
[2024-03-05T12:45:50.015+0000] {logging_mixin.py:137} INFO - [2024-03-05T12:45:50.015+0000] {taskmixin.py:205} WARNING - Dependency <Task(BashOperator): create_tag>, delete_tag already registered for DAG: example_complex
[2024-03-05T12:45:50.015+0000] {logging_mixin.py:137} INFO - [2024-03-05T12:45:50.015+0000] {taskmixin.py:205} WARNING - Dependency <Task(BashOperator): delete_tag>, create_tag already registered for DAG: example_complex
[2024-03-05T12:45:50.019+0000] {processor.py:753} INFO - DAG(s) dict_keys(['example_complex']) retrieved from /home/airflow/.local/lib/python3.7/site-packages/airflow/example_dags/example_complex.py
[2024-03-05T12:45:50.033+0000] {logging_mixin.py:137} INFO - [2024-03-05T12:45:50.033+0000] {dag.py:2690} INFO - Sync 1 DAGs
[2024-03-05T12:45:50.045+0000] {logging_mixin.py:137} INFO - [2024-03-05T12:45:50.045+0000] {dag.py:3441} INFO - Setting next_dagrun for example_complex to None, run_after=None
[2024-03-05T12:45:50.053+0000] {processor.py:175} INFO - Processing /home/airflow/.local/lib/python3.7/site-packages/airflow/example_dags/example_complex.py took 0.047 seconds
[2024-03-05T12:46:20.766+0000] {processor.py:153} INFO - Started process (PID=777) to work on /home/airflow/.local/lib/python3.7/site-packages/airflow/example_dags/example_complex.py
[2024-03-05T12:46:20.767+0000] {processor.py:743} INFO - Processing file /home/airflow/.local/lib/python3.7/site-packages/airflow/example_dags/example_complex.py for tasks to queue
[2024-03-05T12:46:20.767+0000] {logging_mixin.py:137} INFO - [2024-03-05T12:46:20.767+0000] {dagbag.py:538} INFO - Filling up the DagBag from /home/airflow/.local/lib/python3.7/site-packages/airflow/example_dags/example_complex.py
[2024-03-05T12:46:20.773+0000] {logging_mixin.py:137} INFO - [2024-03-05T12:46:20.773+0000] {taskmixin.py:205} WARNING - Dependency <Task(BashOperator): create_entry_group>, delete_entry_group already registered for DAG: example_complex
[2024-03-05T12:46:20.773+0000] {logging_mixin.py:137} INFO - [2024-03-05T12:46:20.773+0000] {taskmixin.py:205} WARNING - Dependency <Task(BashOperator): delete_entry_group>, create_entry_group already registered for DAG: example_complex
[2024-03-05T12:46:20.774+0000] {logging_mixin.py:137} INFO - [2024-03-05T12:46:20.774+0000] {taskmixin.py:205} WARNING - Dependency <Task(BashOperator): create_entry_gcs>, delete_entry already registered for DAG: example_complex
[2024-03-05T12:46:20.774+0000] {logging_mixin.py:137} INFO - [2024-03-05T12:46:20.774+0000] {taskmixin.py:205} WARNING - Dependency <Task(BashOperator): delete_entry>, create_entry_gcs already registered for DAG: example_complex
[2024-03-05T12:46:20.774+0000] {logging_mixin.py:137} INFO - [2024-03-05T12:46:20.774+0000] {taskmixin.py:205} WARNING - Dependency <Task(BashOperator): create_tag>, delete_tag already registered for DAG: example_complex
[2024-03-05T12:46:20.775+0000] {logging_mixin.py:137} INFO - [2024-03-05T12:46:20.775+0000] {taskmixin.py:205} WARNING - Dependency <Task(BashOperator): delete_tag>, create_tag already registered for DAG: example_complex
[2024-03-05T12:46:20.778+0000] {processor.py:753} INFO - DAG(s) dict_keys(['example_complex']) retrieved from /home/airflow/.local/lib/python3.7/site-packages/airflow/example_dags/example_complex.py
[2024-03-05T12:46:20.802+0000] {logging_mixin.py:137} INFO - [2024-03-05T12:46:20.802+0000] {dag.py:2690} INFO - Sync 1 DAGs
[2024-03-05T12:46:20.814+0000] {logging_mixin.py:137} INFO - [2024-03-05T12:46:20.814+0000] {dag.py:3441} INFO - Setting next_dagrun for example_complex to None, run_after=None
[2024-03-05T12:46:20.826+0000] {processor.py:175} INFO - Processing /home/airflow/.local/lib/python3.7/site-packages/airflow/example_dags/example_complex.py took 0.062 seconds
[2024-03-05T12:46:51.389+0000] {processor.py:153} INFO - Started process (PID=853) to work on /home/airflow/.local/lib/python3.7/site-packages/airflow/example_dags/example_complex.py
[2024-03-05T12:46:51.390+0000] {processor.py:743} INFO - Processing file /home/airflow/.local/lib/python3.7/site-packages/airflow/example_dags/example_complex.py for tasks to queue
[2024-03-05T12:46:51.390+0000] {logging_mixin.py:137} INFO - [2024-03-05T12:46:51.390+0000] {dagbag.py:538} INFO - Filling up the DagBag from /home/airflow/.local/lib/python3.7/site-packages/airflow/example_dags/example_complex.py
[2024-03-05T12:46:51.396+0000] {logging_mixin.py:137} INFO - [2024-03-05T12:46:51.396+0000] {taskmixin.py:205} WARNING - Dependency <Task(BashOperator): create_entry_group>, delete_entry_group already registered for DAG: example_complex
[2024-03-05T12:46:51.396+0000] {logging_mixin.py:137} INFO - [2024-03-05T12:46:51.396+0000] {taskmixin.py:205} WARNING - Dependency <Task(BashOperator): delete_entry_group>, create_entry_group already registered for DAG: example_complex
[2024-03-05T12:46:51.396+0000] {logging_mixin.py:137} INFO - [2024-03-05T12:46:51.396+0000] {taskmixin.py:205} WARNING - Dependency <Task(BashOperator): create_entry_gcs>, delete_entry already registered for DAG: example_complex
[2024-03-05T12:46:51.396+0000] {logging_mixin.py:137} INFO - [2024-03-05T12:46:51.396+0000] {taskmixin.py:205} WARNING - Dependency <Task(BashOperator): delete_entry>, create_entry_gcs already registered for DAG: example_complex
[2024-03-05T12:46:51.396+0000] {logging_mixin.py:137} INFO - [2024-03-05T12:46:51.396+0000] {taskmixin.py:205} WARNING - Dependency <Task(BashOperator): create_tag>, delete_tag already registered for DAG: example_complex
[2024-03-05T12:46:51.396+0000] {logging_mixin.py:137} INFO - [2024-03-05T12:46:51.396+0000] {taskmixin.py:205} WARNING - Dependency <Task(BashOperator): delete_tag>, create_tag already registered for DAG: example_complex
[2024-03-05T12:46:51.399+0000] {processor.py:753} INFO - DAG(s) dict_keys(['example_complex']) retrieved from /home/airflow/.local/lib/python3.7/site-packages/airflow/example_dags/example_complex.py
[2024-03-05T12:46:51.414+0000] {logging_mixin.py:137} INFO - [2024-03-05T12:46:51.414+0000] {dag.py:2690} INFO - Sync 1 DAGs
[2024-03-05T12:46:51.425+0000] {logging_mixin.py:137} INFO - [2024-03-05T12:46:51.425+0000] {dag.py:3441} INFO - Setting next_dagrun for example_complex to None, run_after=None
[2024-03-05T12:46:51.432+0000] {processor.py:175} INFO - Processing /home/airflow/.local/lib/python3.7/site-packages/airflow/example_dags/example_complex.py took 0.045 seconds
[2024-03-05T12:47:21.924+0000] {processor.py:153} INFO - Started process (PID=947) to work on /home/airflow/.local/lib/python3.7/site-packages/airflow/example_dags/example_complex.py
[2024-03-05T12:47:21.925+0000] {processor.py:743} INFO - Processing file /home/airflow/.local/lib/python3.7/site-packages/airflow/example_dags/example_complex.py for tasks to queue
[2024-03-05T12:47:21.925+0000] {logging_mixin.py:137} INFO - [2024-03-05T12:47:21.925+0000] {dagbag.py:538} INFO - Filling up the DagBag from /home/airflow/.local/lib/python3.7/site-packages/airflow/example_dags/example_complex.py
[2024-03-05T12:47:21.931+0000] {logging_mixin.py:137} INFO - [2024-03-05T12:47:21.930+0000] {taskmixin.py:205} WARNING - Dependency <Task(BashOperator): create_entry_group>, delete_entry_group already registered for DAG: example_complex
[2024-03-05T12:47:21.931+0000] {logging_mixin.py:137} INFO - [2024-03-05T12:47:21.931+0000] {taskmixin.py:205} WARNING - Dependency <Task(BashOperator): delete_entry_group>, create_entry_group already registered for DAG: example_complex
[2024-03-05T12:47:21.931+0000] {logging_mixin.py:137} INFO - [2024-03-05T12:47:21.931+0000] {taskmixin.py:205} WARNING - Dependency <Task(BashOperator): create_entry_gcs>, delete_entry already registered for DAG: example_complex
[2024-03-05T12:47:21.931+0000] {logging_mixin.py:137} INFO - [2024-03-05T12:47:21.931+0000] {taskmixin.py:205} WARNING - Dependency <Task(BashOperator): delete_entry>, create_entry_gcs already registered for DAG: example_complex
[2024-03-05T12:47:21.931+0000] {logging_mixin.py:137} INFO - [2024-03-05T12:47:21.931+0000] {taskmixin.py:205} WARNING - Dependency <Task(BashOperator): create_tag>, delete_tag already registered for DAG: example_complex
[2024-03-05T12:47:21.932+0000] {logging_mixin.py:137} INFO - [2024-03-05T12:47:21.932+0000] {taskmixin.py:205} WARNING - Dependency <Task(BashOperator): delete_tag>, create_tag already registered for DAG: example_complex
[2024-03-05T12:47:21.935+0000] {processor.py:753} INFO - DAG(s) dict_keys(['example_complex']) retrieved from /home/airflow/.local/lib/python3.7/site-packages/airflow/example_dags/example_complex.py
[2024-03-05T12:47:21.950+0000] {logging_mixin.py:137} INFO - [2024-03-05T12:47:21.950+0000] {dag.py:2690} INFO - Sync 1 DAGs
[2024-03-05T12:47:21.962+0000] {logging_mixin.py:137} INFO - [2024-03-05T12:47:21.962+0000] {dag.py:3441} INFO - Setting next_dagrun for example_complex to None, run_after=None
[2024-03-05T12:47:21.972+0000] {processor.py:175} INFO - Processing /home/airflow/.local/lib/python3.7/site-packages/airflow/example_dags/example_complex.py took 0.049 seconds
[2024-03-05T12:47:52.675+0000] {processor.py:153} INFO - Started process (PID=1041) to work on /home/airflow/.local/lib/python3.7/site-packages/airflow/example_dags/example_complex.py
[2024-03-05T12:47:52.676+0000] {processor.py:743} INFO - Processing file /home/airflow/.local/lib/python3.7/site-packages/airflow/example_dags/example_complex.py for tasks to queue
[2024-03-05T12:47:52.677+0000] {logging_mixin.py:137} INFO - [2024-03-05T12:47:52.677+0000] {dagbag.py:538} INFO - Filling up the DagBag from /home/airflow/.local/lib/python3.7/site-packages/airflow/example_dags/example_complex.py
[2024-03-05T12:47:52.684+0000] {logging_mixin.py:137} INFO - [2024-03-05T12:47:52.684+0000] {taskmixin.py:205} WARNING - Dependency <Task(BashOperator): create_entry_group>, delete_entry_group already registered for DAG: example_complex
[2024-03-05T12:47:52.684+0000] {logging_mixin.py:137} INFO - [2024-03-05T12:47:52.684+0000] {taskmixin.py:205} WARNING - Dependency <Task(BashOperator): delete_entry_group>, create_entry_group already registered for DAG: example_complex
[2024-03-05T12:47:52.684+0000] {logging_mixin.py:137} INFO - [2024-03-05T12:47:52.684+0000] {taskmixin.py:205} WARNING - Dependency <Task(BashOperator): create_entry_gcs>, delete_entry already registered for DAG: example_complex
[2024-03-05T12:47:52.685+0000] {logging_mixin.py:137} INFO - [2024-03-05T12:47:52.684+0000] {taskmixin.py:205} WARNING - Dependency <Task(BashOperator): delete_entry>, create_entry_gcs already registered for DAG: example_complex
[2024-03-05T12:47:52.685+0000] {logging_mixin.py:137} INFO - [2024-03-05T12:47:52.685+0000] {taskmixin.py:205} WARNING - Dependency <Task(BashOperator): create_tag>, delete_tag already registered for DAG: example_complex
[2024-03-05T12:47:52.685+0000] {logging_mixin.py:137} INFO - [2024-03-05T12:47:52.685+0000] {taskmixin.py:205} WARNING - Dependency <Task(BashOperator): delete_tag>, create_tag already registered for DAG: example_complex
[2024-03-05T12:47:52.689+0000] {processor.py:753} INFO - DAG(s) dict_keys(['example_complex']) retrieved from /home/airflow/.local/lib/python3.7/site-packages/airflow/example_dags/example_complex.py
[2024-03-05T12:47:52.705+0000] {logging_mixin.py:137} INFO - [2024-03-05T12:47:52.705+0000] {dag.py:2690} INFO - Sync 1 DAGs
[2024-03-05T12:47:52.717+0000] {logging_mixin.py:137} INFO - [2024-03-05T12:47:52.717+0000] {dag.py:3441} INFO - Setting next_dagrun for example_complex to None, run_after=None
[2024-03-05T12:47:52.726+0000] {processor.py:175} INFO - Processing /home/airflow/.local/lib/python3.7/site-packages/airflow/example_dags/example_complex.py took 0.053 seconds
