[2024-03-05T12:19:23.691+0000] {processor.py:153} INFO - Started process (PID=57) to work on /home/airflow/.local/lib/python3.7/site-packages/airflow/example_dags/example_branch_operator.py
[2024-03-05T12:19:23.691+0000] {processor.py:743} INFO - Processing file /home/airflow/.local/lib/python3.7/site-packages/airflow/example_dags/example_branch_operator.py for tasks to queue
[2024-03-05T12:19:23.692+0000] {logging_mixin.py:137} INFO - [2024-03-05T12:19:23.692+0000] {dagbag.py:538} INFO - Filling up the DagBag from /home/airflow/.local/lib/python3.7/site-packages/airflow/example_dags/example_branch_operator.py
[2024-03-05T12:19:23.704+0000] {processor.py:753} INFO - DAG(s) dict_keys(['example_branch_operator']) retrieved from /home/airflow/.local/lib/python3.7/site-packages/airflow/example_dags/example_branch_operator.py
[2024-03-05T12:19:23.719+0000] {logging_mixin.py:137} INFO - [2024-03-05T12:19:23.719+0000] {dag.py:2690} INFO - Sync 1 DAGs
[2024-03-05T12:19:23.732+0000] {logging_mixin.py:137} INFO - [2024-03-05T12:19:23.732+0000] {dag.py:3441} INFO - Setting next_dagrun for example_branch_operator to 2024-03-04T00:00:00+00:00, run_after=2024-03-05T00:00:00+00:00
[2024-03-05T12:19:23.742+0000] {processor.py:175} INFO - Processing /home/airflow/.local/lib/python3.7/site-packages/airflow/example_dags/example_branch_operator.py took 0.054 seconds
[2024-03-05T12:19:54.328+0000] {processor.py:153} INFO - Started process (PID=159) to work on /home/airflow/.local/lib/python3.7/site-packages/airflow/example_dags/example_branch_operator.py
[2024-03-05T12:19:54.328+0000] {processor.py:743} INFO - Processing file /home/airflow/.local/lib/python3.7/site-packages/airflow/example_dags/example_branch_operator.py for tasks to queue
[2024-03-05T12:19:54.329+0000] {logging_mixin.py:137} INFO - [2024-03-05T12:19:54.329+0000] {dagbag.py:538} INFO - Filling up the DagBag from /home/airflow/.local/lib/python3.7/site-packages/airflow/example_dags/example_branch_operator.py
[2024-03-05T12:19:54.337+0000] {processor.py:753} INFO - DAG(s) dict_keys(['example_branch_operator']) retrieved from /home/airflow/.local/lib/python3.7/site-packages/airflow/example_dags/example_branch_operator.py
[2024-03-05T12:19:54.350+0000] {logging_mixin.py:137} INFO - [2024-03-05T12:19:54.350+0000] {dag.py:2690} INFO - Sync 1 DAGs
[2024-03-05T12:19:54.362+0000] {logging_mixin.py:137} INFO - [2024-03-05T12:19:54.362+0000] {dag.py:3441} INFO - Setting next_dagrun for example_branch_operator to 2024-03-04T00:00:00+00:00, run_after=2024-03-05T00:00:00+00:00
[2024-03-05T12:19:54.370+0000] {processor.py:175} INFO - Processing /home/airflow/.local/lib/python3.7/site-packages/airflow/example_dags/example_branch_operator.py took 0.044 seconds
[2024-03-05T12:42:15.821+0000] {processor.py:153} INFO - Started process (PID=57) to work on /home/airflow/.local/lib/python3.7/site-packages/airflow/example_dags/example_branch_operator.py
[2024-03-05T12:42:15.822+0000] {processor.py:743} INFO - Processing file /home/airflow/.local/lib/python3.7/site-packages/airflow/example_dags/example_branch_operator.py for tasks to queue
[2024-03-05T12:42:15.823+0000] {logging_mixin.py:137} INFO - [2024-03-05T12:42:15.823+0000] {dagbag.py:538} INFO - Filling up the DagBag from /home/airflow/.local/lib/python3.7/site-packages/airflow/example_dags/example_branch_operator.py
[2024-03-05T12:42:15.833+0000] {processor.py:753} INFO - DAG(s) dict_keys(['example_branch_operator']) retrieved from /home/airflow/.local/lib/python3.7/site-packages/airflow/example_dags/example_branch_operator.py
[2024-03-05T12:42:15.849+0000] {logging_mixin.py:137} INFO - [2024-03-05T12:42:15.849+0000] {dag.py:2690} INFO - Sync 1 DAGs
[2024-03-05T12:42:15.869+0000] {logging_mixin.py:137} INFO - [2024-03-05T12:42:15.868+0000] {dag.py:3441} INFO - Setting next_dagrun for example_branch_operator to 2024-03-04T00:00:00+00:00, run_after=2024-03-05T00:00:00+00:00
[2024-03-05T12:42:15.883+0000] {processor.py:175} INFO - Processing /home/airflow/.local/lib/python3.7/site-packages/airflow/example_dags/example_branch_operator.py took 0.064 seconds
[2024-03-05T12:42:45.983+0000] {processor.py:153} INFO - Started process (PID=151) to work on /home/airflow/.local/lib/python3.7/site-packages/airflow/example_dags/example_branch_operator.py
[2024-03-05T12:42:45.984+0000] {processor.py:743} INFO - Processing file /home/airflow/.local/lib/python3.7/site-packages/airflow/example_dags/example_branch_operator.py for tasks to queue
[2024-03-05T12:42:45.986+0000] {logging_mixin.py:137} INFO - [2024-03-05T12:42:45.985+0000] {dagbag.py:538} INFO - Filling up the DagBag from /home/airflow/.local/lib/python3.7/site-packages/airflow/example_dags/example_branch_operator.py
[2024-03-05T12:42:45.998+0000] {processor.py:753} INFO - DAG(s) dict_keys(['example_branch_operator']) retrieved from /home/airflow/.local/lib/python3.7/site-packages/airflow/example_dags/example_branch_operator.py
[2024-03-05T12:42:46.014+0000] {logging_mixin.py:137} INFO - [2024-03-05T12:42:46.014+0000] {dag.py:2690} INFO - Sync 1 DAGs
[2024-03-05T12:42:46.033+0000] {logging_mixin.py:137} INFO - [2024-03-05T12:42:46.033+0000] {dag.py:3441} INFO - Setting next_dagrun for example_branch_operator to 2024-03-04T00:00:00+00:00, run_after=2024-03-05T00:00:00+00:00
[2024-03-05T12:42:46.044+0000] {processor.py:175} INFO - Processing /home/airflow/.local/lib/python3.7/site-packages/airflow/example_dags/example_branch_operator.py took 0.064 seconds
[2024-03-05T12:43:16.827+0000] {processor.py:153} INFO - Started process (PID=227) to work on /home/airflow/.local/lib/python3.7/site-packages/airflow/example_dags/example_branch_operator.py
[2024-03-05T12:43:16.829+0000] {processor.py:743} INFO - Processing file /home/airflow/.local/lib/python3.7/site-packages/airflow/example_dags/example_branch_operator.py for tasks to queue
[2024-03-05T12:43:16.830+0000] {logging_mixin.py:137} INFO - [2024-03-05T12:43:16.830+0000] {dagbag.py:538} INFO - Filling up the DagBag from /home/airflow/.local/lib/python3.7/site-packages/airflow/example_dags/example_branch_operator.py
[2024-03-05T12:43:16.846+0000] {processor.py:753} INFO - DAG(s) dict_keys(['example_branch_operator']) retrieved from /home/airflow/.local/lib/python3.7/site-packages/airflow/example_dags/example_branch_operator.py
[2024-03-05T12:43:16.864+0000] {logging_mixin.py:137} INFO - [2024-03-05T12:43:16.864+0000] {dag.py:2690} INFO - Sync 1 DAGs
[2024-03-05T12:43:16.878+0000] {logging_mixin.py:137} INFO - [2024-03-05T12:43:16.878+0000] {dag.py:3441} INFO - Setting next_dagrun for example_branch_operator to 2024-03-04T00:00:00+00:00, run_after=2024-03-05T00:00:00+00:00
[2024-03-05T12:43:16.887+0000] {processor.py:175} INFO - Processing /home/airflow/.local/lib/python3.7/site-packages/airflow/example_dags/example_branch_operator.py took 0.062 seconds
[2024-03-05T12:43:47.609+0000] {processor.py:153} INFO - Started process (PID=321) to work on /home/airflow/.local/lib/python3.7/site-packages/airflow/example_dags/example_branch_operator.py
[2024-03-05T12:43:47.609+0000] {processor.py:743} INFO - Processing file /home/airflow/.local/lib/python3.7/site-packages/airflow/example_dags/example_branch_operator.py for tasks to queue
[2024-03-05T12:43:47.610+0000] {logging_mixin.py:137} INFO - [2024-03-05T12:43:47.610+0000] {dagbag.py:538} INFO - Filling up the DagBag from /home/airflow/.local/lib/python3.7/site-packages/airflow/example_dags/example_branch_operator.py
[2024-03-05T12:43:47.618+0000] {processor.py:753} INFO - DAG(s) dict_keys(['example_branch_operator']) retrieved from /home/airflow/.local/lib/python3.7/site-packages/airflow/example_dags/example_branch_operator.py
[2024-03-05T12:43:47.631+0000] {logging_mixin.py:137} INFO - [2024-03-05T12:43:47.631+0000] {dag.py:2690} INFO - Sync 1 DAGs
[2024-03-05T12:43:47.644+0000] {logging_mixin.py:137} INFO - [2024-03-05T12:43:47.644+0000] {dag.py:3441} INFO - Setting next_dagrun for example_branch_operator to 2024-03-04T00:00:00+00:00, run_after=2024-03-05T00:00:00+00:00
[2024-03-05T12:43:47.652+0000] {processor.py:175} INFO - Processing /home/airflow/.local/lib/python3.7/site-packages/airflow/example_dags/example_branch_operator.py took 0.046 seconds
[2024-03-05T12:44:18.161+0000] {processor.py:153} INFO - Started process (PID=414) to work on /home/airflow/.local/lib/python3.7/site-packages/airflow/example_dags/example_branch_operator.py
[2024-03-05T12:44:18.161+0000] {processor.py:743} INFO - Processing file /home/airflow/.local/lib/python3.7/site-packages/airflow/example_dags/example_branch_operator.py for tasks to queue
[2024-03-05T12:44:18.162+0000] {logging_mixin.py:137} INFO - [2024-03-05T12:44:18.162+0000] {dagbag.py:538} INFO - Filling up the DagBag from /home/airflow/.local/lib/python3.7/site-packages/airflow/example_dags/example_branch_operator.py
[2024-03-05T12:44:18.170+0000] {processor.py:753} INFO - DAG(s) dict_keys(['example_branch_operator']) retrieved from /home/airflow/.local/lib/python3.7/site-packages/airflow/example_dags/example_branch_operator.py
[2024-03-05T12:44:18.183+0000] {logging_mixin.py:137} INFO - [2024-03-05T12:44:18.183+0000] {dag.py:2690} INFO - Sync 1 DAGs
[2024-03-05T12:44:18.196+0000] {logging_mixin.py:137} INFO - [2024-03-05T12:44:18.196+0000] {dag.py:3441} INFO - Setting next_dagrun for example_branch_operator to 2024-03-04T00:00:00+00:00, run_after=2024-03-05T00:00:00+00:00
[2024-03-05T12:44:18.205+0000] {processor.py:175} INFO - Processing /home/airflow/.local/lib/python3.7/site-packages/airflow/example_dags/example_branch_operator.py took 0.046 seconds
[2024-03-05T12:44:48.787+0000] {processor.py:153} INFO - Started process (PID=508) to work on /home/airflow/.local/lib/python3.7/site-packages/airflow/example_dags/example_branch_operator.py
[2024-03-05T12:44:48.788+0000] {processor.py:743} INFO - Processing file /home/airflow/.local/lib/python3.7/site-packages/airflow/example_dags/example_branch_operator.py for tasks to queue
[2024-03-05T12:44:48.788+0000] {logging_mixin.py:137} INFO - [2024-03-05T12:44:48.788+0000] {dagbag.py:538} INFO - Filling up the DagBag from /home/airflow/.local/lib/python3.7/site-packages/airflow/example_dags/example_branch_operator.py
[2024-03-05T12:44:48.802+0000] {processor.py:753} INFO - DAG(s) dict_keys(['example_branch_operator']) retrieved from /home/airflow/.local/lib/python3.7/site-packages/airflow/example_dags/example_branch_operator.py
[2024-03-05T12:44:48.820+0000] {logging_mixin.py:137} INFO - [2024-03-05T12:44:48.820+0000] {dag.py:2690} INFO - Sync 1 DAGs
[2024-03-05T12:44:48.835+0000] {logging_mixin.py:137} INFO - [2024-03-05T12:44:48.834+0000] {dag.py:3441} INFO - Setting next_dagrun for example_branch_operator to 2024-03-04T00:00:00+00:00, run_after=2024-03-05T00:00:00+00:00
[2024-03-05T12:44:48.846+0000] {processor.py:175} INFO - Processing /home/airflow/.local/lib/python3.7/site-packages/airflow/example_dags/example_branch_operator.py took 0.061 seconds
[2024-03-05T12:45:19.285+0000] {processor.py:153} INFO - Started process (PID=584) to work on /home/airflow/.local/lib/python3.7/site-packages/airflow/example_dags/example_branch_operator.py
[2024-03-05T12:45:19.285+0000] {processor.py:743} INFO - Processing file /home/airflow/.local/lib/python3.7/site-packages/airflow/example_dags/example_branch_operator.py for tasks to queue
[2024-03-05T12:45:19.286+0000] {logging_mixin.py:137} INFO - [2024-03-05T12:45:19.286+0000] {dagbag.py:538} INFO - Filling up the DagBag from /home/airflow/.local/lib/python3.7/site-packages/airflow/example_dags/example_branch_operator.py
[2024-03-05T12:45:19.295+0000] {processor.py:753} INFO - DAG(s) dict_keys(['example_branch_operator']) retrieved from /home/airflow/.local/lib/python3.7/site-packages/airflow/example_dags/example_branch_operator.py
[2024-03-05T12:45:19.308+0000] {logging_mixin.py:137} INFO - [2024-03-05T12:45:19.308+0000] {dag.py:2690} INFO - Sync 1 DAGs
[2024-03-05T12:45:19.322+0000] {logging_mixin.py:137} INFO - [2024-03-05T12:45:19.322+0000] {dag.py:3441} INFO - Setting next_dagrun for example_branch_operator to 2024-03-04T00:00:00+00:00, run_after=2024-03-05T00:00:00+00:00
[2024-03-05T12:45:19.331+0000] {processor.py:175} INFO - Processing /home/airflow/.local/lib/python3.7/site-packages/airflow/example_dags/example_branch_operator.py took 0.048 seconds
[2024-03-05T12:45:49.864+0000] {processor.py:153} INFO - Started process (PID=678) to work on /home/airflow/.local/lib/python3.7/site-packages/airflow/example_dags/example_branch_operator.py
[2024-03-05T12:45:49.865+0000] {processor.py:743} INFO - Processing file /home/airflow/.local/lib/python3.7/site-packages/airflow/example_dags/example_branch_operator.py for tasks to queue
[2024-03-05T12:45:49.865+0000] {logging_mixin.py:137} INFO - [2024-03-05T12:45:49.865+0000] {dagbag.py:538} INFO - Filling up the DagBag from /home/airflow/.local/lib/python3.7/site-packages/airflow/example_dags/example_branch_operator.py
[2024-03-05T12:45:49.873+0000] {processor.py:753} INFO - DAG(s) dict_keys(['example_branch_operator']) retrieved from /home/airflow/.local/lib/python3.7/site-packages/airflow/example_dags/example_branch_operator.py
[2024-03-05T12:45:49.886+0000] {logging_mixin.py:137} INFO - [2024-03-05T12:45:49.886+0000] {dag.py:2690} INFO - Sync 1 DAGs
[2024-03-05T12:45:49.898+0000] {logging_mixin.py:137} INFO - [2024-03-05T12:45:49.898+0000] {dag.py:3441} INFO - Setting next_dagrun for example_branch_operator to 2024-03-04T00:00:00+00:00, run_after=2024-03-05T00:00:00+00:00
[2024-03-05T12:45:49.906+0000] {processor.py:175} INFO - Processing /home/airflow/.local/lib/python3.7/site-packages/airflow/example_dags/example_branch_operator.py took 0.043 seconds
[2024-03-05T12:46:20.474+0000] {processor.py:153} INFO - Started process (PID=772) to work on /home/airflow/.local/lib/python3.7/site-packages/airflow/example_dags/example_branch_operator.py
[2024-03-05T12:46:20.474+0000] {processor.py:743} INFO - Processing file /home/airflow/.local/lib/python3.7/site-packages/airflow/example_dags/example_branch_operator.py for tasks to queue
[2024-03-05T12:46:20.475+0000] {logging_mixin.py:137} INFO - [2024-03-05T12:46:20.475+0000] {dagbag.py:538} INFO - Filling up the DagBag from /home/airflow/.local/lib/python3.7/site-packages/airflow/example_dags/example_branch_operator.py
[2024-03-05T12:46:20.484+0000] {processor.py:753} INFO - DAG(s) dict_keys(['example_branch_operator']) retrieved from /home/airflow/.local/lib/python3.7/site-packages/airflow/example_dags/example_branch_operator.py
[2024-03-05T12:46:20.502+0000] {logging_mixin.py:137} INFO - [2024-03-05T12:46:20.502+0000] {dag.py:2690} INFO - Sync 1 DAGs
[2024-03-05T12:46:20.521+0000] {logging_mixin.py:137} INFO - [2024-03-05T12:46:20.521+0000] {dag.py:3441} INFO - Setting next_dagrun for example_branch_operator to 2024-03-04T00:00:00+00:00, run_after=2024-03-05T00:00:00+00:00
[2024-03-05T12:46:20.542+0000] {processor.py:175} INFO - Processing /home/airflow/.local/lib/python3.7/site-packages/airflow/example_dags/example_branch_operator.py took 0.071 seconds
[2024-03-05T12:46:51.187+0000] {processor.py:153} INFO - Started process (PID=848) to work on /home/airflow/.local/lib/python3.7/site-packages/airflow/example_dags/example_branch_operator.py
[2024-03-05T12:46:51.187+0000] {processor.py:743} INFO - Processing file /home/airflow/.local/lib/python3.7/site-packages/airflow/example_dags/example_branch_operator.py for tasks to queue
[2024-03-05T12:46:51.188+0000] {logging_mixin.py:137} INFO - [2024-03-05T12:46:51.188+0000] {dagbag.py:538} INFO - Filling up the DagBag from /home/airflow/.local/lib/python3.7/site-packages/airflow/example_dags/example_branch_operator.py
[2024-03-05T12:46:51.196+0000] {processor.py:753} INFO - DAG(s) dict_keys(['example_branch_operator']) retrieved from /home/airflow/.local/lib/python3.7/site-packages/airflow/example_dags/example_branch_operator.py
[2024-03-05T12:46:51.207+0000] {logging_mixin.py:137} INFO - [2024-03-05T12:46:51.207+0000] {dag.py:2690} INFO - Sync 1 DAGs
[2024-03-05T12:46:51.218+0000] {logging_mixin.py:137} INFO - [2024-03-05T12:46:51.218+0000] {dag.py:3441} INFO - Setting next_dagrun for example_branch_operator to 2024-03-04T00:00:00+00:00, run_after=2024-03-05T00:00:00+00:00
[2024-03-05T12:46:51.226+0000] {processor.py:175} INFO - Processing /home/airflow/.local/lib/python3.7/site-packages/airflow/example_dags/example_branch_operator.py took 0.041 seconds
[2024-03-05T12:47:21.805+0000] {processor.py:153} INFO - Started process (PID=942) to work on /home/airflow/.local/lib/python3.7/site-packages/airflow/example_dags/example_branch_operator.py
[2024-03-05T12:47:21.805+0000] {processor.py:743} INFO - Processing file /home/airflow/.local/lib/python3.7/site-packages/airflow/example_dags/example_branch_operator.py for tasks to queue
[2024-03-05T12:47:21.805+0000] {logging_mixin.py:137} INFO - [2024-03-05T12:47:21.805+0000] {dagbag.py:538} INFO - Filling up the DagBag from /home/airflow/.local/lib/python3.7/site-packages/airflow/example_dags/example_branch_operator.py
[2024-03-05T12:47:21.813+0000] {processor.py:753} INFO - DAG(s) dict_keys(['example_branch_operator']) retrieved from /home/airflow/.local/lib/python3.7/site-packages/airflow/example_dags/example_branch_operator.py
[2024-03-05T12:47:21.825+0000] {logging_mixin.py:137} INFO - [2024-03-05T12:47:21.825+0000] {dag.py:2690} INFO - Sync 1 DAGs
[2024-03-05T12:47:21.837+0000] {logging_mixin.py:137} INFO - [2024-03-05T12:47:21.837+0000] {dag.py:3441} INFO - Setting next_dagrun for example_branch_operator to 2024-03-04T00:00:00+00:00, run_after=2024-03-05T00:00:00+00:00
[2024-03-05T12:47:21.845+0000] {processor.py:175} INFO - Processing /home/airflow/.local/lib/python3.7/site-packages/airflow/example_dags/example_branch_operator.py took 0.043 seconds
[2024-03-05T12:47:52.468+0000] {processor.py:153} INFO - Started process (PID=1036) to work on /home/airflow/.local/lib/python3.7/site-packages/airflow/example_dags/example_branch_operator.py
[2024-03-05T12:47:52.470+0000] {processor.py:743} INFO - Processing file /home/airflow/.local/lib/python3.7/site-packages/airflow/example_dags/example_branch_operator.py for tasks to queue
[2024-03-05T12:47:52.470+0000] {logging_mixin.py:137} INFO - [2024-03-05T12:47:52.470+0000] {dagbag.py:538} INFO - Filling up the DagBag from /home/airflow/.local/lib/python3.7/site-packages/airflow/example_dags/example_branch_operator.py
[2024-03-05T12:47:52.480+0000] {processor.py:753} INFO - DAG(s) dict_keys(['example_branch_operator']) retrieved from /home/airflow/.local/lib/python3.7/site-packages/airflow/example_dags/example_branch_operator.py
[2024-03-05T12:47:52.493+0000] {logging_mixin.py:137} INFO - [2024-03-05T12:47:52.493+0000] {dag.py:2690} INFO - Sync 1 DAGs
[2024-03-05T12:47:52.506+0000] {logging_mixin.py:137} INFO - [2024-03-05T12:47:52.506+0000] {dag.py:3441} INFO - Setting next_dagrun for example_branch_operator to 2024-03-04T00:00:00+00:00, run_after=2024-03-05T00:00:00+00:00
[2024-03-05T12:47:52.515+0000] {processor.py:175} INFO - Processing /home/airflow/.local/lib/python3.7/site-packages/airflow/example_dags/example_branch_operator.py took 0.049 seconds
