[2024-03-05T12:19:23.517+0000] {processor.py:153} INFO - Started process (PID=52) to work on /home/airflow/.local/lib/python3.7/site-packages/airflow/example_dags/example_branch_day_of_week_operator.py
[2024-03-05T12:19:23.518+0000] {processor.py:743} INFO - Processing file /home/airflow/.local/lib/python3.7/site-packages/airflow/example_dags/example_branch_day_of_week_operator.py for tasks to queue
[2024-03-05T12:19:23.519+0000] {logging_mixin.py:137} INFO - [2024-03-05T12:19:23.518+0000] {dagbag.py:538} INFO - Filling up the DagBag from /home/airflow/.local/lib/python3.7/site-packages/airflow/example_dags/example_branch_day_of_week_operator.py
[2024-03-05T12:19:23.528+0000] {processor.py:753} INFO - DAG(s) dict_keys(['example_weekday_branch_operator']) retrieved from /home/airflow/.local/lib/python3.7/site-packages/airflow/example_dags/example_branch_day_of_week_operator.py
[2024-03-05T12:19:23.544+0000] {logging_mixin.py:137} INFO - [2024-03-05T12:19:23.544+0000] {dag.py:2690} INFO - Sync 1 DAGs
[2024-03-05T12:19:23.558+0000] {logging_mixin.py:137} INFO - [2024-03-05T12:19:23.558+0000] {dag.py:3441} INFO - Setting next_dagrun for example_weekday_branch_operator to 2024-03-04T00:00:00+00:00, run_after=2024-03-05T00:00:00+00:00
[2024-03-05T12:19:23.570+0000] {processor.py:175} INFO - Processing /home/airflow/.local/lib/python3.7/site-packages/airflow/example_dags/example_branch_day_of_week_operator.py took 0.055 seconds
[2024-03-05T12:19:54.200+0000] {processor.py:153} INFO - Started process (PID=154) to work on /home/airflow/.local/lib/python3.7/site-packages/airflow/example_dags/example_branch_day_of_week_operator.py
[2024-03-05T12:19:54.200+0000] {processor.py:743} INFO - Processing file /home/airflow/.local/lib/python3.7/site-packages/airflow/example_dags/example_branch_day_of_week_operator.py for tasks to queue
[2024-03-05T12:19:54.201+0000] {logging_mixin.py:137} INFO - [2024-03-05T12:19:54.201+0000] {dagbag.py:538} INFO - Filling up the DagBag from /home/airflow/.local/lib/python3.7/site-packages/airflow/example_dags/example_branch_day_of_week_operator.py
[2024-03-05T12:19:54.207+0000] {processor.py:753} INFO - DAG(s) dict_keys(['example_weekday_branch_operator']) retrieved from /home/airflow/.local/lib/python3.7/site-packages/airflow/example_dags/example_branch_day_of_week_operator.py
[2024-03-05T12:19:54.218+0000] {logging_mixin.py:137} INFO - [2024-03-05T12:19:54.218+0000] {dag.py:2690} INFO - Sync 1 DAGs
[2024-03-05T12:19:54.230+0000] {logging_mixin.py:137} INFO - [2024-03-05T12:19:54.230+0000] {dag.py:3441} INFO - Setting next_dagrun for example_weekday_branch_operator to 2024-03-04T00:00:00+00:00, run_after=2024-03-05T00:00:00+00:00
[2024-03-05T12:19:54.238+0000] {processor.py:175} INFO - Processing /home/airflow/.local/lib/python3.7/site-packages/airflow/example_dags/example_branch_day_of_week_operator.py took 0.040 seconds
[2024-03-05T12:42:15.566+0000] {processor.py:153} INFO - Started process (PID=52) to work on /home/airflow/.local/lib/python3.7/site-packages/airflow/example_dags/example_branch_day_of_week_operator.py
[2024-03-05T12:42:15.568+0000] {processor.py:743} INFO - Processing file /home/airflow/.local/lib/python3.7/site-packages/airflow/example_dags/example_branch_day_of_week_operator.py for tasks to queue
[2024-03-05T12:42:15.572+0000] {logging_mixin.py:137} INFO - [2024-03-05T12:42:15.572+0000] {dagbag.py:538} INFO - Filling up the DagBag from /home/airflow/.local/lib/python3.7/site-packages/airflow/example_dags/example_branch_day_of_week_operator.py
[2024-03-05T12:42:15.586+0000] {processor.py:753} INFO - DAG(s) dict_keys(['example_weekday_branch_operator']) retrieved from /home/airflow/.local/lib/python3.7/site-packages/airflow/example_dags/example_branch_day_of_week_operator.py
[2024-03-05T12:42:15.593+0000] {logging_mixin.py:137} INFO - [2024-03-05T12:42:15.593+0000] {dag.py:2690} INFO - Sync 1 DAGs
[2024-03-05T12:42:15.610+0000] {logging_mixin.py:137} INFO - [2024-03-05T12:42:15.610+0000] {dag.py:3441} INFO - Setting next_dagrun for example_weekday_branch_operator to 2024-03-04T00:00:00+00:00, run_after=2024-03-05T00:00:00+00:00
[2024-03-05T12:42:15.623+0000] {processor.py:175} INFO - Processing /home/airflow/.local/lib/python3.7/site-packages/airflow/example_dags/example_branch_day_of_week_operator.py took 0.059 seconds
[2024-03-05T12:42:45.822+0000] {processor.py:153} INFO - Started process (PID=146) to work on /home/airflow/.local/lib/python3.7/site-packages/airflow/example_dags/example_branch_day_of_week_operator.py
[2024-03-05T12:42:45.822+0000] {processor.py:743} INFO - Processing file /home/airflow/.local/lib/python3.7/site-packages/airflow/example_dags/example_branch_day_of_week_operator.py for tasks to queue
[2024-03-05T12:42:45.823+0000] {logging_mixin.py:137} INFO - [2024-03-05T12:42:45.823+0000] {dagbag.py:538} INFO - Filling up the DagBag from /home/airflow/.local/lib/python3.7/site-packages/airflow/example_dags/example_branch_day_of_week_operator.py
[2024-03-05T12:42:45.832+0000] {processor.py:753} INFO - DAG(s) dict_keys(['example_weekday_branch_operator']) retrieved from /home/airflow/.local/lib/python3.7/site-packages/airflow/example_dags/example_branch_day_of_week_operator.py
[2024-03-05T12:42:45.844+0000] {logging_mixin.py:137} INFO - [2024-03-05T12:42:45.844+0000] {dag.py:2690} INFO - Sync 1 DAGs
[2024-03-05T12:42:45.857+0000] {logging_mixin.py:137} INFO - [2024-03-05T12:42:45.857+0000] {dag.py:3441} INFO - Setting next_dagrun for example_weekday_branch_operator to 2024-03-04T00:00:00+00:00, run_after=2024-03-05T00:00:00+00:00
[2024-03-05T12:42:45.867+0000] {processor.py:175} INFO - Processing /home/airflow/.local/lib/python3.7/site-packages/airflow/example_dags/example_branch_day_of_week_operator.py took 0.047 seconds
[2024-03-05T12:43:16.682+0000] {processor.py:153} INFO - Started process (PID=222) to work on /home/airflow/.local/lib/python3.7/site-packages/airflow/example_dags/example_branch_day_of_week_operator.py
[2024-03-05T12:43:16.683+0000] {processor.py:743} INFO - Processing file /home/airflow/.local/lib/python3.7/site-packages/airflow/example_dags/example_branch_day_of_week_operator.py for tasks to queue
[2024-03-05T12:43:16.683+0000] {logging_mixin.py:137} INFO - [2024-03-05T12:43:16.683+0000] {dagbag.py:538} INFO - Filling up the DagBag from /home/airflow/.local/lib/python3.7/site-packages/airflow/example_dags/example_branch_day_of_week_operator.py
[2024-03-05T12:43:16.691+0000] {processor.py:753} INFO - DAG(s) dict_keys(['example_weekday_branch_operator']) retrieved from /home/airflow/.local/lib/python3.7/site-packages/airflow/example_dags/example_branch_day_of_week_operator.py
[2024-03-05T12:43:16.703+0000] {logging_mixin.py:137} INFO - [2024-03-05T12:43:16.703+0000] {dag.py:2690} INFO - Sync 1 DAGs
[2024-03-05T12:43:16.716+0000] {logging_mixin.py:137} INFO - [2024-03-05T12:43:16.716+0000] {dag.py:3441} INFO - Setting next_dagrun for example_weekday_branch_operator to 2024-03-04T00:00:00+00:00, run_after=2024-03-05T00:00:00+00:00
[2024-03-05T12:43:16.724+0000] {processor.py:175} INFO - Processing /home/airflow/.local/lib/python3.7/site-packages/airflow/example_dags/example_branch_day_of_week_operator.py took 0.044 seconds
[2024-03-05T12:43:47.437+0000] {processor.py:153} INFO - Started process (PID=316) to work on /home/airflow/.local/lib/python3.7/site-packages/airflow/example_dags/example_branch_day_of_week_operator.py
[2024-03-05T12:43:47.437+0000] {processor.py:743} INFO - Processing file /home/airflow/.local/lib/python3.7/site-packages/airflow/example_dags/example_branch_day_of_week_operator.py for tasks to queue
[2024-03-05T12:43:47.438+0000] {logging_mixin.py:137} INFO - [2024-03-05T12:43:47.438+0000] {dagbag.py:538} INFO - Filling up the DagBag from /home/airflow/.local/lib/python3.7/site-packages/airflow/example_dags/example_branch_day_of_week_operator.py
[2024-03-05T12:43:47.446+0000] {processor.py:753} INFO - DAG(s) dict_keys(['example_weekday_branch_operator']) retrieved from /home/airflow/.local/lib/python3.7/site-packages/airflow/example_dags/example_branch_day_of_week_operator.py
[2024-03-05T12:43:47.459+0000] {logging_mixin.py:137} INFO - [2024-03-05T12:43:47.458+0000] {dag.py:2690} INFO - Sync 1 DAGs
[2024-03-05T12:43:47.479+0000] {logging_mixin.py:137} INFO - [2024-03-05T12:43:47.479+0000] {dag.py:3441} INFO - Setting next_dagrun for example_weekday_branch_operator to 2024-03-04T00:00:00+00:00, run_after=2024-03-05T00:00:00+00:00
[2024-03-05T12:43:47.496+0000] {processor.py:175} INFO - Processing /home/airflow/.local/lib/python3.7/site-packages/airflow/example_dags/example_branch_day_of_week_operator.py took 0.061 seconds
[2024-03-05T12:44:18.011+0000] {processor.py:153} INFO - Started process (PID=409) to work on /home/airflow/.local/lib/python3.7/site-packages/airflow/example_dags/example_branch_day_of_week_operator.py
[2024-03-05T12:44:18.012+0000] {processor.py:743} INFO - Processing file /home/airflow/.local/lib/python3.7/site-packages/airflow/example_dags/example_branch_day_of_week_operator.py for tasks to queue
[2024-03-05T12:44:18.012+0000] {logging_mixin.py:137} INFO - [2024-03-05T12:44:18.012+0000] {dagbag.py:538} INFO - Filling up the DagBag from /home/airflow/.local/lib/python3.7/site-packages/airflow/example_dags/example_branch_day_of_week_operator.py
[2024-03-05T12:44:18.020+0000] {processor.py:753} INFO - DAG(s) dict_keys(['example_weekday_branch_operator']) retrieved from /home/airflow/.local/lib/python3.7/site-packages/airflow/example_dags/example_branch_day_of_week_operator.py
[2024-03-05T12:44:18.036+0000] {logging_mixin.py:137} INFO - [2024-03-05T12:44:18.036+0000] {dag.py:2690} INFO - Sync 1 DAGs
[2024-03-05T12:44:18.049+0000] {logging_mixin.py:137} INFO - [2024-03-05T12:44:18.049+0000] {dag.py:3441} INFO - Setting next_dagrun for example_weekday_branch_operator to 2024-03-04T00:00:00+00:00, run_after=2024-03-05T00:00:00+00:00
[2024-03-05T12:44:18.059+0000] {processor.py:175} INFO - Processing /home/airflow/.local/lib/python3.7/site-packages/airflow/example_dags/example_branch_day_of_week_operator.py took 0.049 seconds
[2024-03-05T12:44:48.547+0000] {processor.py:153} INFO - Started process (PID=503) to work on /home/airflow/.local/lib/python3.7/site-packages/airflow/example_dags/example_branch_day_of_week_operator.py
[2024-03-05T12:44:48.549+0000] {processor.py:743} INFO - Processing file /home/airflow/.local/lib/python3.7/site-packages/airflow/example_dags/example_branch_day_of_week_operator.py for tasks to queue
[2024-03-05T12:44:48.549+0000] {logging_mixin.py:137} INFO - [2024-03-05T12:44:48.549+0000] {dagbag.py:538} INFO - Filling up the DagBag from /home/airflow/.local/lib/python3.7/site-packages/airflow/example_dags/example_branch_day_of_week_operator.py
[2024-03-05T12:44:48.557+0000] {processor.py:753} INFO - DAG(s) dict_keys(['example_weekday_branch_operator']) retrieved from /home/airflow/.local/lib/python3.7/site-packages/airflow/example_dags/example_branch_day_of_week_operator.py
[2024-03-05T12:44:48.578+0000] {logging_mixin.py:137} INFO - [2024-03-05T12:44:48.578+0000] {dag.py:2690} INFO - Sync 1 DAGs
[2024-03-05T12:44:48.593+0000] {logging_mixin.py:137} INFO - [2024-03-05T12:44:48.593+0000] {dag.py:3441} INFO - Setting next_dagrun for example_weekday_branch_operator to 2024-03-04T00:00:00+00:00, run_after=2024-03-05T00:00:00+00:00
[2024-03-05T12:44:48.603+0000] {processor.py:175} INFO - Processing /home/airflow/.local/lib/python3.7/site-packages/airflow/example_dags/example_branch_day_of_week_operator.py took 0.058 seconds
[2024-03-05T12:45:19.135+0000] {processor.py:153} INFO - Started process (PID=579) to work on /home/airflow/.local/lib/python3.7/site-packages/airflow/example_dags/example_branch_day_of_week_operator.py
[2024-03-05T12:45:19.136+0000] {processor.py:743} INFO - Processing file /home/airflow/.local/lib/python3.7/site-packages/airflow/example_dags/example_branch_day_of_week_operator.py for tasks to queue
[2024-03-05T12:45:19.136+0000] {logging_mixin.py:137} INFO - [2024-03-05T12:45:19.136+0000] {dagbag.py:538} INFO - Filling up the DagBag from /home/airflow/.local/lib/python3.7/site-packages/airflow/example_dags/example_branch_day_of_week_operator.py
[2024-03-05T12:45:19.148+0000] {processor.py:753} INFO - DAG(s) dict_keys(['example_weekday_branch_operator']) retrieved from /home/airflow/.local/lib/python3.7/site-packages/airflow/example_dags/example_branch_day_of_week_operator.py
[2024-03-05T12:45:19.163+0000] {logging_mixin.py:137} INFO - [2024-03-05T12:45:19.163+0000] {dag.py:2690} INFO - Sync 1 DAGs
[2024-03-05T12:45:19.177+0000] {logging_mixin.py:137} INFO - [2024-03-05T12:45:19.177+0000] {dag.py:3441} INFO - Setting next_dagrun for example_weekday_branch_operator to 2024-03-04T00:00:00+00:00, run_after=2024-03-05T00:00:00+00:00
[2024-03-05T12:45:19.186+0000] {processor.py:175} INFO - Processing /home/airflow/.local/lib/python3.7/site-packages/airflow/example_dags/example_branch_day_of_week_operator.py took 0.053 seconds
[2024-03-05T12:45:49.733+0000] {processor.py:153} INFO - Started process (PID=673) to work on /home/airflow/.local/lib/python3.7/site-packages/airflow/example_dags/example_branch_day_of_week_operator.py
[2024-03-05T12:45:49.734+0000] {processor.py:743} INFO - Processing file /home/airflow/.local/lib/python3.7/site-packages/airflow/example_dags/example_branch_day_of_week_operator.py for tasks to queue
[2024-03-05T12:45:49.734+0000] {logging_mixin.py:137} INFO - [2024-03-05T12:45:49.734+0000] {dagbag.py:538} INFO - Filling up the DagBag from /home/airflow/.local/lib/python3.7/site-packages/airflow/example_dags/example_branch_day_of_week_operator.py
[2024-03-05T12:45:49.742+0000] {processor.py:753} INFO - DAG(s) dict_keys(['example_weekday_branch_operator']) retrieved from /home/airflow/.local/lib/python3.7/site-packages/airflow/example_dags/example_branch_day_of_week_operator.py
[2024-03-05T12:45:49.755+0000] {logging_mixin.py:137} INFO - [2024-03-05T12:45:49.755+0000] {dag.py:2690} INFO - Sync 1 DAGs
[2024-03-05T12:45:49.769+0000] {logging_mixin.py:137} INFO - [2024-03-05T12:45:49.769+0000] {dag.py:3441} INFO - Setting next_dagrun for example_weekday_branch_operator to 2024-03-04T00:00:00+00:00, run_after=2024-03-05T00:00:00+00:00
[2024-03-05T12:45:49.778+0000] {processor.py:175} INFO - Processing /home/airflow/.local/lib/python3.7/site-packages/airflow/example_dags/example_branch_day_of_week_operator.py took 0.046 seconds
[2024-03-05T12:46:20.305+0000] {processor.py:153} INFO - Started process (PID=767) to work on /home/airflow/.local/lib/python3.7/site-packages/airflow/example_dags/example_branch_day_of_week_operator.py
[2024-03-05T12:46:20.306+0000] {processor.py:743} INFO - Processing file /home/airflow/.local/lib/python3.7/site-packages/airflow/example_dags/example_branch_day_of_week_operator.py for tasks to queue
[2024-03-05T12:46:20.306+0000] {logging_mixin.py:137} INFO - [2024-03-05T12:46:20.306+0000] {dagbag.py:538} INFO - Filling up the DagBag from /home/airflow/.local/lib/python3.7/site-packages/airflow/example_dags/example_branch_day_of_week_operator.py
[2024-03-05T12:46:20.314+0000] {processor.py:753} INFO - DAG(s) dict_keys(['example_weekday_branch_operator']) retrieved from /home/airflow/.local/lib/python3.7/site-packages/airflow/example_dags/example_branch_day_of_week_operator.py
[2024-03-05T12:46:20.331+0000] {logging_mixin.py:137} INFO - [2024-03-05T12:46:20.331+0000] {dag.py:2690} INFO - Sync 1 DAGs
[2024-03-05T12:46:20.347+0000] {logging_mixin.py:137} INFO - [2024-03-05T12:46:20.347+0000] {dag.py:3441} INFO - Setting next_dagrun for example_weekday_branch_operator to 2024-03-04T00:00:00+00:00, run_after=2024-03-05T00:00:00+00:00
[2024-03-05T12:46:20.365+0000] {processor.py:175} INFO - Processing /home/airflow/.local/lib/python3.7/site-packages/airflow/example_dags/example_branch_day_of_week_operator.py took 0.062 seconds
[2024-03-05T12:46:51.075+0000] {processor.py:153} INFO - Started process (PID=843) to work on /home/airflow/.local/lib/python3.7/site-packages/airflow/example_dags/example_branch_day_of_week_operator.py
[2024-03-05T12:46:51.075+0000] {processor.py:743} INFO - Processing file /home/airflow/.local/lib/python3.7/site-packages/airflow/example_dags/example_branch_day_of_week_operator.py for tasks to queue
[2024-03-05T12:46:51.076+0000] {logging_mixin.py:137} INFO - [2024-03-05T12:46:51.076+0000] {dagbag.py:538} INFO - Filling up the DagBag from /home/airflow/.local/lib/python3.7/site-packages/airflow/example_dags/example_branch_day_of_week_operator.py
[2024-03-05T12:46:51.083+0000] {processor.py:753} INFO - DAG(s) dict_keys(['example_weekday_branch_operator']) retrieved from /home/airflow/.local/lib/python3.7/site-packages/airflow/example_dags/example_branch_day_of_week_operator.py
[2024-03-05T12:46:51.095+0000] {logging_mixin.py:137} INFO - [2024-03-05T12:46:51.095+0000] {dag.py:2690} INFO - Sync 1 DAGs
[2024-03-05T12:46:51.107+0000] {logging_mixin.py:137} INFO - [2024-03-05T12:46:51.107+0000] {dag.py:3441} INFO - Setting next_dagrun for example_weekday_branch_operator to 2024-03-04T00:00:00+00:00, run_after=2024-03-05T00:00:00+00:00
[2024-03-05T12:46:51.115+0000] {processor.py:175} INFO - Processing /home/airflow/.local/lib/python3.7/site-packages/airflow/example_dags/example_branch_day_of_week_operator.py took 0.042 seconds
[2024-03-05T12:47:21.664+0000] {processor.py:153} INFO - Started process (PID=937) to work on /home/airflow/.local/lib/python3.7/site-packages/airflow/example_dags/example_branch_day_of_week_operator.py
[2024-03-05T12:47:21.664+0000] {processor.py:743} INFO - Processing file /home/airflow/.local/lib/python3.7/site-packages/airflow/example_dags/example_branch_day_of_week_operator.py for tasks to queue
[2024-03-05T12:47:21.665+0000] {logging_mixin.py:137} INFO - [2024-03-05T12:47:21.665+0000] {dagbag.py:538} INFO - Filling up the DagBag from /home/airflow/.local/lib/python3.7/site-packages/airflow/example_dags/example_branch_day_of_week_operator.py
[2024-03-05T12:47:21.672+0000] {processor.py:753} INFO - DAG(s) dict_keys(['example_weekday_branch_operator']) retrieved from /home/airflow/.local/lib/python3.7/site-packages/airflow/example_dags/example_branch_day_of_week_operator.py
[2024-03-05T12:47:21.683+0000] {logging_mixin.py:137} INFO - [2024-03-05T12:47:21.683+0000] {dag.py:2690} INFO - Sync 1 DAGs
[2024-03-05T12:47:21.695+0000] {logging_mixin.py:137} INFO - [2024-03-05T12:47:21.695+0000] {dag.py:3441} INFO - Setting next_dagrun for example_weekday_branch_operator to 2024-03-04T00:00:00+00:00, run_after=2024-03-05T00:00:00+00:00
[2024-03-05T12:47:21.703+0000] {processor.py:175} INFO - Processing /home/airflow/.local/lib/python3.7/site-packages/airflow/example_dags/example_branch_day_of_week_operator.py took 0.041 seconds
[2024-03-05T12:47:52.259+0000] {processor.py:153} INFO - Started process (PID=1031) to work on /home/airflow/.local/lib/python3.7/site-packages/airflow/example_dags/example_branch_day_of_week_operator.py
[2024-03-05T12:47:52.261+0000] {processor.py:743} INFO - Processing file /home/airflow/.local/lib/python3.7/site-packages/airflow/example_dags/example_branch_day_of_week_operator.py for tasks to queue
[2024-03-05T12:47:52.261+0000] {logging_mixin.py:137} INFO - [2024-03-05T12:47:52.261+0000] {dagbag.py:538} INFO - Filling up the DagBag from /home/airflow/.local/lib/python3.7/site-packages/airflow/example_dags/example_branch_day_of_week_operator.py
[2024-03-05T12:47:52.270+0000] {processor.py:753} INFO - DAG(s) dict_keys(['example_weekday_branch_operator']) retrieved from /home/airflow/.local/lib/python3.7/site-packages/airflow/example_dags/example_branch_day_of_week_operator.py
[2024-03-05T12:47:52.284+0000] {logging_mixin.py:137} INFO - [2024-03-05T12:47:52.284+0000] {dag.py:2690} INFO - Sync 1 DAGs
[2024-03-05T12:47:52.298+0000] {logging_mixin.py:137} INFO - [2024-03-05T12:47:52.298+0000] {dag.py:3441} INFO - Setting next_dagrun for example_weekday_branch_operator to 2024-03-04T00:00:00+00:00, run_after=2024-03-05T00:00:00+00:00
[2024-03-05T12:47:52.309+0000] {processor.py:175} INFO - Processing /home/airflow/.local/lib/python3.7/site-packages/airflow/example_dags/example_branch_day_of_week_operator.py took 0.051 seconds
