[2024-03-05T12:19:23.533+0000] {processor.py:153} INFO - Started process (PID=53) to work on /home/airflow/.local/lib/python3.7/site-packages/airflow/example_dags/example_latest_only_with_trigger.py
[2024-03-05T12:19:23.534+0000] {processor.py:743} INFO - Processing file /home/airflow/.local/lib/python3.7/site-packages/airflow/example_dags/example_latest_only_with_trigger.py for tasks to queue
[2024-03-05T12:19:23.534+0000] {logging_mixin.py:137} INFO - [2024-03-05T12:19:23.534+0000] {dagbag.py:538} INFO - Filling up the DagBag from /home/airflow/.local/lib/python3.7/site-packages/airflow/example_dags/example_latest_only_with_trigger.py
[2024-03-05T12:19:23.544+0000] {processor.py:753} INFO - DAG(s) dict_keys(['latest_only_with_trigger']) retrieved from /home/airflow/.local/lib/python3.7/site-packages/airflow/example_dags/example_latest_only_with_trigger.py
[2024-03-05T12:19:23.560+0000] {logging_mixin.py:137} INFO - [2024-03-05T12:19:23.560+0000] {dag.py:2690} INFO - Sync 1 DAGs
[2024-03-05T12:19:23.578+0000] {logging_mixin.py:137} INFO - [2024-03-05T12:19:23.578+0000] {dag.py:3441} INFO - Setting next_dagrun for latest_only_with_trigger to 2024-03-05T08:19:23.577994+00:00, run_after=2024-03-05T12:19:23.577994+00:00
[2024-03-05T12:19:23.588+0000] {processor.py:175} INFO - Processing /home/airflow/.local/lib/python3.7/site-packages/airflow/example_dags/example_latest_only_with_trigger.py took 0.058 seconds
[2024-03-05T12:19:54.228+0000] {processor.py:153} INFO - Started process (PID=155) to work on /home/airflow/.local/lib/python3.7/site-packages/airflow/example_dags/example_latest_only_with_trigger.py
[2024-03-05T12:19:54.229+0000] {processor.py:743} INFO - Processing file /home/airflow/.local/lib/python3.7/site-packages/airflow/example_dags/example_latest_only_with_trigger.py for tasks to queue
[2024-03-05T12:19:54.229+0000] {logging_mixin.py:137} INFO - [2024-03-05T12:19:54.229+0000] {dagbag.py:538} INFO - Filling up the DagBag from /home/airflow/.local/lib/python3.7/site-packages/airflow/example_dags/example_latest_only_with_trigger.py
[2024-03-05T12:19:54.235+0000] {processor.py:753} INFO - DAG(s) dict_keys(['latest_only_with_trigger']) retrieved from /home/airflow/.local/lib/python3.7/site-packages/airflow/example_dags/example_latest_only_with_trigger.py
[2024-03-05T12:19:54.246+0000] {logging_mixin.py:137} INFO - [2024-03-05T12:19:54.246+0000] {dag.py:2690} INFO - Sync 1 DAGs
[2024-03-05T12:19:54.257+0000] {logging_mixin.py:137} INFO - [2024-03-05T12:19:54.257+0000] {dag.py:3441} INFO - Setting next_dagrun for latest_only_with_trigger to 2024-03-05T08:19:54.257751+00:00, run_after=2024-03-05T12:19:54.257751+00:00
[2024-03-05T12:19:54.265+0000] {processor.py:175} INFO - Processing /home/airflow/.local/lib/python3.7/site-packages/airflow/example_dags/example_latest_only_with_trigger.py took 0.039 seconds
[2024-03-05T12:42:15.602+0000] {processor.py:153} INFO - Started process (PID=53) to work on /home/airflow/.local/lib/python3.7/site-packages/airflow/example_dags/example_latest_only_with_trigger.py
[2024-03-05T12:42:15.604+0000] {processor.py:743} INFO - Processing file /home/airflow/.local/lib/python3.7/site-packages/airflow/example_dags/example_latest_only_with_trigger.py for tasks to queue
[2024-03-05T12:42:15.605+0000] {logging_mixin.py:137} INFO - [2024-03-05T12:42:15.605+0000] {dagbag.py:538} INFO - Filling up the DagBag from /home/airflow/.local/lib/python3.7/site-packages/airflow/example_dags/example_latest_only_with_trigger.py
[2024-03-05T12:42:15.614+0000] {processor.py:753} INFO - DAG(s) dict_keys(['latest_only_with_trigger']) retrieved from /home/airflow/.local/lib/python3.7/site-packages/airflow/example_dags/example_latest_only_with_trigger.py
[2024-03-05T12:42:15.633+0000] {logging_mixin.py:137} INFO - [2024-03-05T12:42:15.633+0000] {dag.py:2690} INFO - Sync 1 DAGs
[2024-03-05T12:42:15.649+0000] {logging_mixin.py:137} INFO - [2024-03-05T12:42:15.649+0000] {dag.py:3441} INFO - Setting next_dagrun for latest_only_with_trigger to 2024-03-05T08:42:15.649372+00:00, run_after=2024-03-05T12:42:15.649372+00:00
[2024-03-05T12:42:15.681+0000] {processor.py:175} INFO - Processing /home/airflow/.local/lib/python3.7/site-packages/airflow/example_dags/example_latest_only_with_trigger.py took 0.081 seconds
[2024-03-05T12:42:45.832+0000] {processor.py:153} INFO - Started process (PID=147) to work on /home/airflow/.local/lib/python3.7/site-packages/airflow/example_dags/example_latest_only_with_trigger.py
[2024-03-05T12:42:45.833+0000] {processor.py:743} INFO - Processing file /home/airflow/.local/lib/python3.7/site-packages/airflow/example_dags/example_latest_only_with_trigger.py for tasks to queue
[2024-03-05T12:42:45.834+0000] {logging_mixin.py:137} INFO - [2024-03-05T12:42:45.833+0000] {dagbag.py:538} INFO - Filling up the DagBag from /home/airflow/.local/lib/python3.7/site-packages/airflow/example_dags/example_latest_only_with_trigger.py
[2024-03-05T12:42:45.841+0000] {processor.py:753} INFO - DAG(s) dict_keys(['latest_only_with_trigger']) retrieved from /home/airflow/.local/lib/python3.7/site-packages/airflow/example_dags/example_latest_only_with_trigger.py
[2024-03-05T12:42:45.856+0000] {logging_mixin.py:137} INFO - [2024-03-05T12:42:45.856+0000] {dag.py:2690} INFO - Sync 1 DAGs
[2024-03-05T12:42:45.868+0000] {logging_mixin.py:137} INFO - [2024-03-05T12:42:45.868+0000] {dag.py:3441} INFO - Setting next_dagrun for latest_only_with_trigger to 2024-03-05T08:42:45.868355+00:00, run_after=2024-03-05T12:42:45.868355+00:00
[2024-03-05T12:42:45.878+0000] {processor.py:175} INFO - Processing /home/airflow/.local/lib/python3.7/site-packages/airflow/example_dags/example_latest_only_with_trigger.py took 0.047 seconds
[2024-03-05T12:43:16.718+0000] {processor.py:153} INFO - Started process (PID=223) to work on /home/airflow/.local/lib/python3.7/site-packages/airflow/example_dags/example_latest_only_with_trigger.py
[2024-03-05T12:43:16.718+0000] {processor.py:743} INFO - Processing file /home/airflow/.local/lib/python3.7/site-packages/airflow/example_dags/example_latest_only_with_trigger.py for tasks to queue
[2024-03-05T12:43:16.719+0000] {logging_mixin.py:137} INFO - [2024-03-05T12:43:16.719+0000] {dagbag.py:538} INFO - Filling up the DagBag from /home/airflow/.local/lib/python3.7/site-packages/airflow/example_dags/example_latest_only_with_trigger.py
[2024-03-05T12:43:16.726+0000] {processor.py:753} INFO - DAG(s) dict_keys(['latest_only_with_trigger']) retrieved from /home/airflow/.local/lib/python3.7/site-packages/airflow/example_dags/example_latest_only_with_trigger.py
[2024-03-05T12:43:16.737+0000] {logging_mixin.py:137} INFO - [2024-03-05T12:43:16.737+0000] {dag.py:2690} INFO - Sync 1 DAGs
[2024-03-05T12:43:16.749+0000] {logging_mixin.py:137} INFO - [2024-03-05T12:43:16.749+0000] {dag.py:3441} INFO - Setting next_dagrun for latest_only_with_trigger to 2024-03-05T08:43:16.749309+00:00, run_after=2024-03-05T12:43:16.749309+00:00
[2024-03-05T12:43:16.757+0000] {processor.py:175} INFO - Processing /home/airflow/.local/lib/python3.7/site-packages/airflow/example_dags/example_latest_only_with_trigger.py took 0.041 seconds
[2024-03-05T12:43:47.490+0000] {processor.py:153} INFO - Started process (PID=317) to work on /home/airflow/.local/lib/python3.7/site-packages/airflow/example_dags/example_latest_only_with_trigger.py
[2024-03-05T12:43:47.491+0000] {processor.py:743} INFO - Processing file /home/airflow/.local/lib/python3.7/site-packages/airflow/example_dags/example_latest_only_with_trigger.py for tasks to queue
[2024-03-05T12:43:47.492+0000] {logging_mixin.py:137} INFO - [2024-03-05T12:43:47.492+0000] {dagbag.py:538} INFO - Filling up the DagBag from /home/airflow/.local/lib/python3.7/site-packages/airflow/example_dags/example_latest_only_with_trigger.py
[2024-03-05T12:43:47.501+0000] {processor.py:753} INFO - DAG(s) dict_keys(['latest_only_with_trigger']) retrieved from /home/airflow/.local/lib/python3.7/site-packages/airflow/example_dags/example_latest_only_with_trigger.py
[2024-03-05T12:43:47.515+0000] {logging_mixin.py:137} INFO - [2024-03-05T12:43:47.515+0000] {dag.py:2690} INFO - Sync 1 DAGs
[2024-03-05T12:43:47.529+0000] {logging_mixin.py:137} INFO - [2024-03-05T12:43:47.529+0000] {dag.py:3441} INFO - Setting next_dagrun for latest_only_with_trigger to 2024-03-05T08:43:47.528978+00:00, run_after=2024-03-05T12:43:47.528978+00:00
[2024-03-05T12:43:47.538+0000] {processor.py:175} INFO - Processing /home/airflow/.local/lib/python3.7/site-packages/airflow/example_dags/example_latest_only_with_trigger.py took 0.051 seconds
[2024-03-05T12:44:18.047+0000] {processor.py:153} INFO - Started process (PID=410) to work on /home/airflow/.local/lib/python3.7/site-packages/airflow/example_dags/example_latest_only_with_trigger.py
[2024-03-05T12:44:18.048+0000] {processor.py:743} INFO - Processing file /home/airflow/.local/lib/python3.7/site-packages/airflow/example_dags/example_latest_only_with_trigger.py for tasks to queue
[2024-03-05T12:44:18.048+0000] {logging_mixin.py:137} INFO - [2024-03-05T12:44:18.048+0000] {dagbag.py:538} INFO - Filling up the DagBag from /home/airflow/.local/lib/python3.7/site-packages/airflow/example_dags/example_latest_only_with_trigger.py
[2024-03-05T12:44:18.056+0000] {processor.py:753} INFO - DAG(s) dict_keys(['latest_only_with_trigger']) retrieved from /home/airflow/.local/lib/python3.7/site-packages/airflow/example_dags/example_latest_only_with_trigger.py
[2024-03-05T12:44:18.069+0000] {logging_mixin.py:137} INFO - [2024-03-05T12:44:18.068+0000] {dag.py:2690} INFO - Sync 1 DAGs
[2024-03-05T12:44:18.081+0000] {logging_mixin.py:137} INFO - [2024-03-05T12:44:18.081+0000] {dag.py:3441} INFO - Setting next_dagrun for latest_only_with_trigger to 2024-03-05T08:44:18.081619+00:00, run_after=2024-03-05T12:44:18.081619+00:00
[2024-03-05T12:44:18.090+0000] {processor.py:175} INFO - Processing /home/airflow/.local/lib/python3.7/site-packages/airflow/example_dags/example_latest_only_with_trigger.py took 0.044 seconds
[2024-03-05T12:44:48.601+0000] {processor.py:153} INFO - Started process (PID=504) to work on /home/airflow/.local/lib/python3.7/site-packages/airflow/example_dags/example_latest_only_with_trigger.py
[2024-03-05T12:44:48.602+0000] {processor.py:743} INFO - Processing file /home/airflow/.local/lib/python3.7/site-packages/airflow/example_dags/example_latest_only_with_trigger.py for tasks to queue
[2024-03-05T12:44:48.605+0000] {logging_mixin.py:137} INFO - [2024-03-05T12:44:48.605+0000] {dagbag.py:538} INFO - Filling up the DagBag from /home/airflow/.local/lib/python3.7/site-packages/airflow/example_dags/example_latest_only_with_trigger.py
[2024-03-05T12:44:48.615+0000] {processor.py:753} INFO - DAG(s) dict_keys(['latest_only_with_trigger']) retrieved from /home/airflow/.local/lib/python3.7/site-packages/airflow/example_dags/example_latest_only_with_trigger.py
[2024-03-05T12:44:48.636+0000] {logging_mixin.py:137} INFO - [2024-03-05T12:44:48.636+0000] {dag.py:2690} INFO - Sync 1 DAGs
[2024-03-05T12:44:48.654+0000] {logging_mixin.py:137} INFO - [2024-03-05T12:44:48.653+0000] {dag.py:3441} INFO - Setting next_dagrun for latest_only_with_trigger to 2024-03-05T08:44:48.653808+00:00, run_after=2024-03-05T12:44:48.653808+00:00
[2024-03-05T12:44:48.675+0000] {processor.py:175} INFO - Processing /home/airflow/.local/lib/python3.7/site-packages/airflow/example_dags/example_latest_only_with_trigger.py took 0.076 seconds
[2024-03-05T12:45:19.162+0000] {processor.py:153} INFO - Started process (PID=580) to work on /home/airflow/.local/lib/python3.7/site-packages/airflow/example_dags/example_latest_only_with_trigger.py
[2024-03-05T12:45:19.163+0000] {processor.py:743} INFO - Processing file /home/airflow/.local/lib/python3.7/site-packages/airflow/example_dags/example_latest_only_with_trigger.py for tasks to queue
[2024-03-05T12:45:19.163+0000] {logging_mixin.py:137} INFO - [2024-03-05T12:45:19.163+0000] {dagbag.py:538} INFO - Filling up the DagBag from /home/airflow/.local/lib/python3.7/site-packages/airflow/example_dags/example_latest_only_with_trigger.py
[2024-03-05T12:45:19.173+0000] {processor.py:753} INFO - DAG(s) dict_keys(['latest_only_with_trigger']) retrieved from /home/airflow/.local/lib/python3.7/site-packages/airflow/example_dags/example_latest_only_with_trigger.py
[2024-03-05T12:45:19.185+0000] {logging_mixin.py:137} INFO - [2024-03-05T12:45:19.185+0000] {dag.py:2690} INFO - Sync 1 DAGs
[2024-03-05T12:45:19.197+0000] {logging_mixin.py:137} INFO - [2024-03-05T12:45:19.197+0000] {dag.py:3441} INFO - Setting next_dagrun for latest_only_with_trigger to 2024-03-05T08:45:19.197031+00:00, run_after=2024-03-05T12:45:19.197031+00:00
[2024-03-05T12:45:19.206+0000] {processor.py:175} INFO - Processing /home/airflow/.local/lib/python3.7/site-packages/airflow/example_dags/example_latest_only_with_trigger.py took 0.046 seconds
[2024-03-05T12:45:49.754+0000] {processor.py:153} INFO - Started process (PID=674) to work on /home/airflow/.local/lib/python3.7/site-packages/airflow/example_dags/example_latest_only_with_trigger.py
[2024-03-05T12:45:49.755+0000] {processor.py:743} INFO - Processing file /home/airflow/.local/lib/python3.7/site-packages/airflow/example_dags/example_latest_only_with_trigger.py for tasks to queue
[2024-03-05T12:45:49.755+0000] {logging_mixin.py:137} INFO - [2024-03-05T12:45:49.755+0000] {dagbag.py:538} INFO - Filling up the DagBag from /home/airflow/.local/lib/python3.7/site-packages/airflow/example_dags/example_latest_only_with_trigger.py
[2024-03-05T12:45:49.762+0000] {processor.py:753} INFO - DAG(s) dict_keys(['latest_only_with_trigger']) retrieved from /home/airflow/.local/lib/python3.7/site-packages/airflow/example_dags/example_latest_only_with_trigger.py
[2024-03-05T12:45:49.775+0000] {logging_mixin.py:137} INFO - [2024-03-05T12:45:49.774+0000] {dag.py:2690} INFO - Sync 1 DAGs
[2024-03-05T12:45:49.787+0000] {logging_mixin.py:137} INFO - [2024-03-05T12:45:49.787+0000] {dag.py:3441} INFO - Setting next_dagrun for latest_only_with_trigger to 2024-03-05T08:45:49.787648+00:00, run_after=2024-03-05T12:45:49.787648+00:00
[2024-03-05T12:45:49.796+0000] {processor.py:175} INFO - Processing /home/airflow/.local/lib/python3.7/site-packages/airflow/example_dags/example_latest_only_with_trigger.py took 0.043 seconds
[2024-03-05T12:46:20.321+0000] {processor.py:153} INFO - Started process (PID=768) to work on /home/airflow/.local/lib/python3.7/site-packages/airflow/example_dags/example_latest_only_with_trigger.py
[2024-03-05T12:46:20.322+0000] {processor.py:743} INFO - Processing file /home/airflow/.local/lib/python3.7/site-packages/airflow/example_dags/example_latest_only_with_trigger.py for tasks to queue
[2024-03-05T12:46:20.322+0000] {logging_mixin.py:137} INFO - [2024-03-05T12:46:20.322+0000] {dagbag.py:538} INFO - Filling up the DagBag from /home/airflow/.local/lib/python3.7/site-packages/airflow/example_dags/example_latest_only_with_trigger.py
[2024-03-05T12:46:20.330+0000] {processor.py:753} INFO - DAG(s) dict_keys(['latest_only_with_trigger']) retrieved from /home/airflow/.local/lib/python3.7/site-packages/airflow/example_dags/example_latest_only_with_trigger.py
[2024-03-05T12:46:20.347+0000] {logging_mixin.py:137} INFO - [2024-03-05T12:46:20.346+0000] {dag.py:2690} INFO - Sync 1 DAGs
[2024-03-05T12:46:20.361+0000] {logging_mixin.py:137} INFO - [2024-03-05T12:46:20.361+0000] {dag.py:3441} INFO - Setting next_dagrun for latest_only_with_trigger to 2024-03-05T08:46:20.361052+00:00, run_after=2024-03-05T12:46:20.361052+00:00
[2024-03-05T12:46:20.374+0000] {processor.py:175} INFO - Processing /home/airflow/.local/lib/python3.7/site-packages/airflow/example_dags/example_latest_only_with_trigger.py took 0.055 seconds
[2024-03-05T12:46:51.083+0000] {processor.py:153} INFO - Started process (PID=844) to work on /home/airflow/.local/lib/python3.7/site-packages/airflow/example_dags/example_latest_only_with_trigger.py
[2024-03-05T12:46:51.084+0000] {processor.py:743} INFO - Processing file /home/airflow/.local/lib/python3.7/site-packages/airflow/example_dags/example_latest_only_with_trigger.py for tasks to queue
[2024-03-05T12:46:51.084+0000] {logging_mixin.py:137} INFO - [2024-03-05T12:46:51.084+0000] {dagbag.py:538} INFO - Filling up the DagBag from /home/airflow/.local/lib/python3.7/site-packages/airflow/example_dags/example_latest_only_with_trigger.py
[2024-03-05T12:46:51.091+0000] {processor.py:753} INFO - DAG(s) dict_keys(['latest_only_with_trigger']) retrieved from /home/airflow/.local/lib/python3.7/site-packages/airflow/example_dags/example_latest_only_with_trigger.py
[2024-03-05T12:46:51.102+0000] {logging_mixin.py:137} INFO - [2024-03-05T12:46:51.102+0000] {dag.py:2690} INFO - Sync 1 DAGs
[2024-03-05T12:46:51.114+0000] {logging_mixin.py:137} INFO - [2024-03-05T12:46:51.114+0000] {dag.py:3441} INFO - Setting next_dagrun for latest_only_with_trigger to 2024-03-05T08:46:51.114091+00:00, run_after=2024-03-05T12:46:51.114091+00:00
[2024-03-05T12:46:51.122+0000] {processor.py:175} INFO - Processing /home/airflow/.local/lib/python3.7/site-packages/airflow/example_dags/example_latest_only_with_trigger.py took 0.040 seconds
[2024-03-05T12:47:21.701+0000] {processor.py:153} INFO - Started process (PID=938) to work on /home/airflow/.local/lib/python3.7/site-packages/airflow/example_dags/example_latest_only_with_trigger.py
[2024-03-05T12:47:21.701+0000] {processor.py:743} INFO - Processing file /home/airflow/.local/lib/python3.7/site-packages/airflow/example_dags/example_latest_only_with_trigger.py for tasks to queue
[2024-03-05T12:47:21.702+0000] {logging_mixin.py:137} INFO - [2024-03-05T12:47:21.702+0000] {dagbag.py:538} INFO - Filling up the DagBag from /home/airflow/.local/lib/python3.7/site-packages/airflow/example_dags/example_latest_only_with_trigger.py
[2024-03-05T12:47:21.709+0000] {processor.py:753} INFO - DAG(s) dict_keys(['latest_only_with_trigger']) retrieved from /home/airflow/.local/lib/python3.7/site-packages/airflow/example_dags/example_latest_only_with_trigger.py
[2024-03-05T12:47:21.719+0000] {logging_mixin.py:137} INFO - [2024-03-05T12:47:21.719+0000] {dag.py:2690} INFO - Sync 1 DAGs
[2024-03-05T12:47:21.730+0000] {logging_mixin.py:137} INFO - [2024-03-05T12:47:21.730+0000] {dag.py:3441} INFO - Setting next_dagrun for latest_only_with_trigger to 2024-03-05T08:47:21.730565+00:00, run_after=2024-03-05T12:47:21.730565+00:00
[2024-03-05T12:47:21.739+0000] {processor.py:175} INFO - Processing /home/airflow/.local/lib/python3.7/site-packages/airflow/example_dags/example_latest_only_with_trigger.py took 0.040 seconds
[2024-03-05T12:47:52.317+0000] {processor.py:153} INFO - Started process (PID=1032) to work on /home/airflow/.local/lib/python3.7/site-packages/airflow/example_dags/example_latest_only_with_trigger.py
[2024-03-05T12:47:52.318+0000] {processor.py:743} INFO - Processing file /home/airflow/.local/lib/python3.7/site-packages/airflow/example_dags/example_latest_only_with_trigger.py for tasks to queue
[2024-03-05T12:47:52.318+0000] {logging_mixin.py:137} INFO - [2024-03-05T12:47:52.318+0000] {dagbag.py:538} INFO - Filling up the DagBag from /home/airflow/.local/lib/python3.7/site-packages/airflow/example_dags/example_latest_only_with_trigger.py
[2024-03-05T12:47:52.327+0000] {processor.py:753} INFO - DAG(s) dict_keys(['latest_only_with_trigger']) retrieved from /home/airflow/.local/lib/python3.7/site-packages/airflow/example_dags/example_latest_only_with_trigger.py
[2024-03-05T12:47:52.342+0000] {logging_mixin.py:137} INFO - [2024-03-05T12:47:52.342+0000] {dag.py:2690} INFO - Sync 1 DAGs
[2024-03-05T12:47:52.355+0000] {logging_mixin.py:137} INFO - [2024-03-05T12:47:52.355+0000] {dag.py:3441} INFO - Setting next_dagrun for latest_only_with_trigger to 2024-03-05T08:47:52.355589+00:00, run_after=2024-03-05T12:47:52.355589+00:00
[2024-03-05T12:47:52.366+0000] {processor.py:175} INFO - Processing /home/airflow/.local/lib/python3.7/site-packages/airflow/example_dags/example_latest_only_with_trigger.py took 0.051 seconds
