[2024-03-05T12:19:23.648+0000] {processor.py:153} INFO - Started process (PID=56) to work on /home/airflow/.local/lib/python3.7/site-packages/airflow/example_dags/example_subdag_operator.py
[2024-03-05T12:19:23.649+0000] {processor.py:743} INFO - Processing file /home/airflow/.local/lib/python3.7/site-packages/airflow/example_dags/example_subdag_operator.py for tasks to queue
[2024-03-05T12:19:23.649+0000] {logging_mixin.py:137} INFO - [2024-03-05T12:19:23.649+0000] {dagbag.py:538} INFO - Filling up the DagBag from /home/airflow/.local/lib/python3.7/site-packages/airflow/example_dags/example_subdag_operator.py
[2024-03-05T12:19:23.667+0000] {processor.py:753} INFO - DAG(s) dict_keys(['example_subdag_operator.section-1', 'example_subdag_operator.section-2', 'example_subdag_operator']) retrieved from /home/airflow/.local/lib/python3.7/site-packages/airflow/example_dags/example_subdag_operator.py
[2024-03-05T12:19:23.679+0000] {logging_mixin.py:137} INFO - [2024-03-05T12:19:23.679+0000] {dag.py:2690} INFO - Sync 3 DAGs
[2024-03-05T12:19:23.693+0000] {logging_mixin.py:137} INFO - [2024-03-05T12:19:23.693+0000] {dag.py:3441} INFO - Setting next_dagrun for example_subdag_operator to 2022-01-01T00:00:00+00:00, run_after=2022-01-01T00:00:00+00:00
[2024-03-05T12:19:23.695+0000] {logging_mixin.py:137} INFO - [2024-03-05T12:19:23.695+0000] {dag.py:3441} INFO - Setting next_dagrun for example_subdag_operator.section-1 to None, run_after=None
[2024-03-05T12:19:23.696+0000] {logging_mixin.py:137} INFO - [2024-03-05T12:19:23.696+0000] {dag.py:3441} INFO - Setting next_dagrun for example_subdag_operator.section-2 to None, run_after=None
[2024-03-05T12:19:23.700+0000] {logging_mixin.py:137} INFO - [2024-03-05T12:19:23.700+0000] {dag.py:2690} INFO - Sync 2 DAGs
[2024-03-05T12:19:23.703+0000] {logging_mixin.py:137} INFO - [2024-03-05T12:19:23.703+0000] {dag.py:3441} INFO - Setting next_dagrun for example_subdag_operator.section-1 to None, run_after=None
[2024-03-05T12:19:23.704+0000] {logging_mixin.py:137} INFO - [2024-03-05T12:19:23.704+0000] {dag.py:3441} INFO - Setting next_dagrun for example_subdag_operator.section-2 to None, run_after=None
[2024-03-05T12:19:23.709+0000] {processor.py:175} INFO - Processing /home/airflow/.local/lib/python3.7/site-packages/airflow/example_dags/example_subdag_operator.py took 0.063 seconds
[2024-03-05T12:19:54.293+0000] {processor.py:153} INFO - Started process (PID=158) to work on /home/airflow/.local/lib/python3.7/site-packages/airflow/example_dags/example_subdag_operator.py
[2024-03-05T12:19:54.293+0000] {processor.py:743} INFO - Processing file /home/airflow/.local/lib/python3.7/site-packages/airflow/example_dags/example_subdag_operator.py for tasks to queue
[2024-03-05T12:19:54.293+0000] {logging_mixin.py:137} INFO - [2024-03-05T12:19:54.293+0000] {dagbag.py:538} INFO - Filling up the DagBag from /home/airflow/.local/lib/python3.7/site-packages/airflow/example_dags/example_subdag_operator.py
[2024-03-05T12:19:54.307+0000] {processor.py:753} INFO - DAG(s) dict_keys(['example_subdag_operator.section-1', 'example_subdag_operator.section-2', 'example_subdag_operator']) retrieved from /home/airflow/.local/lib/python3.7/site-packages/airflow/example_dags/example_subdag_operator.py
[2024-03-05T12:19:54.315+0000] {logging_mixin.py:137} INFO - [2024-03-05T12:19:54.315+0000] {dag.py:2690} INFO - Sync 3 DAGs
[2024-03-05T12:19:54.326+0000] {logging_mixin.py:137} INFO - [2024-03-05T12:19:54.326+0000] {dag.py:3441} INFO - Setting next_dagrun for example_subdag_operator to 2022-01-01T00:00:00+00:00, run_after=2022-01-01T00:00:00+00:00
[2024-03-05T12:19:54.327+0000] {logging_mixin.py:137} INFO - [2024-03-05T12:19:54.327+0000] {dag.py:3441} INFO - Setting next_dagrun for example_subdag_operator.section-1 to None, run_after=None
[2024-03-05T12:19:54.328+0000] {logging_mixin.py:137} INFO - [2024-03-05T12:19:54.328+0000] {dag.py:3441} INFO - Setting next_dagrun for example_subdag_operator.section-2 to None, run_after=None
[2024-03-05T12:19:54.331+0000] {logging_mixin.py:137} INFO - [2024-03-05T12:19:54.331+0000] {dag.py:2690} INFO - Sync 2 DAGs
[2024-03-05T12:19:54.334+0000] {logging_mixin.py:137} INFO - [2024-03-05T12:19:54.334+0000] {dag.py:3441} INFO - Setting next_dagrun for example_subdag_operator.section-1 to None, run_after=None
[2024-03-05T12:19:54.334+0000] {logging_mixin.py:137} INFO - [2024-03-05T12:19:54.334+0000] {dag.py:3441} INFO - Setting next_dagrun for example_subdag_operator.section-2 to None, run_after=None
[2024-03-05T12:19:54.339+0000] {processor.py:175} INFO - Processing /home/airflow/.local/lib/python3.7/site-packages/airflow/example_dags/example_subdag_operator.py took 0.048 seconds
[2024-03-05T12:42:15.775+0000] {processor.py:153} INFO - Started process (PID=56) to work on /home/airflow/.local/lib/python3.7/site-packages/airflow/example_dags/example_subdag_operator.py
[2024-03-05T12:42:15.777+0000] {processor.py:743} INFO - Processing file /home/airflow/.local/lib/python3.7/site-packages/airflow/example_dags/example_subdag_operator.py for tasks to queue
[2024-03-05T12:42:15.779+0000] {logging_mixin.py:137} INFO - [2024-03-05T12:42:15.778+0000] {dagbag.py:538} INFO - Filling up the DagBag from /home/airflow/.local/lib/python3.7/site-packages/airflow/example_dags/example_subdag_operator.py
[2024-03-05T12:42:15.804+0000] {processor.py:753} INFO - DAG(s) dict_keys(['example_subdag_operator.section-1', 'example_subdag_operator.section-2', 'example_subdag_operator']) retrieved from /home/airflow/.local/lib/python3.7/site-packages/airflow/example_dags/example_subdag_operator.py
[2024-03-05T12:42:15.808+0000] {logging_mixin.py:137} INFO - [2024-03-05T12:42:15.807+0000] {dag.py:2690} INFO - Sync 3 DAGs
[2024-03-05T12:42:15.822+0000] {logging_mixin.py:137} INFO - [2024-03-05T12:42:15.822+0000] {dag.py:3441} INFO - Setting next_dagrun for example_subdag_operator to 2022-01-01T00:00:00+00:00, run_after=2022-01-01T00:00:00+00:00
[2024-03-05T12:42:15.826+0000] {logging_mixin.py:137} INFO - [2024-03-05T12:42:15.826+0000] {dag.py:3441} INFO - Setting next_dagrun for example_subdag_operator.section-1 to None, run_after=None
[2024-03-05T12:42:15.827+0000] {logging_mixin.py:137} INFO - [2024-03-05T12:42:15.827+0000] {dag.py:3441} INFO - Setting next_dagrun for example_subdag_operator.section-2 to None, run_after=None
[2024-03-05T12:42:15.836+0000] {logging_mixin.py:137} INFO - [2024-03-05T12:42:15.836+0000] {dag.py:2690} INFO - Sync 2 DAGs
[2024-03-05T12:42:15.841+0000] {logging_mixin.py:137} INFO - [2024-03-05T12:42:15.841+0000] {dag.py:3441} INFO - Setting next_dagrun for example_subdag_operator.section-1 to None, run_after=None
[2024-03-05T12:42:15.842+0000] {logging_mixin.py:137} INFO - [2024-03-05T12:42:15.842+0000] {dag.py:3441} INFO - Setting next_dagrun for example_subdag_operator.section-2 to None, run_after=None
[2024-03-05T12:42:15.850+0000] {processor.py:175} INFO - Processing /home/airflow/.local/lib/python3.7/site-packages/airflow/example_dags/example_subdag_operator.py took 0.080 seconds
[2024-03-05T12:42:45.934+0000] {processor.py:153} INFO - Started process (PID=150) to work on /home/airflow/.local/lib/python3.7/site-packages/airflow/example_dags/example_subdag_operator.py
[2024-03-05T12:42:45.935+0000] {processor.py:743} INFO - Processing file /home/airflow/.local/lib/python3.7/site-packages/airflow/example_dags/example_subdag_operator.py for tasks to queue
[2024-03-05T12:42:45.936+0000] {logging_mixin.py:137} INFO - [2024-03-05T12:42:45.936+0000] {dagbag.py:538} INFO - Filling up the DagBag from /home/airflow/.local/lib/python3.7/site-packages/airflow/example_dags/example_subdag_operator.py
[2024-03-05T12:42:45.953+0000] {processor.py:753} INFO - DAG(s) dict_keys(['example_subdag_operator.section-1', 'example_subdag_operator.section-2', 'example_subdag_operator']) retrieved from /home/airflow/.local/lib/python3.7/site-packages/airflow/example_dags/example_subdag_operator.py
[2024-03-05T12:42:45.964+0000] {logging_mixin.py:137} INFO - [2024-03-05T12:42:45.964+0000] {dag.py:2690} INFO - Sync 3 DAGs
[2024-03-05T12:42:45.983+0000] {logging_mixin.py:137} INFO - [2024-03-05T12:42:45.983+0000] {dag.py:3441} INFO - Setting next_dagrun for example_subdag_operator to 2022-01-01T00:00:00+00:00, run_after=2022-01-01T00:00:00+00:00
[2024-03-05T12:42:45.987+0000] {logging_mixin.py:137} INFO - [2024-03-05T12:42:45.987+0000] {dag.py:3441} INFO - Setting next_dagrun for example_subdag_operator.section-1 to None, run_after=None
[2024-03-05T12:42:45.990+0000] {logging_mixin.py:137} INFO - [2024-03-05T12:42:45.990+0000] {dag.py:3441} INFO - Setting next_dagrun for example_subdag_operator.section-2 to None, run_after=None
[2024-03-05T12:42:45.999+0000] {logging_mixin.py:137} INFO - [2024-03-05T12:42:45.999+0000] {dag.py:2690} INFO - Sync 2 DAGs
[2024-03-05T12:42:46.004+0000] {logging_mixin.py:137} INFO - [2024-03-05T12:42:46.004+0000] {dag.py:3441} INFO - Setting next_dagrun for example_subdag_operator.section-1 to None, run_after=None
[2024-03-05T12:42:46.004+0000] {logging_mixin.py:137} INFO - [2024-03-05T12:42:46.004+0000] {dag.py:3441} INFO - Setting next_dagrun for example_subdag_operator.section-2 to None, run_after=None
[2024-03-05T12:42:46.015+0000] {processor.py:175} INFO - Processing /home/airflow/.local/lib/python3.7/site-packages/airflow/example_dags/example_subdag_operator.py took 0.082 seconds
[2024-03-05T12:43:16.785+0000] {processor.py:153} INFO - Started process (PID=226) to work on /home/airflow/.local/lib/python3.7/site-packages/airflow/example_dags/example_subdag_operator.py
[2024-03-05T12:43:16.786+0000] {processor.py:743} INFO - Processing file /home/airflow/.local/lib/python3.7/site-packages/airflow/example_dags/example_subdag_operator.py for tasks to queue
[2024-03-05T12:43:16.786+0000] {logging_mixin.py:137} INFO - [2024-03-05T12:43:16.786+0000] {dagbag.py:538} INFO - Filling up the DagBag from /home/airflow/.local/lib/python3.7/site-packages/airflow/example_dags/example_subdag_operator.py
[2024-03-05T12:43:16.801+0000] {processor.py:753} INFO - DAG(s) dict_keys(['example_subdag_operator.section-1', 'example_subdag_operator.section-2', 'example_subdag_operator']) retrieved from /home/airflow/.local/lib/python3.7/site-packages/airflow/example_dags/example_subdag_operator.py
[2024-03-05T12:43:16.810+0000] {logging_mixin.py:137} INFO - [2024-03-05T12:43:16.810+0000] {dag.py:2690} INFO - Sync 3 DAGs
[2024-03-05T12:43:16.822+0000] {logging_mixin.py:137} INFO - [2024-03-05T12:43:16.822+0000] {dag.py:3441} INFO - Setting next_dagrun for example_subdag_operator to 2022-01-01T00:00:00+00:00, run_after=2022-01-01T00:00:00+00:00
[2024-03-05T12:43:16.824+0000] {logging_mixin.py:137} INFO - [2024-03-05T12:43:16.824+0000] {dag.py:3441} INFO - Setting next_dagrun for example_subdag_operator.section-1 to None, run_after=None
[2024-03-05T12:43:16.825+0000] {logging_mixin.py:137} INFO - [2024-03-05T12:43:16.825+0000] {dag.py:3441} INFO - Setting next_dagrun for example_subdag_operator.section-2 to None, run_after=None
[2024-03-05T12:43:16.831+0000] {logging_mixin.py:137} INFO - [2024-03-05T12:43:16.831+0000] {dag.py:2690} INFO - Sync 2 DAGs
[2024-03-05T12:43:16.838+0000] {logging_mixin.py:137} INFO - [2024-03-05T12:43:16.838+0000] {dag.py:3441} INFO - Setting next_dagrun for example_subdag_operator.section-1 to None, run_after=None
[2024-03-05T12:43:16.839+0000] {logging_mixin.py:137} INFO - [2024-03-05T12:43:16.839+0000] {dag.py:3441} INFO - Setting next_dagrun for example_subdag_operator.section-2 to None, run_after=None
[2024-03-05T12:43:16.852+0000] {processor.py:175} INFO - Processing /home/airflow/.local/lib/python3.7/site-packages/airflow/example_dags/example_subdag_operator.py took 0.068 seconds
[2024-03-05T12:43:47.565+0000] {processor.py:153} INFO - Started process (PID=320) to work on /home/airflow/.local/lib/python3.7/site-packages/airflow/example_dags/example_subdag_operator.py
[2024-03-05T12:43:47.566+0000] {processor.py:743} INFO - Processing file /home/airflow/.local/lib/python3.7/site-packages/airflow/example_dags/example_subdag_operator.py for tasks to queue
[2024-03-05T12:43:47.566+0000] {logging_mixin.py:137} INFO - [2024-03-05T12:43:47.566+0000] {dagbag.py:538} INFO - Filling up the DagBag from /home/airflow/.local/lib/python3.7/site-packages/airflow/example_dags/example_subdag_operator.py
[2024-03-05T12:43:47.582+0000] {processor.py:753} INFO - DAG(s) dict_keys(['example_subdag_operator.section-1', 'example_subdag_operator.section-2', 'example_subdag_operator']) retrieved from /home/airflow/.local/lib/python3.7/site-packages/airflow/example_dags/example_subdag_operator.py
[2024-03-05T12:43:47.591+0000] {logging_mixin.py:137} INFO - [2024-03-05T12:43:47.591+0000] {dag.py:2690} INFO - Sync 3 DAGs
[2024-03-05T12:43:47.603+0000] {logging_mixin.py:137} INFO - [2024-03-05T12:43:47.603+0000] {dag.py:3441} INFO - Setting next_dagrun for example_subdag_operator to 2022-01-01T00:00:00+00:00, run_after=2022-01-01T00:00:00+00:00
[2024-03-05T12:43:47.604+0000] {logging_mixin.py:137} INFO - [2024-03-05T12:43:47.604+0000] {dag.py:3441} INFO - Setting next_dagrun for example_subdag_operator.section-1 to None, run_after=None
[2024-03-05T12:43:47.605+0000] {logging_mixin.py:137} INFO - [2024-03-05T12:43:47.605+0000] {dag.py:3441} INFO - Setting next_dagrun for example_subdag_operator.section-2 to None, run_after=None
[2024-03-05T12:43:47.609+0000] {logging_mixin.py:137} INFO - [2024-03-05T12:43:47.609+0000] {dag.py:2690} INFO - Sync 2 DAGs
[2024-03-05T12:43:47.612+0000] {logging_mixin.py:137} INFO - [2024-03-05T12:43:47.612+0000] {dag.py:3441} INFO - Setting next_dagrun for example_subdag_operator.section-1 to None, run_after=None
[2024-03-05T12:43:47.612+0000] {logging_mixin.py:137} INFO - [2024-03-05T12:43:47.612+0000] {dag.py:3441} INFO - Setting next_dagrun for example_subdag_operator.section-2 to None, run_after=None
[2024-03-05T12:43:47.617+0000] {processor.py:175} INFO - Processing /home/airflow/.local/lib/python3.7/site-packages/airflow/example_dags/example_subdag_operator.py took 0.054 seconds
[2024-03-05T12:44:18.123+0000] {processor.py:153} INFO - Started process (PID=413) to work on /home/airflow/.local/lib/python3.7/site-packages/airflow/example_dags/example_subdag_operator.py
[2024-03-05T12:44:18.123+0000] {processor.py:743} INFO - Processing file /home/airflow/.local/lib/python3.7/site-packages/airflow/example_dags/example_subdag_operator.py for tasks to queue
[2024-03-05T12:44:18.124+0000] {logging_mixin.py:137} INFO - [2024-03-05T12:44:18.124+0000] {dagbag.py:538} INFO - Filling up the DagBag from /home/airflow/.local/lib/python3.7/site-packages/airflow/example_dags/example_subdag_operator.py
[2024-03-05T12:44:18.139+0000] {processor.py:753} INFO - DAG(s) dict_keys(['example_subdag_operator.section-1', 'example_subdag_operator.section-2', 'example_subdag_operator']) retrieved from /home/airflow/.local/lib/python3.7/site-packages/airflow/example_dags/example_subdag_operator.py
[2024-03-05T12:44:18.148+0000] {logging_mixin.py:137} INFO - [2024-03-05T12:44:18.148+0000] {dag.py:2690} INFO - Sync 3 DAGs
[2024-03-05T12:44:18.160+0000] {logging_mixin.py:137} INFO - [2024-03-05T12:44:18.160+0000] {dag.py:3441} INFO - Setting next_dagrun for example_subdag_operator to 2022-01-01T00:00:00+00:00, run_after=2022-01-01T00:00:00+00:00
[2024-03-05T12:44:18.162+0000] {logging_mixin.py:137} INFO - [2024-03-05T12:44:18.162+0000] {dag.py:3441} INFO - Setting next_dagrun for example_subdag_operator.section-1 to None, run_after=None
[2024-03-05T12:44:18.163+0000] {logging_mixin.py:137} INFO - [2024-03-05T12:44:18.162+0000] {dag.py:3441} INFO - Setting next_dagrun for example_subdag_operator.section-2 to None, run_after=None
[2024-03-05T12:44:18.166+0000] {logging_mixin.py:137} INFO - [2024-03-05T12:44:18.166+0000] {dag.py:2690} INFO - Sync 2 DAGs
[2024-03-05T12:44:18.169+0000] {logging_mixin.py:137} INFO - [2024-03-05T12:44:18.169+0000] {dag.py:3441} INFO - Setting next_dagrun for example_subdag_operator.section-1 to None, run_after=None
[2024-03-05T12:44:18.169+0000] {logging_mixin.py:137} INFO - [2024-03-05T12:44:18.169+0000] {dag.py:3441} INFO - Setting next_dagrun for example_subdag_operator.section-2 to None, run_after=None
[2024-03-05T12:44:18.174+0000] {processor.py:175} INFO - Processing /home/airflow/.local/lib/python3.7/site-packages/airflow/example_dags/example_subdag_operator.py took 0.053 seconds
[2024-03-05T12:44:48.709+0000] {processor.py:153} INFO - Started process (PID=507) to work on /home/airflow/.local/lib/python3.7/site-packages/airflow/example_dags/example_subdag_operator.py
[2024-03-05T12:44:48.711+0000] {processor.py:743} INFO - Processing file /home/airflow/.local/lib/python3.7/site-packages/airflow/example_dags/example_subdag_operator.py for tasks to queue
[2024-03-05T12:44:48.712+0000] {logging_mixin.py:137} INFO - [2024-03-05T12:44:48.712+0000] {dagbag.py:538} INFO - Filling up the DagBag from /home/airflow/.local/lib/python3.7/site-packages/airflow/example_dags/example_subdag_operator.py
[2024-03-05T12:44:48.733+0000] {processor.py:753} INFO - DAG(s) dict_keys(['example_subdag_operator.section-1', 'example_subdag_operator.section-2', 'example_subdag_operator']) retrieved from /home/airflow/.local/lib/python3.7/site-packages/airflow/example_dags/example_subdag_operator.py
[2024-03-05T12:44:48.743+0000] {logging_mixin.py:137} INFO - [2024-03-05T12:44:48.742+0000] {dag.py:2690} INFO - Sync 3 DAGs
[2024-03-05T12:44:48.758+0000] {logging_mixin.py:137} INFO - [2024-03-05T12:44:48.758+0000] {dag.py:3441} INFO - Setting next_dagrun for example_subdag_operator to 2022-01-01T00:00:00+00:00, run_after=2022-01-01T00:00:00+00:00
[2024-03-05T12:44:48.761+0000] {logging_mixin.py:137} INFO - [2024-03-05T12:44:48.761+0000] {dag.py:3441} INFO - Setting next_dagrun for example_subdag_operator.section-1 to None, run_after=None
[2024-03-05T12:44:48.763+0000] {logging_mixin.py:137} INFO - [2024-03-05T12:44:48.763+0000] {dag.py:3441} INFO - Setting next_dagrun for example_subdag_operator.section-2 to None, run_after=None
[2024-03-05T12:44:48.767+0000] {logging_mixin.py:137} INFO - [2024-03-05T12:44:48.767+0000] {dag.py:2690} INFO - Sync 2 DAGs
[2024-03-05T12:44:48.772+0000] {logging_mixin.py:137} INFO - [2024-03-05T12:44:48.772+0000] {dag.py:3441} INFO - Setting next_dagrun for example_subdag_operator.section-1 to None, run_after=None
[2024-03-05T12:44:48.773+0000] {logging_mixin.py:137} INFO - [2024-03-05T12:44:48.772+0000] {dag.py:3441} INFO - Setting next_dagrun for example_subdag_operator.section-2 to None, run_after=None
[2024-03-05T12:44:48.783+0000] {processor.py:175} INFO - Processing /home/airflow/.local/lib/python3.7/site-packages/airflow/example_dags/example_subdag_operator.py took 0.076 seconds
[2024-03-05T12:45:19.253+0000] {processor.py:153} INFO - Started process (PID=583) to work on /home/airflow/.local/lib/python3.7/site-packages/airflow/example_dags/example_subdag_operator.py
[2024-03-05T12:45:19.253+0000] {processor.py:743} INFO - Processing file /home/airflow/.local/lib/python3.7/site-packages/airflow/example_dags/example_subdag_operator.py for tasks to queue
[2024-03-05T12:45:19.254+0000] {logging_mixin.py:137} INFO - [2024-03-05T12:45:19.254+0000] {dagbag.py:538} INFO - Filling up the DagBag from /home/airflow/.local/lib/python3.7/site-packages/airflow/example_dags/example_subdag_operator.py
[2024-03-05T12:45:19.270+0000] {processor.py:753} INFO - DAG(s) dict_keys(['example_subdag_operator.section-1', 'example_subdag_operator.section-2', 'example_subdag_operator']) retrieved from /home/airflow/.local/lib/python3.7/site-packages/airflow/example_dags/example_subdag_operator.py
[2024-03-05T12:45:19.280+0000] {logging_mixin.py:137} INFO - [2024-03-05T12:45:19.279+0000] {dag.py:2690} INFO - Sync 3 DAGs
[2024-03-05T12:45:19.292+0000] {logging_mixin.py:137} INFO - [2024-03-05T12:45:19.292+0000] {dag.py:3441} INFO - Setting next_dagrun for example_subdag_operator to 2022-01-01T00:00:00+00:00, run_after=2022-01-01T00:00:00+00:00
[2024-03-05T12:45:19.294+0000] {logging_mixin.py:137} INFO - [2024-03-05T12:45:19.294+0000] {dag.py:3441} INFO - Setting next_dagrun for example_subdag_operator.section-1 to None, run_after=None
[2024-03-05T12:45:19.295+0000] {logging_mixin.py:137} INFO - [2024-03-05T12:45:19.295+0000] {dag.py:3441} INFO - Setting next_dagrun for example_subdag_operator.section-2 to None, run_after=None
[2024-03-05T12:45:19.299+0000] {logging_mixin.py:137} INFO - [2024-03-05T12:45:19.298+0000] {dag.py:2690} INFO - Sync 2 DAGs
[2024-03-05T12:45:19.302+0000] {logging_mixin.py:137} INFO - [2024-03-05T12:45:19.302+0000] {dag.py:3441} INFO - Setting next_dagrun for example_subdag_operator.section-1 to None, run_after=None
[2024-03-05T12:45:19.302+0000] {logging_mixin.py:137} INFO - [2024-03-05T12:45:19.302+0000] {dag.py:3441} INFO - Setting next_dagrun for example_subdag_operator.section-2 to None, run_after=None
[2024-03-05T12:45:19.307+0000] {processor.py:175} INFO - Processing /home/airflow/.local/lib/python3.7/site-packages/airflow/example_dags/example_subdag_operator.py took 0.056 seconds
[2024-03-05T12:45:49.840+0000] {processor.py:153} INFO - Started process (PID=677) to work on /home/airflow/.local/lib/python3.7/site-packages/airflow/example_dags/example_subdag_operator.py
[2024-03-05T12:45:49.840+0000] {processor.py:743} INFO - Processing file /home/airflow/.local/lib/python3.7/site-packages/airflow/example_dags/example_subdag_operator.py for tasks to queue
[2024-03-05T12:45:49.840+0000] {logging_mixin.py:137} INFO - [2024-03-05T12:45:49.840+0000] {dagbag.py:538} INFO - Filling up the DagBag from /home/airflow/.local/lib/python3.7/site-packages/airflow/example_dags/example_subdag_operator.py
[2024-03-05T12:45:49.856+0000] {processor.py:753} INFO - DAG(s) dict_keys(['example_subdag_operator.section-1', 'example_subdag_operator.section-2', 'example_subdag_operator']) retrieved from /home/airflow/.local/lib/python3.7/site-packages/airflow/example_dags/example_subdag_operator.py
[2024-03-05T12:45:49.864+0000] {logging_mixin.py:137} INFO - [2024-03-05T12:45:49.864+0000] {dag.py:2690} INFO - Sync 3 DAGs
[2024-03-05T12:45:49.876+0000] {logging_mixin.py:137} INFO - [2024-03-05T12:45:49.876+0000] {dag.py:3441} INFO - Setting next_dagrun for example_subdag_operator to 2022-01-01T00:00:00+00:00, run_after=2022-01-01T00:00:00+00:00
[2024-03-05T12:45:49.878+0000] {logging_mixin.py:137} INFO - [2024-03-05T12:45:49.878+0000] {dag.py:3441} INFO - Setting next_dagrun for example_subdag_operator.section-1 to None, run_after=None
[2024-03-05T12:45:49.878+0000] {logging_mixin.py:137} INFO - [2024-03-05T12:45:49.878+0000] {dag.py:3441} INFO - Setting next_dagrun for example_subdag_operator.section-2 to None, run_after=None
[2024-03-05T12:45:49.882+0000] {logging_mixin.py:137} INFO - [2024-03-05T12:45:49.881+0000] {dag.py:2690} INFO - Sync 2 DAGs
[2024-03-05T12:45:49.884+0000] {logging_mixin.py:137} INFO - [2024-03-05T12:45:49.884+0000] {dag.py:3441} INFO - Setting next_dagrun for example_subdag_operator.section-1 to None, run_after=None
[2024-03-05T12:45:49.884+0000] {logging_mixin.py:137} INFO - [2024-03-05T12:45:49.884+0000] {dag.py:3441} INFO - Setting next_dagrun for example_subdag_operator.section-2 to None, run_after=None
[2024-03-05T12:45:49.889+0000] {processor.py:175} INFO - Processing /home/airflow/.local/lib/python3.7/site-packages/airflow/example_dags/example_subdag_operator.py took 0.051 seconds
[2024-03-05T12:46:20.459+0000] {processor.py:153} INFO - Started process (PID=771) to work on /home/airflow/.local/lib/python3.7/site-packages/airflow/example_dags/example_subdag_operator.py
[2024-03-05T12:46:20.460+0000] {processor.py:743} INFO - Processing file /home/airflow/.local/lib/python3.7/site-packages/airflow/example_dags/example_subdag_operator.py for tasks to queue
[2024-03-05T12:46:20.461+0000] {logging_mixin.py:137} INFO - [2024-03-05T12:46:20.461+0000] {dagbag.py:538} INFO - Filling up the DagBag from /home/airflow/.local/lib/python3.7/site-packages/airflow/example_dags/example_subdag_operator.py
[2024-03-05T12:46:20.487+0000] {processor.py:753} INFO - DAG(s) dict_keys(['example_subdag_operator.section-1', 'example_subdag_operator.section-2', 'example_subdag_operator']) retrieved from /home/airflow/.local/lib/python3.7/site-packages/airflow/example_dags/example_subdag_operator.py
[2024-03-05T12:46:20.499+0000] {logging_mixin.py:137} INFO - [2024-03-05T12:46:20.498+0000] {dag.py:2690} INFO - Sync 3 DAGs
[2024-03-05T12:46:20.518+0000] {logging_mixin.py:137} INFO - [2024-03-05T12:46:20.518+0000] {dag.py:3441} INFO - Setting next_dagrun for example_subdag_operator to 2022-01-01T00:00:00+00:00, run_after=2022-01-01T00:00:00+00:00
[2024-03-05T12:46:20.521+0000] {logging_mixin.py:137} INFO - [2024-03-05T12:46:20.521+0000] {dag.py:3441} INFO - Setting next_dagrun for example_subdag_operator.section-1 to None, run_after=None
[2024-03-05T12:46:20.527+0000] {logging_mixin.py:137} INFO - [2024-03-05T12:46:20.527+0000] {dag.py:3441} INFO - Setting next_dagrun for example_subdag_operator.section-2 to None, run_after=None
[2024-03-05T12:46:20.532+0000] {logging_mixin.py:137} INFO - [2024-03-05T12:46:20.531+0000] {dag.py:2690} INFO - Sync 2 DAGs
[2024-03-05T12:46:20.537+0000] {logging_mixin.py:137} INFO - [2024-03-05T12:46:20.537+0000] {dag.py:3441} INFO - Setting next_dagrun for example_subdag_operator.section-1 to None, run_after=None
[2024-03-05T12:46:20.538+0000] {logging_mixin.py:137} INFO - [2024-03-05T12:46:20.538+0000] {dag.py:3441} INFO - Setting next_dagrun for example_subdag_operator.section-2 to None, run_after=None
[2024-03-05T12:46:20.546+0000] {processor.py:175} INFO - Processing /home/airflow/.local/lib/python3.7/site-packages/airflow/example_dags/example_subdag_operator.py took 0.090 seconds
[2024-03-05T12:46:51.173+0000] {processor.py:153} INFO - Started process (PID=847) to work on /home/airflow/.local/lib/python3.7/site-packages/airflow/example_dags/example_subdag_operator.py
[2024-03-05T12:46:51.173+0000] {processor.py:743} INFO - Processing file /home/airflow/.local/lib/python3.7/site-packages/airflow/example_dags/example_subdag_operator.py for tasks to queue
[2024-03-05T12:46:51.174+0000] {logging_mixin.py:137} INFO - [2024-03-05T12:46:51.174+0000] {dagbag.py:538} INFO - Filling up the DagBag from /home/airflow/.local/lib/python3.7/site-packages/airflow/example_dags/example_subdag_operator.py
[2024-03-05T12:46:51.189+0000] {processor.py:753} INFO - DAG(s) dict_keys(['example_subdag_operator.section-1', 'example_subdag_operator.section-2', 'example_subdag_operator']) retrieved from /home/airflow/.local/lib/python3.7/site-packages/airflow/example_dags/example_subdag_operator.py
[2024-03-05T12:46:51.198+0000] {logging_mixin.py:137} INFO - [2024-03-05T12:46:51.197+0000] {dag.py:2690} INFO - Sync 3 DAGs
[2024-03-05T12:46:51.209+0000] {logging_mixin.py:137} INFO - [2024-03-05T12:46:51.209+0000] {dag.py:3441} INFO - Setting next_dagrun for example_subdag_operator to 2022-01-01T00:00:00+00:00, run_after=2022-01-01T00:00:00+00:00
[2024-03-05T12:46:51.211+0000] {logging_mixin.py:137} INFO - [2024-03-05T12:46:51.211+0000] {dag.py:3441} INFO - Setting next_dagrun for example_subdag_operator.section-1 to None, run_after=None
[2024-03-05T12:46:51.211+0000] {logging_mixin.py:137} INFO - [2024-03-05T12:46:51.211+0000] {dag.py:3441} INFO - Setting next_dagrun for example_subdag_operator.section-2 to None, run_after=None
[2024-03-05T12:46:51.214+0000] {logging_mixin.py:137} INFO - [2024-03-05T12:46:51.214+0000] {dag.py:2690} INFO - Sync 2 DAGs
[2024-03-05T12:46:51.217+0000] {logging_mixin.py:137} INFO - [2024-03-05T12:46:51.217+0000] {dag.py:3441} INFO - Setting next_dagrun for example_subdag_operator.section-1 to None, run_after=None
[2024-03-05T12:46:51.217+0000] {logging_mixin.py:137} INFO - [2024-03-05T12:46:51.217+0000] {dag.py:3441} INFO - Setting next_dagrun for example_subdag_operator.section-2 to None, run_after=None
[2024-03-05T12:46:51.222+0000] {processor.py:175} INFO - Processing /home/airflow/.local/lib/python3.7/site-packages/airflow/example_dags/example_subdag_operator.py took 0.051 seconds
[2024-03-05T12:47:21.761+0000] {processor.py:153} INFO - Started process (PID=941) to work on /home/airflow/.local/lib/python3.7/site-packages/airflow/example_dags/example_subdag_operator.py
[2024-03-05T12:47:21.761+0000] {processor.py:743} INFO - Processing file /home/airflow/.local/lib/python3.7/site-packages/airflow/example_dags/example_subdag_operator.py for tasks to queue
[2024-03-05T12:47:21.762+0000] {logging_mixin.py:137} INFO - [2024-03-05T12:47:21.762+0000] {dagbag.py:538} INFO - Filling up the DagBag from /home/airflow/.local/lib/python3.7/site-packages/airflow/example_dags/example_subdag_operator.py
[2024-03-05T12:47:21.776+0000] {processor.py:753} INFO - DAG(s) dict_keys(['example_subdag_operator.section-1', 'example_subdag_operator.section-2', 'example_subdag_operator']) retrieved from /home/airflow/.local/lib/python3.7/site-packages/airflow/example_dags/example_subdag_operator.py
[2024-03-05T12:47:21.783+0000] {logging_mixin.py:137} INFO - [2024-03-05T12:47:21.783+0000] {dag.py:2690} INFO - Sync 3 DAGs
[2024-03-05T12:47:21.794+0000] {logging_mixin.py:137} INFO - [2024-03-05T12:47:21.794+0000] {dag.py:3441} INFO - Setting next_dagrun for example_subdag_operator to 2022-01-01T00:00:00+00:00, run_after=2022-01-01T00:00:00+00:00
[2024-03-05T12:47:21.796+0000] {logging_mixin.py:137} INFO - [2024-03-05T12:47:21.796+0000] {dag.py:3441} INFO - Setting next_dagrun for example_subdag_operator.section-1 to None, run_after=None
[2024-03-05T12:47:21.797+0000] {logging_mixin.py:137} INFO - [2024-03-05T12:47:21.797+0000] {dag.py:3441} INFO - Setting next_dagrun for example_subdag_operator.section-2 to None, run_after=None
[2024-03-05T12:47:21.800+0000] {logging_mixin.py:137} INFO - [2024-03-05T12:47:21.800+0000] {dag.py:2690} INFO - Sync 2 DAGs
[2024-03-05T12:47:21.803+0000] {logging_mixin.py:137} INFO - [2024-03-05T12:47:21.803+0000] {dag.py:3441} INFO - Setting next_dagrun for example_subdag_operator.section-1 to None, run_after=None
[2024-03-05T12:47:21.803+0000] {logging_mixin.py:137} INFO - [2024-03-05T12:47:21.803+0000] {dag.py:3441} INFO - Setting next_dagrun for example_subdag_operator.section-2 to None, run_after=None
[2024-03-05T12:47:21.807+0000] {processor.py:175} INFO - Processing /home/airflow/.local/lib/python3.7/site-packages/airflow/example_dags/example_subdag_operator.py took 0.048 seconds
[2024-03-05T12:47:52.447+0000] {processor.py:153} INFO - Started process (PID=1035) to work on /home/airflow/.local/lib/python3.7/site-packages/airflow/example_dags/example_subdag_operator.py
[2024-03-05T12:47:52.448+0000] {processor.py:743} INFO - Processing file /home/airflow/.local/lib/python3.7/site-packages/airflow/example_dags/example_subdag_operator.py for tasks to queue
[2024-03-05T12:47:52.450+0000] {logging_mixin.py:137} INFO - [2024-03-05T12:47:52.449+0000] {dagbag.py:538} INFO - Filling up the DagBag from /home/airflow/.local/lib/python3.7/site-packages/airflow/example_dags/example_subdag_operator.py
[2024-03-05T12:47:52.473+0000] {processor.py:753} INFO - DAG(s) dict_keys(['example_subdag_operator.section-1', 'example_subdag_operator.section-2', 'example_subdag_operator']) retrieved from /home/airflow/.local/lib/python3.7/site-packages/airflow/example_dags/example_subdag_operator.py
[2024-03-05T12:47:52.484+0000] {logging_mixin.py:137} INFO - [2024-03-05T12:47:52.484+0000] {dag.py:2690} INFO - Sync 3 DAGs
[2024-03-05T12:47:52.497+0000] {logging_mixin.py:137} INFO - [2024-03-05T12:47:52.496+0000] {dag.py:3441} INFO - Setting next_dagrun for example_subdag_operator to 2022-01-01T00:00:00+00:00, run_after=2022-01-01T00:00:00+00:00
[2024-03-05T12:47:52.498+0000] {logging_mixin.py:137} INFO - [2024-03-05T12:47:52.498+0000] {dag.py:3441} INFO - Setting next_dagrun for example_subdag_operator.section-1 to None, run_after=None
[2024-03-05T12:47:52.499+0000] {logging_mixin.py:137} INFO - [2024-03-05T12:47:52.499+0000] {dag.py:3441} INFO - Setting next_dagrun for example_subdag_operator.section-2 to None, run_after=None
[2024-03-05T12:47:52.503+0000] {logging_mixin.py:137} INFO - [2024-03-05T12:47:52.503+0000] {dag.py:2690} INFO - Sync 2 DAGs
[2024-03-05T12:47:52.506+0000] {logging_mixin.py:137} INFO - [2024-03-05T12:47:52.506+0000] {dag.py:3441} INFO - Setting next_dagrun for example_subdag_operator.section-1 to None, run_after=None
[2024-03-05T12:47:52.506+0000] {logging_mixin.py:137} INFO - [2024-03-05T12:47:52.506+0000] {dag.py:3441} INFO - Setting next_dagrun for example_subdag_operator.section-2 to None, run_after=None
[2024-03-05T12:47:52.512+0000] {processor.py:175} INFO - Processing /home/airflow/.local/lib/python3.7/site-packages/airflow/example_dags/example_subdag_operator.py took 0.067 seconds
