[2024-03-05T12:19:24.488+0000] {processor.py:153} INFO - Started process (PID=79) to work on /home/airflow/.local/lib/python3.7/site-packages/airflow/example_dags/example_sensors.py
[2024-03-05T12:19:24.489+0000] {processor.py:743} INFO - Processing file /home/airflow/.local/lib/python3.7/site-packages/airflow/example_dags/example_sensors.py for tasks to queue
[2024-03-05T12:19:24.490+0000] {logging_mixin.py:137} INFO - [2024-03-05T12:19:24.489+0000] {dagbag.py:538} INFO - Filling up the DagBag from /home/airflow/.local/lib/python3.7/site-packages/airflow/example_dags/example_sensors.py
[2024-03-05T12:19:24.505+0000] {processor.py:753} INFO - DAG(s) dict_keys(['example_sensors']) retrieved from /home/airflow/.local/lib/python3.7/site-packages/airflow/example_dags/example_sensors.py
[2024-03-05T12:19:24.529+0000] {logging_mixin.py:137} INFO - [2024-03-05T12:19:24.528+0000] {dag.py:2690} INFO - Sync 1 DAGs
[2024-03-05T12:19:24.544+0000] {logging_mixin.py:137} INFO - [2024-03-05T12:19:24.544+0000] {dag.py:3441} INFO - Setting next_dagrun for example_sensors to None, run_after=None
[2024-03-05T12:19:24.553+0000] {processor.py:175} INFO - Processing /home/airflow/.local/lib/python3.7/site-packages/airflow/example_dags/example_sensors.py took 0.068 seconds
[2024-03-05T12:19:54.890+0000] {processor.py:153} INFO - Started process (PID=181) to work on /home/airflow/.local/lib/python3.7/site-packages/airflow/example_dags/example_sensors.py
[2024-03-05T12:19:54.891+0000] {processor.py:743} INFO - Processing file /home/airflow/.local/lib/python3.7/site-packages/airflow/example_dags/example_sensors.py for tasks to queue
[2024-03-05T12:19:54.891+0000] {logging_mixin.py:137} INFO - [2024-03-05T12:19:54.891+0000] {dagbag.py:538} INFO - Filling up the DagBag from /home/airflow/.local/lib/python3.7/site-packages/airflow/example_dags/example_sensors.py
[2024-03-05T12:19:54.900+0000] {processor.py:753} INFO - DAG(s) dict_keys(['example_sensors']) retrieved from /home/airflow/.local/lib/python3.7/site-packages/airflow/example_dags/example_sensors.py
[2024-03-05T12:19:54.912+0000] {logging_mixin.py:137} INFO - [2024-03-05T12:19:54.912+0000] {dag.py:2690} INFO - Sync 1 DAGs
[2024-03-05T12:19:54.924+0000] {logging_mixin.py:137} INFO - [2024-03-05T12:19:54.924+0000] {dag.py:3441} INFO - Setting next_dagrun for example_sensors to None, run_after=None
[2024-03-05T12:19:54.931+0000] {processor.py:175} INFO - Processing /home/airflow/.local/lib/python3.7/site-packages/airflow/example_dags/example_sensors.py took 0.042 seconds
[2024-03-05T12:42:16.930+0000] {processor.py:153} INFO - Started process (PID=79) to work on /home/airflow/.local/lib/python3.7/site-packages/airflow/example_dags/example_sensors.py
[2024-03-05T12:42:16.931+0000] {processor.py:743} INFO - Processing file /home/airflow/.local/lib/python3.7/site-packages/airflow/example_dags/example_sensors.py for tasks to queue
[2024-03-05T12:42:16.931+0000] {logging_mixin.py:137} INFO - [2024-03-05T12:42:16.931+0000] {dagbag.py:538} INFO - Filling up the DagBag from /home/airflow/.local/lib/python3.7/site-packages/airflow/example_dags/example_sensors.py
[2024-03-05T12:42:16.942+0000] {processor.py:753} INFO - DAG(s) dict_keys(['example_sensors']) retrieved from /home/airflow/.local/lib/python3.7/site-packages/airflow/example_dags/example_sensors.py
[2024-03-05T12:42:16.951+0000] {logging_mixin.py:137} INFO - [2024-03-05T12:42:16.951+0000] {dag.py:2690} INFO - Sync 1 DAGs
[2024-03-05T12:42:16.969+0000] {logging_mixin.py:137} INFO - [2024-03-05T12:42:16.968+0000] {dag.py:3441} INFO - Setting next_dagrun for example_sensors to None, run_after=None
[2024-03-05T12:42:16.982+0000] {processor.py:175} INFO - Processing /home/airflow/.local/lib/python3.7/site-packages/airflow/example_dags/example_sensors.py took 0.055 seconds
[2024-03-05T12:42:47.061+0000] {processor.py:153} INFO - Started process (PID=173) to work on /home/airflow/.local/lib/python3.7/site-packages/airflow/example_dags/example_sensors.py
[2024-03-05T12:42:47.063+0000] {processor.py:743} INFO - Processing file /home/airflow/.local/lib/python3.7/site-packages/airflow/example_dags/example_sensors.py for tasks to queue
[2024-03-05T12:42:47.063+0000] {logging_mixin.py:137} INFO - [2024-03-05T12:42:47.063+0000] {dagbag.py:538} INFO - Filling up the DagBag from /home/airflow/.local/lib/python3.7/site-packages/airflow/example_dags/example_sensors.py
[2024-03-05T12:42:47.077+0000] {processor.py:753} INFO - DAG(s) dict_keys(['example_sensors']) retrieved from /home/airflow/.local/lib/python3.7/site-packages/airflow/example_dags/example_sensors.py
[2024-03-05T12:42:47.096+0000] {logging_mixin.py:137} INFO - [2024-03-05T12:42:47.095+0000] {dag.py:2690} INFO - Sync 1 DAGs
[2024-03-05T12:42:47.111+0000] {logging_mixin.py:137} INFO - [2024-03-05T12:42:47.111+0000] {dag.py:3441} INFO - Setting next_dagrun for example_sensors to None, run_after=None
[2024-03-05T12:42:47.122+0000] {processor.py:175} INFO - Processing /home/airflow/.local/lib/python3.7/site-packages/airflow/example_dags/example_sensors.py took 0.063 seconds
[2024-03-05T12:43:17.666+0000] {processor.py:153} INFO - Started process (PID=258) to work on /home/airflow/.local/lib/python3.7/site-packages/airflow/example_dags/example_sensors.py
[2024-03-05T12:43:17.667+0000] {processor.py:743} INFO - Processing file /home/airflow/.local/lib/python3.7/site-packages/airflow/example_dags/example_sensors.py for tasks to queue
[2024-03-05T12:43:17.667+0000] {logging_mixin.py:137} INFO - [2024-03-05T12:43:17.667+0000] {dagbag.py:538} INFO - Filling up the DagBag from /home/airflow/.local/lib/python3.7/site-packages/airflow/example_dags/example_sensors.py
[2024-03-05T12:43:17.680+0000] {processor.py:753} INFO - DAG(s) dict_keys(['example_sensors']) retrieved from /home/airflow/.local/lib/python3.7/site-packages/airflow/example_dags/example_sensors.py
[2024-03-05T12:43:17.705+0000] {logging_mixin.py:137} INFO - [2024-03-05T12:43:17.704+0000] {dag.py:2690} INFO - Sync 1 DAGs
[2024-03-05T12:43:17.730+0000] {logging_mixin.py:137} INFO - [2024-03-05T12:43:17.730+0000] {dag.py:3441} INFO - Setting next_dagrun for example_sensors to None, run_after=None
[2024-03-05T12:43:17.767+0000] {processor.py:175} INFO - Processing /home/airflow/.local/lib/python3.7/site-packages/airflow/example_dags/example_sensors.py took 0.103 seconds
[2024-03-05T12:43:48.426+0000] {processor.py:153} INFO - Started process (PID=343) to work on /home/airflow/.local/lib/python3.7/site-packages/airflow/example_dags/example_sensors.py
[2024-03-05T12:43:48.426+0000] {processor.py:743} INFO - Processing file /home/airflow/.local/lib/python3.7/site-packages/airflow/example_dags/example_sensors.py for tasks to queue
[2024-03-05T12:43:48.427+0000] {logging_mixin.py:137} INFO - [2024-03-05T12:43:48.427+0000] {dagbag.py:538} INFO - Filling up the DagBag from /home/airflow/.local/lib/python3.7/site-packages/airflow/example_dags/example_sensors.py
[2024-03-05T12:43:48.436+0000] {processor.py:753} INFO - DAG(s) dict_keys(['example_sensors']) retrieved from /home/airflow/.local/lib/python3.7/site-packages/airflow/example_dags/example_sensors.py
[2024-03-05T12:43:48.449+0000] {logging_mixin.py:137} INFO - [2024-03-05T12:43:48.449+0000] {dag.py:2690} INFO - Sync 1 DAGs
[2024-03-05T12:43:48.461+0000] {logging_mixin.py:137} INFO - [2024-03-05T12:43:48.461+0000] {dag.py:3441} INFO - Setting next_dagrun for example_sensors to None, run_after=None
[2024-03-05T12:43:48.472+0000] {processor.py:175} INFO - Processing /home/airflow/.local/lib/python3.7/site-packages/airflow/example_dags/example_sensors.py took 0.047 seconds
[2024-03-05T12:44:18.812+0000] {processor.py:153} INFO - Started process (PID=436) to work on /home/airflow/.local/lib/python3.7/site-packages/airflow/example_dags/example_sensors.py
[2024-03-05T12:44:18.813+0000] {processor.py:743} INFO - Processing file /home/airflow/.local/lib/python3.7/site-packages/airflow/example_dags/example_sensors.py for tasks to queue
[2024-03-05T12:44:18.813+0000] {logging_mixin.py:137} INFO - [2024-03-05T12:44:18.813+0000] {dagbag.py:538} INFO - Filling up the DagBag from /home/airflow/.local/lib/python3.7/site-packages/airflow/example_dags/example_sensors.py
[2024-03-05T12:44:18.822+0000] {processor.py:753} INFO - DAG(s) dict_keys(['example_sensors']) retrieved from /home/airflow/.local/lib/python3.7/site-packages/airflow/example_dags/example_sensors.py
[2024-03-05T12:44:18.836+0000] {logging_mixin.py:137} INFO - [2024-03-05T12:44:18.836+0000] {dag.py:2690} INFO - Sync 1 DAGs
[2024-03-05T12:44:18.847+0000] {logging_mixin.py:137} INFO - [2024-03-05T12:44:18.846+0000] {dag.py:3441} INFO - Setting next_dagrun for example_sensors to None, run_after=None
[2024-03-05T12:44:18.855+0000] {processor.py:175} INFO - Processing /home/airflow/.local/lib/python3.7/site-packages/airflow/example_dags/example_sensors.py took 0.044 seconds
[2024-03-05T12:44:49.515+0000] {processor.py:153} INFO - Started process (PID=530) to work on /home/airflow/.local/lib/python3.7/site-packages/airflow/example_dags/example_sensors.py
[2024-03-05T12:44:49.516+0000] {processor.py:743} INFO - Processing file /home/airflow/.local/lib/python3.7/site-packages/airflow/example_dags/example_sensors.py for tasks to queue
[2024-03-05T12:44:49.517+0000] {logging_mixin.py:137} INFO - [2024-03-05T12:44:49.517+0000] {dagbag.py:538} INFO - Filling up the DagBag from /home/airflow/.local/lib/python3.7/site-packages/airflow/example_dags/example_sensors.py
[2024-03-05T12:44:49.528+0000] {processor.py:753} INFO - DAG(s) dict_keys(['example_sensors']) retrieved from /home/airflow/.local/lib/python3.7/site-packages/airflow/example_dags/example_sensors.py
[2024-03-05T12:44:49.541+0000] {logging_mixin.py:137} INFO - [2024-03-05T12:44:49.541+0000] {dag.py:2690} INFO - Sync 1 DAGs
[2024-03-05T12:44:49.552+0000] {logging_mixin.py:137} INFO - [2024-03-05T12:44:49.552+0000] {dag.py:3441} INFO - Setting next_dagrun for example_sensors to None, run_after=None
[2024-03-05T12:44:49.561+0000] {processor.py:175} INFO - Processing /home/airflow/.local/lib/python3.7/site-packages/airflow/example_dags/example_sensors.py took 0.048 seconds
[2024-03-05T12:45:20.070+0000] {processor.py:153} INFO - Started process (PID=606) to work on /home/airflow/.local/lib/python3.7/site-packages/airflow/example_dags/example_sensors.py
[2024-03-05T12:45:20.070+0000] {processor.py:743} INFO - Processing file /home/airflow/.local/lib/python3.7/site-packages/airflow/example_dags/example_sensors.py for tasks to queue
[2024-03-05T12:45:20.071+0000] {logging_mixin.py:137} INFO - [2024-03-05T12:45:20.071+0000] {dagbag.py:538} INFO - Filling up the DagBag from /home/airflow/.local/lib/python3.7/site-packages/airflow/example_dags/example_sensors.py
[2024-03-05T12:45:20.083+0000] {processor.py:753} INFO - DAG(s) dict_keys(['example_sensors']) retrieved from /home/airflow/.local/lib/python3.7/site-packages/airflow/example_dags/example_sensors.py
[2024-03-05T12:45:20.097+0000] {logging_mixin.py:137} INFO - [2024-03-05T12:45:20.097+0000] {dag.py:2690} INFO - Sync 1 DAGs
[2024-03-05T12:45:20.119+0000] {logging_mixin.py:137} INFO - [2024-03-05T12:45:20.119+0000] {dag.py:3441} INFO - Setting next_dagrun for example_sensors to None, run_after=None
[2024-03-05T12:45:20.140+0000] {processor.py:175} INFO - Processing /home/airflow/.local/lib/python3.7/site-packages/airflow/example_dags/example_sensors.py took 0.073 seconds
[2024-03-05T12:45:50.608+0000] {processor.py:153} INFO - Started process (PID=700) to work on /home/airflow/.local/lib/python3.7/site-packages/airflow/example_dags/example_sensors.py
[2024-03-05T12:45:50.608+0000] {processor.py:743} INFO - Processing file /home/airflow/.local/lib/python3.7/site-packages/airflow/example_dags/example_sensors.py for tasks to queue
[2024-03-05T12:45:50.609+0000] {logging_mixin.py:137} INFO - [2024-03-05T12:45:50.609+0000] {dagbag.py:538} INFO - Filling up the DagBag from /home/airflow/.local/lib/python3.7/site-packages/airflow/example_dags/example_sensors.py
[2024-03-05T12:45:50.618+0000] {processor.py:753} INFO - DAG(s) dict_keys(['example_sensors']) retrieved from /home/airflow/.local/lib/python3.7/site-packages/airflow/example_dags/example_sensors.py
[2024-03-05T12:45:50.631+0000] {logging_mixin.py:137} INFO - [2024-03-05T12:45:50.631+0000] {dag.py:2690} INFO - Sync 1 DAGs
[2024-03-05T12:45:50.643+0000] {logging_mixin.py:137} INFO - [2024-03-05T12:45:50.643+0000] {dag.py:3441} INFO - Setting next_dagrun for example_sensors to None, run_after=None
[2024-03-05T12:45:50.651+0000] {processor.py:175} INFO - Processing /home/airflow/.local/lib/python3.7/site-packages/airflow/example_dags/example_sensors.py took 0.044 seconds
[2024-03-05T12:46:21.498+0000] {processor.py:153} INFO - Started process (PID=794) to work on /home/airflow/.local/lib/python3.7/site-packages/airflow/example_dags/example_sensors.py
[2024-03-05T12:46:21.499+0000] {processor.py:743} INFO - Processing file /home/airflow/.local/lib/python3.7/site-packages/airflow/example_dags/example_sensors.py for tasks to queue
[2024-03-05T12:46:21.499+0000] {logging_mixin.py:137} INFO - [2024-03-05T12:46:21.499+0000] {dagbag.py:538} INFO - Filling up the DagBag from /home/airflow/.local/lib/python3.7/site-packages/airflow/example_dags/example_sensors.py
[2024-03-05T12:46:21.510+0000] {processor.py:753} INFO - DAG(s) dict_keys(['example_sensors']) retrieved from /home/airflow/.local/lib/python3.7/site-packages/airflow/example_dags/example_sensors.py
[2024-03-05T12:46:21.527+0000] {logging_mixin.py:137} INFO - [2024-03-05T12:46:21.527+0000] {dag.py:2690} INFO - Sync 1 DAGs
[2024-03-05T12:46:21.542+0000] {logging_mixin.py:137} INFO - [2024-03-05T12:46:21.542+0000] {dag.py:3441} INFO - Setting next_dagrun for example_sensors to None, run_after=None
[2024-03-05T12:46:21.557+0000] {processor.py:175} INFO - Processing /home/airflow/.local/lib/python3.7/site-packages/airflow/example_dags/example_sensors.py took 0.060 seconds
[2024-03-05T12:46:51.982+0000] {processor.py:153} INFO - Started process (PID=879) to work on /home/airflow/.local/lib/python3.7/site-packages/airflow/example_dags/example_sensors.py
[2024-03-05T12:46:51.982+0000] {processor.py:743} INFO - Processing file /home/airflow/.local/lib/python3.7/site-packages/airflow/example_dags/example_sensors.py for tasks to queue
[2024-03-05T12:46:51.983+0000] {logging_mixin.py:137} INFO - [2024-03-05T12:46:51.983+0000] {dagbag.py:538} INFO - Filling up the DagBag from /home/airflow/.local/lib/python3.7/site-packages/airflow/example_dags/example_sensors.py
[2024-03-05T12:46:51.997+0000] {processor.py:753} INFO - DAG(s) dict_keys(['example_sensors']) retrieved from /home/airflow/.local/lib/python3.7/site-packages/airflow/example_dags/example_sensors.py
[2024-03-05T12:46:52.019+0000] {logging_mixin.py:137} INFO - [2024-03-05T12:46:52.018+0000] {dag.py:2690} INFO - Sync 1 DAGs
[2024-03-05T12:46:52.056+0000] {logging_mixin.py:137} INFO - [2024-03-05T12:46:52.056+0000] {dag.py:3441} INFO - Setting next_dagrun for example_sensors to None, run_after=None
[2024-03-05T12:46:52.075+0000] {processor.py:175} INFO - Processing /home/airflow/.local/lib/python3.7/site-packages/airflow/example_dags/example_sensors.py took 0.095 seconds
[2024-03-05T12:47:22.503+0000] {processor.py:153} INFO - Started process (PID=964) to work on /home/airflow/.local/lib/python3.7/site-packages/airflow/example_dags/example_sensors.py
[2024-03-05T12:47:22.503+0000] {processor.py:743} INFO - Processing file /home/airflow/.local/lib/python3.7/site-packages/airflow/example_dags/example_sensors.py for tasks to queue
[2024-03-05T12:47:22.504+0000] {logging_mixin.py:137} INFO - [2024-03-05T12:47:22.504+0000] {dagbag.py:538} INFO - Filling up the DagBag from /home/airflow/.local/lib/python3.7/site-packages/airflow/example_dags/example_sensors.py
[2024-03-05T12:47:22.515+0000] {processor.py:753} INFO - DAG(s) dict_keys(['example_sensors']) retrieved from /home/airflow/.local/lib/python3.7/site-packages/airflow/example_dags/example_sensors.py
[2024-03-05T12:47:22.530+0000] {logging_mixin.py:137} INFO - [2024-03-05T12:47:22.530+0000] {dag.py:2690} INFO - Sync 1 DAGs
[2024-03-05T12:47:22.545+0000] {logging_mixin.py:137} INFO - [2024-03-05T12:47:22.545+0000] {dag.py:3441} INFO - Setting next_dagrun for example_sensors to None, run_after=None
[2024-03-05T12:47:22.554+0000] {processor.py:175} INFO - Processing /home/airflow/.local/lib/python3.7/site-packages/airflow/example_dags/example_sensors.py took 0.053 seconds
[2024-03-05T12:47:53.590+0000] {processor.py:153} INFO - Started process (PID=1058) to work on /home/airflow/.local/lib/python3.7/site-packages/airflow/example_dags/example_sensors.py
[2024-03-05T12:47:53.591+0000] {processor.py:743} INFO - Processing file /home/airflow/.local/lib/python3.7/site-packages/airflow/example_dags/example_sensors.py for tasks to queue
[2024-03-05T12:47:53.591+0000] {logging_mixin.py:137} INFO - [2024-03-05T12:47:53.591+0000] {dagbag.py:538} INFO - Filling up the DagBag from /home/airflow/.local/lib/python3.7/site-packages/airflow/example_dags/example_sensors.py
[2024-03-05T12:47:53.603+0000] {processor.py:753} INFO - DAG(s) dict_keys(['example_sensors']) retrieved from /home/airflow/.local/lib/python3.7/site-packages/airflow/example_dags/example_sensors.py
[2024-03-05T12:47:53.619+0000] {logging_mixin.py:137} INFO - [2024-03-05T12:47:53.619+0000] {dag.py:2690} INFO - Sync 1 DAGs
[2024-03-05T12:47:53.634+0000] {logging_mixin.py:137} INFO - [2024-03-05T12:47:53.634+0000] {dag.py:3441} INFO - Setting next_dagrun for example_sensors to None, run_after=None
[2024-03-05T12:47:53.645+0000] {processor.py:175} INFO - Processing /home/airflow/.local/lib/python3.7/site-packages/airflow/example_dags/example_sensors.py took 0.057 seconds
