[2024-03-05T12:19:24.317+0000] {processor.py:153} INFO - Started process (PID=74) to work on /home/airflow/.local/lib/python3.7/site-packages/airflow/example_dags/example_kubernetes_executor.py
[2024-03-05T12:19:24.317+0000] {processor.py:743} INFO - Processing file /home/airflow/.local/lib/python3.7/site-packages/airflow/example_dags/example_kubernetes_executor.py for tasks to queue
[2024-03-05T12:19:24.318+0000] {logging_mixin.py:137} INFO - [2024-03-05T12:19:24.318+0000] {dagbag.py:538} INFO - Filling up the DagBag from /home/airflow/.local/lib/python3.7/site-packages/airflow/example_dags/example_kubernetes_executor.py
[2024-03-05T12:19:24.336+0000] {processor.py:753} INFO - DAG(s) dict_keys(['example_kubernetes_executor']) retrieved from /home/airflow/.local/lib/python3.7/site-packages/airflow/example_dags/example_kubernetes_executor.py
[2024-03-05T12:19:24.352+0000] {logging_mixin.py:137} INFO - [2024-03-05T12:19:24.352+0000] {dag.py:2690} INFO - Sync 1 DAGs
[2024-03-05T12:19:24.370+0000] {logging_mixin.py:137} INFO - [2024-03-05T12:19:24.370+0000] {dag.py:3441} INFO - Setting next_dagrun for example_kubernetes_executor to None, run_after=None
[2024-03-05T12:19:24.381+0000] {processor.py:175} INFO - Processing /home/airflow/.local/lib/python3.7/site-packages/airflow/example_dags/example_kubernetes_executor.py took 0.066 seconds
[2024-03-05T12:19:54.760+0000] {processor.py:153} INFO - Started process (PID=176) to work on /home/airflow/.local/lib/python3.7/site-packages/airflow/example_dags/example_kubernetes_executor.py
[2024-03-05T12:19:54.761+0000] {processor.py:743} INFO - Processing file /home/airflow/.local/lib/python3.7/site-packages/airflow/example_dags/example_kubernetes_executor.py for tasks to queue
[2024-03-05T12:19:54.761+0000] {logging_mixin.py:137} INFO - [2024-03-05T12:19:54.761+0000] {dagbag.py:538} INFO - Filling up the DagBag from /home/airflow/.local/lib/python3.7/site-packages/airflow/example_dags/example_kubernetes_executor.py
[2024-03-05T12:19:54.775+0000] {processor.py:753} INFO - DAG(s) dict_keys(['example_kubernetes_executor']) retrieved from /home/airflow/.local/lib/python3.7/site-packages/airflow/example_dags/example_kubernetes_executor.py
[2024-03-05T12:19:54.789+0000] {logging_mixin.py:137} INFO - [2024-03-05T12:19:54.789+0000] {dag.py:2690} INFO - Sync 1 DAGs
[2024-03-05T12:19:54.800+0000] {logging_mixin.py:137} INFO - [2024-03-05T12:19:54.799+0000] {dag.py:3441} INFO - Setting next_dagrun for example_kubernetes_executor to None, run_after=None
[2024-03-05T12:19:54.807+0000] {processor.py:175} INFO - Processing /home/airflow/.local/lib/python3.7/site-packages/airflow/example_dags/example_kubernetes_executor.py took 0.048 seconds
[2024-03-05T12:42:16.635+0000] {processor.py:153} INFO - Started process (PID=74) to work on /home/airflow/.local/lib/python3.7/site-packages/airflow/example_dags/example_kubernetes_executor.py
[2024-03-05T12:42:16.639+0000] {processor.py:743} INFO - Processing file /home/airflow/.local/lib/python3.7/site-packages/airflow/example_dags/example_kubernetes_executor.py for tasks to queue
[2024-03-05T12:42:16.640+0000] {logging_mixin.py:137} INFO - [2024-03-05T12:42:16.640+0000] {dagbag.py:538} INFO - Filling up the DagBag from /home/airflow/.local/lib/python3.7/site-packages/airflow/example_dags/example_kubernetes_executor.py
[2024-03-05T12:42:16.669+0000] {processor.py:753} INFO - DAG(s) dict_keys(['example_kubernetes_executor']) retrieved from /home/airflow/.local/lib/python3.7/site-packages/airflow/example_dags/example_kubernetes_executor.py
[2024-03-05T12:42:16.680+0000] {logging_mixin.py:137} INFO - [2024-03-05T12:42:16.680+0000] {dag.py:2690} INFO - Sync 1 DAGs
[2024-03-05T12:42:16.698+0000] {logging_mixin.py:137} INFO - [2024-03-05T12:42:16.698+0000] {dag.py:3441} INFO - Setting next_dagrun for example_kubernetes_executor to None, run_after=None
[2024-03-05T12:42:16.719+0000] {processor.py:175} INFO - Processing /home/airflow/.local/lib/python3.7/site-packages/airflow/example_dags/example_kubernetes_executor.py took 0.090 seconds
[2024-03-05T12:42:46.753+0000] {processor.py:153} INFO - Started process (PID=168) to work on /home/airflow/.local/lib/python3.7/site-packages/airflow/example_dags/example_kubernetes_executor.py
[2024-03-05T12:42:46.754+0000] {processor.py:743} INFO - Processing file /home/airflow/.local/lib/python3.7/site-packages/airflow/example_dags/example_kubernetes_executor.py for tasks to queue
[2024-03-05T12:42:46.754+0000] {logging_mixin.py:137} INFO - [2024-03-05T12:42:46.754+0000] {dagbag.py:538} INFO - Filling up the DagBag from /home/airflow/.local/lib/python3.7/site-packages/airflow/example_dags/example_kubernetes_executor.py
[2024-03-05T12:42:46.771+0000] {processor.py:753} INFO - DAG(s) dict_keys(['example_kubernetes_executor']) retrieved from /home/airflow/.local/lib/python3.7/site-packages/airflow/example_dags/example_kubernetes_executor.py
[2024-03-05T12:42:46.790+0000] {logging_mixin.py:137} INFO - [2024-03-05T12:42:46.789+0000] {dag.py:2690} INFO - Sync 1 DAGs
[2024-03-05T12:42:46.804+0000] {logging_mixin.py:137} INFO - [2024-03-05T12:42:46.804+0000] {dag.py:3441} INFO - Setting next_dagrun for example_kubernetes_executor to None, run_after=None
[2024-03-05T12:42:46.822+0000] {processor.py:175} INFO - Processing /home/airflow/.local/lib/python3.7/site-packages/airflow/example_dags/example_kubernetes_executor.py took 0.071 seconds
[2024-03-05T12:43:17.429+0000] {processor.py:153} INFO - Started process (PID=251) to work on /home/airflow/.local/lib/python3.7/site-packages/airflow/example_dags/example_kubernetes_executor.py
[2024-03-05T12:43:17.429+0000] {processor.py:743} INFO - Processing file /home/airflow/.local/lib/python3.7/site-packages/airflow/example_dags/example_kubernetes_executor.py for tasks to queue
[2024-03-05T12:43:17.430+0000] {logging_mixin.py:137} INFO - [2024-03-05T12:43:17.429+0000] {dagbag.py:538} INFO - Filling up the DagBag from /home/airflow/.local/lib/python3.7/site-packages/airflow/example_dags/example_kubernetes_executor.py
[2024-03-05T12:43:17.444+0000] {processor.py:753} INFO - DAG(s) dict_keys(['example_kubernetes_executor']) retrieved from /home/airflow/.local/lib/python3.7/site-packages/airflow/example_dags/example_kubernetes_executor.py
[2024-03-05T12:43:17.460+0000] {logging_mixin.py:137} INFO - [2024-03-05T12:43:17.459+0000] {dag.py:2690} INFO - Sync 1 DAGs
[2024-03-05T12:43:17.471+0000] {logging_mixin.py:137} INFO - [2024-03-05T12:43:17.471+0000] {dag.py:3441} INFO - Setting next_dagrun for example_kubernetes_executor to None, run_after=None
[2024-03-05T12:43:17.481+0000] {processor.py:175} INFO - Processing /home/airflow/.local/lib/python3.7/site-packages/airflow/example_dags/example_kubernetes_executor.py took 0.055 seconds
[2024-03-05T12:43:48.256+0000] {processor.py:153} INFO - Started process (PID=338) to work on /home/airflow/.local/lib/python3.7/site-packages/airflow/example_dags/example_kubernetes_executor.py
[2024-03-05T12:43:48.256+0000] {processor.py:743} INFO - Processing file /home/airflow/.local/lib/python3.7/site-packages/airflow/example_dags/example_kubernetes_executor.py for tasks to queue
[2024-03-05T12:43:48.257+0000] {logging_mixin.py:137} INFO - [2024-03-05T12:43:48.257+0000] {dagbag.py:538} INFO - Filling up the DagBag from /home/airflow/.local/lib/python3.7/site-packages/airflow/example_dags/example_kubernetes_executor.py
[2024-03-05T12:43:48.274+0000] {processor.py:753} INFO - DAG(s) dict_keys(['example_kubernetes_executor']) retrieved from /home/airflow/.local/lib/python3.7/site-packages/airflow/example_dags/example_kubernetes_executor.py
[2024-03-05T12:43:48.288+0000] {logging_mixin.py:137} INFO - [2024-03-05T12:43:48.288+0000] {dag.py:2690} INFO - Sync 1 DAGs
[2024-03-05T12:43:48.303+0000] {logging_mixin.py:137} INFO - [2024-03-05T12:43:48.303+0000] {dag.py:3441} INFO - Setting next_dagrun for example_kubernetes_executor to None, run_after=None
[2024-03-05T12:43:48.312+0000] {processor.py:175} INFO - Processing /home/airflow/.local/lib/python3.7/site-packages/airflow/example_dags/example_kubernetes_executor.py took 0.058 seconds
[2024-03-05T12:44:18.684+0000] {processor.py:153} INFO - Started process (PID=431) to work on /home/airflow/.local/lib/python3.7/site-packages/airflow/example_dags/example_kubernetes_executor.py
[2024-03-05T12:44:18.685+0000] {processor.py:743} INFO - Processing file /home/airflow/.local/lib/python3.7/site-packages/airflow/example_dags/example_kubernetes_executor.py for tasks to queue
[2024-03-05T12:44:18.685+0000] {logging_mixin.py:137} INFO - [2024-03-05T12:44:18.685+0000] {dagbag.py:538} INFO - Filling up the DagBag from /home/airflow/.local/lib/python3.7/site-packages/airflow/example_dags/example_kubernetes_executor.py
[2024-03-05T12:44:18.700+0000] {processor.py:753} INFO - DAG(s) dict_keys(['example_kubernetes_executor']) retrieved from /home/airflow/.local/lib/python3.7/site-packages/airflow/example_dags/example_kubernetes_executor.py
[2024-03-05T12:44:18.714+0000] {logging_mixin.py:137} INFO - [2024-03-05T12:44:18.714+0000] {dag.py:2690} INFO - Sync 1 DAGs
[2024-03-05T12:44:18.726+0000] {logging_mixin.py:137} INFO - [2024-03-05T12:44:18.726+0000] {dag.py:3441} INFO - Setting next_dagrun for example_kubernetes_executor to None, run_after=None
[2024-03-05T12:44:18.734+0000] {processor.py:175} INFO - Processing /home/airflow/.local/lib/python3.7/site-packages/airflow/example_dags/example_kubernetes_executor.py took 0.052 seconds
[2024-03-05T12:44:49.356+0000] {processor.py:153} INFO - Started process (PID=525) to work on /home/airflow/.local/lib/python3.7/site-packages/airflow/example_dags/example_kubernetes_executor.py
[2024-03-05T12:44:49.357+0000] {processor.py:743} INFO - Processing file /home/airflow/.local/lib/python3.7/site-packages/airflow/example_dags/example_kubernetes_executor.py for tasks to queue
[2024-03-05T12:44:49.357+0000] {logging_mixin.py:137} INFO - [2024-03-05T12:44:49.357+0000] {dagbag.py:538} INFO - Filling up the DagBag from /home/airflow/.local/lib/python3.7/site-packages/airflow/example_dags/example_kubernetes_executor.py
[2024-03-05T12:44:49.372+0000] {processor.py:753} INFO - DAG(s) dict_keys(['example_kubernetes_executor']) retrieved from /home/airflow/.local/lib/python3.7/site-packages/airflow/example_dags/example_kubernetes_executor.py
[2024-03-05T12:44:49.386+0000] {logging_mixin.py:137} INFO - [2024-03-05T12:44:49.386+0000] {dag.py:2690} INFO - Sync 1 DAGs
[2024-03-05T12:44:49.397+0000] {logging_mixin.py:137} INFO - [2024-03-05T12:44:49.397+0000] {dag.py:3441} INFO - Setting next_dagrun for example_kubernetes_executor to None, run_after=None
[2024-03-05T12:44:49.407+0000] {processor.py:175} INFO - Processing /home/airflow/.local/lib/python3.7/site-packages/airflow/example_dags/example_kubernetes_executor.py took 0.052 seconds
[2024-03-05T12:45:19.893+0000] {processor.py:153} INFO - Started process (PID=601) to work on /home/airflow/.local/lib/python3.7/site-packages/airflow/example_dags/example_kubernetes_executor.py
[2024-03-05T12:45:19.894+0000] {processor.py:743} INFO - Processing file /home/airflow/.local/lib/python3.7/site-packages/airflow/example_dags/example_kubernetes_executor.py for tasks to queue
[2024-03-05T12:45:19.895+0000] {logging_mixin.py:137} INFO - [2024-03-05T12:45:19.895+0000] {dagbag.py:538} INFO - Filling up the DagBag from /home/airflow/.local/lib/python3.7/site-packages/airflow/example_dags/example_kubernetes_executor.py
[2024-03-05T12:45:19.911+0000] {processor.py:753} INFO - DAG(s) dict_keys(['example_kubernetes_executor']) retrieved from /home/airflow/.local/lib/python3.7/site-packages/airflow/example_dags/example_kubernetes_executor.py
[2024-03-05T12:45:19.930+0000] {logging_mixin.py:137} INFO - [2024-03-05T12:45:19.930+0000] {dag.py:2690} INFO - Sync 1 DAGs
[2024-03-05T12:45:19.944+0000] {logging_mixin.py:137} INFO - [2024-03-05T12:45:19.944+0000] {dag.py:3441} INFO - Setting next_dagrun for example_kubernetes_executor to None, run_after=None
[2024-03-05T12:45:19.961+0000] {processor.py:175} INFO - Processing /home/airflow/.local/lib/python3.7/site-packages/airflow/example_dags/example_kubernetes_executor.py took 0.069 seconds
[2024-03-05T12:45:50.440+0000] {processor.py:153} INFO - Started process (PID=695) to work on /home/airflow/.local/lib/python3.7/site-packages/airflow/example_dags/example_kubernetes_executor.py
[2024-03-05T12:45:50.441+0000] {processor.py:743} INFO - Processing file /home/airflow/.local/lib/python3.7/site-packages/airflow/example_dags/example_kubernetes_executor.py for tasks to queue
[2024-03-05T12:45:50.443+0000] {logging_mixin.py:137} INFO - [2024-03-05T12:45:50.443+0000] {dagbag.py:538} INFO - Filling up the DagBag from /home/airflow/.local/lib/python3.7/site-packages/airflow/example_dags/example_kubernetes_executor.py
[2024-03-05T12:45:50.458+0000] {processor.py:753} INFO - DAG(s) dict_keys(['example_kubernetes_executor']) retrieved from /home/airflow/.local/lib/python3.7/site-packages/airflow/example_dags/example_kubernetes_executor.py
[2024-03-05T12:45:50.472+0000] {logging_mixin.py:137} INFO - [2024-03-05T12:45:50.472+0000] {dag.py:2690} INFO - Sync 1 DAGs
[2024-03-05T12:45:50.483+0000] {logging_mixin.py:137} INFO - [2024-03-05T12:45:50.483+0000] {dag.py:3441} INFO - Setting next_dagrun for example_kubernetes_executor to None, run_after=None
[2024-03-05T12:45:50.492+0000] {processor.py:175} INFO - Processing /home/airflow/.local/lib/python3.7/site-packages/airflow/example_dags/example_kubernetes_executor.py took 0.054 seconds
[2024-03-05T12:46:21.295+0000] {processor.py:153} INFO - Started process (PID=789) to work on /home/airflow/.local/lib/python3.7/site-packages/airflow/example_dags/example_kubernetes_executor.py
[2024-03-05T12:46:21.296+0000] {processor.py:743} INFO - Processing file /home/airflow/.local/lib/python3.7/site-packages/airflow/example_dags/example_kubernetes_executor.py for tasks to queue
[2024-03-05T12:46:21.296+0000] {logging_mixin.py:137} INFO - [2024-03-05T12:46:21.296+0000] {dagbag.py:538} INFO - Filling up the DagBag from /home/airflow/.local/lib/python3.7/site-packages/airflow/example_dags/example_kubernetes_executor.py
[2024-03-05T12:46:21.311+0000] {processor.py:753} INFO - DAG(s) dict_keys(['example_kubernetes_executor']) retrieved from /home/airflow/.local/lib/python3.7/site-packages/airflow/example_dags/example_kubernetes_executor.py
[2024-03-05T12:46:21.327+0000] {logging_mixin.py:137} INFO - [2024-03-05T12:46:21.327+0000] {dag.py:2690} INFO - Sync 1 DAGs
[2024-03-05T12:46:21.339+0000] {logging_mixin.py:137} INFO - [2024-03-05T12:46:21.339+0000] {dag.py:3441} INFO - Setting next_dagrun for example_kubernetes_executor to None, run_after=None
[2024-03-05T12:46:21.351+0000] {processor.py:175} INFO - Processing /home/airflow/.local/lib/python3.7/site-packages/airflow/example_dags/example_kubernetes_executor.py took 0.058 seconds
[2024-03-05T12:46:51.799+0000] {processor.py:153} INFO - Started process (PID=874) to work on /home/airflow/.local/lib/python3.7/site-packages/airflow/example_dags/example_kubernetes_executor.py
[2024-03-05T12:46:51.799+0000] {processor.py:743} INFO - Processing file /home/airflow/.local/lib/python3.7/site-packages/airflow/example_dags/example_kubernetes_executor.py for tasks to queue
[2024-03-05T12:46:51.800+0000] {logging_mixin.py:137} INFO - [2024-03-05T12:46:51.800+0000] {dagbag.py:538} INFO - Filling up the DagBag from /home/airflow/.local/lib/python3.7/site-packages/airflow/example_dags/example_kubernetes_executor.py
[2024-03-05T12:46:51.815+0000] {processor.py:753} INFO - DAG(s) dict_keys(['example_kubernetes_executor']) retrieved from /home/airflow/.local/lib/python3.7/site-packages/airflow/example_dags/example_kubernetes_executor.py
[2024-03-05T12:46:51.830+0000] {logging_mixin.py:137} INFO - [2024-03-05T12:46:51.829+0000] {dag.py:2690} INFO - Sync 1 DAGs
[2024-03-05T12:46:51.842+0000] {logging_mixin.py:137} INFO - [2024-03-05T12:46:51.841+0000] {dag.py:3441} INFO - Setting next_dagrun for example_kubernetes_executor to None, run_after=None
[2024-03-05T12:46:51.851+0000] {processor.py:175} INFO - Processing /home/airflow/.local/lib/python3.7/site-packages/airflow/example_dags/example_kubernetes_executor.py took 0.054 seconds
[2024-03-05T12:47:22.331+0000] {processor.py:153} INFO - Started process (PID=959) to work on /home/airflow/.local/lib/python3.7/site-packages/airflow/example_dags/example_kubernetes_executor.py
[2024-03-05T12:47:22.331+0000] {processor.py:743} INFO - Processing file /home/airflow/.local/lib/python3.7/site-packages/airflow/example_dags/example_kubernetes_executor.py for tasks to queue
[2024-03-05T12:47:22.331+0000] {logging_mixin.py:137} INFO - [2024-03-05T12:47:22.331+0000] {dagbag.py:538} INFO - Filling up the DagBag from /home/airflow/.local/lib/python3.7/site-packages/airflow/example_dags/example_kubernetes_executor.py
[2024-03-05T12:47:22.348+0000] {processor.py:753} INFO - DAG(s) dict_keys(['example_kubernetes_executor']) retrieved from /home/airflow/.local/lib/python3.7/site-packages/airflow/example_dags/example_kubernetes_executor.py
[2024-03-05T12:47:22.364+0000] {logging_mixin.py:137} INFO - [2024-03-05T12:47:22.363+0000] {dag.py:2690} INFO - Sync 1 DAGs
[2024-03-05T12:47:22.375+0000] {logging_mixin.py:137} INFO - [2024-03-05T12:47:22.375+0000] {dag.py:3441} INFO - Setting next_dagrun for example_kubernetes_executor to None, run_after=None
[2024-03-05T12:47:22.384+0000] {processor.py:175} INFO - Processing /home/airflow/.local/lib/python3.7/site-packages/airflow/example_dags/example_kubernetes_executor.py took 0.055 seconds
[2024-03-05T12:47:53.358+0000] {processor.py:153} INFO - Started process (PID=1053) to work on /home/airflow/.local/lib/python3.7/site-packages/airflow/example_dags/example_kubernetes_executor.py
[2024-03-05T12:47:53.358+0000] {processor.py:743} INFO - Processing file /home/airflow/.local/lib/python3.7/site-packages/airflow/example_dags/example_kubernetes_executor.py for tasks to queue
[2024-03-05T12:47:53.359+0000] {logging_mixin.py:137} INFO - [2024-03-05T12:47:53.359+0000] {dagbag.py:538} INFO - Filling up the DagBag from /home/airflow/.local/lib/python3.7/site-packages/airflow/example_dags/example_kubernetes_executor.py
[2024-03-05T12:47:53.375+0000] {processor.py:753} INFO - DAG(s) dict_keys(['example_kubernetes_executor']) retrieved from /home/airflow/.local/lib/python3.7/site-packages/airflow/example_dags/example_kubernetes_executor.py
[2024-03-05T12:47:53.393+0000] {logging_mixin.py:137} INFO - [2024-03-05T12:47:53.393+0000] {dag.py:2690} INFO - Sync 1 DAGs
[2024-03-05T12:47:53.406+0000] {logging_mixin.py:137} INFO - [2024-03-05T12:47:53.406+0000] {dag.py:3441} INFO - Setting next_dagrun for example_kubernetes_executor to None, run_after=None
[2024-03-05T12:47:53.417+0000] {processor.py:175} INFO - Processing /home/airflow/.local/lib/python3.7/site-packages/airflow/example_dags/example_kubernetes_executor.py took 0.062 seconds
