[2024-03-05T12:19:23.468+0000] {processor.py:153} INFO - Started process (PID=51) to work on /home/airflow/.local/lib/python3.7/site-packages/airflow/example_dags/example_task_group.py
[2024-03-05T12:19:23.469+0000] {processor.py:743} INFO - Processing file /home/airflow/.local/lib/python3.7/site-packages/airflow/example_dags/example_task_group.py for tasks to queue
[2024-03-05T12:19:23.469+0000] {logging_mixin.py:137} INFO - [2024-03-05T12:19:23.469+0000] {dagbag.py:538} INFO - Filling up the DagBag from /home/airflow/.local/lib/python3.7/site-packages/airflow/example_dags/example_task_group.py
[2024-03-05T12:19:23.477+0000] {processor.py:753} INFO - DAG(s) dict_keys(['example_task_group']) retrieved from /home/airflow/.local/lib/python3.7/site-packages/airflow/example_dags/example_task_group.py
[2024-03-05T12:19:23.492+0000] {logging_mixin.py:137} INFO - [2024-03-05T12:19:23.492+0000] {dag.py:2690} INFO - Sync 1 DAGs
[2024-03-05T12:19:23.509+0000] {logging_mixin.py:137} INFO - [2024-03-05T12:19:23.509+0000] {dag.py:3441} INFO - Setting next_dagrun for example_task_group to 2024-03-04T12:19:23.509352+00:00, run_after=2024-03-05T12:19:23.509352+00:00
[2024-03-05T12:19:23.520+0000] {processor.py:175} INFO - Processing /home/airflow/.local/lib/python3.7/site-packages/airflow/example_dags/example_task_group.py took 0.053 seconds
[2024-03-05T12:19:54.179+0000] {processor.py:153} INFO - Started process (PID=153) to work on /home/airflow/.local/lib/python3.7/site-packages/airflow/example_dags/example_task_group.py
[2024-03-05T12:19:54.180+0000] {processor.py:743} INFO - Processing file /home/airflow/.local/lib/python3.7/site-packages/airflow/example_dags/example_task_group.py for tasks to queue
[2024-03-05T12:19:54.180+0000] {logging_mixin.py:137} INFO - [2024-03-05T12:19:54.180+0000] {dagbag.py:538} INFO - Filling up the DagBag from /home/airflow/.local/lib/python3.7/site-packages/airflow/example_dags/example_task_group.py
[2024-03-05T12:19:54.187+0000] {processor.py:753} INFO - DAG(s) dict_keys(['example_task_group']) retrieved from /home/airflow/.local/lib/python3.7/site-packages/airflow/example_dags/example_task_group.py
[2024-03-05T12:19:54.199+0000] {logging_mixin.py:137} INFO - [2024-03-05T12:19:54.199+0000] {dag.py:2690} INFO - Sync 1 DAGs
[2024-03-05T12:19:54.211+0000] {logging_mixin.py:137} INFO - [2024-03-05T12:19:54.211+0000] {dag.py:3441} INFO - Setting next_dagrun for example_task_group to 2024-03-04T12:19:54.210923+00:00, run_after=2024-03-05T12:19:54.210923+00:00
[2024-03-05T12:19:54.219+0000] {processor.py:175} INFO - Processing /home/airflow/.local/lib/python3.7/site-packages/airflow/example_dags/example_task_group.py took 0.041 seconds
[2024-03-05T12:42:15.500+0000] {processor.py:153} INFO - Started process (PID=51) to work on /home/airflow/.local/lib/python3.7/site-packages/airflow/example_dags/example_task_group.py
[2024-03-05T12:42:15.502+0000] {processor.py:743} INFO - Processing file /home/airflow/.local/lib/python3.7/site-packages/airflow/example_dags/example_task_group.py for tasks to queue
[2024-03-05T12:42:15.502+0000] {logging_mixin.py:137} INFO - [2024-03-05T12:42:15.502+0000] {dagbag.py:538} INFO - Filling up the DagBag from /home/airflow/.local/lib/python3.7/site-packages/airflow/example_dags/example_task_group.py
[2024-03-05T12:42:15.514+0000] {processor.py:753} INFO - DAG(s) dict_keys(['example_task_group']) retrieved from /home/airflow/.local/lib/python3.7/site-packages/airflow/example_dags/example_task_group.py
[2024-03-05T12:42:15.534+0000] {logging_mixin.py:137} INFO - [2024-03-05T12:42:15.533+0000] {dag.py:2690} INFO - Sync 1 DAGs
[2024-03-05T12:42:15.552+0000] {logging_mixin.py:137} INFO - [2024-03-05T12:42:15.552+0000] {dag.py:3441} INFO - Setting next_dagrun for example_task_group to 2024-03-04T12:42:15.552062+00:00, run_after=2024-03-05T12:42:15.552062+00:00
[2024-03-05T12:42:15.579+0000] {processor.py:175} INFO - Processing /home/airflow/.local/lib/python3.7/site-packages/airflow/example_dags/example_task_group.py took 0.083 seconds
[2024-03-05T12:42:45.778+0000] {processor.py:153} INFO - Started process (PID=145) to work on /home/airflow/.local/lib/python3.7/site-packages/airflow/example_dags/example_task_group.py
[2024-03-05T12:42:45.779+0000] {processor.py:743} INFO - Processing file /home/airflow/.local/lib/python3.7/site-packages/airflow/example_dags/example_task_group.py for tasks to queue
[2024-03-05T12:42:45.779+0000] {logging_mixin.py:137} INFO - [2024-03-05T12:42:45.779+0000] {dagbag.py:538} INFO - Filling up the DagBag from /home/airflow/.local/lib/python3.7/site-packages/airflow/example_dags/example_task_group.py
[2024-03-05T12:42:45.788+0000] {processor.py:753} INFO - DAG(s) dict_keys(['example_task_group']) retrieved from /home/airflow/.local/lib/python3.7/site-packages/airflow/example_dags/example_task_group.py
[2024-03-05T12:42:45.800+0000] {logging_mixin.py:137} INFO - [2024-03-05T12:42:45.800+0000] {dag.py:2690} INFO - Sync 1 DAGs
[2024-03-05T12:42:45.812+0000] {logging_mixin.py:137} INFO - [2024-03-05T12:42:45.812+0000] {dag.py:3441} INFO - Setting next_dagrun for example_task_group to 2024-03-04T12:42:45.812669+00:00, run_after=2024-03-05T12:42:45.812669+00:00
[2024-03-05T12:42:45.822+0000] {processor.py:175} INFO - Processing /home/airflow/.local/lib/python3.7/site-packages/airflow/example_dags/example_task_group.py took 0.046 seconds
[2024-03-05T12:43:16.666+0000] {processor.py:153} INFO - Started process (PID=221) to work on /home/airflow/.local/lib/python3.7/site-packages/airflow/example_dags/example_task_group.py
[2024-03-05T12:43:16.667+0000] {processor.py:743} INFO - Processing file /home/airflow/.local/lib/python3.7/site-packages/airflow/example_dags/example_task_group.py for tasks to queue
[2024-03-05T12:43:16.667+0000] {logging_mixin.py:137} INFO - [2024-03-05T12:43:16.667+0000] {dagbag.py:538} INFO - Filling up the DagBag from /home/airflow/.local/lib/python3.7/site-packages/airflow/example_dags/example_task_group.py
[2024-03-05T12:43:16.675+0000] {processor.py:753} INFO - DAG(s) dict_keys(['example_task_group']) retrieved from /home/airflow/.local/lib/python3.7/site-packages/airflow/example_dags/example_task_group.py
[2024-03-05T12:43:16.687+0000] {logging_mixin.py:137} INFO - [2024-03-05T12:43:16.687+0000] {dag.py:2690} INFO - Sync 1 DAGs
[2024-03-05T12:43:16.700+0000] {logging_mixin.py:137} INFO - [2024-03-05T12:43:16.700+0000] {dag.py:3441} INFO - Setting next_dagrun for example_task_group to 2024-03-04T12:43:16.699927+00:00, run_after=2024-03-05T12:43:16.699927+00:00
[2024-03-05T12:43:16.708+0000] {processor.py:175} INFO - Processing /home/airflow/.local/lib/python3.7/site-packages/airflow/example_dags/example_task_group.py took 0.043 seconds
[2024-03-05T12:43:47.422+0000] {processor.py:153} INFO - Started process (PID=315) to work on /home/airflow/.local/lib/python3.7/site-packages/airflow/example_dags/example_task_group.py
[2024-03-05T12:43:47.423+0000] {processor.py:743} INFO - Processing file /home/airflow/.local/lib/python3.7/site-packages/airflow/example_dags/example_task_group.py for tasks to queue
[2024-03-05T12:43:47.423+0000] {logging_mixin.py:137} INFO - [2024-03-05T12:43:47.423+0000] {dagbag.py:538} INFO - Filling up the DagBag from /home/airflow/.local/lib/python3.7/site-packages/airflow/example_dags/example_task_group.py
[2024-03-05T12:43:47.431+0000] {processor.py:753} INFO - DAG(s) dict_keys(['example_task_group']) retrieved from /home/airflow/.local/lib/python3.7/site-packages/airflow/example_dags/example_task_group.py
[2024-03-05T12:43:47.443+0000] {logging_mixin.py:137} INFO - [2024-03-05T12:43:47.443+0000] {dag.py:2690} INFO - Sync 1 DAGs
[2024-03-05T12:43:47.455+0000] {logging_mixin.py:137} INFO - [2024-03-05T12:43:47.455+0000] {dag.py:3441} INFO - Setting next_dagrun for example_task_group to 2024-03-04T12:43:47.455687+00:00, run_after=2024-03-05T12:43:47.455687+00:00
[2024-03-05T12:43:47.468+0000] {processor.py:175} INFO - Processing /home/airflow/.local/lib/python3.7/site-packages/airflow/example_dags/example_task_group.py took 0.048 seconds
[2024-03-05T12:44:17.991+0000] {processor.py:153} INFO - Started process (PID=408) to work on /home/airflow/.local/lib/python3.7/site-packages/airflow/example_dags/example_task_group.py
[2024-03-05T12:44:17.992+0000] {processor.py:743} INFO - Processing file /home/airflow/.local/lib/python3.7/site-packages/airflow/example_dags/example_task_group.py for tasks to queue
[2024-03-05T12:44:17.992+0000] {logging_mixin.py:137} INFO - [2024-03-05T12:44:17.992+0000] {dagbag.py:538} INFO - Filling up the DagBag from /home/airflow/.local/lib/python3.7/site-packages/airflow/example_dags/example_task_group.py
[2024-03-05T12:44:18.001+0000] {processor.py:753} INFO - DAG(s) dict_keys(['example_task_group']) retrieved from /home/airflow/.local/lib/python3.7/site-packages/airflow/example_dags/example_task_group.py
[2024-03-05T12:44:18.014+0000] {logging_mixin.py:137} INFO - [2024-03-05T12:44:18.014+0000] {dag.py:2690} INFO - Sync 1 DAGs
[2024-03-05T12:44:18.028+0000] {logging_mixin.py:137} INFO - [2024-03-05T12:44:18.028+0000] {dag.py:3441} INFO - Setting next_dagrun for example_task_group to 2024-03-04T12:44:18.027958+00:00, run_after=2024-03-05T12:44:18.027958+00:00
[2024-03-05T12:44:18.037+0000] {processor.py:175} INFO - Processing /home/airflow/.local/lib/python3.7/site-packages/airflow/example_dags/example_task_group.py took 0.048 seconds
[2024-03-05T12:44:48.517+0000] {processor.py:153} INFO - Started process (PID=502) to work on /home/airflow/.local/lib/python3.7/site-packages/airflow/example_dags/example_task_group.py
[2024-03-05T12:44:48.518+0000] {processor.py:743} INFO - Processing file /home/airflow/.local/lib/python3.7/site-packages/airflow/example_dags/example_task_group.py for tasks to queue
[2024-03-05T12:44:48.520+0000] {logging_mixin.py:137} INFO - [2024-03-05T12:44:48.520+0000] {dagbag.py:538} INFO - Filling up the DagBag from /home/airflow/.local/lib/python3.7/site-packages/airflow/example_dags/example_task_group.py
[2024-03-05T12:44:48.536+0000] {processor.py:753} INFO - DAG(s) dict_keys(['example_task_group']) retrieved from /home/airflow/.local/lib/python3.7/site-packages/airflow/example_dags/example_task_group.py
[2024-03-05T12:44:48.563+0000] {logging_mixin.py:137} INFO - [2024-03-05T12:44:48.563+0000] {dag.py:2690} INFO - Sync 1 DAGs
[2024-03-05T12:44:48.580+0000] {logging_mixin.py:137} INFO - [2024-03-05T12:44:48.579+0000] {dag.py:3441} INFO - Setting next_dagrun for example_task_group to 2024-03-04T12:44:48.579741+00:00, run_after=2024-03-05T12:44:48.579741+00:00
[2024-03-05T12:44:48.590+0000] {processor.py:175} INFO - Processing /home/airflow/.local/lib/python3.7/site-packages/airflow/example_dags/example_task_group.py took 0.075 seconds
[2024-03-05T12:45:19.099+0000] {processor.py:153} INFO - Started process (PID=578) to work on /home/airflow/.local/lib/python3.7/site-packages/airflow/example_dags/example_task_group.py
[2024-03-05T12:45:19.100+0000] {processor.py:743} INFO - Processing file /home/airflow/.local/lib/python3.7/site-packages/airflow/example_dags/example_task_group.py for tasks to queue
[2024-03-05T12:45:19.100+0000] {logging_mixin.py:137} INFO - [2024-03-05T12:45:19.100+0000] {dagbag.py:538} INFO - Filling up the DagBag from /home/airflow/.local/lib/python3.7/site-packages/airflow/example_dags/example_task_group.py
[2024-03-05T12:45:19.108+0000] {processor.py:753} INFO - DAG(s) dict_keys(['example_task_group']) retrieved from /home/airflow/.local/lib/python3.7/site-packages/airflow/example_dags/example_task_group.py
[2024-03-05T12:45:19.124+0000] {logging_mixin.py:137} INFO - [2024-03-05T12:45:19.124+0000] {dag.py:2690} INFO - Sync 1 DAGs
[2024-03-05T12:45:19.138+0000] {logging_mixin.py:137} INFO - [2024-03-05T12:45:19.138+0000] {dag.py:3441} INFO - Setting next_dagrun for example_task_group to 2024-03-04T12:45:19.137925+00:00, run_after=2024-03-05T12:45:19.137925+00:00
[2024-03-05T12:45:19.150+0000] {processor.py:175} INFO - Processing /home/airflow/.local/lib/python3.7/site-packages/airflow/example_dags/example_task_group.py took 0.052 seconds
[2024-03-05T12:45:49.700+0000] {processor.py:153} INFO - Started process (PID=672) to work on /home/airflow/.local/lib/python3.7/site-packages/airflow/example_dags/example_task_group.py
[2024-03-05T12:45:49.701+0000] {processor.py:743} INFO - Processing file /home/airflow/.local/lib/python3.7/site-packages/airflow/example_dags/example_task_group.py for tasks to queue
[2024-03-05T12:45:49.701+0000] {logging_mixin.py:137} INFO - [2024-03-05T12:45:49.701+0000] {dagbag.py:538} INFO - Filling up the DagBag from /home/airflow/.local/lib/python3.7/site-packages/airflow/example_dags/example_task_group.py
[2024-03-05T12:45:49.710+0000] {processor.py:753} INFO - DAG(s) dict_keys(['example_task_group']) retrieved from /home/airflow/.local/lib/python3.7/site-packages/airflow/example_dags/example_task_group.py
[2024-03-05T12:45:49.722+0000] {logging_mixin.py:137} INFO - [2024-03-05T12:45:49.722+0000] {dag.py:2690} INFO - Sync 1 DAGs
[2024-03-05T12:45:49.734+0000] {logging_mixin.py:137} INFO - [2024-03-05T12:45:49.734+0000] {dag.py:3441} INFO - Setting next_dagrun for example_task_group to 2024-03-04T12:45:49.734583+00:00, run_after=2024-03-05T12:45:49.734583+00:00
[2024-03-05T12:45:49.744+0000] {processor.py:175} INFO - Processing /home/airflow/.local/lib/python3.7/site-packages/airflow/example_dags/example_task_group.py took 0.045 seconds
[2024-03-05T12:46:20.252+0000] {processor.py:153} INFO - Started process (PID=766) to work on /home/airflow/.local/lib/python3.7/site-packages/airflow/example_dags/example_task_group.py
[2024-03-05T12:46:20.253+0000] {processor.py:743} INFO - Processing file /home/airflow/.local/lib/python3.7/site-packages/airflow/example_dags/example_task_group.py for tasks to queue
[2024-03-05T12:46:20.254+0000] {logging_mixin.py:137} INFO - [2024-03-05T12:46:20.253+0000] {dagbag.py:538} INFO - Filling up the DagBag from /home/airflow/.local/lib/python3.7/site-packages/airflow/example_dags/example_task_group.py
[2024-03-05T12:46:20.261+0000] {processor.py:753} INFO - DAG(s) dict_keys(['example_task_group']) retrieved from /home/airflow/.local/lib/python3.7/site-packages/airflow/example_dags/example_task_group.py
[2024-03-05T12:46:20.279+0000] {logging_mixin.py:137} INFO - [2024-03-05T12:46:20.279+0000] {dag.py:2690} INFO - Sync 1 DAGs
[2024-03-05T12:46:20.292+0000] {logging_mixin.py:137} INFO - [2024-03-05T12:46:20.292+0000] {dag.py:3441} INFO - Setting next_dagrun for example_task_group to 2024-03-04T12:46:20.292165+00:00, run_after=2024-03-05T12:46:20.292165+00:00
[2024-03-05T12:46:20.306+0000] {processor.py:175} INFO - Processing /home/airflow/.local/lib/python3.7/site-packages/airflow/example_dags/example_task_group.py took 0.056 seconds
[2024-03-05T12:46:51.036+0000] {processor.py:153} INFO - Started process (PID=842) to work on /home/airflow/.local/lib/python3.7/site-packages/airflow/example_dags/example_task_group.py
[2024-03-05T12:46:51.037+0000] {processor.py:743} INFO - Processing file /home/airflow/.local/lib/python3.7/site-packages/airflow/example_dags/example_task_group.py for tasks to queue
[2024-03-05T12:46:51.037+0000] {logging_mixin.py:137} INFO - [2024-03-05T12:46:51.037+0000] {dagbag.py:538} INFO - Filling up the DagBag from /home/airflow/.local/lib/python3.7/site-packages/airflow/example_dags/example_task_group.py
[2024-03-05T12:46:51.044+0000] {processor.py:753} INFO - DAG(s) dict_keys(['example_task_group']) retrieved from /home/airflow/.local/lib/python3.7/site-packages/airflow/example_dags/example_task_group.py
[2024-03-05T12:46:51.056+0000] {logging_mixin.py:137} INFO - [2024-03-05T12:46:51.056+0000] {dag.py:2690} INFO - Sync 1 DAGs
[2024-03-05T12:46:51.066+0000] {logging_mixin.py:137} INFO - [2024-03-05T12:46:51.066+0000] {dag.py:3441} INFO - Setting next_dagrun for example_task_group to 2024-03-04T12:46:51.066654+00:00, run_after=2024-03-05T12:46:51.066654+00:00
[2024-03-05T12:46:51.074+0000] {processor.py:175} INFO - Processing /home/airflow/.local/lib/python3.7/site-packages/airflow/example_dags/example_task_group.py took 0.039 seconds
[2024-03-05T12:47:21.652+0000] {processor.py:153} INFO - Started process (PID=936) to work on /home/airflow/.local/lib/python3.7/site-packages/airflow/example_dags/example_task_group.py
[2024-03-05T12:47:21.653+0000] {processor.py:743} INFO - Processing file /home/airflow/.local/lib/python3.7/site-packages/airflow/example_dags/example_task_group.py for tasks to queue
[2024-03-05T12:47:21.653+0000] {logging_mixin.py:137} INFO - [2024-03-05T12:47:21.653+0000] {dagbag.py:538} INFO - Filling up the DagBag from /home/airflow/.local/lib/python3.7/site-packages/airflow/example_dags/example_task_group.py
[2024-03-05T12:47:21.661+0000] {processor.py:753} INFO - DAG(s) dict_keys(['example_task_group']) retrieved from /home/airflow/.local/lib/python3.7/site-packages/airflow/example_dags/example_task_group.py
[2024-03-05T12:47:21.672+0000] {logging_mixin.py:137} INFO - [2024-03-05T12:47:21.672+0000] {dag.py:2690} INFO - Sync 1 DAGs
[2024-03-05T12:47:21.684+0000] {logging_mixin.py:137} INFO - [2024-03-05T12:47:21.683+0000] {dag.py:3441} INFO - Setting next_dagrun for example_task_group to 2024-03-04T12:47:21.683831+00:00, run_after=2024-03-05T12:47:21.683831+00:00
[2024-03-05T12:47:21.692+0000] {processor.py:175} INFO - Processing /home/airflow/.local/lib/python3.7/site-packages/airflow/example_dags/example_task_group.py took 0.041 seconds
[2024-03-05T12:47:52.255+0000] {processor.py:153} INFO - Started process (PID=1030) to work on /home/airflow/.local/lib/python3.7/site-packages/airflow/example_dags/example_task_group.py
[2024-03-05T12:47:52.256+0000] {processor.py:743} INFO - Processing file /home/airflow/.local/lib/python3.7/site-packages/airflow/example_dags/example_task_group.py for tasks to queue
[2024-03-05T12:47:52.256+0000] {logging_mixin.py:137} INFO - [2024-03-05T12:47:52.256+0000] {dagbag.py:538} INFO - Filling up the DagBag from /home/airflow/.local/lib/python3.7/site-packages/airflow/example_dags/example_task_group.py
[2024-03-05T12:47:52.265+0000] {processor.py:753} INFO - DAG(s) dict_keys(['example_task_group']) retrieved from /home/airflow/.local/lib/python3.7/site-packages/airflow/example_dags/example_task_group.py
[2024-03-05T12:47:52.280+0000] {logging_mixin.py:137} INFO - [2024-03-05T12:47:52.280+0000] {dag.py:2690} INFO - Sync 1 DAGs
[2024-03-05T12:47:52.293+0000] {logging_mixin.py:137} INFO - [2024-03-05T12:47:52.293+0000] {dag.py:3441} INFO - Setting next_dagrun for example_task_group to 2024-03-04T12:47:52.293698+00:00, run_after=2024-03-05T12:47:52.293698+00:00
[2024-03-05T12:47:52.306+0000] {processor.py:175} INFO - Processing /home/airflow/.local/lib/python3.7/site-packages/airflow/example_dags/example_task_group.py took 0.052 seconds
