[2024-03-05T12:19:23.396+0000] {processor.py:153} INFO - Started process (PID=49) to work on /home/airflow/.local/lib/python3.7/site-packages/airflow/example_dags/example_branch_datetime_operator.py
[2024-03-05T12:19:23.397+0000] {processor.py:743} INFO - Processing file /home/airflow/.local/lib/python3.7/site-packages/airflow/example_dags/example_branch_datetime_operator.py for tasks to queue
[2024-03-05T12:19:23.397+0000] {logging_mixin.py:137} INFO - [2024-03-05T12:19:23.397+0000] {dagbag.py:538} INFO - Filling up the DagBag from /home/airflow/.local/lib/python3.7/site-packages/airflow/example_dags/example_branch_datetime_operator.py
[2024-03-05T12:19:23.408+0000] {processor.py:753} INFO - DAG(s) dict_keys(['example_branch_datetime_operator_2', 'example_branch_datetime_operator', 'example_branch_datetime_operator_3']) retrieved from /home/airflow/.local/lib/python3.7/site-packages/airflow/example_dags/example_branch_datetime_operator.py
[2024-03-05T12:19:23.428+0000] {logging_mixin.py:137} INFO - [2024-03-05T12:19:23.428+0000] {dag.py:2690} INFO - Sync 3 DAGs
[2024-03-05T12:19:23.444+0000] {logging_mixin.py:137} INFO - [2024-03-05T12:19:23.444+0000] {dag.py:3441} INFO - Setting next_dagrun for example_branch_datetime_operator to 2024-03-04T00:00:00+00:00, run_after=2024-03-05T00:00:00+00:00
[2024-03-05T12:19:23.447+0000] {logging_mixin.py:137} INFO - [2024-03-05T12:19:23.447+0000] {dag.py:3441} INFO - Setting next_dagrun for example_branch_datetime_operator_2 to 2024-03-04T00:00:00+00:00, run_after=2024-03-05T00:00:00+00:00
[2024-03-05T12:19:23.448+0000] {logging_mixin.py:137} INFO - [2024-03-05T12:19:23.448+0000] {dag.py:3441} INFO - Setting next_dagrun for example_branch_datetime_operator_3 to 2024-03-04T00:00:00+00:00, run_after=2024-03-05T00:00:00+00:00
[2024-03-05T12:19:23.456+0000] {processor.py:175} INFO - Processing /home/airflow/.local/lib/python3.7/site-packages/airflow/example_dags/example_branch_datetime_operator.py took 0.062 seconds
[2024-03-05T12:19:54.118+0000] {processor.py:153} INFO - Started process (PID=151) to work on /home/airflow/.local/lib/python3.7/site-packages/airflow/example_dags/example_branch_datetime_operator.py
[2024-03-05T12:19:54.118+0000] {processor.py:743} INFO - Processing file /home/airflow/.local/lib/python3.7/site-packages/airflow/example_dags/example_branch_datetime_operator.py for tasks to queue
[2024-03-05T12:19:54.119+0000] {logging_mixin.py:137} INFO - [2024-03-05T12:19:54.118+0000] {dagbag.py:538} INFO - Filling up the DagBag from /home/airflow/.local/lib/python3.7/site-packages/airflow/example_dags/example_branch_datetime_operator.py
[2024-03-05T12:19:54.127+0000] {processor.py:753} INFO - DAG(s) dict_keys(['example_branch_datetime_operator', 'example_branch_datetime_operator_2', 'example_branch_datetime_operator_3']) retrieved from /home/airflow/.local/lib/python3.7/site-packages/airflow/example_dags/example_branch_datetime_operator.py
[2024-03-05T12:19:54.141+0000] {logging_mixin.py:137} INFO - [2024-03-05T12:19:54.141+0000] {dag.py:2690} INFO - Sync 3 DAGs
[2024-03-05T12:19:54.157+0000] {logging_mixin.py:137} INFO - [2024-03-05T12:19:54.157+0000] {dag.py:3441} INFO - Setting next_dagrun for example_branch_datetime_operator to 2024-03-04T00:00:00+00:00, run_after=2024-03-05T00:00:00+00:00
[2024-03-05T12:19:54.160+0000] {logging_mixin.py:137} INFO - [2024-03-05T12:19:54.159+0000] {dag.py:3441} INFO - Setting next_dagrun for example_branch_datetime_operator_2 to 2024-03-04T00:00:00+00:00, run_after=2024-03-05T00:00:00+00:00
[2024-03-05T12:19:54.161+0000] {logging_mixin.py:137} INFO - [2024-03-05T12:19:54.161+0000] {dag.py:3441} INFO - Setting next_dagrun for example_branch_datetime_operator_3 to 2024-03-04T00:00:00+00:00, run_after=2024-03-05T00:00:00+00:00
[2024-03-05T12:19:54.169+0000] {processor.py:175} INFO - Processing /home/airflow/.local/lib/python3.7/site-packages/airflow/example_dags/example_branch_datetime_operator.py took 0.053 seconds
[2024-03-05T12:42:15.409+0000] {processor.py:153} INFO - Started process (PID=49) to work on /home/airflow/.local/lib/python3.7/site-packages/airflow/example_dags/example_branch_datetime_operator.py
[2024-03-05T12:42:15.410+0000] {processor.py:743} INFO - Processing file /home/airflow/.local/lib/python3.7/site-packages/airflow/example_dags/example_branch_datetime_operator.py for tasks to queue
[2024-03-05T12:42:15.411+0000] {logging_mixin.py:137} INFO - [2024-03-05T12:42:15.410+0000] {dagbag.py:538} INFO - Filling up the DagBag from /home/airflow/.local/lib/python3.7/site-packages/airflow/example_dags/example_branch_datetime_operator.py
[2024-03-05T12:42:15.420+0000] {processor.py:753} INFO - DAG(s) dict_keys(['example_branch_datetime_operator_2', 'example_branch_datetime_operator_3', 'example_branch_datetime_operator']) retrieved from /home/airflow/.local/lib/python3.7/site-packages/airflow/example_dags/example_branch_datetime_operator.py
[2024-03-05T12:42:15.436+0000] {logging_mixin.py:137} INFO - [2024-03-05T12:42:15.436+0000] {dag.py:2690} INFO - Sync 3 DAGs
[2024-03-05T12:42:15.454+0000] {logging_mixin.py:137} INFO - [2024-03-05T12:42:15.454+0000] {dag.py:3441} INFO - Setting next_dagrun for example_branch_datetime_operator to 2024-03-04T00:00:00+00:00, run_after=2024-03-05T00:00:00+00:00
[2024-03-05T12:42:15.460+0000] {logging_mixin.py:137} INFO - [2024-03-05T12:42:15.460+0000] {dag.py:3441} INFO - Setting next_dagrun for example_branch_datetime_operator_2 to 2024-03-04T00:00:00+00:00, run_after=2024-03-05T00:00:00+00:00
[2024-03-05T12:42:15.462+0000] {logging_mixin.py:137} INFO - [2024-03-05T12:42:15.461+0000] {dag.py:3441} INFO - Setting next_dagrun for example_branch_datetime_operator_3 to 2024-03-04T00:00:00+00:00, run_after=2024-03-05T00:00:00+00:00
[2024-03-05T12:42:15.480+0000] {processor.py:175} INFO - Processing /home/airflow/.local/lib/python3.7/site-packages/airflow/example_dags/example_branch_datetime_operator.py took 0.074 seconds
[2024-03-05T12:42:45.715+0000] {processor.py:153} INFO - Started process (PID=143) to work on /home/airflow/.local/lib/python3.7/site-packages/airflow/example_dags/example_branch_datetime_operator.py
[2024-03-05T12:42:45.716+0000] {processor.py:743} INFO - Processing file /home/airflow/.local/lib/python3.7/site-packages/airflow/example_dags/example_branch_datetime_operator.py for tasks to queue
[2024-03-05T12:42:45.717+0000] {logging_mixin.py:137} INFO - [2024-03-05T12:42:45.717+0000] {dagbag.py:538} INFO - Filling up the DagBag from /home/airflow/.local/lib/python3.7/site-packages/airflow/example_dags/example_branch_datetime_operator.py
[2024-03-05T12:42:45.727+0000] {processor.py:753} INFO - DAG(s) dict_keys(['example_branch_datetime_operator_3', 'example_branch_datetime_operator_2', 'example_branch_datetime_operator']) retrieved from /home/airflow/.local/lib/python3.7/site-packages/airflow/example_dags/example_branch_datetime_operator.py
[2024-03-05T12:42:45.743+0000] {logging_mixin.py:137} INFO - [2024-03-05T12:42:45.742+0000] {dag.py:2690} INFO - Sync 3 DAGs
[2024-03-05T12:42:45.755+0000] {logging_mixin.py:137} INFO - [2024-03-05T12:42:45.755+0000] {dag.py:3441} INFO - Setting next_dagrun for example_branch_datetime_operator to 2024-03-04T00:00:00+00:00, run_after=2024-03-05T00:00:00+00:00
[2024-03-05T12:42:45.757+0000] {logging_mixin.py:137} INFO - [2024-03-05T12:42:45.757+0000] {dag.py:3441} INFO - Setting next_dagrun for example_branch_datetime_operator_2 to 2024-03-04T00:00:00+00:00, run_after=2024-03-05T00:00:00+00:00
[2024-03-05T12:42:45.759+0000] {logging_mixin.py:137} INFO - [2024-03-05T12:42:45.759+0000] {dag.py:3441} INFO - Setting next_dagrun for example_branch_datetime_operator_3 to 2024-03-04T00:00:00+00:00, run_after=2024-03-05T00:00:00+00:00
[2024-03-05T12:42:45.767+0000] {processor.py:175} INFO - Processing /home/airflow/.local/lib/python3.7/site-packages/airflow/example_dags/example_branch_datetime_operator.py took 0.053 seconds
[2024-03-05T12:43:16.609+0000] {processor.py:153} INFO - Started process (PID=219) to work on /home/airflow/.local/lib/python3.7/site-packages/airflow/example_dags/example_branch_datetime_operator.py
[2024-03-05T12:43:16.610+0000] {processor.py:743} INFO - Processing file /home/airflow/.local/lib/python3.7/site-packages/airflow/example_dags/example_branch_datetime_operator.py for tasks to queue
[2024-03-05T12:43:16.610+0000] {logging_mixin.py:137} INFO - [2024-03-05T12:43:16.610+0000] {dagbag.py:538} INFO - Filling up the DagBag from /home/airflow/.local/lib/python3.7/site-packages/airflow/example_dags/example_branch_datetime_operator.py
[2024-03-05T12:43:16.618+0000] {processor.py:753} INFO - DAG(s) dict_keys(['example_branch_datetime_operator_2', 'example_branch_datetime_operator', 'example_branch_datetime_operator_3']) retrieved from /home/airflow/.local/lib/python3.7/site-packages/airflow/example_dags/example_branch_datetime_operator.py
[2024-03-05T12:43:16.633+0000] {logging_mixin.py:137} INFO - [2024-03-05T12:43:16.633+0000] {dag.py:2690} INFO - Sync 3 DAGs
[2024-03-05T12:43:16.646+0000] {logging_mixin.py:137} INFO - [2024-03-05T12:43:16.646+0000] {dag.py:3441} INFO - Setting next_dagrun for example_branch_datetime_operator to 2024-03-04T00:00:00+00:00, run_after=2024-03-05T00:00:00+00:00
[2024-03-05T12:43:16.648+0000] {logging_mixin.py:137} INFO - [2024-03-05T12:43:16.648+0000] {dag.py:3441} INFO - Setting next_dagrun for example_branch_datetime_operator_2 to 2024-03-04T00:00:00+00:00, run_after=2024-03-05T00:00:00+00:00
[2024-03-05T12:43:16.649+0000] {logging_mixin.py:137} INFO - [2024-03-05T12:43:16.649+0000] {dag.py:3441} INFO - Setting next_dagrun for example_branch_datetime_operator_3 to 2024-03-04T00:00:00+00:00, run_after=2024-03-05T00:00:00+00:00
[2024-03-05T12:43:16.657+0000] {processor.py:175} INFO - Processing /home/airflow/.local/lib/python3.7/site-packages/airflow/example_dags/example_branch_datetime_operator.py took 0.049 seconds
[2024-03-05T12:43:47.363+0000] {processor.py:153} INFO - Started process (PID=313) to work on /home/airflow/.local/lib/python3.7/site-packages/airflow/example_dags/example_branch_datetime_operator.py
[2024-03-05T12:43:47.364+0000] {processor.py:743} INFO - Processing file /home/airflow/.local/lib/python3.7/site-packages/airflow/example_dags/example_branch_datetime_operator.py for tasks to queue
[2024-03-05T12:43:47.364+0000] {logging_mixin.py:137} INFO - [2024-03-05T12:43:47.364+0000] {dagbag.py:538} INFO - Filling up the DagBag from /home/airflow/.local/lib/python3.7/site-packages/airflow/example_dags/example_branch_datetime_operator.py
[2024-03-05T12:43:47.373+0000] {processor.py:753} INFO - DAG(s) dict_keys(['example_branch_datetime_operator', 'example_branch_datetime_operator_2', 'example_branch_datetime_operator_3']) retrieved from /home/airflow/.local/lib/python3.7/site-packages/airflow/example_dags/example_branch_datetime_operator.py
[2024-03-05T12:43:47.388+0000] {logging_mixin.py:137} INFO - [2024-03-05T12:43:47.388+0000] {dag.py:2690} INFO - Sync 3 DAGs
[2024-03-05T12:43:47.400+0000] {logging_mixin.py:137} INFO - [2024-03-05T12:43:47.400+0000] {dag.py:3441} INFO - Setting next_dagrun for example_branch_datetime_operator to 2024-03-04T00:00:00+00:00, run_after=2024-03-05T00:00:00+00:00
[2024-03-05T12:43:47.402+0000] {logging_mixin.py:137} INFO - [2024-03-05T12:43:47.402+0000] {dag.py:3441} INFO - Setting next_dagrun for example_branch_datetime_operator_2 to 2024-03-04T00:00:00+00:00, run_after=2024-03-05T00:00:00+00:00
[2024-03-05T12:43:47.404+0000] {logging_mixin.py:137} INFO - [2024-03-05T12:43:47.404+0000] {dag.py:3441} INFO - Setting next_dagrun for example_branch_datetime_operator_3 to 2024-03-04T00:00:00+00:00, run_after=2024-03-05T00:00:00+00:00
[2024-03-05T12:43:47.412+0000] {processor.py:175} INFO - Processing /home/airflow/.local/lib/python3.7/site-packages/airflow/example_dags/example_branch_datetime_operator.py took 0.050 seconds
[2024-03-05T12:44:17.930+0000] {processor.py:153} INFO - Started process (PID=406) to work on /home/airflow/.local/lib/python3.7/site-packages/airflow/example_dags/example_branch_datetime_operator.py
[2024-03-05T12:44:17.931+0000] {processor.py:743} INFO - Processing file /home/airflow/.local/lib/python3.7/site-packages/airflow/example_dags/example_branch_datetime_operator.py for tasks to queue
[2024-03-05T12:44:17.931+0000] {logging_mixin.py:137} INFO - [2024-03-05T12:44:17.931+0000] {dagbag.py:538} INFO - Filling up the DagBag from /home/airflow/.local/lib/python3.7/site-packages/airflow/example_dags/example_branch_datetime_operator.py
[2024-03-05T12:44:17.940+0000] {processor.py:753} INFO - DAG(s) dict_keys(['example_branch_datetime_operator', 'example_branch_datetime_operator_3', 'example_branch_datetime_operator_2']) retrieved from /home/airflow/.local/lib/python3.7/site-packages/airflow/example_dags/example_branch_datetime_operator.py
[2024-03-05T12:44:17.955+0000] {logging_mixin.py:137} INFO - [2024-03-05T12:44:17.955+0000] {dag.py:2690} INFO - Sync 3 DAGs
[2024-03-05T12:44:17.969+0000] {logging_mixin.py:137} INFO - [2024-03-05T12:44:17.969+0000] {dag.py:3441} INFO - Setting next_dagrun for example_branch_datetime_operator to 2024-03-04T00:00:00+00:00, run_after=2024-03-05T00:00:00+00:00
[2024-03-05T12:44:17.972+0000] {logging_mixin.py:137} INFO - [2024-03-05T12:44:17.971+0000] {dag.py:3441} INFO - Setting next_dagrun for example_branch_datetime_operator_2 to 2024-03-04T00:00:00+00:00, run_after=2024-03-05T00:00:00+00:00
[2024-03-05T12:44:17.973+0000] {logging_mixin.py:137} INFO - [2024-03-05T12:44:17.973+0000] {dag.py:3441} INFO - Setting next_dagrun for example_branch_datetime_operator_3 to 2024-03-04T00:00:00+00:00, run_after=2024-03-05T00:00:00+00:00
[2024-03-05T12:44:17.980+0000] {processor.py:175} INFO - Processing /home/airflow/.local/lib/python3.7/site-packages/airflow/example_dags/example_branch_datetime_operator.py took 0.052 seconds
[2024-03-05T12:44:48.427+0000] {processor.py:153} INFO - Started process (PID=500) to work on /home/airflow/.local/lib/python3.7/site-packages/airflow/example_dags/example_branch_datetime_operator.py
[2024-03-05T12:44:48.428+0000] {processor.py:743} INFO - Processing file /home/airflow/.local/lib/python3.7/site-packages/airflow/example_dags/example_branch_datetime_operator.py for tasks to queue
[2024-03-05T12:44:48.429+0000] {logging_mixin.py:137} INFO - [2024-03-05T12:44:48.429+0000] {dagbag.py:538} INFO - Filling up the DagBag from /home/airflow/.local/lib/python3.7/site-packages/airflow/example_dags/example_branch_datetime_operator.py
[2024-03-05T12:44:48.439+0000] {processor.py:753} INFO - DAG(s) dict_keys(['example_branch_datetime_operator_2', 'example_branch_datetime_operator_3', 'example_branch_datetime_operator']) retrieved from /home/airflow/.local/lib/python3.7/site-packages/airflow/example_dags/example_branch_datetime_operator.py
[2024-03-05T12:44:48.455+0000] {logging_mixin.py:137} INFO - [2024-03-05T12:44:48.455+0000] {dag.py:2690} INFO - Sync 3 DAGs
[2024-03-05T12:44:48.477+0000] {logging_mixin.py:137} INFO - [2024-03-05T12:44:48.477+0000] {dag.py:3441} INFO - Setting next_dagrun for example_branch_datetime_operator to 2024-03-04T00:00:00+00:00, run_after=2024-03-05T00:00:00+00:00
[2024-03-05T12:44:48.482+0000] {logging_mixin.py:137} INFO - [2024-03-05T12:44:48.482+0000] {dag.py:3441} INFO - Setting next_dagrun for example_branch_datetime_operator_2 to 2024-03-04T00:00:00+00:00, run_after=2024-03-05T00:00:00+00:00
[2024-03-05T12:44:48.484+0000] {logging_mixin.py:137} INFO - [2024-03-05T12:44:48.484+0000] {dag.py:3441} INFO - Setting next_dagrun for example_branch_datetime_operator_3 to 2024-03-04T00:00:00+00:00, run_after=2024-03-05T00:00:00+00:00
[2024-03-05T12:44:48.501+0000] {processor.py:175} INFO - Processing /home/airflow/.local/lib/python3.7/site-packages/airflow/example_dags/example_branch_datetime_operator.py took 0.075 seconds
[2024-03-05T12:45:19.039+0000] {processor.py:153} INFO - Started process (PID=576) to work on /home/airflow/.local/lib/python3.7/site-packages/airflow/example_dags/example_branch_datetime_operator.py
[2024-03-05T12:45:19.039+0000] {processor.py:743} INFO - Processing file /home/airflow/.local/lib/python3.7/site-packages/airflow/example_dags/example_branch_datetime_operator.py for tasks to queue
[2024-03-05T12:45:19.039+0000] {logging_mixin.py:137} INFO - [2024-03-05T12:45:19.039+0000] {dagbag.py:538} INFO - Filling up the DagBag from /home/airflow/.local/lib/python3.7/site-packages/airflow/example_dags/example_branch_datetime_operator.py
[2024-03-05T12:45:19.049+0000] {processor.py:753} INFO - DAG(s) dict_keys(['example_branch_datetime_operator', 'example_branch_datetime_operator_3', 'example_branch_datetime_operator_2']) retrieved from /home/airflow/.local/lib/python3.7/site-packages/airflow/example_dags/example_branch_datetime_operator.py
[2024-03-05T12:45:19.064+0000] {logging_mixin.py:137} INFO - [2024-03-05T12:45:19.064+0000] {dag.py:2690} INFO - Sync 3 DAGs
[2024-03-05T12:45:19.078+0000] {logging_mixin.py:137} INFO - [2024-03-05T12:45:19.078+0000] {dag.py:3441} INFO - Setting next_dagrun for example_branch_datetime_operator to 2024-03-04T00:00:00+00:00, run_after=2024-03-05T00:00:00+00:00
[2024-03-05T12:45:19.080+0000] {logging_mixin.py:137} INFO - [2024-03-05T12:45:19.080+0000] {dag.py:3441} INFO - Setting next_dagrun for example_branch_datetime_operator_2 to 2024-03-04T00:00:00+00:00, run_after=2024-03-05T00:00:00+00:00
[2024-03-05T12:45:19.081+0000] {logging_mixin.py:137} INFO - [2024-03-05T12:45:19.081+0000] {dag.py:3441} INFO - Setting next_dagrun for example_branch_datetime_operator_3 to 2024-03-04T00:00:00+00:00, run_after=2024-03-05T00:00:00+00:00
[2024-03-05T12:45:19.090+0000] {processor.py:175} INFO - Processing /home/airflow/.local/lib/python3.7/site-packages/airflow/example_dags/example_branch_datetime_operator.py took 0.052 seconds
[2024-03-05T12:45:49.620+0000] {processor.py:153} INFO - Started process (PID=670) to work on /home/airflow/.local/lib/python3.7/site-packages/airflow/example_dags/example_branch_datetime_operator.py
[2024-03-05T12:45:49.621+0000] {processor.py:743} INFO - Processing file /home/airflow/.local/lib/python3.7/site-packages/airflow/example_dags/example_branch_datetime_operator.py for tasks to queue
[2024-03-05T12:45:49.621+0000] {logging_mixin.py:137} INFO - [2024-03-05T12:45:49.621+0000] {dagbag.py:538} INFO - Filling up the DagBag from /home/airflow/.local/lib/python3.7/site-packages/airflow/example_dags/example_branch_datetime_operator.py
[2024-03-05T12:45:49.630+0000] {processor.py:753} INFO - DAG(s) dict_keys(['example_branch_datetime_operator_2', 'example_branch_datetime_operator_3', 'example_branch_datetime_operator']) retrieved from /home/airflow/.local/lib/python3.7/site-packages/airflow/example_dags/example_branch_datetime_operator.py
[2024-03-05T12:45:49.645+0000] {logging_mixin.py:137} INFO - [2024-03-05T12:45:49.645+0000] {dag.py:2690} INFO - Sync 3 DAGs
[2024-03-05T12:45:49.658+0000] {logging_mixin.py:137} INFO - [2024-03-05T12:45:49.658+0000] {dag.py:3441} INFO - Setting next_dagrun for example_branch_datetime_operator to 2024-03-04T00:00:00+00:00, run_after=2024-03-05T00:00:00+00:00
[2024-03-05T12:45:49.661+0000] {logging_mixin.py:137} INFO - [2024-03-05T12:45:49.661+0000] {dag.py:3441} INFO - Setting next_dagrun for example_branch_datetime_operator_2 to 2024-03-04T00:00:00+00:00, run_after=2024-03-05T00:00:00+00:00
[2024-03-05T12:45:49.663+0000] {logging_mixin.py:137} INFO - [2024-03-05T12:45:49.663+0000] {dag.py:3441} INFO - Setting next_dagrun for example_branch_datetime_operator_3 to 2024-03-04T00:00:00+00:00, run_after=2024-03-05T00:00:00+00:00
[2024-03-05T12:45:49.671+0000] {processor.py:175} INFO - Processing /home/airflow/.local/lib/python3.7/site-packages/airflow/example_dags/example_branch_datetime_operator.py took 0.053 seconds
[2024-03-05T12:46:20.145+0000] {processor.py:153} INFO - Started process (PID=764) to work on /home/airflow/.local/lib/python3.7/site-packages/airflow/example_dags/example_branch_datetime_operator.py
[2024-03-05T12:46:20.146+0000] {processor.py:743} INFO - Processing file /home/airflow/.local/lib/python3.7/site-packages/airflow/example_dags/example_branch_datetime_operator.py for tasks to queue
[2024-03-05T12:46:20.148+0000] {logging_mixin.py:137} INFO - [2024-03-05T12:46:20.148+0000] {dagbag.py:538} INFO - Filling up the DagBag from /home/airflow/.local/lib/python3.7/site-packages/airflow/example_dags/example_branch_datetime_operator.py
[2024-03-05T12:46:20.158+0000] {processor.py:753} INFO - DAG(s) dict_keys(['example_branch_datetime_operator_3', 'example_branch_datetime_operator', 'example_branch_datetime_operator_2']) retrieved from /home/airflow/.local/lib/python3.7/site-packages/airflow/example_dags/example_branch_datetime_operator.py
[2024-03-05T12:46:20.183+0000] {logging_mixin.py:137} INFO - [2024-03-05T12:46:20.183+0000] {dag.py:2690} INFO - Sync 3 DAGs
[2024-03-05T12:46:20.198+0000] {logging_mixin.py:137} INFO - [2024-03-05T12:46:20.198+0000] {dag.py:3441} INFO - Setting next_dagrun for example_branch_datetime_operator to 2024-03-04T00:00:00+00:00, run_after=2024-03-05T00:00:00+00:00
[2024-03-05T12:46:20.203+0000] {logging_mixin.py:137} INFO - [2024-03-05T12:46:20.203+0000] {dag.py:3441} INFO - Setting next_dagrun for example_branch_datetime_operator_2 to 2024-03-04T00:00:00+00:00, run_after=2024-03-05T00:00:00+00:00
[2024-03-05T12:46:20.207+0000] {logging_mixin.py:137} INFO - [2024-03-05T12:46:20.207+0000] {dag.py:3441} INFO - Setting next_dagrun for example_branch_datetime_operator_3 to 2024-03-04T00:00:00+00:00, run_after=2024-03-05T00:00:00+00:00
[2024-03-05T12:46:20.220+0000] {processor.py:175} INFO - Processing /home/airflow/.local/lib/python3.7/site-packages/airflow/example_dags/example_branch_datetime_operator.py took 0.076 seconds
[2024-03-05T12:46:50.981+0000] {processor.py:153} INFO - Started process (PID=840) to work on /home/airflow/.local/lib/python3.7/site-packages/airflow/example_dags/example_branch_datetime_operator.py
[2024-03-05T12:46:50.982+0000] {processor.py:743} INFO - Processing file /home/airflow/.local/lib/python3.7/site-packages/airflow/example_dags/example_branch_datetime_operator.py for tasks to queue
[2024-03-05T12:46:50.983+0000] {logging_mixin.py:137} INFO - [2024-03-05T12:46:50.982+0000] {dagbag.py:538} INFO - Filling up the DagBag from /home/airflow/.local/lib/python3.7/site-packages/airflow/example_dags/example_branch_datetime_operator.py
[2024-03-05T12:46:50.991+0000] {processor.py:753} INFO - DAG(s) dict_keys(['example_branch_datetime_operator', 'example_branch_datetime_operator_3', 'example_branch_datetime_operator_2']) retrieved from /home/airflow/.local/lib/python3.7/site-packages/airflow/example_dags/example_branch_datetime_operator.py
[2024-03-05T12:46:51.005+0000] {logging_mixin.py:137} INFO - [2024-03-05T12:46:51.005+0000] {dag.py:2690} INFO - Sync 3 DAGs
[2024-03-05T12:46:51.017+0000] {logging_mixin.py:137} INFO - [2024-03-05T12:46:51.017+0000] {dag.py:3441} INFO - Setting next_dagrun for example_branch_datetime_operator to 2024-03-04T00:00:00+00:00, run_after=2024-03-05T00:00:00+00:00
[2024-03-05T12:46:51.019+0000] {logging_mixin.py:137} INFO - [2024-03-05T12:46:51.019+0000] {dag.py:3441} INFO - Setting next_dagrun for example_branch_datetime_operator_2 to 2024-03-04T00:00:00+00:00, run_after=2024-03-05T00:00:00+00:00
[2024-03-05T12:46:51.020+0000] {logging_mixin.py:137} INFO - [2024-03-05T12:46:51.020+0000] {dag.py:3441} INFO - Setting next_dagrun for example_branch_datetime_operator_3 to 2024-03-04T00:00:00+00:00, run_after=2024-03-05T00:00:00+00:00
[2024-03-05T12:46:51.027+0000] {processor.py:175} INFO - Processing /home/airflow/.local/lib/python3.7/site-packages/airflow/example_dags/example_branch_datetime_operator.py took 0.048 seconds
[2024-03-05T12:47:21.594+0000] {processor.py:153} INFO - Started process (PID=934) to work on /home/airflow/.local/lib/python3.7/site-packages/airflow/example_dags/example_branch_datetime_operator.py
[2024-03-05T12:47:21.595+0000] {processor.py:743} INFO - Processing file /home/airflow/.local/lib/python3.7/site-packages/airflow/example_dags/example_branch_datetime_operator.py for tasks to queue
[2024-03-05T12:47:21.595+0000] {logging_mixin.py:137} INFO - [2024-03-05T12:47:21.595+0000] {dagbag.py:538} INFO - Filling up the DagBag from /home/airflow/.local/lib/python3.7/site-packages/airflow/example_dags/example_branch_datetime_operator.py
[2024-03-05T12:47:21.604+0000] {processor.py:753} INFO - DAG(s) dict_keys(['example_branch_datetime_operator_3', 'example_branch_datetime_operator_2', 'example_branch_datetime_operator']) retrieved from /home/airflow/.local/lib/python3.7/site-packages/airflow/example_dags/example_branch_datetime_operator.py
[2024-03-05T12:47:21.619+0000] {logging_mixin.py:137} INFO - [2024-03-05T12:47:21.619+0000] {dag.py:2690} INFO - Sync 3 DAGs
[2024-03-05T12:47:21.632+0000] {logging_mixin.py:137} INFO - [2024-03-05T12:47:21.631+0000] {dag.py:3441} INFO - Setting next_dagrun for example_branch_datetime_operator to 2024-03-04T00:00:00+00:00, run_after=2024-03-05T00:00:00+00:00
[2024-03-05T12:47:21.634+0000] {logging_mixin.py:137} INFO - [2024-03-05T12:47:21.634+0000] {dag.py:3441} INFO - Setting next_dagrun for example_branch_datetime_operator_2 to 2024-03-04T00:00:00+00:00, run_after=2024-03-05T00:00:00+00:00
[2024-03-05T12:47:21.635+0000] {logging_mixin.py:137} INFO - [2024-03-05T12:47:21.635+0000] {dag.py:3441} INFO - Setting next_dagrun for example_branch_datetime_operator_3 to 2024-03-04T00:00:00+00:00, run_after=2024-03-05T00:00:00+00:00
[2024-03-05T12:47:21.643+0000] {processor.py:175} INFO - Processing /home/airflow/.local/lib/python3.7/site-packages/airflow/example_dags/example_branch_datetime_operator.py took 0.050 seconds
[2024-03-05T12:47:52.106+0000] {processor.py:153} INFO - Started process (PID=1028) to work on /home/airflow/.local/lib/python3.7/site-packages/airflow/example_dags/example_branch_datetime_operator.py
[2024-03-05T12:47:52.107+0000] {processor.py:743} INFO - Processing file /home/airflow/.local/lib/python3.7/site-packages/airflow/example_dags/example_branch_datetime_operator.py for tasks to queue
[2024-03-05T12:47:52.108+0000] {logging_mixin.py:137} INFO - [2024-03-05T12:47:52.108+0000] {dagbag.py:538} INFO - Filling up the DagBag from /home/airflow/.local/lib/python3.7/site-packages/airflow/example_dags/example_branch_datetime_operator.py
[2024-03-05T12:47:52.118+0000] {processor.py:753} INFO - DAG(s) dict_keys(['example_branch_datetime_operator_3', 'example_branch_datetime_operator_2', 'example_branch_datetime_operator']) retrieved from /home/airflow/.local/lib/python3.7/site-packages/airflow/example_dags/example_branch_datetime_operator.py
[2024-03-05T12:47:52.137+0000] {logging_mixin.py:137} INFO - [2024-03-05T12:47:52.137+0000] {dag.py:2690} INFO - Sync 3 DAGs
[2024-03-05T12:47:52.157+0000] {logging_mixin.py:137} INFO - [2024-03-05T12:47:52.157+0000] {dag.py:3441} INFO - Setting next_dagrun for example_branch_datetime_operator to 2024-03-04T00:00:00+00:00, run_after=2024-03-05T00:00:00+00:00
[2024-03-05T12:47:52.161+0000] {logging_mixin.py:137} INFO - [2024-03-05T12:47:52.161+0000] {dag.py:3441} INFO - Setting next_dagrun for example_branch_datetime_operator_2 to 2024-03-04T00:00:00+00:00, run_after=2024-03-05T00:00:00+00:00
[2024-03-05T12:47:52.164+0000] {logging_mixin.py:137} INFO - [2024-03-05T12:47:52.164+0000] {dag.py:3441} INFO - Setting next_dagrun for example_branch_datetime_operator_3 to 2024-03-04T00:00:00+00:00, run_after=2024-03-05T00:00:00+00:00
[2024-03-05T12:47:52.175+0000] {processor.py:175} INFO - Processing /home/airflow/.local/lib/python3.7/site-packages/airflow/example_dags/example_branch_datetime_operator.py took 0.071 seconds
