[2024-03-05T12:19:23.936+0000] {processor.py:153} INFO - Started process (PID=64) to work on /home/airflow/.local/lib/python3.7/site-packages/airflow/example_dags/example_dag_decorator.py
[2024-03-05T12:19:23.937+0000] {processor.py:743} INFO - Processing file /home/airflow/.local/lib/python3.7/site-packages/airflow/example_dags/example_dag_decorator.py for tasks to queue
[2024-03-05T12:19:23.937+0000] {logging_mixin.py:137} INFO - [2024-03-05T12:19:23.937+0000] {dagbag.py:538} INFO - Filling up the DagBag from /home/airflow/.local/lib/python3.7/site-packages/airflow/example_dags/example_dag_decorator.py
[2024-03-05T12:19:23.948+0000] {logging_mixin.py:137} INFO - [2024-03-05T12:19:23.948+0000] {taskmixin.py:205} WARNING - Dependency <Task(_PythonDecoratedOperator): prepare_email>, send_email already registered for DAG: example_dag_decorator
[2024-03-05T12:19:23.948+0000] {logging_mixin.py:137} INFO - [2024-03-05T12:19:23.948+0000] {taskmixin.py:205} WARNING - Dependency <Task(EmailOperator): send_email>, prepare_email already registered for DAG: example_dag_decorator
[2024-03-05T12:19:23.956+0000] {processor.py:753} INFO - DAG(s) dict_keys(['example_dag_decorator']) retrieved from /home/airflow/.local/lib/python3.7/site-packages/airflow/example_dags/example_dag_decorator.py
[2024-03-05T12:19:24.001+0000] {logging_mixin.py:137} INFO - [2024-03-05T12:19:24.000+0000] {dag.py:2690} INFO - Sync 1 DAGs
[2024-03-05T12:19:24.014+0000] {logging_mixin.py:137} INFO - [2024-03-05T12:19:24.014+0000] {dag.py:3441} INFO - Setting next_dagrun for example_dag_decorator to None, run_after=None
[2024-03-05T12:19:24.026+0000] {processor.py:175} INFO - Processing /home/airflow/.local/lib/python3.7/site-packages/airflow/example_dags/example_dag_decorator.py took 0.092 seconds
[2024-03-05T12:19:54.505+0000] {processor.py:153} INFO - Started process (PID=166) to work on /home/airflow/.local/lib/python3.7/site-packages/airflow/example_dags/example_dag_decorator.py
[2024-03-05T12:19:54.506+0000] {processor.py:743} INFO - Processing file /home/airflow/.local/lib/python3.7/site-packages/airflow/example_dags/example_dag_decorator.py for tasks to queue
[2024-03-05T12:19:54.506+0000] {logging_mixin.py:137} INFO - [2024-03-05T12:19:54.506+0000] {dagbag.py:538} INFO - Filling up the DagBag from /home/airflow/.local/lib/python3.7/site-packages/airflow/example_dags/example_dag_decorator.py
[2024-03-05T12:19:54.513+0000] {logging_mixin.py:137} INFO - [2024-03-05T12:19:54.513+0000] {taskmixin.py:205} WARNING - Dependency <Task(_PythonDecoratedOperator): prepare_email>, send_email already registered for DAG: example_dag_decorator
[2024-03-05T12:19:54.514+0000] {logging_mixin.py:137} INFO - [2024-03-05T12:19:54.514+0000] {taskmixin.py:205} WARNING - Dependency <Task(EmailOperator): send_email>, prepare_email already registered for DAG: example_dag_decorator
[2024-03-05T12:19:54.520+0000] {processor.py:753} INFO - DAG(s) dict_keys(['example_dag_decorator']) retrieved from /home/airflow/.local/lib/python3.7/site-packages/airflow/example_dags/example_dag_decorator.py
[2024-03-05T12:19:54.532+0000] {logging_mixin.py:137} INFO - [2024-03-05T12:19:54.532+0000] {dag.py:2690} INFO - Sync 1 DAGs
[2024-03-05T12:19:54.544+0000] {logging_mixin.py:137} INFO - [2024-03-05T12:19:54.544+0000] {dag.py:3441} INFO - Setting next_dagrun for example_dag_decorator to None, run_after=None
[2024-03-05T12:19:54.551+0000] {processor.py:175} INFO - Processing /home/airflow/.local/lib/python3.7/site-packages/airflow/example_dags/example_dag_decorator.py took 0.048 seconds
[2024-03-05T12:42:16.129+0000] {processor.py:153} INFO - Started process (PID=64) to work on /home/airflow/.local/lib/python3.7/site-packages/airflow/example_dags/example_dag_decorator.py
[2024-03-05T12:42:16.131+0000] {processor.py:743} INFO - Processing file /home/airflow/.local/lib/python3.7/site-packages/airflow/example_dags/example_dag_decorator.py for tasks to queue
[2024-03-05T12:42:16.132+0000] {logging_mixin.py:137} INFO - [2024-03-05T12:42:16.132+0000] {dagbag.py:538} INFO - Filling up the DagBag from /home/airflow/.local/lib/python3.7/site-packages/airflow/example_dags/example_dag_decorator.py
[2024-03-05T12:42:16.147+0000] {logging_mixin.py:137} INFO - [2024-03-05T12:42:16.147+0000] {taskmixin.py:205} WARNING - Dependency <Task(_PythonDecoratedOperator): prepare_email>, send_email already registered for DAG: example_dag_decorator
[2024-03-05T12:42:16.148+0000] {logging_mixin.py:137} INFO - [2024-03-05T12:42:16.147+0000] {taskmixin.py:205} WARNING - Dependency <Task(EmailOperator): send_email>, prepare_email already registered for DAG: example_dag_decorator
[2024-03-05T12:42:16.157+0000] {processor.py:753} INFO - DAG(s) dict_keys(['example_dag_decorator']) retrieved from /home/airflow/.local/lib/python3.7/site-packages/airflow/example_dags/example_dag_decorator.py
[2024-03-05T12:42:16.168+0000] {logging_mixin.py:137} INFO - [2024-03-05T12:42:16.168+0000] {dag.py:2690} INFO - Sync 1 DAGs
[2024-03-05T12:42:16.199+0000] {logging_mixin.py:137} INFO - [2024-03-05T12:42:16.199+0000] {dag.py:3441} INFO - Setting next_dagrun for example_dag_decorator to None, run_after=None
[2024-03-05T12:42:16.231+0000] {processor.py:175} INFO - Processing /home/airflow/.local/lib/python3.7/site-packages/airflow/example_dags/example_dag_decorator.py took 0.103 seconds
[2024-03-05T12:42:46.362+0000] {processor.py:153} INFO - Started process (PID=158) to work on /home/airflow/.local/lib/python3.7/site-packages/airflow/example_dags/example_dag_decorator.py
[2024-03-05T12:42:46.363+0000] {processor.py:743} INFO - Processing file /home/airflow/.local/lib/python3.7/site-packages/airflow/example_dags/example_dag_decorator.py for tasks to queue
[2024-03-05T12:42:46.364+0000] {logging_mixin.py:137} INFO - [2024-03-05T12:42:46.364+0000] {dagbag.py:538} INFO - Filling up the DagBag from /home/airflow/.local/lib/python3.7/site-packages/airflow/example_dags/example_dag_decorator.py
[2024-03-05T12:42:46.375+0000] {logging_mixin.py:137} INFO - [2024-03-05T12:42:46.375+0000] {taskmixin.py:205} WARNING - Dependency <Task(_PythonDecoratedOperator): prepare_email>, send_email already registered for DAG: example_dag_decorator
[2024-03-05T12:42:46.375+0000] {logging_mixin.py:137} INFO - [2024-03-05T12:42:46.375+0000] {taskmixin.py:205} WARNING - Dependency <Task(EmailOperator): send_email>, prepare_email already registered for DAG: example_dag_decorator
[2024-03-05T12:42:46.388+0000] {processor.py:753} INFO - DAG(s) dict_keys(['example_dag_decorator']) retrieved from /home/airflow/.local/lib/python3.7/site-packages/airflow/example_dags/example_dag_decorator.py
[2024-03-05T12:42:46.423+0000] {logging_mixin.py:137} INFO - [2024-03-05T12:42:46.423+0000] {dag.py:2690} INFO - Sync 1 DAGs
[2024-03-05T12:42:46.435+0000] {logging_mixin.py:137} INFO - [2024-03-05T12:42:46.435+0000] {dag.py:3441} INFO - Setting next_dagrun for example_dag_decorator to None, run_after=None
[2024-03-05T12:42:46.446+0000] {processor.py:175} INFO - Processing /home/airflow/.local/lib/python3.7/site-packages/airflow/example_dags/example_dag_decorator.py took 0.085 seconds
[2024-03-05T12:43:17.062+0000] {processor.py:153} INFO - Started process (PID=234) to work on /home/airflow/.local/lib/python3.7/site-packages/airflow/example_dags/example_dag_decorator.py
[2024-03-05T12:43:17.063+0000] {processor.py:743} INFO - Processing file /home/airflow/.local/lib/python3.7/site-packages/airflow/example_dags/example_dag_decorator.py for tasks to queue
[2024-03-05T12:43:17.063+0000] {logging_mixin.py:137} INFO - [2024-03-05T12:43:17.063+0000] {dagbag.py:538} INFO - Filling up the DagBag from /home/airflow/.local/lib/python3.7/site-packages/airflow/example_dags/example_dag_decorator.py
[2024-03-05T12:43:17.071+0000] {logging_mixin.py:137} INFO - [2024-03-05T12:43:17.071+0000] {taskmixin.py:205} WARNING - Dependency <Task(_PythonDecoratedOperator): prepare_email>, send_email already registered for DAG: example_dag_decorator
[2024-03-05T12:43:17.072+0000] {logging_mixin.py:137} INFO - [2024-03-05T12:43:17.071+0000] {taskmixin.py:205} WARNING - Dependency <Task(EmailOperator): send_email>, prepare_email already registered for DAG: example_dag_decorator
[2024-03-05T12:43:17.078+0000] {processor.py:753} INFO - DAG(s) dict_keys(['example_dag_decorator']) retrieved from /home/airflow/.local/lib/python3.7/site-packages/airflow/example_dags/example_dag_decorator.py
[2024-03-05T12:43:17.113+0000] {logging_mixin.py:137} INFO - [2024-03-05T12:43:17.113+0000] {dag.py:2690} INFO - Sync 1 DAGs
[2024-03-05T12:43:17.124+0000] {logging_mixin.py:137} INFO - [2024-03-05T12:43:17.124+0000] {dag.py:3441} INFO - Setting next_dagrun for example_dag_decorator to None, run_after=None
[2024-03-05T12:43:17.134+0000] {processor.py:175} INFO - Processing /home/airflow/.local/lib/python3.7/site-packages/airflow/example_dags/example_dag_decorator.py took 0.074 seconds
[2024-03-05T12:43:47.870+0000] {processor.py:153} INFO - Started process (PID=328) to work on /home/airflow/.local/lib/python3.7/site-packages/airflow/example_dags/example_dag_decorator.py
[2024-03-05T12:43:47.871+0000] {processor.py:743} INFO - Processing file /home/airflow/.local/lib/python3.7/site-packages/airflow/example_dags/example_dag_decorator.py for tasks to queue
[2024-03-05T12:43:47.871+0000] {logging_mixin.py:137} INFO - [2024-03-05T12:43:47.871+0000] {dagbag.py:538} INFO - Filling up the DagBag from /home/airflow/.local/lib/python3.7/site-packages/airflow/example_dags/example_dag_decorator.py
[2024-03-05T12:43:47.882+0000] {logging_mixin.py:137} INFO - [2024-03-05T12:43:47.882+0000] {taskmixin.py:205} WARNING - Dependency <Task(_PythonDecoratedOperator): prepare_email>, send_email already registered for DAG: example_dag_decorator
[2024-03-05T12:43:47.882+0000] {logging_mixin.py:137} INFO - [2024-03-05T12:43:47.882+0000] {taskmixin.py:205} WARNING - Dependency <Task(EmailOperator): send_email>, prepare_email already registered for DAG: example_dag_decorator
[2024-03-05T12:43:47.889+0000] {processor.py:753} INFO - DAG(s) dict_keys(['example_dag_decorator']) retrieved from /home/airflow/.local/lib/python3.7/site-packages/airflow/example_dags/example_dag_decorator.py
[2024-03-05T12:43:47.925+0000] {logging_mixin.py:137} INFO - [2024-03-05T12:43:47.925+0000] {dag.py:2690} INFO - Sync 1 DAGs
[2024-03-05T12:43:47.937+0000] {logging_mixin.py:137} INFO - [2024-03-05T12:43:47.937+0000] {dag.py:3441} INFO - Setting next_dagrun for example_dag_decorator to None, run_after=None
[2024-03-05T12:43:47.949+0000] {processor.py:175} INFO - Processing /home/airflow/.local/lib/python3.7/site-packages/airflow/example_dags/example_dag_decorator.py took 0.081 seconds
[2024-03-05T12:44:18.388+0000] {processor.py:153} INFO - Started process (PID=421) to work on /home/airflow/.local/lib/python3.7/site-packages/airflow/example_dags/example_dag_decorator.py
[2024-03-05T12:44:18.389+0000] {processor.py:743} INFO - Processing file /home/airflow/.local/lib/python3.7/site-packages/airflow/example_dags/example_dag_decorator.py for tasks to queue
[2024-03-05T12:44:18.389+0000] {logging_mixin.py:137} INFO - [2024-03-05T12:44:18.389+0000] {dagbag.py:538} INFO - Filling up the DagBag from /home/airflow/.local/lib/python3.7/site-packages/airflow/example_dags/example_dag_decorator.py
[2024-03-05T12:44:18.398+0000] {logging_mixin.py:137} INFO - [2024-03-05T12:44:18.398+0000] {taskmixin.py:205} WARNING - Dependency <Task(_PythonDecoratedOperator): prepare_email>, send_email already registered for DAG: example_dag_decorator
[2024-03-05T12:44:18.398+0000] {logging_mixin.py:137} INFO - [2024-03-05T12:44:18.398+0000] {taskmixin.py:205} WARNING - Dependency <Task(EmailOperator): send_email>, prepare_email already registered for DAG: example_dag_decorator
[2024-03-05T12:44:18.404+0000] {processor.py:753} INFO - DAG(s) dict_keys(['example_dag_decorator']) retrieved from /home/airflow/.local/lib/python3.7/site-packages/airflow/example_dags/example_dag_decorator.py
[2024-03-05T12:44:18.434+0000] {logging_mixin.py:137} INFO - [2024-03-05T12:44:18.434+0000] {dag.py:2690} INFO - Sync 1 DAGs
[2024-03-05T12:44:18.444+0000] {logging_mixin.py:137} INFO - [2024-03-05T12:44:18.444+0000] {dag.py:3441} INFO - Setting next_dagrun for example_dag_decorator to None, run_after=None
[2024-03-05T12:44:18.454+0000] {processor.py:175} INFO - Processing /home/airflow/.local/lib/python3.7/site-packages/airflow/example_dags/example_dag_decorator.py took 0.067 seconds
[2024-03-05T12:44:49.026+0000] {processor.py:153} INFO - Started process (PID=515) to work on /home/airflow/.local/lib/python3.7/site-packages/airflow/example_dags/example_dag_decorator.py
[2024-03-05T12:44:49.026+0000] {processor.py:743} INFO - Processing file /home/airflow/.local/lib/python3.7/site-packages/airflow/example_dags/example_dag_decorator.py for tasks to queue
[2024-03-05T12:44:49.027+0000] {logging_mixin.py:137} INFO - [2024-03-05T12:44:49.027+0000] {dagbag.py:538} INFO - Filling up the DagBag from /home/airflow/.local/lib/python3.7/site-packages/airflow/example_dags/example_dag_decorator.py
[2024-03-05T12:44:49.037+0000] {logging_mixin.py:137} INFO - [2024-03-05T12:44:49.037+0000] {taskmixin.py:205} WARNING - Dependency <Task(_PythonDecoratedOperator): prepare_email>, send_email already registered for DAG: example_dag_decorator
[2024-03-05T12:44:49.037+0000] {logging_mixin.py:137} INFO - [2024-03-05T12:44:49.037+0000] {taskmixin.py:205} WARNING - Dependency <Task(EmailOperator): send_email>, prepare_email already registered for DAG: example_dag_decorator
[2024-03-05T12:44:49.044+0000] {processor.py:753} INFO - DAG(s) dict_keys(['example_dag_decorator']) retrieved from /home/airflow/.local/lib/python3.7/site-packages/airflow/example_dags/example_dag_decorator.py
[2024-03-05T12:44:49.079+0000] {logging_mixin.py:137} INFO - [2024-03-05T12:44:49.079+0000] {dag.py:2690} INFO - Sync 1 DAGs
[2024-03-05T12:44:49.091+0000] {logging_mixin.py:137} INFO - [2024-03-05T12:44:49.090+0000] {dag.py:3441} INFO - Setting next_dagrun for example_dag_decorator to None, run_after=None
[2024-03-05T12:44:49.099+0000] {processor.py:175} INFO - Processing /home/airflow/.local/lib/python3.7/site-packages/airflow/example_dags/example_dag_decorator.py took 0.075 seconds
[2024-03-05T12:45:19.519+0000] {processor.py:153} INFO - Started process (PID=591) to work on /home/airflow/.local/lib/python3.7/site-packages/airflow/example_dags/example_dag_decorator.py
[2024-03-05T12:45:19.519+0000] {processor.py:743} INFO - Processing file /home/airflow/.local/lib/python3.7/site-packages/airflow/example_dags/example_dag_decorator.py for tasks to queue
[2024-03-05T12:45:19.520+0000] {logging_mixin.py:137} INFO - [2024-03-05T12:45:19.520+0000] {dagbag.py:538} INFO - Filling up the DagBag from /home/airflow/.local/lib/python3.7/site-packages/airflow/example_dags/example_dag_decorator.py
[2024-03-05T12:45:19.529+0000] {logging_mixin.py:137} INFO - [2024-03-05T12:45:19.529+0000] {taskmixin.py:205} WARNING - Dependency <Task(_PythonDecoratedOperator): prepare_email>, send_email already registered for DAG: example_dag_decorator
[2024-03-05T12:45:19.530+0000] {logging_mixin.py:137} INFO - [2024-03-05T12:45:19.530+0000] {taskmixin.py:205} WARNING - Dependency <Task(EmailOperator): send_email>, prepare_email already registered for DAG: example_dag_decorator
[2024-03-05T12:45:19.537+0000] {processor.py:753} INFO - DAG(s) dict_keys(['example_dag_decorator']) retrieved from /home/airflow/.local/lib/python3.7/site-packages/airflow/example_dags/example_dag_decorator.py
[2024-03-05T12:45:19.572+0000] {logging_mixin.py:137} INFO - [2024-03-05T12:45:19.572+0000] {dag.py:2690} INFO - Sync 1 DAGs
[2024-03-05T12:45:19.585+0000] {logging_mixin.py:137} INFO - [2024-03-05T12:45:19.585+0000] {dag.py:3441} INFO - Setting next_dagrun for example_dag_decorator to None, run_after=None
[2024-03-05T12:45:19.595+0000] {processor.py:175} INFO - Processing /home/airflow/.local/lib/python3.7/site-packages/airflow/example_dags/example_dag_decorator.py took 0.078 seconds
[2024-03-05T12:45:50.064+0000] {processor.py:153} INFO - Started process (PID=685) to work on /home/airflow/.local/lib/python3.7/site-packages/airflow/example_dags/example_dag_decorator.py
[2024-03-05T12:45:50.065+0000] {processor.py:743} INFO - Processing file /home/airflow/.local/lib/python3.7/site-packages/airflow/example_dags/example_dag_decorator.py for tasks to queue
[2024-03-05T12:45:50.065+0000] {logging_mixin.py:137} INFO - [2024-03-05T12:45:50.065+0000] {dagbag.py:538} INFO - Filling up the DagBag from /home/airflow/.local/lib/python3.7/site-packages/airflow/example_dags/example_dag_decorator.py
[2024-03-05T12:45:50.074+0000] {logging_mixin.py:137} INFO - [2024-03-05T12:45:50.074+0000] {taskmixin.py:205} WARNING - Dependency <Task(_PythonDecoratedOperator): prepare_email>, send_email already registered for DAG: example_dag_decorator
[2024-03-05T12:45:50.076+0000] {logging_mixin.py:137} INFO - [2024-03-05T12:45:50.076+0000] {taskmixin.py:205} WARNING - Dependency <Task(EmailOperator): send_email>, prepare_email already registered for DAG: example_dag_decorator
[2024-03-05T12:45:50.083+0000] {processor.py:753} INFO - DAG(s) dict_keys(['example_dag_decorator']) retrieved from /home/airflow/.local/lib/python3.7/site-packages/airflow/example_dags/example_dag_decorator.py
[2024-03-05T12:45:50.116+0000] {logging_mixin.py:137} INFO - [2024-03-05T12:45:50.116+0000] {dag.py:2690} INFO - Sync 1 DAGs
[2024-03-05T12:45:50.126+0000] {logging_mixin.py:137} INFO - [2024-03-05T12:45:50.126+0000] {dag.py:3441} INFO - Setting next_dagrun for example_dag_decorator to None, run_after=None
[2024-03-05T12:45:50.136+0000] {processor.py:175} INFO - Processing /home/airflow/.local/lib/python3.7/site-packages/airflow/example_dags/example_dag_decorator.py took 0.074 seconds
[2024-03-05T12:46:20.838+0000] {processor.py:153} INFO - Started process (PID=779) to work on /home/airflow/.local/lib/python3.7/site-packages/airflow/example_dags/example_dag_decorator.py
[2024-03-05T12:46:20.839+0000] {processor.py:743} INFO - Processing file /home/airflow/.local/lib/python3.7/site-packages/airflow/example_dags/example_dag_decorator.py for tasks to queue
[2024-03-05T12:46:20.839+0000] {logging_mixin.py:137} INFO - [2024-03-05T12:46:20.839+0000] {dagbag.py:538} INFO - Filling up the DagBag from /home/airflow/.local/lib/python3.7/site-packages/airflow/example_dags/example_dag_decorator.py
[2024-03-05T12:46:20.849+0000] {logging_mixin.py:137} INFO - [2024-03-05T12:46:20.849+0000] {taskmixin.py:205} WARNING - Dependency <Task(_PythonDecoratedOperator): prepare_email>, send_email already registered for DAG: example_dag_decorator
[2024-03-05T12:46:20.849+0000] {logging_mixin.py:137} INFO - [2024-03-05T12:46:20.849+0000] {taskmixin.py:205} WARNING - Dependency <Task(EmailOperator): send_email>, prepare_email already registered for DAG: example_dag_decorator
[2024-03-05T12:46:20.855+0000] {processor.py:753} INFO - DAG(s) dict_keys(['example_dag_decorator']) retrieved from /home/airflow/.local/lib/python3.7/site-packages/airflow/example_dags/example_dag_decorator.py
[2024-03-05T12:46:20.891+0000] {logging_mixin.py:137} INFO - [2024-03-05T12:46:20.891+0000] {dag.py:2690} INFO - Sync 1 DAGs
[2024-03-05T12:46:20.902+0000] {logging_mixin.py:137} INFO - [2024-03-05T12:46:20.902+0000] {dag.py:3441} INFO - Setting next_dagrun for example_dag_decorator to None, run_after=None
[2024-03-05T12:46:20.913+0000] {processor.py:175} INFO - Processing /home/airflow/.local/lib/python3.7/site-packages/airflow/example_dags/example_dag_decorator.py took 0.076 seconds
[2024-03-05T12:46:51.441+0000] {processor.py:153} INFO - Started process (PID=855) to work on /home/airflow/.local/lib/python3.7/site-packages/airflow/example_dags/example_dag_decorator.py
[2024-03-05T12:46:51.442+0000] {processor.py:743} INFO - Processing file /home/airflow/.local/lib/python3.7/site-packages/airflow/example_dags/example_dag_decorator.py for tasks to queue
[2024-03-05T12:46:51.442+0000] {logging_mixin.py:137} INFO - [2024-03-05T12:46:51.442+0000] {dagbag.py:538} INFO - Filling up the DagBag from /home/airflow/.local/lib/python3.7/site-packages/airflow/example_dags/example_dag_decorator.py
[2024-03-05T12:46:51.450+0000] {logging_mixin.py:137} INFO - [2024-03-05T12:46:51.450+0000] {taskmixin.py:205} WARNING - Dependency <Task(_PythonDecoratedOperator): prepare_email>, send_email already registered for DAG: example_dag_decorator
[2024-03-05T12:46:51.451+0000] {logging_mixin.py:137} INFO - [2024-03-05T12:46:51.451+0000] {taskmixin.py:205} WARNING - Dependency <Task(EmailOperator): send_email>, prepare_email already registered for DAG: example_dag_decorator
[2024-03-05T12:46:51.457+0000] {processor.py:753} INFO - DAG(s) dict_keys(['example_dag_decorator']) retrieved from /home/airflow/.local/lib/python3.7/site-packages/airflow/example_dags/example_dag_decorator.py
[2024-03-05T12:46:51.490+0000] {logging_mixin.py:137} INFO - [2024-03-05T12:46:51.490+0000] {dag.py:2690} INFO - Sync 1 DAGs
[2024-03-05T12:46:51.501+0000] {logging_mixin.py:137} INFO - [2024-03-05T12:46:51.501+0000] {dag.py:3441} INFO - Setting next_dagrun for example_dag_decorator to None, run_after=None
[2024-03-05T12:46:51.512+0000] {processor.py:175} INFO - Processing /home/airflow/.local/lib/python3.7/site-packages/airflow/example_dags/example_dag_decorator.py took 0.072 seconds
[2024-03-05T12:47:21.982+0000] {processor.py:153} INFO - Started process (PID=949) to work on /home/airflow/.local/lib/python3.7/site-packages/airflow/example_dags/example_dag_decorator.py
[2024-03-05T12:47:21.983+0000] {processor.py:743} INFO - Processing file /home/airflow/.local/lib/python3.7/site-packages/airflow/example_dags/example_dag_decorator.py for tasks to queue
[2024-03-05T12:47:21.983+0000] {logging_mixin.py:137} INFO - [2024-03-05T12:47:21.983+0000] {dagbag.py:538} INFO - Filling up the DagBag from /home/airflow/.local/lib/python3.7/site-packages/airflow/example_dags/example_dag_decorator.py
[2024-03-05T12:47:21.991+0000] {logging_mixin.py:137} INFO - [2024-03-05T12:47:21.991+0000] {taskmixin.py:205} WARNING - Dependency <Task(_PythonDecoratedOperator): prepare_email>, send_email already registered for DAG: example_dag_decorator
[2024-03-05T12:47:21.992+0000] {logging_mixin.py:137} INFO - [2024-03-05T12:47:21.992+0000] {taskmixin.py:205} WARNING - Dependency <Task(EmailOperator): send_email>, prepare_email already registered for DAG: example_dag_decorator
[2024-03-05T12:47:21.997+0000] {processor.py:753} INFO - DAG(s) dict_keys(['example_dag_decorator']) retrieved from /home/airflow/.local/lib/python3.7/site-packages/airflow/example_dags/example_dag_decorator.py
[2024-03-05T12:47:22.028+0000] {logging_mixin.py:137} INFO - [2024-03-05T12:47:22.028+0000] {dag.py:2690} INFO - Sync 1 DAGs
[2024-03-05T12:47:22.038+0000] {logging_mixin.py:137} INFO - [2024-03-05T12:47:22.038+0000] {dag.py:3441} INFO - Setting next_dagrun for example_dag_decorator to None, run_after=None
[2024-03-05T12:47:22.047+0000] {processor.py:175} INFO - Processing /home/airflow/.local/lib/python3.7/site-packages/airflow/example_dags/example_dag_decorator.py took 0.067 seconds
[2024-03-05T12:47:52.739+0000] {processor.py:153} INFO - Started process (PID=1043) to work on /home/airflow/.local/lib/python3.7/site-packages/airflow/example_dags/example_dag_decorator.py
[2024-03-05T12:47:52.740+0000] {processor.py:743} INFO - Processing file /home/airflow/.local/lib/python3.7/site-packages/airflow/example_dags/example_dag_decorator.py for tasks to queue
[2024-03-05T12:47:52.740+0000] {logging_mixin.py:137} INFO - [2024-03-05T12:47:52.740+0000] {dagbag.py:538} INFO - Filling up the DagBag from /home/airflow/.local/lib/python3.7/site-packages/airflow/example_dags/example_dag_decorator.py
[2024-03-05T12:47:52.749+0000] {logging_mixin.py:137} INFO - [2024-03-05T12:47:52.749+0000] {taskmixin.py:205} WARNING - Dependency <Task(_PythonDecoratedOperator): prepare_email>, send_email already registered for DAG: example_dag_decorator
[2024-03-05T12:47:52.753+0000] {logging_mixin.py:137} INFO - [2024-03-05T12:47:52.752+0000] {taskmixin.py:205} WARNING - Dependency <Task(EmailOperator): send_email>, prepare_email already registered for DAG: example_dag_decorator
[2024-03-05T12:47:52.760+0000] {processor.py:753} INFO - DAG(s) dict_keys(['example_dag_decorator']) retrieved from /home/airflow/.local/lib/python3.7/site-packages/airflow/example_dags/example_dag_decorator.py
[2024-03-05T12:47:52.881+0000] {logging_mixin.py:137} INFO - [2024-03-05T12:47:52.881+0000] {dag.py:2690} INFO - Sync 1 DAGs
[2024-03-05T12:47:52.916+0000] {logging_mixin.py:137} INFO - [2024-03-05T12:47:52.915+0000] {dag.py:3441} INFO - Setting next_dagrun for example_dag_decorator to None, run_after=None
[2024-03-05T12:47:52.974+0000] {processor.py:175} INFO - Processing /home/airflow/.local/lib/python3.7/site-packages/airflow/example_dags/example_dag_decorator.py took 0.237 seconds
