[2024-03-05T12:19:23.902+0000] {processor.py:153} INFO - Started process (PID=63) to work on /home/airflow/.local/lib/python3.7/site-packages/airflow/example_dags/example_xcomargs.py
[2024-03-05T12:19:23.903+0000] {processor.py:743} INFO - Processing file /home/airflow/.local/lib/python3.7/site-packages/airflow/example_dags/example_xcomargs.py for tasks to queue
[2024-03-05T12:19:23.904+0000] {logging_mixin.py:137} INFO - [2024-03-05T12:19:23.904+0000] {dagbag.py:538} INFO - Filling up the DagBag from /home/airflow/.local/lib/python3.7/site-packages/airflow/example_dags/example_xcomargs.py
[2024-03-05T12:19:23.923+0000] {processor.py:753} INFO - DAG(s) dict_keys(['example_xcom_args', 'example_xcom_args_with_operators']) retrieved from /home/airflow/.local/lib/python3.7/site-packages/airflow/example_dags/example_xcomargs.py
[2024-03-05T12:19:23.938+0000] {logging_mixin.py:137} INFO - [2024-03-05T12:19:23.938+0000] {dag.py:2690} INFO - Sync 2 DAGs
[2024-03-05T12:19:23.954+0000] {logging_mixin.py:137} INFO - [2024-03-05T12:19:23.954+0000] {dag.py:3441} INFO - Setting next_dagrun for example_xcom_args to None, run_after=None
[2024-03-05T12:19:23.956+0000] {logging_mixin.py:137} INFO - [2024-03-05T12:19:23.956+0000] {dag.py:3441} INFO - Setting next_dagrun for example_xcom_args_with_operators to None, run_after=None
[2024-03-05T12:19:23.967+0000] {processor.py:175} INFO - Processing /home/airflow/.local/lib/python3.7/site-packages/airflow/example_dags/example_xcomargs.py took 0.070 seconds
[2024-03-05T12:19:54.483+0000] {processor.py:153} INFO - Started process (PID=165) to work on /home/airflow/.local/lib/python3.7/site-packages/airflow/example_dags/example_xcomargs.py
[2024-03-05T12:19:54.484+0000] {processor.py:743} INFO - Processing file /home/airflow/.local/lib/python3.7/site-packages/airflow/example_dags/example_xcomargs.py for tasks to queue
[2024-03-05T12:19:54.484+0000] {logging_mixin.py:137} INFO - [2024-03-05T12:19:54.484+0000] {dagbag.py:538} INFO - Filling up the DagBag from /home/airflow/.local/lib/python3.7/site-packages/airflow/example_dags/example_xcomargs.py
[2024-03-05T12:19:54.495+0000] {processor.py:753} INFO - DAG(s) dict_keys(['example_xcom_args', 'example_xcom_args_with_operators']) retrieved from /home/airflow/.local/lib/python3.7/site-packages/airflow/example_dags/example_xcomargs.py
[2024-03-05T12:19:54.508+0000] {logging_mixin.py:137} INFO - [2024-03-05T12:19:54.508+0000] {dag.py:2690} INFO - Sync 2 DAGs
[2024-03-05T12:19:54.519+0000] {logging_mixin.py:137} INFO - [2024-03-05T12:19:54.519+0000] {dag.py:3441} INFO - Setting next_dagrun for example_xcom_args to None, run_after=None
[2024-03-05T12:19:54.520+0000] {logging_mixin.py:137} INFO - [2024-03-05T12:19:54.520+0000] {dag.py:3441} INFO - Setting next_dagrun for example_xcom_args_with_operators to None, run_after=None
[2024-03-05T12:19:54.527+0000] {processor.py:175} INFO - Processing /home/airflow/.local/lib/python3.7/site-packages/airflow/example_dags/example_xcomargs.py took 0.046 seconds
[2024-03-05T12:42:16.086+0000] {processor.py:153} INFO - Started process (PID=63) to work on /home/airflow/.local/lib/python3.7/site-packages/airflow/example_dags/example_xcomargs.py
[2024-03-05T12:42:16.087+0000] {processor.py:743} INFO - Processing file /home/airflow/.local/lib/python3.7/site-packages/airflow/example_dags/example_xcomargs.py for tasks to queue
[2024-03-05T12:42:16.087+0000] {logging_mixin.py:137} INFO - [2024-03-05T12:42:16.087+0000] {dagbag.py:538} INFO - Filling up the DagBag from /home/airflow/.local/lib/python3.7/site-packages/airflow/example_dags/example_xcomargs.py
[2024-03-05T12:42:16.101+0000] {processor.py:753} INFO - DAG(s) dict_keys(['example_xcom_args', 'example_xcom_args_with_operators']) retrieved from /home/airflow/.local/lib/python3.7/site-packages/airflow/example_dags/example_xcomargs.py
[2024-03-05T12:42:16.115+0000] {logging_mixin.py:137} INFO - [2024-03-05T12:42:16.115+0000] {dag.py:2690} INFO - Sync 2 DAGs
[2024-03-05T12:42:16.131+0000] {logging_mixin.py:137} INFO - [2024-03-05T12:42:16.131+0000] {dag.py:3441} INFO - Setting next_dagrun for example_xcom_args to None, run_after=None
[2024-03-05T12:42:16.134+0000] {logging_mixin.py:137} INFO - [2024-03-05T12:42:16.134+0000] {dag.py:3441} INFO - Setting next_dagrun for example_xcom_args_with_operators to None, run_after=None
[2024-03-05T12:42:16.149+0000] {processor.py:175} INFO - Processing /home/airflow/.local/lib/python3.7/site-packages/airflow/example_dags/example_xcomargs.py took 0.066 seconds
[2024-03-05T12:42:46.270+0000] {processor.py:153} INFO - Started process (PID=157) to work on /home/airflow/.local/lib/python3.7/site-packages/airflow/example_dags/example_xcomargs.py
[2024-03-05T12:42:46.270+0000] {processor.py:743} INFO - Processing file /home/airflow/.local/lib/python3.7/site-packages/airflow/example_dags/example_xcomargs.py for tasks to queue
[2024-03-05T12:42:46.271+0000] {logging_mixin.py:137} INFO - [2024-03-05T12:42:46.271+0000] {dagbag.py:538} INFO - Filling up the DagBag from /home/airflow/.local/lib/python3.7/site-packages/airflow/example_dags/example_xcomargs.py
[2024-03-05T12:42:46.299+0000] {processor.py:753} INFO - DAG(s) dict_keys(['example_xcom_args_with_operators', 'example_xcom_args']) retrieved from /home/airflow/.local/lib/python3.7/site-packages/airflow/example_dags/example_xcomargs.py
[2024-03-05T12:42:46.317+0000] {logging_mixin.py:137} INFO - [2024-03-05T12:42:46.316+0000] {dag.py:2690} INFO - Sync 2 DAGs
[2024-03-05T12:42:46.332+0000] {logging_mixin.py:137} INFO - [2024-03-05T12:42:46.331+0000] {dag.py:3441} INFO - Setting next_dagrun for example_xcom_args to None, run_after=None
[2024-03-05T12:42:46.334+0000] {logging_mixin.py:137} INFO - [2024-03-05T12:42:46.334+0000] {dag.py:3441} INFO - Setting next_dagrun for example_xcom_args_with_operators to None, run_after=None
[2024-03-05T12:42:46.345+0000] {processor.py:175} INFO - Processing /home/airflow/.local/lib/python3.7/site-packages/airflow/example_dags/example_xcomargs.py took 0.078 seconds
[2024-03-05T12:43:17.034+0000] {processor.py:153} INFO - Started process (PID=233) to work on /home/airflow/.local/lib/python3.7/site-packages/airflow/example_dags/example_xcomargs.py
[2024-03-05T12:43:17.035+0000] {processor.py:743} INFO - Processing file /home/airflow/.local/lib/python3.7/site-packages/airflow/example_dags/example_xcomargs.py for tasks to queue
[2024-03-05T12:43:17.035+0000] {logging_mixin.py:137} INFO - [2024-03-05T12:43:17.035+0000] {dagbag.py:538} INFO - Filling up the DagBag from /home/airflow/.local/lib/python3.7/site-packages/airflow/example_dags/example_xcomargs.py
[2024-03-05T12:43:17.047+0000] {processor.py:753} INFO - DAG(s) dict_keys(['example_xcom_args_with_operators', 'example_xcom_args']) retrieved from /home/airflow/.local/lib/python3.7/site-packages/airflow/example_dags/example_xcomargs.py
[2024-03-05T12:43:17.061+0000] {logging_mixin.py:137} INFO - [2024-03-05T12:43:17.061+0000] {dag.py:2690} INFO - Sync 2 DAGs
[2024-03-05T12:43:17.074+0000] {logging_mixin.py:137} INFO - [2024-03-05T12:43:17.074+0000] {dag.py:3441} INFO - Setting next_dagrun for example_xcom_args to None, run_after=None
[2024-03-05T12:43:17.077+0000] {logging_mixin.py:137} INFO - [2024-03-05T12:43:17.077+0000] {dag.py:3441} INFO - Setting next_dagrun for example_xcom_args_with_operators to None, run_after=None
[2024-03-05T12:43:17.086+0000] {processor.py:175} INFO - Processing /home/airflow/.local/lib/python3.7/site-packages/airflow/example_dags/example_xcomargs.py took 0.054 seconds
[2024-03-05T12:43:47.835+0000] {processor.py:153} INFO - Started process (PID=327) to work on /home/airflow/.local/lib/python3.7/site-packages/airflow/example_dags/example_xcomargs.py
[2024-03-05T12:43:47.835+0000] {processor.py:743} INFO - Processing file /home/airflow/.local/lib/python3.7/site-packages/airflow/example_dags/example_xcomargs.py for tasks to queue
[2024-03-05T12:43:47.838+0000] {logging_mixin.py:137} INFO - [2024-03-05T12:43:47.838+0000] {dagbag.py:538} INFO - Filling up the DagBag from /home/airflow/.local/lib/python3.7/site-packages/airflow/example_dags/example_xcomargs.py
[2024-03-05T12:43:47.851+0000] {processor.py:753} INFO - DAG(s) dict_keys(['example_xcom_args_with_operators', 'example_xcom_args']) retrieved from /home/airflow/.local/lib/python3.7/site-packages/airflow/example_dags/example_xcomargs.py
[2024-03-05T12:43:47.870+0000] {logging_mixin.py:137} INFO - [2024-03-05T12:43:47.870+0000] {dag.py:2690} INFO - Sync 2 DAGs
[2024-03-05T12:43:47.886+0000] {logging_mixin.py:137} INFO - [2024-03-05T12:43:47.886+0000] {dag.py:3441} INFO - Setting next_dagrun for example_xcom_args to None, run_after=None
[2024-03-05T12:43:47.888+0000] {logging_mixin.py:137} INFO - [2024-03-05T12:43:47.888+0000] {dag.py:3441} INFO - Setting next_dagrun for example_xcom_args_with_operators to None, run_after=None
[2024-03-05T12:43:47.896+0000] {processor.py:175} INFO - Processing /home/airflow/.local/lib/python3.7/site-packages/airflow/example_dags/example_xcomargs.py took 0.064 seconds
[2024-03-05T12:44:18.336+0000] {processor.py:153} INFO - Started process (PID=420) to work on /home/airflow/.local/lib/python3.7/site-packages/airflow/example_dags/example_xcomargs.py
[2024-03-05T12:44:18.336+0000] {processor.py:743} INFO - Processing file /home/airflow/.local/lib/python3.7/site-packages/airflow/example_dags/example_xcomargs.py for tasks to queue
[2024-03-05T12:44:18.337+0000] {logging_mixin.py:137} INFO - [2024-03-05T12:44:18.337+0000] {dagbag.py:538} INFO - Filling up the DagBag from /home/airflow/.local/lib/python3.7/site-packages/airflow/example_dags/example_xcomargs.py
[2024-03-05T12:44:18.350+0000] {processor.py:753} INFO - DAG(s) dict_keys(['example_xcom_args', 'example_xcom_args_with_operators']) retrieved from /home/airflow/.local/lib/python3.7/site-packages/airflow/example_dags/example_xcomargs.py
[2024-03-05T12:44:18.365+0000] {logging_mixin.py:137} INFO - [2024-03-05T12:44:18.365+0000] {dag.py:2690} INFO - Sync 2 DAGs
[2024-03-05T12:44:18.377+0000] {logging_mixin.py:137} INFO - [2024-03-05T12:44:18.377+0000] {dag.py:3441} INFO - Setting next_dagrun for example_xcom_args to None, run_after=None
[2024-03-05T12:44:18.379+0000] {logging_mixin.py:137} INFO - [2024-03-05T12:44:18.379+0000] {dag.py:3441} INFO - Setting next_dagrun for example_xcom_args_with_operators to None, run_after=None
[2024-03-05T12:44:18.386+0000] {processor.py:175} INFO - Processing /home/airflow/.local/lib/python3.7/site-packages/airflow/example_dags/example_xcomargs.py took 0.052 seconds
[2024-03-05T12:44:49.007+0000] {processor.py:153} INFO - Started process (PID=514) to work on /home/airflow/.local/lib/python3.7/site-packages/airflow/example_dags/example_xcomargs.py
[2024-03-05T12:44:49.008+0000] {processor.py:743} INFO - Processing file /home/airflow/.local/lib/python3.7/site-packages/airflow/example_dags/example_xcomargs.py for tasks to queue
[2024-03-05T12:44:49.008+0000] {logging_mixin.py:137} INFO - [2024-03-05T12:44:49.008+0000] {dagbag.py:538} INFO - Filling up the DagBag from /home/airflow/.local/lib/python3.7/site-packages/airflow/example_dags/example_xcomargs.py
[2024-03-05T12:44:49.021+0000] {processor.py:753} INFO - DAG(s) dict_keys(['example_xcom_args_with_operators', 'example_xcom_args']) retrieved from /home/airflow/.local/lib/python3.7/site-packages/airflow/example_dags/example_xcomargs.py
[2024-03-05T12:44:49.037+0000] {logging_mixin.py:137} INFO - [2024-03-05T12:44:49.037+0000] {dag.py:2690} INFO - Sync 2 DAGs
[2024-03-05T12:44:49.050+0000] {logging_mixin.py:137} INFO - [2024-03-05T12:44:49.050+0000] {dag.py:3441} INFO - Setting next_dagrun for example_xcom_args to None, run_after=None
[2024-03-05T12:44:49.051+0000] {logging_mixin.py:137} INFO - [2024-03-05T12:44:49.051+0000] {dag.py:3441} INFO - Setting next_dagrun for example_xcom_args_with_operators to None, run_after=None
[2024-03-05T12:44:49.058+0000] {processor.py:175} INFO - Processing /home/airflow/.local/lib/python3.7/site-packages/airflow/example_dags/example_xcomargs.py took 0.054 seconds
[2024-03-05T12:45:19.466+0000] {processor.py:153} INFO - Started process (PID=590) to work on /home/airflow/.local/lib/python3.7/site-packages/airflow/example_dags/example_xcomargs.py
[2024-03-05T12:45:19.468+0000] {processor.py:743} INFO - Processing file /home/airflow/.local/lib/python3.7/site-packages/airflow/example_dags/example_xcomargs.py for tasks to queue
[2024-03-05T12:45:19.469+0000] {logging_mixin.py:137} INFO - [2024-03-05T12:45:19.469+0000] {dagbag.py:538} INFO - Filling up the DagBag from /home/airflow/.local/lib/python3.7/site-packages/airflow/example_dags/example_xcomargs.py
[2024-03-05T12:45:19.482+0000] {processor.py:753} INFO - DAG(s) dict_keys(['example_xcom_args_with_operators', 'example_xcom_args']) retrieved from /home/airflow/.local/lib/python3.7/site-packages/airflow/example_dags/example_xcomargs.py
[2024-03-05T12:45:19.500+0000] {logging_mixin.py:137} INFO - [2024-03-05T12:45:19.500+0000] {dag.py:2690} INFO - Sync 2 DAGs
[2024-03-05T12:45:19.515+0000] {logging_mixin.py:137} INFO - [2024-03-05T12:45:19.515+0000] {dag.py:3441} INFO - Setting next_dagrun for example_xcom_args to None, run_after=None
[2024-03-05T12:45:19.518+0000] {logging_mixin.py:137} INFO - [2024-03-05T12:45:19.518+0000] {dag.py:3441} INFO - Setting next_dagrun for example_xcom_args_with_operators to None, run_after=None
[2024-03-05T12:45:19.528+0000] {processor.py:175} INFO - Processing /home/airflow/.local/lib/python3.7/site-packages/airflow/example_dags/example_xcomargs.py took 0.064 seconds
[2024-03-05T12:45:50.024+0000] {processor.py:153} INFO - Started process (PID=684) to work on /home/airflow/.local/lib/python3.7/site-packages/airflow/example_dags/example_xcomargs.py
[2024-03-05T12:45:50.024+0000] {processor.py:743} INFO - Processing file /home/airflow/.local/lib/python3.7/site-packages/airflow/example_dags/example_xcomargs.py for tasks to queue
[2024-03-05T12:45:50.025+0000] {logging_mixin.py:137} INFO - [2024-03-05T12:45:50.024+0000] {dagbag.py:538} INFO - Filling up the DagBag from /home/airflow/.local/lib/python3.7/site-packages/airflow/example_dags/example_xcomargs.py
[2024-03-05T12:45:50.035+0000] {processor.py:753} INFO - DAG(s) dict_keys(['example_xcom_args_with_operators', 'example_xcom_args']) retrieved from /home/airflow/.local/lib/python3.7/site-packages/airflow/example_dags/example_xcomargs.py
[2024-03-05T12:45:50.049+0000] {logging_mixin.py:137} INFO - [2024-03-05T12:45:50.048+0000] {dag.py:2690} INFO - Sync 2 DAGs
[2024-03-05T12:45:50.061+0000] {logging_mixin.py:137} INFO - [2024-03-05T12:45:50.061+0000] {dag.py:3441} INFO - Setting next_dagrun for example_xcom_args to None, run_after=None
[2024-03-05T12:45:50.063+0000] {logging_mixin.py:137} INFO - [2024-03-05T12:45:50.063+0000] {dag.py:3441} INFO - Setting next_dagrun for example_xcom_args_with_operators to None, run_after=None
[2024-03-05T12:45:50.071+0000] {processor.py:175} INFO - Processing /home/airflow/.local/lib/python3.7/site-packages/airflow/example_dags/example_xcomargs.py took 0.049 seconds
[2024-03-05T12:46:20.766+0000] {processor.py:153} INFO - Started process (PID=778) to work on /home/airflow/.local/lib/python3.7/site-packages/airflow/example_dags/example_xcomargs.py
[2024-03-05T12:46:20.767+0000] {processor.py:743} INFO - Processing file /home/airflow/.local/lib/python3.7/site-packages/airflow/example_dags/example_xcomargs.py for tasks to queue
[2024-03-05T12:46:20.767+0000] {logging_mixin.py:137} INFO - [2024-03-05T12:46:20.767+0000] {dagbag.py:538} INFO - Filling up the DagBag from /home/airflow/.local/lib/python3.7/site-packages/airflow/example_dags/example_xcomargs.py
[2024-03-05T12:46:20.779+0000] {processor.py:753} INFO - DAG(s) dict_keys(['example_xcom_args_with_operators', 'example_xcom_args']) retrieved from /home/airflow/.local/lib/python3.7/site-packages/airflow/example_dags/example_xcomargs.py
[2024-03-05T12:46:20.798+0000] {logging_mixin.py:137} INFO - [2024-03-05T12:46:20.798+0000] {dag.py:2690} INFO - Sync 2 DAGs
[2024-03-05T12:46:20.811+0000] {logging_mixin.py:137} INFO - [2024-03-05T12:46:20.811+0000] {dag.py:3441} INFO - Setting next_dagrun for example_xcom_args to None, run_after=None
[2024-03-05T12:46:20.813+0000] {logging_mixin.py:137} INFO - [2024-03-05T12:46:20.813+0000] {dag.py:3441} INFO - Setting next_dagrun for example_xcom_args_with_operators to None, run_after=None
[2024-03-05T12:46:20.825+0000] {processor.py:175} INFO - Processing /home/airflow/.local/lib/python3.7/site-packages/airflow/example_dags/example_xcomargs.py took 0.060 seconds
[2024-03-05T12:46:51.389+0000] {processor.py:153} INFO - Started process (PID=854) to work on /home/airflow/.local/lib/python3.7/site-packages/airflow/example_dags/example_xcomargs.py
[2024-03-05T12:46:51.390+0000] {processor.py:743} INFO - Processing file /home/airflow/.local/lib/python3.7/site-packages/airflow/example_dags/example_xcomargs.py for tasks to queue
[2024-03-05T12:46:51.390+0000] {logging_mixin.py:137} INFO - [2024-03-05T12:46:51.390+0000] {dagbag.py:538} INFO - Filling up the DagBag from /home/airflow/.local/lib/python3.7/site-packages/airflow/example_dags/example_xcomargs.py
[2024-03-05T12:46:51.402+0000] {processor.py:753} INFO - DAG(s) dict_keys(['example_xcom_args', 'example_xcom_args_with_operators']) retrieved from /home/airflow/.local/lib/python3.7/site-packages/airflow/example_dags/example_xcomargs.py
[2024-03-05T12:46:51.414+0000] {logging_mixin.py:137} INFO - [2024-03-05T12:46:51.414+0000] {dag.py:2690} INFO - Sync 2 DAGs
[2024-03-05T12:46:51.425+0000] {logging_mixin.py:137} INFO - [2024-03-05T12:46:51.425+0000] {dag.py:3441} INFO - Setting next_dagrun for example_xcom_args to None, run_after=None
[2024-03-05T12:46:51.426+0000] {logging_mixin.py:137} INFO - [2024-03-05T12:46:51.426+0000] {dag.py:3441} INFO - Setting next_dagrun for example_xcom_args_with_operators to None, run_after=None
[2024-03-05T12:46:51.433+0000] {processor.py:175} INFO - Processing /home/airflow/.local/lib/python3.7/site-packages/airflow/example_dags/example_xcomargs.py took 0.046 seconds
[2024-03-05T12:47:21.963+0000] {processor.py:153} INFO - Started process (PID=948) to work on /home/airflow/.local/lib/python3.7/site-packages/airflow/example_dags/example_xcomargs.py
[2024-03-05T12:47:21.963+0000] {processor.py:743} INFO - Processing file /home/airflow/.local/lib/python3.7/site-packages/airflow/example_dags/example_xcomargs.py for tasks to queue
[2024-03-05T12:47:21.964+0000] {logging_mixin.py:137} INFO - [2024-03-05T12:47:21.964+0000] {dagbag.py:538} INFO - Filling up the DagBag from /home/airflow/.local/lib/python3.7/site-packages/airflow/example_dags/example_xcomargs.py
[2024-03-05T12:47:21.975+0000] {processor.py:753} INFO - DAG(s) dict_keys(['example_xcom_args', 'example_xcom_args_with_operators']) retrieved from /home/airflow/.local/lib/python3.7/site-packages/airflow/example_dags/example_xcomargs.py
[2024-03-05T12:47:21.989+0000] {logging_mixin.py:137} INFO - [2024-03-05T12:47:21.989+0000] {dag.py:2690} INFO - Sync 2 DAGs
[2024-03-05T12:47:22.001+0000] {logging_mixin.py:137} INFO - [2024-03-05T12:47:22.001+0000] {dag.py:3441} INFO - Setting next_dagrun for example_xcom_args to None, run_after=None
[2024-03-05T12:47:22.003+0000] {logging_mixin.py:137} INFO - [2024-03-05T12:47:22.003+0000] {dag.py:3441} INFO - Setting next_dagrun for example_xcom_args_with_operators to None, run_after=None
[2024-03-05T12:47:22.010+0000] {processor.py:175} INFO - Processing /home/airflow/.local/lib/python3.7/site-packages/airflow/example_dags/example_xcomargs.py took 0.049 seconds
[2024-03-05T12:47:52.730+0000] {processor.py:153} INFO - Started process (PID=1042) to work on /home/airflow/.local/lib/python3.7/site-packages/airflow/example_dags/example_xcomargs.py
[2024-03-05T12:47:52.730+0000] {processor.py:743} INFO - Processing file /home/airflow/.local/lib/python3.7/site-packages/airflow/example_dags/example_xcomargs.py for tasks to queue
[2024-03-05T12:47:52.731+0000] {logging_mixin.py:137} INFO - [2024-03-05T12:47:52.731+0000] {dagbag.py:538} INFO - Filling up the DagBag from /home/airflow/.local/lib/python3.7/site-packages/airflow/example_dags/example_xcomargs.py
[2024-03-05T12:47:52.744+0000] {processor.py:753} INFO - DAG(s) dict_keys(['example_xcom_args_with_operators', 'example_xcom_args']) retrieved from /home/airflow/.local/lib/python3.7/site-packages/airflow/example_dags/example_xcomargs.py
[2024-03-05T12:47:52.761+0000] {logging_mixin.py:137} INFO - [2024-03-05T12:47:52.761+0000] {dag.py:2690} INFO - Sync 2 DAGs
[2024-03-05T12:47:52.799+0000] {logging_mixin.py:137} INFO - [2024-03-05T12:47:52.799+0000] {dag.py:3441} INFO - Setting next_dagrun for example_xcom_args to None, run_after=None
[2024-03-05T12:47:52.804+0000] {logging_mixin.py:137} INFO - [2024-03-05T12:47:52.803+0000] {dag.py:3441} INFO - Setting next_dagrun for example_xcom_args_with_operators to None, run_after=None
[2024-03-05T12:47:52.847+0000] {processor.py:175} INFO - Processing /home/airflow/.local/lib/python3.7/site-packages/airflow/example_dags/example_xcomargs.py took 0.119 seconds
