[2024-03-05T12:19:23.783+0000] {processor.py:153} INFO - Started process (PID=60) to work on /home/airflow/.local/lib/python3.7/site-packages/airflow/example_dags/example_local_kubernetes_executor.py
[2024-03-05T12:19:23.784+0000] {processor.py:743} INFO - Processing file /home/airflow/.local/lib/python3.7/site-packages/airflow/example_dags/example_local_kubernetes_executor.py for tasks to queue
[2024-03-05T12:19:23.784+0000] {logging_mixin.py:137} INFO - [2024-03-05T12:19:23.784+0000] {dagbag.py:538} INFO - Filling up the DagBag from /home/airflow/.local/lib/python3.7/site-packages/airflow/example_dags/example_local_kubernetes_executor.py
[2024-03-05T12:19:23.801+0000] {processor.py:753} INFO - DAG(s) dict_keys(['example_local_kubernetes_executor']) retrieved from /home/airflow/.local/lib/python3.7/site-packages/airflow/example_dags/example_local_kubernetes_executor.py
[2024-03-05T12:19:23.820+0000] {logging_mixin.py:137} INFO - [2024-03-05T12:19:23.819+0000] {dag.py:2690} INFO - Sync 1 DAGs
[2024-03-05T12:19:23.834+0000] {logging_mixin.py:137} INFO - [2024-03-05T12:19:23.834+0000] {dag.py:3441} INFO - Setting next_dagrun for example_local_kubernetes_executor to None, run_after=None
[2024-03-05T12:19:23.844+0000] {processor.py:175} INFO - Processing /home/airflow/.local/lib/python3.7/site-packages/airflow/example_dags/example_local_kubernetes_executor.py took 0.063 seconds
[2024-03-05T12:19:54.402+0000] {processor.py:153} INFO - Started process (PID=162) to work on /home/airflow/.local/lib/python3.7/site-packages/airflow/example_dags/example_local_kubernetes_executor.py
[2024-03-05T12:19:54.402+0000] {processor.py:743} INFO - Processing file /home/airflow/.local/lib/python3.7/site-packages/airflow/example_dags/example_local_kubernetes_executor.py for tasks to queue
[2024-03-05T12:19:54.402+0000] {logging_mixin.py:137} INFO - [2024-03-05T12:19:54.402+0000] {dagbag.py:538} INFO - Filling up the DagBag from /home/airflow/.local/lib/python3.7/site-packages/airflow/example_dags/example_local_kubernetes_executor.py
[2024-03-05T12:19:54.412+0000] {processor.py:753} INFO - DAG(s) dict_keys(['example_local_kubernetes_executor']) retrieved from /home/airflow/.local/lib/python3.7/site-packages/airflow/example_dags/example_local_kubernetes_executor.py
[2024-03-05T12:19:54.425+0000] {logging_mixin.py:137} INFO - [2024-03-05T12:19:54.425+0000] {dag.py:2690} INFO - Sync 1 DAGs
[2024-03-05T12:19:54.436+0000] {logging_mixin.py:137} INFO - [2024-03-05T12:19:54.436+0000] {dag.py:3441} INFO - Setting next_dagrun for example_local_kubernetes_executor to None, run_after=None
[2024-03-05T12:19:54.443+0000] {processor.py:175} INFO - Processing /home/airflow/.local/lib/python3.7/site-packages/airflow/example_dags/example_local_kubernetes_executor.py took 0.044 seconds
[2024-03-05T12:42:15.957+0000] {processor.py:153} INFO - Started process (PID=60) to work on /home/airflow/.local/lib/python3.7/site-packages/airflow/example_dags/example_local_kubernetes_executor.py
[2024-03-05T12:42:15.959+0000] {processor.py:743} INFO - Processing file /home/airflow/.local/lib/python3.7/site-packages/airflow/example_dags/example_local_kubernetes_executor.py for tasks to queue
[2024-03-05T12:42:15.960+0000] {logging_mixin.py:137} INFO - [2024-03-05T12:42:15.960+0000] {dagbag.py:538} INFO - Filling up the DagBag from /home/airflow/.local/lib/python3.7/site-packages/airflow/example_dags/example_local_kubernetes_executor.py
[2024-03-05T12:42:15.974+0000] {processor.py:753} INFO - DAG(s) dict_keys(['example_local_kubernetes_executor']) retrieved from /home/airflow/.local/lib/python3.7/site-packages/airflow/example_dags/example_local_kubernetes_executor.py
[2024-03-05T12:42:15.986+0000] {logging_mixin.py:137} INFO - [2024-03-05T12:42:15.986+0000] {dag.py:2690} INFO - Sync 1 DAGs
[2024-03-05T12:42:15.999+0000] {logging_mixin.py:137} INFO - [2024-03-05T12:42:15.999+0000] {dag.py:3441} INFO - Setting next_dagrun for example_local_kubernetes_executor to None, run_after=None
[2024-03-05T12:42:16.016+0000] {processor.py:175} INFO - Processing /home/airflow/.local/lib/python3.7/site-packages/airflow/example_dags/example_local_kubernetes_executor.py took 0.061 seconds
[2024-03-05T12:42:46.109+0000] {processor.py:153} INFO - Started process (PID=154) to work on /home/airflow/.local/lib/python3.7/site-packages/airflow/example_dags/example_local_kubernetes_executor.py
[2024-03-05T12:42:46.110+0000] {processor.py:743} INFO - Processing file /home/airflow/.local/lib/python3.7/site-packages/airflow/example_dags/example_local_kubernetes_executor.py for tasks to queue
[2024-03-05T12:42:46.111+0000] {logging_mixin.py:137} INFO - [2024-03-05T12:42:46.111+0000] {dagbag.py:538} INFO - Filling up the DagBag from /home/airflow/.local/lib/python3.7/site-packages/airflow/example_dags/example_local_kubernetes_executor.py
[2024-03-05T12:42:46.129+0000] {processor.py:753} INFO - DAG(s) dict_keys(['example_local_kubernetes_executor']) retrieved from /home/airflow/.local/lib/python3.7/site-packages/airflow/example_dags/example_local_kubernetes_executor.py
[2024-03-05T12:42:46.156+0000] {logging_mixin.py:137} INFO - [2024-03-05T12:42:46.156+0000] {dag.py:2690} INFO - Sync 1 DAGs
[2024-03-05T12:42:46.171+0000] {logging_mixin.py:137} INFO - [2024-03-05T12:42:46.171+0000] {dag.py:3441} INFO - Setting next_dagrun for example_local_kubernetes_executor to None, run_after=None
[2024-03-05T12:42:46.187+0000] {processor.py:175} INFO - Processing /home/airflow/.local/lib/python3.7/site-packages/airflow/example_dags/example_local_kubernetes_executor.py took 0.080 seconds
[2024-03-05T12:43:16.939+0000] {processor.py:153} INFO - Started process (PID=230) to work on /home/airflow/.local/lib/python3.7/site-packages/airflow/example_dags/example_local_kubernetes_executor.py
[2024-03-05T12:43:16.939+0000] {processor.py:743} INFO - Processing file /home/airflow/.local/lib/python3.7/site-packages/airflow/example_dags/example_local_kubernetes_executor.py for tasks to queue
[2024-03-05T12:43:16.940+0000] {logging_mixin.py:137} INFO - [2024-03-05T12:43:16.940+0000] {dagbag.py:538} INFO - Filling up the DagBag from /home/airflow/.local/lib/python3.7/site-packages/airflow/example_dags/example_local_kubernetes_executor.py
[2024-03-05T12:43:16.952+0000] {processor.py:753} INFO - DAG(s) dict_keys(['example_local_kubernetes_executor']) retrieved from /home/airflow/.local/lib/python3.7/site-packages/airflow/example_dags/example_local_kubernetes_executor.py
[2024-03-05T12:43:16.968+0000] {logging_mixin.py:137} INFO - [2024-03-05T12:43:16.968+0000] {dag.py:2690} INFO - Sync 1 DAGs
[2024-03-05T12:43:16.980+0000] {logging_mixin.py:137} INFO - [2024-03-05T12:43:16.980+0000] {dag.py:3441} INFO - Setting next_dagrun for example_local_kubernetes_executor to None, run_after=None
[2024-03-05T12:43:16.995+0000] {processor.py:175} INFO - Processing /home/airflow/.local/lib/python3.7/site-packages/airflow/example_dags/example_local_kubernetes_executor.py took 0.058 seconds
[2024-03-05T12:43:47.690+0000] {processor.py:153} INFO - Started process (PID=324) to work on /home/airflow/.local/lib/python3.7/site-packages/airflow/example_dags/example_local_kubernetes_executor.py
[2024-03-05T12:43:47.690+0000] {processor.py:743} INFO - Processing file /home/airflow/.local/lib/python3.7/site-packages/airflow/example_dags/example_local_kubernetes_executor.py for tasks to queue
[2024-03-05T12:43:47.691+0000] {logging_mixin.py:137} INFO - [2024-03-05T12:43:47.691+0000] {dagbag.py:538} INFO - Filling up the DagBag from /home/airflow/.local/lib/python3.7/site-packages/airflow/example_dags/example_local_kubernetes_executor.py
[2024-03-05T12:43:47.704+0000] {processor.py:753} INFO - DAG(s) dict_keys(['example_local_kubernetes_executor']) retrieved from /home/airflow/.local/lib/python3.7/site-packages/airflow/example_dags/example_local_kubernetes_executor.py
[2024-03-05T12:43:47.721+0000] {logging_mixin.py:137} INFO - [2024-03-05T12:43:47.721+0000] {dag.py:2690} INFO - Sync 1 DAGs
[2024-03-05T12:43:47.741+0000] {logging_mixin.py:137} INFO - [2024-03-05T12:43:47.741+0000] {dag.py:3441} INFO - Setting next_dagrun for example_local_kubernetes_executor to None, run_after=None
[2024-03-05T12:43:47.763+0000] {processor.py:175} INFO - Processing /home/airflow/.local/lib/python3.7/site-packages/airflow/example_dags/example_local_kubernetes_executor.py took 0.075 seconds
[2024-03-05T12:44:18.251+0000] {processor.py:153} INFO - Started process (PID=417) to work on /home/airflow/.local/lib/python3.7/site-packages/airflow/example_dags/example_local_kubernetes_executor.py
[2024-03-05T12:44:18.251+0000] {processor.py:743} INFO - Processing file /home/airflow/.local/lib/python3.7/site-packages/airflow/example_dags/example_local_kubernetes_executor.py for tasks to queue
[2024-03-05T12:44:18.255+0000] {logging_mixin.py:137} INFO - [2024-03-05T12:44:18.255+0000] {dagbag.py:538} INFO - Filling up the DagBag from /home/airflow/.local/lib/python3.7/site-packages/airflow/example_dags/example_local_kubernetes_executor.py
[2024-03-05T12:44:18.267+0000] {processor.py:753} INFO - DAG(s) dict_keys(['example_local_kubernetes_executor']) retrieved from /home/airflow/.local/lib/python3.7/site-packages/airflow/example_dags/example_local_kubernetes_executor.py
[2024-03-05T12:44:18.284+0000] {logging_mixin.py:137} INFO - [2024-03-05T12:44:18.284+0000] {dag.py:2690} INFO - Sync 1 DAGs
[2024-03-05T12:44:18.296+0000] {logging_mixin.py:137} INFO - [2024-03-05T12:44:18.296+0000] {dag.py:3441} INFO - Setting next_dagrun for example_local_kubernetes_executor to None, run_after=None
[2024-03-05T12:44:18.308+0000] {processor.py:175} INFO - Processing /home/airflow/.local/lib/python3.7/site-packages/airflow/example_dags/example_local_kubernetes_executor.py took 0.059 seconds
[2024-03-05T12:44:48.881+0000] {processor.py:153} INFO - Started process (PID=511) to work on /home/airflow/.local/lib/python3.7/site-packages/airflow/example_dags/example_local_kubernetes_executor.py
[2024-03-05T12:44:48.882+0000] {processor.py:743} INFO - Processing file /home/airflow/.local/lib/python3.7/site-packages/airflow/example_dags/example_local_kubernetes_executor.py for tasks to queue
[2024-03-05T12:44:48.883+0000] {logging_mixin.py:137} INFO - [2024-03-05T12:44:48.883+0000] {dagbag.py:538} INFO - Filling up the DagBag from /home/airflow/.local/lib/python3.7/site-packages/airflow/example_dags/example_local_kubernetes_executor.py
[2024-03-05T12:44:48.900+0000] {processor.py:753} INFO - DAG(s) dict_keys(['example_local_kubernetes_executor']) retrieved from /home/airflow/.local/lib/python3.7/site-packages/airflow/example_dags/example_local_kubernetes_executor.py
[2024-03-05T12:44:48.917+0000] {logging_mixin.py:137} INFO - [2024-03-05T12:44:48.917+0000] {dag.py:2690} INFO - Sync 1 DAGs
[2024-03-05T12:44:48.932+0000] {logging_mixin.py:137} INFO - [2024-03-05T12:44:48.932+0000] {dag.py:3441} INFO - Setting next_dagrun for example_local_kubernetes_executor to None, run_after=None
[2024-03-05T12:44:48.941+0000] {processor.py:175} INFO - Processing /home/airflow/.local/lib/python3.7/site-packages/airflow/example_dags/example_local_kubernetes_executor.py took 0.062 seconds
[2024-03-05T12:45:19.378+0000] {processor.py:153} INFO - Started process (PID=587) to work on /home/airflow/.local/lib/python3.7/site-packages/airflow/example_dags/example_local_kubernetes_executor.py
[2024-03-05T12:45:19.378+0000] {processor.py:743} INFO - Processing file /home/airflow/.local/lib/python3.7/site-packages/airflow/example_dags/example_local_kubernetes_executor.py for tasks to queue
[2024-03-05T12:45:19.379+0000] {logging_mixin.py:137} INFO - [2024-03-05T12:45:19.379+0000] {dagbag.py:538} INFO - Filling up the DagBag from /home/airflow/.local/lib/python3.7/site-packages/airflow/example_dags/example_local_kubernetes_executor.py
[2024-03-05T12:45:19.391+0000] {processor.py:753} INFO - DAG(s) dict_keys(['example_local_kubernetes_executor']) retrieved from /home/airflow/.local/lib/python3.7/site-packages/airflow/example_dags/example_local_kubernetes_executor.py
[2024-03-05T12:45:19.408+0000] {logging_mixin.py:137} INFO - [2024-03-05T12:45:19.408+0000] {dag.py:2690} INFO - Sync 1 DAGs
[2024-03-05T12:45:19.420+0000] {logging_mixin.py:137} INFO - [2024-03-05T12:45:19.420+0000] {dag.py:3441} INFO - Setting next_dagrun for example_local_kubernetes_executor to None, run_after=None
[2024-03-05T12:45:19.430+0000] {processor.py:175} INFO - Processing /home/airflow/.local/lib/python3.7/site-packages/airflow/example_dags/example_local_kubernetes_executor.py took 0.054 seconds
[2024-03-05T12:45:49.954+0000] {processor.py:153} INFO - Started process (PID=681) to work on /home/airflow/.local/lib/python3.7/site-packages/airflow/example_dags/example_local_kubernetes_executor.py
[2024-03-05T12:45:49.954+0000] {processor.py:743} INFO - Processing file /home/airflow/.local/lib/python3.7/site-packages/airflow/example_dags/example_local_kubernetes_executor.py for tasks to queue
[2024-03-05T12:45:49.955+0000] {logging_mixin.py:137} INFO - [2024-03-05T12:45:49.955+0000] {dagbag.py:538} INFO - Filling up the DagBag from /home/airflow/.local/lib/python3.7/site-packages/airflow/example_dags/example_local_kubernetes_executor.py
[2024-03-05T12:45:49.966+0000] {processor.py:753} INFO - DAG(s) dict_keys(['example_local_kubernetes_executor']) retrieved from /home/airflow/.local/lib/python3.7/site-packages/airflow/example_dags/example_local_kubernetes_executor.py
[2024-03-05T12:45:49.978+0000] {logging_mixin.py:137} INFO - [2024-03-05T12:45:49.978+0000] {dag.py:2690} INFO - Sync 1 DAGs
[2024-03-05T12:45:49.990+0000] {logging_mixin.py:137} INFO - [2024-03-05T12:45:49.990+0000] {dag.py:3441} INFO - Setting next_dagrun for example_local_kubernetes_executor to None, run_after=None
[2024-03-05T12:45:49.998+0000] {processor.py:175} INFO - Processing /home/airflow/.local/lib/python3.7/site-packages/airflow/example_dags/example_local_kubernetes_executor.py took 0.046 seconds
[2024-03-05T12:46:20.622+0000] {processor.py:153} INFO - Started process (PID=775) to work on /home/airflow/.local/lib/python3.7/site-packages/airflow/example_dags/example_local_kubernetes_executor.py
[2024-03-05T12:46:20.624+0000] {processor.py:743} INFO - Processing file /home/airflow/.local/lib/python3.7/site-packages/airflow/example_dags/example_local_kubernetes_executor.py for tasks to queue
[2024-03-05T12:46:20.625+0000] {logging_mixin.py:137} INFO - [2024-03-05T12:46:20.624+0000] {dagbag.py:538} INFO - Filling up the DagBag from /home/airflow/.local/lib/python3.7/site-packages/airflow/example_dags/example_local_kubernetes_executor.py
[2024-03-05T12:46:20.636+0000] {processor.py:753} INFO - DAG(s) dict_keys(['example_local_kubernetes_executor']) retrieved from /home/airflow/.local/lib/python3.7/site-packages/airflow/example_dags/example_local_kubernetes_executor.py
[2024-03-05T12:46:20.650+0000] {logging_mixin.py:137} INFO - [2024-03-05T12:46:20.649+0000] {dag.py:2690} INFO - Sync 1 DAGs
[2024-03-05T12:46:20.662+0000] {logging_mixin.py:137} INFO - [2024-03-05T12:46:20.662+0000] {dag.py:3441} INFO - Setting next_dagrun for example_local_kubernetes_executor to None, run_after=None
[2024-03-05T12:46:20.679+0000] {processor.py:175} INFO - Processing /home/airflow/.local/lib/python3.7/site-packages/airflow/example_dags/example_local_kubernetes_executor.py took 0.059 seconds
[2024-03-05T12:46:51.283+0000] {processor.py:153} INFO - Started process (PID=851) to work on /home/airflow/.local/lib/python3.7/site-packages/airflow/example_dags/example_local_kubernetes_executor.py
[2024-03-05T12:46:51.284+0000] {processor.py:743} INFO - Processing file /home/airflow/.local/lib/python3.7/site-packages/airflow/example_dags/example_local_kubernetes_executor.py for tasks to queue
[2024-03-05T12:46:51.284+0000] {logging_mixin.py:137} INFO - [2024-03-05T12:46:51.284+0000] {dagbag.py:538} INFO - Filling up the DagBag from /home/airflow/.local/lib/python3.7/site-packages/airflow/example_dags/example_local_kubernetes_executor.py
[2024-03-05T12:46:51.296+0000] {processor.py:753} INFO - DAG(s) dict_keys(['example_local_kubernetes_executor']) retrieved from /home/airflow/.local/lib/python3.7/site-packages/airflow/example_dags/example_local_kubernetes_executor.py
[2024-03-05T12:46:51.309+0000] {logging_mixin.py:137} INFO - [2024-03-05T12:46:51.309+0000] {dag.py:2690} INFO - Sync 1 DAGs
[2024-03-05T12:46:51.320+0000] {logging_mixin.py:137} INFO - [2024-03-05T12:46:51.320+0000] {dag.py:3441} INFO - Setting next_dagrun for example_local_kubernetes_executor to None, run_after=None
[2024-03-05T12:46:51.328+0000] {processor.py:175} INFO - Processing /home/airflow/.local/lib/python3.7/site-packages/airflow/example_dags/example_local_kubernetes_executor.py took 0.046 seconds
[2024-03-05T12:47:21.869+0000] {processor.py:153} INFO - Started process (PID=945) to work on /home/airflow/.local/lib/python3.7/site-packages/airflow/example_dags/example_local_kubernetes_executor.py
[2024-03-05T12:47:21.870+0000] {processor.py:743} INFO - Processing file /home/airflow/.local/lib/python3.7/site-packages/airflow/example_dags/example_local_kubernetes_executor.py for tasks to queue
[2024-03-05T12:47:21.870+0000] {logging_mixin.py:137} INFO - [2024-03-05T12:47:21.870+0000] {dagbag.py:538} INFO - Filling up the DagBag from /home/airflow/.local/lib/python3.7/site-packages/airflow/example_dags/example_local_kubernetes_executor.py
[2024-03-05T12:47:21.881+0000] {processor.py:753} INFO - DAG(s) dict_keys(['example_local_kubernetes_executor']) retrieved from /home/airflow/.local/lib/python3.7/site-packages/airflow/example_dags/example_local_kubernetes_executor.py
[2024-03-05T12:47:21.893+0000] {logging_mixin.py:137} INFO - [2024-03-05T12:47:21.893+0000] {dag.py:2690} INFO - Sync 1 DAGs
[2024-03-05T12:47:21.905+0000] {logging_mixin.py:137} INFO - [2024-03-05T12:47:21.905+0000] {dag.py:3441} INFO - Setting next_dagrun for example_local_kubernetes_executor to None, run_after=None
[2024-03-05T12:47:21.914+0000] {processor.py:175} INFO - Processing /home/airflow/.local/lib/python3.7/site-packages/airflow/example_dags/example_local_kubernetes_executor.py took 0.046 seconds
[2024-03-05T12:47:52.586+0000] {processor.py:153} INFO - Started process (PID=1039) to work on /home/airflow/.local/lib/python3.7/site-packages/airflow/example_dags/example_local_kubernetes_executor.py
[2024-03-05T12:47:52.587+0000] {processor.py:743} INFO - Processing file /home/airflow/.local/lib/python3.7/site-packages/airflow/example_dags/example_local_kubernetes_executor.py for tasks to queue
[2024-03-05T12:47:52.588+0000] {logging_mixin.py:137} INFO - [2024-03-05T12:47:52.588+0000] {dagbag.py:538} INFO - Filling up the DagBag from /home/airflow/.local/lib/python3.7/site-packages/airflow/example_dags/example_local_kubernetes_executor.py
[2024-03-05T12:47:52.602+0000] {processor.py:753} INFO - DAG(s) dict_keys(['example_local_kubernetes_executor']) retrieved from /home/airflow/.local/lib/python3.7/site-packages/airflow/example_dags/example_local_kubernetes_executor.py
[2024-03-05T12:47:52.622+0000] {logging_mixin.py:137} INFO - [2024-03-05T12:47:52.622+0000] {dag.py:2690} INFO - Sync 1 DAGs
[2024-03-05T12:47:52.637+0000] {logging_mixin.py:137} INFO - [2024-03-05T12:47:52.637+0000] {dag.py:3441} INFO - Setting next_dagrun for example_local_kubernetes_executor to None, run_after=None
[2024-03-05T12:47:52.654+0000] {processor.py:175} INFO - Processing /home/airflow/.local/lib/python3.7/site-packages/airflow/example_dags/example_local_kubernetes_executor.py took 0.069 seconds
