[2024-03-05T12:19:23.600+0000] {processor.py:153} INFO - Started process (PID=55) to work on /home/airflow/.local/lib/python3.7/site-packages/airflow/example_dags/example_python_operator.py
[2024-03-05T12:19:23.601+0000] {processor.py:743} INFO - Processing file /home/airflow/.local/lib/python3.7/site-packages/airflow/example_dags/example_python_operator.py for tasks to queue
[2024-03-05T12:19:23.602+0000] {logging_mixin.py:137} INFO - [2024-03-05T12:19:23.601+0000] {dagbag.py:538} INFO - Filling up the DagBag from /home/airflow/.local/lib/python3.7/site-packages/airflow/example_dags/example_python_operator.py
[2024-03-05T12:19:23.614+0000] {logging_mixin.py:137} INFO - [2024-03-05T12:19:23.614+0000] {taskmixin.py:205} WARNING - Dependency <Task(_PythonDecoratedOperator): print_the_context>, log_sql_query already registered for DAG: example_python_operator
[2024-03-05T12:19:23.615+0000] {logging_mixin.py:137} INFO - [2024-03-05T12:19:23.615+0000] {taskmixin.py:205} WARNING - Dependency <Task(_PythonDecoratedOperator): log_sql_query>, print_the_context already registered for DAG: example_python_operator
[2024-03-05T12:19:23.615+0000] {logging_mixin.py:137} INFO - [2024-03-05T12:19:23.615+0000] {taskmixin.py:205} WARNING - Dependency <Task(_PythonDecoratedOperator): print_the_context>, log_sql_query already registered for DAG: example_python_operator
[2024-03-05T12:19:23.615+0000] {logging_mixin.py:137} INFO - [2024-03-05T12:19:23.615+0000] {taskmixin.py:205} WARNING - Dependency <Task(_PythonDecoratedOperator): log_sql_query>, print_the_context already registered for DAG: example_python_operator
[2024-03-05T12:19:23.616+0000] {logging_mixin.py:137} INFO - [2024-03-05T12:19:23.616+0000] {taskmixin.py:205} WARNING - Dependency <Task(_PythonDecoratedOperator): print_the_context>, log_sql_query already registered for DAG: example_python_operator
[2024-03-05T12:19:23.616+0000] {logging_mixin.py:137} INFO - [2024-03-05T12:19:23.616+0000] {taskmixin.py:205} WARNING - Dependency <Task(_PythonDecoratedOperator): log_sql_query>, print_the_context already registered for DAG: example_python_operator
[2024-03-05T12:19:23.616+0000] {logging_mixin.py:137} INFO - [2024-03-05T12:19:23.616+0000] {taskmixin.py:205} WARNING - Dependency <Task(_PythonDecoratedOperator): print_the_context>, log_sql_query already registered for DAG: example_python_operator
[2024-03-05T12:19:23.617+0000] {logging_mixin.py:137} INFO - [2024-03-05T12:19:23.617+0000] {taskmixin.py:205} WARNING - Dependency <Task(_PythonDecoratedOperator): log_sql_query>, print_the_context already registered for DAG: example_python_operator
[2024-03-05T12:19:23.621+0000] {processor.py:753} INFO - DAG(s) dict_keys(['example_python_operator']) retrieved from /home/airflow/.local/lib/python3.7/site-packages/airflow/example_dags/example_python_operator.py
[2024-03-05T12:19:23.655+0000] {logging_mixin.py:137} INFO - [2024-03-05T12:19:23.655+0000] {dag.py:2690} INFO - Sync 1 DAGs
[2024-03-05T12:19:23.667+0000] {logging_mixin.py:137} INFO - [2024-03-05T12:19:23.667+0000] {dag.py:3441} INFO - Setting next_dagrun for example_python_operator to None, run_after=None
[2024-03-05T12:19:23.679+0000] {processor.py:175} INFO - Processing /home/airflow/.local/lib/python3.7/site-packages/airflow/example_dags/example_python_operator.py took 0.081 seconds
[2024-03-05T12:19:54.273+0000] {processor.py:153} INFO - Started process (PID=157) to work on /home/airflow/.local/lib/python3.7/site-packages/airflow/example_dags/example_python_operator.py
[2024-03-05T12:19:54.274+0000] {processor.py:743} INFO - Processing file /home/airflow/.local/lib/python3.7/site-packages/airflow/example_dags/example_python_operator.py for tasks to queue
[2024-03-05T12:19:54.274+0000] {logging_mixin.py:137} INFO - [2024-03-05T12:19:54.274+0000] {dagbag.py:538} INFO - Filling up the DagBag from /home/airflow/.local/lib/python3.7/site-packages/airflow/example_dags/example_python_operator.py
[2024-03-05T12:19:54.282+0000] {logging_mixin.py:137} INFO - [2024-03-05T12:19:54.282+0000] {taskmixin.py:205} WARNING - Dependency <Task(_PythonDecoratedOperator): print_the_context>, log_sql_query already registered for DAG: example_python_operator
[2024-03-05T12:19:54.283+0000] {logging_mixin.py:137} INFO - [2024-03-05T12:19:54.282+0000] {taskmixin.py:205} WARNING - Dependency <Task(_PythonDecoratedOperator): log_sql_query>, print_the_context already registered for DAG: example_python_operator
[2024-03-05T12:19:54.283+0000] {logging_mixin.py:137} INFO - [2024-03-05T12:19:54.283+0000] {taskmixin.py:205} WARNING - Dependency <Task(_PythonDecoratedOperator): print_the_context>, log_sql_query already registered for DAG: example_python_operator
[2024-03-05T12:19:54.283+0000] {logging_mixin.py:137} INFO - [2024-03-05T12:19:54.283+0000] {taskmixin.py:205} WARNING - Dependency <Task(_PythonDecoratedOperator): log_sql_query>, print_the_context already registered for DAG: example_python_operator
[2024-03-05T12:19:54.283+0000] {logging_mixin.py:137} INFO - [2024-03-05T12:19:54.283+0000] {taskmixin.py:205} WARNING - Dependency <Task(_PythonDecoratedOperator): print_the_context>, log_sql_query already registered for DAG: example_python_operator
[2024-03-05T12:19:54.284+0000] {logging_mixin.py:137} INFO - [2024-03-05T12:19:54.284+0000] {taskmixin.py:205} WARNING - Dependency <Task(_PythonDecoratedOperator): log_sql_query>, print_the_context already registered for DAG: example_python_operator
[2024-03-05T12:19:54.284+0000] {logging_mixin.py:137} INFO - [2024-03-05T12:19:54.284+0000] {taskmixin.py:205} WARNING - Dependency <Task(_PythonDecoratedOperator): print_the_context>, log_sql_query already registered for DAG: example_python_operator
[2024-03-05T12:19:54.284+0000] {logging_mixin.py:137} INFO - [2024-03-05T12:19:54.284+0000] {taskmixin.py:205} WARNING - Dependency <Task(_PythonDecoratedOperator): log_sql_query>, print_the_context already registered for DAG: example_python_operator
[2024-03-05T12:19:54.287+0000] {processor.py:753} INFO - DAG(s) dict_keys(['example_python_operator']) retrieved from /home/airflow/.local/lib/python3.7/site-packages/airflow/example_dags/example_python_operator.py
[2024-03-05T12:19:54.300+0000] {logging_mixin.py:137} INFO - [2024-03-05T12:19:54.300+0000] {dag.py:2690} INFO - Sync 1 DAGs
[2024-03-05T12:19:54.311+0000] {logging_mixin.py:137} INFO - [2024-03-05T12:19:54.311+0000] {dag.py:3441} INFO - Setting next_dagrun for example_python_operator to None, run_after=None
[2024-03-05T12:19:54.318+0000] {processor.py:175} INFO - Processing /home/airflow/.local/lib/python3.7/site-packages/airflow/example_dags/example_python_operator.py took 0.046 seconds
[2024-03-05T12:42:15.722+0000] {processor.py:153} INFO - Started process (PID=55) to work on /home/airflow/.local/lib/python3.7/site-packages/airflow/example_dags/example_python_operator.py
[2024-03-05T12:42:15.723+0000] {processor.py:743} INFO - Processing file /home/airflow/.local/lib/python3.7/site-packages/airflow/example_dags/example_python_operator.py for tasks to queue
[2024-03-05T12:42:15.726+0000] {logging_mixin.py:137} INFO - [2024-03-05T12:42:15.725+0000] {dagbag.py:538} INFO - Filling up the DagBag from /home/airflow/.local/lib/python3.7/site-packages/airflow/example_dags/example_python_operator.py
[2024-03-05T12:42:15.738+0000] {logging_mixin.py:137} INFO - [2024-03-05T12:42:15.738+0000] {taskmixin.py:205} WARNING - Dependency <Task(_PythonDecoratedOperator): print_the_context>, log_sql_query already registered for DAG: example_python_operator
[2024-03-05T12:42:15.739+0000] {logging_mixin.py:137} INFO - [2024-03-05T12:42:15.739+0000] {taskmixin.py:205} WARNING - Dependency <Task(_PythonDecoratedOperator): log_sql_query>, print_the_context already registered for DAG: example_python_operator
[2024-03-05T12:42:15.740+0000] {logging_mixin.py:137} INFO - [2024-03-05T12:42:15.740+0000] {taskmixin.py:205} WARNING - Dependency <Task(_PythonDecoratedOperator): print_the_context>, log_sql_query already registered for DAG: example_python_operator
[2024-03-05T12:42:15.740+0000] {logging_mixin.py:137} INFO - [2024-03-05T12:42:15.740+0000] {taskmixin.py:205} WARNING - Dependency <Task(_PythonDecoratedOperator): log_sql_query>, print_the_context already registered for DAG: example_python_operator
[2024-03-05T12:42:15.743+0000] {logging_mixin.py:137} INFO - [2024-03-05T12:42:15.743+0000] {taskmixin.py:205} WARNING - Dependency <Task(_PythonDecoratedOperator): print_the_context>, log_sql_query already registered for DAG: example_python_operator
[2024-03-05T12:42:15.743+0000] {logging_mixin.py:137} INFO - [2024-03-05T12:42:15.743+0000] {taskmixin.py:205} WARNING - Dependency <Task(_PythonDecoratedOperator): log_sql_query>, print_the_context already registered for DAG: example_python_operator
[2024-03-05T12:42:15.746+0000] {logging_mixin.py:137} INFO - [2024-03-05T12:42:15.746+0000] {taskmixin.py:205} WARNING - Dependency <Task(_PythonDecoratedOperator): print_the_context>, log_sql_query already registered for DAG: example_python_operator
[2024-03-05T12:42:15.747+0000] {logging_mixin.py:137} INFO - [2024-03-05T12:42:15.747+0000] {taskmixin.py:205} WARNING - Dependency <Task(_PythonDecoratedOperator): log_sql_query>, print_the_context already registered for DAG: example_python_operator
[2024-03-05T12:42:15.754+0000] {processor.py:753} INFO - DAG(s) dict_keys(['example_python_operator']) retrieved from /home/airflow/.local/lib/python3.7/site-packages/airflow/example_dags/example_python_operator.py
[2024-03-05T12:42:15.766+0000] {logging_mixin.py:137} INFO - [2024-03-05T12:42:15.766+0000] {dag.py:2690} INFO - Sync 1 DAGs
[2024-03-05T12:42:15.790+0000] {logging_mixin.py:137} INFO - [2024-03-05T12:42:15.790+0000] {dag.py:3441} INFO - Setting next_dagrun for example_python_operator to None, run_after=None
[2024-03-05T12:42:15.803+0000] {processor.py:175} INFO - Processing /home/airflow/.local/lib/python3.7/site-packages/airflow/example_dags/example_python_operator.py took 0.083 seconds
[2024-03-05T12:42:45.889+0000] {processor.py:153} INFO - Started process (PID=149) to work on /home/airflow/.local/lib/python3.7/site-packages/airflow/example_dags/example_python_operator.py
[2024-03-05T12:42:45.889+0000] {processor.py:743} INFO - Processing file /home/airflow/.local/lib/python3.7/site-packages/airflow/example_dags/example_python_operator.py for tasks to queue
[2024-03-05T12:42:45.890+0000] {logging_mixin.py:137} INFO - [2024-03-05T12:42:45.890+0000] {dagbag.py:538} INFO - Filling up the DagBag from /home/airflow/.local/lib/python3.7/site-packages/airflow/example_dags/example_python_operator.py
[2024-03-05T12:42:45.902+0000] {logging_mixin.py:137} INFO - [2024-03-05T12:42:45.902+0000] {taskmixin.py:205} WARNING - Dependency <Task(_PythonDecoratedOperator): print_the_context>, log_sql_query already registered for DAG: example_python_operator
[2024-03-05T12:42:45.902+0000] {logging_mixin.py:137} INFO - [2024-03-05T12:42:45.902+0000] {taskmixin.py:205} WARNING - Dependency <Task(_PythonDecoratedOperator): log_sql_query>, print_the_context already registered for DAG: example_python_operator
[2024-03-05T12:42:45.902+0000] {logging_mixin.py:137} INFO - [2024-03-05T12:42:45.902+0000] {taskmixin.py:205} WARNING - Dependency <Task(_PythonDecoratedOperator): print_the_context>, log_sql_query already registered for DAG: example_python_operator
[2024-03-05T12:42:45.902+0000] {logging_mixin.py:137} INFO - [2024-03-05T12:42:45.902+0000] {taskmixin.py:205} WARNING - Dependency <Task(_PythonDecoratedOperator): log_sql_query>, print_the_context already registered for DAG: example_python_operator
[2024-03-05T12:42:45.903+0000] {logging_mixin.py:137} INFO - [2024-03-05T12:42:45.903+0000] {taskmixin.py:205} WARNING - Dependency <Task(_PythonDecoratedOperator): print_the_context>, log_sql_query already registered for DAG: example_python_operator
[2024-03-05T12:42:45.903+0000] {logging_mixin.py:137} INFO - [2024-03-05T12:42:45.903+0000] {taskmixin.py:205} WARNING - Dependency <Task(_PythonDecoratedOperator): log_sql_query>, print_the_context already registered for DAG: example_python_operator
[2024-03-05T12:42:45.904+0000] {logging_mixin.py:137} INFO - [2024-03-05T12:42:45.904+0000] {taskmixin.py:205} WARNING - Dependency <Task(_PythonDecoratedOperator): print_the_context>, log_sql_query already registered for DAG: example_python_operator
[2024-03-05T12:42:45.904+0000] {logging_mixin.py:137} INFO - [2024-03-05T12:42:45.904+0000] {taskmixin.py:205} WARNING - Dependency <Task(_PythonDecoratedOperator): log_sql_query>, print_the_context already registered for DAG: example_python_operator
[2024-03-05T12:42:45.908+0000] {processor.py:753} INFO - DAG(s) dict_keys(['example_python_operator']) retrieved from /home/airflow/.local/lib/python3.7/site-packages/airflow/example_dags/example_python_operator.py
[2024-03-05T12:42:45.940+0000] {logging_mixin.py:137} INFO - [2024-03-05T12:42:45.940+0000] {dag.py:2690} INFO - Sync 1 DAGs
[2024-03-05T12:42:45.952+0000] {logging_mixin.py:137} INFO - [2024-03-05T12:42:45.952+0000] {dag.py:3441} INFO - Setting next_dagrun for example_python_operator to None, run_after=None
[2024-03-05T12:42:45.967+0000] {processor.py:175} INFO - Processing /home/airflow/.local/lib/python3.7/site-packages/airflow/example_dags/example_python_operator.py took 0.080 seconds
[2024-03-05T12:43:16.767+0000] {processor.py:153} INFO - Started process (PID=225) to work on /home/airflow/.local/lib/python3.7/site-packages/airflow/example_dags/example_python_operator.py
[2024-03-05T12:43:16.767+0000] {processor.py:743} INFO - Processing file /home/airflow/.local/lib/python3.7/site-packages/airflow/example_dags/example_python_operator.py for tasks to queue
[2024-03-05T12:43:16.768+0000] {logging_mixin.py:137} INFO - [2024-03-05T12:43:16.768+0000] {dagbag.py:538} INFO - Filling up the DagBag from /home/airflow/.local/lib/python3.7/site-packages/airflow/example_dags/example_python_operator.py
[2024-03-05T12:43:16.777+0000] {logging_mixin.py:137} INFO - [2024-03-05T12:43:16.777+0000] {taskmixin.py:205} WARNING - Dependency <Task(_PythonDecoratedOperator): print_the_context>, log_sql_query already registered for DAG: example_python_operator
[2024-03-05T12:43:16.777+0000] {logging_mixin.py:137} INFO - [2024-03-05T12:43:16.777+0000] {taskmixin.py:205} WARNING - Dependency <Task(_PythonDecoratedOperator): log_sql_query>, print_the_context already registered for DAG: example_python_operator
[2024-03-05T12:43:16.777+0000] {logging_mixin.py:137} INFO - [2024-03-05T12:43:16.777+0000] {taskmixin.py:205} WARNING - Dependency <Task(_PythonDecoratedOperator): print_the_context>, log_sql_query already registered for DAG: example_python_operator
[2024-03-05T12:43:16.777+0000] {logging_mixin.py:137} INFO - [2024-03-05T12:43:16.777+0000] {taskmixin.py:205} WARNING - Dependency <Task(_PythonDecoratedOperator): log_sql_query>, print_the_context already registered for DAG: example_python_operator
[2024-03-05T12:43:16.778+0000] {logging_mixin.py:137} INFO - [2024-03-05T12:43:16.778+0000] {taskmixin.py:205} WARNING - Dependency <Task(_PythonDecoratedOperator): print_the_context>, log_sql_query already registered for DAG: example_python_operator
[2024-03-05T12:43:16.778+0000] {logging_mixin.py:137} INFO - [2024-03-05T12:43:16.778+0000] {taskmixin.py:205} WARNING - Dependency <Task(_PythonDecoratedOperator): log_sql_query>, print_the_context already registered for DAG: example_python_operator
[2024-03-05T12:43:16.778+0000] {logging_mixin.py:137} INFO - [2024-03-05T12:43:16.778+0000] {taskmixin.py:205} WARNING - Dependency <Task(_PythonDecoratedOperator): print_the_context>, log_sql_query already registered for DAG: example_python_operator
[2024-03-05T12:43:16.779+0000] {logging_mixin.py:137} INFO - [2024-03-05T12:43:16.779+0000] {taskmixin.py:205} WARNING - Dependency <Task(_PythonDecoratedOperator): log_sql_query>, print_the_context already registered for DAG: example_python_operator
[2024-03-05T12:43:16.782+0000] {processor.py:753} INFO - DAG(s) dict_keys(['example_python_operator']) retrieved from /home/airflow/.local/lib/python3.7/site-packages/airflow/example_dags/example_python_operator.py
[2024-03-05T12:43:16.794+0000] {logging_mixin.py:137} INFO - [2024-03-05T12:43:16.794+0000] {dag.py:2690} INFO - Sync 1 DAGs
[2024-03-05T12:43:16.806+0000] {logging_mixin.py:137} INFO - [2024-03-05T12:43:16.806+0000] {dag.py:3441} INFO - Setting next_dagrun for example_python_operator to None, run_after=None
[2024-03-05T12:43:16.816+0000] {processor.py:175} INFO - Processing /home/airflow/.local/lib/python3.7/site-packages/airflow/example_dags/example_python_operator.py took 0.051 seconds
[2024-03-05T12:43:47.549+0000] {processor.py:153} INFO - Started process (PID=319) to work on /home/airflow/.local/lib/python3.7/site-packages/airflow/example_dags/example_python_operator.py
[2024-03-05T12:43:47.549+0000] {processor.py:743} INFO - Processing file /home/airflow/.local/lib/python3.7/site-packages/airflow/example_dags/example_python_operator.py for tasks to queue
[2024-03-05T12:43:47.550+0000] {logging_mixin.py:137} INFO - [2024-03-05T12:43:47.550+0000] {dagbag.py:538} INFO - Filling up the DagBag from /home/airflow/.local/lib/python3.7/site-packages/airflow/example_dags/example_python_operator.py
[2024-03-05T12:43:47.559+0000] {logging_mixin.py:137} INFO - [2024-03-05T12:43:47.559+0000] {taskmixin.py:205} WARNING - Dependency <Task(_PythonDecoratedOperator): print_the_context>, log_sql_query already registered for DAG: example_python_operator
[2024-03-05T12:43:47.559+0000] {logging_mixin.py:137} INFO - [2024-03-05T12:43:47.559+0000] {taskmixin.py:205} WARNING - Dependency <Task(_PythonDecoratedOperator): log_sql_query>, print_the_context already registered for DAG: example_python_operator
[2024-03-05T12:43:47.560+0000] {logging_mixin.py:137} INFO - [2024-03-05T12:43:47.560+0000] {taskmixin.py:205} WARNING - Dependency <Task(_PythonDecoratedOperator): print_the_context>, log_sql_query already registered for DAG: example_python_operator
[2024-03-05T12:43:47.560+0000] {logging_mixin.py:137} INFO - [2024-03-05T12:43:47.560+0000] {taskmixin.py:205} WARNING - Dependency <Task(_PythonDecoratedOperator): log_sql_query>, print_the_context already registered for DAG: example_python_operator
[2024-03-05T12:43:47.560+0000] {logging_mixin.py:137} INFO - [2024-03-05T12:43:47.560+0000] {taskmixin.py:205} WARNING - Dependency <Task(_PythonDecoratedOperator): print_the_context>, log_sql_query already registered for DAG: example_python_operator
[2024-03-05T12:43:47.560+0000] {logging_mixin.py:137} INFO - [2024-03-05T12:43:47.560+0000] {taskmixin.py:205} WARNING - Dependency <Task(_PythonDecoratedOperator): log_sql_query>, print_the_context already registered for DAG: example_python_operator
[2024-03-05T12:43:47.561+0000] {logging_mixin.py:137} INFO - [2024-03-05T12:43:47.561+0000] {taskmixin.py:205} WARNING - Dependency <Task(_PythonDecoratedOperator): print_the_context>, log_sql_query already registered for DAG: example_python_operator
[2024-03-05T12:43:47.561+0000] {logging_mixin.py:137} INFO - [2024-03-05T12:43:47.561+0000] {taskmixin.py:205} WARNING - Dependency <Task(_PythonDecoratedOperator): log_sql_query>, print_the_context already registered for DAG: example_python_operator
[2024-03-05T12:43:47.564+0000] {processor.py:753} INFO - DAG(s) dict_keys(['example_python_operator']) retrieved from /home/airflow/.local/lib/python3.7/site-packages/airflow/example_dags/example_python_operator.py
[2024-03-05T12:43:47.577+0000] {logging_mixin.py:137} INFO - [2024-03-05T12:43:47.577+0000] {dag.py:2690} INFO - Sync 1 DAGs
[2024-03-05T12:43:47.591+0000] {logging_mixin.py:137} INFO - [2024-03-05T12:43:47.590+0000] {dag.py:3441} INFO - Setting next_dagrun for example_python_operator to None, run_after=None
[2024-03-05T12:43:47.599+0000] {processor.py:175} INFO - Processing /home/airflow/.local/lib/python3.7/site-packages/airflow/example_dags/example_python_operator.py took 0.052 seconds
[2024-03-05T12:44:18.100+0000] {processor.py:153} INFO - Started process (PID=412) to work on /home/airflow/.local/lib/python3.7/site-packages/airflow/example_dags/example_python_operator.py
[2024-03-05T12:44:18.101+0000] {processor.py:743} INFO - Processing file /home/airflow/.local/lib/python3.7/site-packages/airflow/example_dags/example_python_operator.py for tasks to queue
[2024-03-05T12:44:18.101+0000] {logging_mixin.py:137} INFO - [2024-03-05T12:44:18.101+0000] {dagbag.py:538} INFO - Filling up the DagBag from /home/airflow/.local/lib/python3.7/site-packages/airflow/example_dags/example_python_operator.py
[2024-03-05T12:44:18.110+0000] {logging_mixin.py:137} INFO - [2024-03-05T12:44:18.110+0000] {taskmixin.py:205} WARNING - Dependency <Task(_PythonDecoratedOperator): print_the_context>, log_sql_query already registered for DAG: example_python_operator
[2024-03-05T12:44:18.110+0000] {logging_mixin.py:137} INFO - [2024-03-05T12:44:18.110+0000] {taskmixin.py:205} WARNING - Dependency <Task(_PythonDecoratedOperator): log_sql_query>, print_the_context already registered for DAG: example_python_operator
[2024-03-05T12:44:18.111+0000] {logging_mixin.py:137} INFO - [2024-03-05T12:44:18.111+0000] {taskmixin.py:205} WARNING - Dependency <Task(_PythonDecoratedOperator): print_the_context>, log_sql_query already registered for DAG: example_python_operator
[2024-03-05T12:44:18.111+0000] {logging_mixin.py:137} INFO - [2024-03-05T12:44:18.111+0000] {taskmixin.py:205} WARNING - Dependency <Task(_PythonDecoratedOperator): log_sql_query>, print_the_context already registered for DAG: example_python_operator
[2024-03-05T12:44:18.112+0000] {logging_mixin.py:137} INFO - [2024-03-05T12:44:18.111+0000] {taskmixin.py:205} WARNING - Dependency <Task(_PythonDecoratedOperator): print_the_context>, log_sql_query already registered for DAG: example_python_operator
[2024-03-05T12:44:18.112+0000] {logging_mixin.py:137} INFO - [2024-03-05T12:44:18.112+0000] {taskmixin.py:205} WARNING - Dependency <Task(_PythonDecoratedOperator): log_sql_query>, print_the_context already registered for DAG: example_python_operator
[2024-03-05T12:44:18.112+0000] {logging_mixin.py:137} INFO - [2024-03-05T12:44:18.112+0000] {taskmixin.py:205} WARNING - Dependency <Task(_PythonDecoratedOperator): print_the_context>, log_sql_query already registered for DAG: example_python_operator
[2024-03-05T12:44:18.112+0000] {logging_mixin.py:137} INFO - [2024-03-05T12:44:18.112+0000] {taskmixin.py:205} WARNING - Dependency <Task(_PythonDecoratedOperator): log_sql_query>, print_the_context already registered for DAG: example_python_operator
[2024-03-05T12:44:18.117+0000] {processor.py:753} INFO - DAG(s) dict_keys(['example_python_operator']) retrieved from /home/airflow/.local/lib/python3.7/site-packages/airflow/example_dags/example_python_operator.py
[2024-03-05T12:44:18.130+0000] {logging_mixin.py:137} INFO - [2024-03-05T12:44:18.130+0000] {dag.py:2690} INFO - Sync 1 DAGs
[2024-03-05T12:44:18.142+0000] {logging_mixin.py:137} INFO - [2024-03-05T12:44:18.142+0000] {dag.py:3441} INFO - Setting next_dagrun for example_python_operator to None, run_after=None
[2024-03-05T12:44:18.151+0000] {processor.py:175} INFO - Processing /home/airflow/.local/lib/python3.7/site-packages/airflow/example_dags/example_python_operator.py took 0.052 seconds
[2024-03-05T12:44:48.697+0000] {processor.py:153} INFO - Started process (PID=506) to work on /home/airflow/.local/lib/python3.7/site-packages/airflow/example_dags/example_python_operator.py
[2024-03-05T12:44:48.700+0000] {processor.py:743} INFO - Processing file /home/airflow/.local/lib/python3.7/site-packages/airflow/example_dags/example_python_operator.py for tasks to queue
[2024-03-05T12:44:48.702+0000] {logging_mixin.py:137} INFO - [2024-03-05T12:44:48.702+0000] {dagbag.py:538} INFO - Filling up the DagBag from /home/airflow/.local/lib/python3.7/site-packages/airflow/example_dags/example_python_operator.py
[2024-03-05T12:44:48.718+0000] {logging_mixin.py:137} INFO - [2024-03-05T12:44:48.718+0000] {taskmixin.py:205} WARNING - Dependency <Task(_PythonDecoratedOperator): print_the_context>, log_sql_query already registered for DAG: example_python_operator
[2024-03-05T12:44:48.719+0000] {logging_mixin.py:137} INFO - [2024-03-05T12:44:48.719+0000] {taskmixin.py:205} WARNING - Dependency <Task(_PythonDecoratedOperator): log_sql_query>, print_the_context already registered for DAG: example_python_operator
[2024-03-05T12:44:48.720+0000] {logging_mixin.py:137} INFO - [2024-03-05T12:44:48.720+0000] {taskmixin.py:205} WARNING - Dependency <Task(_PythonDecoratedOperator): print_the_context>, log_sql_query already registered for DAG: example_python_operator
[2024-03-05T12:44:48.721+0000] {logging_mixin.py:137} INFO - [2024-03-05T12:44:48.721+0000] {taskmixin.py:205} WARNING - Dependency <Task(_PythonDecoratedOperator): log_sql_query>, print_the_context already registered for DAG: example_python_operator
[2024-03-05T12:44:48.723+0000] {logging_mixin.py:137} INFO - [2024-03-05T12:44:48.722+0000] {taskmixin.py:205} WARNING - Dependency <Task(_PythonDecoratedOperator): print_the_context>, log_sql_query already registered for DAG: example_python_operator
[2024-03-05T12:44:48.723+0000] {logging_mixin.py:137} INFO - [2024-03-05T12:44:48.723+0000] {taskmixin.py:205} WARNING - Dependency <Task(_PythonDecoratedOperator): log_sql_query>, print_the_context already registered for DAG: example_python_operator
[2024-03-05T12:44:48.724+0000] {logging_mixin.py:137} INFO - [2024-03-05T12:44:48.724+0000] {taskmixin.py:205} WARNING - Dependency <Task(_PythonDecoratedOperator): print_the_context>, log_sql_query already registered for DAG: example_python_operator
[2024-03-05T12:44:48.724+0000] {logging_mixin.py:137} INFO - [2024-03-05T12:44:48.724+0000] {taskmixin.py:205} WARNING - Dependency <Task(_PythonDecoratedOperator): log_sql_query>, print_the_context already registered for DAG: example_python_operator
[2024-03-05T12:44:48.729+0000] {processor.py:753} INFO - DAG(s) dict_keys(['example_python_operator']) retrieved from /home/airflow/.local/lib/python3.7/site-packages/airflow/example_dags/example_python_operator.py
[2024-03-05T12:44:48.742+0000] {logging_mixin.py:137} INFO - [2024-03-05T12:44:48.742+0000] {dag.py:2690} INFO - Sync 1 DAGs
[2024-03-05T12:44:48.758+0000] {logging_mixin.py:137} INFO - [2024-03-05T12:44:48.758+0000] {dag.py:3441} INFO - Setting next_dagrun for example_python_operator to None, run_after=None
[2024-03-05T12:44:48.773+0000] {processor.py:175} INFO - Processing /home/airflow/.local/lib/python3.7/site-packages/airflow/example_dags/example_python_operator.py took 0.079 seconds
[2024-03-05T12:45:19.218+0000] {processor.py:153} INFO - Started process (PID=582) to work on /home/airflow/.local/lib/python3.7/site-packages/airflow/example_dags/example_python_operator.py
[2024-03-05T12:45:19.219+0000] {processor.py:743} INFO - Processing file /home/airflow/.local/lib/python3.7/site-packages/airflow/example_dags/example_python_operator.py for tasks to queue
[2024-03-05T12:45:19.220+0000] {logging_mixin.py:137} INFO - [2024-03-05T12:45:19.220+0000] {dagbag.py:538} INFO - Filling up the DagBag from /home/airflow/.local/lib/python3.7/site-packages/airflow/example_dags/example_python_operator.py
[2024-03-05T12:45:19.232+0000] {logging_mixin.py:137} INFO - [2024-03-05T12:45:19.232+0000] {taskmixin.py:205} WARNING - Dependency <Task(_PythonDecoratedOperator): print_the_context>, log_sql_query already registered for DAG: example_python_operator
[2024-03-05T12:45:19.232+0000] {logging_mixin.py:137} INFO - [2024-03-05T12:45:19.232+0000] {taskmixin.py:205} WARNING - Dependency <Task(_PythonDecoratedOperator): log_sql_query>, print_the_context already registered for DAG: example_python_operator
[2024-03-05T12:45:19.233+0000] {logging_mixin.py:137} INFO - [2024-03-05T12:45:19.233+0000] {taskmixin.py:205} WARNING - Dependency <Task(_PythonDecoratedOperator): print_the_context>, log_sql_query already registered for DAG: example_python_operator
[2024-03-05T12:45:19.233+0000] {logging_mixin.py:137} INFO - [2024-03-05T12:45:19.233+0000] {taskmixin.py:205} WARNING - Dependency <Task(_PythonDecoratedOperator): log_sql_query>, print_the_context already registered for DAG: example_python_operator
[2024-03-05T12:45:19.234+0000] {logging_mixin.py:137} INFO - [2024-03-05T12:45:19.233+0000] {taskmixin.py:205} WARNING - Dependency <Task(_PythonDecoratedOperator): print_the_context>, log_sql_query already registered for DAG: example_python_operator
[2024-03-05T12:45:19.234+0000] {logging_mixin.py:137} INFO - [2024-03-05T12:45:19.234+0000] {taskmixin.py:205} WARNING - Dependency <Task(_PythonDecoratedOperator): log_sql_query>, print_the_context already registered for DAG: example_python_operator
[2024-03-05T12:45:19.234+0000] {logging_mixin.py:137} INFO - [2024-03-05T12:45:19.234+0000] {taskmixin.py:205} WARNING - Dependency <Task(_PythonDecoratedOperator): print_the_context>, log_sql_query already registered for DAG: example_python_operator
[2024-03-05T12:45:19.235+0000] {logging_mixin.py:137} INFO - [2024-03-05T12:45:19.234+0000] {taskmixin.py:205} WARNING - Dependency <Task(_PythonDecoratedOperator): log_sql_query>, print_the_context already registered for DAG: example_python_operator
[2024-03-05T12:45:19.238+0000] {processor.py:753} INFO - DAG(s) dict_keys(['example_python_operator']) retrieved from /home/airflow/.local/lib/python3.7/site-packages/airflow/example_dags/example_python_operator.py
[2024-03-05T12:45:19.252+0000] {logging_mixin.py:137} INFO - [2024-03-05T12:45:19.252+0000] {dag.py:2690} INFO - Sync 1 DAGs
[2024-03-05T12:45:19.264+0000] {logging_mixin.py:137} INFO - [2024-03-05T12:45:19.264+0000] {dag.py:3441} INFO - Setting next_dagrun for example_python_operator to None, run_after=None
[2024-03-05T12:45:19.273+0000] {processor.py:175} INFO - Processing /home/airflow/.local/lib/python3.7/site-packages/airflow/example_dags/example_python_operator.py took 0.058 seconds
[2024-03-05T12:45:49.806+0000] {processor.py:153} INFO - Started process (PID=676) to work on /home/airflow/.local/lib/python3.7/site-packages/airflow/example_dags/example_python_operator.py
[2024-03-05T12:45:49.806+0000] {processor.py:743} INFO - Processing file /home/airflow/.local/lib/python3.7/site-packages/airflow/example_dags/example_python_operator.py for tasks to queue
[2024-03-05T12:45:49.807+0000] {logging_mixin.py:137} INFO - [2024-03-05T12:45:49.807+0000] {dagbag.py:538} INFO - Filling up the DagBag from /home/airflow/.local/lib/python3.7/site-packages/airflow/example_dags/example_python_operator.py
[2024-03-05T12:45:49.815+0000] {logging_mixin.py:137} INFO - [2024-03-05T12:45:49.815+0000] {taskmixin.py:205} WARNING - Dependency <Task(_PythonDecoratedOperator): print_the_context>, log_sql_query already registered for DAG: example_python_operator
[2024-03-05T12:45:49.815+0000] {logging_mixin.py:137} INFO - [2024-03-05T12:45:49.815+0000] {taskmixin.py:205} WARNING - Dependency <Task(_PythonDecoratedOperator): log_sql_query>, print_the_context already registered for DAG: example_python_operator
[2024-03-05T12:45:49.815+0000] {logging_mixin.py:137} INFO - [2024-03-05T12:45:49.815+0000] {taskmixin.py:205} WARNING - Dependency <Task(_PythonDecoratedOperator): print_the_context>, log_sql_query already registered for DAG: example_python_operator
[2024-03-05T12:45:49.816+0000] {logging_mixin.py:137} INFO - [2024-03-05T12:45:49.816+0000] {taskmixin.py:205} WARNING - Dependency <Task(_PythonDecoratedOperator): log_sql_query>, print_the_context already registered for DAG: example_python_operator
[2024-03-05T12:45:49.816+0000] {logging_mixin.py:137} INFO - [2024-03-05T12:45:49.816+0000] {taskmixin.py:205} WARNING - Dependency <Task(_PythonDecoratedOperator): print_the_context>, log_sql_query already registered for DAG: example_python_operator
[2024-03-05T12:45:49.816+0000] {logging_mixin.py:137} INFO - [2024-03-05T12:45:49.816+0000] {taskmixin.py:205} WARNING - Dependency <Task(_PythonDecoratedOperator): log_sql_query>, print_the_context already registered for DAG: example_python_operator
[2024-03-05T12:45:49.817+0000] {logging_mixin.py:137} INFO - [2024-03-05T12:45:49.816+0000] {taskmixin.py:205} WARNING - Dependency <Task(_PythonDecoratedOperator): print_the_context>, log_sql_query already registered for DAG: example_python_operator
[2024-03-05T12:45:49.817+0000] {logging_mixin.py:137} INFO - [2024-03-05T12:45:49.817+0000] {taskmixin.py:205} WARNING - Dependency <Task(_PythonDecoratedOperator): log_sql_query>, print_the_context already registered for DAG: example_python_operator
[2024-03-05T12:45:49.820+0000] {processor.py:753} INFO - DAG(s) dict_keys(['example_python_operator']) retrieved from /home/airflow/.local/lib/python3.7/site-packages/airflow/example_dags/example_python_operator.py
[2024-03-05T12:45:49.833+0000] {logging_mixin.py:137} INFO - [2024-03-05T12:45:49.833+0000] {dag.py:2690} INFO - Sync 1 DAGs
[2024-03-05T12:45:49.845+0000] {logging_mixin.py:137} INFO - [2024-03-05T12:45:49.845+0000] {dag.py:3441} INFO - Setting next_dagrun for example_python_operator to None, run_after=None
[2024-03-05T12:45:49.854+0000] {processor.py:175} INFO - Processing /home/airflow/.local/lib/python3.7/site-packages/airflow/example_dags/example_python_operator.py took 0.050 seconds
[2024-03-05T12:46:20.389+0000] {processor.py:153} INFO - Started process (PID=770) to work on /home/airflow/.local/lib/python3.7/site-packages/airflow/example_dags/example_python_operator.py
[2024-03-05T12:46:20.392+0000] {processor.py:743} INFO - Processing file /home/airflow/.local/lib/python3.7/site-packages/airflow/example_dags/example_python_operator.py for tasks to queue
[2024-03-05T12:46:20.392+0000] {logging_mixin.py:137} INFO - [2024-03-05T12:46:20.392+0000] {dagbag.py:538} INFO - Filling up the DagBag from /home/airflow/.local/lib/python3.7/site-packages/airflow/example_dags/example_python_operator.py
[2024-03-05T12:46:20.401+0000] {logging_mixin.py:137} INFO - [2024-03-05T12:46:20.401+0000] {taskmixin.py:205} WARNING - Dependency <Task(_PythonDecoratedOperator): print_the_context>, log_sql_query already registered for DAG: example_python_operator
[2024-03-05T12:46:20.402+0000] {logging_mixin.py:137} INFO - [2024-03-05T12:46:20.401+0000] {taskmixin.py:205} WARNING - Dependency <Task(_PythonDecoratedOperator): log_sql_query>, print_the_context already registered for DAG: example_python_operator
[2024-03-05T12:46:20.402+0000] {logging_mixin.py:137} INFO - [2024-03-05T12:46:20.402+0000] {taskmixin.py:205} WARNING - Dependency <Task(_PythonDecoratedOperator): print_the_context>, log_sql_query already registered for DAG: example_python_operator
[2024-03-05T12:46:20.403+0000] {logging_mixin.py:137} INFO - [2024-03-05T12:46:20.403+0000] {taskmixin.py:205} WARNING - Dependency <Task(_PythonDecoratedOperator): log_sql_query>, print_the_context already registered for DAG: example_python_operator
[2024-03-05T12:46:20.404+0000] {logging_mixin.py:137} INFO - [2024-03-05T12:46:20.404+0000] {taskmixin.py:205} WARNING - Dependency <Task(_PythonDecoratedOperator): print_the_context>, log_sql_query already registered for DAG: example_python_operator
[2024-03-05T12:46:20.406+0000] {logging_mixin.py:137} INFO - [2024-03-05T12:46:20.405+0000] {taskmixin.py:205} WARNING - Dependency <Task(_PythonDecoratedOperator): log_sql_query>, print_the_context already registered for DAG: example_python_operator
[2024-03-05T12:46:20.406+0000] {logging_mixin.py:137} INFO - [2024-03-05T12:46:20.406+0000] {taskmixin.py:205} WARNING - Dependency <Task(_PythonDecoratedOperator): print_the_context>, log_sql_query already registered for DAG: example_python_operator
[2024-03-05T12:46:20.410+0000] {logging_mixin.py:137} INFO - [2024-03-05T12:46:20.410+0000] {taskmixin.py:205} WARNING - Dependency <Task(_PythonDecoratedOperator): log_sql_query>, print_the_context already registered for DAG: example_python_operator
[2024-03-05T12:46:20.414+0000] {processor.py:753} INFO - DAG(s) dict_keys(['example_python_operator']) retrieved from /home/airflow/.local/lib/python3.7/site-packages/airflow/example_dags/example_python_operator.py
[2024-03-05T12:46:20.431+0000] {logging_mixin.py:137} INFO - [2024-03-05T12:46:20.431+0000] {dag.py:2690} INFO - Sync 1 DAGs
[2024-03-05T12:46:20.445+0000] {logging_mixin.py:137} INFO - [2024-03-05T12:46:20.445+0000] {dag.py:3441} INFO - Setting next_dagrun for example_python_operator to None, run_after=None
[2024-03-05T12:46:20.457+0000] {processor.py:175} INFO - Processing /home/airflow/.local/lib/python3.7/site-packages/airflow/example_dags/example_python_operator.py took 0.070 seconds
[2024-03-05T12:46:51.131+0000] {processor.py:153} INFO - Started process (PID=846) to work on /home/airflow/.local/lib/python3.7/site-packages/airflow/example_dags/example_python_operator.py
[2024-03-05T12:46:51.131+0000] {processor.py:743} INFO - Processing file /home/airflow/.local/lib/python3.7/site-packages/airflow/example_dags/example_python_operator.py for tasks to queue
[2024-03-05T12:46:51.132+0000] {logging_mixin.py:137} INFO - [2024-03-05T12:46:51.131+0000] {dagbag.py:538} INFO - Filling up the DagBag from /home/airflow/.local/lib/python3.7/site-packages/airflow/example_dags/example_python_operator.py
[2024-03-05T12:46:51.141+0000] {logging_mixin.py:137} INFO - [2024-03-05T12:46:51.141+0000] {taskmixin.py:205} WARNING - Dependency <Task(_PythonDecoratedOperator): print_the_context>, log_sql_query already registered for DAG: example_python_operator
[2024-03-05T12:46:51.141+0000] {logging_mixin.py:137} INFO - [2024-03-05T12:46:51.141+0000] {taskmixin.py:205} WARNING - Dependency <Task(_PythonDecoratedOperator): log_sql_query>, print_the_context already registered for DAG: example_python_operator
[2024-03-05T12:46:51.141+0000] {logging_mixin.py:137} INFO - [2024-03-05T12:46:51.141+0000] {taskmixin.py:205} WARNING - Dependency <Task(_PythonDecoratedOperator): print_the_context>, log_sql_query already registered for DAG: example_python_operator
[2024-03-05T12:46:51.141+0000] {logging_mixin.py:137} INFO - [2024-03-05T12:46:51.141+0000] {taskmixin.py:205} WARNING - Dependency <Task(_PythonDecoratedOperator): log_sql_query>, print_the_context already registered for DAG: example_python_operator
[2024-03-05T12:46:51.142+0000] {logging_mixin.py:137} INFO - [2024-03-05T12:46:51.142+0000] {taskmixin.py:205} WARNING - Dependency <Task(_PythonDecoratedOperator): print_the_context>, log_sql_query already registered for DAG: example_python_operator
[2024-03-05T12:46:51.142+0000] {logging_mixin.py:137} INFO - [2024-03-05T12:46:51.142+0000] {taskmixin.py:205} WARNING - Dependency <Task(_PythonDecoratedOperator): log_sql_query>, print_the_context already registered for DAG: example_python_operator
[2024-03-05T12:46:51.143+0000] {logging_mixin.py:137} INFO - [2024-03-05T12:46:51.142+0000] {taskmixin.py:205} WARNING - Dependency <Task(_PythonDecoratedOperator): print_the_context>, log_sql_query already registered for DAG: example_python_operator
[2024-03-05T12:46:51.143+0000] {logging_mixin.py:137} INFO - [2024-03-05T12:46:51.143+0000] {taskmixin.py:205} WARNING - Dependency <Task(_PythonDecoratedOperator): log_sql_query>, print_the_context already registered for DAG: example_python_operator
[2024-03-05T12:46:51.146+0000] {processor.py:753} INFO - DAG(s) dict_keys(['example_python_operator']) retrieved from /home/airflow/.local/lib/python3.7/site-packages/airflow/example_dags/example_python_operator.py
[2024-03-05T12:46:51.158+0000] {logging_mixin.py:137} INFO - [2024-03-05T12:46:51.158+0000] {dag.py:2690} INFO - Sync 1 DAGs
[2024-03-05T12:46:51.168+0000] {logging_mixin.py:137} INFO - [2024-03-05T12:46:51.168+0000] {dag.py:3441} INFO - Setting next_dagrun for example_python_operator to None, run_after=None
[2024-03-05T12:46:51.177+0000] {processor.py:175} INFO - Processing /home/airflow/.local/lib/python3.7/site-packages/airflow/example_dags/example_python_operator.py took 0.048 seconds
[2024-03-05T12:47:21.748+0000] {processor.py:153} INFO - Started process (PID=940) to work on /home/airflow/.local/lib/python3.7/site-packages/airflow/example_dags/example_python_operator.py
[2024-03-05T12:47:21.749+0000] {processor.py:743} INFO - Processing file /home/airflow/.local/lib/python3.7/site-packages/airflow/example_dags/example_python_operator.py for tasks to queue
[2024-03-05T12:47:21.749+0000] {logging_mixin.py:137} INFO - [2024-03-05T12:47:21.749+0000] {dagbag.py:538} INFO - Filling up the DagBag from /home/airflow/.local/lib/python3.7/site-packages/airflow/example_dags/example_python_operator.py
[2024-03-05T12:47:21.758+0000] {logging_mixin.py:137} INFO - [2024-03-05T12:47:21.757+0000] {taskmixin.py:205} WARNING - Dependency <Task(_PythonDecoratedOperator): print_the_context>, log_sql_query already registered for DAG: example_python_operator
[2024-03-05T12:47:21.758+0000] {logging_mixin.py:137} INFO - [2024-03-05T12:47:21.758+0000] {taskmixin.py:205} WARNING - Dependency <Task(_PythonDecoratedOperator): log_sql_query>, print_the_context already registered for DAG: example_python_operator
[2024-03-05T12:47:21.758+0000] {logging_mixin.py:137} INFO - [2024-03-05T12:47:21.758+0000] {taskmixin.py:205} WARNING - Dependency <Task(_PythonDecoratedOperator): print_the_context>, log_sql_query already registered for DAG: example_python_operator
[2024-03-05T12:47:21.758+0000] {logging_mixin.py:137} INFO - [2024-03-05T12:47:21.758+0000] {taskmixin.py:205} WARNING - Dependency <Task(_PythonDecoratedOperator): log_sql_query>, print_the_context already registered for DAG: example_python_operator
[2024-03-05T12:47:21.759+0000] {logging_mixin.py:137} INFO - [2024-03-05T12:47:21.759+0000] {taskmixin.py:205} WARNING - Dependency <Task(_PythonDecoratedOperator): print_the_context>, log_sql_query already registered for DAG: example_python_operator
[2024-03-05T12:47:21.759+0000] {logging_mixin.py:137} INFO - [2024-03-05T12:47:21.759+0000] {taskmixin.py:205} WARNING - Dependency <Task(_PythonDecoratedOperator): log_sql_query>, print_the_context already registered for DAG: example_python_operator
[2024-03-05T12:47:21.759+0000] {logging_mixin.py:137} INFO - [2024-03-05T12:47:21.759+0000] {taskmixin.py:205} WARNING - Dependency <Task(_PythonDecoratedOperator): print_the_context>, log_sql_query already registered for DAG: example_python_operator
[2024-03-05T12:47:21.760+0000] {logging_mixin.py:137} INFO - [2024-03-05T12:47:21.760+0000] {taskmixin.py:205} WARNING - Dependency <Task(_PythonDecoratedOperator): log_sql_query>, print_the_context already registered for DAG: example_python_operator
[2024-03-05T12:47:21.763+0000] {processor.py:753} INFO - DAG(s) dict_keys(['example_python_operator']) retrieved from /home/airflow/.local/lib/python3.7/site-packages/airflow/example_dags/example_python_operator.py
[2024-03-05T12:47:21.775+0000] {logging_mixin.py:137} INFO - [2024-03-05T12:47:21.775+0000] {dag.py:2690} INFO - Sync 1 DAGs
[2024-03-05T12:47:21.787+0000] {logging_mixin.py:137} INFO - [2024-03-05T12:47:21.787+0000] {dag.py:3441} INFO - Setting next_dagrun for example_python_operator to None, run_after=None
[2024-03-05T12:47:21.795+0000] {processor.py:175} INFO - Processing /home/airflow/.local/lib/python3.7/site-packages/airflow/example_dags/example_python_operator.py took 0.048 seconds
[2024-03-05T12:47:52.379+0000] {processor.py:153} INFO - Started process (PID=1034) to work on /home/airflow/.local/lib/python3.7/site-packages/airflow/example_dags/example_python_operator.py
[2024-03-05T12:47:52.380+0000] {processor.py:743} INFO - Processing file /home/airflow/.local/lib/python3.7/site-packages/airflow/example_dags/example_python_operator.py for tasks to queue
[2024-03-05T12:47:52.381+0000] {logging_mixin.py:137} INFO - [2024-03-05T12:47:52.380+0000] {dagbag.py:538} INFO - Filling up the DagBag from /home/airflow/.local/lib/python3.7/site-packages/airflow/example_dags/example_python_operator.py
[2024-03-05T12:47:52.391+0000] {logging_mixin.py:137} INFO - [2024-03-05T12:47:52.391+0000] {taskmixin.py:205} WARNING - Dependency <Task(_PythonDecoratedOperator): print_the_context>, log_sql_query already registered for DAG: example_python_operator
[2024-03-05T12:47:52.393+0000] {logging_mixin.py:137} INFO - [2024-03-05T12:47:52.393+0000] {taskmixin.py:205} WARNING - Dependency <Task(_PythonDecoratedOperator): log_sql_query>, print_the_context already registered for DAG: example_python_operator
[2024-03-05T12:47:52.394+0000] {logging_mixin.py:137} INFO - [2024-03-05T12:47:52.394+0000] {taskmixin.py:205} WARNING - Dependency <Task(_PythonDecoratedOperator): print_the_context>, log_sql_query already registered for DAG: example_python_operator
[2024-03-05T12:47:52.394+0000] {logging_mixin.py:137} INFO - [2024-03-05T12:47:52.394+0000] {taskmixin.py:205} WARNING - Dependency <Task(_PythonDecoratedOperator): log_sql_query>, print_the_context already registered for DAG: example_python_operator
[2024-03-05T12:47:52.396+0000] {logging_mixin.py:137} INFO - [2024-03-05T12:47:52.396+0000] {taskmixin.py:205} WARNING - Dependency <Task(_PythonDecoratedOperator): print_the_context>, log_sql_query already registered for DAG: example_python_operator
[2024-03-05T12:47:52.397+0000] {logging_mixin.py:137} INFO - [2024-03-05T12:47:52.396+0000] {taskmixin.py:205} WARNING - Dependency <Task(_PythonDecoratedOperator): log_sql_query>, print_the_context already registered for DAG: example_python_operator
[2024-03-05T12:47:52.397+0000] {logging_mixin.py:137} INFO - [2024-03-05T12:47:52.397+0000] {taskmixin.py:205} WARNING - Dependency <Task(_PythonDecoratedOperator): print_the_context>, log_sql_query already registered for DAG: example_python_operator
[2024-03-05T12:47:52.397+0000] {logging_mixin.py:137} INFO - [2024-03-05T12:47:52.397+0000] {taskmixin.py:205} WARNING - Dependency <Task(_PythonDecoratedOperator): log_sql_query>, print_the_context already registered for DAG: example_python_operator
[2024-03-05T12:47:52.401+0000] {processor.py:753} INFO - DAG(s) dict_keys(['example_python_operator']) retrieved from /home/airflow/.local/lib/python3.7/site-packages/airflow/example_dags/example_python_operator.py
[2024-03-05T12:47:52.418+0000] {logging_mixin.py:137} INFO - [2024-03-05T12:47:52.418+0000] {dag.py:2690} INFO - Sync 1 DAGs
[2024-03-05T12:47:52.435+0000] {logging_mixin.py:137} INFO - [2024-03-05T12:47:52.435+0000] {dag.py:3441} INFO - Setting next_dagrun for example_python_operator to None, run_after=None
[2024-03-05T12:47:52.451+0000] {processor.py:175} INFO - Processing /home/airflow/.local/lib/python3.7/site-packages/airflow/example_dags/example_python_operator.py took 0.074 seconds
