[2024-03-05T12:19:23.757+0000] {processor.py:153} INFO - Started process (PID=59) to work on /home/airflow/.local/lib/python3.7/site-packages/airflow/example_dags/example_trigger_target_dag.py
[2024-03-05T12:19:23.758+0000] {processor.py:743} INFO - Processing file /home/airflow/.local/lib/python3.7/site-packages/airflow/example_dags/example_trigger_target_dag.py for tasks to queue
[2024-03-05T12:19:23.758+0000] {logging_mixin.py:137} INFO - [2024-03-05T12:19:23.758+0000] {dagbag.py:538} INFO - Filling up the DagBag from /home/airflow/.local/lib/python3.7/site-packages/airflow/example_dags/example_trigger_target_dag.py
[2024-03-05T12:19:23.773+0000] {processor.py:753} INFO - DAG(s) dict_keys(['example_trigger_target_dag']) retrieved from /home/airflow/.local/lib/python3.7/site-packages/airflow/example_dags/example_trigger_target_dag.py
[2024-03-05T12:19:23.789+0000] {logging_mixin.py:137} INFO - [2024-03-05T12:19:23.789+0000] {dag.py:2690} INFO - Sync 1 DAGs
[2024-03-05T12:19:23.805+0000] {logging_mixin.py:137} INFO - [2024-03-05T12:19:23.805+0000] {dag.py:3441} INFO - Setting next_dagrun for example_trigger_target_dag to None, run_after=None
[2024-03-05T12:19:23.816+0000] {processor.py:175} INFO - Processing /home/airflow/.local/lib/python3.7/site-packages/airflow/example_dags/example_trigger_target_dag.py took 0.062 seconds
[2024-03-05T12:19:54.379+0000] {processor.py:153} INFO - Started process (PID=161) to work on /home/airflow/.local/lib/python3.7/site-packages/airflow/example_dags/example_trigger_target_dag.py
[2024-03-05T12:19:54.380+0000] {processor.py:743} INFO - Processing file /home/airflow/.local/lib/python3.7/site-packages/airflow/example_dags/example_trigger_target_dag.py for tasks to queue
[2024-03-05T12:19:54.380+0000] {logging_mixin.py:137} INFO - [2024-03-05T12:19:54.380+0000] {dagbag.py:538} INFO - Filling up the DagBag from /home/airflow/.local/lib/python3.7/site-packages/airflow/example_dags/example_trigger_target_dag.py
[2024-03-05T12:19:54.390+0000] {processor.py:753} INFO - DAG(s) dict_keys(['example_trigger_target_dag']) retrieved from /home/airflow/.local/lib/python3.7/site-packages/airflow/example_dags/example_trigger_target_dag.py
[2024-03-05T12:19:54.402+0000] {logging_mixin.py:137} INFO - [2024-03-05T12:19:54.402+0000] {dag.py:2690} INFO - Sync 1 DAGs
[2024-03-05T12:19:54.413+0000] {logging_mixin.py:137} INFO - [2024-03-05T12:19:54.413+0000] {dag.py:3441} INFO - Setting next_dagrun for example_trigger_target_dag to None, run_after=None
[2024-03-05T12:19:54.421+0000] {processor.py:175} INFO - Processing /home/airflow/.local/lib/python3.7/site-packages/airflow/example_dags/example_trigger_target_dag.py took 0.043 seconds
[2024-03-05T12:42:15.900+0000] {processor.py:153} INFO - Started process (PID=59) to work on /home/airflow/.local/lib/python3.7/site-packages/airflow/example_dags/example_trigger_target_dag.py
[2024-03-05T12:42:15.902+0000] {processor.py:743} INFO - Processing file /home/airflow/.local/lib/python3.7/site-packages/airflow/example_dags/example_trigger_target_dag.py for tasks to queue
[2024-03-05T12:42:15.903+0000] {logging_mixin.py:137} INFO - [2024-03-05T12:42:15.903+0000] {dagbag.py:538} INFO - Filling up the DagBag from /home/airflow/.local/lib/python3.7/site-packages/airflow/example_dags/example_trigger_target_dag.py
[2024-03-05T12:42:15.917+0000] {processor.py:753} INFO - DAG(s) dict_keys(['example_trigger_target_dag']) retrieved from /home/airflow/.local/lib/python3.7/site-packages/airflow/example_dags/example_trigger_target_dag.py
[2024-03-05T12:42:15.928+0000] {logging_mixin.py:137} INFO - [2024-03-05T12:42:15.928+0000] {dag.py:2690} INFO - Sync 1 DAGs
[2024-03-05T12:42:15.948+0000] {logging_mixin.py:137} INFO - [2024-03-05T12:42:15.948+0000] {dag.py:3441} INFO - Setting next_dagrun for example_trigger_target_dag to None, run_after=None
[2024-03-05T12:42:15.960+0000] {processor.py:175} INFO - Processing /home/airflow/.local/lib/python3.7/site-packages/airflow/example_dags/example_trigger_target_dag.py took 0.062 seconds
[2024-03-05T12:42:46.057+0000] {processor.py:153} INFO - Started process (PID=153) to work on /home/airflow/.local/lib/python3.7/site-packages/airflow/example_dags/example_trigger_target_dag.py
[2024-03-05T12:42:46.058+0000] {processor.py:743} INFO - Processing file /home/airflow/.local/lib/python3.7/site-packages/airflow/example_dags/example_trigger_target_dag.py for tasks to queue
[2024-03-05T12:42:46.060+0000] {logging_mixin.py:137} INFO - [2024-03-05T12:42:46.060+0000] {dagbag.py:538} INFO - Filling up the DagBag from /home/airflow/.local/lib/python3.7/site-packages/airflow/example_dags/example_trigger_target_dag.py
[2024-03-05T12:42:46.071+0000] {processor.py:753} INFO - DAG(s) dict_keys(['example_trigger_target_dag']) retrieved from /home/airflow/.local/lib/python3.7/site-packages/airflow/example_dags/example_trigger_target_dag.py
[2024-03-05T12:42:46.090+0000] {logging_mixin.py:137} INFO - [2024-03-05T12:42:46.090+0000] {dag.py:2690} INFO - Sync 1 DAGs
[2024-03-05T12:42:46.107+0000] {logging_mixin.py:137} INFO - [2024-03-05T12:42:46.107+0000] {dag.py:3441} INFO - Setting next_dagrun for example_trigger_target_dag to None, run_after=None
[2024-03-05T12:42:46.118+0000] {processor.py:175} INFO - Processing /home/airflow/.local/lib/python3.7/site-packages/airflow/example_dags/example_trigger_target_dag.py took 0.063 seconds
[2024-03-05T12:43:16.900+0000] {processor.py:153} INFO - Started process (PID=229) to work on /home/airflow/.local/lib/python3.7/site-packages/airflow/example_dags/example_trigger_target_dag.py
[2024-03-05T12:43:16.901+0000] {processor.py:743} INFO - Processing file /home/airflow/.local/lib/python3.7/site-packages/airflow/example_dags/example_trigger_target_dag.py for tasks to queue
[2024-03-05T12:43:16.901+0000] {logging_mixin.py:137} INFO - [2024-03-05T12:43:16.901+0000] {dagbag.py:538} INFO - Filling up the DagBag from /home/airflow/.local/lib/python3.7/site-packages/airflow/example_dags/example_trigger_target_dag.py
[2024-03-05T12:43:16.913+0000] {processor.py:753} INFO - DAG(s) dict_keys(['example_trigger_target_dag']) retrieved from /home/airflow/.local/lib/python3.7/site-packages/airflow/example_dags/example_trigger_target_dag.py
[2024-03-05T12:43:16.936+0000] {logging_mixin.py:137} INFO - [2024-03-05T12:43:16.936+0000] {dag.py:2690} INFO - Sync 1 DAGs
[2024-03-05T12:43:16.949+0000] {logging_mixin.py:137} INFO - [2024-03-05T12:43:16.949+0000] {dag.py:3441} INFO - Setting next_dagrun for example_trigger_target_dag to None, run_after=None
[2024-03-05T12:43:16.958+0000] {processor.py:175} INFO - Processing /home/airflow/.local/lib/python3.7/site-packages/airflow/example_dags/example_trigger_target_dag.py took 0.060 seconds
[2024-03-05T12:43:47.663+0000] {processor.py:153} INFO - Started process (PID=323) to work on /home/airflow/.local/lib/python3.7/site-packages/airflow/example_dags/example_trigger_target_dag.py
[2024-03-05T12:43:47.664+0000] {processor.py:743} INFO - Processing file /home/airflow/.local/lib/python3.7/site-packages/airflow/example_dags/example_trigger_target_dag.py for tasks to queue
[2024-03-05T12:43:47.664+0000] {logging_mixin.py:137} INFO - [2024-03-05T12:43:47.664+0000] {dagbag.py:538} INFO - Filling up the DagBag from /home/airflow/.local/lib/python3.7/site-packages/airflow/example_dags/example_trigger_target_dag.py
[2024-03-05T12:43:47.677+0000] {processor.py:753} INFO - DAG(s) dict_keys(['example_trigger_target_dag']) retrieved from /home/airflow/.local/lib/python3.7/site-packages/airflow/example_dags/example_trigger_target_dag.py
[2024-03-05T12:43:47.691+0000] {logging_mixin.py:137} INFO - [2024-03-05T12:43:47.691+0000] {dag.py:2690} INFO - Sync 1 DAGs
[2024-03-05T12:43:47.704+0000] {logging_mixin.py:137} INFO - [2024-03-05T12:43:47.704+0000] {dag.py:3441} INFO - Setting next_dagrun for example_trigger_target_dag to None, run_after=None
[2024-03-05T12:43:47.714+0000] {processor.py:175} INFO - Processing /home/airflow/.local/lib/python3.7/site-packages/airflow/example_dags/example_trigger_target_dag.py took 0.053 seconds
[2024-03-05T12:44:18.218+0000] {processor.py:153} INFO - Started process (PID=416) to work on /home/airflow/.local/lib/python3.7/site-packages/airflow/example_dags/example_trigger_target_dag.py
[2024-03-05T12:44:18.218+0000] {processor.py:743} INFO - Processing file /home/airflow/.local/lib/python3.7/site-packages/airflow/example_dags/example_trigger_target_dag.py for tasks to queue
[2024-03-05T12:44:18.218+0000] {logging_mixin.py:137} INFO - [2024-03-05T12:44:18.218+0000] {dagbag.py:538} INFO - Filling up the DagBag from /home/airflow/.local/lib/python3.7/site-packages/airflow/example_dags/example_trigger_target_dag.py
[2024-03-05T12:44:18.230+0000] {processor.py:753} INFO - DAG(s) dict_keys(['example_trigger_target_dag']) retrieved from /home/airflow/.local/lib/python3.7/site-packages/airflow/example_dags/example_trigger_target_dag.py
[2024-03-05T12:44:18.245+0000] {logging_mixin.py:137} INFO - [2024-03-05T12:44:18.245+0000] {dag.py:2690} INFO - Sync 1 DAGs
[2024-03-05T12:44:18.258+0000] {logging_mixin.py:137} INFO - [2024-03-05T12:44:18.257+0000] {dag.py:3441} INFO - Setting next_dagrun for example_trigger_target_dag to None, run_after=None
[2024-03-05T12:44:18.266+0000] {processor.py:175} INFO - Processing /home/airflow/.local/lib/python3.7/site-packages/airflow/example_dags/example_trigger_target_dag.py took 0.052 seconds
[2024-03-05T12:44:48.860+0000] {processor.py:153} INFO - Started process (PID=510) to work on /home/airflow/.local/lib/python3.7/site-packages/airflow/example_dags/example_trigger_target_dag.py
[2024-03-05T12:44:48.861+0000] {processor.py:743} INFO - Processing file /home/airflow/.local/lib/python3.7/site-packages/airflow/example_dags/example_trigger_target_dag.py for tasks to queue
[2024-03-05T12:44:48.862+0000] {logging_mixin.py:137} INFO - [2024-03-05T12:44:48.862+0000] {dagbag.py:538} INFO - Filling up the DagBag from /home/airflow/.local/lib/python3.7/site-packages/airflow/example_dags/example_trigger_target_dag.py
[2024-03-05T12:44:48.877+0000] {processor.py:753} INFO - DAG(s) dict_keys(['example_trigger_target_dag']) retrieved from /home/airflow/.local/lib/python3.7/site-packages/airflow/example_dags/example_trigger_target_dag.py
[2024-03-05T12:44:48.896+0000] {logging_mixin.py:137} INFO - [2024-03-05T12:44:48.896+0000] {dag.py:2690} INFO - Sync 1 DAGs
[2024-03-05T12:44:48.914+0000] {logging_mixin.py:137} INFO - [2024-03-05T12:44:48.913+0000] {dag.py:3441} INFO - Setting next_dagrun for example_trigger_target_dag to None, run_after=None
[2024-03-05T12:44:48.926+0000] {processor.py:175} INFO - Processing /home/airflow/.local/lib/python3.7/site-packages/airflow/example_dags/example_trigger_target_dag.py took 0.069 seconds
[2024-03-05T12:45:19.342+0000] {processor.py:153} INFO - Started process (PID=586) to work on /home/airflow/.local/lib/python3.7/site-packages/airflow/example_dags/example_trigger_target_dag.py
[2024-03-05T12:45:19.342+0000] {processor.py:743} INFO - Processing file /home/airflow/.local/lib/python3.7/site-packages/airflow/example_dags/example_trigger_target_dag.py for tasks to queue
[2024-03-05T12:45:19.343+0000] {logging_mixin.py:137} INFO - [2024-03-05T12:45:19.343+0000] {dagbag.py:538} INFO - Filling up the DagBag from /home/airflow/.local/lib/python3.7/site-packages/airflow/example_dags/example_trigger_target_dag.py
[2024-03-05T12:45:19.353+0000] {processor.py:753} INFO - DAG(s) dict_keys(['example_trigger_target_dag']) retrieved from /home/airflow/.local/lib/python3.7/site-packages/airflow/example_dags/example_trigger_target_dag.py
[2024-03-05T12:45:19.365+0000] {logging_mixin.py:137} INFO - [2024-03-05T12:45:19.365+0000] {dag.py:2690} INFO - Sync 1 DAGs
[2024-03-05T12:45:19.376+0000] {logging_mixin.py:137} INFO - [2024-03-05T12:45:19.376+0000] {dag.py:3441} INFO - Setting next_dagrun for example_trigger_target_dag to None, run_after=None
[2024-03-05T12:45:19.386+0000] {processor.py:175} INFO - Processing /home/airflow/.local/lib/python3.7/site-packages/airflow/example_dags/example_trigger_target_dag.py took 0.047 seconds
[2024-03-05T12:45:49.916+0000] {processor.py:153} INFO - Started process (PID=680) to work on /home/airflow/.local/lib/python3.7/site-packages/airflow/example_dags/example_trigger_target_dag.py
[2024-03-05T12:45:49.917+0000] {processor.py:743} INFO - Processing file /home/airflow/.local/lib/python3.7/site-packages/airflow/example_dags/example_trigger_target_dag.py for tasks to queue
[2024-03-05T12:45:49.917+0000] {logging_mixin.py:137} INFO - [2024-03-05T12:45:49.917+0000] {dagbag.py:538} INFO - Filling up the DagBag from /home/airflow/.local/lib/python3.7/site-packages/airflow/example_dags/example_trigger_target_dag.py
[2024-03-05T12:45:49.927+0000] {processor.py:753} INFO - DAG(s) dict_keys(['example_trigger_target_dag']) retrieved from /home/airflow/.local/lib/python3.7/site-packages/airflow/example_dags/example_trigger_target_dag.py
[2024-03-05T12:45:49.939+0000] {logging_mixin.py:137} INFO - [2024-03-05T12:45:49.939+0000] {dag.py:2690} INFO - Sync 1 DAGs
[2024-03-05T12:45:49.951+0000] {logging_mixin.py:137} INFO - [2024-03-05T12:45:49.951+0000] {dag.py:3441} INFO - Setting next_dagrun for example_trigger_target_dag to None, run_after=None
[2024-03-05T12:45:49.959+0000] {processor.py:175} INFO - Processing /home/airflow/.local/lib/python3.7/site-packages/airflow/example_dags/example_trigger_target_dag.py took 0.044 seconds
[2024-03-05T12:46:20.620+0000] {processor.py:153} INFO - Started process (PID=774) to work on /home/airflow/.local/lib/python3.7/site-packages/airflow/example_dags/example_trigger_target_dag.py
[2024-03-05T12:46:20.621+0000] {processor.py:743} INFO - Processing file /home/airflow/.local/lib/python3.7/site-packages/airflow/example_dags/example_trigger_target_dag.py for tasks to queue
[2024-03-05T12:46:20.622+0000] {logging_mixin.py:137} INFO - [2024-03-05T12:46:20.622+0000] {dagbag.py:538} INFO - Filling up the DagBag from /home/airflow/.local/lib/python3.7/site-packages/airflow/example_dags/example_trigger_target_dag.py
[2024-03-05T12:46:20.634+0000] {processor.py:753} INFO - DAG(s) dict_keys(['example_trigger_target_dag']) retrieved from /home/airflow/.local/lib/python3.7/site-packages/airflow/example_dags/example_trigger_target_dag.py
[2024-03-05T12:46:20.648+0000] {logging_mixin.py:137} INFO - [2024-03-05T12:46:20.648+0000] {dag.py:2690} INFO - Sync 1 DAGs
[2024-03-05T12:46:20.661+0000] {logging_mixin.py:137} INFO - [2024-03-05T12:46:20.661+0000] {dag.py:3441} INFO - Setting next_dagrun for example_trigger_target_dag to None, run_after=None
[2024-03-05T12:46:20.679+0000] {processor.py:175} INFO - Processing /home/airflow/.local/lib/python3.7/site-packages/airflow/example_dags/example_trigger_target_dag.py took 0.061 seconds
[2024-03-05T12:46:51.235+0000] {processor.py:153} INFO - Started process (PID=850) to work on /home/airflow/.local/lib/python3.7/site-packages/airflow/example_dags/example_trigger_target_dag.py
[2024-03-05T12:46:51.236+0000] {processor.py:743} INFO - Processing file /home/airflow/.local/lib/python3.7/site-packages/airflow/example_dags/example_trigger_target_dag.py for tasks to queue
[2024-03-05T12:46:51.236+0000] {logging_mixin.py:137} INFO - [2024-03-05T12:46:51.236+0000] {dagbag.py:538} INFO - Filling up the DagBag from /home/airflow/.local/lib/python3.7/site-packages/airflow/example_dags/example_trigger_target_dag.py
[2024-03-05T12:46:51.246+0000] {processor.py:753} INFO - DAG(s) dict_keys(['example_trigger_target_dag']) retrieved from /home/airflow/.local/lib/python3.7/site-packages/airflow/example_dags/example_trigger_target_dag.py
[2024-03-05T12:46:51.256+0000] {logging_mixin.py:137} INFO - [2024-03-05T12:46:51.256+0000] {dag.py:2690} INFO - Sync 1 DAGs
[2024-03-05T12:46:51.266+0000] {logging_mixin.py:137} INFO - [2024-03-05T12:46:51.266+0000] {dag.py:3441} INFO - Setting next_dagrun for example_trigger_target_dag to None, run_after=None
[2024-03-05T12:46:51.274+0000] {processor.py:175} INFO - Processing /home/airflow/.local/lib/python3.7/site-packages/airflow/example_dags/example_trigger_target_dag.py took 0.040 seconds
[2024-03-05T12:47:21.855+0000] {processor.py:153} INFO - Started process (PID=944) to work on /home/airflow/.local/lib/python3.7/site-packages/airflow/example_dags/example_trigger_target_dag.py
[2024-03-05T12:47:21.855+0000] {processor.py:743} INFO - Processing file /home/airflow/.local/lib/python3.7/site-packages/airflow/example_dags/example_trigger_target_dag.py for tasks to queue
[2024-03-05T12:47:21.856+0000] {logging_mixin.py:137} INFO - [2024-03-05T12:47:21.856+0000] {dagbag.py:538} INFO - Filling up the DagBag from /home/airflow/.local/lib/python3.7/site-packages/airflow/example_dags/example_trigger_target_dag.py
[2024-03-05T12:47:21.866+0000] {processor.py:753} INFO - DAG(s) dict_keys(['example_trigger_target_dag']) retrieved from /home/airflow/.local/lib/python3.7/site-packages/airflow/example_dags/example_trigger_target_dag.py
[2024-03-05T12:47:21.877+0000] {logging_mixin.py:137} INFO - [2024-03-05T12:47:21.877+0000] {dag.py:2690} INFO - Sync 1 DAGs
[2024-03-05T12:47:21.889+0000] {logging_mixin.py:137} INFO - [2024-03-05T12:47:21.889+0000] {dag.py:3441} INFO - Setting next_dagrun for example_trigger_target_dag to None, run_after=None
[2024-03-05T12:47:21.897+0000] {processor.py:175} INFO - Processing /home/airflow/.local/lib/python3.7/site-packages/airflow/example_dags/example_trigger_target_dag.py took 0.044 seconds
[2024-03-05T12:47:52.585+0000] {processor.py:153} INFO - Started process (PID=1038) to work on /home/airflow/.local/lib/python3.7/site-packages/airflow/example_dags/example_trigger_target_dag.py
[2024-03-05T12:47:52.585+0000] {processor.py:743} INFO - Processing file /home/airflow/.local/lib/python3.7/site-packages/airflow/example_dags/example_trigger_target_dag.py for tasks to queue
[2024-03-05T12:47:52.586+0000] {logging_mixin.py:137} INFO - [2024-03-05T12:47:52.586+0000] {dagbag.py:538} INFO - Filling up the DagBag from /home/airflow/.local/lib/python3.7/site-packages/airflow/example_dags/example_trigger_target_dag.py
[2024-03-05T12:47:52.598+0000] {processor.py:753} INFO - DAG(s) dict_keys(['example_trigger_target_dag']) retrieved from /home/airflow/.local/lib/python3.7/site-packages/airflow/example_dags/example_trigger_target_dag.py
[2024-03-05T12:47:52.614+0000] {logging_mixin.py:137} INFO - [2024-03-05T12:47:52.614+0000] {dag.py:2690} INFO - Sync 1 DAGs
[2024-03-05T12:47:52.629+0000] {logging_mixin.py:137} INFO - [2024-03-05T12:47:52.629+0000] {dag.py:3441} INFO - Setting next_dagrun for example_trigger_target_dag to None, run_after=None
[2024-03-05T12:47:52.643+0000] {processor.py:175} INFO - Processing /home/airflow/.local/lib/python3.7/site-packages/airflow/example_dags/example_trigger_target_dag.py took 0.060 seconds
