[2024-03-05T12:19:24.270+0000] {processor.py:153} INFO - Started process (PID=73) to work on /home/airflow/.local/lib/python3.7/site-packages/airflow/example_dags/example_latest_only.py
[2024-03-05T12:19:24.271+0000] {processor.py:743} INFO - Processing file /home/airflow/.local/lib/python3.7/site-packages/airflow/example_dags/example_latest_only.py for tasks to queue
[2024-03-05T12:19:24.271+0000] {logging_mixin.py:137} INFO - [2024-03-05T12:19:24.271+0000] {dagbag.py:538} INFO - Filling up the DagBag from /home/airflow/.local/lib/python3.7/site-packages/airflow/example_dags/example_latest_only.py
[2024-03-05T12:19:24.281+0000] {processor.py:753} INFO - DAG(s) dict_keys(['latest_only']) retrieved from /home/airflow/.local/lib/python3.7/site-packages/airflow/example_dags/example_latest_only.py
[2024-03-05T12:19:24.298+0000] {logging_mixin.py:137} INFO - [2024-03-05T12:19:24.297+0000] {dag.py:2690} INFO - Sync 1 DAGs
[2024-03-05T12:19:24.313+0000] {logging_mixin.py:137} INFO - [2024-03-05T12:19:24.313+0000] {dag.py:3441} INFO - Setting next_dagrun for latest_only to 2024-03-05T08:19:24.313515+00:00, run_after=2024-03-05T12:19:24.313515+00:00
[2024-03-05T12:19:24.325+0000] {processor.py:175} INFO - Processing /home/airflow/.local/lib/python3.7/site-packages/airflow/example_dags/example_latest_only.py took 0.057 seconds
[2024-03-05T12:19:54.741+0000] {processor.py:153} INFO - Started process (PID=175) to work on /home/airflow/.local/lib/python3.7/site-packages/airflow/example_dags/example_latest_only.py
[2024-03-05T12:19:54.741+0000] {processor.py:743} INFO - Processing file /home/airflow/.local/lib/python3.7/site-packages/airflow/example_dags/example_latest_only.py for tasks to queue
[2024-03-05T12:19:54.741+0000] {logging_mixin.py:137} INFO - [2024-03-05T12:19:54.741+0000] {dagbag.py:538} INFO - Filling up the DagBag from /home/airflow/.local/lib/python3.7/site-packages/airflow/example_dags/example_latest_only.py
[2024-03-05T12:19:54.748+0000] {processor.py:753} INFO - DAG(s) dict_keys(['latest_only']) retrieved from /home/airflow/.local/lib/python3.7/site-packages/airflow/example_dags/example_latest_only.py
[2024-03-05T12:19:54.759+0000] {logging_mixin.py:137} INFO - [2024-03-05T12:19:54.759+0000] {dag.py:2690} INFO - Sync 1 DAGs
[2024-03-05T12:19:54.771+0000] {logging_mixin.py:137} INFO - [2024-03-05T12:19:54.771+0000] {dag.py:3441} INFO - Setting next_dagrun for latest_only to 2024-03-05T08:19:54.770947+00:00, run_after=2024-03-05T12:19:54.770947+00:00
[2024-03-05T12:19:54.779+0000] {processor.py:175} INFO - Processing /home/airflow/.local/lib/python3.7/site-packages/airflow/example_dags/example_latest_only.py took 0.040 seconds
[2024-03-05T12:42:16.587+0000] {processor.py:153} INFO - Started process (PID=73) to work on /home/airflow/.local/lib/python3.7/site-packages/airflow/example_dags/example_latest_only.py
[2024-03-05T12:42:16.589+0000] {processor.py:743} INFO - Processing file /home/airflow/.local/lib/python3.7/site-packages/airflow/example_dags/example_latest_only.py for tasks to queue
[2024-03-05T12:42:16.591+0000] {logging_mixin.py:137} INFO - [2024-03-05T12:42:16.590+0000] {dagbag.py:538} INFO - Filling up the DagBag from /home/airflow/.local/lib/python3.7/site-packages/airflow/example_dags/example_latest_only.py
[2024-03-05T12:42:16.612+0000] {processor.py:753} INFO - DAG(s) dict_keys(['latest_only']) retrieved from /home/airflow/.local/lib/python3.7/site-packages/airflow/example_dags/example_latest_only.py
[2024-03-05T12:42:16.630+0000] {logging_mixin.py:137} INFO - [2024-03-05T12:42:16.630+0000] {dag.py:2690} INFO - Sync 1 DAGs
[2024-03-05T12:42:16.657+0000] {logging_mixin.py:137} INFO - [2024-03-05T12:42:16.657+0000] {dag.py:3441} INFO - Setting next_dagrun for latest_only to 2024-03-05T08:42:16.657247+00:00, run_after=2024-03-05T12:42:16.657247+00:00
[2024-03-05T12:42:16.675+0000] {processor.py:175} INFO - Processing /home/airflow/.local/lib/python3.7/site-packages/airflow/example_dags/example_latest_only.py took 0.092 seconds
[2024-03-05T12:42:46.692+0000] {processor.py:153} INFO - Started process (PID=167) to work on /home/airflow/.local/lib/python3.7/site-packages/airflow/example_dags/example_latest_only.py
[2024-03-05T12:42:46.693+0000] {processor.py:743} INFO - Processing file /home/airflow/.local/lib/python3.7/site-packages/airflow/example_dags/example_latest_only.py for tasks to queue
[2024-03-05T12:42:46.694+0000] {logging_mixin.py:137} INFO - [2024-03-05T12:42:46.694+0000] {dagbag.py:538} INFO - Filling up the DagBag from /home/airflow/.local/lib/python3.7/site-packages/airflow/example_dags/example_latest_only.py
[2024-03-05T12:42:46.702+0000] {processor.py:753} INFO - DAG(s) dict_keys(['latest_only']) retrieved from /home/airflow/.local/lib/python3.7/site-packages/airflow/example_dags/example_latest_only.py
[2024-03-05T12:42:46.715+0000] {logging_mixin.py:137} INFO - [2024-03-05T12:42:46.715+0000] {dag.py:2690} INFO - Sync 1 DAGs
[2024-03-05T12:42:46.728+0000] {logging_mixin.py:137} INFO - [2024-03-05T12:42:46.728+0000] {dag.py:3441} INFO - Setting next_dagrun for latest_only to 2024-03-05T08:42:46.728097+00:00, run_after=2024-03-05T12:42:46.728097+00:00
[2024-03-05T12:42:46.741+0000] {processor.py:175} INFO - Processing /home/airflow/.local/lib/python3.7/site-packages/airflow/example_dags/example_latest_only.py took 0.050 seconds
[2024-03-05T12:43:17.379+0000] {processor.py:153} INFO - Started process (PID=250) to work on /home/airflow/.local/lib/python3.7/site-packages/airflow/example_dags/example_latest_only.py
[2024-03-05T12:43:17.380+0000] {processor.py:743} INFO - Processing file /home/airflow/.local/lib/python3.7/site-packages/airflow/example_dags/example_latest_only.py for tasks to queue
[2024-03-05T12:43:17.380+0000] {logging_mixin.py:137} INFO - [2024-03-05T12:43:17.380+0000] {dagbag.py:538} INFO - Filling up the DagBag from /home/airflow/.local/lib/python3.7/site-packages/airflow/example_dags/example_latest_only.py
[2024-03-05T12:43:17.387+0000] {processor.py:753} INFO - DAG(s) dict_keys(['latest_only']) retrieved from /home/airflow/.local/lib/python3.7/site-packages/airflow/example_dags/example_latest_only.py
[2024-03-05T12:43:17.398+0000] {logging_mixin.py:137} INFO - [2024-03-05T12:43:17.398+0000] {dag.py:2690} INFO - Sync 1 DAGs
[2024-03-05T12:43:17.409+0000] {logging_mixin.py:137} INFO - [2024-03-05T12:43:17.409+0000] {dag.py:3441} INFO - Setting next_dagrun for latest_only to 2024-03-05T08:43:17.409605+00:00, run_after=2024-03-05T12:43:17.409605+00:00
[2024-03-05T12:43:17.418+0000] {processor.py:175} INFO - Processing /home/airflow/.local/lib/python3.7/site-packages/airflow/example_dags/example_latest_only.py took 0.041 seconds
[2024-03-05T12:43:48.203+0000] {processor.py:153} INFO - Started process (PID=337) to work on /home/airflow/.local/lib/python3.7/site-packages/airflow/example_dags/example_latest_only.py
[2024-03-05T12:43:48.204+0000] {processor.py:743} INFO - Processing file /home/airflow/.local/lib/python3.7/site-packages/airflow/example_dags/example_latest_only.py for tasks to queue
[2024-03-05T12:43:48.204+0000] {logging_mixin.py:137} INFO - [2024-03-05T12:43:48.204+0000] {dagbag.py:538} INFO - Filling up the DagBag from /home/airflow/.local/lib/python3.7/site-packages/airflow/example_dags/example_latest_only.py
[2024-03-05T12:43:48.211+0000] {processor.py:753} INFO - DAG(s) dict_keys(['latest_only']) retrieved from /home/airflow/.local/lib/python3.7/site-packages/airflow/example_dags/example_latest_only.py
[2024-03-05T12:43:48.224+0000] {logging_mixin.py:137} INFO - [2024-03-05T12:43:48.224+0000] {dag.py:2690} INFO - Sync 1 DAGs
[2024-03-05T12:43:48.237+0000] {logging_mixin.py:137} INFO - [2024-03-05T12:43:48.237+0000] {dag.py:3441} INFO - Setting next_dagrun for latest_only to 2024-03-05T08:43:48.237494+00:00, run_after=2024-03-05T12:43:48.237494+00:00
[2024-03-05T12:43:48.246+0000] {processor.py:175} INFO - Processing /home/airflow/.local/lib/python3.7/site-packages/airflow/example_dags/example_latest_only.py took 0.045 seconds
[2024-03-05T12:44:18.649+0000] {processor.py:153} INFO - Started process (PID=430) to work on /home/airflow/.local/lib/python3.7/site-packages/airflow/example_dags/example_latest_only.py
[2024-03-05T12:44:18.650+0000] {processor.py:743} INFO - Processing file /home/airflow/.local/lib/python3.7/site-packages/airflow/example_dags/example_latest_only.py for tasks to queue
[2024-03-05T12:44:18.650+0000] {logging_mixin.py:137} INFO - [2024-03-05T12:44:18.650+0000] {dagbag.py:538} INFO - Filling up the DagBag from /home/airflow/.local/lib/python3.7/site-packages/airflow/example_dags/example_latest_only.py
[2024-03-05T12:44:18.657+0000] {processor.py:753} INFO - DAG(s) dict_keys(['latest_only']) retrieved from /home/airflow/.local/lib/python3.7/site-packages/airflow/example_dags/example_latest_only.py
[2024-03-05T12:44:18.669+0000] {logging_mixin.py:137} INFO - [2024-03-05T12:44:18.669+0000] {dag.py:2690} INFO - Sync 1 DAGs
[2024-03-05T12:44:18.682+0000] {logging_mixin.py:137} INFO - [2024-03-05T12:44:18.682+0000] {dag.py:3441} INFO - Setting next_dagrun for latest_only to 2024-03-05T08:44:18.682031+00:00, run_after=2024-03-05T12:44:18.682031+00:00
[2024-03-05T12:44:18.691+0000] {processor.py:175} INFO - Processing /home/airflow/.local/lib/python3.7/site-packages/airflow/example_dags/example_latest_only.py took 0.044 seconds
[2024-03-05T12:44:49.330+0000] {processor.py:153} INFO - Started process (PID=524) to work on /home/airflow/.local/lib/python3.7/site-packages/airflow/example_dags/example_latest_only.py
[2024-03-05T12:44:49.330+0000] {processor.py:743} INFO - Processing file /home/airflow/.local/lib/python3.7/site-packages/airflow/example_dags/example_latest_only.py for tasks to queue
[2024-03-05T12:44:49.331+0000] {logging_mixin.py:137} INFO - [2024-03-05T12:44:49.331+0000] {dagbag.py:538} INFO - Filling up the DagBag from /home/airflow/.local/lib/python3.7/site-packages/airflow/example_dags/example_latest_only.py
[2024-03-05T12:44:49.337+0000] {processor.py:753} INFO - DAG(s) dict_keys(['latest_only']) retrieved from /home/airflow/.local/lib/python3.7/site-packages/airflow/example_dags/example_latest_only.py
[2024-03-05T12:44:49.349+0000] {logging_mixin.py:137} INFO - [2024-03-05T12:44:49.348+0000] {dag.py:2690} INFO - Sync 1 DAGs
[2024-03-05T12:44:49.361+0000] {logging_mixin.py:137} INFO - [2024-03-05T12:44:49.361+0000] {dag.py:3441} INFO - Setting next_dagrun for latest_only to 2024-03-05T08:44:49.361220+00:00, run_after=2024-03-05T12:44:49.361220+00:00
[2024-03-05T12:44:49.370+0000] {processor.py:175} INFO - Processing /home/airflow/.local/lib/python3.7/site-packages/airflow/example_dags/example_latest_only.py took 0.042 seconds
[2024-03-05T12:45:19.840+0000] {processor.py:153} INFO - Started process (PID=600) to work on /home/airflow/.local/lib/python3.7/site-packages/airflow/example_dags/example_latest_only.py
[2024-03-05T12:45:19.840+0000] {processor.py:743} INFO - Processing file /home/airflow/.local/lib/python3.7/site-packages/airflow/example_dags/example_latest_only.py for tasks to queue
[2024-03-05T12:45:19.841+0000] {logging_mixin.py:137} INFO - [2024-03-05T12:45:19.841+0000] {dagbag.py:538} INFO - Filling up the DagBag from /home/airflow/.local/lib/python3.7/site-packages/airflow/example_dags/example_latest_only.py
[2024-03-05T12:45:19.848+0000] {processor.py:753} INFO - DAG(s) dict_keys(['latest_only']) retrieved from /home/airflow/.local/lib/python3.7/site-packages/airflow/example_dags/example_latest_only.py
[2024-03-05T12:45:19.860+0000] {logging_mixin.py:137} INFO - [2024-03-05T12:45:19.860+0000] {dag.py:2690} INFO - Sync 1 DAGs
[2024-03-05T12:45:19.872+0000] {logging_mixin.py:137} INFO - [2024-03-05T12:45:19.872+0000] {dag.py:3441} INFO - Setting next_dagrun for latest_only to 2024-03-05T08:45:19.872266+00:00, run_after=2024-03-05T12:45:19.872266+00:00
[2024-03-05T12:45:19.880+0000] {processor.py:175} INFO - Processing /home/airflow/.local/lib/python3.7/site-packages/airflow/example_dags/example_latest_only.py took 0.042 seconds
[2024-03-05T12:45:50.389+0000] {processor.py:153} INFO - Started process (PID=694) to work on /home/airflow/.local/lib/python3.7/site-packages/airflow/example_dags/example_latest_only.py
[2024-03-05T12:45:50.389+0000] {processor.py:743} INFO - Processing file /home/airflow/.local/lib/python3.7/site-packages/airflow/example_dags/example_latest_only.py for tasks to queue
[2024-03-05T12:45:50.390+0000] {logging_mixin.py:137} INFO - [2024-03-05T12:45:50.390+0000] {dagbag.py:538} INFO - Filling up the DagBag from /home/airflow/.local/lib/python3.7/site-packages/airflow/example_dags/example_latest_only.py
[2024-03-05T12:45:50.401+0000] {processor.py:753} INFO - DAG(s) dict_keys(['latest_only']) retrieved from /home/airflow/.local/lib/python3.7/site-packages/airflow/example_dags/example_latest_only.py
[2024-03-05T12:45:50.415+0000] {logging_mixin.py:137} INFO - [2024-03-05T12:45:50.415+0000] {dag.py:2690} INFO - Sync 1 DAGs
[2024-03-05T12:45:50.428+0000] {logging_mixin.py:137} INFO - [2024-03-05T12:45:50.428+0000] {dag.py:3441} INFO - Setting next_dagrun for latest_only to 2024-03-05T08:45:50.428265+00:00, run_after=2024-03-05T12:45:50.428265+00:00
[2024-03-05T12:45:50.437+0000] {processor.py:175} INFO - Processing /home/airflow/.local/lib/python3.7/site-packages/airflow/example_dags/example_latest_only.py took 0.051 seconds
[2024-03-05T12:46:21.230+0000] {processor.py:153} INFO - Started process (PID=788) to work on /home/airflow/.local/lib/python3.7/site-packages/airflow/example_dags/example_latest_only.py
[2024-03-05T12:46:21.231+0000] {processor.py:743} INFO - Processing file /home/airflow/.local/lib/python3.7/site-packages/airflow/example_dags/example_latest_only.py for tasks to queue
[2024-03-05T12:46:21.231+0000] {logging_mixin.py:137} INFO - [2024-03-05T12:46:21.231+0000] {dagbag.py:538} INFO - Filling up the DagBag from /home/airflow/.local/lib/python3.7/site-packages/airflow/example_dags/example_latest_only.py
[2024-03-05T12:46:21.239+0000] {processor.py:753} INFO - DAG(s) dict_keys(['latest_only']) retrieved from /home/airflow/.local/lib/python3.7/site-packages/airflow/example_dags/example_latest_only.py
[2024-03-05T12:46:21.261+0000] {logging_mixin.py:137} INFO - [2024-03-05T12:46:21.261+0000] {dag.py:2690} INFO - Sync 1 DAGs
[2024-03-05T12:46:21.274+0000] {logging_mixin.py:137} INFO - [2024-03-05T12:46:21.274+0000] {dag.py:3441} INFO - Setting next_dagrun for latest_only to 2024-03-05T08:46:21.274109+00:00, run_after=2024-03-05T12:46:21.274109+00:00
[2024-03-05T12:46:21.283+0000] {processor.py:175} INFO - Processing /home/airflow/.local/lib/python3.7/site-packages/airflow/example_dags/example_latest_only.py took 0.055 seconds
[2024-03-05T12:46:51.751+0000] {processor.py:153} INFO - Started process (PID=873) to work on /home/airflow/.local/lib/python3.7/site-packages/airflow/example_dags/example_latest_only.py
[2024-03-05T12:46:51.752+0000] {processor.py:743} INFO - Processing file /home/airflow/.local/lib/python3.7/site-packages/airflow/example_dags/example_latest_only.py for tasks to queue
[2024-03-05T12:46:51.752+0000] {logging_mixin.py:137} INFO - [2024-03-05T12:46:51.752+0000] {dagbag.py:538} INFO - Filling up the DagBag from /home/airflow/.local/lib/python3.7/site-packages/airflow/example_dags/example_latest_only.py
[2024-03-05T12:46:51.759+0000] {processor.py:753} INFO - DAG(s) dict_keys(['latest_only']) retrieved from /home/airflow/.local/lib/python3.7/site-packages/airflow/example_dags/example_latest_only.py
[2024-03-05T12:46:51.770+0000] {logging_mixin.py:137} INFO - [2024-03-05T12:46:51.770+0000] {dag.py:2690} INFO - Sync 1 DAGs
[2024-03-05T12:46:51.786+0000] {logging_mixin.py:137} INFO - [2024-03-05T12:46:51.786+0000] {dag.py:3441} INFO - Setting next_dagrun for latest_only to 2024-03-05T08:46:51.786510+00:00, run_after=2024-03-05T12:46:51.786510+00:00
[2024-03-05T12:46:51.796+0000] {processor.py:175} INFO - Processing /home/airflow/.local/lib/python3.7/site-packages/airflow/example_dags/example_latest_only.py took 0.046 seconds
[2024-03-05T12:47:22.287+0000] {processor.py:153} INFO - Started process (PID=958) to work on /home/airflow/.local/lib/python3.7/site-packages/airflow/example_dags/example_latest_only.py
[2024-03-05T12:47:22.288+0000] {processor.py:743} INFO - Processing file /home/airflow/.local/lib/python3.7/site-packages/airflow/example_dags/example_latest_only.py for tasks to queue
[2024-03-05T12:47:22.288+0000] {logging_mixin.py:137} INFO - [2024-03-05T12:47:22.288+0000] {dagbag.py:538} INFO - Filling up the DagBag from /home/airflow/.local/lib/python3.7/site-packages/airflow/example_dags/example_latest_only.py
[2024-03-05T12:47:22.295+0000] {processor.py:753} INFO - DAG(s) dict_keys(['latest_only']) retrieved from /home/airflow/.local/lib/python3.7/site-packages/airflow/example_dags/example_latest_only.py
[2024-03-05T12:47:22.306+0000] {logging_mixin.py:137} INFO - [2024-03-05T12:47:22.306+0000] {dag.py:2690} INFO - Sync 1 DAGs
[2024-03-05T12:47:22.318+0000] {logging_mixin.py:137} INFO - [2024-03-05T12:47:22.317+0000] {dag.py:3441} INFO - Setting next_dagrun for latest_only to 2024-03-05T08:47:22.317600+00:00, run_after=2024-03-05T12:47:22.317600+00:00
[2024-03-05T12:47:22.326+0000] {processor.py:175} INFO - Processing /home/airflow/.local/lib/python3.7/site-packages/airflow/example_dags/example_latest_only.py took 0.041 seconds
[2024-03-05T12:47:53.337+0000] {processor.py:153} INFO - Started process (PID=1052) to work on /home/airflow/.local/lib/python3.7/site-packages/airflow/example_dags/example_latest_only.py
[2024-03-05T12:47:53.338+0000] {processor.py:743} INFO - Processing file /home/airflow/.local/lib/python3.7/site-packages/airflow/example_dags/example_latest_only.py for tasks to queue
[2024-03-05T12:47:53.339+0000] {logging_mixin.py:137} INFO - [2024-03-05T12:47:53.339+0000] {dagbag.py:538} INFO - Filling up the DagBag from /home/airflow/.local/lib/python3.7/site-packages/airflow/example_dags/example_latest_only.py
[2024-03-05T12:47:53.347+0000] {processor.py:753} INFO - DAG(s) dict_keys(['latest_only']) retrieved from /home/airflow/.local/lib/python3.7/site-packages/airflow/example_dags/example_latest_only.py
[2024-03-05T12:47:53.360+0000] {logging_mixin.py:137} INFO - [2024-03-05T12:47:53.360+0000] {dag.py:2690} INFO - Sync 1 DAGs
[2024-03-05T12:47:53.373+0000] {logging_mixin.py:137} INFO - [2024-03-05T12:47:53.373+0000] {dag.py:3441} INFO - Setting next_dagrun for latest_only to 2024-03-05T08:47:53.373634+00:00, run_after=2024-03-05T12:47:53.373634+00:00
[2024-03-05T12:47:53.384+0000] {processor.py:175} INFO - Processing /home/airflow/.local/lib/python3.7/site-packages/airflow/example_dags/example_latest_only.py took 0.048 seconds
