[2024-03-05T12:19:23.827+0000] {processor.py:153} INFO - Started process (PID=61) to work on /home/airflow/.local/lib/python3.7/site-packages/airflow/example_dags/example_nested_branch_dag.py
[2024-03-05T12:19:23.827+0000] {processor.py:743} INFO - Processing file /home/airflow/.local/lib/python3.7/site-packages/airflow/example_dags/example_nested_branch_dag.py for tasks to queue
[2024-03-05T12:19:23.828+0000] {logging_mixin.py:137} INFO - [2024-03-05T12:19:23.828+0000] {dagbag.py:538} INFO - Filling up the DagBag from /home/airflow/.local/lib/python3.7/site-packages/airflow/example_dags/example_nested_branch_dag.py
[2024-03-05T12:19:23.841+0000] {processor.py:753} INFO - DAG(s) dict_keys(['example_nested_branch_dag']) retrieved from /home/airflow/.local/lib/python3.7/site-packages/airflow/example_dags/example_nested_branch_dag.py
[2024-03-05T12:19:23.859+0000] {logging_mixin.py:137} INFO - [2024-03-05T12:19:23.859+0000] {dag.py:2690} INFO - Sync 1 DAGs
[2024-03-05T12:19:23.876+0000] {logging_mixin.py:137} INFO - [2024-03-05T12:19:23.876+0000] {dag.py:3441} INFO - Setting next_dagrun for example_nested_branch_dag to 2024-03-04T00:00:00+00:00, run_after=2024-03-05T00:00:00+00:00
[2024-03-05T12:19:23.887+0000] {processor.py:175} INFO - Processing /home/airflow/.local/lib/python3.7/site-packages/airflow/example_dags/example_nested_branch_dag.py took 0.062 seconds
[2024-03-05T12:19:54.431+0000] {processor.py:153} INFO - Started process (PID=163) to work on /home/airflow/.local/lib/python3.7/site-packages/airflow/example_dags/example_nested_branch_dag.py
[2024-03-05T12:19:54.431+0000] {processor.py:743} INFO - Processing file /home/airflow/.local/lib/python3.7/site-packages/airflow/example_dags/example_nested_branch_dag.py for tasks to queue
[2024-03-05T12:19:54.431+0000] {logging_mixin.py:137} INFO - [2024-03-05T12:19:54.431+0000] {dagbag.py:538} INFO - Filling up the DagBag from /home/airflow/.local/lib/python3.7/site-packages/airflow/example_dags/example_nested_branch_dag.py
[2024-03-05T12:19:54.442+0000] {processor.py:753} INFO - DAG(s) dict_keys(['example_nested_branch_dag']) retrieved from /home/airflow/.local/lib/python3.7/site-packages/airflow/example_dags/example_nested_branch_dag.py
[2024-03-05T12:19:54.454+0000] {logging_mixin.py:137} INFO - [2024-03-05T12:19:54.454+0000] {dag.py:2690} INFO - Sync 1 DAGs
[2024-03-05T12:19:54.466+0000] {logging_mixin.py:137} INFO - [2024-03-05T12:19:54.466+0000] {dag.py:3441} INFO - Setting next_dagrun for example_nested_branch_dag to 2024-03-04T00:00:00+00:00, run_after=2024-03-05T00:00:00+00:00
[2024-03-05T12:19:54.474+0000] {processor.py:175} INFO - Processing /home/airflow/.local/lib/python3.7/site-packages/airflow/example_dags/example_nested_branch_dag.py took 0.045 seconds
[2024-03-05T12:42:15.976+0000] {processor.py:153} INFO - Started process (PID=61) to work on /home/airflow/.local/lib/python3.7/site-packages/airflow/example_dags/example_nested_branch_dag.py
[2024-03-05T12:42:15.978+0000] {processor.py:743} INFO - Processing file /home/airflow/.local/lib/python3.7/site-packages/airflow/example_dags/example_nested_branch_dag.py for tasks to queue
[2024-03-05T12:42:15.983+0000] {logging_mixin.py:137} INFO - [2024-03-05T12:42:15.982+0000] {dagbag.py:538} INFO - Filling up the DagBag from /home/airflow/.local/lib/python3.7/site-packages/airflow/example_dags/example_nested_branch_dag.py
[2024-03-05T12:42:15.996+0000] {processor.py:753} INFO - DAG(s) dict_keys(['example_nested_branch_dag']) retrieved from /home/airflow/.local/lib/python3.7/site-packages/airflow/example_dags/example_nested_branch_dag.py
[2024-03-05T12:42:16.013+0000] {logging_mixin.py:137} INFO - [2024-03-05T12:42:16.013+0000] {dag.py:2690} INFO - Sync 1 DAGs
[2024-03-05T12:42:16.029+0000] {logging_mixin.py:137} INFO - [2024-03-05T12:42:16.029+0000] {dag.py:3441} INFO - Setting next_dagrun for example_nested_branch_dag to 2024-03-04T00:00:00+00:00, run_after=2024-03-05T00:00:00+00:00
[2024-03-05T12:42:16.057+0000] {processor.py:175} INFO - Processing /home/airflow/.local/lib/python3.7/site-packages/airflow/example_dags/example_nested_branch_dag.py took 0.083 seconds
[2024-03-05T12:42:46.131+0000] {processor.py:153} INFO - Started process (PID=155) to work on /home/airflow/.local/lib/python3.7/site-packages/airflow/example_dags/example_nested_branch_dag.py
[2024-03-05T12:42:46.132+0000] {processor.py:743} INFO - Processing file /home/airflow/.local/lib/python3.7/site-packages/airflow/example_dags/example_nested_branch_dag.py for tasks to queue
[2024-03-05T12:42:46.133+0000] {logging_mixin.py:137} INFO - [2024-03-05T12:42:46.132+0000] {dagbag.py:538} INFO - Filling up the DagBag from /home/airflow/.local/lib/python3.7/site-packages/airflow/example_dags/example_nested_branch_dag.py
[2024-03-05T12:42:46.146+0000] {processor.py:753} INFO - DAG(s) dict_keys(['example_nested_branch_dag']) retrieved from /home/airflow/.local/lib/python3.7/site-packages/airflow/example_dags/example_nested_branch_dag.py
[2024-03-05T12:42:46.162+0000] {logging_mixin.py:137} INFO - [2024-03-05T12:42:46.162+0000] {dag.py:2690} INFO - Sync 1 DAGs
[2024-03-05T12:42:46.175+0000] {logging_mixin.py:137} INFO - [2024-03-05T12:42:46.175+0000] {dag.py:3441} INFO - Setting next_dagrun for example_nested_branch_dag to 2024-03-04T00:00:00+00:00, run_after=2024-03-05T00:00:00+00:00
[2024-03-05T12:42:46.188+0000] {processor.py:175} INFO - Processing /home/airflow/.local/lib/python3.7/site-packages/airflow/example_dags/example_nested_branch_dag.py took 0.059 seconds
[2024-03-05T12:43:16.969+0000] {processor.py:153} INFO - Started process (PID=231) to work on /home/airflow/.local/lib/python3.7/site-packages/airflow/example_dags/example_nested_branch_dag.py
[2024-03-05T12:43:16.970+0000] {processor.py:743} INFO - Processing file /home/airflow/.local/lib/python3.7/site-packages/airflow/example_dags/example_nested_branch_dag.py for tasks to queue
[2024-03-05T12:43:16.970+0000] {logging_mixin.py:137} INFO - [2024-03-05T12:43:16.970+0000] {dagbag.py:538} INFO - Filling up the DagBag from /home/airflow/.local/lib/python3.7/site-packages/airflow/example_dags/example_nested_branch_dag.py
[2024-03-05T12:43:16.983+0000] {processor.py:753} INFO - DAG(s) dict_keys(['example_nested_branch_dag']) retrieved from /home/airflow/.local/lib/python3.7/site-packages/airflow/example_dags/example_nested_branch_dag.py
[2024-03-05T12:43:17.001+0000] {logging_mixin.py:137} INFO - [2024-03-05T12:43:17.001+0000] {dag.py:2690} INFO - Sync 1 DAGs
[2024-03-05T12:43:17.015+0000] {logging_mixin.py:137} INFO - [2024-03-05T12:43:17.015+0000] {dag.py:3441} INFO - Setting next_dagrun for example_nested_branch_dag to 2024-03-04T00:00:00+00:00, run_after=2024-03-05T00:00:00+00:00
[2024-03-05T12:43:17.024+0000] {processor.py:175} INFO - Processing /home/airflow/.local/lib/python3.7/site-packages/airflow/example_dags/example_nested_branch_dag.py took 0.056 seconds
[2024-03-05T12:43:47.728+0000] {processor.py:153} INFO - Started process (PID=325) to work on /home/airflow/.local/lib/python3.7/site-packages/airflow/example_dags/example_nested_branch_dag.py
[2024-03-05T12:43:47.728+0000] {processor.py:743} INFO - Processing file /home/airflow/.local/lib/python3.7/site-packages/airflow/example_dags/example_nested_branch_dag.py for tasks to queue
[2024-03-05T12:43:47.729+0000] {logging_mixin.py:137} INFO - [2024-03-05T12:43:47.729+0000] {dagbag.py:538} INFO - Filling up the DagBag from /home/airflow/.local/lib/python3.7/site-packages/airflow/example_dags/example_nested_branch_dag.py
[2024-03-05T12:43:47.753+0000] {processor.py:753} INFO - DAG(s) dict_keys(['example_nested_branch_dag']) retrieved from /home/airflow/.local/lib/python3.7/site-packages/airflow/example_dags/example_nested_branch_dag.py
[2024-03-05T12:43:47.795+0000] {logging_mixin.py:137} INFO - [2024-03-05T12:43:47.795+0000] {dag.py:2690} INFO - Sync 1 DAGs
[2024-03-05T12:43:47.812+0000] {logging_mixin.py:137} INFO - [2024-03-05T12:43:47.812+0000] {dag.py:3441} INFO - Setting next_dagrun for example_nested_branch_dag to 2024-03-04T00:00:00+00:00, run_after=2024-03-05T00:00:00+00:00
[2024-03-05T12:43:47.823+0000] {processor.py:175} INFO - Processing /home/airflow/.local/lib/python3.7/site-packages/airflow/example_dags/example_nested_branch_dag.py took 0.098 seconds
[2024-03-05T12:44:18.276+0000] {processor.py:153} INFO - Started process (PID=418) to work on /home/airflow/.local/lib/python3.7/site-packages/airflow/example_dags/example_nested_branch_dag.py
[2024-03-05T12:44:18.277+0000] {processor.py:743} INFO - Processing file /home/airflow/.local/lib/python3.7/site-packages/airflow/example_dags/example_nested_branch_dag.py for tasks to queue
[2024-03-05T12:44:18.277+0000] {logging_mixin.py:137} INFO - [2024-03-05T12:44:18.277+0000] {dagbag.py:538} INFO - Filling up the DagBag from /home/airflow/.local/lib/python3.7/site-packages/airflow/example_dags/example_nested_branch_dag.py
[2024-03-05T12:44:18.289+0000] {processor.py:753} INFO - DAG(s) dict_keys(['example_nested_branch_dag']) retrieved from /home/airflow/.local/lib/python3.7/site-packages/airflow/example_dags/example_nested_branch_dag.py
[2024-03-05T12:44:18.302+0000] {logging_mixin.py:137} INFO - [2024-03-05T12:44:18.302+0000] {dag.py:2690} INFO - Sync 1 DAGs
[2024-03-05T12:44:18.315+0000] {logging_mixin.py:137} INFO - [2024-03-05T12:44:18.315+0000] {dag.py:3441} INFO - Setting next_dagrun for example_nested_branch_dag to 2024-03-04T00:00:00+00:00, run_after=2024-03-05T00:00:00+00:00
[2024-03-05T12:44:18.323+0000] {processor.py:175} INFO - Processing /home/airflow/.local/lib/python3.7/site-packages/airflow/example_dags/example_nested_branch_dag.py took 0.049 seconds
[2024-03-05T12:44:48.938+0000] {processor.py:153} INFO - Started process (PID=512) to work on /home/airflow/.local/lib/python3.7/site-packages/airflow/example_dags/example_nested_branch_dag.py
[2024-03-05T12:44:48.939+0000] {processor.py:743} INFO - Processing file /home/airflow/.local/lib/python3.7/site-packages/airflow/example_dags/example_nested_branch_dag.py for tasks to queue
[2024-03-05T12:44:48.939+0000] {logging_mixin.py:137} INFO - [2024-03-05T12:44:48.939+0000] {dagbag.py:538} INFO - Filling up the DagBag from /home/airflow/.local/lib/python3.7/site-packages/airflow/example_dags/example_nested_branch_dag.py
[2024-03-05T12:44:48.956+0000] {processor.py:753} INFO - DAG(s) dict_keys(['example_nested_branch_dag']) retrieved from /home/airflow/.local/lib/python3.7/site-packages/airflow/example_dags/example_nested_branch_dag.py
[2024-03-05T12:44:48.970+0000] {logging_mixin.py:137} INFO - [2024-03-05T12:44:48.970+0000] {dag.py:2690} INFO - Sync 1 DAGs
[2024-03-05T12:44:48.983+0000] {logging_mixin.py:137} INFO - [2024-03-05T12:44:48.983+0000] {dag.py:3441} INFO - Setting next_dagrun for example_nested_branch_dag to 2024-03-04T00:00:00+00:00, run_after=2024-03-05T00:00:00+00:00
[2024-03-05T12:44:48.993+0000] {processor.py:175} INFO - Processing /home/airflow/.local/lib/python3.7/site-packages/airflow/example_dags/example_nested_branch_dag.py took 0.057 seconds
[2024-03-05T12:45:19.398+0000] {processor.py:153} INFO - Started process (PID=588) to work on /home/airflow/.local/lib/python3.7/site-packages/airflow/example_dags/example_nested_branch_dag.py
[2024-03-05T12:45:19.399+0000] {processor.py:743} INFO - Processing file /home/airflow/.local/lib/python3.7/site-packages/airflow/example_dags/example_nested_branch_dag.py for tasks to queue
[2024-03-05T12:45:19.399+0000] {logging_mixin.py:137} INFO - [2024-03-05T12:45:19.399+0000] {dagbag.py:538} INFO - Filling up the DagBag from /home/airflow/.local/lib/python3.7/site-packages/airflow/example_dags/example_nested_branch_dag.py
[2024-03-05T12:45:19.411+0000] {processor.py:753} INFO - DAG(s) dict_keys(['example_nested_branch_dag']) retrieved from /home/airflow/.local/lib/python3.7/site-packages/airflow/example_dags/example_nested_branch_dag.py
[2024-03-05T12:45:19.424+0000] {logging_mixin.py:137} INFO - [2024-03-05T12:45:19.424+0000] {dag.py:2690} INFO - Sync 1 DAGs
[2024-03-05T12:45:19.439+0000] {logging_mixin.py:137} INFO - [2024-03-05T12:45:19.439+0000] {dag.py:3441} INFO - Setting next_dagrun for example_nested_branch_dag to 2024-03-04T00:00:00+00:00, run_after=2024-03-05T00:00:00+00:00
[2024-03-05T12:45:19.452+0000] {processor.py:175} INFO - Processing /home/airflow/.local/lib/python3.7/site-packages/airflow/example_dags/example_nested_branch_dag.py took 0.056 seconds
[2024-03-05T12:45:49.969+0000] {processor.py:153} INFO - Started process (PID=682) to work on /home/airflow/.local/lib/python3.7/site-packages/airflow/example_dags/example_nested_branch_dag.py
[2024-03-05T12:45:49.969+0000] {processor.py:743} INFO - Processing file /home/airflow/.local/lib/python3.7/site-packages/airflow/example_dags/example_nested_branch_dag.py for tasks to queue
[2024-03-05T12:45:49.970+0000] {logging_mixin.py:137} INFO - [2024-03-05T12:45:49.969+0000] {dagbag.py:538} INFO - Filling up the DagBag from /home/airflow/.local/lib/python3.7/site-packages/airflow/example_dags/example_nested_branch_dag.py
[2024-03-05T12:45:49.981+0000] {processor.py:753} INFO - DAG(s) dict_keys(['example_nested_branch_dag']) retrieved from /home/airflow/.local/lib/python3.7/site-packages/airflow/example_dags/example_nested_branch_dag.py
[2024-03-05T12:45:49.993+0000] {logging_mixin.py:137} INFO - [2024-03-05T12:45:49.993+0000] {dag.py:2690} INFO - Sync 1 DAGs
[2024-03-05T12:45:50.005+0000] {logging_mixin.py:137} INFO - [2024-03-05T12:45:50.005+0000] {dag.py:3441} INFO - Setting next_dagrun for example_nested_branch_dag to 2024-03-04T00:00:00+00:00, run_after=2024-03-05T00:00:00+00:00
[2024-03-05T12:45:50.013+0000] {processor.py:175} INFO - Processing /home/airflow/.local/lib/python3.7/site-packages/airflow/example_dags/example_nested_branch_dag.py took 0.046 seconds
[2024-03-05T12:46:20.696+0000] {processor.py:153} INFO - Started process (PID=776) to work on /home/airflow/.local/lib/python3.7/site-packages/airflow/example_dags/example_nested_branch_dag.py
[2024-03-05T12:46:20.697+0000] {processor.py:743} INFO - Processing file /home/airflow/.local/lib/python3.7/site-packages/airflow/example_dags/example_nested_branch_dag.py for tasks to queue
[2024-03-05T12:46:20.698+0000] {logging_mixin.py:137} INFO - [2024-03-05T12:46:20.697+0000] {dagbag.py:538} INFO - Filling up the DagBag from /home/airflow/.local/lib/python3.7/site-packages/airflow/example_dags/example_nested_branch_dag.py
[2024-03-05T12:46:20.710+0000] {processor.py:753} INFO - DAG(s) dict_keys(['example_nested_branch_dag']) retrieved from /home/airflow/.local/lib/python3.7/site-packages/airflow/example_dags/example_nested_branch_dag.py
[2024-03-05T12:46:20.726+0000] {logging_mixin.py:137} INFO - [2024-03-05T12:46:20.726+0000] {dag.py:2690} INFO - Sync 1 DAGs
[2024-03-05T12:46:20.739+0000] {logging_mixin.py:137} INFO - [2024-03-05T12:46:20.739+0000] {dag.py:3441} INFO - Setting next_dagrun for example_nested_branch_dag to 2024-03-04T00:00:00+00:00, run_after=2024-03-05T00:00:00+00:00
[2024-03-05T12:46:20.749+0000] {processor.py:175} INFO - Processing /home/airflow/.local/lib/python3.7/site-packages/airflow/example_dags/example_nested_branch_dag.py took 0.055 seconds
[2024-03-05T12:46:51.336+0000] {processor.py:153} INFO - Started process (PID=852) to work on /home/airflow/.local/lib/python3.7/site-packages/airflow/example_dags/example_nested_branch_dag.py
[2024-03-05T12:46:51.337+0000] {processor.py:743} INFO - Processing file /home/airflow/.local/lib/python3.7/site-packages/airflow/example_dags/example_nested_branch_dag.py for tasks to queue
[2024-03-05T12:46:51.337+0000] {logging_mixin.py:137} INFO - [2024-03-05T12:46:51.337+0000] {dagbag.py:538} INFO - Filling up the DagBag from /home/airflow/.local/lib/python3.7/site-packages/airflow/example_dags/example_nested_branch_dag.py
[2024-03-05T12:46:51.349+0000] {processor.py:753} INFO - DAG(s) dict_keys(['example_nested_branch_dag']) retrieved from /home/airflow/.local/lib/python3.7/site-packages/airflow/example_dags/example_nested_branch_dag.py
[2024-03-05T12:46:51.360+0000] {logging_mixin.py:137} INFO - [2024-03-05T12:46:51.360+0000] {dag.py:2690} INFO - Sync 1 DAGs
[2024-03-05T12:46:51.371+0000] {logging_mixin.py:137} INFO - [2024-03-05T12:46:51.371+0000] {dag.py:3441} INFO - Setting next_dagrun for example_nested_branch_dag to 2024-03-04T00:00:00+00:00, run_after=2024-03-05T00:00:00+00:00
[2024-03-05T12:46:51.379+0000] {processor.py:175} INFO - Processing /home/airflow/.local/lib/python3.7/site-packages/airflow/example_dags/example_nested_branch_dag.py took 0.044 seconds
[2024-03-05T12:47:21.907+0000] {processor.py:153} INFO - Started process (PID=946) to work on /home/airflow/.local/lib/python3.7/site-packages/airflow/example_dags/example_nested_branch_dag.py
[2024-03-05T12:47:21.907+0000] {processor.py:743} INFO - Processing file /home/airflow/.local/lib/python3.7/site-packages/airflow/example_dags/example_nested_branch_dag.py for tasks to queue
[2024-03-05T12:47:21.908+0000] {logging_mixin.py:137} INFO - [2024-03-05T12:47:21.908+0000] {dagbag.py:538} INFO - Filling up the DagBag from /home/airflow/.local/lib/python3.7/site-packages/airflow/example_dags/example_nested_branch_dag.py
[2024-03-05T12:47:21.919+0000] {processor.py:753} INFO - DAG(s) dict_keys(['example_nested_branch_dag']) retrieved from /home/airflow/.local/lib/python3.7/site-packages/airflow/example_dags/example_nested_branch_dag.py
[2024-03-05T12:47:21.931+0000] {logging_mixin.py:137} INFO - [2024-03-05T12:47:21.931+0000] {dag.py:2690} INFO - Sync 1 DAGs
[2024-03-05T12:47:21.944+0000] {logging_mixin.py:137} INFO - [2024-03-05T12:47:21.944+0000] {dag.py:3441} INFO - Setting next_dagrun for example_nested_branch_dag to 2024-03-04T00:00:00+00:00, run_after=2024-03-05T00:00:00+00:00
[2024-03-05T12:47:21.953+0000] {processor.py:175} INFO - Processing /home/airflow/.local/lib/python3.7/site-packages/airflow/example_dags/example_nested_branch_dag.py took 0.048 seconds
[2024-03-05T12:47:52.662+0000] {processor.py:153} INFO - Started process (PID=1040) to work on /home/airflow/.local/lib/python3.7/site-packages/airflow/example_dags/example_nested_branch_dag.py
[2024-03-05T12:47:52.663+0000] {processor.py:743} INFO - Processing file /home/airflow/.local/lib/python3.7/site-packages/airflow/example_dags/example_nested_branch_dag.py for tasks to queue
[2024-03-05T12:47:52.664+0000] {logging_mixin.py:137} INFO - [2024-03-05T12:47:52.664+0000] {dagbag.py:538} INFO - Filling up the DagBag from /home/airflow/.local/lib/python3.7/site-packages/airflow/example_dags/example_nested_branch_dag.py
[2024-03-05T12:47:52.680+0000] {processor.py:753} INFO - DAG(s) dict_keys(['example_nested_branch_dag']) retrieved from /home/airflow/.local/lib/python3.7/site-packages/airflow/example_dags/example_nested_branch_dag.py
[2024-03-05T12:47:52.694+0000] {logging_mixin.py:137} INFO - [2024-03-05T12:47:52.694+0000] {dag.py:2690} INFO - Sync 1 DAGs
[2024-03-05T12:47:52.707+0000] {logging_mixin.py:137} INFO - [2024-03-05T12:47:52.707+0000] {dag.py:3441} INFO - Setting next_dagrun for example_nested_branch_dag to 2024-03-04T00:00:00+00:00, run_after=2024-03-05T00:00:00+00:00
[2024-03-05T12:47:52.718+0000] {processor.py:175} INFO - Processing /home/airflow/.local/lib/python3.7/site-packages/airflow/example_dags/example_nested_branch_dag.py took 0.057 seconds
