[2024-03-05T12:19:23.353+0000] {processor.py:153} INFO - Started process (PID=48) to work on /home/airflow/.local/lib/python3.7/site-packages/airflow/example_dags/example_datasets.py
[2024-03-05T12:19:23.353+0000] {processor.py:743} INFO - Processing file /home/airflow/.local/lib/python3.7/site-packages/airflow/example_dags/example_datasets.py for tasks to queue
[2024-03-05T12:19:23.354+0000] {logging_mixin.py:137} INFO - [2024-03-05T12:19:23.354+0000] {dagbag.py:538} INFO - Filling up the DagBag from /home/airflow/.local/lib/python3.7/site-packages/airflow/example_dags/example_datasets.py
[2024-03-05T12:19:23.362+0000] {processor.py:753} INFO - DAG(s) dict_keys(['dataset_produces_2', 'dataset_consumes_1_never_scheduled', 'dataset_consumes_unknown_never_scheduled', 'dataset_consumes_1', 'dataset_consumes_1_and_2', 'dataset_produces_1']) retrieved from /home/airflow/.local/lib/python3.7/site-packages/airflow/example_dags/example_datasets.py
[2024-03-05T12:19:23.410+0000] {logging_mixin.py:137} INFO - [2024-03-05T12:19:23.410+0000] {dag.py:2690} INFO - Sync 6 DAGs
[2024-03-05T12:19:23.424+0000] {logging_mixin.py:137} INFO - [2024-03-05T12:19:23.424+0000] {dag.py:3441} INFO - Setting next_dagrun for dataset_consumes_1 to None, run_after=None
[2024-03-05T12:19:23.426+0000] {logging_mixin.py:137} INFO - [2024-03-05T12:19:23.426+0000] {dag.py:3441} INFO - Setting next_dagrun for dataset_consumes_1_and_2 to None, run_after=None
[2024-03-05T12:19:23.427+0000] {logging_mixin.py:137} INFO - [2024-03-05T12:19:23.427+0000] {dag.py:3441} INFO - Setting next_dagrun for dataset_consumes_1_never_scheduled to None, run_after=None
[2024-03-05T12:19:23.428+0000] {logging_mixin.py:137} INFO - [2024-03-05T12:19:23.428+0000] {dag.py:3441} INFO - Setting next_dagrun for dataset_consumes_unknown_never_scheduled to None, run_after=None
[2024-03-05T12:19:23.429+0000] {logging_mixin.py:137} INFO - [2024-03-05T12:19:23.429+0000] {dag.py:3441} INFO - Setting next_dagrun for dataset_produces_1 to 2024-03-04T00:00:00+00:00, run_after=2024-03-05T00:00:00+00:00
[2024-03-05T12:19:23.430+0000] {logging_mixin.py:137} INFO - [2024-03-05T12:19:23.430+0000] {dag.py:3441} INFO - Setting next_dagrun for dataset_produces_2 to None, run_after=None
[2024-03-05T12:19:23.451+0000] {processor.py:175} INFO - Processing /home/airflow/.local/lib/python3.7/site-packages/airflow/example_dags/example_datasets.py took 0.100 seconds
[2024-03-05T12:19:54.083+0000] {processor.py:153} INFO - Started process (PID=150) to work on /home/airflow/.local/lib/python3.7/site-packages/airflow/example_dags/example_datasets.py
[2024-03-05T12:19:54.083+0000] {processor.py:743} INFO - Processing file /home/airflow/.local/lib/python3.7/site-packages/airflow/example_dags/example_datasets.py for tasks to queue
[2024-03-05T12:19:54.083+0000] {logging_mixin.py:137} INFO - [2024-03-05T12:19:54.083+0000] {dagbag.py:538} INFO - Filling up the DagBag from /home/airflow/.local/lib/python3.7/site-packages/airflow/example_dags/example_datasets.py
[2024-03-05T12:19:54.090+0000] {processor.py:753} INFO - DAG(s) dict_keys(['dataset_consumes_1_and_2', 'dataset_produces_1', 'dataset_consumes_1', 'dataset_consumes_unknown_never_scheduled', 'dataset_consumes_1_never_scheduled', 'dataset_produces_2']) retrieved from /home/airflow/.local/lib/python3.7/site-packages/airflow/example_dags/example_datasets.py
[2024-03-05T12:19:54.107+0000] {logging_mixin.py:137} INFO - [2024-03-05T12:19:54.107+0000] {dag.py:2690} INFO - Sync 6 DAGs
[2024-03-05T12:19:54.119+0000] {logging_mixin.py:137} INFO - [2024-03-05T12:19:54.118+0000] {dag.py:3441} INFO - Setting next_dagrun for dataset_consumes_1 to None, run_after=None
[2024-03-05T12:19:54.120+0000] {logging_mixin.py:137} INFO - [2024-03-05T12:19:54.120+0000] {dag.py:3441} INFO - Setting next_dagrun for dataset_consumes_1_and_2 to None, run_after=None
[2024-03-05T12:19:54.121+0000] {logging_mixin.py:137} INFO - [2024-03-05T12:19:54.121+0000] {dag.py:3441} INFO - Setting next_dagrun for dataset_consumes_1_never_scheduled to None, run_after=None
[2024-03-05T12:19:54.121+0000] {logging_mixin.py:137} INFO - [2024-03-05T12:19:54.121+0000] {dag.py:3441} INFO - Setting next_dagrun for dataset_consumes_unknown_never_scheduled to None, run_after=None
[2024-03-05T12:19:54.123+0000] {logging_mixin.py:137} INFO - [2024-03-05T12:19:54.123+0000] {dag.py:3441} INFO - Setting next_dagrun for dataset_produces_1 to 2024-03-04T00:00:00+00:00, run_after=2024-03-05T00:00:00+00:00
[2024-03-05T12:19:54.123+0000] {logging_mixin.py:137} INFO - [2024-03-05T12:19:54.123+0000] {dag.py:3441} INFO - Setting next_dagrun for dataset_produces_2 to None, run_after=None
[2024-03-05T12:19:54.138+0000] {processor.py:175} INFO - Processing /home/airflow/.local/lib/python3.7/site-packages/airflow/example_dags/example_datasets.py took 0.057 seconds
[2024-03-05T12:42:15.362+0000] {processor.py:153} INFO - Started process (PID=48) to work on /home/airflow/.local/lib/python3.7/site-packages/airflow/example_dags/example_datasets.py
[2024-03-05T12:42:15.363+0000] {processor.py:743} INFO - Processing file /home/airflow/.local/lib/python3.7/site-packages/airflow/example_dags/example_datasets.py for tasks to queue
[2024-03-05T12:42:15.364+0000] {logging_mixin.py:137} INFO - [2024-03-05T12:42:15.364+0000] {dagbag.py:538} INFO - Filling up the DagBag from /home/airflow/.local/lib/python3.7/site-packages/airflow/example_dags/example_datasets.py
[2024-03-05T12:42:15.373+0000] {processor.py:753} INFO - DAG(s) dict_keys(['dataset_produces_1', 'dataset_consumes_unknown_never_scheduled', 'dataset_consumes_1_and_2', 'dataset_produces_2', 'dataset_consumes_1', 'dataset_consumes_1_never_scheduled']) retrieved from /home/airflow/.local/lib/python3.7/site-packages/airflow/example_dags/example_datasets.py
[2024-03-05T12:42:15.389+0000] {logging_mixin.py:137} INFO - [2024-03-05T12:42:15.389+0000] {dag.py:2690} INFO - Sync 6 DAGs
[2024-03-05T12:42:15.406+0000] {logging_mixin.py:137} INFO - [2024-03-05T12:42:15.406+0000] {dag.py:3441} INFO - Setting next_dagrun for dataset_consumes_1 to None, run_after=None
[2024-03-05T12:42:15.409+0000] {logging_mixin.py:137} INFO - [2024-03-05T12:42:15.409+0000] {dag.py:3441} INFO - Setting next_dagrun for dataset_consumes_1_and_2 to None, run_after=None
[2024-03-05T12:42:15.411+0000] {logging_mixin.py:137} INFO - [2024-03-05T12:42:15.410+0000] {dag.py:3441} INFO - Setting next_dagrun for dataset_consumes_1_never_scheduled to None, run_after=None
[2024-03-05T12:42:15.412+0000] {logging_mixin.py:137} INFO - [2024-03-05T12:42:15.412+0000] {dag.py:3441} INFO - Setting next_dagrun for dataset_consumes_unknown_never_scheduled to None, run_after=None
[2024-03-05T12:42:15.422+0000] {logging_mixin.py:137} INFO - [2024-03-05T12:42:15.422+0000] {dag.py:3441} INFO - Setting next_dagrun for dataset_produces_1 to 2024-03-04T00:00:00+00:00, run_after=2024-03-05T00:00:00+00:00
[2024-03-05T12:42:15.425+0000] {logging_mixin.py:137} INFO - [2024-03-05T12:42:15.425+0000] {dag.py:3441} INFO - Setting next_dagrun for dataset_produces_2 to None, run_after=None
[2024-03-05T12:42:15.455+0000] {processor.py:175} INFO - Processing /home/airflow/.local/lib/python3.7/site-packages/airflow/example_dags/example_datasets.py took 0.095 seconds
[2024-03-05T12:42:45.639+0000] {processor.py:153} INFO - Started process (PID=142) to work on /home/airflow/.local/lib/python3.7/site-packages/airflow/example_dags/example_datasets.py
[2024-03-05T12:42:45.639+0000] {processor.py:743} INFO - Processing file /home/airflow/.local/lib/python3.7/site-packages/airflow/example_dags/example_datasets.py for tasks to queue
[2024-03-05T12:42:45.640+0000] {logging_mixin.py:137} INFO - [2024-03-05T12:42:45.640+0000] {dagbag.py:538} INFO - Filling up the DagBag from /home/airflow/.local/lib/python3.7/site-packages/airflow/example_dags/example_datasets.py
[2024-03-05T12:42:45.656+0000] {processor.py:753} INFO - DAG(s) dict_keys(['dataset_produces_2', 'dataset_consumes_1_and_2', 'dataset_consumes_1', 'dataset_produces_1', 'dataset_consumes_unknown_never_scheduled', 'dataset_consumes_1_never_scheduled']) retrieved from /home/airflow/.local/lib/python3.7/site-packages/airflow/example_dags/example_datasets.py
[2024-03-05T12:42:45.717+0000] {logging_mixin.py:137} INFO - [2024-03-05T12:42:45.717+0000] {dag.py:2690} INFO - Sync 6 DAGs
[2024-03-05T12:42:45.730+0000] {logging_mixin.py:137} INFO - [2024-03-05T12:42:45.730+0000] {dag.py:3441} INFO - Setting next_dagrun for dataset_consumes_1 to None, run_after=None
[2024-03-05T12:42:45.732+0000] {logging_mixin.py:137} INFO - [2024-03-05T12:42:45.732+0000] {dag.py:3441} INFO - Setting next_dagrun for dataset_consumes_1_and_2 to None, run_after=None
[2024-03-05T12:42:45.732+0000] {logging_mixin.py:137} INFO - [2024-03-05T12:42:45.732+0000] {dag.py:3441} INFO - Setting next_dagrun for dataset_consumes_1_never_scheduled to None, run_after=None
[2024-03-05T12:42:45.733+0000] {logging_mixin.py:137} INFO - [2024-03-05T12:42:45.733+0000] {dag.py:3441} INFO - Setting next_dagrun for dataset_consumes_unknown_never_scheduled to None, run_after=None
[2024-03-05T12:42:45.734+0000] {logging_mixin.py:137} INFO - [2024-03-05T12:42:45.734+0000] {dag.py:3441} INFO - Setting next_dagrun for dataset_produces_1 to 2024-03-04T00:00:00+00:00, run_after=2024-03-05T00:00:00+00:00
[2024-03-05T12:42:45.735+0000] {logging_mixin.py:137} INFO - [2024-03-05T12:42:45.735+0000] {dag.py:3441} INFO - Setting next_dagrun for dataset_produces_2 to None, run_after=None
[2024-03-05T12:42:45.753+0000] {processor.py:175} INFO - Processing /home/airflow/.local/lib/python3.7/site-packages/airflow/example_dags/example_datasets.py took 0.117 seconds
[2024-03-05T12:43:16.567+0000] {processor.py:153} INFO - Started process (PID=218) to work on /home/airflow/.local/lib/python3.7/site-packages/airflow/example_dags/example_datasets.py
[2024-03-05T12:43:16.567+0000] {processor.py:743} INFO - Processing file /home/airflow/.local/lib/python3.7/site-packages/airflow/example_dags/example_datasets.py for tasks to queue
[2024-03-05T12:43:16.567+0000] {logging_mixin.py:137} INFO - [2024-03-05T12:43:16.567+0000] {dagbag.py:538} INFO - Filling up the DagBag from /home/airflow/.local/lib/python3.7/site-packages/airflow/example_dags/example_datasets.py
[2024-03-05T12:43:16.575+0000] {processor.py:753} INFO - DAG(s) dict_keys(['dataset_consumes_1_and_2', 'dataset_consumes_unknown_never_scheduled', 'dataset_produces_2', 'dataset_consumes_1_never_scheduled', 'dataset_produces_1', 'dataset_consumes_1']) retrieved from /home/airflow/.local/lib/python3.7/site-packages/airflow/example_dags/example_datasets.py
[2024-03-05T12:43:16.593+0000] {logging_mixin.py:137} INFO - [2024-03-05T12:43:16.593+0000] {dag.py:2690} INFO - Sync 6 DAGs
[2024-03-05T12:43:16.605+0000] {logging_mixin.py:137} INFO - [2024-03-05T12:43:16.605+0000] {dag.py:3441} INFO - Setting next_dagrun for dataset_consumes_1 to None, run_after=None
[2024-03-05T12:43:16.607+0000] {logging_mixin.py:137} INFO - [2024-03-05T12:43:16.607+0000] {dag.py:3441} INFO - Setting next_dagrun for dataset_consumes_1_and_2 to None, run_after=None
[2024-03-05T12:43:16.608+0000] {logging_mixin.py:137} INFO - [2024-03-05T12:43:16.608+0000] {dag.py:3441} INFO - Setting next_dagrun for dataset_consumes_1_never_scheduled to None, run_after=None
[2024-03-05T12:43:16.608+0000] {logging_mixin.py:137} INFO - [2024-03-05T12:43:16.608+0000] {dag.py:3441} INFO - Setting next_dagrun for dataset_consumes_unknown_never_scheduled to None, run_after=None
[2024-03-05T12:43:16.609+0000] {logging_mixin.py:137} INFO - [2024-03-05T12:43:16.609+0000] {dag.py:3441} INFO - Setting next_dagrun for dataset_produces_1 to 2024-03-04T00:00:00+00:00, run_after=2024-03-05T00:00:00+00:00
[2024-03-05T12:43:16.610+0000] {logging_mixin.py:137} INFO - [2024-03-05T12:43:16.610+0000] {dag.py:3441} INFO - Setting next_dagrun for dataset_produces_2 to None, run_after=None
[2024-03-05T12:43:16.624+0000] {processor.py:175} INFO - Processing /home/airflow/.local/lib/python3.7/site-packages/airflow/example_dags/example_datasets.py took 0.060 seconds
[2024-03-05T12:43:47.317+0000] {processor.py:153} INFO - Started process (PID=312) to work on /home/airflow/.local/lib/python3.7/site-packages/airflow/example_dags/example_datasets.py
[2024-03-05T12:43:47.318+0000] {processor.py:743} INFO - Processing file /home/airflow/.local/lib/python3.7/site-packages/airflow/example_dags/example_datasets.py for tasks to queue
[2024-03-05T12:43:47.318+0000] {logging_mixin.py:137} INFO - [2024-03-05T12:43:47.318+0000] {dagbag.py:538} INFO - Filling up the DagBag from /home/airflow/.local/lib/python3.7/site-packages/airflow/example_dags/example_datasets.py
[2024-03-05T12:43:47.326+0000] {processor.py:753} INFO - DAG(s) dict_keys(['dataset_produces_2', 'dataset_consumes_1_never_scheduled', 'dataset_consumes_1_and_2', 'dataset_consumes_1', 'dataset_consumes_unknown_never_scheduled', 'dataset_produces_1']) retrieved from /home/airflow/.local/lib/python3.7/site-packages/airflow/example_dags/example_datasets.py
[2024-03-05T12:43:47.345+0000] {logging_mixin.py:137} INFO - [2024-03-05T12:43:47.345+0000] {dag.py:2690} INFO - Sync 6 DAGs
[2024-03-05T12:43:47.357+0000] {logging_mixin.py:137} INFO - [2024-03-05T12:43:47.357+0000] {dag.py:3441} INFO - Setting next_dagrun for dataset_consumes_1 to None, run_after=None
[2024-03-05T12:43:47.359+0000] {logging_mixin.py:137} INFO - [2024-03-05T12:43:47.359+0000] {dag.py:3441} INFO - Setting next_dagrun for dataset_consumes_1_and_2 to None, run_after=None
[2024-03-05T12:43:47.360+0000] {logging_mixin.py:137} INFO - [2024-03-05T12:43:47.360+0000] {dag.py:3441} INFO - Setting next_dagrun for dataset_consumes_1_never_scheduled to None, run_after=None
[2024-03-05T12:43:47.361+0000] {logging_mixin.py:137} INFO - [2024-03-05T12:43:47.361+0000] {dag.py:3441} INFO - Setting next_dagrun for dataset_consumes_unknown_never_scheduled to None, run_after=None
[2024-03-05T12:43:47.362+0000] {logging_mixin.py:137} INFO - [2024-03-05T12:43:47.362+0000] {dag.py:3441} INFO - Setting next_dagrun for dataset_produces_1 to 2024-03-04T00:00:00+00:00, run_after=2024-03-05T00:00:00+00:00
[2024-03-05T12:43:47.362+0000] {logging_mixin.py:137} INFO - [2024-03-05T12:43:47.362+0000] {dag.py:3441} INFO - Setting next_dagrun for dataset_produces_2 to None, run_after=None
[2024-03-05T12:43:47.377+0000] {processor.py:175} INFO - Processing /home/airflow/.local/lib/python3.7/site-packages/airflow/example_dags/example_datasets.py took 0.061 seconds
[2024-03-05T12:44:17.887+0000] {processor.py:153} INFO - Started process (PID=405) to work on /home/airflow/.local/lib/python3.7/site-packages/airflow/example_dags/example_datasets.py
[2024-03-05T12:44:17.887+0000] {processor.py:743} INFO - Processing file /home/airflow/.local/lib/python3.7/site-packages/airflow/example_dags/example_datasets.py for tasks to queue
[2024-03-05T12:44:17.888+0000] {logging_mixin.py:137} INFO - [2024-03-05T12:44:17.888+0000] {dagbag.py:538} INFO - Filling up the DagBag from /home/airflow/.local/lib/python3.7/site-packages/airflow/example_dags/example_datasets.py
[2024-03-05T12:44:17.897+0000] {processor.py:753} INFO - DAG(s) dict_keys(['dataset_produces_2', 'dataset_consumes_unknown_never_scheduled', 'dataset_consumes_1_never_scheduled', 'dataset_produces_1', 'dataset_consumes_1_and_2', 'dataset_consumes_1']) retrieved from /home/airflow/.local/lib/python3.7/site-packages/airflow/example_dags/example_datasets.py
[2024-03-05T12:44:17.916+0000] {logging_mixin.py:137} INFO - [2024-03-05T12:44:17.915+0000] {dag.py:2690} INFO - Sync 6 DAGs
[2024-03-05T12:44:17.929+0000] {logging_mixin.py:137} INFO - [2024-03-05T12:44:17.928+0000] {dag.py:3441} INFO - Setting next_dagrun for dataset_consumes_1 to None, run_after=None
[2024-03-05T12:44:17.930+0000] {logging_mixin.py:137} INFO - [2024-03-05T12:44:17.930+0000] {dag.py:3441} INFO - Setting next_dagrun for dataset_consumes_1_and_2 to None, run_after=None
[2024-03-05T12:44:17.931+0000] {logging_mixin.py:137} INFO - [2024-03-05T12:44:17.931+0000] {dag.py:3441} INFO - Setting next_dagrun for dataset_consumes_1_never_scheduled to None, run_after=None
[2024-03-05T12:44:17.931+0000] {logging_mixin.py:137} INFO - [2024-03-05T12:44:17.931+0000] {dag.py:3441} INFO - Setting next_dagrun for dataset_consumes_unknown_never_scheduled to None, run_after=None
[2024-03-05T12:44:17.933+0000] {logging_mixin.py:137} INFO - [2024-03-05T12:44:17.933+0000] {dag.py:3441} INFO - Setting next_dagrun for dataset_produces_1 to 2024-03-04T00:00:00+00:00, run_after=2024-03-05T00:00:00+00:00
[2024-03-05T12:44:17.933+0000] {logging_mixin.py:137} INFO - [2024-03-05T12:44:17.933+0000] {dag.py:3441} INFO - Setting next_dagrun for dataset_produces_2 to None, run_after=None
[2024-03-05T12:44:17.948+0000] {processor.py:175} INFO - Processing /home/airflow/.local/lib/python3.7/site-packages/airflow/example_dags/example_datasets.py took 0.063 seconds
[2024-03-05T12:44:48.340+0000] {processor.py:153} INFO - Started process (PID=499) to work on /home/airflow/.local/lib/python3.7/site-packages/airflow/example_dags/example_datasets.py
[2024-03-05T12:44:48.344+0000] {processor.py:743} INFO - Processing file /home/airflow/.local/lib/python3.7/site-packages/airflow/example_dags/example_datasets.py for tasks to queue
[2024-03-05T12:44:48.346+0000] {logging_mixin.py:137} INFO - [2024-03-05T12:44:48.346+0000] {dagbag.py:538} INFO - Filling up the DagBag from /home/airflow/.local/lib/python3.7/site-packages/airflow/example_dags/example_datasets.py
[2024-03-05T12:44:48.369+0000] {processor.py:753} INFO - DAG(s) dict_keys(['dataset_consumes_1', 'dataset_consumes_1_and_2', 'dataset_consumes_unknown_never_scheduled', 'dataset_produces_2', 'dataset_consumes_1_never_scheduled', 'dataset_produces_1']) retrieved from /home/airflow/.local/lib/python3.7/site-packages/airflow/example_dags/example_datasets.py
[2024-03-05T12:44:48.404+0000] {logging_mixin.py:137} INFO - [2024-03-05T12:44:48.404+0000] {dag.py:2690} INFO - Sync 6 DAGs
[2024-03-05T12:44:48.422+0000] {logging_mixin.py:137} INFO - [2024-03-05T12:44:48.422+0000] {dag.py:3441} INFO - Setting next_dagrun for dataset_consumes_1 to None, run_after=None
[2024-03-05T12:44:48.424+0000] {logging_mixin.py:137} INFO - [2024-03-05T12:44:48.424+0000] {dag.py:3441} INFO - Setting next_dagrun for dataset_consumes_1_and_2 to None, run_after=None
[2024-03-05T12:44:48.425+0000] {logging_mixin.py:137} INFO - [2024-03-05T12:44:48.425+0000] {dag.py:3441} INFO - Setting next_dagrun for dataset_consumes_1_never_scheduled to None, run_after=None
[2024-03-05T12:44:48.426+0000] {logging_mixin.py:137} INFO - [2024-03-05T12:44:48.425+0000] {dag.py:3441} INFO - Setting next_dagrun for dataset_consumes_unknown_never_scheduled to None, run_after=None
[2024-03-05T12:44:48.427+0000] {logging_mixin.py:137} INFO - [2024-03-05T12:44:48.427+0000] {dag.py:3441} INFO - Setting next_dagrun for dataset_produces_1 to 2024-03-04T00:00:00+00:00, run_after=2024-03-05T00:00:00+00:00
[2024-03-05T12:44:48.428+0000] {logging_mixin.py:137} INFO - [2024-03-05T12:44:48.428+0000] {dag.py:3441} INFO - Setting next_dagrun for dataset_produces_2 to None, run_after=None
[2024-03-05T12:44:48.443+0000] {processor.py:175} INFO - Processing /home/airflow/.local/lib/python3.7/site-packages/airflow/example_dags/example_datasets.py took 0.117 seconds
[2024-03-05T12:45:19.006+0000] {processor.py:153} INFO - Started process (PID=575) to work on /home/airflow/.local/lib/python3.7/site-packages/airflow/example_dags/example_datasets.py
[2024-03-05T12:45:19.006+0000] {processor.py:743} INFO - Processing file /home/airflow/.local/lib/python3.7/site-packages/airflow/example_dags/example_datasets.py for tasks to queue
[2024-03-05T12:45:19.007+0000] {logging_mixin.py:137} INFO - [2024-03-05T12:45:19.007+0000] {dagbag.py:538} INFO - Filling up the DagBag from /home/airflow/.local/lib/python3.7/site-packages/airflow/example_dags/example_datasets.py
[2024-03-05T12:45:19.015+0000] {processor.py:753} INFO - DAG(s) dict_keys(['dataset_consumes_1_never_scheduled', 'dataset_consumes_1', 'dataset_produces_2', 'dataset_consumes_unknown_never_scheduled', 'dataset_produces_1', 'dataset_consumes_1_and_2']) retrieved from /home/airflow/.local/lib/python3.7/site-packages/airflow/example_dags/example_datasets.py
[2024-03-05T12:45:19.034+0000] {logging_mixin.py:137} INFO - [2024-03-05T12:45:19.034+0000] {dag.py:2690} INFO - Sync 6 DAGs
[2024-03-05T12:45:19.047+0000] {logging_mixin.py:137} INFO - [2024-03-05T12:45:19.047+0000] {dag.py:3441} INFO - Setting next_dagrun for dataset_consumes_1 to None, run_after=None
[2024-03-05T12:45:19.049+0000] {logging_mixin.py:137} INFO - [2024-03-05T12:45:19.049+0000] {dag.py:3441} INFO - Setting next_dagrun for dataset_consumes_1_and_2 to None, run_after=None
[2024-03-05T12:45:19.049+0000] {logging_mixin.py:137} INFO - [2024-03-05T12:45:19.049+0000] {dag.py:3441} INFO - Setting next_dagrun for dataset_consumes_1_never_scheduled to None, run_after=None
[2024-03-05T12:45:19.050+0000] {logging_mixin.py:137} INFO - [2024-03-05T12:45:19.050+0000] {dag.py:3441} INFO - Setting next_dagrun for dataset_consumes_unknown_never_scheduled to None, run_after=None
[2024-03-05T12:45:19.052+0000] {logging_mixin.py:137} INFO - [2024-03-05T12:45:19.051+0000] {dag.py:3441} INFO - Setting next_dagrun for dataset_produces_1 to 2024-03-04T00:00:00+00:00, run_after=2024-03-05T00:00:00+00:00
[2024-03-05T12:45:19.052+0000] {logging_mixin.py:137} INFO - [2024-03-05T12:45:19.052+0000] {dag.py:3441} INFO - Setting next_dagrun for dataset_produces_2 to None, run_after=None
[2024-03-05T12:45:19.069+0000] {processor.py:175} INFO - Processing /home/airflow/.local/lib/python3.7/site-packages/airflow/example_dags/example_datasets.py took 0.065 seconds
[2024-03-05T12:45:49.620+0000] {processor.py:153} INFO - Started process (PID=669) to work on /home/airflow/.local/lib/python3.7/site-packages/airflow/example_dags/example_datasets.py
[2024-03-05T12:45:49.621+0000] {processor.py:743} INFO - Processing file /home/airflow/.local/lib/python3.7/site-packages/airflow/example_dags/example_datasets.py for tasks to queue
[2024-03-05T12:45:49.621+0000] {logging_mixin.py:137} INFO - [2024-03-05T12:45:49.621+0000] {dagbag.py:538} INFO - Filling up the DagBag from /home/airflow/.local/lib/python3.7/site-packages/airflow/example_dags/example_datasets.py
[2024-03-05T12:45:49.632+0000] {processor.py:753} INFO - DAG(s) dict_keys(['dataset_consumes_1_never_scheduled', 'dataset_consumes_1_and_2', 'dataset_consumes_1', 'dataset_produces_1', 'dataset_produces_2', 'dataset_consumes_unknown_never_scheduled']) retrieved from /home/airflow/.local/lib/python3.7/site-packages/airflow/example_dags/example_datasets.py
[2024-03-05T12:45:49.650+0000] {logging_mixin.py:137} INFO - [2024-03-05T12:45:49.650+0000] {dag.py:2690} INFO - Sync 6 DAGs
[2024-03-05T12:45:49.664+0000] {logging_mixin.py:137} INFO - [2024-03-05T12:45:49.664+0000] {dag.py:3441} INFO - Setting next_dagrun for dataset_consumes_1 to None, run_after=None
[2024-03-05T12:45:49.667+0000] {logging_mixin.py:137} INFO - [2024-03-05T12:45:49.667+0000] {dag.py:3441} INFO - Setting next_dagrun for dataset_consumes_1_and_2 to None, run_after=None
[2024-03-05T12:45:49.669+0000] {logging_mixin.py:137} INFO - [2024-03-05T12:45:49.669+0000] {dag.py:3441} INFO - Setting next_dagrun for dataset_consumes_1_never_scheduled to None, run_after=None
[2024-03-05T12:45:49.669+0000] {logging_mixin.py:137} INFO - [2024-03-05T12:45:49.669+0000] {dag.py:3441} INFO - Setting next_dagrun for dataset_consumes_unknown_never_scheduled to None, run_after=None
[2024-03-05T12:45:49.671+0000] {logging_mixin.py:137} INFO - [2024-03-05T12:45:49.671+0000] {dag.py:3441} INFO - Setting next_dagrun for dataset_produces_1 to 2024-03-04T00:00:00+00:00, run_after=2024-03-05T00:00:00+00:00
[2024-03-05T12:45:49.672+0000] {logging_mixin.py:137} INFO - [2024-03-05T12:45:49.671+0000] {dag.py:3441} INFO - Setting next_dagrun for dataset_produces_2 to None, run_after=None
[2024-03-05T12:45:49.690+0000] {processor.py:175} INFO - Processing /home/airflow/.local/lib/python3.7/site-packages/airflow/example_dags/example_datasets.py took 0.072 seconds
[2024-03-05T12:46:20.144+0000] {processor.py:153} INFO - Started process (PID=763) to work on /home/airflow/.local/lib/python3.7/site-packages/airflow/example_dags/example_datasets.py
[2024-03-05T12:46:20.145+0000] {processor.py:743} INFO - Processing file /home/airflow/.local/lib/python3.7/site-packages/airflow/example_dags/example_datasets.py for tasks to queue
[2024-03-05T12:46:20.146+0000] {logging_mixin.py:137} INFO - [2024-03-05T12:46:20.146+0000] {dagbag.py:538} INFO - Filling up the DagBag from /home/airflow/.local/lib/python3.7/site-packages/airflow/example_dags/example_datasets.py
[2024-03-05T12:46:20.155+0000] {processor.py:753} INFO - DAG(s) dict_keys(['dataset_consumes_1', 'dataset_consumes_1_and_2', 'dataset_consumes_unknown_never_scheduled', 'dataset_produces_1', 'dataset_consumes_1_never_scheduled', 'dataset_produces_2']) retrieved from /home/airflow/.local/lib/python3.7/site-packages/airflow/example_dags/example_datasets.py
[2024-03-05T12:46:20.179+0000] {logging_mixin.py:137} INFO - [2024-03-05T12:46:20.179+0000] {dag.py:2690} INFO - Sync 6 DAGs
[2024-03-05T12:46:20.197+0000] {logging_mixin.py:137} INFO - [2024-03-05T12:46:20.197+0000] {dag.py:3441} INFO - Setting next_dagrun for dataset_consumes_1 to None, run_after=None
[2024-03-05T12:46:20.204+0000] {logging_mixin.py:137} INFO - [2024-03-05T12:46:20.204+0000] {dag.py:3441} INFO - Setting next_dagrun for dataset_consumes_1_and_2 to None, run_after=None
[2024-03-05T12:46:20.206+0000] {logging_mixin.py:137} INFO - [2024-03-05T12:46:20.206+0000] {dag.py:3441} INFO - Setting next_dagrun for dataset_consumes_1_never_scheduled to None, run_after=None
[2024-03-05T12:46:20.209+0000] {logging_mixin.py:137} INFO - [2024-03-05T12:46:20.209+0000] {dag.py:3441} INFO - Setting next_dagrun for dataset_consumes_unknown_never_scheduled to None, run_after=None
[2024-03-05T12:46:20.213+0000] {logging_mixin.py:137} INFO - [2024-03-05T12:46:20.212+0000] {dag.py:3441} INFO - Setting next_dagrun for dataset_produces_1 to 2024-03-04T00:00:00+00:00, run_after=2024-03-05T00:00:00+00:00
[2024-03-05T12:46:20.213+0000] {logging_mixin.py:137} INFO - [2024-03-05T12:46:20.213+0000] {dag.py:3441} INFO - Setting next_dagrun for dataset_produces_2 to None, run_after=None
[2024-03-05T12:46:20.236+0000] {processor.py:175} INFO - Processing /home/airflow/.local/lib/python3.7/site-packages/airflow/example_dags/example_datasets.py took 0.095 seconds
[2024-03-05T12:46:50.961+0000] {processor.py:153} INFO - Started process (PID=839) to work on /home/airflow/.local/lib/python3.7/site-packages/airflow/example_dags/example_datasets.py
[2024-03-05T12:46:50.962+0000] {processor.py:743} INFO - Processing file /home/airflow/.local/lib/python3.7/site-packages/airflow/example_dags/example_datasets.py for tasks to queue
[2024-03-05T12:46:50.962+0000] {logging_mixin.py:137} INFO - [2024-03-05T12:46:50.962+0000] {dagbag.py:538} INFO - Filling up the DagBag from /home/airflow/.local/lib/python3.7/site-packages/airflow/example_dags/example_datasets.py
[2024-03-05T12:46:50.970+0000] {processor.py:753} INFO - DAG(s) dict_keys(['dataset_produces_2', 'dataset_consumes_unknown_never_scheduled', 'dataset_consumes_1_never_scheduled', 'dataset_consumes_1_and_2', 'dataset_produces_1', 'dataset_consumes_1']) retrieved from /home/airflow/.local/lib/python3.7/site-packages/airflow/example_dags/example_datasets.py
[2024-03-05T12:46:50.988+0000] {logging_mixin.py:137} INFO - [2024-03-05T12:46:50.988+0000] {dag.py:2690} INFO - Sync 6 DAGs
[2024-03-05T12:46:51.000+0000] {logging_mixin.py:137} INFO - [2024-03-05T12:46:51.000+0000] {dag.py:3441} INFO - Setting next_dagrun for dataset_consumes_1 to None, run_after=None
[2024-03-05T12:46:51.002+0000] {logging_mixin.py:137} INFO - [2024-03-05T12:46:51.002+0000] {dag.py:3441} INFO - Setting next_dagrun for dataset_consumes_1_and_2 to None, run_after=None
[2024-03-05T12:46:51.003+0000] {logging_mixin.py:137} INFO - [2024-03-05T12:46:51.003+0000] {dag.py:3441} INFO - Setting next_dagrun for dataset_consumes_1_never_scheduled to None, run_after=None
[2024-03-05T12:46:51.003+0000] {logging_mixin.py:137} INFO - [2024-03-05T12:46:51.003+0000] {dag.py:3441} INFO - Setting next_dagrun for dataset_consumes_unknown_never_scheduled to None, run_after=None
[2024-03-05T12:46:51.005+0000] {logging_mixin.py:137} INFO - [2024-03-05T12:46:51.004+0000] {dag.py:3441} INFO - Setting next_dagrun for dataset_produces_1 to 2024-03-04T00:00:00+00:00, run_after=2024-03-05T00:00:00+00:00
[2024-03-05T12:46:51.005+0000] {logging_mixin.py:137} INFO - [2024-03-05T12:46:51.005+0000] {dag.py:3441} INFO - Setting next_dagrun for dataset_produces_2 to None, run_after=None
[2024-03-05T12:46:51.019+0000] {processor.py:175} INFO - Processing /home/airflow/.local/lib/python3.7/site-packages/airflow/example_dags/example_datasets.py took 0.059 seconds
[2024-03-05T12:47:21.545+0000] {processor.py:153} INFO - Started process (PID=933) to work on /home/airflow/.local/lib/python3.7/site-packages/airflow/example_dags/example_datasets.py
[2024-03-05T12:47:21.545+0000] {processor.py:743} INFO - Processing file /home/airflow/.local/lib/python3.7/site-packages/airflow/example_dags/example_datasets.py for tasks to queue
[2024-03-05T12:47:21.546+0000] {logging_mixin.py:137} INFO - [2024-03-05T12:47:21.546+0000] {dagbag.py:538} INFO - Filling up the DagBag from /home/airflow/.local/lib/python3.7/site-packages/airflow/example_dags/example_datasets.py
[2024-03-05T12:47:21.554+0000] {processor.py:753} INFO - DAG(s) dict_keys(['dataset_produces_1', 'dataset_consumes_1_never_scheduled', 'dataset_produces_2', 'dataset_consumes_unknown_never_scheduled', 'dataset_consumes_1', 'dataset_consumes_1_and_2']) retrieved from /home/airflow/.local/lib/python3.7/site-packages/airflow/example_dags/example_datasets.py
[2024-03-05T12:47:21.573+0000] {logging_mixin.py:137} INFO - [2024-03-05T12:47:21.573+0000] {dag.py:2690} INFO - Sync 6 DAGs
[2024-03-05T12:47:21.586+0000] {logging_mixin.py:137} INFO - [2024-03-05T12:47:21.586+0000] {dag.py:3441} INFO - Setting next_dagrun for dataset_consumes_1 to None, run_after=None
[2024-03-05T12:47:21.588+0000] {logging_mixin.py:137} INFO - [2024-03-05T12:47:21.588+0000] {dag.py:3441} INFO - Setting next_dagrun for dataset_consumes_1_and_2 to None, run_after=None
[2024-03-05T12:47:21.589+0000] {logging_mixin.py:137} INFO - [2024-03-05T12:47:21.589+0000] {dag.py:3441} INFO - Setting next_dagrun for dataset_consumes_1_never_scheduled to None, run_after=None
[2024-03-05T12:47:21.589+0000] {logging_mixin.py:137} INFO - [2024-03-05T12:47:21.589+0000] {dag.py:3441} INFO - Setting next_dagrun for dataset_consumes_unknown_never_scheduled to None, run_after=None
[2024-03-05T12:47:21.591+0000] {logging_mixin.py:137} INFO - [2024-03-05T12:47:21.591+0000] {dag.py:3441} INFO - Setting next_dagrun for dataset_produces_1 to 2024-03-04T00:00:00+00:00, run_after=2024-03-05T00:00:00+00:00
[2024-03-05T12:47:21.591+0000] {logging_mixin.py:137} INFO - [2024-03-05T12:47:21.591+0000] {dag.py:3441} INFO - Setting next_dagrun for dataset_produces_2 to None, run_after=None
[2024-03-05T12:47:21.607+0000] {processor.py:175} INFO - Processing /home/airflow/.local/lib/python3.7/site-packages/airflow/example_dags/example_datasets.py took 0.064 seconds
[2024-03-05T12:47:52.077+0000] {processor.py:153} INFO - Started process (PID=1027) to work on /home/airflow/.local/lib/python3.7/site-packages/airflow/example_dags/example_datasets.py
[2024-03-05T12:47:52.079+0000] {processor.py:743} INFO - Processing file /home/airflow/.local/lib/python3.7/site-packages/airflow/example_dags/example_datasets.py for tasks to queue
[2024-03-05T12:47:52.080+0000] {logging_mixin.py:137} INFO - [2024-03-05T12:47:52.080+0000] {dagbag.py:538} INFO - Filling up the DagBag from /home/airflow/.local/lib/python3.7/site-packages/airflow/example_dags/example_datasets.py
[2024-03-05T12:47:52.090+0000] {processor.py:753} INFO - DAG(s) dict_keys(['dataset_produces_1', 'dataset_consumes_1_never_scheduled', 'dataset_produces_2', 'dataset_consumes_unknown_never_scheduled', 'dataset_consumes_1_and_2', 'dataset_consumes_1']) retrieved from /home/airflow/.local/lib/python3.7/site-packages/airflow/example_dags/example_datasets.py
[2024-03-05T12:47:52.113+0000] {logging_mixin.py:137} INFO - [2024-03-05T12:47:52.113+0000] {dag.py:2690} INFO - Sync 6 DAGs
[2024-03-05T12:47:52.132+0000] {logging_mixin.py:137} INFO - [2024-03-05T12:47:52.132+0000] {dag.py:3441} INFO - Setting next_dagrun for dataset_consumes_1 to None, run_after=None
[2024-03-05T12:47:52.134+0000] {logging_mixin.py:137} INFO - [2024-03-05T12:47:52.134+0000] {dag.py:3441} INFO - Setting next_dagrun for dataset_consumes_1_and_2 to None, run_after=None
[2024-03-05T12:47:52.135+0000] {logging_mixin.py:137} INFO - [2024-03-05T12:47:52.135+0000] {dag.py:3441} INFO - Setting next_dagrun for dataset_consumes_1_never_scheduled to None, run_after=None
[2024-03-05T12:47:52.136+0000] {logging_mixin.py:137} INFO - [2024-03-05T12:47:52.136+0000] {dag.py:3441} INFO - Setting next_dagrun for dataset_consumes_unknown_never_scheduled to None, run_after=None
[2024-03-05T12:47:52.138+0000] {logging_mixin.py:137} INFO - [2024-03-05T12:47:52.137+0000] {dag.py:3441} INFO - Setting next_dagrun for dataset_produces_1 to 2024-03-04T00:00:00+00:00, run_after=2024-03-05T00:00:00+00:00
[2024-03-05T12:47:52.141+0000] {logging_mixin.py:137} INFO - [2024-03-05T12:47:52.141+0000] {dag.py:3441} INFO - Setting next_dagrun for dataset_produces_2 to None, run_after=None
[2024-03-05T12:47:52.172+0000] {processor.py:175} INFO - Processing /home/airflow/.local/lib/python3.7/site-packages/airflow/example_dags/example_datasets.py took 0.097 seconds
