[2024-03-05T12:19:24.336+0000] {processor.py:153} INFO - Started process (PID=75) to work on /home/airflow/.local/lib/python3.7/site-packages/airflow/example_dags/example_branch_python_dop_operator_3.py
[2024-03-05T12:19:24.337+0000] {processor.py:743} INFO - Processing file /home/airflow/.local/lib/python3.7/site-packages/airflow/example_dags/example_branch_python_dop_operator_3.py for tasks to queue
[2024-03-05T12:19:24.337+0000] {logging_mixin.py:137} INFO - [2024-03-05T12:19:24.337+0000] {dagbag.py:538} INFO - Filling up the DagBag from /home/airflow/.local/lib/python3.7/site-packages/airflow/example_dags/example_branch_python_dop_operator_3.py
[2024-03-05T12:19:24.350+0000] {processor.py:753} INFO - DAG(s) dict_keys(['example_branch_dop_operator_v3']) retrieved from /home/airflow/.local/lib/python3.7/site-packages/airflow/example_dags/example_branch_python_dop_operator_3.py
[2024-03-05T12:19:24.370+0000] {logging_mixin.py:137} INFO - [2024-03-05T12:19:24.369+0000] {dag.py:2690} INFO - Sync 1 DAGs
[2024-03-05T12:19:24.389+0000] {logging_mixin.py:137} INFO - [2024-03-05T12:19:24.389+0000] {dag.py:3441} INFO - Setting next_dagrun for example_branch_dop_operator_v3 to 2024-03-05T12:18:00+00:00, run_after=2024-03-05T12:19:00+00:00
[2024-03-05T12:19:24.400+0000] {processor.py:175} INFO - Processing /home/airflow/.local/lib/python3.7/site-packages/airflow/example_dags/example_branch_python_dop_operator_3.py took 0.065 seconds
[2024-03-05T12:19:54.788+0000] {processor.py:153} INFO - Started process (PID=177) to work on /home/airflow/.local/lib/python3.7/site-packages/airflow/example_dags/example_branch_python_dop_operator_3.py
[2024-03-05T12:19:54.789+0000] {processor.py:743} INFO - Processing file /home/airflow/.local/lib/python3.7/site-packages/airflow/example_dags/example_branch_python_dop_operator_3.py for tasks to queue
[2024-03-05T12:19:54.789+0000] {logging_mixin.py:137} INFO - [2024-03-05T12:19:54.789+0000] {dagbag.py:538} INFO - Filling up the DagBag from /home/airflow/.local/lib/python3.7/site-packages/airflow/example_dags/example_branch_python_dop_operator_3.py
[2024-03-05T12:19:54.800+0000] {processor.py:753} INFO - DAG(s) dict_keys(['example_branch_dop_operator_v3']) retrieved from /home/airflow/.local/lib/python3.7/site-packages/airflow/example_dags/example_branch_python_dop_operator_3.py
[2024-03-05T12:19:54.812+0000] {logging_mixin.py:137} INFO - [2024-03-05T12:19:54.812+0000] {dag.py:2690} INFO - Sync 1 DAGs
[2024-03-05T12:19:54.825+0000] {logging_mixin.py:137} INFO - [2024-03-05T12:19:54.825+0000] {dag.py:3441} INFO - Setting next_dagrun for example_branch_dop_operator_v3 to 2024-03-05T12:18:00+00:00, run_after=2024-03-05T12:19:00+00:00
[2024-03-05T12:19:54.833+0000] {processor.py:175} INFO - Processing /home/airflow/.local/lib/python3.7/site-packages/airflow/example_dags/example_branch_python_dop_operator_3.py took 0.047 seconds
[2024-03-05T12:42:16.695+0000] {processor.py:153} INFO - Started process (PID=75) to work on /home/airflow/.local/lib/python3.7/site-packages/airflow/example_dags/example_branch_python_dop_operator_3.py
[2024-03-05T12:42:16.696+0000] {processor.py:743} INFO - Processing file /home/airflow/.local/lib/python3.7/site-packages/airflow/example_dags/example_branch_python_dop_operator_3.py for tasks to queue
[2024-03-05T12:42:16.697+0000] {logging_mixin.py:137} INFO - [2024-03-05T12:42:16.697+0000] {dagbag.py:538} INFO - Filling up the DagBag from /home/airflow/.local/lib/python3.7/site-packages/airflow/example_dags/example_branch_python_dop_operator_3.py
[2024-03-05T12:42:16.710+0000] {processor.py:753} INFO - DAG(s) dict_keys(['example_branch_dop_operator_v3']) retrieved from /home/airflow/.local/lib/python3.7/site-packages/airflow/example_dags/example_branch_python_dop_operator_3.py
[2024-03-05T12:42:16.724+0000] {logging_mixin.py:137} INFO - [2024-03-05T12:42:16.723+0000] {dag.py:2690} INFO - Sync 1 DAGs
[2024-03-05T12:42:16.760+0000] {logging_mixin.py:137} INFO - [2024-03-05T12:42:16.760+0000] {dag.py:3441} INFO - Setting next_dagrun for example_branch_dop_operator_v3 to 2024-03-05T12:41:00+00:00, run_after=2024-03-05T12:42:00+00:00
[2024-03-05T12:42:16.790+0000] {processor.py:175} INFO - Processing /home/airflow/.local/lib/python3.7/site-packages/airflow/example_dags/example_branch_python_dop_operator_3.py took 0.098 seconds
[2024-03-05T12:42:46.839+0000] {processor.py:153} INFO - Started process (PID=169) to work on /home/airflow/.local/lib/python3.7/site-packages/airflow/example_dags/example_branch_python_dop_operator_3.py
[2024-03-05T12:42:46.842+0000] {processor.py:743} INFO - Processing file /home/airflow/.local/lib/python3.7/site-packages/airflow/example_dags/example_branch_python_dop_operator_3.py for tasks to queue
[2024-03-05T12:42:46.845+0000] {logging_mixin.py:137} INFO - [2024-03-05T12:42:46.845+0000] {dagbag.py:538} INFO - Filling up the DagBag from /home/airflow/.local/lib/python3.7/site-packages/airflow/example_dags/example_branch_python_dop_operator_3.py
[2024-03-05T12:42:46.862+0000] {processor.py:753} INFO - DAG(s) dict_keys(['example_branch_dop_operator_v3']) retrieved from /home/airflow/.local/lib/python3.7/site-packages/airflow/example_dags/example_branch_python_dop_operator_3.py
[2024-03-05T12:42:46.889+0000] {logging_mixin.py:137} INFO - [2024-03-05T12:42:46.888+0000] {dag.py:2690} INFO - Sync 1 DAGs
[2024-03-05T12:42:46.905+0000] {logging_mixin.py:137} INFO - [2024-03-05T12:42:46.905+0000] {dag.py:3441} INFO - Setting next_dagrun for example_branch_dop_operator_v3 to 2024-03-05T12:41:00+00:00, run_after=2024-03-05T12:42:00+00:00
[2024-03-05T12:42:46.917+0000] {processor.py:175} INFO - Processing /home/airflow/.local/lib/python3.7/site-packages/airflow/example_dags/example_branch_python_dop_operator_3.py took 0.080 seconds
[2024-03-05T12:43:17.429+0000] {processor.py:153} INFO - Started process (PID=252) to work on /home/airflow/.local/lib/python3.7/site-packages/airflow/example_dags/example_branch_python_dop_operator_3.py
[2024-03-05T12:43:17.430+0000] {processor.py:743} INFO - Processing file /home/airflow/.local/lib/python3.7/site-packages/airflow/example_dags/example_branch_python_dop_operator_3.py for tasks to queue
[2024-03-05T12:43:17.430+0000] {logging_mixin.py:137} INFO - [2024-03-05T12:43:17.430+0000] {dagbag.py:538} INFO - Filling up the DagBag from /home/airflow/.local/lib/python3.7/site-packages/airflow/example_dags/example_branch_python_dop_operator_3.py
[2024-03-05T12:43:17.442+0000] {processor.py:753} INFO - DAG(s) dict_keys(['example_branch_dop_operator_v3']) retrieved from /home/airflow/.local/lib/python3.7/site-packages/airflow/example_dags/example_branch_python_dop_operator_3.py
[2024-03-05T12:43:17.455+0000] {logging_mixin.py:137} INFO - [2024-03-05T12:43:17.455+0000] {dag.py:2690} INFO - Sync 1 DAGs
[2024-03-05T12:43:17.470+0000] {logging_mixin.py:137} INFO - [2024-03-05T12:43:17.470+0000] {dag.py:3441} INFO - Setting next_dagrun for example_branch_dop_operator_v3 to 2024-03-05T12:42:00+00:00, run_after=2024-03-05T12:43:00+00:00
[2024-03-05T12:43:17.480+0000] {processor.py:175} INFO - Processing /home/airflow/.local/lib/python3.7/site-packages/airflow/example_dags/example_branch_python_dop_operator_3.py took 0.052 seconds
[2024-03-05T12:43:48.257+0000] {processor.py:153} INFO - Started process (PID=339) to work on /home/airflow/.local/lib/python3.7/site-packages/airflow/example_dags/example_branch_python_dop_operator_3.py
[2024-03-05T12:43:48.258+0000] {processor.py:743} INFO - Processing file /home/airflow/.local/lib/python3.7/site-packages/airflow/example_dags/example_branch_python_dop_operator_3.py for tasks to queue
[2024-03-05T12:43:48.258+0000] {logging_mixin.py:137} INFO - [2024-03-05T12:43:48.258+0000] {dagbag.py:538} INFO - Filling up the DagBag from /home/airflow/.local/lib/python3.7/site-packages/airflow/example_dags/example_branch_python_dop_operator_3.py
[2024-03-05T12:43:48.271+0000] {processor.py:753} INFO - DAG(s) dict_keys(['example_branch_dop_operator_v3']) retrieved from /home/airflow/.local/lib/python3.7/site-packages/airflow/example_dags/example_branch_python_dop_operator_3.py
[2024-03-05T12:43:48.284+0000] {logging_mixin.py:137} INFO - [2024-03-05T12:43:48.284+0000] {dag.py:2690} INFO - Sync 1 DAGs
[2024-03-05T12:43:48.301+0000] {logging_mixin.py:137} INFO - [2024-03-05T12:43:48.301+0000] {dag.py:3441} INFO - Setting next_dagrun for example_branch_dop_operator_v3 to 2024-03-05T12:42:00+00:00, run_after=2024-03-05T12:43:00+00:00
[2024-03-05T12:43:48.311+0000] {processor.py:175} INFO - Processing /home/airflow/.local/lib/python3.7/site-packages/airflow/example_dags/example_branch_python_dop_operator_3.py took 0.055 seconds
[2024-03-05T12:44:18.702+0000] {processor.py:153} INFO - Started process (PID=432) to work on /home/airflow/.local/lib/python3.7/site-packages/airflow/example_dags/example_branch_python_dop_operator_3.py
[2024-03-05T12:44:18.702+0000] {processor.py:743} INFO - Processing file /home/airflow/.local/lib/python3.7/site-packages/airflow/example_dags/example_branch_python_dop_operator_3.py for tasks to queue
[2024-03-05T12:44:18.703+0000] {logging_mixin.py:137} INFO - [2024-03-05T12:44:18.703+0000] {dagbag.py:538} INFO - Filling up the DagBag from /home/airflow/.local/lib/python3.7/site-packages/airflow/example_dags/example_branch_python_dop_operator_3.py
[2024-03-05T12:44:18.715+0000] {processor.py:753} INFO - DAG(s) dict_keys(['example_branch_dop_operator_v3']) retrieved from /home/airflow/.local/lib/python3.7/site-packages/airflow/example_dags/example_branch_python_dop_operator_3.py
[2024-03-05T12:44:18.727+0000] {logging_mixin.py:137} INFO - [2024-03-05T12:44:18.727+0000] {dag.py:2690} INFO - Sync 1 DAGs
[2024-03-05T12:44:18.741+0000] {logging_mixin.py:137} INFO - [2024-03-05T12:44:18.741+0000] {dag.py:3441} INFO - Setting next_dagrun for example_branch_dop_operator_v3 to 2024-03-05T12:43:00+00:00, run_after=2024-03-05T12:44:00+00:00
[2024-03-05T12:44:18.748+0000] {processor.py:175} INFO - Processing /home/airflow/.local/lib/python3.7/site-packages/airflow/example_dags/example_branch_python_dop_operator_3.py took 0.048 seconds
[2024-03-05T12:44:49.380+0000] {processor.py:153} INFO - Started process (PID=526) to work on /home/airflow/.local/lib/python3.7/site-packages/airflow/example_dags/example_branch_python_dop_operator_3.py
[2024-03-05T12:44:49.381+0000] {processor.py:743} INFO - Processing file /home/airflow/.local/lib/python3.7/site-packages/airflow/example_dags/example_branch_python_dop_operator_3.py for tasks to queue
[2024-03-05T12:44:49.381+0000] {logging_mixin.py:137} INFO - [2024-03-05T12:44:49.381+0000] {dagbag.py:538} INFO - Filling up the DagBag from /home/airflow/.local/lib/python3.7/site-packages/airflow/example_dags/example_branch_python_dop_operator_3.py
[2024-03-05T12:44:49.392+0000] {processor.py:753} INFO - DAG(s) dict_keys(['example_branch_dop_operator_v3']) retrieved from /home/airflow/.local/lib/python3.7/site-packages/airflow/example_dags/example_branch_python_dop_operator_3.py
[2024-03-05T12:44:49.404+0000] {logging_mixin.py:137} INFO - [2024-03-05T12:44:49.404+0000] {dag.py:2690} INFO - Sync 1 DAGs
[2024-03-05T12:44:49.419+0000] {logging_mixin.py:137} INFO - [2024-03-05T12:44:49.419+0000] {dag.py:3441} INFO - Setting next_dagrun for example_branch_dop_operator_v3 to 2024-03-05T12:43:00+00:00, run_after=2024-03-05T12:44:00+00:00
[2024-03-05T12:44:49.430+0000] {processor.py:175} INFO - Processing /home/airflow/.local/lib/python3.7/site-packages/airflow/example_dags/example_branch_python_dop_operator_3.py took 0.051 seconds
[2024-03-05T12:45:19.895+0000] {processor.py:153} INFO - Started process (PID=602) to work on /home/airflow/.local/lib/python3.7/site-packages/airflow/example_dags/example_branch_python_dop_operator_3.py
[2024-03-05T12:45:19.896+0000] {processor.py:743} INFO - Processing file /home/airflow/.local/lib/python3.7/site-packages/airflow/example_dags/example_branch_python_dop_operator_3.py for tasks to queue
[2024-03-05T12:45:19.897+0000] {logging_mixin.py:137} INFO - [2024-03-05T12:45:19.896+0000] {dagbag.py:538} INFO - Filling up the DagBag from /home/airflow/.local/lib/python3.7/site-packages/airflow/example_dags/example_branch_python_dop_operator_3.py
[2024-03-05T12:45:19.908+0000] {processor.py:753} INFO - DAG(s) dict_keys(['example_branch_dop_operator_v3']) retrieved from /home/airflow/.local/lib/python3.7/site-packages/airflow/example_dags/example_branch_python_dop_operator_3.py
[2024-03-05T12:45:19.928+0000] {logging_mixin.py:137} INFO - [2024-03-05T12:45:19.927+0000] {dag.py:2690} INFO - Sync 1 DAGs
[2024-03-05T12:45:19.960+0000] {logging_mixin.py:137} INFO - [2024-03-05T12:45:19.960+0000] {dag.py:3441} INFO - Setting next_dagrun for example_branch_dop_operator_v3 to 2024-03-05T12:44:00+00:00, run_after=2024-03-05T12:45:00+00:00
[2024-03-05T12:45:19.979+0000] {processor.py:175} INFO - Processing /home/airflow/.local/lib/python3.7/site-packages/airflow/example_dags/example_branch_python_dop_operator_3.py took 0.086 seconds
[2024-03-05T12:45:50.446+0000] {processor.py:153} INFO - Started process (PID=696) to work on /home/airflow/.local/lib/python3.7/site-packages/airflow/example_dags/example_branch_python_dop_operator_3.py
[2024-03-05T12:45:50.447+0000] {processor.py:743} INFO - Processing file /home/airflow/.local/lib/python3.7/site-packages/airflow/example_dags/example_branch_python_dop_operator_3.py for tasks to queue
[2024-03-05T12:45:50.447+0000] {logging_mixin.py:137} INFO - [2024-03-05T12:45:50.447+0000] {dagbag.py:538} INFO - Filling up the DagBag from /home/airflow/.local/lib/python3.7/site-packages/airflow/example_dags/example_branch_python_dop_operator_3.py
[2024-03-05T12:45:50.458+0000] {processor.py:753} INFO - DAG(s) dict_keys(['example_branch_dop_operator_v3']) retrieved from /home/airflow/.local/lib/python3.7/site-packages/airflow/example_dags/example_branch_python_dop_operator_3.py
[2024-03-05T12:45:50.470+0000] {logging_mixin.py:137} INFO - [2024-03-05T12:45:50.470+0000] {dag.py:2690} INFO - Sync 1 DAGs
[2024-03-05T12:45:50.484+0000] {logging_mixin.py:137} INFO - [2024-03-05T12:45:50.484+0000] {dag.py:3441} INFO - Setting next_dagrun for example_branch_dop_operator_v3 to 2024-03-05T12:44:00+00:00, run_after=2024-03-05T12:45:00+00:00
[2024-03-05T12:45:50.493+0000] {processor.py:175} INFO - Processing /home/airflow/.local/lib/python3.7/site-packages/airflow/example_dags/example_branch_python_dop_operator_3.py took 0.048 seconds
[2024-03-05T12:46:21.296+0000] {processor.py:153} INFO - Started process (PID=790) to work on /home/airflow/.local/lib/python3.7/site-packages/airflow/example_dags/example_branch_python_dop_operator_3.py
[2024-03-05T12:46:21.297+0000] {processor.py:743} INFO - Processing file /home/airflow/.local/lib/python3.7/site-packages/airflow/example_dags/example_branch_python_dop_operator_3.py for tasks to queue
[2024-03-05T12:46:21.297+0000] {logging_mixin.py:137} INFO - [2024-03-05T12:46:21.297+0000] {dagbag.py:538} INFO - Filling up the DagBag from /home/airflow/.local/lib/python3.7/site-packages/airflow/example_dags/example_branch_python_dop_operator_3.py
[2024-03-05T12:46:21.309+0000] {processor.py:753} INFO - DAG(s) dict_keys(['example_branch_dop_operator_v3']) retrieved from /home/airflow/.local/lib/python3.7/site-packages/airflow/example_dags/example_branch_python_dop_operator_3.py
[2024-03-05T12:46:21.325+0000] {logging_mixin.py:137} INFO - [2024-03-05T12:46:21.325+0000] {dag.py:2690} INFO - Sync 1 DAGs
[2024-03-05T12:46:21.340+0000] {logging_mixin.py:137} INFO - [2024-03-05T12:46:21.340+0000] {dag.py:3441} INFO - Setting next_dagrun for example_branch_dop_operator_v3 to 2024-03-05T12:45:00+00:00, run_after=2024-03-05T12:46:00+00:00
[2024-03-05T12:46:21.351+0000] {processor.py:175} INFO - Processing /home/airflow/.local/lib/python3.7/site-packages/airflow/example_dags/example_branch_python_dop_operator_3.py took 0.057 seconds
[2024-03-05T12:46:51.806+0000] {processor.py:153} INFO - Started process (PID=875) to work on /home/airflow/.local/lib/python3.7/site-packages/airflow/example_dags/example_branch_python_dop_operator_3.py
[2024-03-05T12:46:51.807+0000] {processor.py:743} INFO - Processing file /home/airflow/.local/lib/python3.7/site-packages/airflow/example_dags/example_branch_python_dop_operator_3.py for tasks to queue
[2024-03-05T12:46:51.807+0000] {logging_mixin.py:137} INFO - [2024-03-05T12:46:51.807+0000] {dagbag.py:538} INFO - Filling up the DagBag from /home/airflow/.local/lib/python3.7/site-packages/airflow/example_dags/example_branch_python_dop_operator_3.py
[2024-03-05T12:46:51.820+0000] {processor.py:753} INFO - DAG(s) dict_keys(['example_branch_dop_operator_v3']) retrieved from /home/airflow/.local/lib/python3.7/site-packages/airflow/example_dags/example_branch_python_dop_operator_3.py
[2024-03-05T12:46:51.832+0000] {logging_mixin.py:137} INFO - [2024-03-05T12:46:51.832+0000] {dag.py:2690} INFO - Sync 1 DAGs
[2024-03-05T12:46:51.846+0000] {logging_mixin.py:137} INFO - [2024-03-05T12:46:51.846+0000] {dag.py:3441} INFO - Setting next_dagrun for example_branch_dop_operator_v3 to 2024-03-05T12:45:00+00:00, run_after=2024-03-05T12:46:00+00:00
[2024-03-05T12:46:51.855+0000] {processor.py:175} INFO - Processing /home/airflow/.local/lib/python3.7/site-packages/airflow/example_dags/example_branch_python_dop_operator_3.py took 0.050 seconds
[2024-03-05T12:47:22.337+0000] {processor.py:153} INFO - Started process (PID=960) to work on /home/airflow/.local/lib/python3.7/site-packages/airflow/example_dags/example_branch_python_dop_operator_3.py
[2024-03-05T12:47:22.337+0000] {processor.py:743} INFO - Processing file /home/airflow/.local/lib/python3.7/site-packages/airflow/example_dags/example_branch_python_dop_operator_3.py for tasks to queue
[2024-03-05T12:47:22.338+0000] {logging_mixin.py:137} INFO - [2024-03-05T12:47:22.338+0000] {dagbag.py:538} INFO - Filling up the DagBag from /home/airflow/.local/lib/python3.7/site-packages/airflow/example_dags/example_branch_python_dop_operator_3.py
[2024-03-05T12:47:22.350+0000] {processor.py:753} INFO - DAG(s) dict_keys(['example_branch_dop_operator_v3']) retrieved from /home/airflow/.local/lib/python3.7/site-packages/airflow/example_dags/example_branch_python_dop_operator_3.py
[2024-03-05T12:47:22.363+0000] {logging_mixin.py:137} INFO - [2024-03-05T12:47:22.363+0000] {dag.py:2690} INFO - Sync 1 DAGs
[2024-03-05T12:47:22.378+0000] {logging_mixin.py:137} INFO - [2024-03-05T12:47:22.378+0000] {dag.py:3441} INFO - Setting next_dagrun for example_branch_dop_operator_v3 to 2024-03-05T12:46:00+00:00, run_after=2024-03-05T12:47:00+00:00
[2024-03-05T12:47:22.386+0000] {processor.py:175} INFO - Processing /home/airflow/.local/lib/python3.7/site-packages/airflow/example_dags/example_branch_python_dop_operator_3.py took 0.051 seconds
[2024-03-05T12:47:53.401+0000] {processor.py:153} INFO - Started process (PID=1054) to work on /home/airflow/.local/lib/python3.7/site-packages/airflow/example_dags/example_branch_python_dop_operator_3.py
[2024-03-05T12:47:53.402+0000] {processor.py:743} INFO - Processing file /home/airflow/.local/lib/python3.7/site-packages/airflow/example_dags/example_branch_python_dop_operator_3.py for tasks to queue
[2024-03-05T12:47:53.402+0000] {logging_mixin.py:137} INFO - [2024-03-05T12:47:53.402+0000] {dagbag.py:538} INFO - Filling up the DagBag from /home/airflow/.local/lib/python3.7/site-packages/airflow/example_dags/example_branch_python_dop_operator_3.py
[2024-03-05T12:47:53.415+0000] {processor.py:753} INFO - DAG(s) dict_keys(['example_branch_dop_operator_v3']) retrieved from /home/airflow/.local/lib/python3.7/site-packages/airflow/example_dags/example_branch_python_dop_operator_3.py
[2024-03-05T12:47:53.431+0000] {logging_mixin.py:137} INFO - [2024-03-05T12:47:53.431+0000] {dag.py:2690} INFO - Sync 1 DAGs
[2024-03-05T12:47:53.449+0000] {logging_mixin.py:137} INFO - [2024-03-05T12:47:53.449+0000] {dag.py:3441} INFO - Setting next_dagrun for example_branch_dop_operator_v3 to 2024-03-05T12:46:00+00:00, run_after=2024-03-05T12:47:00+00:00
[2024-03-05T12:47:53.478+0000] {processor.py:175} INFO - Processing /home/airflow/.local/lib/python3.7/site-packages/airflow/example_dags/example_branch_python_dop_operator_3.py took 0.080 seconds
