[2024-03-05T12:19:24.465+0000] {processor.py:153} INFO - Started process (PID=78) to work on /home/airflow/.local/lib/python3.7/site-packages/airflow/example_dags/example_task_group_decorator.py
[2024-03-05T12:19:24.466+0000] {processor.py:743} INFO - Processing file /home/airflow/.local/lib/python3.7/site-packages/airflow/example_dags/example_task_group_decorator.py for tasks to queue
[2024-03-05T12:19:24.467+0000] {logging_mixin.py:137} INFO - [2024-03-05T12:19:24.467+0000] {dagbag.py:538} INFO - Filling up the DagBag from /home/airflow/.local/lib/python3.7/site-packages/airflow/example_dags/example_task_group_decorator.py
[2024-03-05T12:19:24.485+0000] {processor.py:753} INFO - DAG(s) dict_keys(['example_task_group_decorator']) retrieved from /home/airflow/.local/lib/python3.7/site-packages/airflow/example_dags/example_task_group_decorator.py
[2024-03-05T12:19:24.503+0000] {logging_mixin.py:137} INFO - [2024-03-05T12:19:24.503+0000] {dag.py:2690} INFO - Sync 1 DAGs
[2024-03-05T12:19:24.525+0000] {logging_mixin.py:137} INFO - [2024-03-05T12:19:24.525+0000] {dag.py:3441} INFO - Setting next_dagrun for example_task_group_decorator to 2024-03-04T12:19:24.525310+00:00, run_after=2024-03-05T12:19:24.525310+00:00
[2024-03-05T12:19:24.537+0000] {processor.py:175} INFO - Processing /home/airflow/.local/lib/python3.7/site-packages/airflow/example_dags/example_task_group_decorator.py took 0.074 seconds
[2024-03-05T12:19:54.867+0000] {processor.py:153} INFO - Started process (PID=180) to work on /home/airflow/.local/lib/python3.7/site-packages/airflow/example_dags/example_task_group_decorator.py
[2024-03-05T12:19:54.867+0000] {processor.py:743} INFO - Processing file /home/airflow/.local/lib/python3.7/site-packages/airflow/example_dags/example_task_group_decorator.py for tasks to queue
[2024-03-05T12:19:54.867+0000] {logging_mixin.py:137} INFO - [2024-03-05T12:19:54.867+0000] {dagbag.py:538} INFO - Filling up the DagBag from /home/airflow/.local/lib/python3.7/site-packages/airflow/example_dags/example_task_group_decorator.py
[2024-03-05T12:19:54.881+0000] {processor.py:753} INFO - DAG(s) dict_keys(['example_task_group_decorator']) retrieved from /home/airflow/.local/lib/python3.7/site-packages/airflow/example_dags/example_task_group_decorator.py
[2024-03-05T12:19:54.893+0000] {logging_mixin.py:137} INFO - [2024-03-05T12:19:54.892+0000] {dag.py:2690} INFO - Sync 1 DAGs
[2024-03-05T12:19:54.904+0000] {logging_mixin.py:137} INFO - [2024-03-05T12:19:54.904+0000] {dag.py:3441} INFO - Setting next_dagrun for example_task_group_decorator to 2024-03-04T12:19:54.904547+00:00, run_after=2024-03-05T12:19:54.904547+00:00
[2024-03-05T12:19:54.912+0000] {processor.py:175} INFO - Processing /home/airflow/.local/lib/python3.7/site-packages/airflow/example_dags/example_task_group_decorator.py took 0.047 seconds
[2024-03-05T12:42:16.885+0000] {processor.py:153} INFO - Started process (PID=78) to work on /home/airflow/.local/lib/python3.7/site-packages/airflow/example_dags/example_task_group_decorator.py
[2024-03-05T12:42:16.887+0000] {processor.py:743} INFO - Processing file /home/airflow/.local/lib/python3.7/site-packages/airflow/example_dags/example_task_group_decorator.py for tasks to queue
[2024-03-05T12:42:16.889+0000] {logging_mixin.py:137} INFO - [2024-03-05T12:42:16.889+0000] {dagbag.py:538} INFO - Filling up the DagBag from /home/airflow/.local/lib/python3.7/site-packages/airflow/example_dags/example_task_group_decorator.py
[2024-03-05T12:42:16.911+0000] {processor.py:753} INFO - DAG(s) dict_keys(['example_task_group_decorator']) retrieved from /home/airflow/.local/lib/python3.7/site-packages/airflow/example_dags/example_task_group_decorator.py
[2024-03-05T12:42:16.923+0000] {logging_mixin.py:137} INFO - [2024-03-05T12:42:16.923+0000] {dag.py:2690} INFO - Sync 1 DAGs
[2024-03-05T12:42:16.942+0000] {logging_mixin.py:137} INFO - [2024-03-05T12:42:16.942+0000] {dag.py:3441} INFO - Setting next_dagrun for example_task_group_decorator to 2024-03-04T12:42:16.942404+00:00, run_after=2024-03-05T12:42:16.942404+00:00
[2024-03-05T12:42:16.955+0000] {processor.py:175} INFO - Processing /home/airflow/.local/lib/python3.7/site-packages/airflow/example_dags/example_task_group_decorator.py took 0.074 seconds
[2024-03-05T12:42:47.000+0000] {processor.py:153} INFO - Started process (PID=172) to work on /home/airflow/.local/lib/python3.7/site-packages/airflow/example_dags/example_task_group_decorator.py
[2024-03-05T12:42:47.001+0000] {processor.py:743} INFO - Processing file /home/airflow/.local/lib/python3.7/site-packages/airflow/example_dags/example_task_group_decorator.py for tasks to queue
[2024-03-05T12:42:47.002+0000] {logging_mixin.py:137} INFO - [2024-03-05T12:42:47.001+0000] {dagbag.py:538} INFO - Filling up the DagBag from /home/airflow/.local/lib/python3.7/site-packages/airflow/example_dags/example_task_group_decorator.py
[2024-03-05T12:42:47.015+0000] {processor.py:753} INFO - DAG(s) dict_keys(['example_task_group_decorator']) retrieved from /home/airflow/.local/lib/python3.7/site-packages/airflow/example_dags/example_task_group_decorator.py
[2024-03-05T12:42:47.030+0000] {logging_mixin.py:137} INFO - [2024-03-05T12:42:47.030+0000] {dag.py:2690} INFO - Sync 1 DAGs
[2024-03-05T12:42:47.042+0000] {logging_mixin.py:137} INFO - [2024-03-05T12:42:47.042+0000] {dag.py:3441} INFO - Setting next_dagrun for example_task_group_decorator to 2024-03-04T12:42:47.042673+00:00, run_after=2024-03-05T12:42:47.042673+00:00
[2024-03-05T12:42:47.051+0000] {processor.py:175} INFO - Processing /home/airflow/.local/lib/python3.7/site-packages/airflow/example_dags/example_task_group_decorator.py took 0.052 seconds
[2024-03-05T12:43:17.557+0000] {processor.py:153} INFO - Started process (PID=257) to work on /home/airflow/.local/lib/python3.7/site-packages/airflow/example_dags/example_task_group_decorator.py
[2024-03-05T12:43:17.563+0000] {processor.py:743} INFO - Processing file /home/airflow/.local/lib/python3.7/site-packages/airflow/example_dags/example_task_group_decorator.py for tasks to queue
[2024-03-05T12:43:17.564+0000] {logging_mixin.py:137} INFO - [2024-03-05T12:43:17.564+0000] {dagbag.py:538} INFO - Filling up the DagBag from /home/airflow/.local/lib/python3.7/site-packages/airflow/example_dags/example_task_group_decorator.py
[2024-03-05T12:43:17.583+0000] {processor.py:753} INFO - DAG(s) dict_keys(['example_task_group_decorator']) retrieved from /home/airflow/.local/lib/python3.7/site-packages/airflow/example_dags/example_task_group_decorator.py
[2024-03-05T12:43:17.604+0000] {logging_mixin.py:137} INFO - [2024-03-05T12:43:17.604+0000] {dag.py:2690} INFO - Sync 1 DAGs
[2024-03-05T12:43:17.620+0000] {logging_mixin.py:137} INFO - [2024-03-05T12:43:17.620+0000] {dag.py:3441} INFO - Setting next_dagrun for example_task_group_decorator to 2024-03-04T12:43:17.620023+00:00, run_after=2024-03-05T12:43:17.620023+00:00
[2024-03-05T12:43:17.653+0000] {processor.py:175} INFO - Processing /home/airflow/.local/lib/python3.7/site-packages/airflow/example_dags/example_task_group_decorator.py took 0.098 seconds
[2024-03-05T12:43:48.375+0000] {processor.py:153} INFO - Started process (PID=342) to work on /home/airflow/.local/lib/python3.7/site-packages/airflow/example_dags/example_task_group_decorator.py
[2024-03-05T12:43:48.376+0000] {processor.py:743} INFO - Processing file /home/airflow/.local/lib/python3.7/site-packages/airflow/example_dags/example_task_group_decorator.py for tasks to queue
[2024-03-05T12:43:48.376+0000] {logging_mixin.py:137} INFO - [2024-03-05T12:43:48.376+0000] {dagbag.py:538} INFO - Filling up the DagBag from /home/airflow/.local/lib/python3.7/site-packages/airflow/example_dags/example_task_group_decorator.py
[2024-03-05T12:43:48.389+0000] {processor.py:753} INFO - DAG(s) dict_keys(['example_task_group_decorator']) retrieved from /home/airflow/.local/lib/python3.7/site-packages/airflow/example_dags/example_task_group_decorator.py
[2024-03-05T12:43:48.403+0000] {logging_mixin.py:137} INFO - [2024-03-05T12:43:48.402+0000] {dag.py:2690} INFO - Sync 1 DAGs
[2024-03-05T12:43:48.415+0000] {logging_mixin.py:137} INFO - [2024-03-05T12:43:48.415+0000] {dag.py:3441} INFO - Setting next_dagrun for example_task_group_decorator to 2024-03-04T12:43:48.415009+00:00, run_after=2024-03-05T12:43:48.415009+00:00
[2024-03-05T12:43:48.423+0000] {processor.py:175} INFO - Processing /home/airflow/.local/lib/python3.7/site-packages/airflow/example_dags/example_task_group_decorator.py took 0.049 seconds
[2024-03-05T12:44:18.798+0000] {processor.py:153} INFO - Started process (PID=435) to work on /home/airflow/.local/lib/python3.7/site-packages/airflow/example_dags/example_task_group_decorator.py
[2024-03-05T12:44:18.798+0000] {processor.py:743} INFO - Processing file /home/airflow/.local/lib/python3.7/site-packages/airflow/example_dags/example_task_group_decorator.py for tasks to queue
[2024-03-05T12:44:18.798+0000] {logging_mixin.py:137} INFO - [2024-03-05T12:44:18.798+0000] {dagbag.py:538} INFO - Filling up the DagBag from /home/airflow/.local/lib/python3.7/site-packages/airflow/example_dags/example_task_group_decorator.py
[2024-03-05T12:44:18.812+0000] {processor.py:753} INFO - DAG(s) dict_keys(['example_task_group_decorator']) retrieved from /home/airflow/.local/lib/python3.7/site-packages/airflow/example_dags/example_task_group_decorator.py
[2024-03-05T12:44:18.826+0000] {logging_mixin.py:137} INFO - [2024-03-05T12:44:18.825+0000] {dag.py:2690} INFO - Sync 1 DAGs
[2024-03-05T12:44:18.837+0000] {logging_mixin.py:137} INFO - [2024-03-05T12:44:18.837+0000] {dag.py:3441} INFO - Setting next_dagrun for example_task_group_decorator to 2024-03-04T12:44:18.837397+00:00, run_after=2024-03-05T12:44:18.837397+00:00
[2024-03-05T12:44:18.845+0000] {processor.py:175} INFO - Processing /home/airflow/.local/lib/python3.7/site-packages/airflow/example_dags/example_task_group_decorator.py took 0.050 seconds
[2024-03-05T12:44:49.484+0000] {processor.py:153} INFO - Started process (PID=529) to work on /home/airflow/.local/lib/python3.7/site-packages/airflow/example_dags/example_task_group_decorator.py
[2024-03-05T12:44:49.488+0000] {processor.py:743} INFO - Processing file /home/airflow/.local/lib/python3.7/site-packages/airflow/example_dags/example_task_group_decorator.py for tasks to queue
[2024-03-05T12:44:49.489+0000] {logging_mixin.py:137} INFO - [2024-03-05T12:44:49.489+0000] {dagbag.py:538} INFO - Filling up the DagBag from /home/airflow/.local/lib/python3.7/site-packages/airflow/example_dags/example_task_group_decorator.py
[2024-03-05T12:44:49.503+0000] {processor.py:753} INFO - DAG(s) dict_keys(['example_task_group_decorator']) retrieved from /home/airflow/.local/lib/python3.7/site-packages/airflow/example_dags/example_task_group_decorator.py
[2024-03-05T12:44:49.524+0000] {logging_mixin.py:137} INFO - [2024-03-05T12:44:49.524+0000] {dag.py:2690} INFO - Sync 1 DAGs
[2024-03-05T12:44:49.538+0000] {logging_mixin.py:137} INFO - [2024-03-05T12:44:49.538+0000] {dag.py:3441} INFO - Setting next_dagrun for example_task_group_decorator to 2024-03-04T12:44:49.538048+00:00, run_after=2024-03-05T12:44:49.538048+00:00
[2024-03-05T12:44:49.546+0000] {processor.py:175} INFO - Processing /home/airflow/.local/lib/python3.7/site-packages/airflow/example_dags/example_task_group_decorator.py took 0.063 seconds
[2024-03-05T12:45:20.063+0000] {processor.py:153} INFO - Started process (PID=605) to work on /home/airflow/.local/lib/python3.7/site-packages/airflow/example_dags/example_task_group_decorator.py
[2024-03-05T12:45:20.065+0000] {processor.py:743} INFO - Processing file /home/airflow/.local/lib/python3.7/site-packages/airflow/example_dags/example_task_group_decorator.py for tasks to queue
[2024-03-05T12:45:20.066+0000] {logging_mixin.py:137} INFO - [2024-03-05T12:45:20.066+0000] {dagbag.py:538} INFO - Filling up the DagBag from /home/airflow/.local/lib/python3.7/site-packages/airflow/example_dags/example_task_group_decorator.py
[2024-03-05T12:45:20.081+0000] {processor.py:753} INFO - DAG(s) dict_keys(['example_task_group_decorator']) retrieved from /home/airflow/.local/lib/python3.7/site-packages/airflow/example_dags/example_task_group_decorator.py
[2024-03-05T12:45:20.095+0000] {logging_mixin.py:137} INFO - [2024-03-05T12:45:20.095+0000] {dag.py:2690} INFO - Sync 1 DAGs
[2024-03-05T12:45:20.114+0000] {logging_mixin.py:137} INFO - [2024-03-05T12:45:20.114+0000] {dag.py:3441} INFO - Setting next_dagrun for example_task_group_decorator to 2024-03-04T12:45:20.114150+00:00, run_after=2024-03-05T12:45:20.114150+00:00
[2024-03-05T12:45:20.125+0000] {processor.py:175} INFO - Processing /home/airflow/.local/lib/python3.7/site-packages/airflow/example_dags/example_task_group_decorator.py took 0.065 seconds
[2024-03-05T12:45:50.553+0000] {processor.py:153} INFO - Started process (PID=699) to work on /home/airflow/.local/lib/python3.7/site-packages/airflow/example_dags/example_task_group_decorator.py
[2024-03-05T12:45:50.554+0000] {processor.py:743} INFO - Processing file /home/airflow/.local/lib/python3.7/site-packages/airflow/example_dags/example_task_group_decorator.py for tasks to queue
[2024-03-05T12:45:50.554+0000] {logging_mixin.py:137} INFO - [2024-03-05T12:45:50.554+0000] {dagbag.py:538} INFO - Filling up the DagBag from /home/airflow/.local/lib/python3.7/site-packages/airflow/example_dags/example_task_group_decorator.py
[2024-03-05T12:45:50.567+0000] {processor.py:753} INFO - DAG(s) dict_keys(['example_task_group_decorator']) retrieved from /home/airflow/.local/lib/python3.7/site-packages/airflow/example_dags/example_task_group_decorator.py
[2024-03-05T12:45:50.578+0000] {logging_mixin.py:137} INFO - [2024-03-05T12:45:50.578+0000] {dag.py:2690} INFO - Sync 1 DAGs
[2024-03-05T12:45:50.590+0000] {logging_mixin.py:137} INFO - [2024-03-05T12:45:50.590+0000] {dag.py:3441} INFO - Setting next_dagrun for example_task_group_decorator to 2024-03-04T12:45:50.590107+00:00, run_after=2024-03-05T12:45:50.590107+00:00
[2024-03-05T12:45:50.597+0000] {processor.py:175} INFO - Processing /home/airflow/.local/lib/python3.7/site-packages/airflow/example_dags/example_task_group_decorator.py took 0.046 seconds
[2024-03-05T12:46:21.432+0000] {processor.py:153} INFO - Started process (PID=793) to work on /home/airflow/.local/lib/python3.7/site-packages/airflow/example_dags/example_task_group_decorator.py
[2024-03-05T12:46:21.433+0000] {processor.py:743} INFO - Processing file /home/airflow/.local/lib/python3.7/site-packages/airflow/example_dags/example_task_group_decorator.py for tasks to queue
[2024-03-05T12:46:21.434+0000] {logging_mixin.py:137} INFO - [2024-03-05T12:46:21.434+0000] {dagbag.py:538} INFO - Filling up the DagBag from /home/airflow/.local/lib/python3.7/site-packages/airflow/example_dags/example_task_group_decorator.py
[2024-03-05T12:46:21.451+0000] {processor.py:753} INFO - DAG(s) dict_keys(['example_task_group_decorator']) retrieved from /home/airflow/.local/lib/python3.7/site-packages/airflow/example_dags/example_task_group_decorator.py
[2024-03-05T12:46:21.472+0000] {logging_mixin.py:137} INFO - [2024-03-05T12:46:21.472+0000] {dag.py:2690} INFO - Sync 1 DAGs
[2024-03-05T12:46:21.487+0000] {logging_mixin.py:137} INFO - [2024-03-05T12:46:21.487+0000] {dag.py:3441} INFO - Setting next_dagrun for example_task_group_decorator to 2024-03-04T12:46:21.486941+00:00, run_after=2024-03-05T12:46:21.486941+00:00
[2024-03-05T12:46:21.499+0000] {processor.py:175} INFO - Processing /home/airflow/.local/lib/python3.7/site-packages/airflow/example_dags/example_task_group_decorator.py took 0.069 seconds
[2024-03-05T12:46:51.914+0000] {processor.py:153} INFO - Started process (PID=878) to work on /home/airflow/.local/lib/python3.7/site-packages/airflow/example_dags/example_task_group_decorator.py
[2024-03-05T12:46:51.915+0000] {processor.py:743} INFO - Processing file /home/airflow/.local/lib/python3.7/site-packages/airflow/example_dags/example_task_group_decorator.py for tasks to queue
[2024-03-05T12:46:51.915+0000] {logging_mixin.py:137} INFO - [2024-03-05T12:46:51.915+0000] {dagbag.py:538} INFO - Filling up the DagBag from /home/airflow/.local/lib/python3.7/site-packages/airflow/example_dags/example_task_group_decorator.py
[2024-03-05T12:46:51.929+0000] {processor.py:753} INFO - DAG(s) dict_keys(['example_task_group_decorator']) retrieved from /home/airflow/.local/lib/python3.7/site-packages/airflow/example_dags/example_task_group_decorator.py
[2024-03-05T12:46:51.951+0000] {logging_mixin.py:137} INFO - [2024-03-05T12:46:51.951+0000] {dag.py:2690} INFO - Sync 1 DAGs
[2024-03-05T12:46:51.966+0000] {logging_mixin.py:137} INFO - [2024-03-05T12:46:51.966+0000] {dag.py:3441} INFO - Setting next_dagrun for example_task_group_decorator to 2024-03-04T12:46:51.966051+00:00, run_after=2024-03-05T12:46:51.966051+00:00
[2024-03-05T12:46:51.975+0000] {processor.py:175} INFO - Processing /home/airflow/.local/lib/python3.7/site-packages/airflow/example_dags/example_task_group_decorator.py took 0.062 seconds
[2024-03-05T12:47:22.449+0000] {processor.py:153} INFO - Started process (PID=963) to work on /home/airflow/.local/lib/python3.7/site-packages/airflow/example_dags/example_task_group_decorator.py
[2024-03-05T12:47:22.449+0000] {processor.py:743} INFO - Processing file /home/airflow/.local/lib/python3.7/site-packages/airflow/example_dags/example_task_group_decorator.py for tasks to queue
[2024-03-05T12:47:22.449+0000] {logging_mixin.py:137} INFO - [2024-03-05T12:47:22.449+0000] {dagbag.py:538} INFO - Filling up the DagBag from /home/airflow/.local/lib/python3.7/site-packages/airflow/example_dags/example_task_group_decorator.py
[2024-03-05T12:47:22.462+0000] {processor.py:753} INFO - DAG(s) dict_keys(['example_task_group_decorator']) retrieved from /home/airflow/.local/lib/python3.7/site-packages/airflow/example_dags/example_task_group_decorator.py
[2024-03-05T12:47:22.474+0000] {logging_mixin.py:137} INFO - [2024-03-05T12:47:22.474+0000] {dag.py:2690} INFO - Sync 1 DAGs
[2024-03-05T12:47:22.486+0000] {logging_mixin.py:137} INFO - [2024-03-05T12:47:22.486+0000] {dag.py:3441} INFO - Setting next_dagrun for example_task_group_decorator to 2024-03-04T12:47:22.486515+00:00, run_after=2024-03-05T12:47:22.486515+00:00
[2024-03-05T12:47:22.496+0000] {processor.py:175} INFO - Processing /home/airflow/.local/lib/python3.7/site-packages/airflow/example_dags/example_task_group_decorator.py took 0.049 seconds
[2024-03-05T12:47:53.530+0000] {processor.py:153} INFO - Started process (PID=1057) to work on /home/airflow/.local/lib/python3.7/site-packages/airflow/example_dags/example_task_group_decorator.py
[2024-03-05T12:47:53.531+0000] {processor.py:743} INFO - Processing file /home/airflow/.local/lib/python3.7/site-packages/airflow/example_dags/example_task_group_decorator.py for tasks to queue
[2024-03-05T12:47:53.531+0000] {logging_mixin.py:137} INFO - [2024-03-05T12:47:53.531+0000] {dagbag.py:538} INFO - Filling up the DagBag from /home/airflow/.local/lib/python3.7/site-packages/airflow/example_dags/example_task_group_decorator.py
[2024-03-05T12:47:53.549+0000] {processor.py:753} INFO - DAG(s) dict_keys(['example_task_group_decorator']) retrieved from /home/airflow/.local/lib/python3.7/site-packages/airflow/example_dags/example_task_group_decorator.py
[2024-03-05T12:47:53.566+0000] {logging_mixin.py:137} INFO - [2024-03-05T12:47:53.566+0000] {dag.py:2690} INFO - Sync 1 DAGs
[2024-03-05T12:47:53.580+0000] {logging_mixin.py:137} INFO - [2024-03-05T12:47:53.580+0000] {dag.py:3441} INFO - Setting next_dagrun for example_task_group_decorator to 2024-03-04T12:47:53.580604+00:00, run_after=2024-03-05T12:47:53.580604+00:00
[2024-03-05T12:47:53.592+0000] {processor.py:175} INFO - Processing /home/airflow/.local/lib/python3.7/site-packages/airflow/example_dags/example_task_group_decorator.py took 0.064 seconds
