[2024-03-05T12:19:24.569+0000] {processor.py:153} INFO - Started process (PID=81) to work on /home/airflow/.local/lib/python3.7/site-packages/airflow/example_dags/example_sensor_decorator.py
[2024-03-05T12:19:24.570+0000] {processor.py:743} INFO - Processing file /home/airflow/.local/lib/python3.7/site-packages/airflow/example_dags/example_sensor_decorator.py for tasks to queue
[2024-03-05T12:19:24.570+0000] {logging_mixin.py:137} INFO - [2024-03-05T12:19:24.570+0000] {dagbag.py:538} INFO - Filling up the DagBag from /home/airflow/.local/lib/python3.7/site-packages/airflow/example_dags/example_sensor_decorator.py
[2024-03-05T12:19:24.587+0000] {processor.py:753} INFO - DAG(s) dict_keys(['example_sensor_decorator']) retrieved from /home/airflow/.local/lib/python3.7/site-packages/airflow/example_dags/example_sensor_decorator.py
[2024-03-05T12:19:24.604+0000] {logging_mixin.py:137} INFO - [2024-03-05T12:19:24.604+0000] {dag.py:2690} INFO - Sync 1 DAGs
[2024-03-05T12:19:24.621+0000] {logging_mixin.py:137} INFO - [2024-03-05T12:19:24.621+0000] {dag.py:3441} INFO - Setting next_dagrun for example_sensor_decorator to None, run_after=None
[2024-03-05T12:19:24.633+0000] {processor.py:175} INFO - Processing /home/airflow/.local/lib/python3.7/site-packages/airflow/example_dags/example_sensor_decorator.py took 0.066 seconds
[2024-03-05T12:19:54.940+0000] {processor.py:153} INFO - Started process (PID=183) to work on /home/airflow/.local/lib/python3.7/site-packages/airflow/example_dags/example_sensor_decorator.py
[2024-03-05T12:19:54.941+0000] {processor.py:743} INFO - Processing file /home/airflow/.local/lib/python3.7/site-packages/airflow/example_dags/example_sensor_decorator.py for tasks to queue
[2024-03-05T12:19:54.941+0000] {logging_mixin.py:137} INFO - [2024-03-05T12:19:54.941+0000] {dagbag.py:538} INFO - Filling up the DagBag from /home/airflow/.local/lib/python3.7/site-packages/airflow/example_dags/example_sensor_decorator.py
[2024-03-05T12:19:54.951+0000] {processor.py:753} INFO - DAG(s) dict_keys(['example_sensor_decorator']) retrieved from /home/airflow/.local/lib/python3.7/site-packages/airflow/example_dags/example_sensor_decorator.py
[2024-03-05T12:19:54.961+0000] {logging_mixin.py:137} INFO - [2024-03-05T12:19:54.961+0000] {dag.py:2690} INFO - Sync 1 DAGs
[2024-03-05T12:19:54.972+0000] {logging_mixin.py:137} INFO - [2024-03-05T12:19:54.972+0000] {dag.py:3441} INFO - Setting next_dagrun for example_sensor_decorator to None, run_after=None
[2024-03-05T12:19:54.980+0000] {processor.py:175} INFO - Processing /home/airflow/.local/lib/python3.7/site-packages/airflow/example_dags/example_sensor_decorator.py took 0.041 seconds
[2024-03-05T12:42:17.001+0000] {processor.py:153} INFO - Started process (PID=81) to work on /home/airflow/.local/lib/python3.7/site-packages/airflow/example_dags/example_sensor_decorator.py
[2024-03-05T12:42:17.004+0000] {processor.py:743} INFO - Processing file /home/airflow/.local/lib/python3.7/site-packages/airflow/example_dags/example_sensor_decorator.py for tasks to queue
[2024-03-05T12:42:17.008+0000] {logging_mixin.py:137} INFO - [2024-03-05T12:42:17.008+0000] {dagbag.py:538} INFO - Filling up the DagBag from /home/airflow/.local/lib/python3.7/site-packages/airflow/example_dags/example_sensor_decorator.py
[2024-03-05T12:42:17.033+0000] {processor.py:753} INFO - DAG(s) dict_keys(['example_sensor_decorator']) retrieved from /home/airflow/.local/lib/python3.7/site-packages/airflow/example_dags/example_sensor_decorator.py
[2024-03-05T12:42:17.047+0000] {logging_mixin.py:137} INFO - [2024-03-05T12:42:17.047+0000] {dag.py:2690} INFO - Sync 1 DAGs
[2024-03-05T12:42:17.066+0000] {logging_mixin.py:137} INFO - [2024-03-05T12:42:17.066+0000] {dag.py:3441} INFO - Setting next_dagrun for example_sensor_decorator to None, run_after=None
[2024-03-05T12:42:17.081+0000] {processor.py:175} INFO - Processing /home/airflow/.local/lib/python3.7/site-packages/airflow/example_dags/example_sensor_decorator.py took 0.083 seconds
[2024-03-05T12:42:47.136+0000] {processor.py:153} INFO - Started process (PID=175) to work on /home/airflow/.local/lib/python3.7/site-packages/airflow/example_dags/example_sensor_decorator.py
[2024-03-05T12:42:47.137+0000] {processor.py:743} INFO - Processing file /home/airflow/.local/lib/python3.7/site-packages/airflow/example_dags/example_sensor_decorator.py for tasks to queue
[2024-03-05T12:42:47.137+0000] {logging_mixin.py:137} INFO - [2024-03-05T12:42:47.137+0000] {dagbag.py:538} INFO - Filling up the DagBag from /home/airflow/.local/lib/python3.7/site-packages/airflow/example_dags/example_sensor_decorator.py
[2024-03-05T12:42:47.150+0000] {processor.py:753} INFO - DAG(s) dict_keys(['example_sensor_decorator']) retrieved from /home/airflow/.local/lib/python3.7/site-packages/airflow/example_dags/example_sensor_decorator.py
[2024-03-05T12:42:47.163+0000] {logging_mixin.py:137} INFO - [2024-03-05T12:42:47.163+0000] {dag.py:2690} INFO - Sync 1 DAGs
[2024-03-05T12:42:47.176+0000] {logging_mixin.py:137} INFO - [2024-03-05T12:42:47.176+0000] {dag.py:3441} INFO - Setting next_dagrun for example_sensor_decorator to None, run_after=None
[2024-03-05T12:42:47.188+0000] {processor.py:175} INFO - Processing /home/airflow/.local/lib/python3.7/site-packages/airflow/example_dags/example_sensor_decorator.py took 0.054 seconds
[2024-03-05T12:43:17.787+0000] {processor.py:153} INFO - Started process (PID=260) to work on /home/airflow/.local/lib/python3.7/site-packages/airflow/example_dags/example_sensor_decorator.py
[2024-03-05T12:43:17.789+0000] {processor.py:743} INFO - Processing file /home/airflow/.local/lib/python3.7/site-packages/airflow/example_dags/example_sensor_decorator.py for tasks to queue
[2024-03-05T12:43:17.792+0000] {logging_mixin.py:137} INFO - [2024-03-05T12:43:17.792+0000] {dagbag.py:538} INFO - Filling up the DagBag from /home/airflow/.local/lib/python3.7/site-packages/airflow/example_dags/example_sensor_decorator.py
[2024-03-05T12:43:17.805+0000] {processor.py:753} INFO - DAG(s) dict_keys(['example_sensor_decorator']) retrieved from /home/airflow/.local/lib/python3.7/site-packages/airflow/example_dags/example_sensor_decorator.py
[2024-03-05T12:43:17.828+0000] {logging_mixin.py:137} INFO - [2024-03-05T12:43:17.828+0000] {dag.py:2690} INFO - Sync 1 DAGs
[2024-03-05T12:43:17.858+0000] {logging_mixin.py:137} INFO - [2024-03-05T12:43:17.857+0000] {dag.py:3441} INFO - Setting next_dagrun for example_sensor_decorator to None, run_after=None
[2024-03-05T12:43:17.889+0000] {processor.py:175} INFO - Processing /home/airflow/.local/lib/python3.7/site-packages/airflow/example_dags/example_sensor_decorator.py took 0.106 seconds
[2024-03-05T12:43:48.482+0000] {processor.py:153} INFO - Started process (PID=345) to work on /home/airflow/.local/lib/python3.7/site-packages/airflow/example_dags/example_sensor_decorator.py
[2024-03-05T12:43:48.483+0000] {processor.py:743} INFO - Processing file /home/airflow/.local/lib/python3.7/site-packages/airflow/example_dags/example_sensor_decorator.py for tasks to queue
[2024-03-05T12:43:48.483+0000] {logging_mixin.py:137} INFO - [2024-03-05T12:43:48.483+0000] {dagbag.py:538} INFO - Filling up the DagBag from /home/airflow/.local/lib/python3.7/site-packages/airflow/example_dags/example_sensor_decorator.py
[2024-03-05T12:43:48.495+0000] {processor.py:753} INFO - DAG(s) dict_keys(['example_sensor_decorator']) retrieved from /home/airflow/.local/lib/python3.7/site-packages/airflow/example_dags/example_sensor_decorator.py
[2024-03-05T12:43:48.507+0000] {logging_mixin.py:137} INFO - [2024-03-05T12:43:48.507+0000] {dag.py:2690} INFO - Sync 1 DAGs
[2024-03-05T12:43:48.521+0000] {logging_mixin.py:137} INFO - [2024-03-05T12:43:48.521+0000] {dag.py:3441} INFO - Setting next_dagrun for example_sensor_decorator to None, run_after=None
[2024-03-05T12:43:48.535+0000] {processor.py:175} INFO - Processing /home/airflow/.local/lib/python3.7/site-packages/airflow/example_dags/example_sensor_decorator.py took 0.055 seconds
[2024-03-05T12:44:18.864+0000] {processor.py:153} INFO - Started process (PID=438) to work on /home/airflow/.local/lib/python3.7/site-packages/airflow/example_dags/example_sensor_decorator.py
[2024-03-05T12:44:18.864+0000] {processor.py:743} INFO - Processing file /home/airflow/.local/lib/python3.7/site-packages/airflow/example_dags/example_sensor_decorator.py for tasks to queue
[2024-03-05T12:44:18.865+0000] {logging_mixin.py:137} INFO - [2024-03-05T12:44:18.865+0000] {dagbag.py:538} INFO - Filling up the DagBag from /home/airflow/.local/lib/python3.7/site-packages/airflow/example_dags/example_sensor_decorator.py
[2024-03-05T12:44:18.877+0000] {processor.py:753} INFO - DAG(s) dict_keys(['example_sensor_decorator']) retrieved from /home/airflow/.local/lib/python3.7/site-packages/airflow/example_dags/example_sensor_decorator.py
[2024-03-05T12:44:18.888+0000] {logging_mixin.py:137} INFO - [2024-03-05T12:44:18.888+0000] {dag.py:2690} INFO - Sync 1 DAGs
[2024-03-05T12:44:18.900+0000] {logging_mixin.py:137} INFO - [2024-03-05T12:44:18.900+0000] {dag.py:3441} INFO - Setting next_dagrun for example_sensor_decorator to None, run_after=None
[2024-03-05T12:44:18.908+0000] {processor.py:175} INFO - Processing /home/airflow/.local/lib/python3.7/site-packages/airflow/example_dags/example_sensor_decorator.py took 0.046 seconds
[2024-03-05T12:44:49.572+0000] {processor.py:153} INFO - Started process (PID=532) to work on /home/airflow/.local/lib/python3.7/site-packages/airflow/example_dags/example_sensor_decorator.py
[2024-03-05T12:44:49.572+0000] {processor.py:743} INFO - Processing file /home/airflow/.local/lib/python3.7/site-packages/airflow/example_dags/example_sensor_decorator.py for tasks to queue
[2024-03-05T12:44:49.573+0000] {logging_mixin.py:137} INFO - [2024-03-05T12:44:49.573+0000] {dagbag.py:538} INFO - Filling up the DagBag from /home/airflow/.local/lib/python3.7/site-packages/airflow/example_dags/example_sensor_decorator.py
[2024-03-05T12:44:49.584+0000] {processor.py:753} INFO - DAG(s) dict_keys(['example_sensor_decorator']) retrieved from /home/airflow/.local/lib/python3.7/site-packages/airflow/example_dags/example_sensor_decorator.py
[2024-03-05T12:44:49.595+0000] {logging_mixin.py:137} INFO - [2024-03-05T12:44:49.595+0000] {dag.py:2690} INFO - Sync 1 DAGs
[2024-03-05T12:44:49.608+0000] {logging_mixin.py:137} INFO - [2024-03-05T12:44:49.608+0000] {dag.py:3441} INFO - Setting next_dagrun for example_sensor_decorator to None, run_after=None
[2024-03-05T12:44:49.617+0000] {processor.py:175} INFO - Processing /home/airflow/.local/lib/python3.7/site-packages/airflow/example_dags/example_sensor_decorator.py took 0.047 seconds
[2024-03-05T12:45:20.154+0000] {processor.py:153} INFO - Started process (PID=608) to work on /home/airflow/.local/lib/python3.7/site-packages/airflow/example_dags/example_sensor_decorator.py
[2024-03-05T12:45:20.155+0000] {processor.py:743} INFO - Processing file /home/airflow/.local/lib/python3.7/site-packages/airflow/example_dags/example_sensor_decorator.py for tasks to queue
[2024-03-05T12:45:20.156+0000] {logging_mixin.py:137} INFO - [2024-03-05T12:45:20.156+0000] {dagbag.py:538} INFO - Filling up the DagBag from /home/airflow/.local/lib/python3.7/site-packages/airflow/example_dags/example_sensor_decorator.py
[2024-03-05T12:45:20.170+0000] {processor.py:753} INFO - DAG(s) dict_keys(['example_sensor_decorator']) retrieved from /home/airflow/.local/lib/python3.7/site-packages/airflow/example_dags/example_sensor_decorator.py
[2024-03-05T12:45:20.187+0000] {logging_mixin.py:137} INFO - [2024-03-05T12:45:20.186+0000] {dag.py:2690} INFO - Sync 1 DAGs
[2024-03-05T12:45:20.198+0000] {logging_mixin.py:137} INFO - [2024-03-05T12:45:20.198+0000] {dag.py:3441} INFO - Setting next_dagrun for example_sensor_decorator to None, run_after=None
[2024-03-05T12:45:20.210+0000] {processor.py:175} INFO - Processing /home/airflow/.local/lib/python3.7/site-packages/airflow/example_dags/example_sensor_decorator.py took 0.058 seconds
[2024-03-05T12:45:50.662+0000] {processor.py:153} INFO - Started process (PID=702) to work on /home/airflow/.local/lib/python3.7/site-packages/airflow/example_dags/example_sensor_decorator.py
[2024-03-05T12:45:50.662+0000] {processor.py:743} INFO - Processing file /home/airflow/.local/lib/python3.7/site-packages/airflow/example_dags/example_sensor_decorator.py for tasks to queue
[2024-03-05T12:45:50.663+0000] {logging_mixin.py:137} INFO - [2024-03-05T12:45:50.663+0000] {dagbag.py:538} INFO - Filling up the DagBag from /home/airflow/.local/lib/python3.7/site-packages/airflow/example_dags/example_sensor_decorator.py
[2024-03-05T12:45:50.673+0000] {processor.py:753} INFO - DAG(s) dict_keys(['example_sensor_decorator']) retrieved from /home/airflow/.local/lib/python3.7/site-packages/airflow/example_dags/example_sensor_decorator.py
[2024-03-05T12:45:50.684+0000] {logging_mixin.py:137} INFO - [2024-03-05T12:45:50.684+0000] {dag.py:2690} INFO - Sync 1 DAGs
[2024-03-05T12:45:50.697+0000] {logging_mixin.py:137} INFO - [2024-03-05T12:45:50.697+0000] {dag.py:3441} INFO - Setting next_dagrun for example_sensor_decorator to None, run_after=None
[2024-03-05T12:45:50.705+0000] {processor.py:175} INFO - Processing /home/airflow/.local/lib/python3.7/site-packages/airflow/example_dags/example_sensor_decorator.py took 0.045 seconds
[2024-03-05T12:46:21.570+0000] {processor.py:153} INFO - Started process (PID=796) to work on /home/airflow/.local/lib/python3.7/site-packages/airflow/example_dags/example_sensor_decorator.py
[2024-03-05T12:46:21.571+0000] {processor.py:743} INFO - Processing file /home/airflow/.local/lib/python3.7/site-packages/airflow/example_dags/example_sensor_decorator.py for tasks to queue
[2024-03-05T12:46:21.572+0000] {logging_mixin.py:137} INFO - [2024-03-05T12:46:21.572+0000] {dagbag.py:538} INFO - Filling up the DagBag from /home/airflow/.local/lib/python3.7/site-packages/airflow/example_dags/example_sensor_decorator.py
[2024-03-05T12:46:21.583+0000] {processor.py:753} INFO - DAG(s) dict_keys(['example_sensor_decorator']) retrieved from /home/airflow/.local/lib/python3.7/site-packages/airflow/example_dags/example_sensor_decorator.py
[2024-03-05T12:46:21.598+0000] {logging_mixin.py:137} INFO - [2024-03-05T12:46:21.598+0000] {dag.py:2690} INFO - Sync 1 DAGs
[2024-03-05T12:46:21.611+0000] {logging_mixin.py:137} INFO - [2024-03-05T12:46:21.611+0000] {dag.py:3441} INFO - Setting next_dagrun for example_sensor_decorator to None, run_after=None
[2024-03-05T12:46:21.622+0000] {processor.py:175} INFO - Processing /home/airflow/.local/lib/python3.7/site-packages/airflow/example_dags/example_sensor_decorator.py took 0.054 seconds
[2024-03-05T12:46:52.104+0000] {processor.py:153} INFO - Started process (PID=890) to work on /home/airflow/.local/lib/python3.7/site-packages/airflow/example_dags/example_sensor_decorator.py
[2024-03-05T12:46:52.109+0000] {processor.py:743} INFO - Processing file /home/airflow/.local/lib/python3.7/site-packages/airflow/example_dags/example_sensor_decorator.py for tasks to queue
[2024-03-05T12:46:52.109+0000] {logging_mixin.py:137} INFO - [2024-03-05T12:46:52.109+0000] {dagbag.py:538} INFO - Filling up the DagBag from /home/airflow/.local/lib/python3.7/site-packages/airflow/example_dags/example_sensor_decorator.py
[2024-03-05T12:46:52.124+0000] {processor.py:753} INFO - DAG(s) dict_keys(['example_sensor_decorator']) retrieved from /home/airflow/.local/lib/python3.7/site-packages/airflow/example_dags/example_sensor_decorator.py
[2024-03-05T12:46:52.139+0000] {logging_mixin.py:137} INFO - [2024-03-05T12:46:52.139+0000] {dag.py:2690} INFO - Sync 1 DAGs
[2024-03-05T12:46:52.155+0000] {logging_mixin.py:137} INFO - [2024-03-05T12:46:52.155+0000] {dag.py:3441} INFO - Setting next_dagrun for example_sensor_decorator to None, run_after=None
[2024-03-05T12:46:52.165+0000] {processor.py:175} INFO - Processing /home/airflow/.local/lib/python3.7/site-packages/airflow/example_dags/example_sensor_decorator.py took 0.069 seconds
[2024-03-05T12:47:22.564+0000] {processor.py:153} INFO - Started process (PID=966) to work on /home/airflow/.local/lib/python3.7/site-packages/airflow/example_dags/example_sensor_decorator.py
[2024-03-05T12:47:22.565+0000] {processor.py:743} INFO - Processing file /home/airflow/.local/lib/python3.7/site-packages/airflow/example_dags/example_sensor_decorator.py for tasks to queue
[2024-03-05T12:47:22.565+0000] {logging_mixin.py:137} INFO - [2024-03-05T12:47:22.565+0000] {dagbag.py:538} INFO - Filling up the DagBag from /home/airflow/.local/lib/python3.7/site-packages/airflow/example_dags/example_sensor_decorator.py
[2024-03-05T12:47:22.576+0000] {processor.py:753} INFO - DAG(s) dict_keys(['example_sensor_decorator']) retrieved from /home/airflow/.local/lib/python3.7/site-packages/airflow/example_dags/example_sensor_decorator.py
[2024-03-05T12:47:22.586+0000] {logging_mixin.py:137} INFO - [2024-03-05T12:47:22.586+0000] {dag.py:2690} INFO - Sync 1 DAGs
[2024-03-05T12:47:22.599+0000] {logging_mixin.py:137} INFO - [2024-03-05T12:47:22.598+0000] {dag.py:3441} INFO - Setting next_dagrun for example_sensor_decorator to None, run_after=None
[2024-03-05T12:47:22.607+0000] {processor.py:175} INFO - Processing /home/airflow/.local/lib/python3.7/site-packages/airflow/example_dags/example_sensor_decorator.py took 0.044 seconds
[2024-03-05T12:47:53.668+0000] {processor.py:153} INFO - Started process (PID=1060) to work on /home/airflow/.local/lib/python3.7/site-packages/airflow/example_dags/example_sensor_decorator.py
[2024-03-05T12:47:53.671+0000] {processor.py:743} INFO - Processing file /home/airflow/.local/lib/python3.7/site-packages/airflow/example_dags/example_sensor_decorator.py for tasks to queue
[2024-03-05T12:47:53.672+0000] {logging_mixin.py:137} INFO - [2024-03-05T12:47:53.672+0000] {dagbag.py:538} INFO - Filling up the DagBag from /home/airflow/.local/lib/python3.7/site-packages/airflow/example_dags/example_sensor_decorator.py
[2024-03-05T12:47:53.686+0000] {processor.py:753} INFO - DAG(s) dict_keys(['example_sensor_decorator']) retrieved from /home/airflow/.local/lib/python3.7/site-packages/airflow/example_dags/example_sensor_decorator.py
[2024-03-05T12:47:53.702+0000] {logging_mixin.py:137} INFO - [2024-03-05T12:47:53.702+0000] {dag.py:2690} INFO - Sync 1 DAGs
[2024-03-05T12:47:53.717+0000] {logging_mixin.py:137} INFO - [2024-03-05T12:47:53.717+0000] {dag.py:3441} INFO - Setting next_dagrun for example_sensor_decorator to None, run_after=None
[2024-03-05T12:47:53.728+0000] {processor.py:175} INFO - Processing /home/airflow/.local/lib/python3.7/site-packages/airflow/example_dags/example_sensor_decorator.py took 0.065 seconds
