[2024-03-05T12:19:24.110+0000] {processor.py:153} INFO - Started process (PID=68) to work on /home/airflow/.local/lib/python3.7/site-packages/airflow/example_dags/example_short_circuit_decorator.py
[2024-03-05T12:19:24.112+0000] {processor.py:743} INFO - Processing file /home/airflow/.local/lib/python3.7/site-packages/airflow/example_dags/example_short_circuit_decorator.py for tasks to queue
[2024-03-05T12:19:24.112+0000] {logging_mixin.py:137} INFO - [2024-03-05T12:19:24.112+0000] {dagbag.py:538} INFO - Filling up the DagBag from /home/airflow/.local/lib/python3.7/site-packages/airflow/example_dags/example_short_circuit_decorator.py
[2024-03-05T12:19:24.130+0000] {processor.py:753} INFO - DAG(s) dict_keys(['example_short_circuit_decorator']) retrieved from /home/airflow/.local/lib/python3.7/site-packages/airflow/example_dags/example_short_circuit_decorator.py
[2024-03-05T12:19:24.144+0000] {logging_mixin.py:137} INFO - [2024-03-05T12:19:24.144+0000] {dag.py:2690} INFO - Sync 1 DAGs
[2024-03-05T12:19:24.160+0000] {logging_mixin.py:137} INFO - [2024-03-05T12:19:24.160+0000] {dag.py:3441} INFO - Setting next_dagrun for example_short_circuit_decorator to 2024-03-04T12:19:24.159869+00:00, run_after=2024-03-05T12:19:24.159869+00:00
[2024-03-05T12:19:24.170+0000] {processor.py:175} INFO - Processing /home/airflow/.local/lib/python3.7/site-packages/airflow/example_dags/example_short_circuit_decorator.py took 0.063 seconds
[2024-03-05T12:19:54.612+0000] {processor.py:153} INFO - Started process (PID=170) to work on /home/airflow/.local/lib/python3.7/site-packages/airflow/example_dags/example_short_circuit_decorator.py
[2024-03-05T12:19:54.613+0000] {processor.py:743} INFO - Processing file /home/airflow/.local/lib/python3.7/site-packages/airflow/example_dags/example_short_circuit_decorator.py for tasks to queue
[2024-03-05T12:19:54.613+0000] {logging_mixin.py:137} INFO - [2024-03-05T12:19:54.613+0000] {dagbag.py:538} INFO - Filling up the DagBag from /home/airflow/.local/lib/python3.7/site-packages/airflow/example_dags/example_short_circuit_decorator.py
[2024-03-05T12:19:54.624+0000] {processor.py:753} INFO - DAG(s) dict_keys(['example_short_circuit_decorator']) retrieved from /home/airflow/.local/lib/python3.7/site-packages/airflow/example_dags/example_short_circuit_decorator.py
[2024-03-05T12:19:54.636+0000] {logging_mixin.py:137} INFO - [2024-03-05T12:19:54.636+0000] {dag.py:2690} INFO - Sync 1 DAGs
[2024-03-05T12:19:54.647+0000] {logging_mixin.py:137} INFO - [2024-03-05T12:19:54.647+0000] {dag.py:3441} INFO - Setting next_dagrun for example_short_circuit_decorator to 2024-03-04T12:19:54.647777+00:00, run_after=2024-03-05T12:19:54.647777+00:00
[2024-03-05T12:19:54.656+0000] {processor.py:175} INFO - Processing /home/airflow/.local/lib/python3.7/site-packages/airflow/example_dags/example_short_circuit_decorator.py took 0.045 seconds
[2024-03-05T12:42:16.359+0000] {processor.py:153} INFO - Started process (PID=68) to work on /home/airflow/.local/lib/python3.7/site-packages/airflow/example_dags/example_short_circuit_decorator.py
[2024-03-05T12:42:16.360+0000] {processor.py:743} INFO - Processing file /home/airflow/.local/lib/python3.7/site-packages/airflow/example_dags/example_short_circuit_decorator.py for tasks to queue
[2024-03-05T12:42:16.361+0000] {logging_mixin.py:137} INFO - [2024-03-05T12:42:16.361+0000] {dagbag.py:538} INFO - Filling up the DagBag from /home/airflow/.local/lib/python3.7/site-packages/airflow/example_dags/example_short_circuit_decorator.py
[2024-03-05T12:42:16.377+0000] {processor.py:753} INFO - DAG(s) dict_keys(['example_short_circuit_decorator']) retrieved from /home/airflow/.local/lib/python3.7/site-packages/airflow/example_dags/example_short_circuit_decorator.py
[2024-03-05T12:42:16.391+0000] {logging_mixin.py:137} INFO - [2024-03-05T12:42:16.390+0000] {dag.py:2690} INFO - Sync 1 DAGs
[2024-03-05T12:42:16.412+0000] {logging_mixin.py:137} INFO - [2024-03-05T12:42:16.412+0000] {dag.py:3441} INFO - Setting next_dagrun for example_short_circuit_decorator to 2024-03-04T12:42:16.412530+00:00, run_after=2024-03-05T12:42:16.412530+00:00
[2024-03-05T12:42:16.427+0000] {processor.py:175} INFO - Processing /home/airflow/.local/lib/python3.7/site-packages/airflow/example_dags/example_short_circuit_decorator.py took 0.071 seconds
[2024-03-05T12:42:46.489+0000] {processor.py:153} INFO - Started process (PID=162) to work on /home/airflow/.local/lib/python3.7/site-packages/airflow/example_dags/example_short_circuit_decorator.py
[2024-03-05T12:42:46.491+0000] {processor.py:743} INFO - Processing file /home/airflow/.local/lib/python3.7/site-packages/airflow/example_dags/example_short_circuit_decorator.py for tasks to queue
[2024-03-05T12:42:46.491+0000] {logging_mixin.py:137} INFO - [2024-03-05T12:42:46.491+0000] {dagbag.py:538} INFO - Filling up the DagBag from /home/airflow/.local/lib/python3.7/site-packages/airflow/example_dags/example_short_circuit_decorator.py
[2024-03-05T12:42:46.505+0000] {processor.py:753} INFO - DAG(s) dict_keys(['example_short_circuit_decorator']) retrieved from /home/airflow/.local/lib/python3.7/site-packages/airflow/example_dags/example_short_circuit_decorator.py
[2024-03-05T12:42:46.519+0000] {logging_mixin.py:137} INFO - [2024-03-05T12:42:46.519+0000] {dag.py:2690} INFO - Sync 1 DAGs
[2024-03-05T12:42:46.535+0000] {logging_mixin.py:137} INFO - [2024-03-05T12:42:46.535+0000] {dag.py:3441} INFO - Setting next_dagrun for example_short_circuit_decorator to 2024-03-04T12:42:46.534906+00:00, run_after=2024-03-05T12:42:46.534906+00:00
[2024-03-05T12:42:46.548+0000] {processor.py:175} INFO - Processing /home/airflow/.local/lib/python3.7/site-packages/airflow/example_dags/example_short_circuit_decorator.py took 0.060 seconds
[2024-03-05T12:43:17.201+0000] {processor.py:153} INFO - Started process (PID=238) to work on /home/airflow/.local/lib/python3.7/site-packages/airflow/example_dags/example_short_circuit_decorator.py
[2024-03-05T12:43:17.202+0000] {processor.py:743} INFO - Processing file /home/airflow/.local/lib/python3.7/site-packages/airflow/example_dags/example_short_circuit_decorator.py for tasks to queue
[2024-03-05T12:43:17.202+0000] {logging_mixin.py:137} INFO - [2024-03-05T12:43:17.202+0000] {dagbag.py:538} INFO - Filling up the DagBag from /home/airflow/.local/lib/python3.7/site-packages/airflow/example_dags/example_short_circuit_decorator.py
[2024-03-05T12:43:17.215+0000] {processor.py:753} INFO - DAG(s) dict_keys(['example_short_circuit_decorator']) retrieved from /home/airflow/.local/lib/python3.7/site-packages/airflow/example_dags/example_short_circuit_decorator.py
[2024-03-05T12:43:17.227+0000] {logging_mixin.py:137} INFO - [2024-03-05T12:43:17.227+0000] {dag.py:2690} INFO - Sync 1 DAGs
[2024-03-05T12:43:17.239+0000] {logging_mixin.py:137} INFO - [2024-03-05T12:43:17.239+0000] {dag.py:3441} INFO - Setting next_dagrun for example_short_circuit_decorator to 2024-03-04T12:43:17.239379+00:00, run_after=2024-03-05T12:43:17.239379+00:00
[2024-03-05T12:43:17.249+0000] {processor.py:175} INFO - Processing /home/airflow/.local/lib/python3.7/site-packages/airflow/example_dags/example_short_circuit_decorator.py took 0.049 seconds
[2024-03-05T12:43:48.019+0000] {processor.py:153} INFO - Started process (PID=332) to work on /home/airflow/.local/lib/python3.7/site-packages/airflow/example_dags/example_short_circuit_decorator.py
[2024-03-05T12:43:48.019+0000] {processor.py:743} INFO - Processing file /home/airflow/.local/lib/python3.7/site-packages/airflow/example_dags/example_short_circuit_decorator.py for tasks to queue
[2024-03-05T12:43:48.020+0000] {logging_mixin.py:137} INFO - [2024-03-05T12:43:48.020+0000] {dagbag.py:538} INFO - Filling up the DagBag from /home/airflow/.local/lib/python3.7/site-packages/airflow/example_dags/example_short_circuit_decorator.py
[2024-03-05T12:43:48.033+0000] {processor.py:753} INFO - DAG(s) dict_keys(['example_short_circuit_decorator']) retrieved from /home/airflow/.local/lib/python3.7/site-packages/airflow/example_dags/example_short_circuit_decorator.py
[2024-03-05T12:43:48.046+0000] {logging_mixin.py:137} INFO - [2024-03-05T12:43:48.046+0000] {dag.py:2690} INFO - Sync 1 DAGs
[2024-03-05T12:43:48.060+0000] {logging_mixin.py:137} INFO - [2024-03-05T12:43:48.059+0000] {dag.py:3441} INFO - Setting next_dagrun for example_short_circuit_decorator to 2024-03-04T12:43:48.059836+00:00, run_after=2024-03-05T12:43:48.059836+00:00
[2024-03-05T12:43:48.069+0000] {processor.py:175} INFO - Processing /home/airflow/.local/lib/python3.7/site-packages/airflow/example_dags/example_short_circuit_decorator.py took 0.052 seconds
[2024-03-05T12:44:18.505+0000] {processor.py:153} INFO - Started process (PID=425) to work on /home/airflow/.local/lib/python3.7/site-packages/airflow/example_dags/example_short_circuit_decorator.py
[2024-03-05T12:44:18.505+0000] {processor.py:743} INFO - Processing file /home/airflow/.local/lib/python3.7/site-packages/airflow/example_dags/example_short_circuit_decorator.py for tasks to queue
[2024-03-05T12:44:18.506+0000] {logging_mixin.py:137} INFO - [2024-03-05T12:44:18.506+0000] {dagbag.py:538} INFO - Filling up the DagBag from /home/airflow/.local/lib/python3.7/site-packages/airflow/example_dags/example_short_circuit_decorator.py
[2024-03-05T12:44:18.518+0000] {processor.py:753} INFO - DAG(s) dict_keys(['example_short_circuit_decorator']) retrieved from /home/airflow/.local/lib/python3.7/site-packages/airflow/example_dags/example_short_circuit_decorator.py
[2024-03-05T12:44:18.532+0000] {logging_mixin.py:137} INFO - [2024-03-05T12:44:18.531+0000] {dag.py:2690} INFO - Sync 1 DAGs
[2024-03-05T12:44:18.547+0000] {logging_mixin.py:137} INFO - [2024-03-05T12:44:18.547+0000] {dag.py:3441} INFO - Setting next_dagrun for example_short_circuit_decorator to 2024-03-04T12:44:18.547284+00:00, run_after=2024-03-05T12:44:18.547284+00:00
[2024-03-05T12:44:18.556+0000] {processor.py:175} INFO - Processing /home/airflow/.local/lib/python3.7/site-packages/airflow/example_dags/example_short_circuit_decorator.py took 0.053 seconds
[2024-03-05T12:44:49.182+0000] {processor.py:153} INFO - Started process (PID=519) to work on /home/airflow/.local/lib/python3.7/site-packages/airflow/example_dags/example_short_circuit_decorator.py
[2024-03-05T12:44:49.183+0000] {processor.py:743} INFO - Processing file /home/airflow/.local/lib/python3.7/site-packages/airflow/example_dags/example_short_circuit_decorator.py for tasks to queue
[2024-03-05T12:44:49.184+0000] {logging_mixin.py:137} INFO - [2024-03-05T12:44:49.184+0000] {dagbag.py:538} INFO - Filling up the DagBag from /home/airflow/.local/lib/python3.7/site-packages/airflow/example_dags/example_short_circuit_decorator.py
[2024-03-05T12:44:49.198+0000] {processor.py:753} INFO - DAG(s) dict_keys(['example_short_circuit_decorator']) retrieved from /home/airflow/.local/lib/python3.7/site-packages/airflow/example_dags/example_short_circuit_decorator.py
[2024-03-05T12:44:49.214+0000] {logging_mixin.py:137} INFO - [2024-03-05T12:44:49.214+0000] {dag.py:2690} INFO - Sync 1 DAGs
[2024-03-05T12:44:49.228+0000] {logging_mixin.py:137} INFO - [2024-03-05T12:44:49.228+0000] {dag.py:3441} INFO - Setting next_dagrun for example_short_circuit_decorator to 2024-03-04T12:44:49.227859+00:00, run_after=2024-03-05T12:44:49.227859+00:00
[2024-03-05T12:44:49.238+0000] {processor.py:175} INFO - Processing /home/airflow/.local/lib/python3.7/site-packages/airflow/example_dags/example_short_circuit_decorator.py took 0.058 seconds
[2024-03-05T12:45:19.660+0000] {processor.py:153} INFO - Started process (PID=595) to work on /home/airflow/.local/lib/python3.7/site-packages/airflow/example_dags/example_short_circuit_decorator.py
[2024-03-05T12:45:19.661+0000] {processor.py:743} INFO - Processing file /home/airflow/.local/lib/python3.7/site-packages/airflow/example_dags/example_short_circuit_decorator.py for tasks to queue
[2024-03-05T12:45:19.662+0000] {logging_mixin.py:137} INFO - [2024-03-05T12:45:19.662+0000] {dagbag.py:538} INFO - Filling up the DagBag from /home/airflow/.local/lib/python3.7/site-packages/airflow/example_dags/example_short_circuit_decorator.py
[2024-03-05T12:45:19.674+0000] {processor.py:753} INFO - DAG(s) dict_keys(['example_short_circuit_decorator']) retrieved from /home/airflow/.local/lib/python3.7/site-packages/airflow/example_dags/example_short_circuit_decorator.py
[2024-03-05T12:45:19.687+0000] {logging_mixin.py:137} INFO - [2024-03-05T12:45:19.687+0000] {dag.py:2690} INFO - Sync 1 DAGs
[2024-03-05T12:45:19.699+0000] {logging_mixin.py:137} INFO - [2024-03-05T12:45:19.699+0000] {dag.py:3441} INFO - Setting next_dagrun for example_short_circuit_decorator to 2024-03-04T12:45:19.698953+00:00, run_after=2024-03-05T12:45:19.698953+00:00
[2024-03-05T12:45:19.708+0000] {processor.py:175} INFO - Processing /home/airflow/.local/lib/python3.7/site-packages/airflow/example_dags/example_short_circuit_decorator.py took 0.050 seconds
[2024-03-05T12:45:50.194+0000] {processor.py:153} INFO - Started process (PID=689) to work on /home/airflow/.local/lib/python3.7/site-packages/airflow/example_dags/example_short_circuit_decorator.py
[2024-03-05T12:45:50.194+0000] {processor.py:743} INFO - Processing file /home/airflow/.local/lib/python3.7/site-packages/airflow/example_dags/example_short_circuit_decorator.py for tasks to queue
[2024-03-05T12:45:50.195+0000] {logging_mixin.py:137} INFO - [2024-03-05T12:45:50.195+0000] {dagbag.py:538} INFO - Filling up the DagBag from /home/airflow/.local/lib/python3.7/site-packages/airflow/example_dags/example_short_circuit_decorator.py
[2024-03-05T12:45:50.207+0000] {processor.py:753} INFO - DAG(s) dict_keys(['example_short_circuit_decorator']) retrieved from /home/airflow/.local/lib/python3.7/site-packages/airflow/example_dags/example_short_circuit_decorator.py
[2024-03-05T12:45:50.220+0000] {logging_mixin.py:137} INFO - [2024-03-05T12:45:50.220+0000] {dag.py:2690} INFO - Sync 1 DAGs
[2024-03-05T12:45:50.236+0000] {logging_mixin.py:137} INFO - [2024-03-05T12:45:50.236+0000] {dag.py:3441} INFO - Setting next_dagrun for example_short_circuit_decorator to 2024-03-04T12:45:50.236338+00:00, run_after=2024-03-05T12:45:50.236338+00:00
[2024-03-05T12:45:50.252+0000] {processor.py:175} INFO - Processing /home/airflow/.local/lib/python3.7/site-packages/airflow/example_dags/example_short_circuit_decorator.py took 0.060 seconds
[2024-03-05T12:46:21.050+0000] {processor.py:153} INFO - Started process (PID=783) to work on /home/airflow/.local/lib/python3.7/site-packages/airflow/example_dags/example_short_circuit_decorator.py
[2024-03-05T12:46:21.051+0000] {processor.py:743} INFO - Processing file /home/airflow/.local/lib/python3.7/site-packages/airflow/example_dags/example_short_circuit_decorator.py for tasks to queue
[2024-03-05T12:46:21.052+0000] {logging_mixin.py:137} INFO - [2024-03-05T12:46:21.051+0000] {dagbag.py:538} INFO - Filling up the DagBag from /home/airflow/.local/lib/python3.7/site-packages/airflow/example_dags/example_short_circuit_decorator.py
[2024-03-05T12:46:21.064+0000] {processor.py:753} INFO - DAG(s) dict_keys(['example_short_circuit_decorator']) retrieved from /home/airflow/.local/lib/python3.7/site-packages/airflow/example_dags/example_short_circuit_decorator.py
[2024-03-05T12:46:21.078+0000] {logging_mixin.py:137} INFO - [2024-03-05T12:46:21.078+0000] {dag.py:2690} INFO - Sync 1 DAGs
[2024-03-05T12:46:21.092+0000] {logging_mixin.py:137} INFO - [2024-03-05T12:46:21.092+0000] {dag.py:3441} INFO - Setting next_dagrun for example_short_circuit_decorator to 2024-03-04T12:46:21.092124+00:00, run_after=2024-03-05T12:46:21.092124+00:00
[2024-03-05T12:46:21.103+0000] {processor.py:175} INFO - Processing /home/airflow/.local/lib/python3.7/site-packages/airflow/example_dags/example_short_circuit_decorator.py took 0.054 seconds
[2024-03-05T12:46:51.633+0000] {processor.py:153} INFO - Started process (PID=866) to work on /home/airflow/.local/lib/python3.7/site-packages/airflow/example_dags/example_short_circuit_decorator.py
[2024-03-05T12:46:51.633+0000] {processor.py:743} INFO - Processing file /home/airflow/.local/lib/python3.7/site-packages/airflow/example_dags/example_short_circuit_decorator.py for tasks to queue
[2024-03-05T12:46:51.634+0000] {logging_mixin.py:137} INFO - [2024-03-05T12:46:51.634+0000] {dagbag.py:538} INFO - Filling up the DagBag from /home/airflow/.local/lib/python3.7/site-packages/airflow/example_dags/example_short_circuit_decorator.py
[2024-03-05T12:46:51.646+0000] {processor.py:753} INFO - DAG(s) dict_keys(['example_short_circuit_decorator']) retrieved from /home/airflow/.local/lib/python3.7/site-packages/airflow/example_dags/example_short_circuit_decorator.py
[2024-03-05T12:46:51.658+0000] {logging_mixin.py:137} INFO - [2024-03-05T12:46:51.658+0000] {dag.py:2690} INFO - Sync 1 DAGs
[2024-03-05T12:46:51.669+0000] {logging_mixin.py:137} INFO - [2024-03-05T12:46:51.669+0000] {dag.py:3441} INFO - Setting next_dagrun for example_short_circuit_decorator to 2024-03-04T12:46:51.669650+00:00, run_after=2024-03-05T12:46:51.669650+00:00
[2024-03-05T12:46:51.681+0000] {processor.py:175} INFO - Processing /home/airflow/.local/lib/python3.7/site-packages/airflow/example_dags/example_short_circuit_decorator.py took 0.051 seconds
[2024-03-05T12:47:22.132+0000] {processor.py:153} INFO - Started process (PID=953) to work on /home/airflow/.local/lib/python3.7/site-packages/airflow/example_dags/example_short_circuit_decorator.py
[2024-03-05T12:47:22.133+0000] {processor.py:743} INFO - Processing file /home/airflow/.local/lib/python3.7/site-packages/airflow/example_dags/example_short_circuit_decorator.py for tasks to queue
[2024-03-05T12:47:22.134+0000] {logging_mixin.py:137} INFO - [2024-03-05T12:47:22.133+0000] {dagbag.py:538} INFO - Filling up the DagBag from /home/airflow/.local/lib/python3.7/site-packages/airflow/example_dags/example_short_circuit_decorator.py
[2024-03-05T12:47:22.166+0000] {processor.py:753} INFO - DAG(s) dict_keys(['example_short_circuit_decorator']) retrieved from /home/airflow/.local/lib/python3.7/site-packages/airflow/example_dags/example_short_circuit_decorator.py
[2024-03-05T12:47:22.180+0000] {logging_mixin.py:137} INFO - [2024-03-05T12:47:22.180+0000] {dag.py:2690} INFO - Sync 1 DAGs
[2024-03-05T12:47:22.194+0000] {logging_mixin.py:137} INFO - [2024-03-05T12:47:22.194+0000] {dag.py:3441} INFO - Setting next_dagrun for example_short_circuit_decorator to 2024-03-04T12:47:22.194390+00:00, run_after=2024-03-05T12:47:22.194390+00:00
[2024-03-05T12:47:22.203+0000] {processor.py:175} INFO - Processing /home/airflow/.local/lib/python3.7/site-packages/airflow/example_dags/example_short_circuit_decorator.py took 0.073 seconds
[2024-03-05T12:47:53.106+0000] {processor.py:153} INFO - Started process (PID=1047) to work on /home/airflow/.local/lib/python3.7/site-packages/airflow/example_dags/example_short_circuit_decorator.py
[2024-03-05T12:47:53.108+0000] {processor.py:743} INFO - Processing file /home/airflow/.local/lib/python3.7/site-packages/airflow/example_dags/example_short_circuit_decorator.py for tasks to queue
[2024-03-05T12:47:53.109+0000] {logging_mixin.py:137} INFO - [2024-03-05T12:47:53.109+0000] {dagbag.py:538} INFO - Filling up the DagBag from /home/airflow/.local/lib/python3.7/site-packages/airflow/example_dags/example_short_circuit_decorator.py
[2024-03-05T12:47:53.150+0000] {processor.py:753} INFO - DAG(s) dict_keys(['example_short_circuit_decorator']) retrieved from /home/airflow/.local/lib/python3.7/site-packages/airflow/example_dags/example_short_circuit_decorator.py
[2024-03-05T12:47:53.168+0000] {logging_mixin.py:137} INFO - [2024-03-05T12:47:53.168+0000] {dag.py:2690} INFO - Sync 1 DAGs
[2024-03-05T12:47:53.183+0000] {logging_mixin.py:137} INFO - [2024-03-05T12:47:53.183+0000] {dag.py:3441} INFO - Setting next_dagrun for example_short_circuit_decorator to 2024-03-04T12:47:53.182814+00:00, run_after=2024-03-05T12:47:53.182814+00:00
[2024-03-05T12:47:53.212+0000] {processor.py:175} INFO - Processing /home/airflow/.local/lib/python3.7/site-packages/airflow/example_dags/example_short_circuit_decorator.py took 0.108 seconds
