[2024-03-05T12:19:23.252+0000] {processor.py:153} INFO - Started process (PID=46) to work on /home/airflow/.local/lib/python3.7/site-packages/airflow/example_dags/tutorial_taskflow_api.py
[2024-03-05T12:19:23.252+0000] {processor.py:743} INFO - Processing file /home/airflow/.local/lib/python3.7/site-packages/airflow/example_dags/tutorial_taskflow_api.py for tasks to queue
[2024-03-05T12:19:23.253+0000] {logging_mixin.py:137} INFO - [2024-03-05T12:19:23.253+0000] {dagbag.py:538} INFO - Filling up the DagBag from /home/airflow/.local/lib/python3.7/site-packages/airflow/example_dags/tutorial_taskflow_api.py
[2024-03-05T12:19:23.272+0000] {processor.py:753} INFO - DAG(s) dict_keys(['tutorial_taskflow_api']) retrieved from /home/airflow/.local/lib/python3.7/site-packages/airflow/example_dags/tutorial_taskflow_api.py
[2024-03-05T12:19:23.287+0000] {logging_mixin.py:137} INFO - [2024-03-05T12:19:23.287+0000] {dag.py:2690} INFO - Sync 1 DAGs
[2024-03-05T12:19:23.303+0000] {logging_mixin.py:137} INFO - [2024-03-05T12:19:23.303+0000] {dag.py:3441} INFO - Setting next_dagrun for tutorial_taskflow_api to None, run_after=None
[2024-03-05T12:19:23.315+0000] {processor.py:175} INFO - Processing /home/airflow/.local/lib/python3.7/site-packages/airflow/example_dags/tutorial_taskflow_api.py took 0.068 seconds
[2024-03-05T12:19:54.020+0000] {processor.py:153} INFO - Started process (PID=148) to work on /home/airflow/.local/lib/python3.7/site-packages/airflow/example_dags/tutorial_taskflow_api.py
[2024-03-05T12:19:54.021+0000] {processor.py:743} INFO - Processing file /home/airflow/.local/lib/python3.7/site-packages/airflow/example_dags/tutorial_taskflow_api.py for tasks to queue
[2024-03-05T12:19:54.021+0000] {logging_mixin.py:137} INFO - [2024-03-05T12:19:54.021+0000] {dagbag.py:538} INFO - Filling up the DagBag from /home/airflow/.local/lib/python3.7/site-packages/airflow/example_dags/tutorial_taskflow_api.py
[2024-03-05T12:19:54.031+0000] {processor.py:753} INFO - DAG(s) dict_keys(['tutorial_taskflow_api']) retrieved from /home/airflow/.local/lib/python3.7/site-packages/airflow/example_dags/tutorial_taskflow_api.py
[2024-03-05T12:19:54.044+0000] {logging_mixin.py:137} INFO - [2024-03-05T12:19:54.044+0000] {dag.py:2690} INFO - Sync 1 DAGs
[2024-03-05T12:19:54.055+0000] {logging_mixin.py:137} INFO - [2024-03-05T12:19:54.055+0000] {dag.py:3441} INFO - Setting next_dagrun for tutorial_taskflow_api to None, run_after=None
[2024-03-05T12:19:54.063+0000] {processor.py:175} INFO - Processing /home/airflow/.local/lib/python3.7/site-packages/airflow/example_dags/tutorial_taskflow_api.py took 0.045 seconds
[2024-03-05T12:42:15.247+0000] {processor.py:153} INFO - Started process (PID=46) to work on /home/airflow/.local/lib/python3.7/site-packages/airflow/example_dags/tutorial_taskflow_api.py
[2024-03-05T12:42:15.248+0000] {processor.py:743} INFO - Processing file /home/airflow/.local/lib/python3.7/site-packages/airflow/example_dags/tutorial_taskflow_api.py for tasks to queue
[2024-03-05T12:42:15.250+0000] {logging_mixin.py:137} INFO - [2024-03-05T12:42:15.250+0000] {dagbag.py:538} INFO - Filling up the DagBag from /home/airflow/.local/lib/python3.7/site-packages/airflow/example_dags/tutorial_taskflow_api.py
[2024-03-05T12:42:15.263+0000] {processor.py:753} INFO - DAG(s) dict_keys(['tutorial_taskflow_api']) retrieved from /home/airflow/.local/lib/python3.7/site-packages/airflow/example_dags/tutorial_taskflow_api.py
[2024-03-05T12:42:15.281+0000] {logging_mixin.py:137} INFO - [2024-03-05T12:42:15.281+0000] {dag.py:2690} INFO - Sync 1 DAGs
[2024-03-05T12:42:15.301+0000] {logging_mixin.py:137} INFO - [2024-03-05T12:42:15.301+0000] {dag.py:3441} INFO - Setting next_dagrun for tutorial_taskflow_api to None, run_after=None
[2024-03-05T12:42:15.319+0000] {processor.py:175} INFO - Processing /home/airflow/.local/lib/python3.7/site-packages/airflow/example_dags/tutorial_taskflow_api.py took 0.074 seconds
[2024-03-05T12:42:45.493+0000] {processor.py:153} INFO - Started process (PID=140) to work on /home/airflow/.local/lib/python3.7/site-packages/airflow/example_dags/tutorial_taskflow_api.py
[2024-03-05T12:42:45.496+0000] {processor.py:743} INFO - Processing file /home/airflow/.local/lib/python3.7/site-packages/airflow/example_dags/tutorial_taskflow_api.py for tasks to queue
[2024-03-05T12:42:45.497+0000] {logging_mixin.py:137} INFO - [2024-03-05T12:42:45.497+0000] {dagbag.py:538} INFO - Filling up the DagBag from /home/airflow/.local/lib/python3.7/site-packages/airflow/example_dags/tutorial_taskflow_api.py
[2024-03-05T12:42:45.530+0000] {processor.py:753} INFO - DAG(s) dict_keys(['tutorial_taskflow_api']) retrieved from /home/airflow/.local/lib/python3.7/site-packages/airflow/example_dags/tutorial_taskflow_api.py
[2024-03-05T12:42:45.544+0000] {logging_mixin.py:137} INFO - [2024-03-05T12:42:45.544+0000] {dag.py:2690} INFO - Sync 1 DAGs
[2024-03-05T12:42:45.557+0000] {logging_mixin.py:137} INFO - [2024-03-05T12:42:45.557+0000] {dag.py:3441} INFO - Setting next_dagrun for tutorial_taskflow_api to None, run_after=None
[2024-03-05T12:42:45.566+0000] {processor.py:175} INFO - Processing /home/airflow/.local/lib/python3.7/site-packages/airflow/example_dags/tutorial_taskflow_api.py took 0.076 seconds
[2024-03-05T12:43:16.501+0000] {processor.py:153} INFO - Started process (PID=216) to work on /home/airflow/.local/lib/python3.7/site-packages/airflow/example_dags/tutorial_taskflow_api.py
[2024-03-05T12:43:16.501+0000] {processor.py:743} INFO - Processing file /home/airflow/.local/lib/python3.7/site-packages/airflow/example_dags/tutorial_taskflow_api.py for tasks to queue
[2024-03-05T12:43:16.502+0000] {logging_mixin.py:137} INFO - [2024-03-05T12:43:16.502+0000] {dagbag.py:538} INFO - Filling up the DagBag from /home/airflow/.local/lib/python3.7/site-packages/airflow/example_dags/tutorial_taskflow_api.py
[2024-03-05T12:43:16.513+0000] {processor.py:753} INFO - DAG(s) dict_keys(['tutorial_taskflow_api']) retrieved from /home/airflow/.local/lib/python3.7/site-packages/airflow/example_dags/tutorial_taskflow_api.py
[2024-03-05T12:43:16.526+0000] {logging_mixin.py:137} INFO - [2024-03-05T12:43:16.526+0000] {dag.py:2690} INFO - Sync 1 DAGs
[2024-03-05T12:43:16.539+0000] {logging_mixin.py:137} INFO - [2024-03-05T12:43:16.539+0000] {dag.py:3441} INFO - Setting next_dagrun for tutorial_taskflow_api to None, run_after=None
[2024-03-05T12:43:16.548+0000] {processor.py:175} INFO - Processing /home/airflow/.local/lib/python3.7/site-packages/airflow/example_dags/tutorial_taskflow_api.py took 0.049 seconds
[2024-03-05T12:43:47.236+0000] {processor.py:153} INFO - Started process (PID=310) to work on /home/airflow/.local/lib/python3.7/site-packages/airflow/example_dags/tutorial_taskflow_api.py
[2024-03-05T12:43:47.237+0000] {processor.py:743} INFO - Processing file /home/airflow/.local/lib/python3.7/site-packages/airflow/example_dags/tutorial_taskflow_api.py for tasks to queue
[2024-03-05T12:43:47.237+0000] {logging_mixin.py:137} INFO - [2024-03-05T12:43:47.237+0000] {dagbag.py:538} INFO - Filling up the DagBag from /home/airflow/.local/lib/python3.7/site-packages/airflow/example_dags/tutorial_taskflow_api.py
[2024-03-05T12:43:47.251+0000] {processor.py:753} INFO - DAG(s) dict_keys(['tutorial_taskflow_api']) retrieved from /home/airflow/.local/lib/python3.7/site-packages/airflow/example_dags/tutorial_taskflow_api.py
[2024-03-05T12:43:47.273+0000] {logging_mixin.py:137} INFO - [2024-03-05T12:43:47.273+0000] {dag.py:2690} INFO - Sync 1 DAGs
[2024-03-05T12:43:47.289+0000] {logging_mixin.py:137} INFO - [2024-03-05T12:43:47.289+0000] {dag.py:3441} INFO - Setting next_dagrun for tutorial_taskflow_api to None, run_after=None
[2024-03-05T12:43:47.298+0000] {processor.py:175} INFO - Processing /home/airflow/.local/lib/python3.7/site-packages/airflow/example_dags/tutorial_taskflow_api.py took 0.063 seconds
[2024-03-05T12:44:17.815+0000] {processor.py:153} INFO - Started process (PID=403) to work on /home/airflow/.local/lib/python3.7/site-packages/airflow/example_dags/tutorial_taskflow_api.py
[2024-03-05T12:44:17.816+0000] {processor.py:743} INFO - Processing file /home/airflow/.local/lib/python3.7/site-packages/airflow/example_dags/tutorial_taskflow_api.py for tasks to queue
[2024-03-05T12:44:17.816+0000] {logging_mixin.py:137} INFO - [2024-03-05T12:44:17.816+0000] {dagbag.py:538} INFO - Filling up the DagBag from /home/airflow/.local/lib/python3.7/site-packages/airflow/example_dags/tutorial_taskflow_api.py
[2024-03-05T12:44:17.828+0000] {processor.py:753} INFO - DAG(s) dict_keys(['tutorial_taskflow_api']) retrieved from /home/airflow/.local/lib/python3.7/site-packages/airflow/example_dags/tutorial_taskflow_api.py
[2024-03-05T12:44:17.842+0000] {logging_mixin.py:137} INFO - [2024-03-05T12:44:17.841+0000] {dag.py:2690} INFO - Sync 1 DAGs
[2024-03-05T12:44:17.854+0000] {logging_mixin.py:137} INFO - [2024-03-05T12:44:17.854+0000] {dag.py:3441} INFO - Setting next_dagrun for tutorial_taskflow_api to None, run_after=None
[2024-03-05T12:44:17.864+0000] {processor.py:175} INFO - Processing /home/airflow/.local/lib/python3.7/site-packages/airflow/example_dags/tutorial_taskflow_api.py took 0.051 seconds
[2024-03-05T12:44:48.261+0000] {processor.py:153} INFO - Started process (PID=497) to work on /home/airflow/.local/lib/python3.7/site-packages/airflow/example_dags/tutorial_taskflow_api.py
[2024-03-05T12:44:48.262+0000] {processor.py:743} INFO - Processing file /home/airflow/.local/lib/python3.7/site-packages/airflow/example_dags/tutorial_taskflow_api.py for tasks to queue
[2024-03-05T12:44:48.262+0000] {logging_mixin.py:137} INFO - [2024-03-05T12:44:48.262+0000] {dagbag.py:538} INFO - Filling up the DagBag from /home/airflow/.local/lib/python3.7/site-packages/airflow/example_dags/tutorial_taskflow_api.py
[2024-03-05T12:44:48.272+0000] {processor.py:753} INFO - DAG(s) dict_keys(['tutorial_taskflow_api']) retrieved from /home/airflow/.local/lib/python3.7/site-packages/airflow/example_dags/tutorial_taskflow_api.py
[2024-03-05T12:44:48.288+0000] {logging_mixin.py:137} INFO - [2024-03-05T12:44:48.288+0000] {dag.py:2690} INFO - Sync 1 DAGs
[2024-03-05T12:44:48.302+0000] {logging_mixin.py:137} INFO - [2024-03-05T12:44:48.301+0000] {dag.py:3441} INFO - Setting next_dagrun for tutorial_taskflow_api to None, run_after=None
[2024-03-05T12:44:48.311+0000] {processor.py:175} INFO - Processing /home/airflow/.local/lib/python3.7/site-packages/airflow/example_dags/tutorial_taskflow_api.py took 0.052 seconds
[2024-03-05T12:45:18.922+0000] {processor.py:153} INFO - Started process (PID=573) to work on /home/airflow/.local/lib/python3.7/site-packages/airflow/example_dags/tutorial_taskflow_api.py
[2024-03-05T12:45:18.923+0000] {processor.py:743} INFO - Processing file /home/airflow/.local/lib/python3.7/site-packages/airflow/example_dags/tutorial_taskflow_api.py for tasks to queue
[2024-03-05T12:45:18.923+0000] {logging_mixin.py:137} INFO - [2024-03-05T12:45:18.923+0000] {dagbag.py:538} INFO - Filling up the DagBag from /home/airflow/.local/lib/python3.7/site-packages/airflow/example_dags/tutorial_taskflow_api.py
[2024-03-05T12:45:18.941+0000] {processor.py:753} INFO - DAG(s) dict_keys(['tutorial_taskflow_api']) retrieved from /home/airflow/.local/lib/python3.7/site-packages/airflow/example_dags/tutorial_taskflow_api.py
[2024-03-05T12:45:18.955+0000] {logging_mixin.py:137} INFO - [2024-03-05T12:45:18.955+0000] {dag.py:2690} INFO - Sync 1 DAGs
[2024-03-05T12:45:18.967+0000] {logging_mixin.py:137} INFO - [2024-03-05T12:45:18.967+0000] {dag.py:3441} INFO - Setting next_dagrun for tutorial_taskflow_api to None, run_after=None
[2024-03-05T12:45:18.977+0000] {processor.py:175} INFO - Processing /home/airflow/.local/lib/python3.7/site-packages/airflow/example_dags/tutorial_taskflow_api.py took 0.057 seconds
[2024-03-05T12:45:49.501+0000] {processor.py:153} INFO - Started process (PID=667) to work on /home/airflow/.local/lib/python3.7/site-packages/airflow/example_dags/tutorial_taskflow_api.py
[2024-03-05T12:45:49.502+0000] {processor.py:743} INFO - Processing file /home/airflow/.local/lib/python3.7/site-packages/airflow/example_dags/tutorial_taskflow_api.py for tasks to queue
[2024-03-05T12:45:49.502+0000] {logging_mixin.py:137} INFO - [2024-03-05T12:45:49.502+0000] {dagbag.py:538} INFO - Filling up the DagBag from /home/airflow/.local/lib/python3.7/site-packages/airflow/example_dags/tutorial_taskflow_api.py
[2024-03-05T12:45:49.513+0000] {processor.py:753} INFO - DAG(s) dict_keys(['tutorial_taskflow_api']) retrieved from /home/airflow/.local/lib/python3.7/site-packages/airflow/example_dags/tutorial_taskflow_api.py
[2024-03-05T12:45:49.531+0000] {logging_mixin.py:137} INFO - [2024-03-05T12:45:49.531+0000] {dag.py:2690} INFO - Sync 1 DAGs
[2024-03-05T12:45:49.544+0000] {logging_mixin.py:137} INFO - [2024-03-05T12:45:49.544+0000] {dag.py:3441} INFO - Setting next_dagrun for tutorial_taskflow_api to None, run_after=None
[2024-03-05T12:45:49.556+0000] {processor.py:175} INFO - Processing /home/airflow/.local/lib/python3.7/site-packages/airflow/example_dags/tutorial_taskflow_api.py took 0.056 seconds
[2024-03-05T12:46:20.022+0000] {processor.py:153} INFO - Started process (PID=761) to work on /home/airflow/.local/lib/python3.7/site-packages/airflow/example_dags/tutorial_taskflow_api.py
[2024-03-05T12:46:20.023+0000] {processor.py:743} INFO - Processing file /home/airflow/.local/lib/python3.7/site-packages/airflow/example_dags/tutorial_taskflow_api.py for tasks to queue
[2024-03-05T12:46:20.024+0000] {logging_mixin.py:137} INFO - [2024-03-05T12:46:20.024+0000] {dagbag.py:538} INFO - Filling up the DagBag from /home/airflow/.local/lib/python3.7/site-packages/airflow/example_dags/tutorial_taskflow_api.py
[2024-03-05T12:46:20.035+0000] {processor.py:753} INFO - DAG(s) dict_keys(['tutorial_taskflow_api']) retrieved from /home/airflow/.local/lib/python3.7/site-packages/airflow/example_dags/tutorial_taskflow_api.py
[2024-03-05T12:46:20.050+0000] {logging_mixin.py:137} INFO - [2024-03-05T12:46:20.050+0000] {dag.py:2690} INFO - Sync 1 DAGs
[2024-03-05T12:46:20.066+0000] {logging_mixin.py:137} INFO - [2024-03-05T12:46:20.066+0000] {dag.py:3441} INFO - Setting next_dagrun for tutorial_taskflow_api to None, run_after=None
[2024-03-05T12:46:20.076+0000] {processor.py:175} INFO - Processing /home/airflow/.local/lib/python3.7/site-packages/airflow/example_dags/tutorial_taskflow_api.py took 0.057 seconds
[2024-03-05T12:46:50.883+0000] {processor.py:153} INFO - Started process (PID=837) to work on /home/airflow/.local/lib/python3.7/site-packages/airflow/example_dags/tutorial_taskflow_api.py
[2024-03-05T12:46:50.884+0000] {processor.py:743} INFO - Processing file /home/airflow/.local/lib/python3.7/site-packages/airflow/example_dags/tutorial_taskflow_api.py for tasks to queue
[2024-03-05T12:46:50.884+0000] {logging_mixin.py:137} INFO - [2024-03-05T12:46:50.884+0000] {dagbag.py:538} INFO - Filling up the DagBag from /home/airflow/.local/lib/python3.7/site-packages/airflow/example_dags/tutorial_taskflow_api.py
[2024-03-05T12:46:50.896+0000] {processor.py:753} INFO - DAG(s) dict_keys(['tutorial_taskflow_api']) retrieved from /home/airflow/.local/lib/python3.7/site-packages/airflow/example_dags/tutorial_taskflow_api.py
[2024-03-05T12:46:50.908+0000] {logging_mixin.py:137} INFO - [2024-03-05T12:46:50.907+0000] {dag.py:2690} INFO - Sync 1 DAGs
[2024-03-05T12:46:50.918+0000] {logging_mixin.py:137} INFO - [2024-03-05T12:46:50.918+0000] {dag.py:3441} INFO - Setting next_dagrun for tutorial_taskflow_api to None, run_after=None
[2024-03-05T12:46:50.926+0000] {processor.py:175} INFO - Processing /home/airflow/.local/lib/python3.7/site-packages/airflow/example_dags/tutorial_taskflow_api.py took 0.044 seconds
[2024-03-05T12:47:21.475+0000] {processor.py:153} INFO - Started process (PID=931) to work on /home/airflow/.local/lib/python3.7/site-packages/airflow/example_dags/tutorial_taskflow_api.py
[2024-03-05T12:47:21.475+0000] {processor.py:743} INFO - Processing file /home/airflow/.local/lib/python3.7/site-packages/airflow/example_dags/tutorial_taskflow_api.py for tasks to queue
[2024-03-05T12:47:21.476+0000] {logging_mixin.py:137} INFO - [2024-03-05T12:47:21.476+0000] {dagbag.py:538} INFO - Filling up the DagBag from /home/airflow/.local/lib/python3.7/site-packages/airflow/example_dags/tutorial_taskflow_api.py
[2024-03-05T12:47:21.487+0000] {processor.py:753} INFO - DAG(s) dict_keys(['tutorial_taskflow_api']) retrieved from /home/airflow/.local/lib/python3.7/site-packages/airflow/example_dags/tutorial_taskflow_api.py
[2024-03-05T12:47:21.502+0000] {logging_mixin.py:137} INFO - [2024-03-05T12:47:21.502+0000] {dag.py:2690} INFO - Sync 1 DAGs
[2024-03-05T12:47:21.515+0000] {logging_mixin.py:137} INFO - [2024-03-05T12:47:21.515+0000] {dag.py:3441} INFO - Setting next_dagrun for tutorial_taskflow_api to None, run_after=None
[2024-03-05T12:47:21.524+0000] {processor.py:175} INFO - Processing /home/airflow/.local/lib/python3.7/site-packages/airflow/example_dags/tutorial_taskflow_api.py took 0.051 seconds
[2024-03-05T12:47:51.955+0000] {processor.py:153} INFO - Started process (PID=1025) to work on /home/airflow/.local/lib/python3.7/site-packages/airflow/example_dags/tutorial_taskflow_api.py
[2024-03-05T12:47:51.956+0000] {processor.py:743} INFO - Processing file /home/airflow/.local/lib/python3.7/site-packages/airflow/example_dags/tutorial_taskflow_api.py for tasks to queue
[2024-03-05T12:47:51.957+0000] {logging_mixin.py:137} INFO - [2024-03-05T12:47:51.957+0000] {dagbag.py:538} INFO - Filling up the DagBag from /home/airflow/.local/lib/python3.7/site-packages/airflow/example_dags/tutorial_taskflow_api.py
[2024-03-05T12:47:51.977+0000] {processor.py:753} INFO - DAG(s) dict_keys(['tutorial_taskflow_api']) retrieved from /home/airflow/.local/lib/python3.7/site-packages/airflow/example_dags/tutorial_taskflow_api.py
[2024-03-05T12:47:51.996+0000] {logging_mixin.py:137} INFO - [2024-03-05T12:47:51.996+0000] {dag.py:2690} INFO - Sync 1 DAGs
[2024-03-05T12:47:52.011+0000] {logging_mixin.py:137} INFO - [2024-03-05T12:47:52.011+0000] {dag.py:3441} INFO - Setting next_dagrun for tutorial_taskflow_api to None, run_after=None
[2024-03-05T12:47:52.022+0000] {processor.py:175} INFO - Processing /home/airflow/.local/lib/python3.7/site-packages/airflow/example_dags/tutorial_taskflow_api.py took 0.069 seconds
