[2024-03-05T12:19:24.130+0000] {processor.py:153} INFO - Started process (PID=69) to work on /home/airflow/.local/lib/python3.7/site-packages/airflow/example_dags/tutorial_dag.py
[2024-03-05T12:19:24.131+0000] {processor.py:743} INFO - Processing file /home/airflow/.local/lib/python3.7/site-packages/airflow/example_dags/tutorial_dag.py for tasks to queue
[2024-03-05T12:19:24.131+0000] {logging_mixin.py:137} INFO - [2024-03-05T12:19:24.131+0000] {dagbag.py:538} INFO - Filling up the DagBag from /home/airflow/.local/lib/python3.7/site-packages/airflow/example_dags/tutorial_dag.py
[2024-03-05T12:19:24.139+0000] {processor.py:753} INFO - DAG(s) dict_keys(['tutorial_dag']) retrieved from /home/airflow/.local/lib/python3.7/site-packages/airflow/example_dags/tutorial_dag.py
[2024-03-05T12:19:24.154+0000] {logging_mixin.py:137} INFO - [2024-03-05T12:19:24.154+0000] {dag.py:2690} INFO - Sync 1 DAGs
[2024-03-05T12:19:24.169+0000] {logging_mixin.py:137} INFO - [2024-03-05T12:19:24.169+0000] {dag.py:3441} INFO - Setting next_dagrun for tutorial_dag to None, run_after=None
[2024-03-05T12:19:24.181+0000] {processor.py:175} INFO - Processing /home/airflow/.local/lib/python3.7/site-packages/airflow/example_dags/tutorial_dag.py took 0.052 seconds
[2024-03-05T12:19:54.642+0000] {processor.py:153} INFO - Started process (PID=171) to work on /home/airflow/.local/lib/python3.7/site-packages/airflow/example_dags/tutorial_dag.py
[2024-03-05T12:19:54.642+0000] {processor.py:743} INFO - Processing file /home/airflow/.local/lib/python3.7/site-packages/airflow/example_dags/tutorial_dag.py for tasks to queue
[2024-03-05T12:19:54.642+0000] {logging_mixin.py:137} INFO - [2024-03-05T12:19:54.642+0000] {dagbag.py:538} INFO - Filling up the DagBag from /home/airflow/.local/lib/python3.7/site-packages/airflow/example_dags/tutorial_dag.py
[2024-03-05T12:19:54.648+0000] {processor.py:753} INFO - DAG(s) dict_keys(['tutorial_dag']) retrieved from /home/airflow/.local/lib/python3.7/site-packages/airflow/example_dags/tutorial_dag.py
[2024-03-05T12:19:54.660+0000] {logging_mixin.py:137} INFO - [2024-03-05T12:19:54.660+0000] {dag.py:2690} INFO - Sync 1 DAGs
[2024-03-05T12:19:54.672+0000] {logging_mixin.py:137} INFO - [2024-03-05T12:19:54.672+0000] {dag.py:3441} INFO - Setting next_dagrun for tutorial_dag to None, run_after=None
[2024-03-05T12:19:54.680+0000] {processor.py:175} INFO - Processing /home/airflow/.local/lib/python3.7/site-packages/airflow/example_dags/tutorial_dag.py took 0.040 seconds
[2024-03-05T12:42:16.380+0000] {processor.py:153} INFO - Started process (PID=69) to work on /home/airflow/.local/lib/python3.7/site-packages/airflow/example_dags/tutorial_dag.py
[2024-03-05T12:42:16.382+0000] {processor.py:743} INFO - Processing file /home/airflow/.local/lib/python3.7/site-packages/airflow/example_dags/tutorial_dag.py for tasks to queue
[2024-03-05T12:42:16.383+0000] {logging_mixin.py:137} INFO - [2024-03-05T12:42:16.383+0000] {dagbag.py:538} INFO - Filling up the DagBag from /home/airflow/.local/lib/python3.7/site-packages/airflow/example_dags/tutorial_dag.py
[2024-03-05T12:42:16.392+0000] {processor.py:753} INFO - DAG(s) dict_keys(['tutorial_dag']) retrieved from /home/airflow/.local/lib/python3.7/site-packages/airflow/example_dags/tutorial_dag.py
[2024-03-05T12:42:16.409+0000] {logging_mixin.py:137} INFO - [2024-03-05T12:42:16.409+0000] {dag.py:2690} INFO - Sync 1 DAGs
[2024-03-05T12:42:16.432+0000] {logging_mixin.py:137} INFO - [2024-03-05T12:42:16.431+0000] {dag.py:3441} INFO - Setting next_dagrun for tutorial_dag to None, run_after=None
[2024-03-05T12:42:16.455+0000] {processor.py:175} INFO - Processing /home/airflow/.local/lib/python3.7/site-packages/airflow/example_dags/tutorial_dag.py took 0.077 seconds
[2024-03-05T12:42:46.535+0000] {processor.py:153} INFO - Started process (PID=163) to work on /home/airflow/.local/lib/python3.7/site-packages/airflow/example_dags/tutorial_dag.py
[2024-03-05T12:42:46.536+0000] {processor.py:743} INFO - Processing file /home/airflow/.local/lib/python3.7/site-packages/airflow/example_dags/tutorial_dag.py for tasks to queue
[2024-03-05T12:42:46.536+0000] {logging_mixin.py:137} INFO - [2024-03-05T12:42:46.536+0000] {dagbag.py:538} INFO - Filling up the DagBag from /home/airflow/.local/lib/python3.7/site-packages/airflow/example_dags/tutorial_dag.py
[2024-03-05T12:42:46.545+0000] {processor.py:753} INFO - DAG(s) dict_keys(['tutorial_dag']) retrieved from /home/airflow/.local/lib/python3.7/site-packages/airflow/example_dags/tutorial_dag.py
[2024-03-05T12:42:46.561+0000] {logging_mixin.py:137} INFO - [2024-03-05T12:42:46.561+0000] {dag.py:2690} INFO - Sync 1 DAGs
[2024-03-05T12:42:46.577+0000] {logging_mixin.py:137} INFO - [2024-03-05T12:42:46.576+0000] {dag.py:3441} INFO - Setting next_dagrun for tutorial_dag to None, run_after=None
[2024-03-05T12:42:46.589+0000] {processor.py:175} INFO - Processing /home/airflow/.local/lib/python3.7/site-packages/airflow/example_dags/tutorial_dag.py took 0.056 seconds
[2024-03-05T12:43:17.212+0000] {processor.py:153} INFO - Started process (PID=239) to work on /home/airflow/.local/lib/python3.7/site-packages/airflow/example_dags/tutorial_dag.py
[2024-03-05T12:43:17.212+0000] {processor.py:743} INFO - Processing file /home/airflow/.local/lib/python3.7/site-packages/airflow/example_dags/tutorial_dag.py for tasks to queue
[2024-03-05T12:43:17.212+0000] {logging_mixin.py:137} INFO - [2024-03-05T12:43:17.212+0000] {dagbag.py:538} INFO - Filling up the DagBag from /home/airflow/.local/lib/python3.7/site-packages/airflow/example_dags/tutorial_dag.py
[2024-03-05T12:43:17.218+0000] {processor.py:753} INFO - DAG(s) dict_keys(['tutorial_dag']) retrieved from /home/airflow/.local/lib/python3.7/site-packages/airflow/example_dags/tutorial_dag.py
[2024-03-05T12:43:17.231+0000] {logging_mixin.py:137} INFO - [2024-03-05T12:43:17.231+0000] {dag.py:2690} INFO - Sync 1 DAGs
[2024-03-05T12:43:17.243+0000] {logging_mixin.py:137} INFO - [2024-03-05T12:43:17.243+0000] {dag.py:3441} INFO - Setting next_dagrun for tutorial_dag to None, run_after=None
[2024-03-05T12:43:17.251+0000] {processor.py:175} INFO - Processing /home/airflow/.local/lib/python3.7/site-packages/airflow/example_dags/tutorial_dag.py took 0.041 seconds
[2024-03-05T12:43:48.028+0000] {processor.py:153} INFO - Started process (PID=333) to work on /home/airflow/.local/lib/python3.7/site-packages/airflow/example_dags/tutorial_dag.py
[2024-03-05T12:43:48.029+0000] {processor.py:743} INFO - Processing file /home/airflow/.local/lib/python3.7/site-packages/airflow/example_dags/tutorial_dag.py for tasks to queue
[2024-03-05T12:43:48.029+0000] {logging_mixin.py:137} INFO - [2024-03-05T12:43:48.029+0000] {dagbag.py:538} INFO - Filling up the DagBag from /home/airflow/.local/lib/python3.7/site-packages/airflow/example_dags/tutorial_dag.py
[2024-03-05T12:43:48.036+0000] {processor.py:753} INFO - DAG(s) dict_keys(['tutorial_dag']) retrieved from /home/airflow/.local/lib/python3.7/site-packages/airflow/example_dags/tutorial_dag.py
[2024-03-05T12:43:48.048+0000] {logging_mixin.py:137} INFO - [2024-03-05T12:43:48.048+0000] {dag.py:2690} INFO - Sync 1 DAGs
[2024-03-05T12:43:48.061+0000] {logging_mixin.py:137} INFO - [2024-03-05T12:43:48.061+0000] {dag.py:3441} INFO - Setting next_dagrun for tutorial_dag to None, run_after=None
[2024-03-05T12:43:48.070+0000] {processor.py:175} INFO - Processing /home/airflow/.local/lib/python3.7/site-packages/airflow/example_dags/tutorial_dag.py took 0.043 seconds
[2024-03-05T12:44:18.528+0000] {processor.py:153} INFO - Started process (PID=426) to work on /home/airflow/.local/lib/python3.7/site-packages/airflow/example_dags/tutorial_dag.py
[2024-03-05T12:44:18.528+0000] {processor.py:743} INFO - Processing file /home/airflow/.local/lib/python3.7/site-packages/airflow/example_dags/tutorial_dag.py for tasks to queue
[2024-03-05T12:44:18.529+0000] {logging_mixin.py:137} INFO - [2024-03-05T12:44:18.529+0000] {dagbag.py:538} INFO - Filling up the DagBag from /home/airflow/.local/lib/python3.7/site-packages/airflow/example_dags/tutorial_dag.py
[2024-03-05T12:44:18.535+0000] {processor.py:753} INFO - DAG(s) dict_keys(['tutorial_dag']) retrieved from /home/airflow/.local/lib/python3.7/site-packages/airflow/example_dags/tutorial_dag.py
[2024-03-05T12:44:18.550+0000] {logging_mixin.py:137} INFO - [2024-03-05T12:44:18.550+0000] {dag.py:2690} INFO - Sync 1 DAGs
[2024-03-05T12:44:18.562+0000] {logging_mixin.py:137} INFO - [2024-03-05T12:44:18.562+0000] {dag.py:3441} INFO - Setting next_dagrun for tutorial_dag to None, run_after=None
[2024-03-05T12:44:18.571+0000] {processor.py:175} INFO - Processing /home/airflow/.local/lib/python3.7/site-packages/airflow/example_dags/tutorial_dag.py took 0.045 seconds
[2024-03-05T12:44:49.217+0000] {processor.py:153} INFO - Started process (PID=520) to work on /home/airflow/.local/lib/python3.7/site-packages/airflow/example_dags/tutorial_dag.py
[2024-03-05T12:44:49.218+0000] {processor.py:743} INFO - Processing file /home/airflow/.local/lib/python3.7/site-packages/airflow/example_dags/tutorial_dag.py for tasks to queue
[2024-03-05T12:44:49.218+0000] {logging_mixin.py:137} INFO - [2024-03-05T12:44:49.218+0000] {dagbag.py:538} INFO - Filling up the DagBag from /home/airflow/.local/lib/python3.7/site-packages/airflow/example_dags/tutorial_dag.py
[2024-03-05T12:44:49.225+0000] {processor.py:753} INFO - DAG(s) dict_keys(['tutorial_dag']) retrieved from /home/airflow/.local/lib/python3.7/site-packages/airflow/example_dags/tutorial_dag.py
[2024-03-05T12:44:49.238+0000] {logging_mixin.py:137} INFO - [2024-03-05T12:44:49.238+0000] {dag.py:2690} INFO - Sync 1 DAGs
[2024-03-05T12:44:49.251+0000] {logging_mixin.py:137} INFO - [2024-03-05T12:44:49.251+0000] {dag.py:3441} INFO - Setting next_dagrun for tutorial_dag to None, run_after=None
[2024-03-05T12:44:49.260+0000] {processor.py:175} INFO - Processing /home/airflow/.local/lib/python3.7/site-packages/airflow/example_dags/tutorial_dag.py took 0.045 seconds
[2024-03-05T12:45:19.670+0000] {processor.py:153} INFO - Started process (PID=596) to work on /home/airflow/.local/lib/python3.7/site-packages/airflow/example_dags/tutorial_dag.py
[2024-03-05T12:45:19.671+0000] {processor.py:743} INFO - Processing file /home/airflow/.local/lib/python3.7/site-packages/airflow/example_dags/tutorial_dag.py for tasks to queue
[2024-03-05T12:45:19.671+0000] {logging_mixin.py:137} INFO - [2024-03-05T12:45:19.671+0000] {dagbag.py:538} INFO - Filling up the DagBag from /home/airflow/.local/lib/python3.7/site-packages/airflow/example_dags/tutorial_dag.py
[2024-03-05T12:45:19.678+0000] {processor.py:753} INFO - DAG(s) dict_keys(['tutorial_dag']) retrieved from /home/airflow/.local/lib/python3.7/site-packages/airflow/example_dags/tutorial_dag.py
[2024-03-05T12:45:19.690+0000] {logging_mixin.py:137} INFO - [2024-03-05T12:45:19.690+0000] {dag.py:2690} INFO - Sync 1 DAGs
[2024-03-05T12:45:19.702+0000] {logging_mixin.py:137} INFO - [2024-03-05T12:45:19.702+0000] {dag.py:3441} INFO - Setting next_dagrun for tutorial_dag to None, run_after=None
[2024-03-05T12:45:19.713+0000] {processor.py:175} INFO - Processing /home/airflow/.local/lib/python3.7/site-packages/airflow/example_dags/tutorial_dag.py took 0.044 seconds
[2024-03-05T12:45:50.211+0000] {processor.py:153} INFO - Started process (PID=690) to work on /home/airflow/.local/lib/python3.7/site-packages/airflow/example_dags/tutorial_dag.py
[2024-03-05T12:45:50.211+0000] {processor.py:743} INFO - Processing file /home/airflow/.local/lib/python3.7/site-packages/airflow/example_dags/tutorial_dag.py for tasks to queue
[2024-03-05T12:45:50.212+0000] {logging_mixin.py:137} INFO - [2024-03-05T12:45:50.212+0000] {dagbag.py:538} INFO - Filling up the DagBag from /home/airflow/.local/lib/python3.7/site-packages/airflow/example_dags/tutorial_dag.py
[2024-03-05T12:45:50.218+0000] {processor.py:753} INFO - DAG(s) dict_keys(['tutorial_dag']) retrieved from /home/airflow/.local/lib/python3.7/site-packages/airflow/example_dags/tutorial_dag.py
[2024-03-05T12:45:50.232+0000] {logging_mixin.py:137} INFO - [2024-03-05T12:45:50.232+0000] {dag.py:2690} INFO - Sync 1 DAGs
[2024-03-05T12:45:50.250+0000] {logging_mixin.py:137} INFO - [2024-03-05T12:45:50.250+0000] {dag.py:3441} INFO - Setting next_dagrun for tutorial_dag to None, run_after=None
[2024-03-05T12:45:50.266+0000] {processor.py:175} INFO - Processing /home/airflow/.local/lib/python3.7/site-packages/airflow/example_dags/tutorial_dag.py took 0.057 seconds
[2024-03-05T12:46:21.052+0000] {processor.py:153} INFO - Started process (PID=784) to work on /home/airflow/.local/lib/python3.7/site-packages/airflow/example_dags/tutorial_dag.py
[2024-03-05T12:46:21.052+0000] {processor.py:743} INFO - Processing file /home/airflow/.local/lib/python3.7/site-packages/airflow/example_dags/tutorial_dag.py for tasks to queue
[2024-03-05T12:46:21.053+0000] {logging_mixin.py:137} INFO - [2024-03-05T12:46:21.053+0000] {dagbag.py:538} INFO - Filling up the DagBag from /home/airflow/.local/lib/python3.7/site-packages/airflow/example_dags/tutorial_dag.py
[2024-03-05T12:46:21.060+0000] {processor.py:753} INFO - DAG(s) dict_keys(['tutorial_dag']) retrieved from /home/airflow/.local/lib/python3.7/site-packages/airflow/example_dags/tutorial_dag.py
[2024-03-05T12:46:21.075+0000] {logging_mixin.py:137} INFO - [2024-03-05T12:46:21.075+0000] {dag.py:2690} INFO - Sync 1 DAGs
[2024-03-05T12:46:21.089+0000] {logging_mixin.py:137} INFO - [2024-03-05T12:46:21.089+0000] {dag.py:3441} INFO - Setting next_dagrun for tutorial_dag to None, run_after=None
[2024-03-05T12:46:21.101+0000] {processor.py:175} INFO - Processing /home/airflow/.local/lib/python3.7/site-packages/airflow/example_dags/tutorial_dag.py took 0.051 seconds
[2024-03-05T12:46:51.634+0000] {processor.py:153} INFO - Started process (PID=867) to work on /home/airflow/.local/lib/python3.7/site-packages/airflow/example_dags/tutorial_dag.py
[2024-03-05T12:46:51.634+0000] {processor.py:743} INFO - Processing file /home/airflow/.local/lib/python3.7/site-packages/airflow/example_dags/tutorial_dag.py for tasks to queue
[2024-03-05T12:46:51.635+0000] {logging_mixin.py:137} INFO - [2024-03-05T12:46:51.635+0000] {dagbag.py:538} INFO - Filling up the DagBag from /home/airflow/.local/lib/python3.7/site-packages/airflow/example_dags/tutorial_dag.py
[2024-03-05T12:46:51.641+0000] {processor.py:753} INFO - DAG(s) dict_keys(['tutorial_dag']) retrieved from /home/airflow/.local/lib/python3.7/site-packages/airflow/example_dags/tutorial_dag.py
[2024-03-05T12:46:51.654+0000] {logging_mixin.py:137} INFO - [2024-03-05T12:46:51.654+0000] {dag.py:2690} INFO - Sync 1 DAGs
[2024-03-05T12:46:51.665+0000] {logging_mixin.py:137} INFO - [2024-03-05T12:46:51.665+0000] {dag.py:3441} INFO - Setting next_dagrun for tutorial_dag to None, run_after=None
[2024-03-05T12:46:51.675+0000] {processor.py:175} INFO - Processing /home/airflow/.local/lib/python3.7/site-packages/airflow/example_dags/tutorial_dag.py took 0.043 seconds
[2024-03-05T12:47:22.170+0000] {processor.py:153} INFO - Started process (PID=954) to work on /home/airflow/.local/lib/python3.7/site-packages/airflow/example_dags/tutorial_dag.py
[2024-03-05T12:47:22.170+0000] {processor.py:743} INFO - Processing file /home/airflow/.local/lib/python3.7/site-packages/airflow/example_dags/tutorial_dag.py for tasks to queue
[2024-03-05T12:47:22.171+0000] {logging_mixin.py:137} INFO - [2024-03-05T12:47:22.171+0000] {dagbag.py:538} INFO - Filling up the DagBag from /home/airflow/.local/lib/python3.7/site-packages/airflow/example_dags/tutorial_dag.py
[2024-03-05T12:47:22.177+0000] {processor.py:753} INFO - DAG(s) dict_keys(['tutorial_dag']) retrieved from /home/airflow/.local/lib/python3.7/site-packages/airflow/example_dags/tutorial_dag.py
[2024-03-05T12:47:22.190+0000] {logging_mixin.py:137} INFO - [2024-03-05T12:47:22.190+0000] {dag.py:2690} INFO - Sync 1 DAGs
[2024-03-05T12:47:22.202+0000] {logging_mixin.py:137} INFO - [2024-03-05T12:47:22.202+0000] {dag.py:3441} INFO - Setting next_dagrun for tutorial_dag to None, run_after=None
[2024-03-05T12:47:22.212+0000] {processor.py:175} INFO - Processing /home/airflow/.local/lib/python3.7/site-packages/airflow/example_dags/tutorial_dag.py took 0.044 seconds
[2024-03-05T12:47:53.206+0000] {processor.py:153} INFO - Started process (PID=1048) to work on /home/airflow/.local/lib/python3.7/site-packages/airflow/example_dags/tutorial_dag.py
[2024-03-05T12:47:53.207+0000] {processor.py:743} INFO - Processing file /home/airflow/.local/lib/python3.7/site-packages/airflow/example_dags/tutorial_dag.py for tasks to queue
[2024-03-05T12:47:53.208+0000] {logging_mixin.py:137} INFO - [2024-03-05T12:47:53.208+0000] {dagbag.py:538} INFO - Filling up the DagBag from /home/airflow/.local/lib/python3.7/site-packages/airflow/example_dags/tutorial_dag.py
[2024-03-05T12:47:53.215+0000] {processor.py:753} INFO - DAG(s) dict_keys(['tutorial_dag']) retrieved from /home/airflow/.local/lib/python3.7/site-packages/airflow/example_dags/tutorial_dag.py
[2024-03-05T12:47:53.232+0000] {logging_mixin.py:137} INFO - [2024-03-05T12:47:53.232+0000] {dag.py:2690} INFO - Sync 1 DAGs
[2024-03-05T12:47:53.250+0000] {logging_mixin.py:137} INFO - [2024-03-05T12:47:53.250+0000] {dag.py:3441} INFO - Setting next_dagrun for tutorial_dag to None, run_after=None
[2024-03-05T12:47:53.261+0000] {processor.py:175} INFO - Processing /home/airflow/.local/lib/python3.7/site-packages/airflow/example_dags/tutorial_dag.py took 0.057 seconds
