[2023-08-23T09:39:12.435+0000] {processor.py:153} INFO - Started process (PID=2962) to work on /opt/airflow/dags/boaz_simple_etl.py
[2023-08-23T09:39:12.436+0000] {processor.py:743} INFO - Processing file /opt/airflow/dags/boaz_simple_etl.py for tasks to queue
[2023-08-23T09:39:12.436+0000] {logging_mixin.py:137} INFO - [2023-08-23T09:39:12.436+0000] {dagbag.py:538} INFO - Filling up the DagBag from /opt/airflow/dags/boaz_simple_etl.py
[2023-08-23T09:39:12.582+0000] {processor.py:753} INFO - DAG(s) dict_keys(['boaz_simple_etl']) retrieved from /opt/airflow/dags/boaz_simple_etl.py
[2023-08-23T09:39:12.660+0000] {logging_mixin.py:137} INFO - [2023-08-23T09:39:12.660+0000] {manager.py:504} INFO - Created Permission View: can read on DAG:boaz_simple_etl
[2023-08-23T09:39:12.665+0000] {logging_mixin.py:137} INFO - [2023-08-23T09:39:12.665+0000] {manager.py:504} INFO - Created Permission View: can edit on DAG:boaz_simple_etl
[2023-08-23T09:39:12.669+0000] {logging_mixin.py:137} INFO - [2023-08-23T09:39:12.669+0000] {manager.py:504} INFO - Created Permission View: can delete on DAG:boaz_simple_etl
[2023-08-23T09:39:12.669+0000] {logging_mixin.py:137} INFO - [2023-08-23T09:39:12.669+0000] {dag.py:2690} INFO - Sync 1 DAGs
[2023-08-23T09:39:12.838+0000] {logging_mixin.py:137} INFO - [2023-08-23T09:39:12.838+0000] {dag.py:2711} INFO - Creating ORM DAG for boaz_simple_etl
[2023-08-23T09:39:12.846+0000] {logging_mixin.py:137} INFO - [2023-08-23T09:39:12.846+0000] {dag.py:3441} INFO - Setting next_dagrun for boaz_simple_etl to 2023-08-22T00:00:00+00:00, run_after=2023-08-23T00:00:00+00:00
[2023-08-23T09:39:12.857+0000] {processor.py:175} INFO - Processing /opt/airflow/dags/boaz_simple_etl.py took 0.425 seconds
[2023-08-23T09:39:43.667+0000] {processor.py:153} INFO - Started process (PID=3027) to work on /opt/airflow/dags/boaz_simple_etl.py
[2023-08-23T09:39:43.668+0000] {processor.py:743} INFO - Processing file /opt/airflow/dags/boaz_simple_etl.py for tasks to queue
[2023-08-23T09:39:43.668+0000] {logging_mixin.py:137} INFO - [2023-08-23T09:39:43.668+0000] {dagbag.py:538} INFO - Filling up the DagBag from /opt/airflow/dags/boaz_simple_etl.py
[2023-08-23T09:39:43.759+0000] {processor.py:753} INFO - DAG(s) dict_keys(['boaz_simple_etl']) retrieved from /opt/airflow/dags/boaz_simple_etl.py
[2023-08-23T09:39:43.780+0000] {logging_mixin.py:137} INFO - [2023-08-23T09:39:43.779+0000] {dag.py:2690} INFO - Sync 1 DAGs
[2023-08-23T09:39:43.798+0000] {logging_mixin.py:137} INFO - [2023-08-23T09:39:43.798+0000] {dag.py:3441} INFO - Setting next_dagrun for boaz_simple_etl to 2023-08-22T00:00:00+00:00, run_after=2023-08-23T00:00:00+00:00
[2023-08-23T09:39:43.810+0000] {processor.py:175} INFO - Processing /opt/airflow/dags/boaz_simple_etl.py took 0.147 seconds
[2023-08-23T09:40:14.674+0000] {processor.py:153} INFO - Started process (PID=3106) to work on /opt/airflow/dags/boaz_simple_etl.py
[2023-08-23T09:40:14.676+0000] {processor.py:743} INFO - Processing file /opt/airflow/dags/boaz_simple_etl.py for tasks to queue
[2023-08-23T09:40:14.676+0000] {logging_mixin.py:137} INFO - [2023-08-23T09:40:14.676+0000] {dagbag.py:538} INFO - Filling up the DagBag from /opt/airflow/dags/boaz_simple_etl.py
[2023-08-23T09:40:14.766+0000] {processor.py:753} INFO - DAG(s) dict_keys(['boaz_simple_etl']) retrieved from /opt/airflow/dags/boaz_simple_etl.py
[2023-08-23T09:40:14.786+0000] {logging_mixin.py:137} INFO - [2023-08-23T09:40:14.786+0000] {dag.py:2690} INFO - Sync 1 DAGs
[2023-08-23T09:40:14.803+0000] {logging_mixin.py:137} INFO - [2023-08-23T09:40:14.802+0000] {dag.py:3441} INFO - Setting next_dagrun for boaz_simple_etl to 2023-08-22T00:00:00+00:00, run_after=2023-08-23T00:00:00+00:00
[2023-08-23T09:40:14.814+0000] {processor.py:175} INFO - Processing /opt/airflow/dags/boaz_simple_etl.py took 0.144 seconds
[2023-08-23T09:40:45.772+0000] {processor.py:153} INFO - Started process (PID=3185) to work on /opt/airflow/dags/boaz_simple_etl.py
[2023-08-23T09:40:45.773+0000] {processor.py:743} INFO - Processing file /opt/airflow/dags/boaz_simple_etl.py for tasks to queue
[2023-08-23T09:40:45.774+0000] {logging_mixin.py:137} INFO - [2023-08-23T09:40:45.774+0000] {dagbag.py:538} INFO - Filling up the DagBag from /opt/airflow/dags/boaz_simple_etl.py
[2023-08-23T09:40:45.855+0000] {processor.py:753} INFO - DAG(s) dict_keys(['boaz_simple_etl']) retrieved from /opt/airflow/dags/boaz_simple_etl.py
[2023-08-23T09:40:45.873+0000] {logging_mixin.py:137} INFO - [2023-08-23T09:40:45.873+0000] {dag.py:2690} INFO - Sync 1 DAGs
[2023-08-23T09:40:45.889+0000] {logging_mixin.py:137} INFO - [2023-08-23T09:40:45.889+0000] {dag.py:3441} INFO - Setting next_dagrun for boaz_simple_etl to 2023-08-22T00:00:00+00:00, run_after=2023-08-23T00:00:00+00:00
[2023-08-23T09:40:45.901+0000] {processor.py:175} INFO - Processing /opt/airflow/dags/boaz_simple_etl.py took 0.131 seconds
[2023-08-23T09:41:16.111+0000] {processor.py:153} INFO - Started process (PID=3251) to work on /opt/airflow/dags/boaz_simple_etl.py
[2023-08-23T09:41:16.112+0000] {processor.py:743} INFO - Processing file /opt/airflow/dags/boaz_simple_etl.py for tasks to queue
[2023-08-23T09:41:16.113+0000] {logging_mixin.py:137} INFO - [2023-08-23T09:41:16.112+0000] {dagbag.py:538} INFO - Filling up the DagBag from /opt/airflow/dags/boaz_simple_etl.py
[2023-08-23T09:41:16.192+0000] {processor.py:753} INFO - DAG(s) dict_keys(['boaz_simple_etl']) retrieved from /opt/airflow/dags/boaz_simple_etl.py
[2023-08-23T09:41:16.212+0000] {logging_mixin.py:137} INFO - [2023-08-23T09:41:16.212+0000] {dag.py:2690} INFO - Sync 1 DAGs
[2023-08-23T09:41:16.228+0000] {logging_mixin.py:137} INFO - [2023-08-23T09:41:16.228+0000] {dag.py:3441} INFO - Setting next_dagrun for boaz_simple_etl to 2023-08-22T00:00:00+00:00, run_after=2023-08-23T00:00:00+00:00
[2023-08-23T09:41:16.240+0000] {processor.py:175} INFO - Processing /opt/airflow/dags/boaz_simple_etl.py took 0.131 seconds
[2023-08-23T09:41:46.408+0000] {processor.py:153} INFO - Started process (PID=3330) to work on /opt/airflow/dags/boaz_simple_etl.py
[2023-08-23T09:41:46.409+0000] {processor.py:743} INFO - Processing file /opt/airflow/dags/boaz_simple_etl.py for tasks to queue
[2023-08-23T09:41:46.409+0000] {logging_mixin.py:137} INFO - [2023-08-23T09:41:46.409+0000] {dagbag.py:538} INFO - Filling up the DagBag from /opt/airflow/dags/boaz_simple_etl.py
[2023-08-23T09:41:46.497+0000] {processor.py:753} INFO - DAG(s) dict_keys(['boaz_simple_etl']) retrieved from /opt/airflow/dags/boaz_simple_etl.py
[2023-08-23T09:41:46.519+0000] {logging_mixin.py:137} INFO - [2023-08-23T09:41:46.519+0000] {dag.py:2690} INFO - Sync 1 DAGs
[2023-08-23T09:41:46.540+0000] {logging_mixin.py:137} INFO - [2023-08-23T09:41:46.539+0000] {dag.py:3441} INFO - Setting next_dagrun for boaz_simple_etl to 2023-08-22T00:00:00+00:00, run_after=2023-08-23T00:00:00+00:00
[2023-08-23T09:41:46.554+0000] {processor.py:175} INFO - Processing /opt/airflow/dags/boaz_simple_etl.py took 0.149 seconds
[2023-08-23T09:42:16.626+0000] {processor.py:153} INFO - Started process (PID=3409) to work on /opt/airflow/dags/boaz_simple_etl.py
[2023-08-23T09:42:16.627+0000] {processor.py:743} INFO - Processing file /opt/airflow/dags/boaz_simple_etl.py for tasks to queue
[2023-08-23T09:42:16.628+0000] {logging_mixin.py:137} INFO - [2023-08-23T09:42:16.627+0000] {dagbag.py:538} INFO - Filling up the DagBag from /opt/airflow/dags/boaz_simple_etl.py
[2023-08-23T09:42:16.714+0000] {processor.py:753} INFO - DAG(s) dict_keys(['boaz_simple_etl']) retrieved from /opt/airflow/dags/boaz_simple_etl.py
[2023-08-23T09:42:16.735+0000] {logging_mixin.py:137} INFO - [2023-08-23T09:42:16.735+0000] {dag.py:2690} INFO - Sync 1 DAGs
[2023-08-23T09:42:16.754+0000] {logging_mixin.py:137} INFO - [2023-08-23T09:42:16.754+0000] {dag.py:3441} INFO - Setting next_dagrun for boaz_simple_etl to 2023-08-22T00:00:00+00:00, run_after=2023-08-23T00:00:00+00:00
[2023-08-23T09:42:16.767+0000] {processor.py:175} INFO - Processing /opt/airflow/dags/boaz_simple_etl.py took 0.144 seconds
[2023-08-23T09:42:47.087+0000] {processor.py:153} INFO - Started process (PID=3475) to work on /opt/airflow/dags/boaz_simple_etl.py
[2023-08-23T09:42:47.088+0000] {processor.py:743} INFO - Processing file /opt/airflow/dags/boaz_simple_etl.py for tasks to queue
[2023-08-23T09:42:47.088+0000] {logging_mixin.py:137} INFO - [2023-08-23T09:42:47.088+0000] {dagbag.py:538} INFO - Filling up the DagBag from /opt/airflow/dags/boaz_simple_etl.py
[2023-08-23T09:42:47.168+0000] {processor.py:753} INFO - DAG(s) dict_keys(['boaz_simple_etl']) retrieved from /opt/airflow/dags/boaz_simple_etl.py
[2023-08-23T09:42:47.187+0000] {logging_mixin.py:137} INFO - [2023-08-23T09:42:47.187+0000] {dag.py:2690} INFO - Sync 1 DAGs
[2023-08-23T09:42:47.204+0000] {logging_mixin.py:137} INFO - [2023-08-23T09:42:47.204+0000] {dag.py:3441} INFO - Setting next_dagrun for boaz_simple_etl to 2023-08-22T00:00:00+00:00, run_after=2023-08-23T00:00:00+00:00
[2023-08-23T09:42:47.215+0000] {processor.py:175} INFO - Processing /opt/airflow/dags/boaz_simple_etl.py took 0.130 seconds
[2023-08-23T09:43:17.310+0000] {processor.py:153} INFO - Started process (PID=3554) to work on /opt/airflow/dags/boaz_simple_etl.py
[2023-08-23T09:43:17.312+0000] {processor.py:743} INFO - Processing file /opt/airflow/dags/boaz_simple_etl.py for tasks to queue
[2023-08-23T09:43:17.313+0000] {logging_mixin.py:137} INFO - [2023-08-23T09:43:17.313+0000] {dagbag.py:538} INFO - Filling up the DagBag from /opt/airflow/dags/boaz_simple_etl.py
[2023-08-23T09:43:17.404+0000] {processor.py:753} INFO - DAG(s) dict_keys(['boaz_simple_etl']) retrieved from /opt/airflow/dags/boaz_simple_etl.py
[2023-08-23T09:43:17.424+0000] {logging_mixin.py:137} INFO - [2023-08-23T09:43:17.423+0000] {dag.py:2690} INFO - Sync 1 DAGs
[2023-08-23T09:43:17.442+0000] {logging_mixin.py:137} INFO - [2023-08-23T09:43:17.442+0000] {dag.py:3441} INFO - Setting next_dagrun for boaz_simple_etl to 2023-08-23T00:00:00+00:00, run_after=2023-08-24T00:00:00+00:00
[2023-08-23T09:43:17.454+0000] {processor.py:175} INFO - Processing /opt/airflow/dags/boaz_simple_etl.py took 0.151 seconds
[2023-08-23T09:43:47.488+0000] {processor.py:153} INFO - Started process (PID=3630) to work on /opt/airflow/dags/boaz_simple_etl.py
[2023-08-23T09:43:47.489+0000] {processor.py:743} INFO - Processing file /opt/airflow/dags/boaz_simple_etl.py for tasks to queue
[2023-08-23T09:43:47.490+0000] {logging_mixin.py:137} INFO - [2023-08-23T09:43:47.490+0000] {dagbag.py:538} INFO - Filling up the DagBag from /opt/airflow/dags/boaz_simple_etl.py
[2023-08-23T09:43:47.574+0000] {processor.py:753} INFO - DAG(s) dict_keys(['boaz_simple_etl']) retrieved from /opt/airflow/dags/boaz_simple_etl.py
[2023-08-23T09:43:47.594+0000] {logging_mixin.py:137} INFO - [2023-08-23T09:43:47.594+0000] {dag.py:2690} INFO - Sync 1 DAGs
[2023-08-23T09:43:47.612+0000] {logging_mixin.py:137} INFO - [2023-08-23T09:43:47.612+0000] {dag.py:3441} INFO - Setting next_dagrun for boaz_simple_etl to 2023-08-23T00:00:00+00:00, run_after=2023-08-24T00:00:00+00:00
[2023-08-23T09:43:47.623+0000] {processor.py:175} INFO - Processing /opt/airflow/dags/boaz_simple_etl.py took 0.138 seconds
[2023-08-23T09:44:18.411+0000] {processor.py:153} INFO - Started process (PID=3700) to work on /opt/airflow/dags/boaz_simple_etl.py
[2023-08-23T09:44:18.412+0000] {processor.py:743} INFO - Processing file /opt/airflow/dags/boaz_simple_etl.py for tasks to queue
[2023-08-23T09:44:18.413+0000] {logging_mixin.py:137} INFO - [2023-08-23T09:44:18.413+0000] {dagbag.py:538} INFO - Filling up the DagBag from /opt/airflow/dags/boaz_simple_etl.py
[2023-08-23T09:44:18.500+0000] {processor.py:753} INFO - DAG(s) dict_keys(['boaz_simple_etl']) retrieved from /opt/airflow/dags/boaz_simple_etl.py
[2023-08-23T09:44:18.519+0000] {logging_mixin.py:137} INFO - [2023-08-23T09:44:18.519+0000] {dag.py:2690} INFO - Sync 1 DAGs
[2023-08-23T09:44:18.540+0000] {logging_mixin.py:137} INFO - [2023-08-23T09:44:18.539+0000] {dag.py:3441} INFO - Setting next_dagrun for boaz_simple_etl to 2023-08-23T00:00:00+00:00, run_after=2023-08-24T00:00:00+00:00
[2023-08-23T09:44:18.555+0000] {processor.py:175} INFO - Processing /opt/airflow/dags/boaz_simple_etl.py took 0.147 seconds
[2023-08-23T09:44:49.420+0000] {processor.py:153} INFO - Started process (PID=3779) to work on /opt/airflow/dags/boaz_simple_etl.py
[2023-08-23T09:44:49.421+0000] {processor.py:743} INFO - Processing file /opt/airflow/dags/boaz_simple_etl.py for tasks to queue
[2023-08-23T09:44:49.422+0000] {logging_mixin.py:137} INFO - [2023-08-23T09:44:49.422+0000] {dagbag.py:538} INFO - Filling up the DagBag from /opt/airflow/dags/boaz_simple_etl.py
[2023-08-23T09:44:49.508+0000] {processor.py:753} INFO - DAG(s) dict_keys(['boaz_simple_etl']) retrieved from /opt/airflow/dags/boaz_simple_etl.py
[2023-08-23T09:44:49.527+0000] {logging_mixin.py:137} INFO - [2023-08-23T09:44:49.527+0000] {dag.py:2690} INFO - Sync 1 DAGs
[2023-08-23T09:44:49.545+0000] {logging_mixin.py:137} INFO - [2023-08-23T09:44:49.545+0000] {dag.py:3441} INFO - Setting next_dagrun for boaz_simple_etl to 2023-08-23T00:00:00+00:00, run_after=2023-08-24T00:00:00+00:00
[2023-08-23T09:44:49.556+0000] {processor.py:175} INFO - Processing /opt/airflow/dags/boaz_simple_etl.py took 0.141 seconds
[2023-08-23T09:45:19.688+0000] {processor.py:153} INFO - Started process (PID=3854) to work on /opt/airflow/dags/boaz_simple_etl.py
[2023-08-23T09:45:19.689+0000] {processor.py:743} INFO - Processing file /opt/airflow/dags/boaz_simple_etl.py for tasks to queue
[2023-08-23T09:45:19.690+0000] {logging_mixin.py:137} INFO - [2023-08-23T09:45:19.690+0000] {dagbag.py:538} INFO - Filling up the DagBag from /opt/airflow/dags/boaz_simple_etl.py
[2023-08-23T09:45:19.770+0000] {processor.py:753} INFO - DAG(s) dict_keys(['boaz_simple_etl']) retrieved from /opt/airflow/dags/boaz_simple_etl.py
[2023-08-23T09:45:19.791+0000] {logging_mixin.py:137} INFO - [2023-08-23T09:45:19.791+0000] {dag.py:2690} INFO - Sync 1 DAGs
[2023-08-23T09:45:19.809+0000] {logging_mixin.py:137} INFO - [2023-08-23T09:45:19.808+0000] {dag.py:3441} INFO - Setting next_dagrun for boaz_simple_etl to 2023-08-23T00:00:00+00:00, run_after=2023-08-24T00:00:00+00:00
[2023-08-23T09:45:19.820+0000] {processor.py:175} INFO - Processing /opt/airflow/dags/boaz_simple_etl.py took 0.135 seconds
[2023-08-23T09:45:49.853+0000] {processor.py:153} INFO - Started process (PID=3924) to work on /opt/airflow/dags/boaz_simple_etl.py
[2023-08-23T09:45:49.854+0000] {processor.py:743} INFO - Processing file /opt/airflow/dags/boaz_simple_etl.py for tasks to queue
[2023-08-23T09:45:49.854+0000] {logging_mixin.py:137} INFO - [2023-08-23T09:45:49.854+0000] {dagbag.py:538} INFO - Filling up the DagBag from /opt/airflow/dags/boaz_simple_etl.py
[2023-08-23T09:45:49.941+0000] {processor.py:753} INFO - DAG(s) dict_keys(['boaz_simple_etl']) retrieved from /opt/airflow/dags/boaz_simple_etl.py
[2023-08-23T09:45:49.961+0000] {logging_mixin.py:137} INFO - [2023-08-23T09:45:49.961+0000] {dag.py:2690} INFO - Sync 1 DAGs
[2023-08-23T09:45:49.979+0000] {logging_mixin.py:137} INFO - [2023-08-23T09:45:49.979+0000] {dag.py:3441} INFO - Setting next_dagrun for boaz_simple_etl to 2023-08-23T00:00:00+00:00, run_after=2023-08-24T00:00:00+00:00
[2023-08-23T09:45:49.991+0000] {processor.py:175} INFO - Processing /opt/airflow/dags/boaz_simple_etl.py took 0.140 seconds
[2023-08-23T09:46:20.245+0000] {processor.py:153} INFO - Started process (PID=4003) to work on /opt/airflow/dags/boaz_simple_etl.py
[2023-08-23T09:46:20.246+0000] {processor.py:743} INFO - Processing file /opt/airflow/dags/boaz_simple_etl.py for tasks to queue
[2023-08-23T09:46:20.247+0000] {logging_mixin.py:137} INFO - [2023-08-23T09:46:20.247+0000] {dagbag.py:538} INFO - Filling up the DagBag from /opt/airflow/dags/boaz_simple_etl.py
[2023-08-23T09:46:20.331+0000] {processor.py:753} INFO - DAG(s) dict_keys(['boaz_simple_etl']) retrieved from /opt/airflow/dags/boaz_simple_etl.py
[2023-08-23T09:46:20.350+0000] {logging_mixin.py:137} INFO - [2023-08-23T09:46:20.350+0000] {dag.py:2690} INFO - Sync 1 DAGs
[2023-08-23T09:46:20.368+0000] {logging_mixin.py:137} INFO - [2023-08-23T09:46:20.368+0000] {dag.py:3441} INFO - Setting next_dagrun for boaz_simple_etl to 2023-08-23T00:00:00+00:00, run_after=2023-08-24T00:00:00+00:00
[2023-08-23T09:46:20.380+0000] {processor.py:175} INFO - Processing /opt/airflow/dags/boaz_simple_etl.py took 0.138 seconds
[2023-08-23T09:46:50.460+0000] {processor.py:153} INFO - Started process (PID=4069) to work on /opt/airflow/dags/boaz_simple_etl.py
[2023-08-23T09:46:50.461+0000] {processor.py:743} INFO - Processing file /opt/airflow/dags/boaz_simple_etl.py for tasks to queue
[2023-08-23T09:46:50.462+0000] {logging_mixin.py:137} INFO - [2023-08-23T09:46:50.462+0000] {dagbag.py:538} INFO - Filling up the DagBag from /opt/airflow/dags/boaz_simple_etl.py
[2023-08-23T09:46:50.546+0000] {processor.py:753} INFO - DAG(s) dict_keys(['boaz_simple_etl']) retrieved from /opt/airflow/dags/boaz_simple_etl.py
[2023-08-23T09:46:50.568+0000] {logging_mixin.py:137} INFO - [2023-08-23T09:46:50.566+0000] {dag.py:2690} INFO - Sync 1 DAGs
[2023-08-23T09:46:50.587+0000] {logging_mixin.py:137} INFO - [2023-08-23T09:46:50.587+0000] {dag.py:3441} INFO - Setting next_dagrun for boaz_simple_etl to 2023-08-23T00:00:00+00:00, run_after=2023-08-24T00:00:00+00:00
[2023-08-23T09:46:50.598+0000] {processor.py:175} INFO - Processing /opt/airflow/dags/boaz_simple_etl.py took 0.141 seconds
[2023-08-23T09:47:21.609+0000] {processor.py:153} INFO - Started process (PID=4148) to work on /opt/airflow/dags/boaz_simple_etl.py
[2023-08-23T09:47:21.611+0000] {processor.py:743} INFO - Processing file /opt/airflow/dags/boaz_simple_etl.py for tasks to queue
[2023-08-23T09:47:21.612+0000] {logging_mixin.py:137} INFO - [2023-08-23T09:47:21.612+0000] {dagbag.py:538} INFO - Filling up the DagBag from /opt/airflow/dags/boaz_simple_etl.py
[2023-08-23T09:47:21.704+0000] {processor.py:753} INFO - DAG(s) dict_keys(['boaz_simple_etl']) retrieved from /opt/airflow/dags/boaz_simple_etl.py
[2023-08-23T09:47:21.725+0000] {logging_mixin.py:137} INFO - [2023-08-23T09:47:21.725+0000] {dag.py:2690} INFO - Sync 1 DAGs
[2023-08-23T09:47:21.743+0000] {logging_mixin.py:137} INFO - [2023-08-23T09:47:21.743+0000] {dag.py:3441} INFO - Setting next_dagrun for boaz_simple_etl to 2023-08-23T00:00:00+00:00, run_after=2023-08-24T00:00:00+00:00
[2023-08-23T09:47:21.754+0000] {processor.py:175} INFO - Processing /opt/airflow/dags/boaz_simple_etl.py took 0.150 seconds
[2023-08-23T09:47:52.709+0000] {processor.py:153} INFO - Started process (PID=4228) to work on /opt/airflow/dags/boaz_simple_etl.py
[2023-08-23T09:47:52.711+0000] {processor.py:743} INFO - Processing file /opt/airflow/dags/boaz_simple_etl.py for tasks to queue
[2023-08-23T09:47:52.712+0000] {logging_mixin.py:137} INFO - [2023-08-23T09:47:52.712+0000] {dagbag.py:538} INFO - Filling up the DagBag from /opt/airflow/dags/boaz_simple_etl.py
[2023-08-23T09:47:52.816+0000] {processor.py:753} INFO - DAG(s) dict_keys(['boaz_simple_etl']) retrieved from /opt/airflow/dags/boaz_simple_etl.py
[2023-08-23T09:47:52.837+0000] {logging_mixin.py:137} INFO - [2023-08-23T09:47:52.837+0000] {dag.py:2690} INFO - Sync 1 DAGs
[2023-08-23T09:47:52.855+0000] {logging_mixin.py:137} INFO - [2023-08-23T09:47:52.855+0000] {dag.py:3441} INFO - Setting next_dagrun for boaz_simple_etl to 2023-08-23T00:00:00+00:00, run_after=2023-08-24T00:00:00+00:00
[2023-08-23T09:47:52.868+0000] {processor.py:175} INFO - Processing /opt/airflow/dags/boaz_simple_etl.py took 0.164 seconds
[2023-08-23T09:48:23.845+0000] {processor.py:153} INFO - Started process (PID=4294) to work on /opt/airflow/dags/boaz_simple_etl.py
[2023-08-23T09:48:23.846+0000] {processor.py:743} INFO - Processing file /opt/airflow/dags/boaz_simple_etl.py for tasks to queue
[2023-08-23T09:48:23.847+0000] {logging_mixin.py:137} INFO - [2023-08-23T09:48:23.846+0000] {dagbag.py:538} INFO - Filling up the DagBag from /opt/airflow/dags/boaz_simple_etl.py
[2023-08-23T09:48:23.932+0000] {processor.py:753} INFO - DAG(s) dict_keys(['boaz_simple_etl']) retrieved from /opt/airflow/dags/boaz_simple_etl.py
[2023-08-23T09:48:23.956+0000] {logging_mixin.py:137} INFO - [2023-08-23T09:48:23.955+0000] {dag.py:2690} INFO - Sync 1 DAGs
[2023-08-23T09:48:23.975+0000] {logging_mixin.py:137} INFO - [2023-08-23T09:48:23.975+0000] {dag.py:3441} INFO - Setting next_dagrun for boaz_simple_etl to 2023-08-23T00:00:00+00:00, run_after=2023-08-24T00:00:00+00:00
[2023-08-23T09:48:23.987+0000] {processor.py:175} INFO - Processing /opt/airflow/dags/boaz_simple_etl.py took 0.145 seconds
[2023-08-23T09:48:54.619+0000] {processor.py:153} INFO - Started process (PID=4373) to work on /opt/airflow/dags/boaz_simple_etl.py
[2023-08-23T09:48:54.620+0000] {processor.py:743} INFO - Processing file /opt/airflow/dags/boaz_simple_etl.py for tasks to queue
[2023-08-23T09:48:54.621+0000] {logging_mixin.py:137} INFO - [2023-08-23T09:48:54.621+0000] {dagbag.py:538} INFO - Filling up the DagBag from /opt/airflow/dags/boaz_simple_etl.py
[2023-08-23T09:48:54.702+0000] {processor.py:753} INFO - DAG(s) dict_keys(['boaz_simple_etl']) retrieved from /opt/airflow/dags/boaz_simple_etl.py
[2023-08-23T09:48:54.725+0000] {logging_mixin.py:137} INFO - [2023-08-23T09:48:54.725+0000] {dag.py:2690} INFO - Sync 1 DAGs
[2023-08-23T09:48:54.744+0000] {logging_mixin.py:137} INFO - [2023-08-23T09:48:54.744+0000] {dag.py:3441} INFO - Setting next_dagrun for boaz_simple_etl to 2023-08-23T00:00:00+00:00, run_after=2023-08-24T00:00:00+00:00
[2023-08-23T09:48:54.756+0000] {processor.py:175} INFO - Processing /opt/airflow/dags/boaz_simple_etl.py took 0.139 seconds
[2023-08-23T09:49:25.556+0000] {processor.py:153} INFO - Started process (PID=4453) to work on /opt/airflow/dags/boaz_simple_etl.py
[2023-08-23T09:49:25.557+0000] {processor.py:743} INFO - Processing file /opt/airflow/dags/boaz_simple_etl.py for tasks to queue
[2023-08-23T09:49:25.558+0000] {logging_mixin.py:137} INFO - [2023-08-23T09:49:25.558+0000] {dagbag.py:538} INFO - Filling up the DagBag from /opt/airflow/dags/boaz_simple_etl.py
[2023-08-23T09:49:25.643+0000] {processor.py:753} INFO - DAG(s) dict_keys(['boaz_simple_etl']) retrieved from /opt/airflow/dags/boaz_simple_etl.py
[2023-08-23T09:49:25.663+0000] {logging_mixin.py:137} INFO - [2023-08-23T09:49:25.663+0000] {dag.py:2690} INFO - Sync 1 DAGs
[2023-08-23T09:49:25.680+0000] {logging_mixin.py:137} INFO - [2023-08-23T09:49:25.680+0000] {dag.py:3441} INFO - Setting next_dagrun for boaz_simple_etl to 2023-08-23T00:00:00+00:00, run_after=2023-08-24T00:00:00+00:00
[2023-08-23T09:49:25.691+0000] {processor.py:175} INFO - Processing /opt/airflow/dags/boaz_simple_etl.py took 0.140 seconds
[2023-08-23T09:49:56.413+0000] {processor.py:153} INFO - Started process (PID=4520) to work on /opt/airflow/dags/boaz_simple_etl.py
[2023-08-23T09:49:56.414+0000] {processor.py:743} INFO - Processing file /opt/airflow/dags/boaz_simple_etl.py for tasks to queue
[2023-08-23T09:49:56.415+0000] {logging_mixin.py:137} INFO - [2023-08-23T09:49:56.415+0000] {dagbag.py:538} INFO - Filling up the DagBag from /opt/airflow/dags/boaz_simple_etl.py
[2023-08-23T09:49:56.505+0000] {processor.py:753} INFO - DAG(s) dict_keys(['boaz_simple_etl']) retrieved from /opt/airflow/dags/boaz_simple_etl.py
[2023-08-23T09:49:56.526+0000] {logging_mixin.py:137} INFO - [2023-08-23T09:49:56.526+0000] {dag.py:2690} INFO - Sync 1 DAGs
[2023-08-23T09:49:56.544+0000] {logging_mixin.py:137} INFO - [2023-08-23T09:49:56.544+0000] {dag.py:3441} INFO - Setting next_dagrun for boaz_simple_etl to 2023-08-23T00:00:00+00:00, run_after=2023-08-24T00:00:00+00:00
[2023-08-23T09:49:56.557+0000] {processor.py:175} INFO - Processing /opt/airflow/dags/boaz_simple_etl.py took 0.150 seconds
[2023-08-23T09:50:27.220+0000] {processor.py:153} INFO - Started process (PID=4600) to work on /opt/airflow/dags/boaz_simple_etl.py
[2023-08-23T09:50:27.221+0000] {processor.py:743} INFO - Processing file /opt/airflow/dags/boaz_simple_etl.py for tasks to queue
[2023-08-23T09:50:27.222+0000] {logging_mixin.py:137} INFO - [2023-08-23T09:50:27.222+0000] {dagbag.py:538} INFO - Filling up the DagBag from /opt/airflow/dags/boaz_simple_etl.py
[2023-08-23T09:50:27.306+0000] {processor.py:753} INFO - DAG(s) dict_keys(['boaz_simple_etl']) retrieved from /opt/airflow/dags/boaz_simple_etl.py
[2023-08-23T09:50:27.324+0000] {logging_mixin.py:137} INFO - [2023-08-23T09:50:27.324+0000] {dag.py:2690} INFO - Sync 1 DAGs
[2023-08-23T09:50:27.342+0000] {logging_mixin.py:137} INFO - [2023-08-23T09:50:27.342+0000] {dag.py:3441} INFO - Setting next_dagrun for boaz_simple_etl to 2023-08-23T00:00:00+00:00, run_after=2023-08-24T00:00:00+00:00
[2023-08-23T09:50:27.352+0000] {processor.py:175} INFO - Processing /opt/airflow/dags/boaz_simple_etl.py took 0.136 seconds
[2023-08-23T09:50:58.228+0000] {processor.py:153} INFO - Started process (PID=4680) to work on /opt/airflow/dags/boaz_simple_etl.py
[2023-08-23T09:50:58.229+0000] {processor.py:743} INFO - Processing file /opt/airflow/dags/boaz_simple_etl.py for tasks to queue
[2023-08-23T09:50:58.230+0000] {logging_mixin.py:137} INFO - [2023-08-23T09:50:58.230+0000] {dagbag.py:538} INFO - Filling up the DagBag from /opt/airflow/dags/boaz_simple_etl.py
[2023-08-23T09:50:58.311+0000] {processor.py:753} INFO - DAG(s) dict_keys(['boaz_simple_etl']) retrieved from /opt/airflow/dags/boaz_simple_etl.py
[2023-08-23T09:50:58.331+0000] {logging_mixin.py:137} INFO - [2023-08-23T09:50:58.330+0000] {dag.py:2690} INFO - Sync 1 DAGs
[2023-08-23T09:50:58.347+0000] {logging_mixin.py:137} INFO - [2023-08-23T09:50:58.347+0000] {dag.py:3441} INFO - Setting next_dagrun for boaz_simple_etl to 2023-08-23T00:00:00+00:00, run_after=2023-08-24T00:00:00+00:00
[2023-08-23T09:50:58.358+0000] {processor.py:175} INFO - Processing /opt/airflow/dags/boaz_simple_etl.py took 0.133 seconds
[2023-08-23T09:51:29.324+0000] {processor.py:153} INFO - Started process (PID=4756) to work on /opt/airflow/dags/boaz_simple_etl.py
[2023-08-23T09:51:29.324+0000] {processor.py:743} INFO - Processing file /opt/airflow/dags/boaz_simple_etl.py for tasks to queue
[2023-08-23T09:51:29.325+0000] {logging_mixin.py:137} INFO - [2023-08-23T09:51:29.325+0000] {dagbag.py:538} INFO - Filling up the DagBag from /opt/airflow/dags/boaz_simple_etl.py
[2023-08-23T09:51:29.403+0000] {processor.py:753} INFO - DAG(s) dict_keys(['boaz_simple_etl']) retrieved from /opt/airflow/dags/boaz_simple_etl.py
[2023-08-23T09:51:29.423+0000] {logging_mixin.py:137} INFO - [2023-08-23T09:51:29.422+0000] {dag.py:2690} INFO - Sync 1 DAGs
[2023-08-23T09:51:29.439+0000] {logging_mixin.py:137} INFO - [2023-08-23T09:51:29.439+0000] {dag.py:3441} INFO - Setting next_dagrun for boaz_simple_etl to 2023-08-23T00:00:00+00:00, run_after=2023-08-24T00:00:00+00:00
[2023-08-23T09:51:29.450+0000] {processor.py:175} INFO - Processing /opt/airflow/dags/boaz_simple_etl.py took 0.128 seconds
[2023-08-23T09:52:00.320+0000] {processor.py:153} INFO - Started process (PID=4827) to work on /opt/airflow/dags/boaz_simple_etl.py
[2023-08-23T09:52:00.321+0000] {processor.py:743} INFO - Processing file /opt/airflow/dags/boaz_simple_etl.py for tasks to queue
[2023-08-23T09:52:00.322+0000] {logging_mixin.py:137} INFO - [2023-08-23T09:52:00.322+0000] {dagbag.py:538} INFO - Filling up the DagBag from /opt/airflow/dags/boaz_simple_etl.py
[2023-08-23T09:52:00.410+0000] {processor.py:753} INFO - DAG(s) dict_keys(['boaz_simple_etl']) retrieved from /opt/airflow/dags/boaz_simple_etl.py
[2023-08-23T09:52:00.430+0000] {logging_mixin.py:137} INFO - [2023-08-23T09:52:00.429+0000] {dag.py:2690} INFO - Sync 1 DAGs
[2023-08-23T09:52:00.447+0000] {logging_mixin.py:137} INFO - [2023-08-23T09:52:00.447+0000] {dag.py:3441} INFO - Setting next_dagrun for boaz_simple_etl to 2023-08-23T00:00:00+00:00, run_after=2023-08-24T00:00:00+00:00
[2023-08-23T09:52:00.459+0000] {processor.py:175} INFO - Processing /opt/airflow/dags/boaz_simple_etl.py took 0.144 seconds
[2023-08-23T09:52:30.633+0000] {processor.py:153} INFO - Started process (PID=4908) to work on /opt/airflow/dags/boaz_simple_etl.py
[2023-08-23T09:52:30.634+0000] {processor.py:743} INFO - Processing file /opt/airflow/dags/boaz_simple_etl.py for tasks to queue
[2023-08-23T09:52:30.635+0000] {logging_mixin.py:137} INFO - [2023-08-23T09:52:30.635+0000] {dagbag.py:538} INFO - Filling up the DagBag from /opt/airflow/dags/boaz_simple_etl.py
[2023-08-23T09:52:30.726+0000] {processor.py:753} INFO - DAG(s) dict_keys(['boaz_simple_etl']) retrieved from /opt/airflow/dags/boaz_simple_etl.py
[2023-08-23T09:52:30.746+0000] {logging_mixin.py:137} INFO - [2023-08-23T09:52:30.745+0000] {dag.py:2690} INFO - Sync 1 DAGs
[2023-08-23T09:52:30.763+0000] {logging_mixin.py:137} INFO - [2023-08-23T09:52:30.762+0000] {dag.py:3441} INFO - Setting next_dagrun for boaz_simple_etl to 2023-08-23T00:00:00+00:00, run_after=2023-08-24T00:00:00+00:00
[2023-08-23T09:52:30.774+0000] {processor.py:175} INFO - Processing /opt/airflow/dags/boaz_simple_etl.py took 0.144 seconds
[2023-08-23T09:53:01.730+0000] {processor.py:153} INFO - Started process (PID=4984) to work on /opt/airflow/dags/boaz_simple_etl.py
[2023-08-23T09:53:01.731+0000] {processor.py:743} INFO - Processing file /opt/airflow/dags/boaz_simple_etl.py for tasks to queue
[2023-08-23T09:53:01.732+0000] {logging_mixin.py:137} INFO - [2023-08-23T09:53:01.731+0000] {dagbag.py:538} INFO - Filling up the DagBag from /opt/airflow/dags/boaz_simple_etl.py
[2023-08-23T09:53:01.813+0000] {processor.py:753} INFO - DAG(s) dict_keys(['boaz_simple_etl']) retrieved from /opt/airflow/dags/boaz_simple_etl.py
[2023-08-23T09:53:01.832+0000] {logging_mixin.py:137} INFO - [2023-08-23T09:53:01.831+0000] {dag.py:2690} INFO - Sync 1 DAGs
[2023-08-23T09:53:01.848+0000] {logging_mixin.py:137} INFO - [2023-08-23T09:53:01.848+0000] {dag.py:3441} INFO - Setting next_dagrun for boaz_simple_etl to 2023-08-23T00:00:00+00:00, run_after=2023-08-24T00:00:00+00:00
[2023-08-23T09:53:01.859+0000] {processor.py:175} INFO - Processing /opt/airflow/dags/boaz_simple_etl.py took 0.132 seconds
[2023-08-23T09:53:31.991+0000] {processor.py:153} INFO - Started process (PID=5055) to work on /opt/airflow/dags/boaz_simple_etl.py
[2023-08-23T09:53:31.992+0000] {processor.py:743} INFO - Processing file /opt/airflow/dags/boaz_simple_etl.py for tasks to queue
[2023-08-23T09:53:31.993+0000] {logging_mixin.py:137} INFO - [2023-08-23T09:53:31.993+0000] {dagbag.py:538} INFO - Filling up the DagBag from /opt/airflow/dags/boaz_simple_etl.py
[2023-08-23T09:53:32.079+0000] {processor.py:753} INFO - DAG(s) dict_keys(['boaz_simple_etl']) retrieved from /opt/airflow/dags/boaz_simple_etl.py
[2023-08-23T09:53:32.098+0000] {logging_mixin.py:137} INFO - [2023-08-23T09:53:32.097+0000] {dag.py:2690} INFO - Sync 1 DAGs
[2023-08-23T09:53:32.114+0000] {logging_mixin.py:137} INFO - [2023-08-23T09:53:32.114+0000] {dag.py:3441} INFO - Setting next_dagrun for boaz_simple_etl to 2023-08-23T00:00:00+00:00, run_after=2023-08-24T00:00:00+00:00
[2023-08-23T09:53:32.126+0000] {processor.py:175} INFO - Processing /opt/airflow/dags/boaz_simple_etl.py took 0.140 seconds
[2023-08-23T09:54:03.064+0000] {processor.py:153} INFO - Started process (PID=5135) to work on /opt/airflow/dags/boaz_simple_etl.py
[2023-08-23T09:54:03.065+0000] {processor.py:743} INFO - Processing file /opt/airflow/dags/boaz_simple_etl.py for tasks to queue
[2023-08-23T09:54:03.066+0000] {logging_mixin.py:137} INFO - [2023-08-23T09:54:03.066+0000] {dagbag.py:538} INFO - Filling up the DagBag from /opt/airflow/dags/boaz_simple_etl.py
[2023-08-23T09:54:03.152+0000] {processor.py:753} INFO - DAG(s) dict_keys(['boaz_simple_etl']) retrieved from /opt/airflow/dags/boaz_simple_etl.py
[2023-08-23T09:54:03.174+0000] {logging_mixin.py:137} INFO - [2023-08-23T09:54:03.174+0000] {dag.py:2690} INFO - Sync 1 DAGs
[2023-08-23T09:54:03.193+0000] {logging_mixin.py:137} INFO - [2023-08-23T09:54:03.193+0000] {dag.py:3441} INFO - Setting next_dagrun for boaz_simple_etl to 2023-08-23T00:00:00+00:00, run_after=2023-08-24T00:00:00+00:00
[2023-08-23T09:54:03.206+0000] {processor.py:175} INFO - Processing /opt/airflow/dags/boaz_simple_etl.py took 0.148 seconds
[2023-08-23T09:54:33.417+0000] {processor.py:153} INFO - Started process (PID=5211) to work on /opt/airflow/dags/boaz_simple_etl.py
[2023-08-23T09:54:33.418+0000] {processor.py:743} INFO - Processing file /opt/airflow/dags/boaz_simple_etl.py for tasks to queue
[2023-08-23T09:54:33.418+0000] {logging_mixin.py:137} INFO - [2023-08-23T09:54:33.418+0000] {dagbag.py:538} INFO - Filling up the DagBag from /opt/airflow/dags/boaz_simple_etl.py
[2023-08-23T09:54:33.499+0000] {processor.py:753} INFO - DAG(s) dict_keys(['boaz_simple_etl']) retrieved from /opt/airflow/dags/boaz_simple_etl.py
[2023-08-23T09:54:33.520+0000] {logging_mixin.py:137} INFO - [2023-08-23T09:54:33.520+0000] {dag.py:2690} INFO - Sync 1 DAGs
[2023-08-23T09:54:33.540+0000] {logging_mixin.py:137} INFO - [2023-08-23T09:54:33.540+0000] {dag.py:3441} INFO - Setting next_dagrun for boaz_simple_etl to 2023-08-23T00:00:00+00:00, run_after=2023-08-24T00:00:00+00:00
[2023-08-23T09:54:33.557+0000] {processor.py:175} INFO - Processing /opt/airflow/dags/boaz_simple_etl.py took 0.142 seconds
[2023-08-23T09:55:03.647+0000] {processor.py:153} INFO - Started process (PID=5282) to work on /opt/airflow/dags/boaz_simple_etl.py
[2023-08-23T09:55:03.648+0000] {processor.py:743} INFO - Processing file /opt/airflow/dags/boaz_simple_etl.py for tasks to queue
[2023-08-23T09:55:03.648+0000] {logging_mixin.py:137} INFO - [2023-08-23T09:55:03.648+0000] {dagbag.py:538} INFO - Filling up the DagBag from /opt/airflow/dags/boaz_simple_etl.py
[2023-08-23T09:55:03.727+0000] {processor.py:753} INFO - DAG(s) dict_keys(['boaz_simple_etl']) retrieved from /opt/airflow/dags/boaz_simple_etl.py
[2023-08-23T09:55:03.746+0000] {logging_mixin.py:137} INFO - [2023-08-23T09:55:03.746+0000] {dag.py:2690} INFO - Sync 1 DAGs
[2023-08-23T09:55:03.763+0000] {logging_mixin.py:137} INFO - [2023-08-23T09:55:03.763+0000] {dag.py:3441} INFO - Setting next_dagrun for boaz_simple_etl to 2023-08-23T00:00:00+00:00, run_after=2023-08-24T00:00:00+00:00
[2023-08-23T09:55:03.774+0000] {processor.py:175} INFO - Processing /opt/airflow/dags/boaz_simple_etl.py took 0.129 seconds
[2023-08-23T09:55:34.151+0000] {processor.py:153} INFO - Started process (PID=5361) to work on /opt/airflow/dags/boaz_simple_etl.py
[2023-08-23T09:55:34.153+0000] {processor.py:743} INFO - Processing file /opt/airflow/dags/boaz_simple_etl.py for tasks to queue
[2023-08-23T09:55:34.154+0000] {logging_mixin.py:137} INFO - [2023-08-23T09:55:34.153+0000] {dagbag.py:538} INFO - Filling up the DagBag from /opt/airflow/dags/boaz_simple_etl.py
[2023-08-23T09:55:34.240+0000] {processor.py:753} INFO - DAG(s) dict_keys(['boaz_simple_etl']) retrieved from /opt/airflow/dags/boaz_simple_etl.py
[2023-08-23T09:55:34.259+0000] {logging_mixin.py:137} INFO - [2023-08-23T09:55:34.259+0000] {dag.py:2690} INFO - Sync 1 DAGs
[2023-08-23T09:55:34.277+0000] {logging_mixin.py:137} INFO - [2023-08-23T09:55:34.277+0000] {dag.py:3441} INFO - Setting next_dagrun for boaz_simple_etl to 2023-08-23T00:00:00+00:00, run_after=2023-08-24T00:00:00+00:00
[2023-08-23T09:55:34.288+0000] {processor.py:175} INFO - Processing /opt/airflow/dags/boaz_simple_etl.py took 0.143 seconds
[2023-08-23T09:56:04.348+0000] {processor.py:153} INFO - Started process (PID=5428) to work on /opt/airflow/dags/boaz_simple_etl.py
[2023-08-23T09:56:04.349+0000] {processor.py:743} INFO - Processing file /opt/airflow/dags/boaz_simple_etl.py for tasks to queue
[2023-08-23T09:56:04.350+0000] {logging_mixin.py:137} INFO - [2023-08-23T09:56:04.349+0000] {dagbag.py:538} INFO - Filling up the DagBag from /opt/airflow/dags/boaz_simple_etl.py
[2023-08-23T09:56:04.439+0000] {processor.py:753} INFO - DAG(s) dict_keys(['boaz_simple_etl']) retrieved from /opt/airflow/dags/boaz_simple_etl.py
[2023-08-23T09:56:04.461+0000] {logging_mixin.py:137} INFO - [2023-08-23T09:56:04.460+0000] {dag.py:2690} INFO - Sync 1 DAGs
[2023-08-23T09:56:04.480+0000] {logging_mixin.py:137} INFO - [2023-08-23T09:56:04.480+0000] {dag.py:3441} INFO - Setting next_dagrun for boaz_simple_etl to 2023-08-23T00:00:00+00:00, run_after=2023-08-24T00:00:00+00:00
[2023-08-23T09:56:04.493+0000] {processor.py:175} INFO - Processing /opt/airflow/dags/boaz_simple_etl.py took 0.148 seconds
[2023-08-23T09:56:34.653+0000] {processor.py:153} INFO - Started process (PID=5508) to work on /opt/airflow/dags/boaz_simple_etl.py
[2023-08-23T09:56:34.654+0000] {processor.py:743} INFO - Processing file /opt/airflow/dags/boaz_simple_etl.py for tasks to queue
[2023-08-23T09:56:34.655+0000] {logging_mixin.py:137} INFO - [2023-08-23T09:56:34.655+0000] {dagbag.py:538} INFO - Filling up the DagBag from /opt/airflow/dags/boaz_simple_etl.py
[2023-08-23T09:56:34.740+0000] {processor.py:753} INFO - DAG(s) dict_keys(['boaz_simple_etl']) retrieved from /opt/airflow/dags/boaz_simple_etl.py
[2023-08-23T09:56:34.760+0000] {logging_mixin.py:137} INFO - [2023-08-23T09:56:34.759+0000] {dag.py:2690} INFO - Sync 1 DAGs
[2023-08-23T09:56:34.776+0000] {logging_mixin.py:137} INFO - [2023-08-23T09:56:34.776+0000] {dag.py:3441} INFO - Setting next_dagrun for boaz_simple_etl to 2023-08-23T00:00:00+00:00, run_after=2023-08-24T00:00:00+00:00
[2023-08-23T09:56:34.787+0000] {processor.py:175} INFO - Processing /opt/airflow/dags/boaz_simple_etl.py took 0.138 seconds
[2023-08-23T09:57:05.682+0000] {processor.py:153} INFO - Started process (PID=5588) to work on /opt/airflow/dags/boaz_simple_etl.py
[2023-08-23T09:57:05.683+0000] {processor.py:743} INFO - Processing file /opt/airflow/dags/boaz_simple_etl.py for tasks to queue
[2023-08-23T09:57:05.683+0000] {logging_mixin.py:137} INFO - [2023-08-23T09:57:05.683+0000] {dagbag.py:538} INFO - Filling up the DagBag from /opt/airflow/dags/boaz_simple_etl.py
[2023-08-23T09:57:05.766+0000] {processor.py:753} INFO - DAG(s) dict_keys(['boaz_simple_etl']) retrieved from /opt/airflow/dags/boaz_simple_etl.py
[2023-08-23T09:57:05.785+0000] {logging_mixin.py:137} INFO - [2023-08-23T09:57:05.785+0000] {dag.py:2690} INFO - Sync 1 DAGs
[2023-08-23T09:57:05.802+0000] {logging_mixin.py:137} INFO - [2023-08-23T09:57:05.802+0000] {dag.py:3441} INFO - Setting next_dagrun for boaz_simple_etl to 2023-08-23T00:00:00+00:00, run_after=2023-08-24T00:00:00+00:00
[2023-08-23T09:57:05.814+0000] {processor.py:175} INFO - Processing /opt/airflow/dags/boaz_simple_etl.py took 0.137 seconds
[2023-08-23T09:57:36.019+0000] {processor.py:153} INFO - Started process (PID=5655) to work on /opt/airflow/dags/boaz_simple_etl.py
[2023-08-23T09:57:36.023+0000] {processor.py:743} INFO - Processing file /opt/airflow/dags/boaz_simple_etl.py for tasks to queue
[2023-08-23T09:57:36.024+0000] {logging_mixin.py:137} INFO - [2023-08-23T09:57:36.023+0000] {dagbag.py:538} INFO - Filling up the DagBag from /opt/airflow/dags/boaz_simple_etl.py
[2023-08-23T09:57:36.107+0000] {processor.py:753} INFO - DAG(s) dict_keys(['boaz_simple_etl']) retrieved from /opt/airflow/dags/boaz_simple_etl.py
[2023-08-23T09:57:36.126+0000] {logging_mixin.py:137} INFO - [2023-08-23T09:57:36.126+0000] {dag.py:2690} INFO - Sync 1 DAGs
[2023-08-23T09:57:36.143+0000] {logging_mixin.py:137} INFO - [2023-08-23T09:57:36.143+0000] {dag.py:3441} INFO - Setting next_dagrun for boaz_simple_etl to 2023-08-23T00:00:00+00:00, run_after=2023-08-24T00:00:00+00:00
[2023-08-23T09:57:36.155+0000] {processor.py:175} INFO - Processing /opt/airflow/dags/boaz_simple_etl.py took 0.138 seconds
[2023-08-23T09:58:06.300+0000] {processor.py:153} INFO - Started process (PID=5735) to work on /opt/airflow/dags/boaz_simple_etl.py
[2023-08-23T09:58:06.300+0000] {processor.py:743} INFO - Processing file /opt/airflow/dags/boaz_simple_etl.py for tasks to queue
[2023-08-23T09:58:06.301+0000] {logging_mixin.py:137} INFO - [2023-08-23T09:58:06.301+0000] {dagbag.py:538} INFO - Filling up the DagBag from /opt/airflow/dags/boaz_simple_etl.py
[2023-08-23T09:58:06.379+0000] {processor.py:753} INFO - DAG(s) dict_keys(['boaz_simple_etl']) retrieved from /opt/airflow/dags/boaz_simple_etl.py
[2023-08-23T09:58:06.399+0000] {logging_mixin.py:137} INFO - [2023-08-23T09:58:06.399+0000] {dag.py:2690} INFO - Sync 1 DAGs
[2023-08-23T09:58:06.416+0000] {logging_mixin.py:137} INFO - [2023-08-23T09:58:06.416+0000] {dag.py:3441} INFO - Setting next_dagrun for boaz_simple_etl to 2023-08-23T00:00:00+00:00, run_after=2023-08-24T00:00:00+00:00
[2023-08-23T09:58:06.426+0000] {processor.py:175} INFO - Processing /opt/airflow/dags/boaz_simple_etl.py took 0.128 seconds
[2023-08-23T09:58:37.440+0000] {processor.py:153} INFO - Started process (PID=5815) to work on /opt/airflow/dags/boaz_simple_etl.py
[2023-08-23T09:58:37.442+0000] {processor.py:743} INFO - Processing file /opt/airflow/dags/boaz_simple_etl.py for tasks to queue
[2023-08-23T09:58:37.443+0000] {logging_mixin.py:137} INFO - [2023-08-23T09:58:37.443+0000] {dagbag.py:538} INFO - Filling up the DagBag from /opt/airflow/dags/boaz_simple_etl.py
[2023-08-23T09:58:37.531+0000] {processor.py:753} INFO - DAG(s) dict_keys(['boaz_simple_etl']) retrieved from /opt/airflow/dags/boaz_simple_etl.py
[2023-08-23T09:58:37.550+0000] {logging_mixin.py:137} INFO - [2023-08-23T09:58:37.549+0000] {dag.py:2690} INFO - Sync 1 DAGs
[2023-08-23T09:58:37.568+0000] {logging_mixin.py:137} INFO - [2023-08-23T09:58:37.568+0000] {dag.py:3441} INFO - Setting next_dagrun for boaz_simple_etl to 2023-08-23T00:00:00+00:00, run_after=2023-08-24T00:00:00+00:00
[2023-08-23T09:58:37.580+0000] {processor.py:175} INFO - Processing /opt/airflow/dags/boaz_simple_etl.py took 0.145 seconds
[2023-08-23T09:59:08.578+0000] {processor.py:153} INFO - Started process (PID=5882) to work on /opt/airflow/dags/boaz_simple_etl.py
[2023-08-23T09:59:08.579+0000] {processor.py:743} INFO - Processing file /opt/airflow/dags/boaz_simple_etl.py for tasks to queue
[2023-08-23T09:59:08.580+0000] {logging_mixin.py:137} INFO - [2023-08-23T09:59:08.580+0000] {dagbag.py:538} INFO - Filling up the DagBag from /opt/airflow/dags/boaz_simple_etl.py
[2023-08-23T09:59:08.659+0000] {processor.py:753} INFO - DAG(s) dict_keys(['boaz_simple_etl']) retrieved from /opt/airflow/dags/boaz_simple_etl.py
[2023-08-23T09:59:08.680+0000] {logging_mixin.py:137} INFO - [2023-08-23T09:59:08.680+0000] {dag.py:2690} INFO - Sync 1 DAGs
[2023-08-23T09:59:08.699+0000] {logging_mixin.py:137} INFO - [2023-08-23T09:59:08.699+0000] {dag.py:3441} INFO - Setting next_dagrun for boaz_simple_etl to 2023-08-23T00:00:00+00:00, run_after=2023-08-24T00:00:00+00:00
[2023-08-23T09:59:08.710+0000] {processor.py:175} INFO - Processing /opt/airflow/dags/boaz_simple_etl.py took 0.134 seconds
[2023-08-23T09:59:38.916+0000] {processor.py:153} INFO - Started process (PID=5962) to work on /opt/airflow/dags/boaz_simple_etl.py
[2023-08-23T09:59:38.917+0000] {processor.py:743} INFO - Processing file /opt/airflow/dags/boaz_simple_etl.py for tasks to queue
[2023-08-23T09:59:38.917+0000] {logging_mixin.py:137} INFO - [2023-08-23T09:59:38.917+0000] {dagbag.py:538} INFO - Filling up the DagBag from /opt/airflow/dags/boaz_simple_etl.py
[2023-08-23T09:59:38.999+0000] {processor.py:753} INFO - DAG(s) dict_keys(['boaz_simple_etl']) retrieved from /opt/airflow/dags/boaz_simple_etl.py
[2023-08-23T09:59:39.019+0000] {logging_mixin.py:137} INFO - [2023-08-23T09:59:39.018+0000] {dag.py:2690} INFO - Sync 1 DAGs
[2023-08-23T09:59:39.037+0000] {logging_mixin.py:137} INFO - [2023-08-23T09:59:39.037+0000] {dag.py:3441} INFO - Setting next_dagrun for boaz_simple_etl to 2023-08-23T00:00:00+00:00, run_after=2023-08-24T00:00:00+00:00
[2023-08-23T09:59:39.049+0000] {processor.py:175} INFO - Processing /opt/airflow/dags/boaz_simple_etl.py took 0.136 seconds
[2023-08-23T10:00:10.049+0000] {processor.py:153} INFO - Started process (PID=6042) to work on /opt/airflow/dags/boaz_simple_etl.py
[2023-08-23T10:00:10.050+0000] {processor.py:743} INFO - Processing file /opt/airflow/dags/boaz_simple_etl.py for tasks to queue
[2023-08-23T10:00:10.051+0000] {logging_mixin.py:137} INFO - [2023-08-23T10:00:10.051+0000] {dagbag.py:538} INFO - Filling up the DagBag from /opt/airflow/dags/boaz_simple_etl.py
[2023-08-23T10:00:10.133+0000] {processor.py:753} INFO - DAG(s) dict_keys(['boaz_simple_etl']) retrieved from /opt/airflow/dags/boaz_simple_etl.py
[2023-08-23T10:00:10.152+0000] {logging_mixin.py:137} INFO - [2023-08-23T10:00:10.152+0000] {dag.py:2690} INFO - Sync 1 DAGs
[2023-08-23T10:00:10.169+0000] {logging_mixin.py:137} INFO - [2023-08-23T10:00:10.169+0000] {dag.py:3441} INFO - Setting next_dagrun for boaz_simple_etl to 2023-08-23T00:00:00+00:00, run_after=2023-08-24T00:00:00+00:00
[2023-08-23T10:00:10.180+0000] {processor.py:175} INFO - Processing /opt/airflow/dags/boaz_simple_etl.py took 0.134 seconds
[2023-08-23T10:00:40.564+0000] {processor.py:153} INFO - Started process (PID=6109) to work on /opt/airflow/dags/boaz_simple_etl.py
[2023-08-23T10:00:40.565+0000] {processor.py:743} INFO - Processing file /opt/airflow/dags/boaz_simple_etl.py for tasks to queue
[2023-08-23T10:00:40.566+0000] {logging_mixin.py:137} INFO - [2023-08-23T10:00:40.566+0000] {dagbag.py:538} INFO - Filling up the DagBag from /opt/airflow/dags/boaz_simple_etl.py
[2023-08-23T10:00:40.647+0000] {processor.py:753} INFO - DAG(s) dict_keys(['boaz_simple_etl']) retrieved from /opt/airflow/dags/boaz_simple_etl.py
[2023-08-23T10:00:40.667+0000] {logging_mixin.py:137} INFO - [2023-08-23T10:00:40.667+0000] {dag.py:2690} INFO - Sync 1 DAGs
[2023-08-23T10:00:40.684+0000] {logging_mixin.py:137} INFO - [2023-08-23T10:00:40.683+0000] {dag.py:3441} INFO - Setting next_dagrun for boaz_simple_etl to 2023-08-23T00:00:00+00:00, run_after=2023-08-24T00:00:00+00:00
[2023-08-23T10:00:40.696+0000] {processor.py:175} INFO - Processing /opt/airflow/dags/boaz_simple_etl.py took 0.134 seconds
[2023-08-23T10:01:11.673+0000] {processor.py:153} INFO - Started process (PID=6189) to work on /opt/airflow/dags/boaz_simple_etl.py
[2023-08-23T10:01:11.675+0000] {processor.py:743} INFO - Processing file /opt/airflow/dags/boaz_simple_etl.py for tasks to queue
[2023-08-23T10:01:11.676+0000] {logging_mixin.py:137} INFO - [2023-08-23T10:01:11.676+0000] {dagbag.py:538} INFO - Filling up the DagBag from /opt/airflow/dags/boaz_simple_etl.py
[2023-08-23T10:01:11.761+0000] {processor.py:753} INFO - DAG(s) dict_keys(['boaz_simple_etl']) retrieved from /opt/airflow/dags/boaz_simple_etl.py
[2023-08-23T10:01:11.779+0000] {logging_mixin.py:137} INFO - [2023-08-23T10:01:11.779+0000] {dag.py:2690} INFO - Sync 1 DAGs
[2023-08-23T10:01:11.797+0000] {logging_mixin.py:137} INFO - [2023-08-23T10:01:11.797+0000] {dag.py:3441} INFO - Setting next_dagrun for boaz_simple_etl to 2023-08-23T00:00:00+00:00, run_after=2023-08-24T00:00:00+00:00
[2023-08-23T10:01:11.808+0000] {processor.py:175} INFO - Processing /opt/airflow/dags/boaz_simple_etl.py took 0.140 seconds
[2023-08-23T10:01:42.834+0000] {processor.py:153} INFO - Started process (PID=6269) to work on /opt/airflow/dags/boaz_simple_etl.py
[2023-08-23T10:01:42.836+0000] {processor.py:743} INFO - Processing file /opt/airflow/dags/boaz_simple_etl.py for tasks to queue
[2023-08-23T10:01:42.837+0000] {logging_mixin.py:137} INFO - [2023-08-23T10:01:42.837+0000] {dagbag.py:538} INFO - Filling up the DagBag from /opt/airflow/dags/boaz_simple_etl.py
[2023-08-23T10:01:42.923+0000] {processor.py:753} INFO - DAG(s) dict_keys(['boaz_simple_etl']) retrieved from /opt/airflow/dags/boaz_simple_etl.py
[2023-08-23T10:01:42.943+0000] {logging_mixin.py:137} INFO - [2023-08-23T10:01:42.942+0000] {dag.py:2690} INFO - Sync 1 DAGs
[2023-08-23T10:01:42.959+0000] {logging_mixin.py:137} INFO - [2023-08-23T10:01:42.959+0000] {dag.py:3441} INFO - Setting next_dagrun for boaz_simple_etl to 2023-08-23T00:00:00+00:00, run_after=2023-08-24T00:00:00+00:00
[2023-08-23T10:01:42.971+0000] {processor.py:175} INFO - Processing /opt/airflow/dags/boaz_simple_etl.py took 0.142 seconds
[2023-08-23T10:02:13.263+0000] {processor.py:153} INFO - Started process (PID=6336) to work on /opt/airflow/dags/boaz_simple_etl.py
[2023-08-23T10:02:13.264+0000] {processor.py:743} INFO - Processing file /opt/airflow/dags/boaz_simple_etl.py for tasks to queue
[2023-08-23T10:02:13.265+0000] {logging_mixin.py:137} INFO - [2023-08-23T10:02:13.265+0000] {dagbag.py:538} INFO - Filling up the DagBag from /opt/airflow/dags/boaz_simple_etl.py
[2023-08-23T10:02:13.362+0000] {processor.py:753} INFO - DAG(s) dict_keys(['boaz_simple_etl']) retrieved from /opt/airflow/dags/boaz_simple_etl.py
[2023-08-23T10:02:13.388+0000] {logging_mixin.py:137} INFO - [2023-08-23T10:02:13.388+0000] {dag.py:2690} INFO - Sync 1 DAGs
[2023-08-23T10:02:13.408+0000] {logging_mixin.py:137} INFO - [2023-08-23T10:02:13.408+0000] {dag.py:3441} INFO - Setting next_dagrun for boaz_simple_etl to 2023-08-23T00:00:00+00:00, run_after=2023-08-24T00:00:00+00:00
[2023-08-23T10:02:13.419+0000] {processor.py:175} INFO - Processing /opt/airflow/dags/boaz_simple_etl.py took 0.160 seconds
[2023-08-23T10:02:44.402+0000] {processor.py:153} INFO - Started process (PID=6416) to work on /opt/airflow/dags/boaz_simple_etl.py
[2023-08-23T10:02:44.403+0000] {processor.py:743} INFO - Processing file /opt/airflow/dags/boaz_simple_etl.py for tasks to queue
[2023-08-23T10:02:44.404+0000] {logging_mixin.py:137} INFO - [2023-08-23T10:02:44.404+0000] {dagbag.py:538} INFO - Filling up the DagBag from /opt/airflow/dags/boaz_simple_etl.py
[2023-08-23T10:02:44.493+0000] {processor.py:753} INFO - DAG(s) dict_keys(['boaz_simple_etl']) retrieved from /opt/airflow/dags/boaz_simple_etl.py
[2023-08-23T10:02:44.513+0000] {logging_mixin.py:137} INFO - [2023-08-23T10:02:44.513+0000] {dag.py:2690} INFO - Sync 1 DAGs
[2023-08-23T10:02:44.530+0000] {logging_mixin.py:137} INFO - [2023-08-23T10:02:44.530+0000] {dag.py:3441} INFO - Setting next_dagrun for boaz_simple_etl to 2023-08-23T00:00:00+00:00, run_after=2023-08-24T00:00:00+00:00
[2023-08-23T10:02:44.542+0000] {processor.py:175} INFO - Processing /opt/airflow/dags/boaz_simple_etl.py took 0.145 seconds
[2023-08-23T10:03:14.624+0000] {processor.py:153} INFO - Started process (PID=6496) to work on /opt/airflow/dags/boaz_simple_etl.py
[2023-08-23T10:03:14.625+0000] {processor.py:743} INFO - Processing file /opt/airflow/dags/boaz_simple_etl.py for tasks to queue
[2023-08-23T10:03:14.625+0000] {logging_mixin.py:137} INFO - [2023-08-23T10:03:14.625+0000] {dagbag.py:538} INFO - Filling up the DagBag from /opt/airflow/dags/boaz_simple_etl.py
[2023-08-23T10:03:14.707+0000] {processor.py:753} INFO - DAG(s) dict_keys(['boaz_simple_etl']) retrieved from /opt/airflow/dags/boaz_simple_etl.py
[2023-08-23T10:03:14.727+0000] {logging_mixin.py:137} INFO - [2023-08-23T10:03:14.727+0000] {dag.py:2690} INFO - Sync 1 DAGs
[2023-08-23T10:03:14.745+0000] {logging_mixin.py:137} INFO - [2023-08-23T10:03:14.745+0000] {dag.py:3441} INFO - Setting next_dagrun for boaz_simple_etl to 2023-08-23T00:00:00+00:00, run_after=2023-08-24T00:00:00+00:00
[2023-08-23T10:03:14.756+0000] {processor.py:175} INFO - Processing /opt/airflow/dags/boaz_simple_etl.py took 0.134 seconds
[2023-08-23T10:03:44.859+0000] {processor.py:153} INFO - Started process (PID=6563) to work on /opt/airflow/dags/boaz_simple_etl.py
[2023-08-23T10:03:44.859+0000] {processor.py:743} INFO - Processing file /opt/airflow/dags/boaz_simple_etl.py for tasks to queue
[2023-08-23T10:03:44.860+0000] {logging_mixin.py:137} INFO - [2023-08-23T10:03:44.860+0000] {dagbag.py:538} INFO - Filling up the DagBag from /opt/airflow/dags/boaz_simple_etl.py
[2023-08-23T10:03:44.946+0000] {processor.py:753} INFO - DAG(s) dict_keys(['boaz_simple_etl']) retrieved from /opt/airflow/dags/boaz_simple_etl.py
[2023-08-23T10:03:44.965+0000] {logging_mixin.py:137} INFO - [2023-08-23T10:03:44.965+0000] {dag.py:2690} INFO - Sync 1 DAGs
[2023-08-23T10:03:44.982+0000] {logging_mixin.py:137} INFO - [2023-08-23T10:03:44.982+0000] {dag.py:3441} INFO - Setting next_dagrun for boaz_simple_etl to 2023-08-23T00:00:00+00:00, run_after=2023-08-24T00:00:00+00:00
[2023-08-23T10:03:44.993+0000] {processor.py:175} INFO - Processing /opt/airflow/dags/boaz_simple_etl.py took 0.136 seconds
[2023-08-23T10:04:15.053+0000] {processor.py:153} INFO - Started process (PID=6643) to work on /opt/airflow/dags/boaz_simple_etl.py
[2023-08-23T10:04:15.054+0000] {processor.py:743} INFO - Processing file /opt/airflow/dags/boaz_simple_etl.py for tasks to queue
[2023-08-23T10:04:15.054+0000] {logging_mixin.py:137} INFO - [2023-08-23T10:04:15.054+0000] {dagbag.py:538} INFO - Filling up the DagBag from /opt/airflow/dags/boaz_simple_etl.py
[2023-08-23T10:04:15.132+0000] {processor.py:753} INFO - DAG(s) dict_keys(['boaz_simple_etl']) retrieved from /opt/airflow/dags/boaz_simple_etl.py
[2023-08-23T10:04:15.151+0000] {logging_mixin.py:137} INFO - [2023-08-23T10:04:15.151+0000] {dag.py:2690} INFO - Sync 1 DAGs
[2023-08-23T10:04:15.167+0000] {logging_mixin.py:137} INFO - [2023-08-23T10:04:15.167+0000] {dag.py:3441} INFO - Setting next_dagrun for boaz_simple_etl to 2023-08-23T00:00:00+00:00, run_after=2023-08-24T00:00:00+00:00
[2023-08-23T10:04:15.178+0000] {processor.py:175} INFO - Processing /opt/airflow/dags/boaz_simple_etl.py took 0.128 seconds
[2023-08-23T10:04:46.115+0000] {processor.py:153} INFO - Started process (PID=6723) to work on /opt/airflow/dags/boaz_simple_etl.py
[2023-08-23T10:04:46.116+0000] {processor.py:743} INFO - Processing file /opt/airflow/dags/boaz_simple_etl.py for tasks to queue
[2023-08-23T10:04:46.116+0000] {logging_mixin.py:137} INFO - [2023-08-23T10:04:46.116+0000] {dagbag.py:538} INFO - Filling up the DagBag from /opt/airflow/dags/boaz_simple_etl.py
[2023-08-23T10:04:46.198+0000] {processor.py:753} INFO - DAG(s) dict_keys(['boaz_simple_etl']) retrieved from /opt/airflow/dags/boaz_simple_etl.py
[2023-08-23T10:04:46.217+0000] {logging_mixin.py:137} INFO - [2023-08-23T10:04:46.217+0000] {dag.py:2690} INFO - Sync 1 DAGs
[2023-08-23T10:04:46.235+0000] {logging_mixin.py:137} INFO - [2023-08-23T10:04:46.235+0000] {dag.py:3441} INFO - Setting next_dagrun for boaz_simple_etl to 2023-08-23T00:00:00+00:00, run_after=2023-08-24T00:00:00+00:00
[2023-08-23T10:04:46.247+0000] {processor.py:175} INFO - Processing /opt/airflow/dags/boaz_simple_etl.py took 0.135 seconds
[2023-08-23T10:05:17.263+0000] {processor.py:153} INFO - Started process (PID=6791) to work on /opt/airflow/dags/boaz_simple_etl.py
[2023-08-23T10:05:17.263+0000] {processor.py:743} INFO - Processing file /opt/airflow/dags/boaz_simple_etl.py for tasks to queue
[2023-08-23T10:05:17.264+0000] {logging_mixin.py:137} INFO - [2023-08-23T10:05:17.264+0000] {dagbag.py:538} INFO - Filling up the DagBag from /opt/airflow/dags/boaz_simple_etl.py
[2023-08-23T10:05:17.345+0000] {processor.py:753} INFO - DAG(s) dict_keys(['boaz_simple_etl']) retrieved from /opt/airflow/dags/boaz_simple_etl.py
[2023-08-23T10:05:17.365+0000] {logging_mixin.py:137} INFO - [2023-08-23T10:05:17.364+0000] {dag.py:2690} INFO - Sync 1 DAGs
[2023-08-23T10:05:17.382+0000] {logging_mixin.py:137} INFO - [2023-08-23T10:05:17.381+0000] {dag.py:3441} INFO - Setting next_dagrun for boaz_simple_etl to 2023-08-23T00:00:00+00:00, run_after=2023-08-24T00:00:00+00:00
[2023-08-23T10:05:17.393+0000] {processor.py:175} INFO - Processing /opt/airflow/dags/boaz_simple_etl.py took 0.132 seconds
[2023-08-23T10:05:47.480+0000] {processor.py:153} INFO - Started process (PID=6871) to work on /opt/airflow/dags/boaz_simple_etl.py
[2023-08-23T10:05:47.481+0000] {processor.py:743} INFO - Processing file /opt/airflow/dags/boaz_simple_etl.py for tasks to queue
[2023-08-23T10:05:47.482+0000] {logging_mixin.py:137} INFO - [2023-08-23T10:05:47.482+0000] {dagbag.py:538} INFO - Filling up the DagBag from /opt/airflow/dags/boaz_simple_etl.py
[2023-08-23T10:05:47.578+0000] {processor.py:753} INFO - DAG(s) dict_keys(['boaz_simple_etl']) retrieved from /opt/airflow/dags/boaz_simple_etl.py
[2023-08-23T10:05:47.599+0000] {logging_mixin.py:137} INFO - [2023-08-23T10:05:47.599+0000] {dag.py:2690} INFO - Sync 1 DAGs
[2023-08-23T10:05:47.617+0000] {logging_mixin.py:137} INFO - [2023-08-23T10:05:47.617+0000] {dag.py:3441} INFO - Setting next_dagrun for boaz_simple_etl to 2023-08-23T00:00:00+00:00, run_after=2023-08-24T00:00:00+00:00
[2023-08-23T10:05:47.629+0000] {processor.py:175} INFO - Processing /opt/airflow/dags/boaz_simple_etl.py took 0.154 seconds
[2023-08-23T10:06:17.647+0000] {processor.py:153} INFO - Started process (PID=6951) to work on /opt/airflow/dags/boaz_simple_etl.py
[2023-08-23T10:06:17.648+0000] {processor.py:743} INFO - Processing file /opt/airflow/dags/boaz_simple_etl.py for tasks to queue
[2023-08-23T10:06:17.649+0000] {logging_mixin.py:137} INFO - [2023-08-23T10:06:17.649+0000] {dagbag.py:538} INFO - Filling up the DagBag from /opt/airflow/dags/boaz_simple_etl.py
[2023-08-23T10:06:17.730+0000] {processor.py:753} INFO - DAG(s) dict_keys(['boaz_simple_etl']) retrieved from /opt/airflow/dags/boaz_simple_etl.py
[2023-08-23T10:06:17.752+0000] {logging_mixin.py:137} INFO - [2023-08-23T10:06:17.751+0000] {dag.py:2690} INFO - Sync 1 DAGs
[2023-08-23T10:06:17.769+0000] {logging_mixin.py:137} INFO - [2023-08-23T10:06:17.769+0000] {dag.py:3441} INFO - Setting next_dagrun for boaz_simple_etl to 2023-08-23T00:00:00+00:00, run_after=2023-08-24T00:00:00+00:00
[2023-08-23T10:06:17.781+0000] {processor.py:175} INFO - Processing /opt/airflow/dags/boaz_simple_etl.py took 0.137 seconds
[2023-08-23T10:06:47.931+0000] {processor.py:153} INFO - Started process (PID=7018) to work on /opt/airflow/dags/boaz_simple_etl.py
[2023-08-23T10:06:47.932+0000] {processor.py:743} INFO - Processing file /opt/airflow/dags/boaz_simple_etl.py for tasks to queue
[2023-08-23T10:06:47.933+0000] {logging_mixin.py:137} INFO - [2023-08-23T10:06:47.933+0000] {dagbag.py:538} INFO - Filling up the DagBag from /opt/airflow/dags/boaz_simple_etl.py
[2023-08-23T10:06:48.020+0000] {processor.py:753} INFO - DAG(s) dict_keys(['boaz_simple_etl']) retrieved from /opt/airflow/dags/boaz_simple_etl.py
[2023-08-23T10:06:48.041+0000] {logging_mixin.py:137} INFO - [2023-08-23T10:06:48.041+0000] {dag.py:2690} INFO - Sync 1 DAGs
[2023-08-23T10:06:48.061+0000] {logging_mixin.py:137} INFO - [2023-08-23T10:06:48.061+0000] {dag.py:3441} INFO - Setting next_dagrun for boaz_simple_etl to 2023-08-23T00:00:00+00:00, run_after=2023-08-24T00:00:00+00:00
[2023-08-23T10:06:48.074+0000] {processor.py:175} INFO - Processing /opt/airflow/dags/boaz_simple_etl.py took 0.148 seconds
[2023-08-23T10:07:19.033+0000] {processor.py:153} INFO - Started process (PID=7099) to work on /opt/airflow/dags/boaz_simple_etl.py
[2023-08-23T10:07:19.035+0000] {processor.py:743} INFO - Processing file /opt/airflow/dags/boaz_simple_etl.py for tasks to queue
[2023-08-23T10:07:19.036+0000] {logging_mixin.py:137} INFO - [2023-08-23T10:07:19.035+0000] {dagbag.py:538} INFO - Filling up the DagBag from /opt/airflow/dags/boaz_simple_etl.py
[2023-08-23T10:07:19.121+0000] {processor.py:753} INFO - DAG(s) dict_keys(['boaz_simple_etl']) retrieved from /opt/airflow/dags/boaz_simple_etl.py
[2023-08-23T10:07:19.141+0000] {logging_mixin.py:137} INFO - [2023-08-23T10:07:19.140+0000] {dag.py:2690} INFO - Sync 1 DAGs
[2023-08-23T10:07:19.157+0000] {logging_mixin.py:137} INFO - [2023-08-23T10:07:19.157+0000] {dag.py:3441} INFO - Setting next_dagrun for boaz_simple_etl to 2023-08-23T00:00:00+00:00, run_after=2023-08-24T00:00:00+00:00
[2023-08-23T10:07:19.169+0000] {processor.py:175} INFO - Processing /opt/airflow/dags/boaz_simple_etl.py took 0.140 seconds
[2023-08-23T10:07:49.286+0000] {processor.py:153} INFO - Started process (PID=7178) to work on /opt/airflow/dags/boaz_simple_etl.py
[2023-08-23T10:07:49.288+0000] {processor.py:743} INFO - Processing file /opt/airflow/dags/boaz_simple_etl.py for tasks to queue
[2023-08-23T10:07:49.289+0000] {logging_mixin.py:137} INFO - [2023-08-23T10:07:49.289+0000] {dagbag.py:538} INFO - Filling up the DagBag from /opt/airflow/dags/boaz_simple_etl.py
[2023-08-23T10:07:49.376+0000] {processor.py:753} INFO - DAG(s) dict_keys(['boaz_simple_etl']) retrieved from /opt/airflow/dags/boaz_simple_etl.py
[2023-08-23T10:07:49.395+0000] {logging_mixin.py:137} INFO - [2023-08-23T10:07:49.395+0000] {dag.py:2690} INFO - Sync 1 DAGs
[2023-08-23T10:07:49.412+0000] {logging_mixin.py:137} INFO - [2023-08-23T10:07:49.412+0000] {dag.py:3441} INFO - Setting next_dagrun for boaz_simple_etl to 2023-08-23T00:00:00+00:00, run_after=2023-08-24T00:00:00+00:00
[2023-08-23T10:07:49.423+0000] {processor.py:175} INFO - Processing /opt/airflow/dags/boaz_simple_etl.py took 0.143 seconds
[2023-08-23T10:08:19.544+0000] {processor.py:153} INFO - Started process (PID=7245) to work on /opt/airflow/dags/boaz_simple_etl.py
[2023-08-23T10:08:19.544+0000] {processor.py:743} INFO - Processing file /opt/airflow/dags/boaz_simple_etl.py for tasks to queue
[2023-08-23T10:08:19.545+0000] {logging_mixin.py:137} INFO - [2023-08-23T10:08:19.545+0000] {dagbag.py:538} INFO - Filling up the DagBag from /opt/airflow/dags/boaz_simple_etl.py
[2023-08-23T10:08:19.632+0000] {processor.py:753} INFO - DAG(s) dict_keys(['boaz_simple_etl']) retrieved from /opt/airflow/dags/boaz_simple_etl.py
[2023-08-23T10:08:19.652+0000] {logging_mixin.py:137} INFO - [2023-08-23T10:08:19.652+0000] {dag.py:2690} INFO - Sync 1 DAGs
[2023-08-23T10:08:19.673+0000] {logging_mixin.py:137} INFO - [2023-08-23T10:08:19.673+0000] {dag.py:3441} INFO - Setting next_dagrun for boaz_simple_etl to 2023-08-23T00:00:00+00:00, run_after=2023-08-24T00:00:00+00:00
[2023-08-23T10:08:19.685+0000] {processor.py:175} INFO - Processing /opt/airflow/dags/boaz_simple_etl.py took 0.144 seconds
[2023-08-23T10:09:47.095+0000] {processor.py:153} INFO - Started process (PID=7313) to work on /opt/airflow/dags/boaz_simple_etl.py
[2023-08-23T10:09:47.096+0000] {processor.py:743} INFO - Processing file /opt/airflow/dags/boaz_simple_etl.py for tasks to queue
[2023-08-23T10:09:47.097+0000] {logging_mixin.py:137} INFO - [2023-08-23T10:09:47.097+0000] {dagbag.py:538} INFO - Filling up the DagBag from /opt/airflow/dags/boaz_simple_etl.py
[2023-08-23T10:09:47.199+0000] {processor.py:753} INFO - DAG(s) dict_keys(['boaz_simple_etl']) retrieved from /opt/airflow/dags/boaz_simple_etl.py
[2023-08-23T10:09:47.221+0000] {logging_mixin.py:137} INFO - [2023-08-23T10:09:47.220+0000] {dag.py:2690} INFO - Sync 1 DAGs
[2023-08-23T10:09:47.240+0000] {logging_mixin.py:137} INFO - [2023-08-23T10:09:47.240+0000] {dag.py:3441} INFO - Setting next_dagrun for boaz_simple_etl to 2023-08-23T00:00:00+00:00, run_after=2023-08-24T00:00:00+00:00
[2023-08-23T10:09:47.251+0000] {processor.py:175} INFO - Processing /opt/airflow/dags/boaz_simple_etl.py took 0.159 seconds
[2023-08-23T10:10:18.133+0000] {processor.py:153} INFO - Started process (PID=7393) to work on /opt/airflow/dags/boaz_simple_etl.py
[2023-08-23T10:10:18.133+0000] {processor.py:743} INFO - Processing file /opt/airflow/dags/boaz_simple_etl.py for tasks to queue
[2023-08-23T10:10:18.134+0000] {logging_mixin.py:137} INFO - [2023-08-23T10:10:18.134+0000] {dagbag.py:538} INFO - Filling up the DagBag from /opt/airflow/dags/boaz_simple_etl.py
[2023-08-23T10:10:18.214+0000] {processor.py:753} INFO - DAG(s) dict_keys(['boaz_simple_etl']) retrieved from /opt/airflow/dags/boaz_simple_etl.py
[2023-08-23T10:10:18.233+0000] {logging_mixin.py:137} INFO - [2023-08-23T10:10:18.232+0000] {dag.py:2690} INFO - Sync 1 DAGs
[2023-08-23T10:10:18.250+0000] {logging_mixin.py:137} INFO - [2023-08-23T10:10:18.250+0000] {dag.py:3441} INFO - Setting next_dagrun for boaz_simple_etl to 2023-08-23T00:00:00+00:00, run_after=2023-08-24T00:00:00+00:00
[2023-08-23T10:10:18.261+0000] {processor.py:175} INFO - Processing /opt/airflow/dags/boaz_simple_etl.py took 0.131 seconds
[2023-08-23T10:10:48.464+0000] {processor.py:153} INFO - Started process (PID=7473) to work on /opt/airflow/dags/boaz_simple_etl.py
[2023-08-23T10:10:48.464+0000] {processor.py:743} INFO - Processing file /opt/airflow/dags/boaz_simple_etl.py for tasks to queue
[2023-08-23T10:10:48.465+0000] {logging_mixin.py:137} INFO - [2023-08-23T10:10:48.465+0000] {dagbag.py:538} INFO - Filling up the DagBag from /opt/airflow/dags/boaz_simple_etl.py
[2023-08-23T10:10:48.550+0000] {processor.py:753} INFO - DAG(s) dict_keys(['boaz_simple_etl']) retrieved from /opt/airflow/dags/boaz_simple_etl.py
[2023-08-23T10:10:48.569+0000] {logging_mixin.py:137} INFO - [2023-08-23T10:10:48.569+0000] {dag.py:2690} INFO - Sync 1 DAGs
[2023-08-23T10:10:48.587+0000] {logging_mixin.py:137} INFO - [2023-08-23T10:10:48.586+0000] {dag.py:3441} INFO - Setting next_dagrun for boaz_simple_etl to 2023-08-23T00:00:00+00:00, run_after=2023-08-24T00:00:00+00:00
[2023-08-23T10:10:48.598+0000] {processor.py:175} INFO - Processing /opt/airflow/dags/boaz_simple_etl.py took 0.137 seconds
[2023-08-23T10:11:19.607+0000] {processor.py:153} INFO - Started process (PID=7540) to work on /opt/airflow/dags/boaz_simple_etl.py
[2023-08-23T10:11:19.607+0000] {processor.py:743} INFO - Processing file /opt/airflow/dags/boaz_simple_etl.py for tasks to queue
[2023-08-23T10:11:19.608+0000] {logging_mixin.py:137} INFO - [2023-08-23T10:11:19.608+0000] {dagbag.py:538} INFO - Filling up the DagBag from /opt/airflow/dags/boaz_simple_etl.py
[2023-08-23T10:11:19.688+0000] {processor.py:753} INFO - DAG(s) dict_keys(['boaz_simple_etl']) retrieved from /opt/airflow/dags/boaz_simple_etl.py
[2023-08-23T10:11:19.708+0000] {logging_mixin.py:137} INFO - [2023-08-23T10:11:19.708+0000] {dag.py:2690} INFO - Sync 1 DAGs
[2023-08-23T10:11:19.729+0000] {logging_mixin.py:137} INFO - [2023-08-23T10:11:19.728+0000] {dag.py:3441} INFO - Setting next_dagrun for boaz_simple_etl to 2023-08-23T00:00:00+00:00, run_after=2023-08-24T00:00:00+00:00
[2023-08-23T10:11:19.740+0000] {processor.py:175} INFO - Processing /opt/airflow/dags/boaz_simple_etl.py took 0.136 seconds
[2023-08-23T10:11:50.708+0000] {processor.py:153} INFO - Started process (PID=7620) to work on /opt/airflow/dags/boaz_simple_etl.py
[2023-08-23T10:11:50.709+0000] {processor.py:743} INFO - Processing file /opt/airflow/dags/boaz_simple_etl.py for tasks to queue
[2023-08-23T10:11:50.710+0000] {logging_mixin.py:137} INFO - [2023-08-23T10:11:50.710+0000] {dagbag.py:538} INFO - Filling up the DagBag from /opt/airflow/dags/boaz_simple_etl.py
[2023-08-23T10:11:50.794+0000] {processor.py:753} INFO - DAG(s) dict_keys(['boaz_simple_etl']) retrieved from /opt/airflow/dags/boaz_simple_etl.py
[2023-08-23T10:11:50.813+0000] {logging_mixin.py:137} INFO - [2023-08-23T10:11:50.813+0000] {dag.py:2690} INFO - Sync 1 DAGs
[2023-08-23T10:11:50.831+0000] {logging_mixin.py:137} INFO - [2023-08-23T10:11:50.831+0000] {dag.py:3441} INFO - Setting next_dagrun for boaz_simple_etl to 2023-08-23T00:00:00+00:00, run_after=2023-08-24T00:00:00+00:00
[2023-08-23T10:11:50.843+0000] {processor.py:175} INFO - Processing /opt/airflow/dags/boaz_simple_etl.py took 0.139 seconds
[2023-08-23T10:12:21.844+0000] {processor.py:153} INFO - Started process (PID=7700) to work on /opt/airflow/dags/boaz_simple_etl.py
[2023-08-23T10:12:21.845+0000] {processor.py:743} INFO - Processing file /opt/airflow/dags/boaz_simple_etl.py for tasks to queue
[2023-08-23T10:12:21.846+0000] {logging_mixin.py:137} INFO - [2023-08-23T10:12:21.846+0000] {dagbag.py:538} INFO - Filling up the DagBag from /opt/airflow/dags/boaz_simple_etl.py
[2023-08-23T10:12:21.929+0000] {processor.py:753} INFO - DAG(s) dict_keys(['boaz_simple_etl']) retrieved from /opt/airflow/dags/boaz_simple_etl.py
[2023-08-23T10:12:21.947+0000] {logging_mixin.py:137} INFO - [2023-08-23T10:12:21.947+0000] {dag.py:2690} INFO - Sync 1 DAGs
[2023-08-23T10:12:21.964+0000] {logging_mixin.py:137} INFO - [2023-08-23T10:12:21.964+0000] {dag.py:3441} INFO - Setting next_dagrun for boaz_simple_etl to 2023-08-23T00:00:00+00:00, run_after=2023-08-24T00:00:00+00:00
[2023-08-23T10:12:21.976+0000] {processor.py:175} INFO - Processing /opt/airflow/dags/boaz_simple_etl.py took 0.136 seconds
[2023-08-23T10:12:52.210+0000] {processor.py:153} INFO - Started process (PID=7767) to work on /opt/airflow/dags/boaz_simple_etl.py
[2023-08-23T10:12:52.211+0000] {processor.py:743} INFO - Processing file /opt/airflow/dags/boaz_simple_etl.py for tasks to queue
[2023-08-23T10:12:52.212+0000] {logging_mixin.py:137} INFO - [2023-08-23T10:12:52.212+0000] {dagbag.py:538} INFO - Filling up the DagBag from /opt/airflow/dags/boaz_simple_etl.py
[2023-08-23T10:12:52.298+0000] {processor.py:753} INFO - DAG(s) dict_keys(['boaz_simple_etl']) retrieved from /opt/airflow/dags/boaz_simple_etl.py
[2023-08-23T10:12:52.319+0000] {logging_mixin.py:137} INFO - [2023-08-23T10:12:52.319+0000] {dag.py:2690} INFO - Sync 1 DAGs
[2023-08-23T10:12:52.341+0000] {logging_mixin.py:137} INFO - [2023-08-23T10:12:52.341+0000] {dag.py:3441} INFO - Setting next_dagrun for boaz_simple_etl to 2023-08-23T00:00:00+00:00, run_after=2023-08-24T00:00:00+00:00
[2023-08-23T10:12:52.355+0000] {processor.py:175} INFO - Processing /opt/airflow/dags/boaz_simple_etl.py took 0.148 seconds
[2023-08-23T10:13:22.434+0000] {processor.py:153} INFO - Started process (PID=7847) to work on /opt/airflow/dags/boaz_simple_etl.py
[2023-08-23T10:13:22.435+0000] {processor.py:743} INFO - Processing file /opt/airflow/dags/boaz_simple_etl.py for tasks to queue
[2023-08-23T10:13:22.435+0000] {logging_mixin.py:137} INFO - [2023-08-23T10:13:22.435+0000] {dagbag.py:538} INFO - Filling up the DagBag from /opt/airflow/dags/boaz_simple_etl.py
[2023-08-23T10:13:22.514+0000] {processor.py:753} INFO - DAG(s) dict_keys(['boaz_simple_etl']) retrieved from /opt/airflow/dags/boaz_simple_etl.py
[2023-08-23T10:13:22.532+0000] {logging_mixin.py:137} INFO - [2023-08-23T10:13:22.532+0000] {dag.py:2690} INFO - Sync 1 DAGs
[2023-08-23T10:13:22.551+0000] {logging_mixin.py:137} INFO - [2023-08-23T10:13:22.551+0000] {dag.py:3441} INFO - Setting next_dagrun for boaz_simple_etl to 2023-08-23T00:00:00+00:00, run_after=2023-08-24T00:00:00+00:00
[2023-08-23T10:13:22.563+0000] {processor.py:175} INFO - Processing /opt/airflow/dags/boaz_simple_etl.py took 0.131 seconds
[2023-08-23T10:13:53.560+0000] {processor.py:153} INFO - Started process (PID=7927) to work on /opt/airflow/dags/boaz_simple_etl.py
[2023-08-23T10:13:53.561+0000] {processor.py:743} INFO - Processing file /opt/airflow/dags/boaz_simple_etl.py for tasks to queue
[2023-08-23T10:13:53.562+0000] {logging_mixin.py:137} INFO - [2023-08-23T10:13:53.562+0000] {dagbag.py:538} INFO - Filling up the DagBag from /opt/airflow/dags/boaz_simple_etl.py
[2023-08-23T10:13:53.645+0000] {processor.py:753} INFO - DAG(s) dict_keys(['boaz_simple_etl']) retrieved from /opt/airflow/dags/boaz_simple_etl.py
[2023-08-23T10:13:53.665+0000] {logging_mixin.py:137} INFO - [2023-08-23T10:13:53.664+0000] {dag.py:2690} INFO - Sync 1 DAGs
[2023-08-23T10:13:53.681+0000] {logging_mixin.py:137} INFO - [2023-08-23T10:13:53.681+0000] {dag.py:3441} INFO - Setting next_dagrun for boaz_simple_etl to 2023-08-23T00:00:00+00:00, run_after=2023-08-24T00:00:00+00:00
[2023-08-23T10:13:53.693+0000] {processor.py:175} INFO - Processing /opt/airflow/dags/boaz_simple_etl.py took 0.137 seconds
[2023-08-23T10:14:23.780+0000] {processor.py:153} INFO - Started process (PID=7994) to work on /opt/airflow/dags/boaz_simple_etl.py
[2023-08-23T10:14:23.781+0000] {processor.py:743} INFO - Processing file /opt/airflow/dags/boaz_simple_etl.py for tasks to queue
[2023-08-23T10:14:23.782+0000] {logging_mixin.py:137} INFO - [2023-08-23T10:14:23.782+0000] {dagbag.py:538} INFO - Filling up the DagBag from /opt/airflow/dags/boaz_simple_etl.py
[2023-08-23T10:14:23.860+0000] {processor.py:753} INFO - DAG(s) dict_keys(['boaz_simple_etl']) retrieved from /opt/airflow/dags/boaz_simple_etl.py
[2023-08-23T10:14:23.878+0000] {logging_mixin.py:137} INFO - [2023-08-23T10:14:23.877+0000] {dag.py:2690} INFO - Sync 1 DAGs
[2023-08-23T10:14:23.894+0000] {logging_mixin.py:137} INFO - [2023-08-23T10:14:23.894+0000] {dag.py:3441} INFO - Setting next_dagrun for boaz_simple_etl to 2023-08-23T00:00:00+00:00, run_after=2023-08-24T00:00:00+00:00
[2023-08-23T10:14:23.906+0000] {processor.py:175} INFO - Processing /opt/airflow/dags/boaz_simple_etl.py took 0.128 seconds
[2023-08-23T10:14:54.041+0000] {processor.py:153} INFO - Started process (PID=8074) to work on /opt/airflow/dags/boaz_simple_etl.py
[2023-08-23T10:14:54.042+0000] {processor.py:743} INFO - Processing file /opt/airflow/dags/boaz_simple_etl.py for tasks to queue
[2023-08-23T10:14:54.043+0000] {logging_mixin.py:137} INFO - [2023-08-23T10:14:54.043+0000] {dagbag.py:538} INFO - Filling up the DagBag from /opt/airflow/dags/boaz_simple_etl.py
[2023-08-23T10:14:54.123+0000] {processor.py:753} INFO - DAG(s) dict_keys(['boaz_simple_etl']) retrieved from /opt/airflow/dags/boaz_simple_etl.py
[2023-08-23T10:14:54.142+0000] {logging_mixin.py:137} INFO - [2023-08-23T10:14:54.142+0000] {dag.py:2690} INFO - Sync 1 DAGs
[2023-08-23T10:14:54.160+0000] {logging_mixin.py:137} INFO - [2023-08-23T10:14:54.160+0000] {dag.py:3441} INFO - Setting next_dagrun for boaz_simple_etl to 2023-08-23T00:00:00+00:00, run_after=2023-08-24T00:00:00+00:00
[2023-08-23T10:14:54.171+0000] {processor.py:175} INFO - Processing /opt/airflow/dags/boaz_simple_etl.py took 0.133 seconds
