[2024-03-05T12:19:23.169+0000] {processor.py:153} INFO - Started process (PID=44) to work on /opt/airflow/dags/boaz_simple_etl.py
[2024-03-05T12:19:23.170+0000] {processor.py:743} INFO - Processing file /opt/airflow/dags/boaz_simple_etl.py for tasks to queue
[2024-03-05T12:19:23.171+0000] {logging_mixin.py:137} INFO - [2024-03-05T12:19:23.171+0000] {dagbag.py:538} INFO - Filling up the DagBag from /opt/airflow/dags/boaz_simple_etl.py
[2024-03-05T12:19:23.286+0000] {processor.py:753} INFO - DAG(s) dict_keys(['boaz_simple_etl']) retrieved from /opt/airflow/dags/boaz_simple_etl.py
[2024-03-05T12:19:23.311+0000] {logging_mixin.py:137} INFO - [2024-03-05T12:19:23.311+0000] {dag.py:2690} INFO - Sync 1 DAGs
[2024-03-05T12:19:23.327+0000] {logging_mixin.py:137} INFO - [2024-03-05T12:19:23.327+0000] {dag.py:3441} INFO - Setting next_dagrun for boaz_simple_etl to 2024-03-05T00:00:00+00:00, run_after=2024-03-06T00:00:00+00:00
[2024-03-05T12:19:23.340+0000] {processor.py:175} INFO - Processing /opt/airflow/dags/boaz_simple_etl.py took 0.173 seconds
[2024-03-05T12:19:53.959+0000] {processor.py:153} INFO - Started process (PID=146) to work on /opt/airflow/dags/boaz_simple_etl.py
[2024-03-05T12:19:53.960+0000] {processor.py:743} INFO - Processing file /opt/airflow/dags/boaz_simple_etl.py for tasks to queue
[2024-03-05T12:19:53.961+0000] {logging_mixin.py:137} INFO - [2024-03-05T12:19:53.961+0000] {dagbag.py:538} INFO - Filling up the DagBag from /opt/airflow/dags/boaz_simple_etl.py
[2024-03-05T12:19:54.040+0000] {processor.py:753} INFO - DAG(s) dict_keys(['boaz_simple_etl']) retrieved from /opt/airflow/dags/boaz_simple_etl.py
[2024-03-05T12:19:54.054+0000] {logging_mixin.py:137} INFO - [2024-03-05T12:19:54.053+0000] {dag.py:2690} INFO - Sync 1 DAGs
[2024-03-05T12:19:54.065+0000] {logging_mixin.py:137} INFO - [2024-03-05T12:19:54.065+0000] {dag.py:3441} INFO - Setting next_dagrun for boaz_simple_etl to 2024-03-05T00:00:00+00:00, run_after=2024-03-06T00:00:00+00:00
[2024-03-05T12:19:54.073+0000] {processor.py:175} INFO - Processing /opt/airflow/dags/boaz_simple_etl.py took 0.117 seconds
[2024-03-05T12:42:15.147+0000] {processor.py:153} INFO - Started process (PID=44) to work on /opt/airflow/dags/boaz_simple_etl.py
[2024-03-05T12:42:15.148+0000] {processor.py:743} INFO - Processing file /opt/airflow/dags/boaz_simple_etl.py for tasks to queue
[2024-03-05T12:42:15.150+0000] {logging_mixin.py:137} INFO - [2024-03-05T12:42:15.149+0000] {dagbag.py:538} INFO - Filling up the DagBag from /opt/airflow/dags/boaz_simple_etl.py
[2024-03-05T12:42:15.264+0000] {processor.py:753} INFO - DAG(s) dict_keys(['boaz_simple_etl']) retrieved from /opt/airflow/dags/boaz_simple_etl.py
[2024-03-05T12:42:15.319+0000] {logging_mixin.py:137} INFO - [2024-03-05T12:42:15.319+0000] {dag.py:2690} INFO - Sync 1 DAGs
[2024-03-05T12:42:15.335+0000] {logging_mixin.py:137} INFO - [2024-03-05T12:42:15.335+0000] {dag.py:3441} INFO - Setting next_dagrun for boaz_simple_etl to 2024-03-05T00:00:00+00:00, run_after=2024-03-06T00:00:00+00:00
[2024-03-05T12:42:15.349+0000] {processor.py:175} INFO - Processing /opt/airflow/dags/boaz_simple_etl.py took 0.208 seconds
[2024-03-05T12:42:45.496+0000] {processor.py:153} INFO - Started process (PID=139) to work on /opt/airflow/dags/boaz_simple_etl.py
[2024-03-05T12:42:45.498+0000] {processor.py:743} INFO - Processing file /opt/airflow/dags/boaz_simple_etl.py for tasks to queue
[2024-03-05T12:42:45.499+0000] {logging_mixin.py:137} INFO - [2024-03-05T12:42:45.499+0000] {dagbag.py:538} INFO - Filling up the DagBag from /opt/airflow/dags/boaz_simple_etl.py
[2024-03-05T12:42:45.660+0000] {processor.py:753} INFO - DAG(s) dict_keys(['boaz_simple_etl']) retrieved from /opt/airflow/dags/boaz_simple_etl.py
[2024-03-05T12:42:45.678+0000] {logging_mixin.py:137} INFO - [2024-03-05T12:42:45.677+0000] {dag.py:2690} INFO - Sync 1 DAGs
[2024-03-05T12:42:45.694+0000] {logging_mixin.py:137} INFO - [2024-03-05T12:42:45.693+0000] {dag.py:3441} INFO - Setting next_dagrun for boaz_simple_etl to 2024-03-05T00:00:00+00:00, run_after=2024-03-06T00:00:00+00:00
[2024-03-05T12:42:45.703+0000] {processor.py:175} INFO - Processing /opt/airflow/dags/boaz_simple_etl.py took 0.214 seconds
[2024-03-05T12:43:16.420+0000] {processor.py:153} INFO - Started process (PID=214) to work on /opt/airflow/dags/boaz_simple_etl.py
[2024-03-05T12:43:16.422+0000] {processor.py:743} INFO - Processing file /opt/airflow/dags/boaz_simple_etl.py for tasks to queue
[2024-03-05T12:43:16.424+0000] {logging_mixin.py:137} INFO - [2024-03-05T12:43:16.423+0000] {dagbag.py:538} INFO - Filling up the DagBag from /opt/airflow/dags/boaz_simple_etl.py
[2024-03-05T12:43:16.518+0000] {processor.py:753} INFO - DAG(s) dict_keys(['boaz_simple_etl']) retrieved from /opt/airflow/dags/boaz_simple_etl.py
[2024-03-05T12:43:16.534+0000] {logging_mixin.py:137} INFO - [2024-03-05T12:43:16.534+0000] {dag.py:2690} INFO - Sync 1 DAGs
[2024-03-05T12:43:16.547+0000] {logging_mixin.py:137} INFO - [2024-03-05T12:43:16.547+0000] {dag.py:3441} INFO - Setting next_dagrun for boaz_simple_etl to 2024-03-05T00:00:00+00:00, run_after=2024-03-06T00:00:00+00:00
[2024-03-05T12:43:16.555+0000] {processor.py:175} INFO - Processing /opt/airflow/dags/boaz_simple_etl.py took 0.143 seconds
[2024-03-05T12:43:47.164+0000] {processor.py:153} INFO - Started process (PID=308) to work on /opt/airflow/dags/boaz_simple_etl.py
[2024-03-05T12:43:47.166+0000] {processor.py:743} INFO - Processing file /opt/airflow/dags/boaz_simple_etl.py for tasks to queue
[2024-03-05T12:43:47.167+0000] {logging_mixin.py:137} INFO - [2024-03-05T12:43:47.167+0000] {dagbag.py:538} INFO - Filling up the DagBag from /opt/airflow/dags/boaz_simple_etl.py
[2024-03-05T12:43:47.258+0000] {processor.py:753} INFO - DAG(s) dict_keys(['boaz_simple_etl']) retrieved from /opt/airflow/dags/boaz_simple_etl.py
[2024-03-05T12:43:47.281+0000] {logging_mixin.py:137} INFO - [2024-03-05T12:43:47.281+0000] {dag.py:2690} INFO - Sync 1 DAGs
[2024-03-05T12:43:47.295+0000] {logging_mixin.py:137} INFO - [2024-03-05T12:43:47.295+0000] {dag.py:3441} INFO - Setting next_dagrun for boaz_simple_etl to 2024-03-05T00:00:00+00:00, run_after=2024-03-06T00:00:00+00:00
[2024-03-05T12:43:47.306+0000] {processor.py:175} INFO - Processing /opt/airflow/dags/boaz_simple_etl.py took 0.147 seconds
[2024-03-05T12:44:17.736+0000] {processor.py:153} INFO - Started process (PID=401) to work on /opt/airflow/dags/boaz_simple_etl.py
[2024-03-05T12:44:17.737+0000] {processor.py:743} INFO - Processing file /opt/airflow/dags/boaz_simple_etl.py for tasks to queue
[2024-03-05T12:44:17.739+0000] {logging_mixin.py:137} INFO - [2024-03-05T12:44:17.738+0000] {dagbag.py:538} INFO - Filling up the DagBag from /opt/airflow/dags/boaz_simple_etl.py
[2024-03-05T12:44:17.834+0000] {processor.py:753} INFO - DAG(s) dict_keys(['boaz_simple_etl']) retrieved from /opt/airflow/dags/boaz_simple_etl.py
[2024-03-05T12:44:17.849+0000] {logging_mixin.py:137} INFO - [2024-03-05T12:44:17.849+0000] {dag.py:2690} INFO - Sync 1 DAGs
[2024-03-05T12:44:17.864+0000] {logging_mixin.py:137} INFO - [2024-03-05T12:44:17.864+0000] {dag.py:3441} INFO - Setting next_dagrun for boaz_simple_etl to 2024-03-05T00:00:00+00:00, run_after=2024-03-06T00:00:00+00:00
[2024-03-05T12:44:17.874+0000] {processor.py:175} INFO - Processing /opt/airflow/dags/boaz_simple_etl.py took 0.144 seconds
[2024-03-05T12:44:48.141+0000] {processor.py:153} INFO - Started process (PID=486) to work on /opt/airflow/dags/boaz_simple_etl.py
[2024-03-05T12:44:48.141+0000] {processor.py:743} INFO - Processing file /opt/airflow/dags/boaz_simple_etl.py for tasks to queue
[2024-03-05T12:44:48.142+0000] {logging_mixin.py:137} INFO - [2024-03-05T12:44:48.142+0000] {dagbag.py:538} INFO - Filling up the DagBag from /opt/airflow/dags/boaz_simple_etl.py
[2024-03-05T12:44:48.263+0000] {processor.py:753} INFO - DAG(s) dict_keys(['boaz_simple_etl']) retrieved from /opt/airflow/dags/boaz_simple_etl.py
[2024-03-05T12:44:48.282+0000] {logging_mixin.py:137} INFO - [2024-03-05T12:44:48.281+0000] {dag.py:2690} INFO - Sync 1 DAGs
[2024-03-05T12:44:48.296+0000] {logging_mixin.py:137} INFO - [2024-03-05T12:44:48.295+0000] {dag.py:3441} INFO - Setting next_dagrun for boaz_simple_etl to 2024-03-05T00:00:00+00:00, run_after=2024-03-06T00:00:00+00:00
[2024-03-05T12:44:48.305+0000] {processor.py:175} INFO - Processing /opt/airflow/dags/boaz_simple_etl.py took 0.167 seconds
[2024-03-05T12:45:18.813+0000] {processor.py:153} INFO - Started process (PID=571) to work on /opt/airflow/dags/boaz_simple_etl.py
[2024-03-05T12:45:18.814+0000] {processor.py:743} INFO - Processing file /opt/airflow/dags/boaz_simple_etl.py for tasks to queue
[2024-03-05T12:45:18.815+0000] {logging_mixin.py:137} INFO - [2024-03-05T12:45:18.814+0000] {dagbag.py:538} INFO - Filling up the DagBag from /opt/airflow/dags/boaz_simple_etl.py
[2024-03-05T12:45:18.952+0000] {processor.py:753} INFO - DAG(s) dict_keys(['boaz_simple_etl']) retrieved from /opt/airflow/dags/boaz_simple_etl.py
[2024-03-05T12:45:18.969+0000] {logging_mixin.py:137} INFO - [2024-03-05T12:45:18.968+0000] {dag.py:2690} INFO - Sync 1 DAGs
[2024-03-05T12:45:18.982+0000] {logging_mixin.py:137} INFO - [2024-03-05T12:45:18.982+0000] {dag.py:3441} INFO - Setting next_dagrun for boaz_simple_etl to 2024-03-05T00:00:00+00:00, run_after=2024-03-06T00:00:00+00:00
[2024-03-05T12:45:18.992+0000] {processor.py:175} INFO - Processing /opt/airflow/dags/boaz_simple_etl.py took 0.182 seconds
[2024-03-05T12:45:49.427+0000] {processor.py:153} INFO - Started process (PID=665) to work on /opt/airflow/dags/boaz_simple_etl.py
[2024-03-05T12:45:49.428+0000] {processor.py:743} INFO - Processing file /opt/airflow/dags/boaz_simple_etl.py for tasks to queue
[2024-03-05T12:45:49.429+0000] {logging_mixin.py:137} INFO - [2024-03-05T12:45:49.429+0000] {dagbag.py:538} INFO - Filling up the DagBag from /opt/airflow/dags/boaz_simple_etl.py
[2024-03-05T12:45:49.515+0000] {processor.py:753} INFO - DAG(s) dict_keys(['boaz_simple_etl']) retrieved from /opt/airflow/dags/boaz_simple_etl.py
[2024-03-05T12:45:49.535+0000] {logging_mixin.py:137} INFO - [2024-03-05T12:45:49.535+0000] {dag.py:2690} INFO - Sync 1 DAGs
[2024-03-05T12:45:49.548+0000] {logging_mixin.py:137} INFO - [2024-03-05T12:45:49.548+0000] {dag.py:3441} INFO - Setting next_dagrun for boaz_simple_etl to 2024-03-05T00:00:00+00:00, run_after=2024-03-06T00:00:00+00:00
[2024-03-05T12:45:49.559+0000] {processor.py:175} INFO - Processing /opt/airflow/dags/boaz_simple_etl.py took 0.136 seconds
[2024-03-05T12:46:19.940+0000] {processor.py:153} INFO - Started process (PID=759) to work on /opt/airflow/dags/boaz_simple_etl.py
[2024-03-05T12:46:19.941+0000] {processor.py:743} INFO - Processing file /opt/airflow/dags/boaz_simple_etl.py for tasks to queue
[2024-03-05T12:46:19.942+0000] {logging_mixin.py:137} INFO - [2024-03-05T12:46:19.942+0000] {dagbag.py:538} INFO - Filling up the DagBag from /opt/airflow/dags/boaz_simple_etl.py
[2024-03-05T12:46:20.025+0000] {processor.py:753} INFO - DAG(s) dict_keys(['boaz_simple_etl']) retrieved from /opt/airflow/dags/boaz_simple_etl.py
[2024-03-05T12:46:20.048+0000] {logging_mixin.py:137} INFO - [2024-03-05T12:46:20.048+0000] {dag.py:2690} INFO - Sync 1 DAGs
[2024-03-05T12:46:20.067+0000] {logging_mixin.py:137} INFO - [2024-03-05T12:46:20.067+0000] {dag.py:3441} INFO - Setting next_dagrun for boaz_simple_etl to 2024-03-05T00:00:00+00:00, run_after=2024-03-06T00:00:00+00:00
[2024-03-05T12:46:20.078+0000] {processor.py:175} INFO - Processing /opt/airflow/dags/boaz_simple_etl.py took 0.142 seconds
[2024-03-05T12:46:50.811+0000] {processor.py:153} INFO - Started process (PID=835) to work on /opt/airflow/dags/boaz_simple_etl.py
[2024-03-05T12:46:50.814+0000] {processor.py:743} INFO - Processing file /opt/airflow/dags/boaz_simple_etl.py for tasks to queue
[2024-03-05T12:46:50.815+0000] {logging_mixin.py:137} INFO - [2024-03-05T12:46:50.815+0000] {dagbag.py:538} INFO - Filling up the DagBag from /opt/airflow/dags/boaz_simple_etl.py
[2024-03-05T12:46:50.917+0000] {processor.py:753} INFO - DAG(s) dict_keys(['boaz_simple_etl']) retrieved from /opt/airflow/dags/boaz_simple_etl.py
[2024-03-05T12:46:50.931+0000] {logging_mixin.py:137} INFO - [2024-03-05T12:46:50.931+0000] {dag.py:2690} INFO - Sync 1 DAGs
[2024-03-05T12:46:50.944+0000] {logging_mixin.py:137} INFO - [2024-03-05T12:46:50.944+0000] {dag.py:3441} INFO - Setting next_dagrun for boaz_simple_etl to 2024-03-05T00:00:00+00:00, run_after=2024-03-06T00:00:00+00:00
[2024-03-05T12:46:50.952+0000] {processor.py:175} INFO - Processing /opt/airflow/dags/boaz_simple_etl.py took 0.145 seconds
[2024-03-05T12:47:21.421+0000] {processor.py:153} INFO - Started process (PID=929) to work on /opt/airflow/dags/boaz_simple_etl.py
[2024-03-05T12:47:21.422+0000] {processor.py:743} INFO - Processing file /opt/airflow/dags/boaz_simple_etl.py for tasks to queue
[2024-03-05T12:47:21.423+0000] {logging_mixin.py:137} INFO - [2024-03-05T12:47:21.423+0000] {dagbag.py:538} INFO - Filling up the DagBag from /opt/airflow/dags/boaz_simple_etl.py
[2024-03-05T12:47:21.493+0000] {processor.py:753} INFO - DAG(s) dict_keys(['boaz_simple_etl']) retrieved from /opt/airflow/dags/boaz_simple_etl.py
[2024-03-05T12:47:21.510+0000] {logging_mixin.py:137} INFO - [2024-03-05T12:47:21.509+0000] {dag.py:2690} INFO - Sync 1 DAGs
[2024-03-05T12:47:21.523+0000] {logging_mixin.py:137} INFO - [2024-03-05T12:47:21.523+0000] {dag.py:3441} INFO - Setting next_dagrun for boaz_simple_etl to 2024-03-05T00:00:00+00:00, run_after=2024-03-06T00:00:00+00:00
[2024-03-05T12:47:21.533+0000] {processor.py:175} INFO - Processing /opt/airflow/dags/boaz_simple_etl.py took 0.115 seconds
[2024-03-05T12:47:51.849+0000] {processor.py:153} INFO - Started process (PID=1023) to work on /opt/airflow/dags/boaz_simple_etl.py
[2024-03-05T12:47:51.850+0000] {processor.py:743} INFO - Processing file /opt/airflow/dags/boaz_simple_etl.py for tasks to queue
[2024-03-05T12:47:51.851+0000] {logging_mixin.py:137} INFO - [2024-03-05T12:47:51.851+0000] {dagbag.py:538} INFO - Filling up the DagBag from /opt/airflow/dags/boaz_simple_etl.py
[2024-03-05T12:47:52.017+0000] {processor.py:753} INFO - DAG(s) dict_keys(['boaz_simple_etl']) retrieved from /opt/airflow/dags/boaz_simple_etl.py
[2024-03-05T12:47:52.034+0000] {logging_mixin.py:137} INFO - [2024-03-05T12:47:52.033+0000] {dag.py:2690} INFO - Sync 1 DAGs
[2024-03-05T12:47:52.050+0000] {logging_mixin.py:137} INFO - [2024-03-05T12:47:52.049+0000] {dag.py:3441} INFO - Setting next_dagrun for boaz_simple_etl to 2024-03-05T00:00:00+00:00, run_after=2024-03-06T00:00:00+00:00
[2024-03-05T12:47:52.062+0000] {processor.py:175} INFO - Processing /opt/airflow/dags/boaz_simple_etl.py took 0.215 seconds
