[2023-08-23T09:52:44.455+0000] {taskinstance.py:1083} INFO - Dependencies all met for <TaskInstance: boaz_etl.store_result scheduled__2023-08-22T00:00:00+00:00 [queued]>
[2023-08-23T09:52:44.462+0000] {taskinstance.py:1083} INFO - Dependencies all met for <TaskInstance: boaz_etl.store_result scheduled__2023-08-22T00:00:00+00:00 [queued]>
[2023-08-23T09:52:44.463+0000] {taskinstance.py:1279} INFO - 
--------------------------------------------------------------------------------
[2023-08-23T09:52:44.463+0000] {taskinstance.py:1280} INFO - Starting attempt 1 of 4
[2023-08-23T09:52:44.463+0000] {taskinstance.py:1281} INFO - 
--------------------------------------------------------------------------------
[2023-08-23T09:52:44.472+0000] {taskinstance.py:1300} INFO - Executing <Task(BashOperator): store_result> on 2023-08-22 00:00:00+00:00
[2023-08-23T09:52:44.477+0000] {standard_task_runner.py:55} INFO - Started process 2390 to run task
[2023-08-23T09:52:44.483+0000] {standard_task_runner.py:82} INFO - Running: ['***', 'tasks', 'run', 'boaz_etl', 'store_result', 'scheduled__2023-08-22T00:00:00+00:00', '--job-id', '10', '--raw', '--subdir', 'DAGS_FOLDER/boaz_etl_with_xcoms.py', '--cfg-path', '/tmp/tmpvlvebks5']
[2023-08-23T09:52:44.484+0000] {standard_task_runner.py:83} INFO - Job 10: Subtask store_result
[2023-08-23T09:52:44.537+0000] {task_command.py:388} INFO - Running <TaskInstance: boaz_etl.store_result scheduled__2023-08-22T00:00:00+00:00 [running]> on host b13130ff22c4
[2023-08-23T09:52:44.596+0000] {taskinstance.py:1509} INFO - Exporting the following env vars:
AIRFLOW_CTX_DAG_OWNER=***
AIRFLOW_CTX_DAG_ID=boaz_etl
AIRFLOW_CTX_TASK_ID=store_result
AIRFLOW_CTX_EXECUTION_DATE=2023-08-22T00:00:00+00:00
AIRFLOW_CTX_TRY_NUMBER=1
AIRFLOW_CTX_DAG_RUN_ID=scheduled__2023-08-22T00:00:00+00:00
[2023-08-23T09:52:44.598+0000] {subprocess.py:63} INFO - Tmp dir root location: 
 /tmp
[2023-08-23T09:52:44.598+0000] {subprocess.py:75} INFO - Running command: ['/bin/bash', '-c', "echo 'ETL Done'"]
[2023-08-23T09:52:44.608+0000] {subprocess.py:86} INFO - Output:
[2023-08-23T09:52:44.610+0000] {subprocess.py:93} INFO - ETL Done
[2023-08-23T09:52:44.610+0000] {subprocess.py:97} INFO - Command exited with return code 0
[2023-08-23T09:52:44.634+0000] {taskinstance.py:1323} INFO - Marking task as SUCCESS. dag_id=boaz_etl, task_id=store_result, execution_date=20230822T000000, start_date=20230823T095244, end_date=20230823T095244
[2023-08-23T09:52:44.653+0000] {local_task_job.py:208} INFO - Task exited with return code 0
[2023-08-23T09:52:44.669+0000] {taskinstance.py:2578} INFO - 0 downstream tasks scheduled from follow-on schedule check
