[2024-02-14T10:55:33.203+0000] {processor.py:153} INFO - Started process (PID=2632) to work on /opt/airflow/dags/boaz_simple_etl.py
[2024-02-14T10:55:33.204+0000] {processor.py:743} INFO - Processing file /opt/airflow/dags/boaz_simple_etl.py for tasks to queue
[2024-02-14T10:55:33.205+0000] {logging_mixin.py:137} INFO - [2024-02-14T10:55:33.205+0000] {dagbag.py:538} INFO - Filling up the DagBag from /opt/airflow/dags/boaz_simple_etl.py
[2024-02-14T10:55:33.371+0000] {processor.py:753} INFO - DAG(s) dict_keys(['boaz_simple_etl']) retrieved from /opt/airflow/dags/boaz_simple_etl.py
[2024-02-14T10:55:33.421+0000] {logging_mixin.py:137} INFO - [2024-02-14T10:55:33.420+0000] {dag.py:2690} INFO - Sync 1 DAGs
[2024-02-14T10:55:33.437+0000] {logging_mixin.py:137} INFO - [2024-02-14T10:55:33.437+0000] {dag.py:3441} INFO - Setting next_dagrun for boaz_simple_etl to 2024-02-14T00:00:00+00:00, run_after=2024-02-15T00:00:00+00:00
[2024-02-14T10:55:33.451+0000] {processor.py:175} INFO - Processing /opt/airflow/dags/boaz_simple_etl.py took 0.250 seconds
[2024-02-14T10:56:04.027+0000] {processor.py:153} INFO - Started process (PID=2708) to work on /opt/airflow/dags/boaz_simple_etl.py
[2024-02-14T10:56:04.028+0000] {processor.py:743} INFO - Processing file /opt/airflow/dags/boaz_simple_etl.py for tasks to queue
[2024-02-14T10:56:04.029+0000] {logging_mixin.py:137} INFO - [2024-02-14T10:56:04.029+0000] {dagbag.py:538} INFO - Filling up the DagBag from /opt/airflow/dags/boaz_simple_etl.py
[2024-02-14T10:56:04.113+0000] {processor.py:753} INFO - DAG(s) dict_keys(['boaz_simple_etl']) retrieved from /opt/airflow/dags/boaz_simple_etl.py
[2024-02-14T10:56:04.130+0000] {logging_mixin.py:137} INFO - [2024-02-14T10:56:04.129+0000] {dag.py:2690} INFO - Sync 1 DAGs
[2024-02-14T10:56:04.146+0000] {logging_mixin.py:137} INFO - [2024-02-14T10:56:04.146+0000] {dag.py:3441} INFO - Setting next_dagrun for boaz_simple_etl to 2024-02-14T00:00:00+00:00, run_after=2024-02-15T00:00:00+00:00
[2024-02-14T10:56:04.157+0000] {processor.py:175} INFO - Processing /opt/airflow/dags/boaz_simple_etl.py took 0.132 seconds
[2024-02-14T10:56:34.702+0000] {processor.py:153} INFO - Started process (PID=2802) to work on /opt/airflow/dags/boaz_simple_etl.py
[2024-02-14T10:56:34.704+0000] {processor.py:743} INFO - Processing file /opt/airflow/dags/boaz_simple_etl.py for tasks to queue
[2024-02-14T10:56:34.705+0000] {logging_mixin.py:137} INFO - [2024-02-14T10:56:34.705+0000] {dagbag.py:538} INFO - Filling up the DagBag from /opt/airflow/dags/boaz_simple_etl.py
[2024-02-14T10:56:34.805+0000] {processor.py:753} INFO - DAG(s) dict_keys(['boaz_simple_etl']) retrieved from /opt/airflow/dags/boaz_simple_etl.py
[2024-02-14T10:56:34.824+0000] {logging_mixin.py:137} INFO - [2024-02-14T10:56:34.823+0000] {dag.py:2690} INFO - Sync 1 DAGs
[2024-02-14T10:56:34.842+0000] {logging_mixin.py:137} INFO - [2024-02-14T10:56:34.842+0000] {dag.py:3441} INFO - Setting next_dagrun for boaz_simple_etl to 2024-02-14T00:00:00+00:00, run_after=2024-02-15T00:00:00+00:00
[2024-02-14T10:56:34.854+0000] {processor.py:175} INFO - Processing /opt/airflow/dags/boaz_simple_etl.py took 0.157 seconds
[2024-02-14T10:57:05.444+0000] {processor.py:153} INFO - Started process (PID=2895) to work on /opt/airflow/dags/boaz_simple_etl.py
[2024-02-14T10:57:05.445+0000] {processor.py:743} INFO - Processing file /opt/airflow/dags/boaz_simple_etl.py for tasks to queue
[2024-02-14T10:57:05.446+0000] {logging_mixin.py:137} INFO - [2024-02-14T10:57:05.446+0000] {dagbag.py:538} INFO - Filling up the DagBag from /opt/airflow/dags/boaz_simple_etl.py
[2024-02-14T10:57:05.538+0000] {processor.py:753} INFO - DAG(s) dict_keys(['boaz_simple_etl']) retrieved from /opt/airflow/dags/boaz_simple_etl.py
[2024-02-14T10:57:05.553+0000] {logging_mixin.py:137} INFO - [2024-02-14T10:57:05.553+0000] {dag.py:2690} INFO - Sync 1 DAGs
[2024-02-14T10:57:05.569+0000] {logging_mixin.py:137} INFO - [2024-02-14T10:57:05.569+0000] {dag.py:3441} INFO - Setting next_dagrun for boaz_simple_etl to 2024-02-14T00:00:00+00:00, run_after=2024-02-15T00:00:00+00:00
[2024-02-14T10:57:05.581+0000] {processor.py:175} INFO - Processing /opt/airflow/dags/boaz_simple_etl.py took 0.143 seconds
[2024-02-14T10:57:36.140+0000] {processor.py:153} INFO - Started process (PID=2970) to work on /opt/airflow/dags/boaz_simple_etl.py
[2024-02-14T10:57:36.140+0000] {processor.py:743} INFO - Processing file /opt/airflow/dags/boaz_simple_etl.py for tasks to queue
[2024-02-14T10:57:36.141+0000] {logging_mixin.py:137} INFO - [2024-02-14T10:57:36.141+0000] {dagbag.py:538} INFO - Filling up the DagBag from /opt/airflow/dags/boaz_simple_etl.py
[2024-02-14T10:57:36.229+0000] {processor.py:753} INFO - DAG(s) dict_keys(['boaz_simple_etl']) retrieved from /opt/airflow/dags/boaz_simple_etl.py
[2024-02-14T10:57:36.245+0000] {logging_mixin.py:137} INFO - [2024-02-14T10:57:36.244+0000] {dag.py:2690} INFO - Sync 1 DAGs
[2024-02-14T10:57:36.265+0000] {logging_mixin.py:137} INFO - [2024-02-14T10:57:36.264+0000] {dag.py:3441} INFO - Setting next_dagrun for boaz_simple_etl to 2024-02-14T00:00:00+00:00, run_after=2024-02-15T00:00:00+00:00
[2024-02-14T10:57:36.276+0000] {processor.py:175} INFO - Processing /opt/airflow/dags/boaz_simple_etl.py took 0.139 seconds
[2024-02-14T10:58:06.771+0000] {processor.py:153} INFO - Started process (PID=3064) to work on /opt/airflow/dags/boaz_simple_etl.py
[2024-02-14T10:58:06.772+0000] {processor.py:743} INFO - Processing file /opt/airflow/dags/boaz_simple_etl.py for tasks to queue
[2024-02-14T10:58:06.773+0000] {logging_mixin.py:137} INFO - [2024-02-14T10:58:06.773+0000] {dagbag.py:538} INFO - Filling up the DagBag from /opt/airflow/dags/boaz_simple_etl.py
[2024-02-14T10:58:06.863+0000] {processor.py:753} INFO - DAG(s) dict_keys(['boaz_simple_etl']) retrieved from /opt/airflow/dags/boaz_simple_etl.py
[2024-02-14T10:58:06.881+0000] {logging_mixin.py:137} INFO - [2024-02-14T10:58:06.881+0000] {dag.py:2690} INFO - Sync 1 DAGs
[2024-02-14T10:58:06.899+0000] {logging_mixin.py:137} INFO - [2024-02-14T10:58:06.899+0000] {dag.py:3441} INFO - Setting next_dagrun for boaz_simple_etl to 2024-02-14T00:00:00+00:00, run_after=2024-02-15T00:00:00+00:00
[2024-02-14T10:58:06.910+0000] {processor.py:175} INFO - Processing /opt/airflow/dags/boaz_simple_etl.py took 0.142 seconds
[2024-02-14T10:58:37.664+0000] {processor.py:153} INFO - Started process (PID=3158) to work on /opt/airflow/dags/boaz_simple_etl.py
[2024-02-14T10:58:37.666+0000] {processor.py:743} INFO - Processing file /opt/airflow/dags/boaz_simple_etl.py for tasks to queue
[2024-02-14T10:58:37.666+0000] {logging_mixin.py:137} INFO - [2024-02-14T10:58:37.666+0000] {dagbag.py:538} INFO - Filling up the DagBag from /opt/airflow/dags/boaz_simple_etl.py
[2024-02-14T10:58:37.759+0000] {processor.py:753} INFO - DAG(s) dict_keys(['boaz_simple_etl']) retrieved from /opt/airflow/dags/boaz_simple_etl.py
[2024-02-14T10:58:37.776+0000] {logging_mixin.py:137} INFO - [2024-02-14T10:58:37.776+0000] {dag.py:2690} INFO - Sync 1 DAGs
[2024-02-14T10:58:37.794+0000] {logging_mixin.py:137} INFO - [2024-02-14T10:58:37.794+0000] {dag.py:3441} INFO - Setting next_dagrun for boaz_simple_etl to 2024-02-14T00:00:00+00:00, run_after=2024-02-15T00:00:00+00:00
[2024-02-14T10:58:37.808+0000] {processor.py:175} INFO - Processing /opt/airflow/dags/boaz_simple_etl.py took 0.146 seconds
[2024-02-14T10:59:08.320+0000] {processor.py:153} INFO - Started process (PID=3234) to work on /opt/airflow/dags/boaz_simple_etl.py
[2024-02-14T10:59:08.322+0000] {processor.py:743} INFO - Processing file /opt/airflow/dags/boaz_simple_etl.py for tasks to queue
[2024-02-14T10:59:08.323+0000] {logging_mixin.py:137} INFO - [2024-02-14T10:59:08.323+0000] {dagbag.py:538} INFO - Filling up the DagBag from /opt/airflow/dags/boaz_simple_etl.py
[2024-02-14T10:59:08.414+0000] {processor.py:753} INFO - DAG(s) dict_keys(['boaz_simple_etl']) retrieved from /opt/airflow/dags/boaz_simple_etl.py
[2024-02-14T10:59:08.434+0000] {logging_mixin.py:137} INFO - [2024-02-14T10:59:08.433+0000] {dag.py:2690} INFO - Sync 1 DAGs
[2024-02-14T10:59:08.453+0000] {logging_mixin.py:137} INFO - [2024-02-14T10:59:08.453+0000] {dag.py:3441} INFO - Setting next_dagrun for boaz_simple_etl to 2024-02-14T00:00:00+00:00, run_after=2024-02-15T00:00:00+00:00
[2024-02-14T10:59:08.466+0000] {processor.py:175} INFO - Processing /opt/airflow/dags/boaz_simple_etl.py took 0.150 seconds
[2024-02-14T10:59:38.967+0000] {processor.py:153} INFO - Started process (PID=3328) to work on /opt/airflow/dags/boaz_simple_etl.py
[2024-02-14T10:59:38.968+0000] {processor.py:743} INFO - Processing file /opt/airflow/dags/boaz_simple_etl.py for tasks to queue
[2024-02-14T10:59:38.969+0000] {logging_mixin.py:137} INFO - [2024-02-14T10:59:38.969+0000] {dagbag.py:538} INFO - Filling up the DagBag from /opt/airflow/dags/boaz_simple_etl.py
[2024-02-14T10:59:39.065+0000] {processor.py:753} INFO - DAG(s) dict_keys(['boaz_simple_etl']) retrieved from /opt/airflow/dags/boaz_simple_etl.py
[2024-02-14T10:59:39.081+0000] {logging_mixin.py:137} INFO - [2024-02-14T10:59:39.081+0000] {dag.py:2690} INFO - Sync 1 DAGs
[2024-02-14T10:59:39.099+0000] {logging_mixin.py:137} INFO - [2024-02-14T10:59:39.099+0000] {dag.py:3441} INFO - Setting next_dagrun for boaz_simple_etl to 2024-02-14T00:00:00+00:00, run_after=2024-02-15T00:00:00+00:00
[2024-02-14T10:59:39.110+0000] {processor.py:175} INFO - Processing /opt/airflow/dags/boaz_simple_etl.py took 0.148 seconds
[2024-02-14T11:00:09.642+0000] {processor.py:153} INFO - Started process (PID=3413) to work on /opt/airflow/dags/boaz_simple_etl.py
[2024-02-14T11:00:09.644+0000] {processor.py:743} INFO - Processing file /opt/airflow/dags/boaz_simple_etl.py for tasks to queue
[2024-02-14T11:00:09.644+0000] {logging_mixin.py:137} INFO - [2024-02-14T11:00:09.644+0000] {dagbag.py:538} INFO - Filling up the DagBag from /opt/airflow/dags/boaz_simple_etl.py
[2024-02-14T11:00:09.740+0000] {processor.py:753} INFO - DAG(s) dict_keys(['boaz_simple_etl']) retrieved from /opt/airflow/dags/boaz_simple_etl.py
[2024-02-14T11:00:09.768+0000] {logging_mixin.py:137} INFO - [2024-02-14T11:00:09.768+0000] {dag.py:2690} INFO - Sync 1 DAGs
[2024-02-14T11:00:09.805+0000] {logging_mixin.py:137} INFO - [2024-02-14T11:00:09.805+0000] {dag.py:3441} INFO - Setting next_dagrun for boaz_simple_etl to 2024-02-14T00:00:00+00:00, run_after=2024-02-15T00:00:00+00:00
[2024-02-14T11:00:09.819+0000] {processor.py:175} INFO - Processing /opt/airflow/dags/boaz_simple_etl.py took 0.181 seconds
[2024-02-14T11:00:40.318+0000] {processor.py:153} INFO - Started process (PID=3498) to work on /opt/airflow/dags/boaz_simple_etl.py
[2024-02-14T11:00:40.320+0000] {processor.py:743} INFO - Processing file /opt/airflow/dags/boaz_simple_etl.py for tasks to queue
[2024-02-14T11:00:40.321+0000] {logging_mixin.py:137} INFO - [2024-02-14T11:00:40.321+0000] {dagbag.py:538} INFO - Filling up the DagBag from /opt/airflow/dags/boaz_simple_etl.py
[2024-02-14T11:00:40.433+0000] {processor.py:753} INFO - DAG(s) dict_keys(['boaz_simple_etl']) retrieved from /opt/airflow/dags/boaz_simple_etl.py
[2024-02-14T11:00:40.457+0000] {logging_mixin.py:137} INFO - [2024-02-14T11:00:40.456+0000] {dag.py:2690} INFO - Sync 1 DAGs
[2024-02-14T11:00:40.477+0000] {logging_mixin.py:137} INFO - [2024-02-14T11:00:40.477+0000] {dag.py:3441} INFO - Setting next_dagrun for boaz_simple_etl to 2024-02-14T00:00:00+00:00, run_after=2024-02-15T00:00:00+00:00
[2024-02-14T11:00:40.491+0000] {processor.py:175} INFO - Processing /opt/airflow/dags/boaz_simple_etl.py took 0.178 seconds
[2024-02-14T11:01:10.972+0000] {processor.py:153} INFO - Started process (PID=3592) to work on /opt/airflow/dags/boaz_simple_etl.py
[2024-02-14T11:01:10.974+0000] {processor.py:743} INFO - Processing file /opt/airflow/dags/boaz_simple_etl.py for tasks to queue
[2024-02-14T11:01:10.975+0000] {logging_mixin.py:137} INFO - [2024-02-14T11:01:10.975+0000] {dagbag.py:538} INFO - Filling up the DagBag from /opt/airflow/dags/boaz_simple_etl.py
[2024-02-14T11:01:11.060+0000] {processor.py:753} INFO - DAG(s) dict_keys(['boaz_simple_etl']) retrieved from /opt/airflow/dags/boaz_simple_etl.py
[2024-02-14T11:01:11.076+0000] {logging_mixin.py:137} INFO - [2024-02-14T11:01:11.076+0000] {dag.py:2690} INFO - Sync 1 DAGs
[2024-02-14T11:01:11.094+0000] {logging_mixin.py:137} INFO - [2024-02-14T11:01:11.094+0000] {dag.py:3441} INFO - Setting next_dagrun for boaz_simple_etl to 2024-02-14T00:00:00+00:00, run_after=2024-02-15T00:00:00+00:00
[2024-02-14T11:01:11.104+0000] {processor.py:175} INFO - Processing /opt/airflow/dags/boaz_simple_etl.py took 0.137 seconds
[2024-02-14T11:01:41.640+0000] {processor.py:153} INFO - Started process (PID=3675) to work on /opt/airflow/dags/boaz_simple_etl.py
[2024-02-14T11:01:41.641+0000] {processor.py:743} INFO - Processing file /opt/airflow/dags/boaz_simple_etl.py for tasks to queue
[2024-02-14T11:01:41.642+0000] {logging_mixin.py:137} INFO - [2024-02-14T11:01:41.642+0000] {dagbag.py:538} INFO - Filling up the DagBag from /opt/airflow/dags/boaz_simple_etl.py
[2024-02-14T11:01:41.731+0000] {processor.py:753} INFO - DAG(s) dict_keys(['boaz_simple_etl']) retrieved from /opt/airflow/dags/boaz_simple_etl.py
[2024-02-14T11:01:41.749+0000] {logging_mixin.py:137} INFO - [2024-02-14T11:01:41.748+0000] {dag.py:2690} INFO - Sync 1 DAGs
[2024-02-14T11:01:41.765+0000] {logging_mixin.py:137} INFO - [2024-02-14T11:01:41.765+0000] {dag.py:3441} INFO - Setting next_dagrun for boaz_simple_etl to 2024-02-14T00:00:00+00:00, run_after=2024-02-15T00:00:00+00:00
[2024-02-14T11:01:41.775+0000] {processor.py:175} INFO - Processing /opt/airflow/dags/boaz_simple_etl.py took 0.138 seconds
[2024-02-14T11:02:12.262+0000] {processor.py:153} INFO - Started process (PID=3762) to work on /opt/airflow/dags/boaz_simple_etl.py
[2024-02-14T11:02:12.263+0000] {processor.py:743} INFO - Processing file /opt/airflow/dags/boaz_simple_etl.py for tasks to queue
[2024-02-14T11:02:12.264+0000] {logging_mixin.py:137} INFO - [2024-02-14T11:02:12.264+0000] {dagbag.py:538} INFO - Filling up the DagBag from /opt/airflow/dags/boaz_simple_etl.py
[2024-02-14T11:02:12.347+0000] {processor.py:753} INFO - DAG(s) dict_keys(['boaz_simple_etl']) retrieved from /opt/airflow/dags/boaz_simple_etl.py
[2024-02-14T11:02:12.363+0000] {logging_mixin.py:137} INFO - [2024-02-14T11:02:12.362+0000] {dag.py:2690} INFO - Sync 1 DAGs
[2024-02-14T11:02:12.378+0000] {logging_mixin.py:137} INFO - [2024-02-14T11:02:12.378+0000] {dag.py:3441} INFO - Setting next_dagrun for boaz_simple_etl to 2024-02-14T00:00:00+00:00, run_after=2024-02-15T00:00:00+00:00
[2024-02-14T11:02:12.389+0000] {processor.py:175} INFO - Processing /opt/airflow/dags/boaz_simple_etl.py took 0.133 seconds
[2024-02-14T11:02:42.961+0000] {processor.py:153} INFO - Started process (PID=3855) to work on /opt/airflow/dags/boaz_simple_etl.py
[2024-02-14T11:02:42.963+0000] {processor.py:743} INFO - Processing file /opt/airflow/dags/boaz_simple_etl.py for tasks to queue
[2024-02-14T11:02:42.965+0000] {logging_mixin.py:137} INFO - [2024-02-14T11:02:42.965+0000] {dagbag.py:538} INFO - Filling up the DagBag from /opt/airflow/dags/boaz_simple_etl.py
[2024-02-14T11:02:43.047+0000] {processor.py:753} INFO - DAG(s) dict_keys(['boaz_simple_etl']) retrieved from /opt/airflow/dags/boaz_simple_etl.py
[2024-02-14T11:02:43.062+0000] {logging_mixin.py:137} INFO - [2024-02-14T11:02:43.061+0000] {dag.py:2690} INFO - Sync 1 DAGs
[2024-02-14T11:02:43.078+0000] {logging_mixin.py:137} INFO - [2024-02-14T11:02:43.078+0000] {dag.py:3441} INFO - Setting next_dagrun for boaz_simple_etl to 2024-02-14T00:00:00+00:00, run_after=2024-02-15T00:00:00+00:00
[2024-02-14T11:02:43.088+0000] {processor.py:175} INFO - Processing /opt/airflow/dags/boaz_simple_etl.py took 0.132 seconds
[2024-02-14T11:03:13.738+0000] {processor.py:153} INFO - Started process (PID=3931) to work on /opt/airflow/dags/boaz_simple_etl.py
[2024-02-14T11:03:13.739+0000] {processor.py:743} INFO - Processing file /opt/airflow/dags/boaz_simple_etl.py for tasks to queue
[2024-02-14T11:03:13.739+0000] {logging_mixin.py:137} INFO - [2024-02-14T11:03:13.739+0000] {dagbag.py:538} INFO - Filling up the DagBag from /opt/airflow/dags/boaz_simple_etl.py
[2024-02-14T11:03:13.833+0000] {processor.py:753} INFO - DAG(s) dict_keys(['boaz_simple_etl']) retrieved from /opt/airflow/dags/boaz_simple_etl.py
[2024-02-14T11:03:13.853+0000] {logging_mixin.py:137} INFO - [2024-02-14T11:03:13.851+0000] {dag.py:2690} INFO - Sync 1 DAGs
[2024-02-14T11:03:13.873+0000] {logging_mixin.py:137} INFO - [2024-02-14T11:03:13.873+0000] {dag.py:3441} INFO - Setting next_dagrun for boaz_simple_etl to 2024-02-14T00:00:00+00:00, run_after=2024-02-15T00:00:00+00:00
[2024-02-14T11:03:13.888+0000] {processor.py:175} INFO - Processing /opt/airflow/dags/boaz_simple_etl.py took 0.153 seconds
[2024-02-14T11:03:44.364+0000] {processor.py:153} INFO - Started process (PID=4025) to work on /opt/airflow/dags/boaz_simple_etl.py
[2024-02-14T11:03:44.365+0000] {processor.py:743} INFO - Processing file /opt/airflow/dags/boaz_simple_etl.py for tasks to queue
[2024-02-14T11:03:44.366+0000] {logging_mixin.py:137} INFO - [2024-02-14T11:03:44.366+0000] {dagbag.py:538} INFO - Filling up the DagBag from /opt/airflow/dags/boaz_simple_etl.py
[2024-02-14T11:03:44.454+0000] {processor.py:753} INFO - DAG(s) dict_keys(['boaz_simple_etl']) retrieved from /opt/airflow/dags/boaz_simple_etl.py
[2024-02-14T11:03:44.468+0000] {logging_mixin.py:137} INFO - [2024-02-14T11:03:44.468+0000] {dag.py:2690} INFO - Sync 1 DAGs
[2024-02-14T11:03:44.484+0000] {logging_mixin.py:137} INFO - [2024-02-14T11:03:44.483+0000] {dag.py:3441} INFO - Setting next_dagrun for boaz_simple_etl to 2024-02-14T00:00:00+00:00, run_after=2024-02-15T00:00:00+00:00
[2024-02-14T11:03:44.493+0000] {processor.py:175} INFO - Processing /opt/airflow/dags/boaz_simple_etl.py took 0.134 seconds
[2024-02-14T11:04:14.961+0000] {processor.py:153} INFO - Started process (PID=4118) to work on /opt/airflow/dags/boaz_simple_etl.py
[2024-02-14T11:04:14.962+0000] {processor.py:743} INFO - Processing file /opt/airflow/dags/boaz_simple_etl.py for tasks to queue
[2024-02-14T11:04:14.963+0000] {logging_mixin.py:137} INFO - [2024-02-14T11:04:14.963+0000] {dagbag.py:538} INFO - Filling up the DagBag from /opt/airflow/dags/boaz_simple_etl.py
[2024-02-14T11:04:15.046+0000] {processor.py:753} INFO - DAG(s) dict_keys(['boaz_simple_etl']) retrieved from /opt/airflow/dags/boaz_simple_etl.py
[2024-02-14T11:04:15.064+0000] {logging_mixin.py:137} INFO - [2024-02-14T11:04:15.064+0000] {dag.py:2690} INFO - Sync 1 DAGs
[2024-02-14T11:04:15.085+0000] {logging_mixin.py:137} INFO - [2024-02-14T11:04:15.084+0000] {dag.py:3441} INFO - Setting next_dagrun for boaz_simple_etl to 2024-02-14T00:00:00+00:00, run_after=2024-02-15T00:00:00+00:00
[2024-02-14T11:04:15.098+0000] {processor.py:175} INFO - Processing /opt/airflow/dags/boaz_simple_etl.py took 0.140 seconds
[2024-02-14T11:04:45.621+0000] {processor.py:153} INFO - Started process (PID=4194) to work on /opt/airflow/dags/boaz_simple_etl.py
[2024-02-14T11:04:45.632+0000] {processor.py:743} INFO - Processing file /opt/airflow/dags/boaz_simple_etl.py for tasks to queue
[2024-02-14T11:04:45.635+0000] {logging_mixin.py:137} INFO - [2024-02-14T11:04:45.635+0000] {dagbag.py:538} INFO - Filling up the DagBag from /opt/airflow/dags/boaz_simple_etl.py
[2024-02-14T11:04:45.735+0000] {processor.py:753} INFO - DAG(s) dict_keys(['boaz_simple_etl']) retrieved from /opt/airflow/dags/boaz_simple_etl.py
[2024-02-14T11:04:45.754+0000] {logging_mixin.py:137} INFO - [2024-02-14T11:04:45.753+0000] {dag.py:2690} INFO - Sync 1 DAGs
[2024-02-14T11:04:45.778+0000] {logging_mixin.py:137} INFO - [2024-02-14T11:04:45.777+0000] {dag.py:3441} INFO - Setting next_dagrun for boaz_simple_etl to 2024-02-14T00:00:00+00:00, run_after=2024-02-15T00:00:00+00:00
[2024-02-14T11:04:45.792+0000] {processor.py:175} INFO - Processing /opt/airflow/dags/boaz_simple_etl.py took 0.174 seconds
[2024-02-14T11:05:16.254+0000] {processor.py:153} INFO - Started process (PID=4288) to work on /opt/airflow/dags/boaz_simple_etl.py
[2024-02-14T11:05:16.256+0000] {processor.py:743} INFO - Processing file /opt/airflow/dags/boaz_simple_etl.py for tasks to queue
[2024-02-14T11:05:16.257+0000] {logging_mixin.py:137} INFO - [2024-02-14T11:05:16.257+0000] {dagbag.py:538} INFO - Filling up the DagBag from /opt/airflow/dags/boaz_simple_etl.py
[2024-02-14T11:05:16.347+0000] {processor.py:753} INFO - DAG(s) dict_keys(['boaz_simple_etl']) retrieved from /opt/airflow/dags/boaz_simple_etl.py
[2024-02-14T11:05:16.362+0000] {logging_mixin.py:137} INFO - [2024-02-14T11:05:16.362+0000] {dag.py:2690} INFO - Sync 1 DAGs
[2024-02-14T11:05:16.378+0000] {logging_mixin.py:137} INFO - [2024-02-14T11:05:16.378+0000] {dag.py:3441} INFO - Setting next_dagrun for boaz_simple_etl to 2024-02-14T00:00:00+00:00, run_after=2024-02-15T00:00:00+00:00
[2024-02-14T11:05:16.389+0000] {processor.py:175} INFO - Processing /opt/airflow/dags/boaz_simple_etl.py took 0.139 seconds
[2024-02-14T11:05:46.856+0000] {processor.py:153} INFO - Started process (PID=4382) to work on /opt/airflow/dags/boaz_simple_etl.py
[2024-02-14T11:05:46.858+0000] {processor.py:743} INFO - Processing file /opt/airflow/dags/boaz_simple_etl.py for tasks to queue
[2024-02-14T11:05:46.859+0000] {logging_mixin.py:137} INFO - [2024-02-14T11:05:46.859+0000] {dagbag.py:538} INFO - Filling up the DagBag from /opt/airflow/dags/boaz_simple_etl.py
[2024-02-14T11:05:46.960+0000] {processor.py:753} INFO - DAG(s) dict_keys(['boaz_simple_etl']) retrieved from /opt/airflow/dags/boaz_simple_etl.py
[2024-02-14T11:05:46.979+0000] {logging_mixin.py:137} INFO - [2024-02-14T11:05:46.978+0000] {dag.py:2690} INFO - Sync 1 DAGs
[2024-02-14T11:05:46.997+0000] {logging_mixin.py:137} INFO - [2024-02-14T11:05:46.997+0000] {dag.py:3441} INFO - Setting next_dagrun for boaz_simple_etl to 2024-02-14T00:00:00+00:00, run_after=2024-02-15T00:00:00+00:00
[2024-02-14T11:05:47.009+0000] {processor.py:175} INFO - Processing /opt/airflow/dags/boaz_simple_etl.py took 0.158 seconds
[2024-02-14T11:06:17.632+0000] {processor.py:153} INFO - Started process (PID=4458) to work on /opt/airflow/dags/boaz_simple_etl.py
[2024-02-14T11:06:17.633+0000] {processor.py:743} INFO - Processing file /opt/airflow/dags/boaz_simple_etl.py for tasks to queue
[2024-02-14T11:06:17.633+0000] {logging_mixin.py:137} INFO - [2024-02-14T11:06:17.633+0000] {dagbag.py:538} INFO - Filling up the DagBag from /opt/airflow/dags/boaz_simple_etl.py
[2024-02-14T11:06:17.713+0000] {processor.py:753} INFO - DAG(s) dict_keys(['boaz_simple_etl']) retrieved from /opt/airflow/dags/boaz_simple_etl.py
[2024-02-14T11:06:17.730+0000] {logging_mixin.py:137} INFO - [2024-02-14T11:06:17.729+0000] {dag.py:2690} INFO - Sync 1 DAGs
[2024-02-14T11:06:17.747+0000] {logging_mixin.py:137} INFO - [2024-02-14T11:06:17.747+0000] {dag.py:3441} INFO - Setting next_dagrun for boaz_simple_etl to 2024-02-14T00:00:00+00:00, run_after=2024-02-15T00:00:00+00:00
[2024-02-14T11:06:17.759+0000] {processor.py:175} INFO - Processing /opt/airflow/dags/boaz_simple_etl.py took 0.130 seconds
[2024-02-14T11:06:48.324+0000] {processor.py:153} INFO - Started process (PID=4552) to work on /opt/airflow/dags/boaz_simple_etl.py
[2024-02-14T11:06:48.326+0000] {processor.py:743} INFO - Processing file /opt/airflow/dags/boaz_simple_etl.py for tasks to queue
[2024-02-14T11:06:48.327+0000] {logging_mixin.py:137} INFO - [2024-02-14T11:06:48.327+0000] {dagbag.py:538} INFO - Filling up the DagBag from /opt/airflow/dags/boaz_simple_etl.py
[2024-02-14T11:06:48.424+0000] {processor.py:753} INFO - DAG(s) dict_keys(['boaz_simple_etl']) retrieved from /opt/airflow/dags/boaz_simple_etl.py
[2024-02-14T11:06:48.443+0000] {logging_mixin.py:137} INFO - [2024-02-14T11:06:48.442+0000] {dag.py:2690} INFO - Sync 1 DAGs
[2024-02-14T11:06:48.462+0000] {logging_mixin.py:137} INFO - [2024-02-14T11:06:48.462+0000] {dag.py:3441} INFO - Setting next_dagrun for boaz_simple_etl to 2024-02-14T00:00:00+00:00, run_after=2024-02-15T00:00:00+00:00
[2024-02-14T11:06:48.473+0000] {processor.py:175} INFO - Processing /opt/airflow/dags/boaz_simple_etl.py took 0.156 seconds
[2024-02-14T11:07:18.982+0000] {processor.py:153} INFO - Started process (PID=4645) to work on /opt/airflow/dags/boaz_simple_etl.py
[2024-02-14T11:07:18.983+0000] {processor.py:743} INFO - Processing file /opt/airflow/dags/boaz_simple_etl.py for tasks to queue
[2024-02-14T11:07:18.984+0000] {logging_mixin.py:137} INFO - [2024-02-14T11:07:18.984+0000] {dagbag.py:538} INFO - Filling up the DagBag from /opt/airflow/dags/boaz_simple_etl.py
[2024-02-14T11:07:19.071+0000] {processor.py:753} INFO - DAG(s) dict_keys(['boaz_simple_etl']) retrieved from /opt/airflow/dags/boaz_simple_etl.py
[2024-02-14T11:07:19.088+0000] {logging_mixin.py:137} INFO - [2024-02-14T11:07:19.088+0000] {dag.py:2690} INFO - Sync 1 DAGs
[2024-02-14T11:07:19.105+0000] {logging_mixin.py:137} INFO - [2024-02-14T11:07:19.105+0000] {dag.py:3441} INFO - Setting next_dagrun for boaz_simple_etl to 2024-02-14T00:00:00+00:00, run_after=2024-02-15T00:00:00+00:00
[2024-02-14T11:07:19.117+0000] {processor.py:175} INFO - Processing /opt/airflow/dags/boaz_simple_etl.py took 0.139 seconds
[2024-02-14T11:07:49.792+0000] {processor.py:153} INFO - Started process (PID=4721) to work on /opt/airflow/dags/boaz_simple_etl.py
[2024-02-14T11:07:49.793+0000] {processor.py:743} INFO - Processing file /opt/airflow/dags/boaz_simple_etl.py for tasks to queue
[2024-02-14T11:07:49.794+0000] {logging_mixin.py:137} INFO - [2024-02-14T11:07:49.793+0000] {dagbag.py:538} INFO - Filling up the DagBag from /opt/airflow/dags/boaz_simple_etl.py
[2024-02-14T11:07:49.876+0000] {processor.py:753} INFO - DAG(s) dict_keys(['boaz_simple_etl']) retrieved from /opt/airflow/dags/boaz_simple_etl.py
[2024-02-14T11:07:49.901+0000] {logging_mixin.py:137} INFO - [2024-02-14T11:07:49.900+0000] {dag.py:2690} INFO - Sync 1 DAGs
[2024-02-14T11:07:49.924+0000] {logging_mixin.py:137} INFO - [2024-02-14T11:07:49.924+0000] {dag.py:3441} INFO - Setting next_dagrun for boaz_simple_etl to 2024-02-14T00:00:00+00:00, run_after=2024-02-15T00:00:00+00:00
[2024-02-14T11:07:49.936+0000] {processor.py:175} INFO - Processing /opt/airflow/dags/boaz_simple_etl.py took 0.146 seconds
[2024-02-14T11:08:20.489+0000] {processor.py:153} INFO - Started process (PID=4815) to work on /opt/airflow/dags/boaz_simple_etl.py
[2024-02-14T11:08:20.489+0000] {processor.py:743} INFO - Processing file /opt/airflow/dags/boaz_simple_etl.py for tasks to queue
[2024-02-14T11:08:20.490+0000] {logging_mixin.py:137} INFO - [2024-02-14T11:08:20.490+0000] {dagbag.py:538} INFO - Filling up the DagBag from /opt/airflow/dags/boaz_simple_etl.py
[2024-02-14T11:08:20.574+0000] {processor.py:753} INFO - DAG(s) dict_keys(['boaz_simple_etl']) retrieved from /opt/airflow/dags/boaz_simple_etl.py
[2024-02-14T11:08:20.589+0000] {logging_mixin.py:137} INFO - [2024-02-14T11:08:20.589+0000] {dag.py:2690} INFO - Sync 1 DAGs
[2024-02-14T11:08:20.606+0000] {logging_mixin.py:137} INFO - [2024-02-14T11:08:20.606+0000] {dag.py:3441} INFO - Setting next_dagrun for boaz_simple_etl to 2024-02-14T00:00:00+00:00, run_after=2024-02-15T00:00:00+00:00
[2024-02-14T11:08:20.617+0000] {processor.py:175} INFO - Processing /opt/airflow/dags/boaz_simple_etl.py took 0.131 seconds
[2024-02-14T11:08:33.738+0000] {processor.py:153} INFO - Started process (PID=4834) to work on /opt/airflow/dags/boaz_simple_etl.py
[2024-02-14T11:08:33.740+0000] {processor.py:743} INFO - Processing file /opt/airflow/dags/boaz_simple_etl.py for tasks to queue
[2024-02-14T11:08:33.742+0000] {logging_mixin.py:137} INFO - [2024-02-14T11:08:33.742+0000] {dagbag.py:538} INFO - Filling up the DagBag from /opt/airflow/dags/boaz_simple_etl.py
[2024-02-14T11:08:33.832+0000] {processor.py:753} INFO - DAG(s) dict_keys(['boaz_simple_etl']) retrieved from /opt/airflow/dags/boaz_simple_etl.py
[2024-02-14T11:08:33.848+0000] {logging_mixin.py:137} INFO - [2024-02-14T11:08:33.847+0000] {dag.py:2690} INFO - Sync 1 DAGs
[2024-02-14T11:08:33.865+0000] {logging_mixin.py:137} INFO - [2024-02-14T11:08:33.865+0000] {dag.py:3441} INFO - Setting next_dagrun for boaz_simple_etl to 2024-02-14T00:00:00+00:00, run_after=2024-02-15T00:00:00+00:00
[2024-02-14T11:08:33.877+0000] {processor.py:175} INFO - Processing /opt/airflow/dags/boaz_simple_etl.py took 0.144 seconds
[2024-02-14T11:10:33.667+0000] {processor.py:153} INFO - Started process (PID=5190) to work on /opt/airflow/dags/boaz_simple_etl.py
[2024-02-14T11:10:33.669+0000] {processor.py:743} INFO - Processing file /opt/airflow/dags/boaz_simple_etl.py for tasks to queue
[2024-02-14T11:10:33.669+0000] {logging_mixin.py:137} INFO - [2024-02-14T11:10:33.669+0000] {dagbag.py:538} INFO - Filling up the DagBag from /opt/airflow/dags/boaz_simple_etl.py
[2024-02-14T11:10:33.850+0000] {processor.py:753} INFO - DAG(s) dict_keys(['boaz_simple_etl']) retrieved from /opt/airflow/dags/boaz_simple_etl.py
[2024-02-14T11:10:33.910+0000] {logging_mixin.py:137} INFO - [2024-02-14T11:10:33.909+0000] {dag.py:2690} INFO - Sync 1 DAGs
[2024-02-14T11:10:33.927+0000] {logging_mixin.py:137} INFO - [2024-02-14T11:10:33.927+0000] {dag.py:3441} INFO - Setting next_dagrun for boaz_simple_etl to 2024-02-14T00:00:00+00:00, run_after=2024-02-15T00:00:00+00:00
[2024-02-14T11:10:33.942+0000] {processor.py:175} INFO - Processing /opt/airflow/dags/boaz_simple_etl.py took 0.278 seconds
[2024-02-14T11:11:04.345+0000] {processor.py:153} INFO - Started process (PID=5266) to work on /opt/airflow/dags/boaz_simple_etl.py
[2024-02-14T11:11:04.346+0000] {processor.py:743} INFO - Processing file /opt/airflow/dags/boaz_simple_etl.py for tasks to queue
[2024-02-14T11:11:04.347+0000] {logging_mixin.py:137} INFO - [2024-02-14T11:11:04.347+0000] {dagbag.py:538} INFO - Filling up the DagBag from /opt/airflow/dags/boaz_simple_etl.py
[2024-02-14T11:11:04.478+0000] {processor.py:753} INFO - DAG(s) dict_keys(['boaz_simple_etl']) retrieved from /opt/airflow/dags/boaz_simple_etl.py
[2024-02-14T11:11:04.505+0000] {logging_mixin.py:137} INFO - [2024-02-14T11:11:04.505+0000] {dag.py:2690} INFO - Sync 1 DAGs
[2024-02-14T11:11:04.525+0000] {logging_mixin.py:137} INFO - [2024-02-14T11:11:04.525+0000] {dag.py:3441} INFO - Setting next_dagrun for boaz_simple_etl to 2024-02-14T00:00:00+00:00, run_after=2024-02-15T00:00:00+00:00
[2024-02-14T11:11:04.538+0000] {processor.py:175} INFO - Processing /opt/airflow/dags/boaz_simple_etl.py took 0.198 seconds
[2024-02-14T11:11:35.037+0000] {processor.py:153} INFO - Started process (PID=5360) to work on /opt/airflow/dags/boaz_simple_etl.py
[2024-02-14T11:11:35.039+0000] {processor.py:743} INFO - Processing file /opt/airflow/dags/boaz_simple_etl.py for tasks to queue
[2024-02-14T11:11:35.040+0000] {logging_mixin.py:137} INFO - [2024-02-14T11:11:35.040+0000] {dagbag.py:538} INFO - Filling up the DagBag from /opt/airflow/dags/boaz_simple_etl.py
[2024-02-14T11:11:35.136+0000] {processor.py:753} INFO - DAG(s) dict_keys(['boaz_simple_etl']) retrieved from /opt/airflow/dags/boaz_simple_etl.py
[2024-02-14T11:11:35.155+0000] {logging_mixin.py:137} INFO - [2024-02-14T11:11:35.155+0000] {dag.py:2690} INFO - Sync 1 DAGs
[2024-02-14T11:11:35.171+0000] {logging_mixin.py:137} INFO - [2024-02-14T11:11:35.171+0000] {dag.py:3441} INFO - Setting next_dagrun for boaz_simple_etl to 2024-02-14T00:00:00+00:00, run_after=2024-02-15T00:00:00+00:00
[2024-02-14T11:11:35.182+0000] {processor.py:175} INFO - Processing /opt/airflow/dags/boaz_simple_etl.py took 0.148 seconds
[2024-02-14T11:12:05.741+0000] {processor.py:153} INFO - Started process (PID=5454) to work on /opt/airflow/dags/boaz_simple_etl.py
[2024-02-14T11:12:05.743+0000] {processor.py:743} INFO - Processing file /opt/airflow/dags/boaz_simple_etl.py for tasks to queue
[2024-02-14T11:12:05.744+0000] {logging_mixin.py:137} INFO - [2024-02-14T11:12:05.744+0000] {dagbag.py:538} INFO - Filling up the DagBag from /opt/airflow/dags/boaz_simple_etl.py
[2024-02-14T11:12:05.849+0000] {processor.py:753} INFO - DAG(s) dict_keys(['boaz_simple_etl']) retrieved from /opt/airflow/dags/boaz_simple_etl.py
[2024-02-14T11:12:05.876+0000] {logging_mixin.py:137} INFO - [2024-02-14T11:12:05.875+0000] {dag.py:2690} INFO - Sync 1 DAGs
[2024-02-14T11:12:05.896+0000] {logging_mixin.py:137} INFO - [2024-02-14T11:12:05.896+0000] {dag.py:3441} INFO - Setting next_dagrun for boaz_simple_etl to 2024-02-14T00:00:00+00:00, run_after=2024-02-15T00:00:00+00:00
[2024-02-14T11:12:05.910+0000] {processor.py:175} INFO - Processing /opt/airflow/dags/boaz_simple_etl.py took 0.176 seconds
[2024-02-14T11:12:36.444+0000] {processor.py:153} INFO - Started process (PID=5530) to work on /opt/airflow/dags/boaz_simple_etl.py
[2024-02-14T11:12:36.447+0000] {processor.py:743} INFO - Processing file /opt/airflow/dags/boaz_simple_etl.py for tasks to queue
[2024-02-14T11:12:36.448+0000] {logging_mixin.py:137} INFO - [2024-02-14T11:12:36.448+0000] {dagbag.py:538} INFO - Filling up the DagBag from /opt/airflow/dags/boaz_simple_etl.py
[2024-02-14T11:12:36.542+0000] {processor.py:753} INFO - DAG(s) dict_keys(['boaz_simple_etl']) retrieved from /opt/airflow/dags/boaz_simple_etl.py
[2024-02-14T11:12:36.560+0000] {logging_mixin.py:137} INFO - [2024-02-14T11:12:36.560+0000] {dag.py:2690} INFO - Sync 1 DAGs
[2024-02-14T11:12:36.577+0000] {logging_mixin.py:137} INFO - [2024-02-14T11:12:36.576+0000] {dag.py:3441} INFO - Setting next_dagrun for boaz_simple_etl to 2024-02-14T00:00:00+00:00, run_after=2024-02-15T00:00:00+00:00
[2024-02-14T11:12:36.587+0000] {processor.py:175} INFO - Processing /opt/airflow/dags/boaz_simple_etl.py took 0.147 seconds
[2024-02-14T11:13:07.279+0000] {processor.py:153} INFO - Started process (PID=5624) to work on /opt/airflow/dags/boaz_simple_etl.py
[2024-02-14T11:13:07.282+0000] {processor.py:743} INFO - Processing file /opt/airflow/dags/boaz_simple_etl.py for tasks to queue
[2024-02-14T11:13:07.283+0000] {logging_mixin.py:137} INFO - [2024-02-14T11:13:07.283+0000] {dagbag.py:538} INFO - Filling up the DagBag from /opt/airflow/dags/boaz_simple_etl.py
[2024-02-14T11:13:07.409+0000] {processor.py:753} INFO - DAG(s) dict_keys(['boaz_simple_etl']) retrieved from /opt/airflow/dags/boaz_simple_etl.py
[2024-02-14T11:13:07.440+0000] {logging_mixin.py:137} INFO - [2024-02-14T11:13:07.440+0000] {dag.py:2690} INFO - Sync 1 DAGs
[2024-02-14T11:13:07.460+0000] {logging_mixin.py:137} INFO - [2024-02-14T11:13:07.460+0000] {dag.py:3441} INFO - Setting next_dagrun for boaz_simple_etl to 2024-02-14T00:00:00+00:00, run_after=2024-02-15T00:00:00+00:00
[2024-02-14T11:13:07.472+0000] {processor.py:175} INFO - Processing /opt/airflow/dags/boaz_simple_etl.py took 0.200 seconds
[2024-02-14T11:13:38.049+0000] {processor.py:153} INFO - Started process (PID=5707) to work on /opt/airflow/dags/boaz_simple_etl.py
[2024-02-14T11:13:38.050+0000] {processor.py:743} INFO - Processing file /opt/airflow/dags/boaz_simple_etl.py for tasks to queue
[2024-02-14T11:13:38.051+0000] {logging_mixin.py:137} INFO - [2024-02-14T11:13:38.051+0000] {dagbag.py:538} INFO - Filling up the DagBag from /opt/airflow/dags/boaz_simple_etl.py
[2024-02-14T11:13:38.172+0000] {processor.py:753} INFO - DAG(s) dict_keys(['boaz_simple_etl']) retrieved from /opt/airflow/dags/boaz_simple_etl.py
[2024-02-14T11:13:38.192+0000] {logging_mixin.py:137} INFO - [2024-02-14T11:13:38.192+0000] {dag.py:2690} INFO - Sync 1 DAGs
[2024-02-14T11:13:38.213+0000] {logging_mixin.py:137} INFO - [2024-02-14T11:13:38.213+0000] {dag.py:3441} INFO - Setting next_dagrun for boaz_simple_etl to 2024-02-14T00:00:00+00:00, run_after=2024-02-15T00:00:00+00:00
[2024-02-14T11:13:38.225+0000] {processor.py:175} INFO - Processing /opt/airflow/dags/boaz_simple_etl.py took 0.180 seconds
[2024-02-14T11:14:08.738+0000] {processor.py:153} INFO - Started process (PID=5794) to work on /opt/airflow/dags/boaz_simple_etl.py
[2024-02-14T11:14:08.739+0000] {processor.py:743} INFO - Processing file /opt/airflow/dags/boaz_simple_etl.py for tasks to queue
[2024-02-14T11:14:08.740+0000] {logging_mixin.py:137} INFO - [2024-02-14T11:14:08.740+0000] {dagbag.py:538} INFO - Filling up the DagBag from /opt/airflow/dags/boaz_simple_etl.py
[2024-02-14T11:14:08.846+0000] {processor.py:753} INFO - DAG(s) dict_keys(['boaz_simple_etl']) retrieved from /opt/airflow/dags/boaz_simple_etl.py
[2024-02-14T11:14:08.866+0000] {logging_mixin.py:137} INFO - [2024-02-14T11:14:08.866+0000] {dag.py:2690} INFO - Sync 1 DAGs
[2024-02-14T11:14:08.884+0000] {logging_mixin.py:137} INFO - [2024-02-14T11:14:08.884+0000] {dag.py:3441} INFO - Setting next_dagrun for boaz_simple_etl to 2024-02-14T00:00:00+00:00, run_after=2024-02-15T00:00:00+00:00
[2024-02-14T11:14:08.894+0000] {processor.py:175} INFO - Processing /opt/airflow/dags/boaz_simple_etl.py took 0.161 seconds
[2024-02-14T11:14:39.435+0000] {processor.py:153} INFO - Started process (PID=5888) to work on /opt/airflow/dags/boaz_simple_etl.py
[2024-02-14T11:14:39.437+0000] {processor.py:743} INFO - Processing file /opt/airflow/dags/boaz_simple_etl.py for tasks to queue
[2024-02-14T11:14:39.437+0000] {logging_mixin.py:137} INFO - [2024-02-14T11:14:39.437+0000] {dagbag.py:538} INFO - Filling up the DagBag from /opt/airflow/dags/boaz_simple_etl.py
[2024-02-14T11:14:39.536+0000] {processor.py:753} INFO - DAG(s) dict_keys(['boaz_simple_etl']) retrieved from /opt/airflow/dags/boaz_simple_etl.py
[2024-02-14T11:14:39.556+0000] {logging_mixin.py:137} INFO - [2024-02-14T11:14:39.556+0000] {dag.py:2690} INFO - Sync 1 DAGs
[2024-02-14T11:14:39.574+0000] {logging_mixin.py:137} INFO - [2024-02-14T11:14:39.574+0000] {dag.py:3441} INFO - Setting next_dagrun for boaz_simple_etl to 2024-02-14T00:00:00+00:00, run_after=2024-02-15T00:00:00+00:00
[2024-02-14T11:14:39.584+0000] {processor.py:175} INFO - Processing /opt/airflow/dags/boaz_simple_etl.py took 0.154 seconds
[2024-02-14T11:15:10.196+0000] {processor.py:153} INFO - Started process (PID=5964) to work on /opt/airflow/dags/boaz_simple_etl.py
[2024-02-14T11:15:10.199+0000] {processor.py:743} INFO - Processing file /opt/airflow/dags/boaz_simple_etl.py for tasks to queue
[2024-02-14T11:15:10.199+0000] {logging_mixin.py:137} INFO - [2024-02-14T11:15:10.199+0000] {dagbag.py:538} INFO - Filling up the DagBag from /opt/airflow/dags/boaz_simple_etl.py
[2024-02-14T11:15:10.308+0000] {processor.py:753} INFO - DAG(s) dict_keys(['boaz_simple_etl']) retrieved from /opt/airflow/dags/boaz_simple_etl.py
[2024-02-14T11:15:10.338+0000] {logging_mixin.py:137} INFO - [2024-02-14T11:15:10.337+0000] {dag.py:2690} INFO - Sync 1 DAGs
[2024-02-14T11:15:10.360+0000] {logging_mixin.py:137} INFO - [2024-02-14T11:15:10.360+0000] {dag.py:3441} INFO - Setting next_dagrun for boaz_simple_etl to 2024-02-14T00:00:00+00:00, run_after=2024-02-15T00:00:00+00:00
[2024-02-14T11:15:10.374+0000] {processor.py:175} INFO - Processing /opt/airflow/dags/boaz_simple_etl.py took 0.181 seconds
[2024-02-14T11:15:40.965+0000] {processor.py:153} INFO - Started process (PID=6058) to work on /opt/airflow/dags/boaz_simple_etl.py
[2024-02-14T11:15:40.967+0000] {processor.py:743} INFO - Processing file /opt/airflow/dags/boaz_simple_etl.py for tasks to queue
[2024-02-14T11:15:40.968+0000] {logging_mixin.py:137} INFO - [2024-02-14T11:15:40.968+0000] {dagbag.py:538} INFO - Filling up the DagBag from /opt/airflow/dags/boaz_simple_etl.py
[2024-02-14T11:15:41.076+0000] {processor.py:753} INFO - DAG(s) dict_keys(['boaz_simple_etl']) retrieved from /opt/airflow/dags/boaz_simple_etl.py
[2024-02-14T11:15:41.098+0000] {logging_mixin.py:137} INFO - [2024-02-14T11:15:41.097+0000] {dag.py:2690} INFO - Sync 1 DAGs
[2024-02-14T11:15:41.117+0000] {logging_mixin.py:137} INFO - [2024-02-14T11:15:41.117+0000] {dag.py:3441} INFO - Setting next_dagrun for boaz_simple_etl to 2024-02-14T00:00:00+00:00, run_after=2024-02-15T00:00:00+00:00
[2024-02-14T11:15:41.128+0000] {processor.py:175} INFO - Processing /opt/airflow/dags/boaz_simple_etl.py took 0.169 seconds
[2024-02-14T11:16:11.649+0000] {processor.py:153} INFO - Started process (PID=6152) to work on /opt/airflow/dags/boaz_simple_etl.py
[2024-02-14T11:16:11.651+0000] {processor.py:743} INFO - Processing file /opt/airflow/dags/boaz_simple_etl.py for tasks to queue
[2024-02-14T11:16:11.652+0000] {logging_mixin.py:137} INFO - [2024-02-14T11:16:11.652+0000] {dagbag.py:538} INFO - Filling up the DagBag from /opt/airflow/dags/boaz_simple_etl.py
[2024-02-14T11:16:11.772+0000] {processor.py:753} INFO - DAG(s) dict_keys(['boaz_simple_etl']) retrieved from /opt/airflow/dags/boaz_simple_etl.py
[2024-02-14T11:16:11.799+0000] {logging_mixin.py:137} INFO - [2024-02-14T11:16:11.798+0000] {dag.py:2690} INFO - Sync 1 DAGs
[2024-02-14T11:16:11.820+0000] {logging_mixin.py:137} INFO - [2024-02-14T11:16:11.820+0000] {dag.py:3441} INFO - Setting next_dagrun for boaz_simple_etl to 2024-02-14T00:00:00+00:00, run_after=2024-02-15T00:00:00+00:00
[2024-02-14T11:16:11.832+0000] {processor.py:175} INFO - Processing /opt/airflow/dags/boaz_simple_etl.py took 0.188 seconds
[2024-02-14T11:29:40.611+0000] {processor.py:153} INFO - Started process (PID=6228) to work on /opt/airflow/dags/boaz_simple_etl.py
[2024-02-14T11:29:40.615+0000] {processor.py:743} INFO - Processing file /opt/airflow/dags/boaz_simple_etl.py for tasks to queue
[2024-02-14T11:29:40.617+0000] {logging_mixin.py:137} INFO - [2024-02-14T11:29:40.617+0000] {dagbag.py:538} INFO - Filling up the DagBag from /opt/airflow/dags/boaz_simple_etl.py
[2024-02-14T11:29:40.877+0000] {processor.py:753} INFO - DAG(s) dict_keys(['boaz_simple_etl']) retrieved from /opt/airflow/dags/boaz_simple_etl.py
[2024-02-14T11:29:40.927+0000] {logging_mixin.py:137} INFO - [2024-02-14T11:29:40.926+0000] {dag.py:2690} INFO - Sync 1 DAGs
[2024-02-14T11:29:40.984+0000] {logging_mixin.py:137} INFO - [2024-02-14T11:29:40.983+0000] {dag.py:3441} INFO - Setting next_dagrun for boaz_simple_etl to 2024-02-14T00:00:00+00:00, run_after=2024-02-15T00:00:00+00:00
[2024-02-14T11:29:41.020+0000] {processor.py:175} INFO - Processing /opt/airflow/dags/boaz_simple_etl.py took 0.420 seconds
[2024-02-14T11:33:57.238+0000] {processor.py:153} INFO - Started process (PID=6322) to work on /opt/airflow/dags/boaz_simple_etl.py
[2024-02-14T11:33:57.240+0000] {processor.py:743} INFO - Processing file /opt/airflow/dags/boaz_simple_etl.py for tasks to queue
[2024-02-14T11:33:57.241+0000] {logging_mixin.py:137} INFO - [2024-02-14T11:33:57.241+0000] {dagbag.py:538} INFO - Filling up the DagBag from /opt/airflow/dags/boaz_simple_etl.py
[2024-02-14T11:33:57.474+0000] {processor.py:753} INFO - DAG(s) dict_keys(['boaz_simple_etl']) retrieved from /opt/airflow/dags/boaz_simple_etl.py
[2024-02-14T11:33:57.511+0000] {logging_mixin.py:137} INFO - [2024-02-14T11:33:57.510+0000] {dag.py:2690} INFO - Sync 1 DAGs
[2024-02-14T11:33:57.533+0000] {logging_mixin.py:137} INFO - [2024-02-14T11:33:57.532+0000] {dag.py:3441} INFO - Setting next_dagrun for boaz_simple_etl to 2024-02-14T00:00:00+00:00, run_after=2024-02-15T00:00:00+00:00
[2024-02-14T11:33:57.556+0000] {processor.py:175} INFO - Processing /opt/airflow/dags/boaz_simple_etl.py took 0.325 seconds
[2024-02-14T11:38:46.149+0000] {processor.py:153} INFO - Started process (PID=6398) to work on /opt/airflow/dags/boaz_simple_etl.py
[2024-02-14T11:38:46.150+0000] {processor.py:743} INFO - Processing file /opt/airflow/dags/boaz_simple_etl.py for tasks to queue
[2024-02-14T11:38:46.151+0000] {logging_mixin.py:137} INFO - [2024-02-14T11:38:46.150+0000] {dagbag.py:538} INFO - Filling up the DagBag from /opt/airflow/dags/boaz_simple_etl.py
[2024-02-14T11:38:46.307+0000] {processor.py:753} INFO - DAG(s) dict_keys(['boaz_simple_etl']) retrieved from /opt/airflow/dags/boaz_simple_etl.py
[2024-02-14T11:38:46.368+0000] {logging_mixin.py:137} INFO - [2024-02-14T11:38:46.367+0000] {dag.py:2690} INFO - Sync 1 DAGs
[2024-02-14T11:38:46.449+0000] {logging_mixin.py:137} INFO - [2024-02-14T11:38:46.449+0000] {dag.py:3441} INFO - Setting next_dagrun for boaz_simple_etl to 2024-02-14T00:00:00+00:00, run_after=2024-02-15T00:00:00+00:00
[2024-02-14T11:38:46.505+0000] {processor.py:175} INFO - Processing /opt/airflow/dags/boaz_simple_etl.py took 0.365 seconds
[2024-02-14T11:53:28.940+0000] {processor.py:153} INFO - Started process (PID=6492) to work on /opt/airflow/dags/boaz_simple_etl.py
[2024-02-14T11:53:28.941+0000] {processor.py:743} INFO - Processing file /opt/airflow/dags/boaz_simple_etl.py for tasks to queue
[2024-02-14T11:53:28.942+0000] {logging_mixin.py:137} INFO - [2024-02-14T11:53:28.942+0000] {dagbag.py:538} INFO - Filling up the DagBag from /opt/airflow/dags/boaz_simple_etl.py
[2024-02-14T11:53:29.254+0000] {processor.py:753} INFO - DAG(s) dict_keys(['boaz_simple_etl']) retrieved from /opt/airflow/dags/boaz_simple_etl.py
[2024-02-14T11:53:29.306+0000] {logging_mixin.py:137} INFO - [2024-02-14T11:53:29.305+0000] {dag.py:2690} INFO - Sync 1 DAGs
[2024-02-14T11:53:29.388+0000] {logging_mixin.py:137} INFO - [2024-02-14T11:53:29.388+0000] {dag.py:3441} INFO - Setting next_dagrun for boaz_simple_etl to 2024-02-14T00:00:00+00:00, run_after=2024-02-15T00:00:00+00:00
[2024-02-14T11:53:29.429+0000] {processor.py:175} INFO - Processing /opt/airflow/dags/boaz_simple_etl.py took 0.494 seconds
[2024-02-14T12:30:55.489+0000] {processor.py:153} INFO - Started process (PID=6575) to work on /opt/airflow/dags/boaz_simple_etl.py
[2024-02-14T12:30:55.491+0000] {processor.py:743} INFO - Processing file /opt/airflow/dags/boaz_simple_etl.py for tasks to queue
[2024-02-14T12:30:55.492+0000] {logging_mixin.py:137} INFO - [2024-02-14T12:30:55.492+0000] {dagbag.py:538} INFO - Filling up the DagBag from /opt/airflow/dags/boaz_simple_etl.py
[2024-02-14T12:30:55.744+0000] {processor.py:753} INFO - DAG(s) dict_keys(['boaz_simple_etl']) retrieved from /opt/airflow/dags/boaz_simple_etl.py
[2024-02-14T12:30:55.824+0000] {logging_mixin.py:137} INFO - [2024-02-14T12:30:55.823+0000] {dag.py:2690} INFO - Sync 1 DAGs
[2024-02-14T12:30:55.868+0000] {logging_mixin.py:137} INFO - [2024-02-14T12:30:55.868+0000] {dag.py:3441} INFO - Setting next_dagrun for boaz_simple_etl to 2024-02-14T00:00:00+00:00, run_after=2024-02-15T00:00:00+00:00
[2024-02-14T12:30:55.904+0000] {processor.py:175} INFO - Processing /opt/airflow/dags/boaz_simple_etl.py took 0.423 seconds
[2024-02-14T13:17:49.700+0000] {processor.py:153} INFO - Started process (PID=6662) to work on /opt/airflow/dags/boaz_simple_etl.py
[2024-02-14T13:17:49.702+0000] {processor.py:743} INFO - Processing file /opt/airflow/dags/boaz_simple_etl.py for tasks to queue
[2024-02-14T13:17:49.702+0000] {logging_mixin.py:137} INFO - [2024-02-14T13:17:49.702+0000] {dagbag.py:538} INFO - Filling up the DagBag from /opt/airflow/dags/boaz_simple_etl.py
[2024-02-14T13:17:49.912+0000] {processor.py:753} INFO - DAG(s) dict_keys(['boaz_simple_etl']) retrieved from /opt/airflow/dags/boaz_simple_etl.py
[2024-02-14T13:17:49.962+0000] {logging_mixin.py:137} INFO - [2024-02-14T13:17:49.960+0000] {dag.py:2690} INFO - Sync 1 DAGs
[2024-02-14T13:17:50.004+0000] {logging_mixin.py:137} INFO - [2024-02-14T13:17:50.004+0000] {dag.py:3441} INFO - Setting next_dagrun for boaz_simple_etl to 2024-02-14T00:00:00+00:00, run_after=2024-02-15T00:00:00+00:00
[2024-02-14T13:17:50.021+0000] {processor.py:175} INFO - Processing /opt/airflow/dags/boaz_simple_etl.py took 0.325 seconds
[2024-02-14T14:18:38.026+0000] {processor.py:153} INFO - Started process (PID=6756) to work on /opt/airflow/dags/boaz_simple_etl.py
[2024-02-14T14:18:38.029+0000] {processor.py:743} INFO - Processing file /opt/airflow/dags/boaz_simple_etl.py for tasks to queue
[2024-02-14T14:18:38.032+0000] {logging_mixin.py:137} INFO - [2024-02-14T14:18:38.032+0000] {dagbag.py:538} INFO - Filling up the DagBag from /opt/airflow/dags/boaz_simple_etl.py
[2024-02-14T14:18:38.648+0000] {processor.py:753} INFO - DAG(s) dict_keys(['boaz_simple_etl']) retrieved from /opt/airflow/dags/boaz_simple_etl.py
[2024-02-14T14:18:38.706+0000] {logging_mixin.py:137} INFO - [2024-02-14T14:18:38.706+0000] {dag.py:2690} INFO - Sync 1 DAGs
[2024-02-14T14:18:38.736+0000] {logging_mixin.py:137} INFO - [2024-02-14T14:18:38.735+0000] {dag.py:3441} INFO - Setting next_dagrun for boaz_simple_etl to 2024-02-14T00:00:00+00:00, run_after=2024-02-15T00:00:00+00:00
[2024-02-14T14:18:38.766+0000] {processor.py:175} INFO - Processing /opt/airflow/dags/boaz_simple_etl.py took 0.756 seconds
[2024-02-14T14:41:35.798+0000] {processor.py:153} INFO - Started process (PID=6832) to work on /opt/airflow/dags/boaz_simple_etl.py
[2024-02-14T14:41:35.799+0000] {processor.py:743} INFO - Processing file /opt/airflow/dags/boaz_simple_etl.py for tasks to queue
[2024-02-14T14:41:35.799+0000] {logging_mixin.py:137} INFO - [2024-02-14T14:41:35.799+0000] {dagbag.py:538} INFO - Filling up the DagBag from /opt/airflow/dags/boaz_simple_etl.py
[2024-02-14T14:41:36.029+0000] {processor.py:753} INFO - DAG(s) dict_keys(['boaz_simple_etl']) retrieved from /opt/airflow/dags/boaz_simple_etl.py
[2024-02-14T14:41:36.083+0000] {logging_mixin.py:137} INFO - [2024-02-14T14:41:36.083+0000] {dag.py:2690} INFO - Sync 1 DAGs
[2024-02-14T14:41:36.113+0000] {logging_mixin.py:137} INFO - [2024-02-14T14:41:36.113+0000] {dag.py:3441} INFO - Setting next_dagrun for boaz_simple_etl to 2024-02-14T00:00:00+00:00, run_after=2024-02-15T00:00:00+00:00
[2024-02-14T14:41:36.137+0000] {processor.py:175} INFO - Processing /opt/airflow/dags/boaz_simple_etl.py took 0.343 seconds
[2024-02-14T15:19:36.237+0000] {processor.py:153} INFO - Started process (PID=6925) to work on /opt/airflow/dags/boaz_simple_etl.py
[2024-02-14T15:19:36.238+0000] {processor.py:743} INFO - Processing file /opt/airflow/dags/boaz_simple_etl.py for tasks to queue
[2024-02-14T15:19:36.239+0000] {logging_mixin.py:137} INFO - [2024-02-14T15:19:36.239+0000] {dagbag.py:538} INFO - Filling up the DagBag from /opt/airflow/dags/boaz_simple_etl.py
[2024-02-14T15:19:36.365+0000] {processor.py:753} INFO - DAG(s) dict_keys(['boaz_simple_etl']) retrieved from /opt/airflow/dags/boaz_simple_etl.py
[2024-02-14T15:19:36.385+0000] {logging_mixin.py:137} INFO - [2024-02-14T15:19:36.385+0000] {dag.py:2690} INFO - Sync 1 DAGs
[2024-02-14T15:19:36.403+0000] {logging_mixin.py:137} INFO - [2024-02-14T15:19:36.403+0000] {dag.py:3441} INFO - Setting next_dagrun for boaz_simple_etl to 2024-02-14T00:00:00+00:00, run_after=2024-02-15T00:00:00+00:00
[2024-02-14T15:19:36.413+0000] {processor.py:175} INFO - Processing /opt/airflow/dags/boaz_simple_etl.py took 0.180 seconds
[2024-02-14T16:20:35.582+0000] {processor.py:153} INFO - Started process (PID=7001) to work on /opt/airflow/dags/boaz_simple_etl.py
[2024-02-14T16:20:35.585+0000] {processor.py:743} INFO - Processing file /opt/airflow/dags/boaz_simple_etl.py for tasks to queue
[2024-02-14T16:20:35.586+0000] {logging_mixin.py:137} INFO - [2024-02-14T16:20:35.586+0000] {dagbag.py:538} INFO - Filling up the DagBag from /opt/airflow/dags/boaz_simple_etl.py
[2024-02-14T16:20:35.783+0000] {processor.py:753} INFO - DAG(s) dict_keys(['boaz_simple_etl']) retrieved from /opt/airflow/dags/boaz_simple_etl.py
[2024-02-14T16:20:35.817+0000] {logging_mixin.py:137} INFO - [2024-02-14T16:20:35.817+0000] {dag.py:2690} INFO - Sync 1 DAGs
[2024-02-14T16:20:35.850+0000] {logging_mixin.py:137} INFO - [2024-02-14T16:20:35.849+0000] {dag.py:3441} INFO - Setting next_dagrun for boaz_simple_etl to 2024-02-14T00:00:00+00:00, run_after=2024-02-15T00:00:00+00:00
[2024-02-14T16:20:35.876+0000] {processor.py:175} INFO - Processing /opt/airflow/dags/boaz_simple_etl.py took 0.303 seconds
[2024-02-14T17:18:55.463+0000] {processor.py:153} INFO - Started process (PID=7095) to work on /opt/airflow/dags/boaz_simple_etl.py
[2024-02-14T17:18:55.464+0000] {processor.py:743} INFO - Processing file /opt/airflow/dags/boaz_simple_etl.py for tasks to queue
[2024-02-14T17:18:55.466+0000] {logging_mixin.py:137} INFO - [2024-02-14T17:18:55.465+0000] {dagbag.py:538} INFO - Filling up the DagBag from /opt/airflow/dags/boaz_simple_etl.py
[2024-02-14T17:18:55.570+0000] {processor.py:753} INFO - DAG(s) dict_keys(['boaz_simple_etl']) retrieved from /opt/airflow/dags/boaz_simple_etl.py
[2024-02-14T17:18:55.588+0000] {logging_mixin.py:137} INFO - [2024-02-14T17:18:55.587+0000] {dag.py:2690} INFO - Sync 1 DAGs
[2024-02-14T17:18:55.605+0000] {logging_mixin.py:137} INFO - [2024-02-14T17:18:55.604+0000] {dag.py:3441} INFO - Setting next_dagrun for boaz_simple_etl to 2024-02-14T00:00:00+00:00, run_after=2024-02-15T00:00:00+00:00
[2024-02-14T17:18:55.616+0000] {processor.py:175} INFO - Processing /opt/airflow/dags/boaz_simple_etl.py took 0.162 seconds
[2024-02-14T17:20:29.769+0000] {processor.py:153} INFO - Started process (PID=7171) to work on /opt/airflow/dags/boaz_simple_etl.py
[2024-02-14T17:20:29.771+0000] {processor.py:743} INFO - Processing file /opt/airflow/dags/boaz_simple_etl.py for tasks to queue
[2024-02-14T17:20:29.772+0000] {logging_mixin.py:137} INFO - [2024-02-14T17:20:29.772+0000] {dagbag.py:538} INFO - Filling up the DagBag from /opt/airflow/dags/boaz_simple_etl.py
[2024-02-14T17:20:29.885+0000] {processor.py:753} INFO - DAG(s) dict_keys(['boaz_simple_etl']) retrieved from /opt/airflow/dags/boaz_simple_etl.py
[2024-02-14T17:20:29.906+0000] {logging_mixin.py:137} INFO - [2024-02-14T17:20:29.905+0000] {dag.py:2690} INFO - Sync 1 DAGs
[2024-02-14T17:20:29.926+0000] {logging_mixin.py:137} INFO - [2024-02-14T17:20:29.926+0000] {dag.py:3441} INFO - Setting next_dagrun for boaz_simple_etl to 2024-02-14T00:00:00+00:00, run_after=2024-02-15T00:00:00+00:00
[2024-02-14T17:20:29.937+0000] {processor.py:175} INFO - Processing /opt/airflow/dags/boaz_simple_etl.py took 0.172 seconds
[2024-02-14T17:21:00.866+0000] {processor.py:153} INFO - Started process (PID=7264) to work on /opt/airflow/dags/boaz_simple_etl.py
[2024-02-14T17:21:00.869+0000] {processor.py:743} INFO - Processing file /opt/airflow/dags/boaz_simple_etl.py for tasks to queue
[2024-02-14T17:21:00.871+0000] {logging_mixin.py:137} INFO - [2024-02-14T17:21:00.871+0000] {dagbag.py:538} INFO - Filling up the DagBag from /opt/airflow/dags/boaz_simple_etl.py
[2024-02-14T17:21:00.993+0000] {processor.py:753} INFO - DAG(s) dict_keys(['boaz_simple_etl']) retrieved from /opt/airflow/dags/boaz_simple_etl.py
[2024-02-14T17:21:01.012+0000] {logging_mixin.py:137} INFO - [2024-02-14T17:21:01.012+0000] {dag.py:2690} INFO - Sync 1 DAGs
[2024-02-14T17:21:01.028+0000] {logging_mixin.py:137} INFO - [2024-02-14T17:21:01.028+0000] {dag.py:3441} INFO - Setting next_dagrun for boaz_simple_etl to 2024-02-14T00:00:00+00:00, run_after=2024-02-15T00:00:00+00:00
[2024-02-14T17:21:01.037+0000] {processor.py:175} INFO - Processing /opt/airflow/dags/boaz_simple_etl.py took 0.180 seconds
[2024-02-14T17:21:31.648+0000] {processor.py:153} INFO - Started process (PID=7358) to work on /opt/airflow/dags/boaz_simple_etl.py
[2024-02-14T17:21:31.649+0000] {processor.py:743} INFO - Processing file /opt/airflow/dags/boaz_simple_etl.py for tasks to queue
[2024-02-14T17:21:31.649+0000] {logging_mixin.py:137} INFO - [2024-02-14T17:21:31.649+0000] {dagbag.py:538} INFO - Filling up the DagBag from /opt/airflow/dags/boaz_simple_etl.py
[2024-02-14T17:21:31.767+0000] {processor.py:753} INFO - DAG(s) dict_keys(['boaz_simple_etl']) retrieved from /opt/airflow/dags/boaz_simple_etl.py
[2024-02-14T17:21:31.799+0000] {logging_mixin.py:137} INFO - [2024-02-14T17:21:31.799+0000] {dag.py:2690} INFO - Sync 1 DAGs
[2024-02-14T17:21:31.817+0000] {logging_mixin.py:137} INFO - [2024-02-14T17:21:31.817+0000] {dag.py:3441} INFO - Setting next_dagrun for boaz_simple_etl to 2024-02-14T00:00:00+00:00, run_after=2024-02-15T00:00:00+00:00
[2024-02-14T17:21:31.828+0000] {processor.py:175} INFO - Processing /opt/airflow/dags/boaz_simple_etl.py took 0.185 seconds
[2024-02-14T17:22:02.560+0000] {processor.py:153} INFO - Started process (PID=7434) to work on /opt/airflow/dags/boaz_simple_etl.py
[2024-02-14T17:22:02.562+0000] {processor.py:743} INFO - Processing file /opt/airflow/dags/boaz_simple_etl.py for tasks to queue
[2024-02-14T17:22:02.563+0000] {logging_mixin.py:137} INFO - [2024-02-14T17:22:02.562+0000] {dagbag.py:538} INFO - Filling up the DagBag from /opt/airflow/dags/boaz_simple_etl.py
[2024-02-14T17:22:02.682+0000] {processor.py:753} INFO - DAG(s) dict_keys(['boaz_simple_etl']) retrieved from /opt/airflow/dags/boaz_simple_etl.py
[2024-02-14T17:22:02.706+0000] {logging_mixin.py:137} INFO - [2024-02-14T17:22:02.703+0000] {dag.py:2690} INFO - Sync 1 DAGs
[2024-02-14T17:22:02.728+0000] {logging_mixin.py:137} INFO - [2024-02-14T17:22:02.728+0000] {dag.py:3441} INFO - Setting next_dagrun for boaz_simple_etl to 2024-02-14T00:00:00+00:00, run_after=2024-02-15T00:00:00+00:00
[2024-02-14T17:22:02.937+0000] {processor.py:175} INFO - Processing /opt/airflow/dags/boaz_simple_etl.py took 0.384 seconds
[2024-02-14T17:22:33.866+0000] {processor.py:153} INFO - Started process (PID=7531) to work on /opt/airflow/dags/boaz_simple_etl.py
[2024-02-14T17:22:33.880+0000] {processor.py:743} INFO - Processing file /opt/airflow/dags/boaz_simple_etl.py for tasks to queue
[2024-02-14T17:22:33.886+0000] {logging_mixin.py:137} INFO - [2024-02-14T17:22:33.886+0000] {dagbag.py:538} INFO - Filling up the DagBag from /opt/airflow/dags/boaz_simple_etl.py
[2024-02-14T17:22:34.001+0000] {processor.py:753} INFO - DAG(s) dict_keys(['boaz_simple_etl']) retrieved from /opt/airflow/dags/boaz_simple_etl.py
[2024-02-14T17:22:34.021+0000] {logging_mixin.py:137} INFO - [2024-02-14T17:22:34.020+0000] {dag.py:2690} INFO - Sync 1 DAGs
[2024-02-14T17:22:34.038+0000] {logging_mixin.py:137} INFO - [2024-02-14T17:22:34.038+0000] {dag.py:3441} INFO - Setting next_dagrun for boaz_simple_etl to 2024-02-14T00:00:00+00:00, run_after=2024-02-15T00:00:00+00:00
[2024-02-14T17:22:34.049+0000] {processor.py:175} INFO - Processing /opt/airflow/dags/boaz_simple_etl.py took 0.186 seconds
[2024-02-14T17:23:04.870+0000] {processor.py:153} INFO - Started process (PID=7625) to work on /opt/airflow/dags/boaz_simple_etl.py
[2024-02-14T17:23:04.873+0000] {processor.py:743} INFO - Processing file /opt/airflow/dags/boaz_simple_etl.py for tasks to queue
[2024-02-14T17:23:04.874+0000] {logging_mixin.py:137} INFO - [2024-02-14T17:23:04.874+0000] {dagbag.py:538} INFO - Filling up the DagBag from /opt/airflow/dags/boaz_simple_etl.py
[2024-02-14T17:23:04.983+0000] {processor.py:753} INFO - DAG(s) dict_keys(['boaz_simple_etl']) retrieved from /opt/airflow/dags/boaz_simple_etl.py
[2024-02-14T17:23:05.004+0000] {logging_mixin.py:137} INFO - [2024-02-14T17:23:05.003+0000] {dag.py:2690} INFO - Sync 1 DAGs
[2024-02-14T17:23:05.020+0000] {logging_mixin.py:137} INFO - [2024-02-14T17:23:05.020+0000] {dag.py:3441} INFO - Setting next_dagrun for boaz_simple_etl to 2024-02-14T00:00:00+00:00, run_after=2024-02-15T00:00:00+00:00
[2024-02-14T17:23:05.030+0000] {processor.py:175} INFO - Processing /opt/airflow/dags/boaz_simple_etl.py took 0.166 seconds
[2024-02-14T17:23:35.660+0000] {processor.py:153} INFO - Started process (PID=7701) to work on /opt/airflow/dags/boaz_simple_etl.py
[2024-02-14T17:23:35.660+0000] {processor.py:743} INFO - Processing file /opt/airflow/dags/boaz_simple_etl.py for tasks to queue
[2024-02-14T17:23:35.661+0000] {logging_mixin.py:137} INFO - [2024-02-14T17:23:35.661+0000] {dagbag.py:538} INFO - Filling up the DagBag from /opt/airflow/dags/boaz_simple_etl.py
[2024-02-14T17:23:35.752+0000] {processor.py:753} INFO - DAG(s) dict_keys(['boaz_simple_etl']) retrieved from /opt/airflow/dags/boaz_simple_etl.py
[2024-02-14T17:23:35.769+0000] {logging_mixin.py:137} INFO - [2024-02-14T17:23:35.769+0000] {dag.py:2690} INFO - Sync 1 DAGs
[2024-02-14T17:23:35.785+0000] {logging_mixin.py:137} INFO - [2024-02-14T17:23:35.785+0000] {dag.py:3441} INFO - Setting next_dagrun for boaz_simple_etl to 2024-02-14T00:00:00+00:00, run_after=2024-02-15T00:00:00+00:00
[2024-02-14T17:23:35.795+0000] {processor.py:175} INFO - Processing /opt/airflow/dags/boaz_simple_etl.py took 0.138 seconds
[2024-02-14T17:24:05.897+0000] {processor.py:153} INFO - Started process (PID=7795) to work on /opt/airflow/dags/boaz_simple_etl.py
[2024-02-14T17:24:05.898+0000] {processor.py:743} INFO - Processing file /opt/airflow/dags/boaz_simple_etl.py for tasks to queue
[2024-02-14T17:24:05.899+0000] {logging_mixin.py:137} INFO - [2024-02-14T17:24:05.899+0000] {dagbag.py:538} INFO - Filling up the DagBag from /opt/airflow/dags/boaz_simple_etl.py
[2024-02-14T17:24:06.005+0000] {processor.py:753} INFO - DAG(s) dict_keys(['boaz_simple_etl']) retrieved from /opt/airflow/dags/boaz_simple_etl.py
[2024-02-14T17:24:06.026+0000] {logging_mixin.py:137} INFO - [2024-02-14T17:24:06.026+0000] {dag.py:2690} INFO - Sync 1 DAGs
[2024-02-14T17:24:06.044+0000] {logging_mixin.py:137} INFO - [2024-02-14T17:24:06.044+0000] {dag.py:3441} INFO - Setting next_dagrun for boaz_simple_etl to 2024-02-14T00:00:00+00:00, run_after=2024-02-15T00:00:00+00:00
[2024-02-14T17:24:06.057+0000] {processor.py:175} INFO - Processing /opt/airflow/dags/boaz_simple_etl.py took 0.162 seconds
[2024-02-14T17:24:36.733+0000] {processor.py:153} INFO - Started process (PID=7884) to work on /opt/airflow/dags/boaz_simple_etl.py
[2024-02-14T17:24:36.734+0000] {processor.py:743} INFO - Processing file /opt/airflow/dags/boaz_simple_etl.py for tasks to queue
[2024-02-14T17:24:36.736+0000] {logging_mixin.py:137} INFO - [2024-02-14T17:24:36.736+0000] {dagbag.py:538} INFO - Filling up the DagBag from /opt/airflow/dags/boaz_simple_etl.py
[2024-02-14T17:24:36.832+0000] {processor.py:753} INFO - DAG(s) dict_keys(['boaz_simple_etl']) retrieved from /opt/airflow/dags/boaz_simple_etl.py
[2024-02-14T17:24:36.851+0000] {logging_mixin.py:137} INFO - [2024-02-14T17:24:36.851+0000] {dag.py:2690} INFO - Sync 1 DAGs
[2024-02-14T17:24:36.867+0000] {logging_mixin.py:137} INFO - [2024-02-14T17:24:36.867+0000] {dag.py:3441} INFO - Setting next_dagrun for boaz_simple_etl to 2024-02-14T00:00:00+00:00, run_after=2024-02-15T00:00:00+00:00
[2024-02-14T17:24:36.877+0000] {processor.py:175} INFO - Processing /opt/airflow/dags/boaz_simple_etl.py took 0.151 seconds
[2024-02-14T17:25:07.549+0000] {processor.py:153} INFO - Started process (PID=7960) to work on /opt/airflow/dags/boaz_simple_etl.py
[2024-02-14T17:25:07.550+0000] {processor.py:743} INFO - Processing file /opt/airflow/dags/boaz_simple_etl.py for tasks to queue
[2024-02-14T17:25:07.550+0000] {logging_mixin.py:137} INFO - [2024-02-14T17:25:07.550+0000] {dagbag.py:538} INFO - Filling up the DagBag from /opt/airflow/dags/boaz_simple_etl.py
[2024-02-14T17:25:07.642+0000] {processor.py:753} INFO - DAG(s) dict_keys(['boaz_simple_etl']) retrieved from /opt/airflow/dags/boaz_simple_etl.py
[2024-02-14T17:25:07.660+0000] {logging_mixin.py:137} INFO - [2024-02-14T17:25:07.659+0000] {dag.py:2690} INFO - Sync 1 DAGs
[2024-02-14T17:25:07.676+0000] {logging_mixin.py:137} INFO - [2024-02-14T17:25:07.676+0000] {dag.py:3441} INFO - Setting next_dagrun for boaz_simple_etl to 2024-02-14T00:00:00+00:00, run_after=2024-02-15T00:00:00+00:00
[2024-02-14T17:25:07.687+0000] {processor.py:175} INFO - Processing /opt/airflow/dags/boaz_simple_etl.py took 0.140 seconds
[2024-02-14T17:25:38.394+0000] {processor.py:153} INFO - Started process (PID=8054) to work on /opt/airflow/dags/boaz_simple_etl.py
[2024-02-14T17:25:38.396+0000] {processor.py:743} INFO - Processing file /opt/airflow/dags/boaz_simple_etl.py for tasks to queue
[2024-02-14T17:25:38.397+0000] {logging_mixin.py:137} INFO - [2024-02-14T17:25:38.397+0000] {dagbag.py:538} INFO - Filling up the DagBag from /opt/airflow/dags/boaz_simple_etl.py
[2024-02-14T17:25:38.494+0000] {processor.py:753} INFO - DAG(s) dict_keys(['boaz_simple_etl']) retrieved from /opt/airflow/dags/boaz_simple_etl.py
[2024-02-14T17:25:38.512+0000] {logging_mixin.py:137} INFO - [2024-02-14T17:25:38.511+0000] {dag.py:2690} INFO - Sync 1 DAGs
[2024-02-14T17:25:38.528+0000] {logging_mixin.py:137} INFO - [2024-02-14T17:25:38.528+0000] {dag.py:3441} INFO - Setting next_dagrun for boaz_simple_etl to 2024-02-14T00:00:00+00:00, run_after=2024-02-15T00:00:00+00:00
[2024-02-14T17:25:38.720+0000] {processor.py:175} INFO - Processing /opt/airflow/dags/boaz_simple_etl.py took 0.333 seconds
[2024-02-14T17:26:09.193+0000] {processor.py:153} INFO - Started process (PID=8148) to work on /opt/airflow/dags/boaz_simple_etl.py
[2024-02-14T17:26:09.194+0000] {processor.py:743} INFO - Processing file /opt/airflow/dags/boaz_simple_etl.py for tasks to queue
[2024-02-14T17:26:09.195+0000] {logging_mixin.py:137} INFO - [2024-02-14T17:26:09.194+0000] {dagbag.py:538} INFO - Filling up the DagBag from /opt/airflow/dags/boaz_simple_etl.py
[2024-02-14T17:26:09.299+0000] {processor.py:753} INFO - DAG(s) dict_keys(['boaz_simple_etl']) retrieved from /opt/airflow/dags/boaz_simple_etl.py
[2024-02-14T17:26:09.317+0000] {logging_mixin.py:137} INFO - [2024-02-14T17:26:09.317+0000] {dag.py:2690} INFO - Sync 1 DAGs
[2024-02-14T17:26:09.336+0000] {logging_mixin.py:137} INFO - [2024-02-14T17:26:09.336+0000] {dag.py:3441} INFO - Setting next_dagrun for boaz_simple_etl to 2024-02-14T00:00:00+00:00, run_after=2024-02-15T00:00:00+00:00
[2024-02-14T17:26:09.347+0000] {processor.py:175} INFO - Processing /opt/airflow/dags/boaz_simple_etl.py took 0.158 seconds
[2024-02-14T17:26:40.054+0000] {processor.py:153} INFO - Started process (PID=8224) to work on /opt/airflow/dags/boaz_simple_etl.py
[2024-02-14T17:26:40.055+0000] {processor.py:743} INFO - Processing file /opt/airflow/dags/boaz_simple_etl.py for tasks to queue
[2024-02-14T17:26:40.055+0000] {logging_mixin.py:137} INFO - [2024-02-14T17:26:40.055+0000] {dagbag.py:538} INFO - Filling up the DagBag from /opt/airflow/dags/boaz_simple_etl.py
[2024-02-14T17:26:40.145+0000] {processor.py:753} INFO - DAG(s) dict_keys(['boaz_simple_etl']) retrieved from /opt/airflow/dags/boaz_simple_etl.py
[2024-02-14T17:26:40.275+0000] {logging_mixin.py:137} INFO - [2024-02-14T17:26:40.275+0000] {dag.py:2690} INFO - Sync 1 DAGs
[2024-02-14T17:26:40.291+0000] {logging_mixin.py:137} INFO - [2024-02-14T17:26:40.291+0000] {dag.py:3441} INFO - Setting next_dagrun for boaz_simple_etl to 2024-02-14T00:00:00+00:00, run_after=2024-02-15T00:00:00+00:00
[2024-02-14T17:26:40.302+0000] {processor.py:175} INFO - Processing /opt/airflow/dags/boaz_simple_etl.py took 0.251 seconds
[2024-02-14T17:27:11.237+0000] {processor.py:153} INFO - Started process (PID=8320) to work on /opt/airflow/dags/boaz_simple_etl.py
[2024-02-14T17:27:11.239+0000] {processor.py:743} INFO - Processing file /opt/airflow/dags/boaz_simple_etl.py for tasks to queue
[2024-02-14T17:27:11.240+0000] {logging_mixin.py:137} INFO - [2024-02-14T17:27:11.239+0000] {dagbag.py:538} INFO - Filling up the DagBag from /opt/airflow/dags/boaz_simple_etl.py
[2024-02-14T17:27:11.337+0000] {processor.py:753} INFO - DAG(s) dict_keys(['boaz_simple_etl']) retrieved from /opt/airflow/dags/boaz_simple_etl.py
[2024-02-14T17:27:11.354+0000] {logging_mixin.py:137} INFO - [2024-02-14T17:27:11.354+0000] {dag.py:2690} INFO - Sync 1 DAGs
[2024-02-14T17:27:11.370+0000] {logging_mixin.py:137} INFO - [2024-02-14T17:27:11.370+0000] {dag.py:3441} INFO - Setting next_dagrun for boaz_simple_etl to 2024-02-14T00:00:00+00:00, run_after=2024-02-15T00:00:00+00:00
[2024-02-14T17:27:11.381+0000] {processor.py:175} INFO - Processing /opt/airflow/dags/boaz_simple_etl.py took 0.149 seconds
[2024-02-14T17:27:41.406+0000] {processor.py:153} INFO - Started process (PID=8415) to work on /opt/airflow/dags/boaz_simple_etl.py
[2024-02-14T17:27:41.407+0000] {processor.py:743} INFO - Processing file /opt/airflow/dags/boaz_simple_etl.py for tasks to queue
[2024-02-14T17:27:41.408+0000] {logging_mixin.py:137} INFO - [2024-02-14T17:27:41.407+0000] {dagbag.py:538} INFO - Filling up the DagBag from /opt/airflow/dags/boaz_simple_etl.py
[2024-02-14T17:27:41.503+0000] {processor.py:753} INFO - DAG(s) dict_keys(['boaz_simple_etl']) retrieved from /opt/airflow/dags/boaz_simple_etl.py
[2024-02-14T17:27:41.522+0000] {logging_mixin.py:137} INFO - [2024-02-14T17:27:41.522+0000] {dag.py:2690} INFO - Sync 1 DAGs
[2024-02-14T17:27:41.724+0000] {logging_mixin.py:137} INFO - [2024-02-14T17:27:41.724+0000] {dag.py:3441} INFO - Setting next_dagrun for boaz_simple_etl to 2024-02-14T00:00:00+00:00, run_after=2024-02-15T00:00:00+00:00
[2024-02-14T17:27:41.736+0000] {processor.py:175} INFO - Processing /opt/airflow/dags/boaz_simple_etl.py took 0.332 seconds
[2024-02-14T17:28:11.815+0000] {processor.py:153} INFO - Started process (PID=8494) to work on /opt/airflow/dags/boaz_simple_etl.py
[2024-02-14T17:28:11.816+0000] {processor.py:743} INFO - Processing file /opt/airflow/dags/boaz_simple_etl.py for tasks to queue
[2024-02-14T17:28:11.816+0000] {logging_mixin.py:137} INFO - [2024-02-14T17:28:11.816+0000] {dagbag.py:538} INFO - Filling up the DagBag from /opt/airflow/dags/boaz_simple_etl.py
[2024-02-14T17:28:11.909+0000] {processor.py:753} INFO - DAG(s) dict_keys(['boaz_simple_etl']) retrieved from /opt/airflow/dags/boaz_simple_etl.py
[2024-02-14T17:28:11.930+0000] {logging_mixin.py:137} INFO - [2024-02-14T17:28:11.929+0000] {dag.py:2690} INFO - Sync 1 DAGs
[2024-02-14T17:28:11.947+0000] {logging_mixin.py:137} INFO - [2024-02-14T17:28:11.947+0000] {dag.py:3441} INFO - Setting next_dagrun for boaz_simple_etl to 2024-02-14T00:00:00+00:00, run_after=2024-02-15T00:00:00+00:00
[2024-02-14T17:28:11.957+0000] {processor.py:175} INFO - Processing /opt/airflow/dags/boaz_simple_etl.py took 0.145 seconds
[2024-02-14T17:28:42.040+0000] {processor.py:153} INFO - Started process (PID=8590) to work on /opt/airflow/dags/boaz_simple_etl.py
[2024-02-14T17:28:42.041+0000] {processor.py:743} INFO - Processing file /opt/airflow/dags/boaz_simple_etl.py for tasks to queue
[2024-02-14T17:28:42.041+0000] {logging_mixin.py:137} INFO - [2024-02-14T17:28:42.041+0000] {dagbag.py:538} INFO - Filling up the DagBag from /opt/airflow/dags/boaz_simple_etl.py
[2024-02-14T17:28:42.136+0000] {processor.py:753} INFO - DAG(s) dict_keys(['boaz_simple_etl']) retrieved from /opt/airflow/dags/boaz_simple_etl.py
[2024-02-14T17:28:42.155+0000] {logging_mixin.py:137} INFO - [2024-02-14T17:28:42.155+0000] {dag.py:2690} INFO - Sync 1 DAGs
[2024-02-14T17:28:42.172+0000] {logging_mixin.py:137} INFO - [2024-02-14T17:28:42.172+0000] {dag.py:3441} INFO - Setting next_dagrun for boaz_simple_etl to 2024-02-14T00:00:00+00:00, run_after=2024-02-15T00:00:00+00:00
[2024-02-14T17:28:42.185+0000] {processor.py:175} INFO - Processing /opt/airflow/dags/boaz_simple_etl.py took 0.148 seconds
[2024-02-14T17:29:12.287+0000] {processor.py:153} INFO - Started process (PID=8685) to work on /opt/airflow/dags/boaz_simple_etl.py
[2024-02-14T17:29:12.287+0000] {processor.py:743} INFO - Processing file /opt/airflow/dags/boaz_simple_etl.py for tasks to queue
[2024-02-14T17:29:12.287+0000] {logging_mixin.py:137} INFO - [2024-02-14T17:29:12.287+0000] {dagbag.py:538} INFO - Filling up the DagBag from /opt/airflow/dags/boaz_simple_etl.py
[2024-02-14T17:29:12.384+0000] {processor.py:753} INFO - DAG(s) dict_keys(['boaz_simple_etl']) retrieved from /opt/airflow/dags/boaz_simple_etl.py
[2024-02-14T17:29:12.404+0000] {logging_mixin.py:137} INFO - [2024-02-14T17:29:12.404+0000] {dag.py:2690} INFO - Sync 1 DAGs
[2024-02-14T17:29:12.423+0000] {logging_mixin.py:137} INFO - [2024-02-14T17:29:12.423+0000] {dag.py:3441} INFO - Setting next_dagrun for boaz_simple_etl to 2024-02-14T00:00:00+00:00, run_after=2024-02-15T00:00:00+00:00
[2024-02-14T17:29:12.436+0000] {processor.py:175} INFO - Processing /opt/airflow/dags/boaz_simple_etl.py took 0.151 seconds
[2024-02-14T17:29:42.488+0000] {processor.py:153} INFO - Started process (PID=8762) to work on /opt/airflow/dags/boaz_simple_etl.py
[2024-02-14T17:29:42.489+0000] {processor.py:743} INFO - Processing file /opt/airflow/dags/boaz_simple_etl.py for tasks to queue
[2024-02-14T17:29:42.489+0000] {logging_mixin.py:137} INFO - [2024-02-14T17:29:42.489+0000] {dagbag.py:538} INFO - Filling up the DagBag from /opt/airflow/dags/boaz_simple_etl.py
[2024-02-14T17:29:42.575+0000] {processor.py:753} INFO - DAG(s) dict_keys(['boaz_simple_etl']) retrieved from /opt/airflow/dags/boaz_simple_etl.py
[2024-02-14T17:29:42.594+0000] {logging_mixin.py:137} INFO - [2024-02-14T17:29:42.593+0000] {dag.py:2690} INFO - Sync 1 DAGs
[2024-02-14T17:29:42.611+0000] {logging_mixin.py:137} INFO - [2024-02-14T17:29:42.610+0000] {dag.py:3441} INFO - Setting next_dagrun for boaz_simple_etl to 2024-02-14T00:00:00+00:00, run_after=2024-02-15T00:00:00+00:00
[2024-02-14T17:29:42.621+0000] {processor.py:175} INFO - Processing /opt/airflow/dags/boaz_simple_etl.py took 0.135 seconds
[2024-02-14T17:30:13.000+0000] {processor.py:153} INFO - Started process (PID=8845) to work on /opt/airflow/dags/boaz_simple_etl.py
[2024-02-14T17:30:13.002+0000] {processor.py:743} INFO - Processing file /opt/airflow/dags/boaz_simple_etl.py for tasks to queue
[2024-02-14T17:30:13.003+0000] {logging_mixin.py:137} INFO - [2024-02-14T17:30:13.003+0000] {dagbag.py:538} INFO - Filling up the DagBag from /opt/airflow/dags/boaz_simple_etl.py
[2024-02-14T17:30:13.103+0000] {processor.py:753} INFO - DAG(s) dict_keys(['boaz_simple_etl']) retrieved from /opt/airflow/dags/boaz_simple_etl.py
[2024-02-14T17:30:13.121+0000] {logging_mixin.py:137} INFO - [2024-02-14T17:30:13.121+0000] {dag.py:2690} INFO - Sync 1 DAGs
[2024-02-14T17:30:13.137+0000] {logging_mixin.py:137} INFO - [2024-02-14T17:30:13.136+0000] {dag.py:3441} INFO - Setting next_dagrun for boaz_simple_etl to 2024-02-14T00:00:00+00:00, run_after=2024-02-15T00:00:00+00:00
[2024-02-14T17:30:13.147+0000] {processor.py:175} INFO - Processing /opt/airflow/dags/boaz_simple_etl.py took 0.154 seconds
[2024-02-14T17:30:43.781+0000] {processor.py:153} INFO - Started process (PID=8939) to work on /opt/airflow/dags/boaz_simple_etl.py
[2024-02-14T17:30:43.783+0000] {processor.py:743} INFO - Processing file /opt/airflow/dags/boaz_simple_etl.py for tasks to queue
[2024-02-14T17:30:43.784+0000] {logging_mixin.py:137} INFO - [2024-02-14T17:30:43.784+0000] {dagbag.py:538} INFO - Filling up the DagBag from /opt/airflow/dags/boaz_simple_etl.py
[2024-02-14T17:30:44.067+0000] {processor.py:753} INFO - DAG(s) dict_keys(['boaz_simple_etl']) retrieved from /opt/airflow/dags/boaz_simple_etl.py
[2024-02-14T17:30:44.084+0000] {logging_mixin.py:137} INFO - [2024-02-14T17:30:44.084+0000] {dag.py:2690} INFO - Sync 1 DAGs
[2024-02-14T17:30:44.100+0000] {logging_mixin.py:137} INFO - [2024-02-14T17:30:44.100+0000] {dag.py:3441} INFO - Setting next_dagrun for boaz_simple_etl to 2024-02-14T00:00:00+00:00, run_after=2024-02-15T00:00:00+00:00
[2024-02-14T17:30:44.111+0000] {processor.py:175} INFO - Processing /opt/airflow/dags/boaz_simple_etl.py took 0.337 seconds
[2024-02-14T17:31:14.149+0000] {processor.py:153} INFO - Started process (PID=9018) to work on /opt/airflow/dags/boaz_simple_etl.py
[2024-02-14T17:31:14.150+0000] {processor.py:743} INFO - Processing file /opt/airflow/dags/boaz_simple_etl.py for tasks to queue
[2024-02-14T17:31:14.150+0000] {logging_mixin.py:137} INFO - [2024-02-14T17:31:14.150+0000] {dagbag.py:538} INFO - Filling up the DagBag from /opt/airflow/dags/boaz_simple_etl.py
[2024-02-14T17:31:14.262+0000] {processor.py:753} INFO - DAG(s) dict_keys(['boaz_simple_etl']) retrieved from /opt/airflow/dags/boaz_simple_etl.py
[2024-02-14T17:31:14.285+0000] {logging_mixin.py:137} INFO - [2024-02-14T17:31:14.285+0000] {dag.py:2690} INFO - Sync 1 DAGs
[2024-02-14T17:31:14.305+0000] {logging_mixin.py:137} INFO - [2024-02-14T17:31:14.305+0000] {dag.py:3441} INFO - Setting next_dagrun for boaz_simple_etl to 2024-02-14T00:00:00+00:00, run_after=2024-02-15T00:00:00+00:00
[2024-02-14T17:31:14.445+0000] {processor.py:175} INFO - Processing /opt/airflow/dags/boaz_simple_etl.py took 0.300 seconds
[2024-02-14T17:31:45.198+0000] {processor.py:153} INFO - Started process (PID=9111) to work on /opt/airflow/dags/boaz_simple_etl.py
[2024-02-14T17:31:45.199+0000] {processor.py:743} INFO - Processing file /opt/airflow/dags/boaz_simple_etl.py for tasks to queue
[2024-02-14T17:31:45.200+0000] {logging_mixin.py:137} INFO - [2024-02-14T17:31:45.200+0000] {dagbag.py:538} INFO - Filling up the DagBag from /opt/airflow/dags/boaz_simple_etl.py
[2024-02-14T17:31:45.298+0000] {processor.py:753} INFO - DAG(s) dict_keys(['boaz_simple_etl']) retrieved from /opt/airflow/dags/boaz_simple_etl.py
[2024-02-14T17:31:45.319+0000] {logging_mixin.py:137} INFO - [2024-02-14T17:31:45.318+0000] {dag.py:2690} INFO - Sync 1 DAGs
[2024-02-14T17:31:45.335+0000] {logging_mixin.py:137} INFO - [2024-02-14T17:31:45.335+0000] {dag.py:3441} INFO - Setting next_dagrun for boaz_simple_etl to 2024-02-14T00:00:00+00:00, run_after=2024-02-15T00:00:00+00:00
[2024-02-14T17:31:45.345+0000] {processor.py:175} INFO - Processing /opt/airflow/dags/boaz_simple_etl.py took 0.151 seconds
[2024-02-14T17:32:15.951+0000] {processor.py:153} INFO - Started process (PID=9205) to work on /opt/airflow/dags/boaz_simple_etl.py
[2024-02-14T17:32:15.953+0000] {processor.py:743} INFO - Processing file /opt/airflow/dags/boaz_simple_etl.py for tasks to queue
[2024-02-14T17:32:15.954+0000] {logging_mixin.py:137} INFO - [2024-02-14T17:32:15.954+0000] {dagbag.py:538} INFO - Filling up the DagBag from /opt/airflow/dags/boaz_simple_etl.py
[2024-02-14T17:32:16.055+0000] {processor.py:753} INFO - DAG(s) dict_keys(['boaz_simple_etl']) retrieved from /opt/airflow/dags/boaz_simple_etl.py
[2024-02-14T17:32:16.259+0000] {logging_mixin.py:137} INFO - [2024-02-14T17:32:16.259+0000] {dag.py:2690} INFO - Sync 1 DAGs
[2024-02-14T17:32:16.274+0000] {logging_mixin.py:137} INFO - [2024-02-14T17:32:16.274+0000] {dag.py:3441} INFO - Setting next_dagrun for boaz_simple_etl to 2024-02-14T00:00:00+00:00, run_after=2024-02-15T00:00:00+00:00
[2024-02-14T17:32:16.284+0000] {processor.py:175} INFO - Processing /opt/airflow/dags/boaz_simple_etl.py took 0.338 seconds
[2024-02-14T17:32:46.790+0000] {processor.py:153} INFO - Started process (PID=9281) to work on /opt/airflow/dags/boaz_simple_etl.py
[2024-02-14T17:32:46.791+0000] {processor.py:743} INFO - Processing file /opt/airflow/dags/boaz_simple_etl.py for tasks to queue
[2024-02-14T17:32:46.792+0000] {logging_mixin.py:137} INFO - [2024-02-14T17:32:46.791+0000] {dagbag.py:538} INFO - Filling up the DagBag from /opt/airflow/dags/boaz_simple_etl.py
[2024-02-14T17:32:46.892+0000] {processor.py:753} INFO - DAG(s) dict_keys(['boaz_simple_etl']) retrieved from /opt/airflow/dags/boaz_simple_etl.py
[2024-02-14T17:32:46.913+0000] {logging_mixin.py:137} INFO - [2024-02-14T17:32:46.912+0000] {dag.py:2690} INFO - Sync 1 DAGs
[2024-02-14T17:32:46.929+0000] {logging_mixin.py:137} INFO - [2024-02-14T17:32:46.929+0000] {dag.py:3441} INFO - Setting next_dagrun for boaz_simple_etl to 2024-02-14T00:00:00+00:00, run_after=2024-02-15T00:00:00+00:00
[2024-02-14T17:32:46.939+0000] {processor.py:175} INFO - Processing /opt/airflow/dags/boaz_simple_etl.py took 0.153 seconds
[2024-02-14T17:33:17.594+0000] {processor.py:153} INFO - Started process (PID=9374) to work on /opt/airflow/dags/boaz_simple_etl.py
[2024-02-14T17:33:17.598+0000] {processor.py:743} INFO - Processing file /opt/airflow/dags/boaz_simple_etl.py for tasks to queue
[2024-02-14T17:33:17.600+0000] {logging_mixin.py:137} INFO - [2024-02-14T17:33:17.600+0000] {dagbag.py:538} INFO - Filling up the DagBag from /opt/airflow/dags/boaz_simple_etl.py
[2024-02-14T17:33:17.804+0000] {processor.py:753} INFO - DAG(s) dict_keys(['boaz_simple_etl']) retrieved from /opt/airflow/dags/boaz_simple_etl.py
[2024-02-14T17:33:17.841+0000] {logging_mixin.py:137} INFO - [2024-02-14T17:33:17.840+0000] {dag.py:2690} INFO - Sync 1 DAGs
[2024-02-14T17:33:17.939+0000] {logging_mixin.py:137} INFO - [2024-02-14T17:33:17.939+0000] {dag.py:3441} INFO - Setting next_dagrun for boaz_simple_etl to 2024-02-14T00:00:00+00:00, run_after=2024-02-15T00:00:00+00:00
[2024-02-14T17:33:17.959+0000] {processor.py:175} INFO - Processing /opt/airflow/dags/boaz_simple_etl.py took 0.374 seconds
[2024-02-14T17:33:48.878+0000] {processor.py:153} INFO - Started process (PID=9469) to work on /opt/airflow/dags/boaz_simple_etl.py
[2024-02-14T17:33:48.880+0000] {processor.py:743} INFO - Processing file /opt/airflow/dags/boaz_simple_etl.py for tasks to queue
[2024-02-14T17:33:48.881+0000] {logging_mixin.py:137} INFO - [2024-02-14T17:33:48.881+0000] {dagbag.py:538} INFO - Filling up the DagBag from /opt/airflow/dags/boaz_simple_etl.py
[2024-02-14T17:33:48.986+0000] {processor.py:753} INFO - DAG(s) dict_keys(['boaz_simple_etl']) retrieved from /opt/airflow/dags/boaz_simple_etl.py
[2024-02-14T17:33:49.005+0000] {logging_mixin.py:137} INFO - [2024-02-14T17:33:49.005+0000] {dag.py:2690} INFO - Sync 1 DAGs
[2024-02-14T17:33:49.021+0000] {logging_mixin.py:137} INFO - [2024-02-14T17:33:49.021+0000] {dag.py:3441} INFO - Setting next_dagrun for boaz_simple_etl to 2024-02-14T00:00:00+00:00, run_after=2024-02-15T00:00:00+00:00
[2024-02-14T17:33:49.032+0000] {processor.py:175} INFO - Processing /opt/airflow/dags/boaz_simple_etl.py took 0.161 seconds
[2024-02-14T17:34:19.812+0000] {processor.py:153} INFO - Started process (PID=9545) to work on /opt/airflow/dags/boaz_simple_etl.py
[2024-02-14T17:34:19.813+0000] {processor.py:743} INFO - Processing file /opt/airflow/dags/boaz_simple_etl.py for tasks to queue
[2024-02-14T17:34:19.814+0000] {logging_mixin.py:137} INFO - [2024-02-14T17:34:19.814+0000] {dagbag.py:538} INFO - Filling up the DagBag from /opt/airflow/dags/boaz_simple_etl.py
[2024-02-14T17:34:20.063+0000] {processor.py:753} INFO - DAG(s) dict_keys(['boaz_simple_etl']) retrieved from /opt/airflow/dags/boaz_simple_etl.py
[2024-02-14T17:34:20.107+0000] {logging_mixin.py:137} INFO - [2024-02-14T17:34:20.106+0000] {dag.py:2690} INFO - Sync 1 DAGs
[2024-02-14T17:34:20.127+0000] {logging_mixin.py:137} INFO - [2024-02-14T17:34:20.127+0000] {dag.py:3441} INFO - Setting next_dagrun for boaz_simple_etl to 2024-02-14T00:00:00+00:00, run_after=2024-02-15T00:00:00+00:00
[2024-02-14T17:34:20.139+0000] {processor.py:175} INFO - Processing /opt/airflow/dags/boaz_simple_etl.py took 0.329 seconds
[2024-02-14T17:34:50.988+0000] {processor.py:153} INFO - Started process (PID=9639) to work on /opt/airflow/dags/boaz_simple_etl.py
[2024-02-14T17:34:50.989+0000] {processor.py:743} INFO - Processing file /opt/airflow/dags/boaz_simple_etl.py for tasks to queue
[2024-02-14T17:34:50.989+0000] {logging_mixin.py:137} INFO - [2024-02-14T17:34:50.989+0000] {dagbag.py:538} INFO - Filling up the DagBag from /opt/airflow/dags/boaz_simple_etl.py
[2024-02-14T17:34:51.078+0000] {processor.py:753} INFO - DAG(s) dict_keys(['boaz_simple_etl']) retrieved from /opt/airflow/dags/boaz_simple_etl.py
[2024-02-14T17:34:51.095+0000] {logging_mixin.py:137} INFO - [2024-02-14T17:34:51.095+0000] {dag.py:2690} INFO - Sync 1 DAGs
[2024-02-14T17:34:51.112+0000] {logging_mixin.py:137} INFO - [2024-02-14T17:34:51.112+0000] {dag.py:3441} INFO - Setting next_dagrun for boaz_simple_etl to 2024-02-14T00:00:00+00:00, run_after=2024-02-15T00:00:00+00:00
[2024-02-14T17:34:51.219+0000] {processor.py:175} INFO - Processing /opt/airflow/dags/boaz_simple_etl.py took 0.234 seconds
[2024-02-14T17:35:21.236+0000] {processor.py:153} INFO - Started process (PID=9735) to work on /opt/airflow/dags/boaz_simple_etl.py
[2024-02-14T17:35:21.237+0000] {processor.py:743} INFO - Processing file /opt/airflow/dags/boaz_simple_etl.py for tasks to queue
[2024-02-14T17:35:21.237+0000] {logging_mixin.py:137} INFO - [2024-02-14T17:35:21.237+0000] {dagbag.py:538} INFO - Filling up the DagBag from /opt/airflow/dags/boaz_simple_etl.py
[2024-02-14T17:35:21.336+0000] {processor.py:753} INFO - DAG(s) dict_keys(['boaz_simple_etl']) retrieved from /opt/airflow/dags/boaz_simple_etl.py
[2024-02-14T17:35:21.357+0000] {logging_mixin.py:137} INFO - [2024-02-14T17:35:21.357+0000] {dag.py:2690} INFO - Sync 1 DAGs
[2024-02-14T17:35:21.375+0000] {logging_mixin.py:137} INFO - [2024-02-14T17:35:21.375+0000] {dag.py:3441} INFO - Setting next_dagrun for boaz_simple_etl to 2024-02-14T00:00:00+00:00, run_after=2024-02-15T00:00:00+00:00
[2024-02-14T17:35:21.385+0000] {processor.py:175} INFO - Processing /opt/airflow/dags/boaz_simple_etl.py took 0.151 seconds
[2024-02-14T18:05:05.616+0000] {processor.py:153} INFO - Started process (PID=9767) to work on /opt/airflow/dags/boaz_simple_etl.py
[2024-02-14T18:05:05.619+0000] {processor.py:743} INFO - Processing file /opt/airflow/dags/boaz_simple_etl.py for tasks to queue
[2024-02-14T18:05:05.620+0000] {logging_mixin.py:137} INFO - [2024-02-14T18:05:05.620+0000] {dagbag.py:538} INFO - Filling up the DagBag from /opt/airflow/dags/boaz_simple_etl.py
[2024-02-14T18:05:05.787+0000] {processor.py:753} INFO - DAG(s) dict_keys(['boaz_simple_etl']) retrieved from /opt/airflow/dags/boaz_simple_etl.py
[2024-02-14T18:05:06.141+0000] {logging_mixin.py:137} INFO - [2024-02-14T18:05:06.141+0000] {dag.py:2690} INFO - Sync 1 DAGs
[2024-02-14T18:05:06.164+0000] {logging_mixin.py:137} INFO - [2024-02-14T18:05:06.163+0000] {dag.py:3441} INFO - Setting next_dagrun for boaz_simple_etl to 2024-02-14T00:00:00+00:00, run_after=2024-02-15T00:00:00+00:00
[2024-02-14T18:05:06.185+0000] {processor.py:175} INFO - Processing /opt/airflow/dags/boaz_simple_etl.py took 0.576 seconds
[2024-02-14T19:31:04.107+0000] {processor.py:153} INFO - Started process (PID=9860) to work on /opt/airflow/dags/boaz_simple_etl.py
[2024-02-14T19:31:04.108+0000] {processor.py:743} INFO - Processing file /opt/airflow/dags/boaz_simple_etl.py for tasks to queue
[2024-02-14T19:31:04.109+0000] {logging_mixin.py:137} INFO - [2024-02-14T19:31:04.109+0000] {dagbag.py:538} INFO - Filling up the DagBag from /opt/airflow/dags/boaz_simple_etl.py
[2024-02-14T19:31:04.210+0000] {processor.py:753} INFO - DAG(s) dict_keys(['boaz_simple_etl']) retrieved from /opt/airflow/dags/boaz_simple_etl.py
[2024-02-14T19:31:04.232+0000] {logging_mixin.py:137} INFO - [2024-02-14T19:31:04.231+0000] {dag.py:2690} INFO - Sync 1 DAGs
[2024-02-14T19:31:04.250+0000] {logging_mixin.py:137} INFO - [2024-02-14T19:31:04.250+0000] {dag.py:3441} INFO - Setting next_dagrun for boaz_simple_etl to 2024-02-14T00:00:00+00:00, run_after=2024-02-15T00:00:00+00:00
[2024-02-14T19:31:04.262+0000] {processor.py:175} INFO - Processing /opt/airflow/dags/boaz_simple_etl.py took 0.157 seconds
[2024-02-14T19:36:59.073+0000] {processor.py:153} INFO - Started process (PID=9954) to work on /opt/airflow/dags/boaz_simple_etl.py
[2024-02-14T19:36:59.074+0000] {processor.py:743} INFO - Processing file /opt/airflow/dags/boaz_simple_etl.py for tasks to queue
[2024-02-14T19:36:59.075+0000] {logging_mixin.py:137} INFO - [2024-02-14T19:36:59.075+0000] {dagbag.py:538} INFO - Filling up the DagBag from /opt/airflow/dags/boaz_simple_etl.py
[2024-02-14T19:36:59.262+0000] {processor.py:753} INFO - DAG(s) dict_keys(['boaz_simple_etl']) retrieved from /opt/airflow/dags/boaz_simple_etl.py
[2024-02-14T19:36:59.302+0000] {logging_mixin.py:137} INFO - [2024-02-14T19:36:59.302+0000] {dag.py:2690} INFO - Sync 1 DAGs
[2024-02-14T19:36:59.579+0000] {logging_mixin.py:137} INFO - [2024-02-14T19:36:59.579+0000] {dag.py:3441} INFO - Setting next_dagrun for boaz_simple_etl to 2024-02-14T00:00:00+00:00, run_after=2024-02-15T00:00:00+00:00
[2024-02-14T19:36:59.592+0000] {processor.py:175} INFO - Processing /opt/airflow/dags/boaz_simple_etl.py took 0.523 seconds
[2024-02-14T19:37:30.216+0000] {processor.py:153} INFO - Started process (PID=10030) to work on /opt/airflow/dags/boaz_simple_etl.py
[2024-02-14T19:37:30.217+0000] {processor.py:743} INFO - Processing file /opt/airflow/dags/boaz_simple_etl.py for tasks to queue
[2024-02-14T19:37:30.218+0000] {logging_mixin.py:137} INFO - [2024-02-14T19:37:30.218+0000] {dagbag.py:538} INFO - Filling up the DagBag from /opt/airflow/dags/boaz_simple_etl.py
[2024-02-14T19:37:30.312+0000] {processor.py:753} INFO - DAG(s) dict_keys(['boaz_simple_etl']) retrieved from /opt/airflow/dags/boaz_simple_etl.py
[2024-02-14T19:37:30.332+0000] {logging_mixin.py:137} INFO - [2024-02-14T19:37:30.332+0000] {dag.py:2690} INFO - Sync 1 DAGs
[2024-02-14T19:37:30.349+0000] {logging_mixin.py:137} INFO - [2024-02-14T19:37:30.349+0000] {dag.py:3441} INFO - Setting next_dagrun for boaz_simple_etl to 2024-02-14T00:00:00+00:00, run_after=2024-02-15T00:00:00+00:00
[2024-02-14T19:37:30.360+0000] {processor.py:175} INFO - Processing /opt/airflow/dags/boaz_simple_etl.py took 0.150 seconds
[2024-02-14T19:38:01.068+0000] {processor.py:153} INFO - Started process (PID=10124) to work on /opt/airflow/dags/boaz_simple_etl.py
[2024-02-14T19:38:01.069+0000] {processor.py:743} INFO - Processing file /opt/airflow/dags/boaz_simple_etl.py for tasks to queue
[2024-02-14T19:38:01.070+0000] {logging_mixin.py:137} INFO - [2024-02-14T19:38:01.070+0000] {dagbag.py:538} INFO - Filling up the DagBag from /opt/airflow/dags/boaz_simple_etl.py
[2024-02-14T19:38:01.330+0000] {processor.py:753} INFO - DAG(s) dict_keys(['boaz_simple_etl']) retrieved from /opt/airflow/dags/boaz_simple_etl.py
[2024-02-14T19:38:01.347+0000] {logging_mixin.py:137} INFO - [2024-02-14T19:38:01.347+0000] {dag.py:2690} INFO - Sync 1 DAGs
[2024-02-14T19:38:01.363+0000] {logging_mixin.py:137} INFO - [2024-02-14T19:38:01.363+0000] {dag.py:3441} INFO - Setting next_dagrun for boaz_simple_etl to 2024-02-14T00:00:00+00:00, run_after=2024-02-15T00:00:00+00:00
[2024-02-14T19:38:01.374+0000] {processor.py:175} INFO - Processing /opt/airflow/dags/boaz_simple_etl.py took 0.308 seconds
[2024-02-14T19:38:32.048+0000] {processor.py:153} INFO - Started process (PID=10218) to work on /opt/airflow/dags/boaz_simple_etl.py
[2024-02-14T19:38:32.049+0000] {processor.py:743} INFO - Processing file /opt/airflow/dags/boaz_simple_etl.py for tasks to queue
[2024-02-14T19:38:32.050+0000] {logging_mixin.py:137} INFO - [2024-02-14T19:38:32.050+0000] {dagbag.py:538} INFO - Filling up the DagBag from /opt/airflow/dags/boaz_simple_etl.py
[2024-02-14T19:38:32.158+0000] {processor.py:753} INFO - DAG(s) dict_keys(['boaz_simple_etl']) retrieved from /opt/airflow/dags/boaz_simple_etl.py
[2024-02-14T19:38:32.176+0000] {logging_mixin.py:137} INFO - [2024-02-14T19:38:32.176+0000] {dag.py:2690} INFO - Sync 1 DAGs
[2024-02-14T19:38:32.192+0000] {logging_mixin.py:137} INFO - [2024-02-14T19:38:32.192+0000] {dag.py:3441} INFO - Setting next_dagrun for boaz_simple_etl to 2024-02-14T00:00:00+00:00, run_after=2024-02-15T00:00:00+00:00
[2024-02-14T19:38:32.308+0000] {processor.py:175} INFO - Processing /opt/airflow/dags/boaz_simple_etl.py took 0.266 seconds
[2024-02-14T19:39:03.015+0000] {processor.py:153} INFO - Started process (PID=10294) to work on /opt/airflow/dags/boaz_simple_etl.py
[2024-02-14T19:39:03.017+0000] {processor.py:743} INFO - Processing file /opt/airflow/dags/boaz_simple_etl.py for tasks to queue
[2024-02-14T19:39:03.018+0000] {logging_mixin.py:137} INFO - [2024-02-14T19:39:03.018+0000] {dagbag.py:538} INFO - Filling up the DagBag from /opt/airflow/dags/boaz_simple_etl.py
[2024-02-14T19:39:03.137+0000] {processor.py:753} INFO - DAG(s) dict_keys(['boaz_simple_etl']) retrieved from /opt/airflow/dags/boaz_simple_etl.py
[2024-02-14T19:39:03.157+0000] {logging_mixin.py:137} INFO - [2024-02-14T19:39:03.157+0000] {dag.py:2690} INFO - Sync 1 DAGs
[2024-02-14T19:39:03.175+0000] {logging_mixin.py:137} INFO - [2024-02-14T19:39:03.175+0000] {dag.py:3441} INFO - Setting next_dagrun for boaz_simple_etl to 2024-02-14T00:00:00+00:00, run_after=2024-02-15T00:00:00+00:00
[2024-02-14T19:39:03.186+0000] {processor.py:175} INFO - Processing /opt/airflow/dags/boaz_simple_etl.py took 0.181 seconds
