[2023-08-23T09:43:03.724+0000] {taskinstance.py:1083} INFO - Dependencies all met for <TaskInstance: boaz_simple_etl.store_result scheduled__2023-08-22T00:00:00+00:00 [queued]>
[2023-08-23T09:43:03.731+0000] {taskinstance.py:1083} INFO - Dependencies all met for <TaskInstance: boaz_simple_etl.store_result scheduled__2023-08-22T00:00:00+00:00 [queued]>
[2023-08-23T09:43:03.731+0000] {taskinstance.py:1279} INFO - 
--------------------------------------------------------------------------------
[2023-08-23T09:43:03.731+0000] {taskinstance.py:1280} INFO - Starting attempt 1 of 4
[2023-08-23T09:43:03.731+0000] {taskinstance.py:1281} INFO - 
--------------------------------------------------------------------------------
[2023-08-23T09:43:03.740+0000] {taskinstance.py:1300} INFO - Executing <Task(BashOperator): store_result> on 2023-08-22 00:00:00+00:00
[2023-08-23T09:43:03.745+0000] {standard_task_runner.py:55} INFO - Started process 1713 to run task
[2023-08-23T09:43:03.749+0000] {standard_task_runner.py:82} INFO - Running: ['***', 'tasks', 'run', 'boaz_simple_etl', 'store_result', 'scheduled__2023-08-22T00:00:00+00:00', '--job-id', '5', '--raw', '--subdir', 'DAGS_FOLDER/boaz_simple_etl.py', '--cfg-path', '/tmp/tmp1r3hoog8']
[2023-08-23T09:43:03.749+0000] {standard_task_runner.py:83} INFO - Job 5: Subtask store_result
[2023-08-23T09:43:03.802+0000] {task_command.py:388} INFO - Running <TaskInstance: boaz_simple_etl.store_result scheduled__2023-08-22T00:00:00+00:00 [running]> on host b13130ff22c4
[2023-08-23T09:43:03.855+0000] {taskinstance.py:1509} INFO - Exporting the following env vars:
AIRFLOW_CTX_DAG_OWNER=***
AIRFLOW_CTX_DAG_ID=boaz_simple_etl
AIRFLOW_CTX_TASK_ID=store_result
AIRFLOW_CTX_EXECUTION_DATE=2023-08-22T00:00:00+00:00
AIRFLOW_CTX_TRY_NUMBER=1
AIRFLOW_CTX_DAG_RUN_ID=scheduled__2023-08-22T00:00:00+00:00
[2023-08-23T09:43:03.857+0000] {subprocess.py:63} INFO - Tmp dir root location: 
 /tmp
[2023-08-23T09:43:03.858+0000] {subprocess.py:75} INFO - Running command: ['/bin/bash', '-c', "echo 'ETL Done'"]
[2023-08-23T09:43:03.869+0000] {subprocess.py:86} INFO - Output:
[2023-08-23T09:43:03.871+0000] {subprocess.py:93} INFO - ETL Done
[2023-08-23T09:43:03.872+0000] {subprocess.py:97} INFO - Command exited with return code 0
[2023-08-23T09:43:03.896+0000] {taskinstance.py:1323} INFO - Marking task as SUCCESS. dag_id=boaz_simple_etl, task_id=store_result, execution_date=20230822T000000, start_date=20230823T094303, end_date=20230823T094303
[2023-08-23T09:43:03.921+0000] {local_task_job.py:208} INFO - Task exited with return code 0
[2023-08-23T09:43:03.937+0000] {taskinstance.py:2578} INFO - 0 downstream tasks scheduled from follow-on schedule check
