[2024-02-29T08:46:30.774+0000] {taskinstance.py:1083} INFO - Dependencies all met for <TaskInstance: boaz_simple_etl.store_result scheduled__2024-02-28T00:00:00+00:00 [queued]>
[2024-02-29T08:46:30.778+0000] {taskinstance.py:1083} INFO - Dependencies all met for <TaskInstance: boaz_simple_etl.store_result scheduled__2024-02-28T00:00:00+00:00 [queued]>
[2024-02-29T08:46:30.778+0000] {taskinstance.py:1279} INFO - 
--------------------------------------------------------------------------------
[2024-02-29T08:46:30.778+0000] {taskinstance.py:1280} INFO - Starting attempt 1 of 2
[2024-02-29T08:46:30.779+0000] {taskinstance.py:1281} INFO - 
--------------------------------------------------------------------------------
[2024-02-29T08:46:30.784+0000] {taskinstance.py:1300} INFO - Executing <Task(BashOperator): store_result> on 2024-02-28 00:00:00+00:00
[2024-02-29T08:46:30.786+0000] {standard_task_runner.py:55} INFO - Started process 85 to run task
[2024-02-29T08:46:30.787+0000] {standard_task_runner.py:82} INFO - Running: ['***', 'tasks', 'run', 'boaz_simple_etl', 'store_result', 'scheduled__2024-02-28T00:00:00+00:00', '--job-id', '40', '--raw', '--subdir', 'DAGS_FOLDER/boaz_simple_etl.py', '--cfg-path', '/tmp/tmphrao0b5k']
[2024-02-29T08:46:30.787+0000] {standard_task_runner.py:83} INFO - Job 40: Subtask store_result
[2024-02-29T08:46:30.812+0000] {task_command.py:388} INFO - Running <TaskInstance: boaz_simple_etl.store_result scheduled__2024-02-28T00:00:00+00:00 [running]> on host c2cb28f5e5b9
[2024-02-29T08:46:30.838+0000] {taskinstance.py:1509} INFO - Exporting the following env vars:
AIRFLOW_CTX_DAG_OWNER=***
AIRFLOW_CTX_DAG_ID=boaz_simple_etl
AIRFLOW_CTX_TASK_ID=store_result
AIRFLOW_CTX_EXECUTION_DATE=2024-02-28T00:00:00+00:00
AIRFLOW_CTX_TRY_NUMBER=1
AIRFLOW_CTX_DAG_RUN_ID=scheduled__2024-02-28T00:00:00+00:00
[2024-02-29T08:46:30.839+0000] {subprocess.py:63} INFO - Tmp dir root location: 
 /tmp
[2024-02-29T08:46:30.840+0000] {subprocess.py:75} INFO - Running command: ['/bin/bash', '-c', "echo 'ETL Done'"]
[2024-02-29T08:46:30.843+0000] {subprocess.py:86} INFO - Output:
[2024-02-29T08:46:30.844+0000] {subprocess.py:93} INFO - ETL Done
[2024-02-29T08:46:30.844+0000] {subprocess.py:97} INFO - Command exited with return code 0
[2024-02-29T08:46:30.854+0000] {taskinstance.py:1323} INFO - Marking task as SUCCESS. dag_id=boaz_simple_etl, task_id=store_result, execution_date=20240228T000000, start_date=20240229T084630, end_date=20240229T084630
[2024-02-29T08:46:31.508+0000] {local_task_job.py:208} INFO - Task exited with return code 0
[2024-02-29T08:46:31.531+0000] {taskinstance.py:2578} INFO - 0 downstream tasks scheduled from follow-on schedule check
