[2023-08-23T09:49:13.424+0000] {processor.py:153} INFO - Started process (PID=4439) to work on /opt/airflow/dags/boaz_etl_with_xcoms.py
[2023-08-23T09:49:13.425+0000] {processor.py:743} INFO - Processing file /opt/airflow/dags/boaz_etl_with_xcoms.py for tasks to queue
[2023-08-23T09:49:13.425+0000] {logging_mixin.py:137} INFO - [2023-08-23T09:49:13.425+0000] {dagbag.py:538} INFO - Filling up the DagBag from /opt/airflow/dags/boaz_etl_with_xcoms.py
[2023-08-23T09:49:13.429+0000] {logging_mixin.py:137} INFO - [2023-08-23T09:49:13.428+0000] {dagbag.py:343} ERROR - Failed to import: /opt/airflow/dags/boaz_etl_with_xcoms.py
Traceback (most recent call last):
  File "/home/airflow/.local/lib/python3.7/site-packages/airflow/models/dagbag.py", line 339, in parse
    loader.exec_module(new_module)
  File "<frozen importlib._bootstrap_external>", line 724, in exec_module
  File "<frozen importlib._bootstrap_external>", line 860, in get_code
  File "<frozen importlib._bootstrap_external>", line 791, in source_to_code
  File "<frozen importlib._bootstrap>", line 219, in _call_with_frames_removed
  File "/opt/airflow/dags/boaz_etl_with_xcoms.py", line 32
    with open("job_search_result.csv", "w") as file:
                                                   ^
IndentationError: unindent does not match any outer indentation level
[2023-08-23T09:49:13.429+0000] {processor.py:755} WARNING - No viable dags retrieved from /opt/airflow/dags/boaz_etl_with_xcoms.py
[2023-08-23T09:49:13.449+0000] {processor.py:175} INFO - Processing /opt/airflow/dags/boaz_etl_with_xcoms.py took 0.027 seconds
[2023-08-23T09:49:44.293+0000] {processor.py:153} INFO - Started process (PID=4506) to work on /opt/airflow/dags/boaz_etl_with_xcoms.py
[2023-08-23T09:49:44.294+0000] {processor.py:743} INFO - Processing file /opt/airflow/dags/boaz_etl_with_xcoms.py for tasks to queue
[2023-08-23T09:49:44.294+0000] {logging_mixin.py:137} INFO - [2023-08-23T09:49:44.294+0000] {dagbag.py:538} INFO - Filling up the DagBag from /opt/airflow/dags/boaz_etl_with_xcoms.py
[2023-08-23T09:49:44.297+0000] {logging_mixin.py:137} INFO - [2023-08-23T09:49:44.297+0000] {dagbag.py:343} ERROR - Failed to import: /opt/airflow/dags/boaz_etl_with_xcoms.py
Traceback (most recent call last):
  File "/home/airflow/.local/lib/python3.7/site-packages/airflow/models/dagbag.py", line 339, in parse
    loader.exec_module(new_module)
  File "<frozen importlib._bootstrap_external>", line 724, in exec_module
  File "<frozen importlib._bootstrap_external>", line 860, in get_code
  File "<frozen importlib._bootstrap_external>", line 791, in source_to_code
  File "<frozen importlib._bootstrap>", line 219, in _call_with_frames_removed
  File "/opt/airflow/dags/boaz_etl_with_xcoms.py", line 32
    with open("job_search_result.csv", "w") as file:
                                                   ^
IndentationError: unindent does not match any outer indentation level
[2023-08-23T09:49:44.297+0000] {processor.py:755} WARNING - No viable dags retrieved from /opt/airflow/dags/boaz_etl_with_xcoms.py
[2023-08-23T09:49:44.315+0000] {processor.py:175} INFO - Processing /opt/airflow/dags/boaz_etl_with_xcoms.py took 0.025 seconds
[2023-08-23T09:50:15.108+0000] {processor.py:153} INFO - Started process (PID=4586) to work on /opt/airflow/dags/boaz_etl_with_xcoms.py
[2023-08-23T09:50:15.109+0000] {processor.py:743} INFO - Processing file /opt/airflow/dags/boaz_etl_with_xcoms.py for tasks to queue
[2023-08-23T09:50:15.110+0000] {logging_mixin.py:137} INFO - [2023-08-23T09:50:15.110+0000] {dagbag.py:538} INFO - Filling up the DagBag from /opt/airflow/dags/boaz_etl_with_xcoms.py
[2023-08-23T09:50:15.117+0000] {logging_mixin.py:137} INFO - [2023-08-23T09:50:15.115+0000] {dagbag.py:343} ERROR - Failed to import: /opt/airflow/dags/boaz_etl_with_xcoms.py
Traceback (most recent call last):
  File "/home/airflow/.local/lib/python3.7/site-packages/airflow/models/dagbag.py", line 339, in parse
    loader.exec_module(new_module)
  File "<frozen importlib._bootstrap_external>", line 724, in exec_module
  File "<frozen importlib._bootstrap_external>", line 860, in get_code
  File "<frozen importlib._bootstrap_external>", line 791, in source_to_code
  File "<frozen importlib._bootstrap>", line 219, in _call_with_frames_removed
  File "/opt/airflow/dags/boaz_etl_with_xcoms.py", line 32
    with open("job_search_result.csv", "w") as file:
                                                   ^
IndentationError: unindent does not match any outer indentation level
[2023-08-23T09:50:15.117+0000] {processor.py:755} WARNING - No viable dags retrieved from /opt/airflow/dags/boaz_etl_with_xcoms.py
[2023-08-23T09:50:15.145+0000] {processor.py:175} INFO - Processing /opt/airflow/dags/boaz_etl_with_xcoms.py took 0.043 seconds
[2023-08-23T09:50:46.132+0000] {processor.py:153} INFO - Started process (PID=4666) to work on /opt/airflow/dags/boaz_etl_with_xcoms.py
[2023-08-23T09:50:46.133+0000] {processor.py:743} INFO - Processing file /opt/airflow/dags/boaz_etl_with_xcoms.py for tasks to queue
[2023-08-23T09:50:46.133+0000] {logging_mixin.py:137} INFO - [2023-08-23T09:50:46.133+0000] {dagbag.py:538} INFO - Filling up the DagBag from /opt/airflow/dags/boaz_etl_with_xcoms.py
[2023-08-23T09:50:46.137+0000] {logging_mixin.py:137} INFO - [2023-08-23T09:50:46.136+0000] {dagbag.py:343} ERROR - Failed to import: /opt/airflow/dags/boaz_etl_with_xcoms.py
Traceback (most recent call last):
  File "/home/airflow/.local/lib/python3.7/site-packages/airflow/models/dagbag.py", line 339, in parse
    loader.exec_module(new_module)
  File "<frozen importlib._bootstrap_external>", line 724, in exec_module
  File "<frozen importlib._bootstrap_external>", line 860, in get_code
  File "<frozen importlib._bootstrap_external>", line 791, in source_to_code
  File "<frozen importlib._bootstrap>", line 219, in _call_with_frames_removed
  File "/opt/airflow/dags/boaz_etl_with_xcoms.py", line 32
    with open("job_search_result.csv", "w") as file:
                                                   ^
IndentationError: unindent does not match any outer indentation level
[2023-08-23T09:50:46.137+0000] {processor.py:755} WARNING - No viable dags retrieved from /opt/airflow/dags/boaz_etl_with_xcoms.py
[2023-08-23T09:50:46.156+0000] {processor.py:175} INFO - Processing /opt/airflow/dags/boaz_etl_with_xcoms.py took 0.028 seconds
[2023-08-23T09:51:16.194+0000] {processor.py:153} INFO - Started process (PID=4733) to work on /opt/airflow/dags/boaz_etl_with_xcoms.py
[2023-08-23T09:51:16.195+0000] {processor.py:743} INFO - Processing file /opt/airflow/dags/boaz_etl_with_xcoms.py for tasks to queue
[2023-08-23T09:51:16.196+0000] {logging_mixin.py:137} INFO - [2023-08-23T09:51:16.196+0000] {dagbag.py:538} INFO - Filling up the DagBag from /opt/airflow/dags/boaz_etl_with_xcoms.py
[2023-08-23T09:51:16.199+0000] {logging_mixin.py:137} INFO - [2023-08-23T09:51:16.198+0000] {dagbag.py:343} ERROR - Failed to import: /opt/airflow/dags/boaz_etl_with_xcoms.py
Traceback (most recent call last):
  File "/home/airflow/.local/lib/python3.7/site-packages/airflow/models/dagbag.py", line 339, in parse
    loader.exec_module(new_module)
  File "<frozen importlib._bootstrap_external>", line 724, in exec_module
  File "<frozen importlib._bootstrap_external>", line 860, in get_code
  File "<frozen importlib._bootstrap_external>", line 791, in source_to_code
  File "<frozen importlib._bootstrap>", line 219, in _call_with_frames_removed
  File "/opt/airflow/dags/boaz_etl_with_xcoms.py", line 32
    with open("job_search_result.csv", "w") as file:
                                                   ^
IndentationError: unindent does not match any outer indentation level
[2023-08-23T09:51:16.199+0000] {processor.py:755} WARNING - No viable dags retrieved from /opt/airflow/dags/boaz_etl_with_xcoms.py
[2023-08-23T09:51:16.219+0000] {processor.py:175} INFO - Processing /opt/airflow/dags/boaz_etl_with_xcoms.py took 0.027 seconds
[2023-08-23T09:51:47.175+0000] {processor.py:153} INFO - Started process (PID=4813) to work on /opt/airflow/dags/boaz_etl_with_xcoms.py
[2023-08-23T09:51:47.176+0000] {processor.py:743} INFO - Processing file /opt/airflow/dags/boaz_etl_with_xcoms.py for tasks to queue
[2023-08-23T09:51:47.177+0000] {logging_mixin.py:137} INFO - [2023-08-23T09:51:47.177+0000] {dagbag.py:538} INFO - Filling up the DagBag from /opt/airflow/dags/boaz_etl_with_xcoms.py
[2023-08-23T09:51:47.181+0000] {logging_mixin.py:137} INFO - [2023-08-23T09:51:47.180+0000] {dagbag.py:343} ERROR - Failed to import: /opt/airflow/dags/boaz_etl_with_xcoms.py
Traceback (most recent call last):
  File "/home/airflow/.local/lib/python3.7/site-packages/airflow/models/dagbag.py", line 339, in parse
    loader.exec_module(new_module)
  File "<frozen importlib._bootstrap_external>", line 724, in exec_module
  File "<frozen importlib._bootstrap_external>", line 860, in get_code
  File "<frozen importlib._bootstrap_external>", line 791, in source_to_code
  File "<frozen importlib._bootstrap>", line 219, in _call_with_frames_removed
  File "/opt/airflow/dags/boaz_etl_with_xcoms.py", line 32
    with open("job_search_result.csv", "w") as file:
                                                   ^
IndentationError: unindent does not match any outer indentation level
[2023-08-23T09:51:47.181+0000] {processor.py:755} WARNING - No viable dags retrieved from /opt/airflow/dags/boaz_etl_with_xcoms.py
[2023-08-23T09:51:47.200+0000] {processor.py:175} INFO - Processing /opt/airflow/dags/boaz_etl_with_xcoms.py took 0.031 seconds
[2023-08-23T09:52:06.382+0000] {processor.py:153} INFO - Started process (PID=4841) to work on /opt/airflow/dags/boaz_etl_with_xcoms.py
[2023-08-23T09:52:06.383+0000] {processor.py:743} INFO - Processing file /opt/airflow/dags/boaz_etl_with_xcoms.py for tasks to queue
[2023-08-23T09:52:06.384+0000] {logging_mixin.py:137} INFO - [2023-08-23T09:52:06.384+0000] {dagbag.py:538} INFO - Filling up the DagBag from /opt/airflow/dags/boaz_etl_with_xcoms.py
[2023-08-23T09:52:06.459+0000] {logging_mixin.py:137} INFO - [2023-08-23T09:52:06.458+0000] {dagbag.py:343} ERROR - Failed to import: /opt/airflow/dags/boaz_etl_with_xcoms.py
Traceback (most recent call last):
  File "/home/airflow/.local/lib/python3.7/site-packages/airflow/models/dagbag.py", line 339, in parse
    loader.exec_module(new_module)
  File "<frozen importlib._bootstrap_external>", line 728, in exec_module
  File "<frozen importlib._bootstrap>", line 219, in _call_with_frames_removed
  File "/opt/airflow/dags/boaz_etl_with_xcoms.py", line 34, in <module>
    writer.writerow(titles)
NameError: name 'titles' is not defined
[2023-08-23T09:52:06.459+0000] {processor.py:755} WARNING - No viable dags retrieved from /opt/airflow/dags/boaz_etl_with_xcoms.py
[2023-08-23T09:52:06.476+0000] {processor.py:175} INFO - Processing /opt/airflow/dags/boaz_etl_with_xcoms.py took 0.096 seconds
[2023-08-23T09:52:13.448+0000] {processor.py:153} INFO - Started process (PID=4842) to work on /opt/airflow/dags/boaz_etl_with_xcoms.py
[2023-08-23T09:52:13.448+0000] {processor.py:743} INFO - Processing file /opt/airflow/dags/boaz_etl_with_xcoms.py for tasks to queue
[2023-08-23T09:52:13.449+0000] {logging_mixin.py:137} INFO - [2023-08-23T09:52:13.449+0000] {dagbag.py:538} INFO - Filling up the DagBag from /opt/airflow/dags/boaz_etl_with_xcoms.py
[2023-08-23T09:52:13.547+0000] {processor.py:753} INFO - DAG(s) dict_keys(['boaz_etl']) retrieved from /opt/airflow/dags/boaz_etl_with_xcoms.py
[2023-08-23T09:52:13.612+0000] {logging_mixin.py:137} INFO - [2023-08-23T09:52:13.612+0000] {manager.py:504} INFO - Created Permission View: can read on DAG:boaz_etl
[2023-08-23T09:52:13.621+0000] {logging_mixin.py:137} INFO - [2023-08-23T09:52:13.621+0000] {manager.py:504} INFO - Created Permission View: can edit on DAG:boaz_etl
[2023-08-23T09:52:13.625+0000] {logging_mixin.py:137} INFO - [2023-08-23T09:52:13.625+0000] {manager.py:504} INFO - Created Permission View: can delete on DAG:boaz_etl
[2023-08-23T09:52:13.626+0000] {logging_mixin.py:137} INFO - [2023-08-23T09:52:13.625+0000] {dag.py:2690} INFO - Sync 1 DAGs
[2023-08-23T09:52:13.635+0000] {logging_mixin.py:137} INFO - [2023-08-23T09:52:13.635+0000] {dag.py:2711} INFO - Creating ORM DAG for boaz_etl
[2023-08-23T09:52:13.644+0000] {logging_mixin.py:137} INFO - [2023-08-23T09:52:13.644+0000] {dag.py:3441} INFO - Setting next_dagrun for boaz_etl to 2023-08-22T00:00:00+00:00, run_after=2023-08-23T00:00:00+00:00
[2023-08-23T09:52:13.654+0000] {processor.py:175} INFO - Processing /opt/airflow/dags/boaz_etl_with_xcoms.py took 0.209 seconds
[2023-08-23T09:52:43.719+0000] {processor.py:153} INFO - Started process (PID=4922) to work on /opt/airflow/dags/boaz_etl_with_xcoms.py
[2023-08-23T09:52:43.720+0000] {processor.py:743} INFO - Processing file /opt/airflow/dags/boaz_etl_with_xcoms.py for tasks to queue
[2023-08-23T09:52:43.721+0000] {logging_mixin.py:137} INFO - [2023-08-23T09:52:43.721+0000] {dagbag.py:538} INFO - Filling up the DagBag from /opt/airflow/dags/boaz_etl_with_xcoms.py
[2023-08-23T09:52:43.819+0000] {processor.py:753} INFO - DAG(s) dict_keys(['boaz_etl']) retrieved from /opt/airflow/dags/boaz_etl_with_xcoms.py
[2023-08-23T09:52:43.832+0000] {logging_mixin.py:137} INFO - [2023-08-23T09:52:43.832+0000] {dag.py:2690} INFO - Sync 1 DAGs
[2023-08-23T09:52:43.850+0000] {logging_mixin.py:137} INFO - [2023-08-23T09:52:43.849+0000] {dag.py:3441} INFO - Setting next_dagrun for boaz_etl to 2023-08-23T00:00:00+00:00, run_after=2023-08-24T00:00:00+00:00
[2023-08-23T09:52:43.860+0000] {processor.py:175} INFO - Processing /opt/airflow/dags/boaz_etl_with_xcoms.py took 0.144 seconds
[2023-08-23T09:53:13.947+0000] {processor.py:153} INFO - Started process (PID=5003) to work on /opt/airflow/dags/boaz_etl_with_xcoms.py
[2023-08-23T09:53:13.947+0000] {processor.py:743} INFO - Processing file /opt/airflow/dags/boaz_etl_with_xcoms.py for tasks to queue
[2023-08-23T09:53:13.948+0000] {logging_mixin.py:137} INFO - [2023-08-23T09:53:13.948+0000] {dagbag.py:538} INFO - Filling up the DagBag from /opt/airflow/dags/boaz_etl_with_xcoms.py
[2023-08-23T09:53:14.040+0000] {processor.py:753} INFO - DAG(s) dict_keys(['boaz_etl']) retrieved from /opt/airflow/dags/boaz_etl_with_xcoms.py
[2023-08-23T09:53:14.051+0000] {logging_mixin.py:137} INFO - [2023-08-23T09:53:14.050+0000] {dag.py:2690} INFO - Sync 1 DAGs
[2023-08-23T09:53:14.068+0000] {logging_mixin.py:137} INFO - [2023-08-23T09:53:14.068+0000] {dag.py:3441} INFO - Setting next_dagrun for boaz_etl to 2023-08-23T00:00:00+00:00, run_after=2023-08-24T00:00:00+00:00
[2023-08-23T09:53:14.080+0000] {processor.py:175} INFO - Processing /opt/airflow/dags/boaz_etl_with_xcoms.py took 0.136 seconds
[2023-08-23T09:53:44.202+0000] {processor.py:153} INFO - Started process (PID=5071) to work on /opt/airflow/dags/boaz_etl_with_xcoms.py
[2023-08-23T09:53:44.202+0000] {processor.py:743} INFO - Processing file /opt/airflow/dags/boaz_etl_with_xcoms.py for tasks to queue
[2023-08-23T09:53:44.203+0000] {logging_mixin.py:137} INFO - [2023-08-23T09:53:44.203+0000] {dagbag.py:538} INFO - Filling up the DagBag from /opt/airflow/dags/boaz_etl_with_xcoms.py
[2023-08-23T09:53:44.297+0000] {processor.py:753} INFO - DAG(s) dict_keys(['boaz_etl']) retrieved from /opt/airflow/dags/boaz_etl_with_xcoms.py
[2023-08-23T09:53:44.309+0000] {logging_mixin.py:137} INFO - [2023-08-23T09:53:44.309+0000] {dag.py:2690} INFO - Sync 1 DAGs
[2023-08-23T09:53:44.327+0000] {logging_mixin.py:137} INFO - [2023-08-23T09:53:44.327+0000] {dag.py:3441} INFO - Setting next_dagrun for boaz_etl to 2023-08-23T00:00:00+00:00, run_after=2023-08-24T00:00:00+00:00
[2023-08-23T09:53:44.339+0000] {processor.py:175} INFO - Processing /opt/airflow/dags/boaz_etl_with_xcoms.py took 0.140 seconds
[2023-08-23T09:54:14.364+0000] {processor.py:153} INFO - Started process (PID=5151) to work on /opt/airflow/dags/boaz_etl_with_xcoms.py
[2023-08-23T09:54:14.365+0000] {processor.py:743} INFO - Processing file /opt/airflow/dags/boaz_etl_with_xcoms.py for tasks to queue
[2023-08-23T09:54:14.366+0000] {logging_mixin.py:137} INFO - [2023-08-23T09:54:14.366+0000] {dagbag.py:538} INFO - Filling up the DagBag from /opt/airflow/dags/boaz_etl_with_xcoms.py
[2023-08-23T09:54:14.462+0000] {processor.py:753} INFO - DAG(s) dict_keys(['boaz_etl']) retrieved from /opt/airflow/dags/boaz_etl_with_xcoms.py
[2023-08-23T09:54:14.475+0000] {logging_mixin.py:137} INFO - [2023-08-23T09:54:14.475+0000] {dag.py:2690} INFO - Sync 1 DAGs
[2023-08-23T09:54:14.492+0000] {logging_mixin.py:137} INFO - [2023-08-23T09:54:14.492+0000] {dag.py:3441} INFO - Setting next_dagrun for boaz_etl to 2023-08-23T00:00:00+00:00, run_after=2023-08-24T00:00:00+00:00
[2023-08-23T09:54:14.503+0000] {processor.py:175} INFO - Processing /opt/airflow/dags/boaz_etl_with_xcoms.py took 0.141 seconds
[2023-08-23T09:54:44.546+0000] {processor.py:153} INFO - Started process (PID=5223) to work on /opt/airflow/dags/boaz_etl_with_xcoms.py
[2023-08-23T09:54:44.547+0000] {processor.py:743} INFO - Processing file /opt/airflow/dags/boaz_etl_with_xcoms.py for tasks to queue
[2023-08-23T09:54:44.548+0000] {logging_mixin.py:137} INFO - [2023-08-23T09:54:44.548+0000] {dagbag.py:538} INFO - Filling up the DagBag from /opt/airflow/dags/boaz_etl_with_xcoms.py
[2023-08-23T09:54:44.646+0000] {processor.py:753} INFO - DAG(s) dict_keys(['boaz_etl']) retrieved from /opt/airflow/dags/boaz_etl_with_xcoms.py
[2023-08-23T09:54:44.658+0000] {logging_mixin.py:137} INFO - [2023-08-23T09:54:44.657+0000] {dag.py:2690} INFO - Sync 1 DAGs
[2023-08-23T09:54:44.675+0000] {logging_mixin.py:137} INFO - [2023-08-23T09:54:44.675+0000] {dag.py:3441} INFO - Setting next_dagrun for boaz_etl to 2023-08-23T00:00:00+00:00, run_after=2023-08-24T00:00:00+00:00
[2023-08-23T09:54:44.685+0000] {processor.py:175} INFO - Processing /opt/airflow/dags/boaz_etl_with_xcoms.py took 0.143 seconds
[2023-08-23T09:55:14.774+0000] {processor.py:153} INFO - Started process (PID=5296) to work on /opt/airflow/dags/boaz_etl_with_xcoms.py
[2023-08-23T09:55:14.775+0000] {processor.py:743} INFO - Processing file /opt/airflow/dags/boaz_etl_with_xcoms.py for tasks to queue
[2023-08-23T09:55:14.776+0000] {logging_mixin.py:137} INFO - [2023-08-23T09:55:14.776+0000] {dagbag.py:538} INFO - Filling up the DagBag from /opt/airflow/dags/boaz_etl_with_xcoms.py
[2023-08-23T09:55:14.878+0000] {processor.py:753} INFO - DAG(s) dict_keys(['boaz_etl']) retrieved from /opt/airflow/dags/boaz_etl_with_xcoms.py
[2023-08-23T09:55:14.889+0000] {logging_mixin.py:137} INFO - [2023-08-23T09:55:14.889+0000] {dag.py:2690} INFO - Sync 1 DAGs
[2023-08-23T09:55:14.906+0000] {logging_mixin.py:137} INFO - [2023-08-23T09:55:14.905+0000] {dag.py:3441} INFO - Setting next_dagrun for boaz_etl to 2023-08-23T00:00:00+00:00, run_after=2023-08-24T00:00:00+00:00
[2023-08-23T09:55:14.917+0000] {processor.py:175} INFO - Processing /opt/airflow/dags/boaz_etl_with_xcoms.py took 0.149 seconds
[2023-08-23T09:55:45.277+0000] {processor.py:153} INFO - Started process (PID=5375) to work on /opt/airflow/dags/boaz_etl_with_xcoms.py
[2023-08-23T09:55:45.279+0000] {processor.py:743} INFO - Processing file /opt/airflow/dags/boaz_etl_with_xcoms.py for tasks to queue
[2023-08-23T09:55:45.279+0000] {logging_mixin.py:137} INFO - [2023-08-23T09:55:45.279+0000] {dagbag.py:538} INFO - Filling up the DagBag from /opt/airflow/dags/boaz_etl_with_xcoms.py
[2023-08-23T09:55:45.380+0000] {processor.py:753} INFO - DAG(s) dict_keys(['boaz_etl']) retrieved from /opt/airflow/dags/boaz_etl_with_xcoms.py
[2023-08-23T09:55:45.392+0000] {logging_mixin.py:137} INFO - [2023-08-23T09:55:45.391+0000] {dag.py:2690} INFO - Sync 1 DAGs
[2023-08-23T09:55:45.409+0000] {logging_mixin.py:137} INFO - [2023-08-23T09:55:45.409+0000] {dag.py:3441} INFO - Setting next_dagrun for boaz_etl to 2023-08-23T00:00:00+00:00, run_after=2023-08-24T00:00:00+00:00
[2023-08-23T09:55:45.419+0000] {processor.py:175} INFO - Processing /opt/airflow/dags/boaz_etl_with_xcoms.py took 0.149 seconds
[2023-08-23T09:56:15.464+0000] {processor.py:153} INFO - Started process (PID=5442) to work on /opt/airflow/dags/boaz_etl_with_xcoms.py
[2023-08-23T09:56:15.465+0000] {processor.py:743} INFO - Processing file /opt/airflow/dags/boaz_etl_with_xcoms.py for tasks to queue
[2023-08-23T09:56:15.465+0000] {logging_mixin.py:137} INFO - [2023-08-23T09:56:15.465+0000] {dagbag.py:538} INFO - Filling up the DagBag from /opt/airflow/dags/boaz_etl_with_xcoms.py
[2023-08-23T09:56:15.583+0000] {processor.py:753} INFO - DAG(s) dict_keys(['boaz_etl']) retrieved from /opt/airflow/dags/boaz_etl_with_xcoms.py
[2023-08-23T09:56:15.596+0000] {logging_mixin.py:137} INFO - [2023-08-23T09:56:15.595+0000] {dag.py:2690} INFO - Sync 1 DAGs
[2023-08-23T09:56:15.612+0000] {logging_mixin.py:137} INFO - [2023-08-23T09:56:15.612+0000] {dag.py:3441} INFO - Setting next_dagrun for boaz_etl to 2023-08-23T00:00:00+00:00, run_after=2023-08-24T00:00:00+00:00
[2023-08-23T09:56:15.623+0000] {processor.py:175} INFO - Processing /opt/airflow/dags/boaz_etl_with_xcoms.py took 0.162 seconds
[2023-08-23T09:56:45.762+0000] {processor.py:153} INFO - Started process (PID=5522) to work on /opt/airflow/dags/boaz_etl_with_xcoms.py
[2023-08-23T09:56:45.763+0000] {processor.py:743} INFO - Processing file /opt/airflow/dags/boaz_etl_with_xcoms.py for tasks to queue
[2023-08-23T09:56:45.764+0000] {logging_mixin.py:137} INFO - [2023-08-23T09:56:45.764+0000] {dagbag.py:538} INFO - Filling up the DagBag from /opt/airflow/dags/boaz_etl_with_xcoms.py
[2023-08-23T09:56:45.863+0000] {processor.py:753} INFO - DAG(s) dict_keys(['boaz_etl']) retrieved from /opt/airflow/dags/boaz_etl_with_xcoms.py
[2023-08-23T09:56:45.874+0000] {logging_mixin.py:137} INFO - [2023-08-23T09:56:45.874+0000] {dag.py:2690} INFO - Sync 1 DAGs
[2023-08-23T09:56:45.891+0000] {logging_mixin.py:137} INFO - [2023-08-23T09:56:45.891+0000] {dag.py:3441} INFO - Setting next_dagrun for boaz_etl to 2023-08-23T00:00:00+00:00, run_after=2023-08-24T00:00:00+00:00
[2023-08-23T09:56:45.901+0000] {processor.py:175} INFO - Processing /opt/airflow/dags/boaz_etl_with_xcoms.py took 0.145 seconds
[2023-08-23T09:57:16.025+0000] {processor.py:153} INFO - Started process (PID=5603) to work on /opt/airflow/dags/boaz_etl_with_xcoms.py
[2023-08-23T09:57:16.026+0000] {processor.py:743} INFO - Processing file /opt/airflow/dags/boaz_etl_with_xcoms.py for tasks to queue
[2023-08-23T09:57:16.027+0000] {logging_mixin.py:137} INFO - [2023-08-23T09:57:16.027+0000] {dagbag.py:538} INFO - Filling up the DagBag from /opt/airflow/dags/boaz_etl_with_xcoms.py
[2023-08-23T09:57:16.123+0000] {processor.py:753} INFO - DAG(s) dict_keys(['boaz_etl']) retrieved from /opt/airflow/dags/boaz_etl_with_xcoms.py
[2023-08-23T09:57:16.136+0000] {logging_mixin.py:137} INFO - [2023-08-23T09:57:16.135+0000] {dag.py:2690} INFO - Sync 1 DAGs
[2023-08-23T09:57:16.154+0000] {logging_mixin.py:137} INFO - [2023-08-23T09:57:16.154+0000] {dag.py:3441} INFO - Setting next_dagrun for boaz_etl to 2023-08-23T00:00:00+00:00, run_after=2023-08-24T00:00:00+00:00
[2023-08-23T09:57:16.166+0000] {processor.py:175} INFO - Processing /opt/airflow/dags/boaz_etl_with_xcoms.py took 0.144 seconds
[2023-08-23T09:57:46.201+0000] {processor.py:153} INFO - Started process (PID=5670) to work on /opt/airflow/dags/boaz_etl_with_xcoms.py
[2023-08-23T09:57:46.201+0000] {processor.py:743} INFO - Processing file /opt/airflow/dags/boaz_etl_with_xcoms.py for tasks to queue
[2023-08-23T09:57:46.202+0000] {logging_mixin.py:137} INFO - [2023-08-23T09:57:46.202+0000] {dagbag.py:538} INFO - Filling up the DagBag from /opt/airflow/dags/boaz_etl_with_xcoms.py
[2023-08-23T09:57:46.296+0000] {processor.py:753} INFO - DAG(s) dict_keys(['boaz_etl']) retrieved from /opt/airflow/dags/boaz_etl_with_xcoms.py
[2023-08-23T09:57:46.308+0000] {logging_mixin.py:137} INFO - [2023-08-23T09:57:46.307+0000] {dag.py:2690} INFO - Sync 1 DAGs
[2023-08-23T09:57:46.324+0000] {logging_mixin.py:137} INFO - [2023-08-23T09:57:46.324+0000] {dag.py:3441} INFO - Setting next_dagrun for boaz_etl to 2023-08-23T00:00:00+00:00, run_after=2023-08-24T00:00:00+00:00
[2023-08-23T09:57:46.336+0000] {processor.py:175} INFO - Processing /opt/airflow/dags/boaz_etl_with_xcoms.py took 0.138 seconds
[2023-08-23T09:58:16.383+0000] {processor.py:153} INFO - Started process (PID=5749) to work on /opt/airflow/dags/boaz_etl_with_xcoms.py
[2023-08-23T09:58:16.384+0000] {processor.py:743} INFO - Processing file /opt/airflow/dags/boaz_etl_with_xcoms.py for tasks to queue
[2023-08-23T09:58:16.384+0000] {logging_mixin.py:137} INFO - [2023-08-23T09:58:16.384+0000] {dagbag.py:538} INFO - Filling up the DagBag from /opt/airflow/dags/boaz_etl_with_xcoms.py
[2023-08-23T09:58:16.477+0000] {processor.py:753} INFO - DAG(s) dict_keys(['boaz_etl']) retrieved from /opt/airflow/dags/boaz_etl_with_xcoms.py
[2023-08-23T09:58:16.491+0000] {logging_mixin.py:137} INFO - [2023-08-23T09:58:16.490+0000] {dag.py:2690} INFO - Sync 1 DAGs
[2023-08-23T09:58:16.507+0000] {logging_mixin.py:137} INFO - [2023-08-23T09:58:16.507+0000] {dag.py:3441} INFO - Setting next_dagrun for boaz_etl to 2023-08-23T00:00:00+00:00, run_after=2023-08-24T00:00:00+00:00
[2023-08-23T09:58:16.518+0000] {processor.py:175} INFO - Processing /opt/airflow/dags/boaz_etl_with_xcoms.py took 0.139 seconds
[2023-08-23T09:58:46.600+0000] {processor.py:153} INFO - Started process (PID=5826) to work on /opt/airflow/dags/boaz_etl_with_xcoms.py
[2023-08-23T09:58:46.601+0000] {processor.py:743} INFO - Processing file /opt/airflow/dags/boaz_etl_with_xcoms.py for tasks to queue
[2023-08-23T09:58:46.601+0000] {logging_mixin.py:137} INFO - [2023-08-23T09:58:46.601+0000] {dagbag.py:538} INFO - Filling up the DagBag from /opt/airflow/dags/boaz_etl_with_xcoms.py
[2023-08-23T09:58:46.693+0000] {processor.py:753} INFO - DAG(s) dict_keys(['boaz_etl']) retrieved from /opt/airflow/dags/boaz_etl_with_xcoms.py
[2023-08-23T09:58:46.705+0000] {logging_mixin.py:137} INFO - [2023-08-23T09:58:46.705+0000] {dag.py:2690} INFO - Sync 1 DAGs
[2023-08-23T09:58:46.722+0000] {logging_mixin.py:137} INFO - [2023-08-23T09:58:46.722+0000] {dag.py:3441} INFO - Setting next_dagrun for boaz_etl to 2023-08-23T00:00:00+00:00, run_after=2023-08-24T00:00:00+00:00
[2023-08-23T09:58:46.733+0000] {processor.py:175} INFO - Processing /opt/airflow/dags/boaz_etl_with_xcoms.py took 0.135 seconds
[2023-08-23T09:59:16.754+0000] {processor.py:153} INFO - Started process (PID=5897) to work on /opt/airflow/dags/boaz_etl_with_xcoms.py
[2023-08-23T09:59:16.754+0000] {processor.py:743} INFO - Processing file /opt/airflow/dags/boaz_etl_with_xcoms.py for tasks to queue
[2023-08-23T09:59:16.755+0000] {logging_mixin.py:137} INFO - [2023-08-23T09:59:16.755+0000] {dagbag.py:538} INFO - Filling up the DagBag from /opt/airflow/dags/boaz_etl_with_xcoms.py
[2023-08-23T09:59:16.845+0000] {processor.py:753} INFO - DAG(s) dict_keys(['boaz_etl']) retrieved from /opt/airflow/dags/boaz_etl_with_xcoms.py
[2023-08-23T09:59:16.857+0000] {logging_mixin.py:137} INFO - [2023-08-23T09:59:16.857+0000] {dag.py:2690} INFO - Sync 1 DAGs
[2023-08-23T09:59:16.878+0000] {logging_mixin.py:137} INFO - [2023-08-23T09:59:16.878+0000] {dag.py:3441} INFO - Setting next_dagrun for boaz_etl to 2023-08-23T00:00:00+00:00, run_after=2023-08-24T00:00:00+00:00
[2023-08-23T09:59:16.890+0000] {processor.py:175} INFO - Processing /opt/airflow/dags/boaz_etl_with_xcoms.py took 0.139 seconds
[2023-08-23T09:59:46.979+0000] {processor.py:153} INFO - Started process (PID=5976) to work on /opt/airflow/dags/boaz_etl_with_xcoms.py
[2023-08-23T09:59:46.980+0000] {processor.py:743} INFO - Processing file /opt/airflow/dags/boaz_etl_with_xcoms.py for tasks to queue
[2023-08-23T09:59:46.981+0000] {logging_mixin.py:137} INFO - [2023-08-23T09:59:46.981+0000] {dagbag.py:538} INFO - Filling up the DagBag from /opt/airflow/dags/boaz_etl_with_xcoms.py
[2023-08-23T09:59:47.074+0000] {processor.py:753} INFO - DAG(s) dict_keys(['boaz_etl']) retrieved from /opt/airflow/dags/boaz_etl_with_xcoms.py
[2023-08-23T09:59:47.087+0000] {logging_mixin.py:137} INFO - [2023-08-23T09:59:47.086+0000] {dag.py:2690} INFO - Sync 1 DAGs
[2023-08-23T09:59:47.104+0000] {logging_mixin.py:137} INFO - [2023-08-23T09:59:47.104+0000] {dag.py:3441} INFO - Setting next_dagrun for boaz_etl to 2023-08-23T00:00:00+00:00, run_after=2023-08-24T00:00:00+00:00
[2023-08-23T09:59:47.115+0000] {processor.py:175} INFO - Processing /opt/airflow/dags/boaz_etl_with_xcoms.py took 0.138 seconds
[2023-08-23T10:00:17.213+0000] {processor.py:153} INFO - Started process (PID=6044) to work on /opt/airflow/dags/boaz_etl_with_xcoms.py
[2023-08-23T10:00:17.214+0000] {processor.py:743} INFO - Processing file /opt/airflow/dags/boaz_etl_with_xcoms.py for tasks to queue
[2023-08-23T10:00:17.215+0000] {logging_mixin.py:137} INFO - [2023-08-23T10:00:17.215+0000] {dagbag.py:538} INFO - Filling up the DagBag from /opt/airflow/dags/boaz_etl_with_xcoms.py
[2023-08-23T10:00:17.322+0000] {processor.py:753} INFO - DAG(s) dict_keys(['boaz_etl']) retrieved from /opt/airflow/dags/boaz_etl_with_xcoms.py
[2023-08-23T10:00:17.340+0000] {logging_mixin.py:137} INFO - [2023-08-23T10:00:17.340+0000] {dag.py:2690} INFO - Sync 1 DAGs
[2023-08-23T10:00:17.359+0000] {logging_mixin.py:137} INFO - [2023-08-23T10:00:17.359+0000] {dag.py:3441} INFO - Setting next_dagrun for boaz_etl to 2023-08-23T00:00:00+00:00, run_after=2023-08-24T00:00:00+00:00
[2023-08-23T10:00:17.371+0000] {processor.py:175} INFO - Processing /opt/airflow/dags/boaz_etl_with_xcoms.py took 0.160 seconds
[2023-08-23T10:00:47.639+0000] {processor.py:153} INFO - Started process (PID=6123) to work on /opt/airflow/dags/boaz_etl_with_xcoms.py
[2023-08-23T10:00:47.640+0000] {processor.py:743} INFO - Processing file /opt/airflow/dags/boaz_etl_with_xcoms.py for tasks to queue
[2023-08-23T10:00:47.640+0000] {logging_mixin.py:137} INFO - [2023-08-23T10:00:47.640+0000] {dagbag.py:538} INFO - Filling up the DagBag from /opt/airflow/dags/boaz_etl_with_xcoms.py
[2023-08-23T10:00:47.735+0000] {processor.py:753} INFO - DAG(s) dict_keys(['boaz_etl']) retrieved from /opt/airflow/dags/boaz_etl_with_xcoms.py
[2023-08-23T10:00:47.746+0000] {logging_mixin.py:137} INFO - [2023-08-23T10:00:47.746+0000] {dag.py:2690} INFO - Sync 1 DAGs
[2023-08-23T10:00:47.766+0000] {logging_mixin.py:137} INFO - [2023-08-23T10:00:47.766+0000] {dag.py:3441} INFO - Setting next_dagrun for boaz_etl to 2023-08-23T00:00:00+00:00, run_after=2023-08-24T00:00:00+00:00
[2023-08-23T10:00:47.784+0000] {processor.py:175} INFO - Processing /opt/airflow/dags/boaz_etl_with_xcoms.py took 0.148 seconds
[2023-08-23T10:01:17.876+0000] {processor.py:153} INFO - Started process (PID=6203) to work on /opt/airflow/dags/boaz_etl_with_xcoms.py
[2023-08-23T10:01:17.877+0000] {processor.py:743} INFO - Processing file /opt/airflow/dags/boaz_etl_with_xcoms.py for tasks to queue
[2023-08-23T10:01:17.878+0000] {logging_mixin.py:137} INFO - [2023-08-23T10:01:17.878+0000] {dagbag.py:538} INFO - Filling up the DagBag from /opt/airflow/dags/boaz_etl_with_xcoms.py
[2023-08-23T10:01:17.978+0000] {processor.py:753} INFO - DAG(s) dict_keys(['boaz_etl']) retrieved from /opt/airflow/dags/boaz_etl_with_xcoms.py
[2023-08-23T10:01:17.990+0000] {logging_mixin.py:137} INFO - [2023-08-23T10:01:17.989+0000] {dag.py:2690} INFO - Sync 1 DAGs
[2023-08-23T10:01:18.007+0000] {logging_mixin.py:137} INFO - [2023-08-23T10:01:18.007+0000] {dag.py:3441} INFO - Setting next_dagrun for boaz_etl to 2023-08-23T00:00:00+00:00, run_after=2023-08-24T00:00:00+00:00
[2023-08-23T10:01:18.018+0000] {processor.py:175} INFO - Processing /opt/airflow/dags/boaz_etl_with_xcoms.py took 0.149 seconds
[2023-08-23T10:01:48.130+0000] {processor.py:153} INFO - Started process (PID=6271) to work on /opt/airflow/dags/boaz_etl_with_xcoms.py
[2023-08-23T10:01:48.131+0000] {processor.py:743} INFO - Processing file /opt/airflow/dags/boaz_etl_with_xcoms.py for tasks to queue
[2023-08-23T10:01:48.132+0000] {logging_mixin.py:137} INFO - [2023-08-23T10:01:48.132+0000] {dagbag.py:538} INFO - Filling up the DagBag from /opt/airflow/dags/boaz_etl_with_xcoms.py
[2023-08-23T10:01:48.226+0000] {processor.py:753} INFO - DAG(s) dict_keys(['boaz_etl']) retrieved from /opt/airflow/dags/boaz_etl_with_xcoms.py
[2023-08-23T10:01:48.239+0000] {logging_mixin.py:137} INFO - [2023-08-23T10:01:48.238+0000] {dag.py:2690} INFO - Sync 1 DAGs
[2023-08-23T10:01:48.255+0000] {logging_mixin.py:137} INFO - [2023-08-23T10:01:48.255+0000] {dag.py:3441} INFO - Setting next_dagrun for boaz_etl to 2023-08-23T00:00:00+00:00, run_after=2023-08-24T00:00:00+00:00
[2023-08-23T10:01:48.266+0000] {processor.py:175} INFO - Processing /opt/airflow/dags/boaz_etl_with_xcoms.py took 0.139 seconds
[2023-08-23T10:02:18.316+0000] {processor.py:153} INFO - Started process (PID=6350) to work on /opt/airflow/dags/boaz_etl_with_xcoms.py
[2023-08-23T10:02:18.316+0000] {processor.py:743} INFO - Processing file /opt/airflow/dags/boaz_etl_with_xcoms.py for tasks to queue
[2023-08-23T10:02:18.317+0000] {logging_mixin.py:137} INFO - [2023-08-23T10:02:18.317+0000] {dagbag.py:538} INFO - Filling up the DagBag from /opt/airflow/dags/boaz_etl_with_xcoms.py
[2023-08-23T10:02:18.421+0000] {processor.py:753} INFO - DAG(s) dict_keys(['boaz_etl']) retrieved from /opt/airflow/dags/boaz_etl_with_xcoms.py
[2023-08-23T10:02:18.433+0000] {logging_mixin.py:137} INFO - [2023-08-23T10:02:18.432+0000] {dag.py:2690} INFO - Sync 1 DAGs
[2023-08-23T10:02:18.450+0000] {logging_mixin.py:137} INFO - [2023-08-23T10:02:18.450+0000] {dag.py:3441} INFO - Setting next_dagrun for boaz_etl to 2023-08-23T00:00:00+00:00, run_after=2023-08-24T00:00:00+00:00
[2023-08-23T10:02:18.461+0000] {processor.py:175} INFO - Processing /opt/airflow/dags/boaz_etl_with_xcoms.py took 0.148 seconds
[2023-08-23T10:02:48.526+0000] {processor.py:153} INFO - Started process (PID=6427) to work on /opt/airflow/dags/boaz_etl_with_xcoms.py
[2023-08-23T10:02:48.526+0000] {processor.py:743} INFO - Processing file /opt/airflow/dags/boaz_etl_with_xcoms.py for tasks to queue
[2023-08-23T10:02:48.527+0000] {logging_mixin.py:137} INFO - [2023-08-23T10:02:48.527+0000] {dagbag.py:538} INFO - Filling up the DagBag from /opt/airflow/dags/boaz_etl_with_xcoms.py
[2023-08-23T10:02:48.619+0000] {processor.py:753} INFO - DAG(s) dict_keys(['boaz_etl']) retrieved from /opt/airflow/dags/boaz_etl_with_xcoms.py
[2023-08-23T10:02:48.631+0000] {logging_mixin.py:137} INFO - [2023-08-23T10:02:48.630+0000] {dag.py:2690} INFO - Sync 1 DAGs
[2023-08-23T10:02:48.648+0000] {logging_mixin.py:137} INFO - [2023-08-23T10:02:48.648+0000] {dag.py:3441} INFO - Setting next_dagrun for boaz_etl to 2023-08-23T00:00:00+00:00, run_after=2023-08-24T00:00:00+00:00
[2023-08-23T10:02:48.658+0000] {processor.py:175} INFO - Processing /opt/airflow/dags/boaz_etl_with_xcoms.py took 0.136 seconds
[2023-08-23T10:03:18.698+0000] {processor.py:153} INFO - Started process (PID=6497) to work on /opt/airflow/dags/boaz_etl_with_xcoms.py
[2023-08-23T10:03:18.700+0000] {processor.py:743} INFO - Processing file /opt/airflow/dags/boaz_etl_with_xcoms.py for tasks to queue
[2023-08-23T10:03:18.701+0000] {logging_mixin.py:137} INFO - [2023-08-23T10:03:18.701+0000] {dagbag.py:538} INFO - Filling up the DagBag from /opt/airflow/dags/boaz_etl_with_xcoms.py
[2023-08-23T10:03:18.801+0000] {processor.py:753} INFO - DAG(s) dict_keys(['boaz_etl']) retrieved from /opt/airflow/dags/boaz_etl_with_xcoms.py
[2023-08-23T10:03:18.813+0000] {logging_mixin.py:137} INFO - [2023-08-23T10:03:18.812+0000] {dag.py:2690} INFO - Sync 1 DAGs
[2023-08-23T10:03:18.830+0000] {logging_mixin.py:137} INFO - [2023-08-23T10:03:18.830+0000] {dag.py:3441} INFO - Setting next_dagrun for boaz_etl to 2023-08-23T00:00:00+00:00, run_after=2023-08-24T00:00:00+00:00
[2023-08-23T10:03:18.840+0000] {processor.py:175} INFO - Processing /opt/airflow/dags/boaz_etl_with_xcoms.py took 0.148 seconds
[2023-08-23T10:03:48.893+0000] {processor.py:153} INFO - Started process (PID=6577) to work on /opt/airflow/dags/boaz_etl_with_xcoms.py
[2023-08-23T10:03:48.894+0000] {processor.py:743} INFO - Processing file /opt/airflow/dags/boaz_etl_with_xcoms.py for tasks to queue
[2023-08-23T10:03:48.895+0000] {logging_mixin.py:137} INFO - [2023-08-23T10:03:48.895+0000] {dagbag.py:538} INFO - Filling up the DagBag from /opt/airflow/dags/boaz_etl_with_xcoms.py
[2023-08-23T10:03:48.994+0000] {processor.py:753} INFO - DAG(s) dict_keys(['boaz_etl']) retrieved from /opt/airflow/dags/boaz_etl_with_xcoms.py
[2023-08-23T10:03:49.014+0000] {logging_mixin.py:137} INFO - [2023-08-23T10:03:49.014+0000] {dag.py:2690} INFO - Sync 1 DAGs
[2023-08-23T10:03:49.033+0000] {logging_mixin.py:137} INFO - [2023-08-23T10:03:49.033+0000] {dag.py:3441} INFO - Setting next_dagrun for boaz_etl to 2023-08-23T00:00:00+00:00, run_after=2023-08-24T00:00:00+00:00
[2023-08-23T10:03:49.049+0000] {processor.py:175} INFO - Processing /opt/airflow/dags/boaz_etl_with_xcoms.py took 0.159 seconds
[2023-08-23T10:04:19.090+0000] {processor.py:153} INFO - Started process (PID=6644) to work on /opt/airflow/dags/boaz_etl_with_xcoms.py
[2023-08-23T10:04:19.090+0000] {processor.py:743} INFO - Processing file /opt/airflow/dags/boaz_etl_with_xcoms.py for tasks to queue
[2023-08-23T10:04:19.091+0000] {logging_mixin.py:137} INFO - [2023-08-23T10:04:19.091+0000] {dagbag.py:538} INFO - Filling up the DagBag from /opt/airflow/dags/boaz_etl_with_xcoms.py
[2023-08-23T10:04:19.185+0000] {processor.py:753} INFO - DAG(s) dict_keys(['boaz_etl']) retrieved from /opt/airflow/dags/boaz_etl_with_xcoms.py
[2023-08-23T10:04:19.196+0000] {logging_mixin.py:137} INFO - [2023-08-23T10:04:19.196+0000] {dag.py:2690} INFO - Sync 1 DAGs
[2023-08-23T10:04:19.213+0000] {logging_mixin.py:137} INFO - [2023-08-23T10:04:19.213+0000] {dag.py:3441} INFO - Setting next_dagrun for boaz_etl to 2023-08-23T00:00:00+00:00, run_after=2023-08-24T00:00:00+00:00
[2023-08-23T10:04:19.224+0000] {processor.py:175} INFO - Processing /opt/airflow/dags/boaz_etl_with_xcoms.py took 0.137 seconds
[2023-08-23T10:04:49.316+0000] {processor.py:153} INFO - Started process (PID=6724) to work on /opt/airflow/dags/boaz_etl_with_xcoms.py
[2023-08-23T10:04:49.317+0000] {processor.py:743} INFO - Processing file /opt/airflow/dags/boaz_etl_with_xcoms.py for tasks to queue
[2023-08-23T10:04:49.318+0000] {logging_mixin.py:137} INFO - [2023-08-23T10:04:49.318+0000] {dagbag.py:538} INFO - Filling up the DagBag from /opt/airflow/dags/boaz_etl_with_xcoms.py
[2023-08-23T10:04:49.418+0000] {processor.py:753} INFO - DAG(s) dict_keys(['boaz_etl']) retrieved from /opt/airflow/dags/boaz_etl_with_xcoms.py
[2023-08-23T10:04:49.431+0000] {logging_mixin.py:137} INFO - [2023-08-23T10:04:49.430+0000] {dag.py:2690} INFO - Sync 1 DAGs
[2023-08-23T10:04:49.449+0000] {logging_mixin.py:137} INFO - [2023-08-23T10:04:49.449+0000] {dag.py:3441} INFO - Setting next_dagrun for boaz_etl to 2023-08-23T00:00:00+00:00, run_after=2023-08-24T00:00:00+00:00
[2023-08-23T10:04:49.459+0000] {processor.py:175} INFO - Processing /opt/airflow/dags/boaz_etl_with_xcoms.py took 0.149 seconds
[2023-08-23T10:05:20.291+0000] {processor.py:153} INFO - Started process (PID=6805) to work on /opt/airflow/dags/boaz_etl_with_xcoms.py
[2023-08-23T10:05:20.292+0000] {processor.py:743} INFO - Processing file /opt/airflow/dags/boaz_etl_with_xcoms.py for tasks to queue
[2023-08-23T10:05:20.292+0000] {logging_mixin.py:137} INFO - [2023-08-23T10:05:20.292+0000] {dagbag.py:538} INFO - Filling up the DagBag from /opt/airflow/dags/boaz_etl_with_xcoms.py
[2023-08-23T10:05:20.388+0000] {processor.py:753} INFO - DAG(s) dict_keys(['boaz_etl']) retrieved from /opt/airflow/dags/boaz_etl_with_xcoms.py
[2023-08-23T10:05:20.401+0000] {logging_mixin.py:137} INFO - [2023-08-23T10:05:20.401+0000] {dag.py:2690} INFO - Sync 1 DAGs
[2023-08-23T10:05:20.419+0000] {logging_mixin.py:137} INFO - [2023-08-23T10:05:20.419+0000] {dag.py:3441} INFO - Setting next_dagrun for boaz_etl to 2023-08-23T00:00:00+00:00, run_after=2023-08-24T00:00:00+00:00
[2023-08-23T10:05:20.432+0000] {processor.py:175} INFO - Processing /opt/airflow/dags/boaz_etl_with_xcoms.py took 0.144 seconds
[2023-08-23T10:05:50.538+0000] {processor.py:153} INFO - Started process (PID=6872) to work on /opt/airflow/dags/boaz_etl_with_xcoms.py
[2023-08-23T10:05:50.539+0000] {processor.py:743} INFO - Processing file /opt/airflow/dags/boaz_etl_with_xcoms.py for tasks to queue
[2023-08-23T10:05:50.540+0000] {logging_mixin.py:137} INFO - [2023-08-23T10:05:50.540+0000] {dagbag.py:538} INFO - Filling up the DagBag from /opt/airflow/dags/boaz_etl_with_xcoms.py
[2023-08-23T10:05:50.641+0000] {processor.py:753} INFO - DAG(s) dict_keys(['boaz_etl']) retrieved from /opt/airflow/dags/boaz_etl_with_xcoms.py
[2023-08-23T10:05:50.652+0000] {logging_mixin.py:137} INFO - [2023-08-23T10:05:50.651+0000] {dag.py:2690} INFO - Sync 1 DAGs
[2023-08-23T10:05:50.668+0000] {logging_mixin.py:137} INFO - [2023-08-23T10:05:50.668+0000] {dag.py:3441} INFO - Setting next_dagrun for boaz_etl to 2023-08-23T00:00:00+00:00, run_after=2023-08-24T00:00:00+00:00
[2023-08-23T10:05:50.678+0000] {processor.py:175} INFO - Processing /opt/airflow/dags/boaz_etl_with_xcoms.py took 0.147 seconds
[2023-08-23T10:06:20.773+0000] {processor.py:153} INFO - Started process (PID=6953) to work on /opt/airflow/dags/boaz_etl_with_xcoms.py
[2023-08-23T10:06:20.774+0000] {processor.py:743} INFO - Processing file /opt/airflow/dags/boaz_etl_with_xcoms.py for tasks to queue
[2023-08-23T10:06:20.775+0000] {logging_mixin.py:137} INFO - [2023-08-23T10:06:20.775+0000] {dagbag.py:538} INFO - Filling up the DagBag from /opt/airflow/dags/boaz_etl_with_xcoms.py
[2023-08-23T10:06:20.869+0000] {processor.py:753} INFO - DAG(s) dict_keys(['boaz_etl']) retrieved from /opt/airflow/dags/boaz_etl_with_xcoms.py
[2023-08-23T10:06:20.881+0000] {logging_mixin.py:137} INFO - [2023-08-23T10:06:20.881+0000] {dag.py:2690} INFO - Sync 1 DAGs
[2023-08-23T10:06:20.900+0000] {logging_mixin.py:137} INFO - [2023-08-23T10:06:20.900+0000] {dag.py:3441} INFO - Setting next_dagrun for boaz_etl to 2023-08-23T00:00:00+00:00, run_after=2023-08-24T00:00:00+00:00
[2023-08-23T10:06:20.910+0000] {processor.py:175} INFO - Processing /opt/airflow/dags/boaz_etl_with_xcoms.py took 0.140 seconds
[2023-08-23T10:06:50.954+0000] {processor.py:153} INFO - Started process (PID=7032) to work on /opt/airflow/dags/boaz_etl_with_xcoms.py
[2023-08-23T10:06:50.955+0000] {processor.py:743} INFO - Processing file /opt/airflow/dags/boaz_etl_with_xcoms.py for tasks to queue
[2023-08-23T10:06:50.956+0000] {logging_mixin.py:137} INFO - [2023-08-23T10:06:50.955+0000] {dagbag.py:538} INFO - Filling up the DagBag from /opt/airflow/dags/boaz_etl_with_xcoms.py
[2023-08-23T10:06:51.053+0000] {processor.py:753} INFO - DAG(s) dict_keys(['boaz_etl']) retrieved from /opt/airflow/dags/boaz_etl_with_xcoms.py
[2023-08-23T10:06:51.068+0000] {logging_mixin.py:137} INFO - [2023-08-23T10:06:51.066+0000] {dag.py:2690} INFO - Sync 1 DAGs
[2023-08-23T10:06:51.086+0000] {logging_mixin.py:137} INFO - [2023-08-23T10:06:51.086+0000] {dag.py:3441} INFO - Setting next_dagrun for boaz_etl to 2023-08-23T00:00:00+00:00, run_after=2023-08-24T00:00:00+00:00
[2023-08-23T10:06:51.097+0000] {processor.py:175} INFO - Processing /opt/airflow/dags/boaz_etl_with_xcoms.py took 0.148 seconds
[2023-08-23T10:07:21.172+0000] {processor.py:153} INFO - Started process (PID=7101) to work on /opt/airflow/dags/boaz_etl_with_xcoms.py
[2023-08-23T10:07:21.173+0000] {processor.py:743} INFO - Processing file /opt/airflow/dags/boaz_etl_with_xcoms.py for tasks to queue
[2023-08-23T10:07:21.173+0000] {logging_mixin.py:137} INFO - [2023-08-23T10:07:21.173+0000] {dagbag.py:538} INFO - Filling up the DagBag from /opt/airflow/dags/boaz_etl_with_xcoms.py
[2023-08-23T10:07:21.268+0000] {processor.py:753} INFO - DAG(s) dict_keys(['boaz_etl']) retrieved from /opt/airflow/dags/boaz_etl_with_xcoms.py
[2023-08-23T10:07:21.281+0000] {logging_mixin.py:137} INFO - [2023-08-23T10:07:21.281+0000] {dag.py:2690} INFO - Sync 1 DAGs
[2023-08-23T10:07:21.298+0000] {logging_mixin.py:137} INFO - [2023-08-23T10:07:21.298+0000] {dag.py:3441} INFO - Setting next_dagrun for boaz_etl to 2023-08-23T00:00:00+00:00, run_after=2023-08-24T00:00:00+00:00
[2023-08-23T10:07:21.309+0000] {processor.py:175} INFO - Processing /opt/airflow/dags/boaz_etl_with_xcoms.py took 0.140 seconds
[2023-08-23T10:07:51.429+0000] {processor.py:153} INFO - Started process (PID=7181) to work on /opt/airflow/dags/boaz_etl_with_xcoms.py
[2023-08-23T10:07:51.430+0000] {processor.py:743} INFO - Processing file /opt/airflow/dags/boaz_etl_with_xcoms.py for tasks to queue
[2023-08-23T10:07:51.430+0000] {logging_mixin.py:137} INFO - [2023-08-23T10:07:51.430+0000] {dagbag.py:538} INFO - Filling up the DagBag from /opt/airflow/dags/boaz_etl_with_xcoms.py
[2023-08-23T10:07:51.526+0000] {processor.py:753} INFO - DAG(s) dict_keys(['boaz_etl']) retrieved from /opt/airflow/dags/boaz_etl_with_xcoms.py
[2023-08-23T10:07:51.538+0000] {logging_mixin.py:137} INFO - [2023-08-23T10:07:51.538+0000] {dag.py:2690} INFO - Sync 1 DAGs
[2023-08-23T10:07:51.555+0000] {logging_mixin.py:137} INFO - [2023-08-23T10:07:51.555+0000] {dag.py:3441} INFO - Setting next_dagrun for boaz_etl to 2023-08-23T00:00:00+00:00, run_after=2023-08-24T00:00:00+00:00
[2023-08-23T10:07:51.566+0000] {processor.py:175} INFO - Processing /opt/airflow/dags/boaz_etl_with_xcoms.py took 0.139 seconds
[2023-08-23T10:08:21.655+0000] {processor.py:153} INFO - Started process (PID=7257) to work on /opt/airflow/dags/boaz_etl_with_xcoms.py
[2023-08-23T10:08:21.655+0000] {processor.py:743} INFO - Processing file /opt/airflow/dags/boaz_etl_with_xcoms.py for tasks to queue
[2023-08-23T10:08:21.656+0000] {logging_mixin.py:137} INFO - [2023-08-23T10:08:21.656+0000] {dagbag.py:538} INFO - Filling up the DagBag from /opt/airflow/dags/boaz_etl_with_xcoms.py
[2023-08-23T10:08:21.750+0000] {processor.py:753} INFO - DAG(s) dict_keys(['boaz_etl']) retrieved from /opt/airflow/dags/boaz_etl_with_xcoms.py
[2023-08-23T10:08:21.761+0000] {logging_mixin.py:137} INFO - [2023-08-23T10:08:21.761+0000] {dag.py:2690} INFO - Sync 1 DAGs
[2023-08-23T10:08:21.779+0000] {logging_mixin.py:137} INFO - [2023-08-23T10:08:21.779+0000] {dag.py:3441} INFO - Setting next_dagrun for boaz_etl to 2023-08-23T00:00:00+00:00, run_after=2023-08-24T00:00:00+00:00
[2023-08-23T10:08:21.790+0000] {processor.py:175} INFO - Processing /opt/airflow/dags/boaz_etl_with_xcoms.py took 0.138 seconds
[2023-08-23T10:09:47.093+0000] {processor.py:153} INFO - Started process (PID=7312) to work on /opt/airflow/dags/boaz_etl_with_xcoms.py
[2023-08-23T10:09:47.094+0000] {processor.py:743} INFO - Processing file /opt/airflow/dags/boaz_etl_with_xcoms.py for tasks to queue
[2023-08-23T10:09:47.095+0000] {logging_mixin.py:137} INFO - [2023-08-23T10:09:47.095+0000] {dagbag.py:538} INFO - Filling up the DagBag from /opt/airflow/dags/boaz_etl_with_xcoms.py
[2023-08-23T10:09:47.234+0000] {processor.py:753} INFO - DAG(s) dict_keys(['boaz_etl']) retrieved from /opt/airflow/dags/boaz_etl_with_xcoms.py
[2023-08-23T10:09:47.247+0000] {logging_mixin.py:137} INFO - [2023-08-23T10:09:47.247+0000] {dag.py:2690} INFO - Sync 1 DAGs
[2023-08-23T10:09:47.265+0000] {logging_mixin.py:137} INFO - [2023-08-23T10:09:47.265+0000] {dag.py:3441} INFO - Setting next_dagrun for boaz_etl to 2023-08-23T00:00:00+00:00, run_after=2023-08-24T00:00:00+00:00
[2023-08-23T10:09:47.276+0000] {processor.py:175} INFO - Processing /opt/airflow/dags/boaz_etl_with_xcoms.py took 0.186 seconds
[2023-08-23T10:10:18.130+0000] {processor.py:153} INFO - Started process (PID=7392) to work on /opt/airflow/dags/boaz_etl_with_xcoms.py
[2023-08-23T10:10:18.131+0000] {processor.py:743} INFO - Processing file /opt/airflow/dags/boaz_etl_with_xcoms.py for tasks to queue
[2023-08-23T10:10:18.132+0000] {logging_mixin.py:137} INFO - [2023-08-23T10:10:18.132+0000] {dagbag.py:538} INFO - Filling up the DagBag from /opt/airflow/dags/boaz_etl_with_xcoms.py
[2023-08-23T10:10:18.227+0000] {processor.py:753} INFO - DAG(s) dict_keys(['boaz_etl']) retrieved from /opt/airflow/dags/boaz_etl_with_xcoms.py
[2023-08-23T10:10:18.238+0000] {logging_mixin.py:137} INFO - [2023-08-23T10:10:18.238+0000] {dag.py:2690} INFO - Sync 1 DAGs
[2023-08-23T10:10:18.254+0000] {logging_mixin.py:137} INFO - [2023-08-23T10:10:18.254+0000] {dag.py:3441} INFO - Setting next_dagrun for boaz_etl to 2023-08-23T00:00:00+00:00, run_after=2023-08-24T00:00:00+00:00
[2023-08-23T10:10:18.265+0000] {processor.py:175} INFO - Processing /opt/airflow/dags/boaz_etl_with_xcoms.py took 0.138 seconds
[2023-08-23T10:10:48.462+0000] {processor.py:153} INFO - Started process (PID=7472) to work on /opt/airflow/dags/boaz_etl_with_xcoms.py
[2023-08-23T10:10:48.462+0000] {processor.py:743} INFO - Processing file /opt/airflow/dags/boaz_etl_with_xcoms.py for tasks to queue
[2023-08-23T10:10:48.463+0000] {logging_mixin.py:137} INFO - [2023-08-23T10:10:48.463+0000] {dagbag.py:538} INFO - Filling up the DagBag from /opt/airflow/dags/boaz_etl_with_xcoms.py
[2023-08-23T10:10:48.563+0000] {processor.py:753} INFO - DAG(s) dict_keys(['boaz_etl']) retrieved from /opt/airflow/dags/boaz_etl_with_xcoms.py
[2023-08-23T10:10:48.575+0000] {logging_mixin.py:137} INFO - [2023-08-23T10:10:48.574+0000] {dag.py:2690} INFO - Sync 1 DAGs
[2023-08-23T10:10:48.591+0000] {logging_mixin.py:137} INFO - [2023-08-23T10:10:48.591+0000] {dag.py:3441} INFO - Setting next_dagrun for boaz_etl to 2023-08-23T00:00:00+00:00, run_after=2023-08-24T00:00:00+00:00
[2023-08-23T10:10:48.602+0000] {processor.py:175} INFO - Processing /opt/airflow/dags/boaz_etl_with_xcoms.py took 0.145 seconds
[2023-08-23T10:11:19.605+0000] {processor.py:153} INFO - Started process (PID=7539) to work on /opt/airflow/dags/boaz_etl_with_xcoms.py
[2023-08-23T10:11:19.605+0000] {processor.py:743} INFO - Processing file /opt/airflow/dags/boaz_etl_with_xcoms.py for tasks to queue
[2023-08-23T10:11:19.606+0000] {logging_mixin.py:137} INFO - [2023-08-23T10:11:19.606+0000] {dagbag.py:538} INFO - Filling up the DagBag from /opt/airflow/dags/boaz_etl_with_xcoms.py
[2023-08-23T10:11:19.701+0000] {processor.py:753} INFO - DAG(s) dict_keys(['boaz_etl']) retrieved from /opt/airflow/dags/boaz_etl_with_xcoms.py
[2023-08-23T10:11:19.715+0000] {logging_mixin.py:137} INFO - [2023-08-23T10:11:19.714+0000] {dag.py:2690} INFO - Sync 1 DAGs
[2023-08-23T10:11:19.734+0000] {logging_mixin.py:137} INFO - [2023-08-23T10:11:19.734+0000] {dag.py:3441} INFO - Setting next_dagrun for boaz_etl to 2023-08-23T00:00:00+00:00, run_after=2023-08-24T00:00:00+00:00
[2023-08-23T10:11:19.746+0000] {processor.py:175} INFO - Processing /opt/airflow/dags/boaz_etl_with_xcoms.py took 0.144 seconds
[2023-08-23T10:11:50.704+0000] {processor.py:153} INFO - Started process (PID=7619) to work on /opt/airflow/dags/boaz_etl_with_xcoms.py
[2023-08-23T10:11:50.705+0000] {processor.py:743} INFO - Processing file /opt/airflow/dags/boaz_etl_with_xcoms.py for tasks to queue
[2023-08-23T10:11:50.707+0000] {logging_mixin.py:137} INFO - [2023-08-23T10:11:50.706+0000] {dagbag.py:538} INFO - Filling up the DagBag from /opt/airflow/dags/boaz_etl_with_xcoms.py
[2023-08-23T10:11:50.807+0000] {processor.py:753} INFO - DAG(s) dict_keys(['boaz_etl']) retrieved from /opt/airflow/dags/boaz_etl_with_xcoms.py
[2023-08-23T10:11:50.819+0000] {logging_mixin.py:137} INFO - [2023-08-23T10:11:50.819+0000] {dag.py:2690} INFO - Sync 1 DAGs
[2023-08-23T10:11:50.835+0000] {logging_mixin.py:137} INFO - [2023-08-23T10:11:50.835+0000] {dag.py:3441} INFO - Setting next_dagrun for boaz_etl to 2023-08-23T00:00:00+00:00, run_after=2023-08-24T00:00:00+00:00
[2023-08-23T10:11:50.847+0000] {processor.py:175} INFO - Processing /opt/airflow/dags/boaz_etl_with_xcoms.py took 0.148 seconds
[2023-08-23T10:12:21.838+0000] {processor.py:153} INFO - Started process (PID=7699) to work on /opt/airflow/dags/boaz_etl_with_xcoms.py
[2023-08-23T10:12:21.840+0000] {processor.py:743} INFO - Processing file /opt/airflow/dags/boaz_etl_with_xcoms.py for tasks to queue
[2023-08-23T10:12:21.841+0000] {logging_mixin.py:137} INFO - [2023-08-23T10:12:21.841+0000] {dagbag.py:538} INFO - Filling up the DagBag from /opt/airflow/dags/boaz_etl_with_xcoms.py
[2023-08-23T10:12:21.942+0000] {processor.py:753} INFO - DAG(s) dict_keys(['boaz_etl']) retrieved from /opt/airflow/dags/boaz_etl_with_xcoms.py
[2023-08-23T10:12:21.953+0000] {logging_mixin.py:137} INFO - [2023-08-23T10:12:21.953+0000] {dag.py:2690} INFO - Sync 1 DAGs
[2023-08-23T10:12:21.969+0000] {logging_mixin.py:137} INFO - [2023-08-23T10:12:21.969+0000] {dag.py:3441} INFO - Setting next_dagrun for boaz_etl to 2023-08-23T00:00:00+00:00, run_after=2023-08-24T00:00:00+00:00
[2023-08-23T10:12:21.980+0000] {processor.py:175} INFO - Processing /opt/airflow/dags/boaz_etl_with_xcoms.py took 0.149 seconds
[2023-08-23T10:12:52.208+0000] {processor.py:153} INFO - Started process (PID=7766) to work on /opt/airflow/dags/boaz_etl_with_xcoms.py
[2023-08-23T10:12:52.209+0000] {processor.py:743} INFO - Processing file /opt/airflow/dags/boaz_etl_with_xcoms.py for tasks to queue
[2023-08-23T10:12:52.210+0000] {logging_mixin.py:137} INFO - [2023-08-23T10:12:52.210+0000] {dagbag.py:538} INFO - Filling up the DagBag from /opt/airflow/dags/boaz_etl_with_xcoms.py
[2023-08-23T10:12:52.313+0000] {processor.py:753} INFO - DAG(s) dict_keys(['boaz_etl']) retrieved from /opt/airflow/dags/boaz_etl_with_xcoms.py
[2023-08-23T10:12:52.326+0000] {logging_mixin.py:137} INFO - [2023-08-23T10:12:52.326+0000] {dag.py:2690} INFO - Sync 1 DAGs
[2023-08-23T10:12:52.347+0000] {logging_mixin.py:137} INFO - [2023-08-23T10:12:52.346+0000] {dag.py:3441} INFO - Setting next_dagrun for boaz_etl to 2023-08-23T00:00:00+00:00, run_after=2023-08-24T00:00:00+00:00
[2023-08-23T10:12:52.359+0000] {processor.py:175} INFO - Processing /opt/airflow/dags/boaz_etl_with_xcoms.py took 0.154 seconds
[2023-08-23T10:13:22.432+0000] {processor.py:153} INFO - Started process (PID=7846) to work on /opt/airflow/dags/boaz_etl_with_xcoms.py
[2023-08-23T10:13:22.432+0000] {processor.py:743} INFO - Processing file /opt/airflow/dags/boaz_etl_with_xcoms.py for tasks to queue
[2023-08-23T10:13:22.433+0000] {logging_mixin.py:137} INFO - [2023-08-23T10:13:22.433+0000] {dagbag.py:538} INFO - Filling up the DagBag from /opt/airflow/dags/boaz_etl_with_xcoms.py
[2023-08-23T10:13:22.526+0000] {processor.py:753} INFO - DAG(s) dict_keys(['boaz_etl']) retrieved from /opt/airflow/dags/boaz_etl_with_xcoms.py
[2023-08-23T10:13:22.538+0000] {logging_mixin.py:137} INFO - [2023-08-23T10:13:22.537+0000] {dag.py:2690} INFO - Sync 1 DAGs
[2023-08-23T10:13:22.554+0000] {logging_mixin.py:137} INFO - [2023-08-23T10:13:22.554+0000] {dag.py:3441} INFO - Setting next_dagrun for boaz_etl to 2023-08-23T00:00:00+00:00, run_after=2023-08-24T00:00:00+00:00
[2023-08-23T10:13:22.565+0000] {processor.py:175} INFO - Processing /opt/airflow/dags/boaz_etl_with_xcoms.py took 0.137 seconds
[2023-08-23T10:13:53.554+0000] {processor.py:153} INFO - Started process (PID=7926) to work on /opt/airflow/dags/boaz_etl_with_xcoms.py
[2023-08-23T10:13:53.557+0000] {processor.py:743} INFO - Processing file /opt/airflow/dags/boaz_etl_with_xcoms.py for tasks to queue
[2023-08-23T10:13:53.558+0000] {logging_mixin.py:137} INFO - [2023-08-23T10:13:53.558+0000] {dagbag.py:538} INFO - Filling up the DagBag from /opt/airflow/dags/boaz_etl_with_xcoms.py
[2023-08-23T10:13:53.658+0000] {processor.py:753} INFO - DAG(s) dict_keys(['boaz_etl']) retrieved from /opt/airflow/dags/boaz_etl_with_xcoms.py
[2023-08-23T10:13:53.669+0000] {logging_mixin.py:137} INFO - [2023-08-23T10:13:53.669+0000] {dag.py:2690} INFO - Sync 1 DAGs
[2023-08-23T10:13:53.685+0000] {logging_mixin.py:137} INFO - [2023-08-23T10:13:53.685+0000] {dag.py:3441} INFO - Setting next_dagrun for boaz_etl to 2023-08-23T00:00:00+00:00, run_after=2023-08-24T00:00:00+00:00
[2023-08-23T10:13:53.695+0000] {processor.py:175} INFO - Processing /opt/airflow/dags/boaz_etl_with_xcoms.py took 0.147 seconds
[2023-08-23T10:14:23.778+0000] {processor.py:153} INFO - Started process (PID=7993) to work on /opt/airflow/dags/boaz_etl_with_xcoms.py
[2023-08-23T10:14:23.778+0000] {processor.py:743} INFO - Processing file /opt/airflow/dags/boaz_etl_with_xcoms.py for tasks to queue
[2023-08-23T10:14:23.779+0000] {logging_mixin.py:137} INFO - [2023-08-23T10:14:23.779+0000] {dagbag.py:538} INFO - Filling up the DagBag from /opt/airflow/dags/boaz_etl_with_xcoms.py
[2023-08-23T10:14:23.873+0000] {processor.py:753} INFO - DAG(s) dict_keys(['boaz_etl']) retrieved from /opt/airflow/dags/boaz_etl_with_xcoms.py
[2023-08-23T10:14:23.885+0000] {logging_mixin.py:137} INFO - [2023-08-23T10:14:23.885+0000] {dag.py:2690} INFO - Sync 1 DAGs
[2023-08-23T10:14:23.901+0000] {logging_mixin.py:137} INFO - [2023-08-23T10:14:23.901+0000] {dag.py:3441} INFO - Setting next_dagrun for boaz_etl to 2023-08-23T00:00:00+00:00, run_after=2023-08-24T00:00:00+00:00
[2023-08-23T10:14:23.913+0000] {processor.py:175} INFO - Processing /opt/airflow/dags/boaz_etl_with_xcoms.py took 0.138 seconds
[2023-08-23T10:14:54.039+0000] {processor.py:153} INFO - Started process (PID=8073) to work on /opt/airflow/dags/boaz_etl_with_xcoms.py
[2023-08-23T10:14:54.040+0000] {processor.py:743} INFO - Processing file /opt/airflow/dags/boaz_etl_with_xcoms.py for tasks to queue
[2023-08-23T10:14:54.040+0000] {logging_mixin.py:137} INFO - [2023-08-23T10:14:54.040+0000] {dagbag.py:538} INFO - Filling up the DagBag from /opt/airflow/dags/boaz_etl_with_xcoms.py
[2023-08-23T10:14:54.137+0000] {processor.py:753} INFO - DAG(s) dict_keys(['boaz_etl']) retrieved from /opt/airflow/dags/boaz_etl_with_xcoms.py
[2023-08-23T10:14:54.148+0000] {logging_mixin.py:137} INFO - [2023-08-23T10:14:54.148+0000] {dag.py:2690} INFO - Sync 1 DAGs
[2023-08-23T10:14:54.165+0000] {logging_mixin.py:137} INFO - [2023-08-23T10:14:54.165+0000] {dag.py:3441} INFO - Setting next_dagrun for boaz_etl to 2023-08-23T00:00:00+00:00, run_after=2023-08-24T00:00:00+00:00
[2023-08-23T10:14:54.175+0000] {processor.py:175} INFO - Processing /opt/airflow/dags/boaz_etl_with_xcoms.py took 0.141 seconds
