[2023-08-23T09:43:02.625+0000] {taskinstance.py:1083} INFO - Dependencies all met for <TaskInstance: boaz_simple_etl.etl scheduled__2023-08-22T00:00:00+00:00 [queued]>
[2023-08-23T09:43:02.633+0000] {taskinstance.py:1083} INFO - Dependencies all met for <TaskInstance: boaz_simple_etl.etl scheduled__2023-08-22T00:00:00+00:00 [queued]>
[2023-08-23T09:43:02.633+0000] {taskinstance.py:1279} INFO - 
--------------------------------------------------------------------------------
[2023-08-23T09:43:02.634+0000] {taskinstance.py:1280} INFO - Starting attempt 1 of 4
[2023-08-23T09:43:02.634+0000] {taskinstance.py:1281} INFO - 
--------------------------------------------------------------------------------
[2023-08-23T09:43:02.644+0000] {taskinstance.py:1300} INFO - Executing <Task(PythonOperator): etl> on 2023-08-22 00:00:00+00:00
[2023-08-23T09:43:02.647+0000] {standard_task_runner.py:55} INFO - Started process 1707 to run task
[2023-08-23T09:43:02.652+0000] {standard_task_runner.py:82} INFO - Running: ['***', 'tasks', 'run', 'boaz_simple_etl', 'etl', 'scheduled__2023-08-22T00:00:00+00:00', '--job-id', '4', '--raw', '--subdir', 'DAGS_FOLDER/boaz_simple_etl.py', '--cfg-path', '/tmp/tmp1fneebla']
[2023-08-23T09:43:02.653+0000] {standard_task_runner.py:83} INFO - Job 4: Subtask etl
[2023-08-23T09:43:02.721+0000] {task_command.py:388} INFO - Running <TaskInstance: boaz_simple_etl.etl scheduled__2023-08-22T00:00:00+00:00 [running]> on host b13130ff22c4
[2023-08-23T09:43:02.779+0000] {taskinstance.py:1509} INFO - Exporting the following env vars:
AIRFLOW_CTX_DAG_OWNER=***
AIRFLOW_CTX_DAG_ID=boaz_simple_etl
AIRFLOW_CTX_TASK_ID=etl
AIRFLOW_CTX_EXECUTION_DATE=2023-08-22T00:00:00+00:00
AIRFLOW_CTX_TRY_NUMBER=1
AIRFLOW_CTX_DAG_RUN_ID=scheduled__2023-08-22T00:00:00+00:00
[2023-08-23T09:43:02.952+0000] {python.py:177} INFO - Done. Returned value was: None
[2023-08-23T09:43:02.962+0000] {taskinstance.py:1323} INFO - Marking task as SUCCESS. dag_id=boaz_simple_etl, task_id=etl, execution_date=20230822T000000, start_date=20230823T094302, end_date=20230823T094302
[2023-08-23T09:43:02.984+0000] {local_task_job.py:208} INFO - Task exited with return code 0
[2023-08-23T09:43:03.004+0000] {taskinstance.py:2578} INFO - 1 downstream tasks scheduled from follow-on schedule check
