[2023-08-23T09:52:43.810+0000] {taskinstance.py:1083} INFO - Dependencies all met for <TaskInstance: boaz_etl.load scheduled__2023-08-22T00:00:00+00:00 [queued]>
[2023-08-23T09:52:43.817+0000] {taskinstance.py:1083} INFO - Dependencies all met for <TaskInstance: boaz_etl.load scheduled__2023-08-22T00:00:00+00:00 [queued]>
[2023-08-23T09:52:43.818+0000] {taskinstance.py:1279} INFO - 
--------------------------------------------------------------------------------
[2023-08-23T09:52:43.818+0000] {taskinstance.py:1280} INFO - Starting attempt 1 of 4
[2023-08-23T09:52:43.818+0000] {taskinstance.py:1281} INFO - 
--------------------------------------------------------------------------------
[2023-08-23T09:52:43.828+0000] {taskinstance.py:1300} INFO - Executing <Task(PythonOperator): load> on 2023-08-22 00:00:00+00:00
[2023-08-23T09:52:43.832+0000] {standard_task_runner.py:55} INFO - Started process 2388 to run task
[2023-08-23T09:52:43.835+0000] {standard_task_runner.py:82} INFO - Running: ['***', 'tasks', 'run', 'boaz_etl', 'load', 'scheduled__2023-08-22T00:00:00+00:00', '--job-id', '9', '--raw', '--subdir', 'DAGS_FOLDER/boaz_etl_with_xcoms.py', '--cfg-path', '/tmp/tmpt_y92jui']
[2023-08-23T09:52:43.836+0000] {standard_task_runner.py:83} INFO - Job 9: Subtask load
[2023-08-23T09:52:43.887+0000] {task_command.py:388} INFO - Running <TaskInstance: boaz_etl.load scheduled__2023-08-22T00:00:00+00:00 [running]> on host b13130ff22c4
[2023-08-23T09:52:43.938+0000] {taskinstance.py:1509} INFO - Exporting the following env vars:
AIRFLOW_CTX_DAG_OWNER=***
AIRFLOW_CTX_DAG_ID=boaz_etl
AIRFLOW_CTX_TASK_ID=load
AIRFLOW_CTX_EXECUTION_DATE=2023-08-22T00:00:00+00:00
AIRFLOW_CTX_TRY_NUMBER=1
AIRFLOW_CTX_DAG_RUN_ID=scheduled__2023-08-22T00:00:00+00:00
[2023-08-23T09:52:43.949+0000] {python.py:177} INFO - Done. Returned value was: None
[2023-08-23T09:52:43.959+0000] {taskinstance.py:1323} INFO - Marking task as SUCCESS. dag_id=boaz_etl, task_id=load, execution_date=20230822T000000, start_date=20230823T095243, end_date=20230823T095243
[2023-08-23T09:52:44.006+0000] {local_task_job.py:208} INFO - Task exited with return code 0
[2023-08-23T09:52:44.028+0000] {taskinstance.py:2578} INFO - 0 downstream tasks scheduled from follow-on schedule check
