[2024-02-28T10:31:20.302+0000] {taskinstance.py:1083} INFO - Dependencies all met for <TaskInstance: boaz_simple_etl.creating_table scheduled__2024-02-27T00:00:00+00:00 [queued]>
[2024-02-28T10:31:20.307+0000] {taskinstance.py:1083} INFO - Dependencies all met for <TaskInstance: boaz_simple_etl.creating_table scheduled__2024-02-27T00:00:00+00:00 [queued]>
[2024-02-28T10:31:20.308+0000] {taskinstance.py:1279} INFO - 
--------------------------------------------------------------------------------
[2024-02-28T10:31:20.308+0000] {taskinstance.py:1280} INFO - Starting attempt 1 of 2
[2024-02-28T10:31:20.308+0000] {taskinstance.py:1281} INFO - 
--------------------------------------------------------------------------------
[2024-02-28T10:31:20.316+0000] {taskinstance.py:1300} INFO - Executing <Task(PostgresOperator): creating_table> on 2024-02-27 00:00:00+00:00
[2024-02-28T10:31:20.318+0000] {standard_task_runner.py:55} INFO - Started process 73 to run task
[2024-02-28T10:31:20.321+0000] {standard_task_runner.py:82} INFO - Running: ['***', 'tasks', 'run', 'boaz_simple_etl', 'creating_table', 'scheduled__2024-02-27T00:00:00+00:00', '--job-id', '30', '--raw', '--subdir', 'DAGS_FOLDER/boaz_simple_etl.py', '--cfg-path', '/tmp/tmp2sh9rvpe']
[2024-02-28T10:31:20.321+0000] {standard_task_runner.py:83} INFO - Job 30: Subtask creating_table
[2024-02-28T10:31:20.370+0000] {task_command.py:388} INFO - Running <TaskInstance: boaz_simple_etl.creating_table scheduled__2024-02-27T00:00:00+00:00 [running]> on host c2cb28f5e5b9
[2024-02-28T10:31:20.415+0000] {taskinstance.py:1509} INFO - Exporting the following env vars:
AIRFLOW_CTX_DAG_OWNER=***
AIRFLOW_CTX_DAG_ID=boaz_simple_etl
AIRFLOW_CTX_TASK_ID=creating_table
AIRFLOW_CTX_EXECUTION_DATE=2024-02-27T00:00:00+00:00
AIRFLOW_CTX_TRY_NUMBER=1
AIRFLOW_CTX_DAG_RUN_ID=scheduled__2024-02-27T00:00:00+00:00
[2024-02-28T10:31:20.419+0000] {sql.py:254} INFO - Executing: 
            CREATE TABLE IF NOT EXISTS job_search_result (
                title TEXT
            )
        
[2024-02-28T10:31:20.427+0000] {base.py:73} INFO - Using connection ID 'postgres_conn_id' for task execution.
[2024-02-28T10:31:20.608+0000] {base.py:73} INFO - Using connection ID 'postgres_conn_id' for task execution.
[2024-02-28T10:31:20.611+0000] {sql.py:375} INFO - Running statement: 
            CREATE TABLE IF NOT EXISTS job_search_result (
                title TEXT
            )
        , parameters: None
[2024-02-28T10:31:20.617+0000] {taskinstance.py:1323} INFO - Marking task as SUCCESS. dag_id=boaz_simple_etl, task_id=creating_table, execution_date=20240227T000000, start_date=20240228T103120, end_date=20240228T103120
[2024-02-28T10:31:21.491+0000] {local_task_job.py:208} INFO - Task exited with return code 0
[2024-02-28T10:31:21.512+0000] {taskinstance.py:2578} INFO - 1 downstream tasks scheduled from follow-on schedule check
