[2023-08-23T09:52:41.558+0000] {taskinstance.py:1083} INFO - Dependencies all met for <TaskInstance: boaz_etl.extract scheduled__2023-08-22T00:00:00+00:00 [queued]>
[2023-08-23T09:52:41.564+0000] {taskinstance.py:1083} INFO - Dependencies all met for <TaskInstance: boaz_etl.extract scheduled__2023-08-22T00:00:00+00:00 [queued]>
[2023-08-23T09:52:41.565+0000] {taskinstance.py:1279} INFO - 
--------------------------------------------------------------------------------
[2023-08-23T09:52:41.565+0000] {taskinstance.py:1280} INFO - Starting attempt 1 of 4
[2023-08-23T09:52:41.565+0000] {taskinstance.py:1281} INFO - 
--------------------------------------------------------------------------------
[2023-08-23T09:52:41.574+0000] {taskinstance.py:1300} INFO - Executing <Task(PythonOperator): extract> on 2023-08-22 00:00:00+00:00
[2023-08-23T09:52:41.578+0000] {standard_task_runner.py:55} INFO - Started process 2384 to run task
[2023-08-23T09:52:41.582+0000] {standard_task_runner.py:82} INFO - Running: ['***', 'tasks', 'run', 'boaz_etl', 'extract', 'scheduled__2023-08-22T00:00:00+00:00', '--job-id', '7', '--raw', '--subdir', 'DAGS_FOLDER/boaz_etl_with_xcoms.py', '--cfg-path', '/tmp/tmp_a_u6sgy']
[2023-08-23T09:52:41.582+0000] {standard_task_runner.py:83} INFO - Job 7: Subtask extract
[2023-08-23T09:52:41.637+0000] {task_command.py:388} INFO - Running <TaskInstance: boaz_etl.extract scheduled__2023-08-22T00:00:00+00:00 [running]> on host b13130ff22c4
[2023-08-23T09:52:41.689+0000] {taskinstance.py:1509} INFO - Exporting the following env vars:
AIRFLOW_CTX_DAG_OWNER=***
AIRFLOW_CTX_DAG_ID=boaz_etl
AIRFLOW_CTX_TASK_ID=extract
AIRFLOW_CTX_EXECUTION_DATE=2023-08-22T00:00:00+00:00
AIRFLOW_CTX_TRY_NUMBER=1
AIRFLOW_CTX_DAG_RUN_ID=scheduled__2023-08-22T00:00:00+00:00
[2023-08-23T09:52:41.791+0000] {python.py:177} INFO - Done. Returned value was: <!DOCTYPE html>
<!--[if lt IE 7]> <html class="no-js ie6 oldie" lang="en-US"> <![endif]-->
<!--[if IE 7]>    <html class="no-js ie7 oldie" lang="en-US"> <![endif]-->
<!--[if IE 8]>    <html class="no-js ie8 oldie" lang="en-US"> <![endif]-->
<!--[if gt IE 8]><!--> <html class="no-js" lang="en-US"> <!--<![endif]-->
<head>
<title>Attention Required! | Cloudflare</title>
<meta charset="UTF-8" />
<meta http-equiv="Content-Type" content="text/html; charset=UTF-8" />
<meta http-equiv="X-UA-Compatible" content="IE=Edge" />
<meta name="robots" content="noindex, nofollow" />
<meta name="viewport" content="width=device-width,initial-scale=1" />
<link rel="stylesheet" id="cf_styles-css" href="/cdn-cgi/styles/cf.errors.css" />
<!--[if lt IE 9]><link rel="stylesheet" id='cf_styles-ie-css' href="/cdn-cgi/styles/cf.errors.ie.css" /><![endif]-->
<style>body{margin:0;padding:0}</style>


<!--[if gte IE 10]><!-->
<script>
  if (!navigator.cookieEnabled) {
    window.addEventListener('DOMContentLoaded', function () {
      var cookieEl = document.getElementById('cookie-alert');
      cookieEl.style.display = 'block';
    })
  }
</script>
<!--<![endif]-->


</head>
<body>
  <div id="cf-wrapper">
    <div class="cf-alert cf-alert-error cf-cookie-error" id="cookie-alert" data-translate="enable_cookies">Please enable cookies.</div>
    <div id="cf-error-details" class="cf-error-details-wrapper">
      <div class="cf-wrapper cf-header cf-error-overview">
        <h1 data-translate="block_headline">Sorry, you have been blocked</h1>
        <h2 class="cf-subheadline"><span data-translate="unable_to_access">You are unable to access</span> indeed.com</h2>
      </div><!-- /.header -->

      <div class="cf-section cf-highlight">
        <div class="cf-wrapper">
          <div class="cf-screenshot-container cf-screenshot-full">
            
              <span class="cf-no-screenshot error"></span>
            
          </div>
        </div>
      </div><!-- /.captcha-container -->

      <div class="cf-section cf-wrapper">
        <div class="cf-columns two">
          <div class="cf-column">
            <h2 data-translate="blocked_why_headline">Why have I been blocked?</h2>

            <p data-translate="blocked_why_detail">This website is using a security service to protect itself from online attacks. The action you just performed triggered the security solution. There are several actions that could trigger this block including submitting a certain word or phrase, a SQL command or malformed data.</p>
          </div>

          <div class="cf-column">
            <h2 data-translate="blocked_resolve_headline">What can I do to resolve this?</h2>

            <p data-translate="blocked_resolve_detail">You can email the site owner to let them know you were blocked. Please include what you were doing when this page came up and the Cloudflare Ray ID found at the bottom of this page.</p>
          </div>
        </div>
      </div><!-- /.section -->

      <div class="cf-error-footer cf-wrapper w-240 lg:w-full py-10 sm:py-4 sm:px-8 mx-auto text-center sm:text-left border-solid border-0 border-t border-gray-300">
  <p class="text-13">
    <span class="cf-footer-item sm:block sm:mb-1">Cloudflare Ray ID: <strong class="font-semibold">7fb276d498eb352c</strong></span>
    <span class="cf-footer-separator sm:hidden">&bull;</span>
    <span id="cf-footer-item-ip" class="cf-footer-item hidden sm:block sm:mb-1">
      Your IP:
      <button type="button" id="cf-footer-ip-reveal" class="cf-footer-ip-reveal-btn">Click to reveal</button>
      <span class="hidden" id="cf-footer-ip">112.214.94.61</span>
      <span class="cf-footer-separator sm:hidden">&bull;</span>
    </span>
    <span class="cf-footer-item sm:block sm:mb-1"><span>Performance &amp; security by</span> <a rel="noopener noreferrer" href="https://www.cloudflare.com/5xx-error-landing" id="brand_link" target="_blank">Cloudflare</a></span>
    
  </p>
  <script>(function(){function d(){var b=a.getElementById("cf-footer-item-ip"),c=a.getElementById("cf-footer-ip-reveal");b&&"classList"in b&&(b.classList.remove("hidden"),c.addEventListener("click",function(){c.classList.add("hidden");a.getElementById("cf-footer-ip").classList.remove("hidden")}))}var a=document;document.addEventListener&&a.addEventListener("DOMContentLoaded",d)})();</script>
</div><!-- /.error-footer -->


    </div><!-- /#cf-error-details -->
  </div><!-- /#cf-wrapper -->

  <script>
  window._cf_translation = {};
  
  
</script>

</body>
</html>

[2023-08-23T09:52:41.813+0000] {taskinstance.py:1323} INFO - Marking task as SUCCESS. dag_id=boaz_etl, task_id=extract, execution_date=20230822T000000, start_date=20230823T095241, end_date=20230823T095241
[2023-08-23T09:52:41.835+0000] {local_task_job.py:208} INFO - Task exited with return code 0
[2023-08-23T09:52:41.860+0000] {taskinstance.py:2578} INFO - 1 downstream tasks scheduled from follow-on schedule check
