[2023-08-23T09:52:40.499+0000] {taskinstance.py:1083} INFO - Dependencies all met for <TaskInstance: boaz_etl.creating_table scheduled__2023-08-22T00:00:00+00:00 [queued]>
[2023-08-23T09:52:40.506+0000] {taskinstance.py:1083} INFO - Dependencies all met for <TaskInstance: boaz_etl.creating_table scheduled__2023-08-22T00:00:00+00:00 [queued]>
[2023-08-23T09:52:40.506+0000] {taskinstance.py:1279} INFO - 
--------------------------------------------------------------------------------
[2023-08-23T09:52:40.506+0000] {taskinstance.py:1280} INFO - Starting attempt 1 of 4
[2023-08-23T09:52:40.507+0000] {taskinstance.py:1281} INFO - 
--------------------------------------------------------------------------------
[2023-08-23T09:52:40.515+0000] {taskinstance.py:1300} INFO - Executing <Task(PostgresOperator): creating_table> on 2023-08-22 00:00:00+00:00
[2023-08-23T09:52:40.519+0000] {standard_task_runner.py:55} INFO - Started process 2378 to run task
[2023-08-23T09:52:40.522+0000] {standard_task_runner.py:82} INFO - Running: ['***', 'tasks', 'run', 'boaz_etl', 'creating_table', 'scheduled__2023-08-22T00:00:00+00:00', '--job-id', '6', '--raw', '--subdir', 'DAGS_FOLDER/boaz_etl_with_xcoms.py', '--cfg-path', '/tmp/tmpwx1o889z']
[2023-08-23T09:52:40.523+0000] {standard_task_runner.py:83} INFO - Job 6: Subtask creating_table
[2023-08-23T09:52:40.582+0000] {task_command.py:388} INFO - Running <TaskInstance: boaz_etl.creating_table scheduled__2023-08-22T00:00:00+00:00 [running]> on host b13130ff22c4
[2023-08-23T09:52:40.635+0000] {taskinstance.py:1509} INFO - Exporting the following env vars:
AIRFLOW_CTX_DAG_OWNER=***
AIRFLOW_CTX_DAG_ID=boaz_etl
AIRFLOW_CTX_TASK_ID=creating_table
AIRFLOW_CTX_EXECUTION_DATE=2023-08-22T00:00:00+00:00
AIRFLOW_CTX_TRY_NUMBER=1
AIRFLOW_CTX_DAG_RUN_ID=scheduled__2023-08-22T00:00:00+00:00
[2023-08-23T09:52:40.637+0000] {sql.py:254} INFO - Executing: 
            CREATE TABLE IF NOT EXISTS job_search_result ( 
                title TEXT
            )
        
[2023-08-23T09:52:40.645+0000] {base.py:73} INFO - Using connection ID 'postgres_conn_id' for task execution.
[2023-08-23T09:52:40.773+0000] {base.py:73} INFO - Using connection ID 'postgres_conn_id' for task execution.
[2023-08-23T09:52:40.778+0000] {sql.py:375} INFO - Running statement: 
            CREATE TABLE IF NOT EXISTS job_search_result ( 
                title TEXT
            )
        , parameters: None
[2023-08-23T09:52:40.787+0000] {taskinstance.py:1323} INFO - Marking task as SUCCESS. dag_id=boaz_etl, task_id=creating_table, execution_date=20230822T000000, start_date=20230823T095240, end_date=20230823T095240
[2023-08-23T09:52:40.815+0000] {local_task_job.py:208} INFO - Task exited with return code 0
[2023-08-23T09:52:40.839+0000] {taskinstance.py:2578} INFO - 1 downstream tasks scheduled from follow-on schedule check
