[2024-02-29T08:46:24.589+0000] {processor.py:153} INFO - Started process (PID=47) to work on /home/airflow/.local/lib/python3.7/site-packages/airflow/example_dags/example_skip_dag.py
[2024-02-29T08:46:24.589+0000] {processor.py:743} INFO - Processing file /home/airflow/.local/lib/python3.7/site-packages/airflow/example_dags/example_skip_dag.py for tasks to queue
[2024-02-29T08:46:24.589+0000] {logging_mixin.py:137} INFO - [2024-02-29T08:46:24.589+0000] {dagbag.py:538} INFO - Filling up the DagBag from /home/airflow/.local/lib/python3.7/site-packages/airflow/example_dags/example_skip_dag.py
[2024-02-29T08:46:24.596+0000] {processor.py:753} INFO - DAG(s) dict_keys(['example_skip_dag']) retrieved from /home/airflow/.local/lib/python3.7/site-packages/airflow/example_dags/example_skip_dag.py
[2024-02-29T08:46:24.609+0000] {logging_mixin.py:137} INFO - [2024-02-29T08:46:24.609+0000] {dag.py:2690} INFO - Sync 1 DAGs
[2024-02-29T08:46:24.621+0000] {logging_mixin.py:137} INFO - [2024-02-29T08:46:24.621+0000] {dag.py:3441} INFO - Setting next_dagrun for example_skip_dag to 2024-02-28T08:46:24.621714+00:00, run_after=2024-02-29T08:46:24.621714+00:00
[2024-02-29T08:46:24.632+0000] {processor.py:175} INFO - Processing /home/airflow/.local/lib/python3.7/site-packages/airflow/example_dags/example_skip_dag.py took 0.047 seconds
[2024-02-29T08:46:55.480+0000] {processor.py:153} INFO - Started process (PID=140) to work on /home/airflow/.local/lib/python3.7/site-packages/airflow/example_dags/example_skip_dag.py
[2024-02-29T08:46:55.480+0000] {processor.py:743} INFO - Processing file /home/airflow/.local/lib/python3.7/site-packages/airflow/example_dags/example_skip_dag.py for tasks to queue
[2024-02-29T08:46:55.480+0000] {logging_mixin.py:137} INFO - [2024-02-29T08:46:55.480+0000] {dagbag.py:538} INFO - Filling up the DagBag from /home/airflow/.local/lib/python3.7/site-packages/airflow/example_dags/example_skip_dag.py
[2024-02-29T08:46:55.487+0000] {processor.py:753} INFO - DAG(s) dict_keys(['example_skip_dag']) retrieved from /home/airflow/.local/lib/python3.7/site-packages/airflow/example_dags/example_skip_dag.py
[2024-02-29T08:46:55.497+0000] {logging_mixin.py:137} INFO - [2024-02-29T08:46:55.497+0000] {dag.py:2690} INFO - Sync 1 DAGs
[2024-02-29T08:46:55.509+0000] {logging_mixin.py:137} INFO - [2024-02-29T08:46:55.509+0000] {dag.py:3441} INFO - Setting next_dagrun for example_skip_dag to 2024-02-28T08:46:55.509211+00:00, run_after=2024-02-29T08:46:55.509211+00:00
[2024-02-29T08:46:55.517+0000] {processor.py:175} INFO - Processing /home/airflow/.local/lib/python3.7/site-packages/airflow/example_dags/example_skip_dag.py took 0.039 seconds
[2024-02-29T08:47:25.819+0000] {processor.py:153} INFO - Started process (PID=234) to work on /home/airflow/.local/lib/python3.7/site-packages/airflow/example_dags/example_skip_dag.py
[2024-02-29T08:47:25.820+0000] {processor.py:743} INFO - Processing file /home/airflow/.local/lib/python3.7/site-packages/airflow/example_dags/example_skip_dag.py for tasks to queue
[2024-02-29T08:47:25.820+0000] {logging_mixin.py:137} INFO - [2024-02-29T08:47:25.820+0000] {dagbag.py:538} INFO - Filling up the DagBag from /home/airflow/.local/lib/python3.7/site-packages/airflow/example_dags/example_skip_dag.py
[2024-02-29T08:47:25.827+0000] {processor.py:753} INFO - DAG(s) dict_keys(['example_skip_dag']) retrieved from /home/airflow/.local/lib/python3.7/site-packages/airflow/example_dags/example_skip_dag.py
[2024-02-29T08:47:25.839+0000] {logging_mixin.py:137} INFO - [2024-02-29T08:47:25.839+0000] {dag.py:2690} INFO - Sync 1 DAGs
[2024-02-29T08:47:25.850+0000] {logging_mixin.py:137} INFO - [2024-02-29T08:47:25.850+0000] {dag.py:3441} INFO - Setting next_dagrun for example_skip_dag to 2024-02-28T08:47:25.849939+00:00, run_after=2024-02-29T08:47:25.849939+00:00
[2024-02-29T08:47:25.857+0000] {processor.py:175} INFO - Processing /home/airflow/.local/lib/python3.7/site-packages/airflow/example_dags/example_skip_dag.py took 0.040 seconds
[2024-02-29T08:47:56.112+0000] {processor.py:153} INFO - Started process (PID=310) to work on /home/airflow/.local/lib/python3.7/site-packages/airflow/example_dags/example_skip_dag.py
[2024-02-29T08:47:56.112+0000] {processor.py:743} INFO - Processing file /home/airflow/.local/lib/python3.7/site-packages/airflow/example_dags/example_skip_dag.py for tasks to queue
[2024-02-29T08:47:56.113+0000] {logging_mixin.py:137} INFO - [2024-02-29T08:47:56.113+0000] {dagbag.py:538} INFO - Filling up the DagBag from /home/airflow/.local/lib/python3.7/site-packages/airflow/example_dags/example_skip_dag.py
[2024-02-29T08:47:56.120+0000] {processor.py:753} INFO - DAG(s) dict_keys(['example_skip_dag']) retrieved from /home/airflow/.local/lib/python3.7/site-packages/airflow/example_dags/example_skip_dag.py
[2024-02-29T08:47:56.131+0000] {logging_mixin.py:137} INFO - [2024-02-29T08:47:56.131+0000] {dag.py:2690} INFO - Sync 1 DAGs
[2024-02-29T08:47:56.143+0000] {logging_mixin.py:137} INFO - [2024-02-29T08:47:56.143+0000] {dag.py:3441} INFO - Setting next_dagrun for example_skip_dag to 2024-02-28T08:47:56.143170+00:00, run_after=2024-02-29T08:47:56.143170+00:00
[2024-02-29T08:47:56.152+0000] {processor.py:175} INFO - Processing /home/airflow/.local/lib/python3.7/site-packages/airflow/example_dags/example_skip_dag.py took 0.041 seconds
[2024-02-29T08:48:26.671+0000] {processor.py:153} INFO - Started process (PID=403) to work on /home/airflow/.local/lib/python3.7/site-packages/airflow/example_dags/example_skip_dag.py
[2024-02-29T08:48:26.672+0000] {processor.py:743} INFO - Processing file /home/airflow/.local/lib/python3.7/site-packages/airflow/example_dags/example_skip_dag.py for tasks to queue
[2024-02-29T08:48:26.672+0000] {logging_mixin.py:137} INFO - [2024-02-29T08:48:26.672+0000] {dagbag.py:538} INFO - Filling up the DagBag from /home/airflow/.local/lib/python3.7/site-packages/airflow/example_dags/example_skip_dag.py
[2024-02-29T08:48:26.678+0000] {processor.py:753} INFO - DAG(s) dict_keys(['example_skip_dag']) retrieved from /home/airflow/.local/lib/python3.7/site-packages/airflow/example_dags/example_skip_dag.py
[2024-02-29T08:48:26.689+0000] {logging_mixin.py:137} INFO - [2024-02-29T08:48:26.689+0000] {dag.py:2690} INFO - Sync 1 DAGs
[2024-02-29T08:48:26.700+0000] {logging_mixin.py:137} INFO - [2024-02-29T08:48:26.700+0000] {dag.py:3441} INFO - Setting next_dagrun for example_skip_dag to 2024-02-28T08:48:26.700696+00:00, run_after=2024-02-29T08:48:26.700696+00:00
[2024-02-29T08:48:26.717+0000] {processor.py:175} INFO - Processing /home/airflow/.local/lib/python3.7/site-packages/airflow/example_dags/example_skip_dag.py took 0.048 seconds
[2024-02-29T08:48:57.012+0000] {processor.py:153} INFO - Started process (PID=497) to work on /home/airflow/.local/lib/python3.7/site-packages/airflow/example_dags/example_skip_dag.py
[2024-02-29T08:48:57.013+0000] {processor.py:743} INFO - Processing file /home/airflow/.local/lib/python3.7/site-packages/airflow/example_dags/example_skip_dag.py for tasks to queue
[2024-02-29T08:48:57.013+0000] {logging_mixin.py:137} INFO - [2024-02-29T08:48:57.013+0000] {dagbag.py:538} INFO - Filling up the DagBag from /home/airflow/.local/lib/python3.7/site-packages/airflow/example_dags/example_skip_dag.py
[2024-02-29T08:48:57.020+0000] {processor.py:753} INFO - DAG(s) dict_keys(['example_skip_dag']) retrieved from /home/airflow/.local/lib/python3.7/site-packages/airflow/example_dags/example_skip_dag.py
[2024-02-29T08:48:57.031+0000] {logging_mixin.py:137} INFO - [2024-02-29T08:48:57.031+0000] {dag.py:2690} INFO - Sync 1 DAGs
[2024-02-29T08:48:57.041+0000] {logging_mixin.py:137} INFO - [2024-02-29T08:48:57.041+0000] {dag.py:3441} INFO - Setting next_dagrun for example_skip_dag to 2024-02-28T08:48:57.041677+00:00, run_after=2024-02-29T08:48:57.041677+00:00
[2024-02-29T08:48:57.048+0000] {processor.py:175} INFO - Processing /home/airflow/.local/lib/python3.7/site-packages/airflow/example_dags/example_skip_dag.py took 0.038 seconds
[2024-02-29T08:49:27.455+0000] {processor.py:153} INFO - Started process (PID=591) to work on /home/airflow/.local/lib/python3.7/site-packages/airflow/example_dags/example_skip_dag.py
[2024-02-29T08:49:27.455+0000] {processor.py:743} INFO - Processing file /home/airflow/.local/lib/python3.7/site-packages/airflow/example_dags/example_skip_dag.py for tasks to queue
[2024-02-29T08:49:27.456+0000] {logging_mixin.py:137} INFO - [2024-02-29T08:49:27.456+0000] {dagbag.py:538} INFO - Filling up the DagBag from /home/airflow/.local/lib/python3.7/site-packages/airflow/example_dags/example_skip_dag.py
[2024-02-29T08:49:27.462+0000] {processor.py:753} INFO - DAG(s) dict_keys(['example_skip_dag']) retrieved from /home/airflow/.local/lib/python3.7/site-packages/airflow/example_dags/example_skip_dag.py
[2024-02-29T08:49:27.473+0000] {logging_mixin.py:137} INFO - [2024-02-29T08:49:27.473+0000] {dag.py:2690} INFO - Sync 1 DAGs
[2024-02-29T08:49:27.484+0000] {logging_mixin.py:137} INFO - [2024-02-29T08:49:27.483+0000] {dag.py:3441} INFO - Setting next_dagrun for example_skip_dag to 2024-02-28T08:49:27.483840+00:00, run_after=2024-02-29T08:49:27.483840+00:00
[2024-02-29T08:49:27.491+0000] {processor.py:175} INFO - Processing /home/airflow/.local/lib/python3.7/site-packages/airflow/example_dags/example_skip_dag.py took 0.038 seconds
[2024-02-29T08:49:57.776+0000] {processor.py:153} INFO - Started process (PID=666) to work on /home/airflow/.local/lib/python3.7/site-packages/airflow/example_dags/example_skip_dag.py
[2024-02-29T08:49:57.777+0000] {processor.py:743} INFO - Processing file /home/airflow/.local/lib/python3.7/site-packages/airflow/example_dags/example_skip_dag.py for tasks to queue
[2024-02-29T08:49:57.777+0000] {logging_mixin.py:137} INFO - [2024-02-29T08:49:57.777+0000] {dagbag.py:538} INFO - Filling up the DagBag from /home/airflow/.local/lib/python3.7/site-packages/airflow/example_dags/example_skip_dag.py
[2024-02-29T08:49:57.783+0000] {processor.py:753} INFO - DAG(s) dict_keys(['example_skip_dag']) retrieved from /home/airflow/.local/lib/python3.7/site-packages/airflow/example_dags/example_skip_dag.py
[2024-02-29T08:49:57.794+0000] {logging_mixin.py:137} INFO - [2024-02-29T08:49:57.794+0000] {dag.py:2690} INFO - Sync 1 DAGs
[2024-02-29T08:49:57.806+0000] {logging_mixin.py:137} INFO - [2024-02-29T08:49:57.806+0000] {dag.py:3441} INFO - Setting next_dagrun for example_skip_dag to 2024-02-28T08:49:57.806459+00:00, run_after=2024-02-29T08:49:57.806459+00:00
[2024-02-29T08:49:57.816+0000] {processor.py:175} INFO - Processing /home/airflow/.local/lib/python3.7/site-packages/airflow/example_dags/example_skip_dag.py took 0.041 seconds
[2024-02-29T08:50:28.130+0000] {processor.py:153} INFO - Started process (PID=760) to work on /home/airflow/.local/lib/python3.7/site-packages/airflow/example_dags/example_skip_dag.py
[2024-02-29T08:50:28.131+0000] {processor.py:743} INFO - Processing file /home/airflow/.local/lib/python3.7/site-packages/airflow/example_dags/example_skip_dag.py for tasks to queue
[2024-02-29T08:50:28.131+0000] {logging_mixin.py:137} INFO - [2024-02-29T08:50:28.131+0000] {dagbag.py:538} INFO - Filling up the DagBag from /home/airflow/.local/lib/python3.7/site-packages/airflow/example_dags/example_skip_dag.py
[2024-02-29T08:50:28.137+0000] {processor.py:753} INFO - DAG(s) dict_keys(['example_skip_dag']) retrieved from /home/airflow/.local/lib/python3.7/site-packages/airflow/example_dags/example_skip_dag.py
[2024-02-29T08:50:28.148+0000] {logging_mixin.py:137} INFO - [2024-02-29T08:50:28.148+0000] {dag.py:2690} INFO - Sync 1 DAGs
[2024-02-29T08:50:28.160+0000] {logging_mixin.py:137} INFO - [2024-02-29T08:50:28.159+0000] {dag.py:3441} INFO - Setting next_dagrun for example_skip_dag to 2024-02-28T08:50:28.159851+00:00, run_after=2024-02-29T08:50:28.159851+00:00
[2024-02-29T08:50:28.167+0000] {processor.py:175} INFO - Processing /home/airflow/.local/lib/python3.7/site-packages/airflow/example_dags/example_skip_dag.py took 0.039 seconds
[2024-02-29T08:50:58.715+0000] {processor.py:153} INFO - Started process (PID=854) to work on /home/airflow/.local/lib/python3.7/site-packages/airflow/example_dags/example_skip_dag.py
[2024-02-29T08:50:58.715+0000] {processor.py:743} INFO - Processing file /home/airflow/.local/lib/python3.7/site-packages/airflow/example_dags/example_skip_dag.py for tasks to queue
[2024-02-29T08:50:58.716+0000] {logging_mixin.py:137} INFO - [2024-02-29T08:50:58.716+0000] {dagbag.py:538} INFO - Filling up the DagBag from /home/airflow/.local/lib/python3.7/site-packages/airflow/example_dags/example_skip_dag.py
[2024-02-29T08:50:58.723+0000] {processor.py:753} INFO - DAG(s) dict_keys(['example_skip_dag']) retrieved from /home/airflow/.local/lib/python3.7/site-packages/airflow/example_dags/example_skip_dag.py
[2024-02-29T08:50:58.733+0000] {logging_mixin.py:137} INFO - [2024-02-29T08:50:58.733+0000] {dag.py:2690} INFO - Sync 1 DAGs
[2024-02-29T08:50:58.744+0000] {logging_mixin.py:137} INFO - [2024-02-29T08:50:58.744+0000] {dag.py:3441} INFO - Setting next_dagrun for example_skip_dag to 2024-02-28T08:50:58.744464+00:00, run_after=2024-02-29T08:50:58.744464+00:00
[2024-02-29T08:50:58.752+0000] {processor.py:175} INFO - Processing /home/airflow/.local/lib/python3.7/site-packages/airflow/example_dags/example_skip_dag.py took 0.038 seconds
[2024-02-29T08:51:29.079+0000] {processor.py:153} INFO - Started process (PID=947) to work on /home/airflow/.local/lib/python3.7/site-packages/airflow/example_dags/example_skip_dag.py
[2024-02-29T08:51:29.079+0000] {processor.py:743} INFO - Processing file /home/airflow/.local/lib/python3.7/site-packages/airflow/example_dags/example_skip_dag.py for tasks to queue
[2024-02-29T08:51:29.080+0000] {logging_mixin.py:137} INFO - [2024-02-29T08:51:29.080+0000] {dagbag.py:538} INFO - Filling up the DagBag from /home/airflow/.local/lib/python3.7/site-packages/airflow/example_dags/example_skip_dag.py
[2024-02-29T08:51:29.087+0000] {processor.py:753} INFO - DAG(s) dict_keys(['example_skip_dag']) retrieved from /home/airflow/.local/lib/python3.7/site-packages/airflow/example_dags/example_skip_dag.py
[2024-02-29T08:51:29.098+0000] {logging_mixin.py:137} INFO - [2024-02-29T08:51:29.097+0000] {dag.py:2690} INFO - Sync 1 DAGs
[2024-02-29T08:51:29.108+0000] {logging_mixin.py:137} INFO - [2024-02-29T08:51:29.108+0000] {dag.py:3441} INFO - Setting next_dagrun for example_skip_dag to 2024-02-28T08:51:29.108504+00:00, run_after=2024-02-29T08:51:29.108504+00:00
[2024-02-29T08:51:29.117+0000] {processor.py:175} INFO - Processing /home/airflow/.local/lib/python3.7/site-packages/airflow/example_dags/example_skip_dag.py took 0.039 seconds
[2024-02-29T08:51:59.448+0000] {processor.py:153} INFO - Started process (PID=1023) to work on /home/airflow/.local/lib/python3.7/site-packages/airflow/example_dags/example_skip_dag.py
[2024-02-29T08:51:59.450+0000] {processor.py:743} INFO - Processing file /home/airflow/.local/lib/python3.7/site-packages/airflow/example_dags/example_skip_dag.py for tasks to queue
[2024-02-29T08:51:59.450+0000] {logging_mixin.py:137} INFO - [2024-02-29T08:51:59.450+0000] {dagbag.py:538} INFO - Filling up the DagBag from /home/airflow/.local/lib/python3.7/site-packages/airflow/example_dags/example_skip_dag.py
[2024-02-29T08:51:59.456+0000] {processor.py:753} INFO - DAG(s) dict_keys(['example_skip_dag']) retrieved from /home/airflow/.local/lib/python3.7/site-packages/airflow/example_dags/example_skip_dag.py
[2024-02-29T08:51:59.467+0000] {logging_mixin.py:137} INFO - [2024-02-29T08:51:59.467+0000] {dag.py:2690} INFO - Sync 1 DAGs
[2024-02-29T08:51:59.478+0000] {logging_mixin.py:137} INFO - [2024-02-29T08:51:59.478+0000] {dag.py:3441} INFO - Setting next_dagrun for example_skip_dag to 2024-02-28T08:51:59.477923+00:00, run_after=2024-02-29T08:51:59.477923+00:00
[2024-02-29T08:51:59.485+0000] {processor.py:175} INFO - Processing /home/airflow/.local/lib/python3.7/site-packages/airflow/example_dags/example_skip_dag.py took 0.038 seconds
[2024-02-29T08:52:29.796+0000] {processor.py:153} INFO - Started process (PID=1116) to work on /home/airflow/.local/lib/python3.7/site-packages/airflow/example_dags/example_skip_dag.py
[2024-02-29T08:52:29.796+0000] {processor.py:743} INFO - Processing file /home/airflow/.local/lib/python3.7/site-packages/airflow/example_dags/example_skip_dag.py for tasks to queue
[2024-02-29T08:52:29.797+0000] {logging_mixin.py:137} INFO - [2024-02-29T08:52:29.797+0000] {dagbag.py:538} INFO - Filling up the DagBag from /home/airflow/.local/lib/python3.7/site-packages/airflow/example_dags/example_skip_dag.py
[2024-02-29T08:52:29.803+0000] {processor.py:753} INFO - DAG(s) dict_keys(['example_skip_dag']) retrieved from /home/airflow/.local/lib/python3.7/site-packages/airflow/example_dags/example_skip_dag.py
[2024-02-29T08:52:29.815+0000] {logging_mixin.py:137} INFO - [2024-02-29T08:52:29.815+0000] {dag.py:2690} INFO - Sync 1 DAGs
[2024-02-29T08:52:29.825+0000] {logging_mixin.py:137} INFO - [2024-02-29T08:52:29.825+0000] {dag.py:3441} INFO - Setting next_dagrun for example_skip_dag to 2024-02-28T08:52:29.825485+00:00, run_after=2024-02-29T08:52:29.825485+00:00
[2024-02-29T08:52:29.833+0000] {processor.py:175} INFO - Processing /home/airflow/.local/lib/python3.7/site-packages/airflow/example_dags/example_skip_dag.py took 0.038 seconds
[2024-02-29T08:53:00.128+0000] {processor.py:153} INFO - Started process (PID=1209) to work on /home/airflow/.local/lib/python3.7/site-packages/airflow/example_dags/example_skip_dag.py
[2024-02-29T08:53:00.129+0000] {processor.py:743} INFO - Processing file /home/airflow/.local/lib/python3.7/site-packages/airflow/example_dags/example_skip_dag.py for tasks to queue
[2024-02-29T08:53:00.129+0000] {logging_mixin.py:137} INFO - [2024-02-29T08:53:00.129+0000] {dagbag.py:538} INFO - Filling up the DagBag from /home/airflow/.local/lib/python3.7/site-packages/airflow/example_dags/example_skip_dag.py
[2024-02-29T08:53:00.135+0000] {processor.py:753} INFO - DAG(s) dict_keys(['example_skip_dag']) retrieved from /home/airflow/.local/lib/python3.7/site-packages/airflow/example_dags/example_skip_dag.py
[2024-02-29T08:53:00.146+0000] {logging_mixin.py:137} INFO - [2024-02-29T08:53:00.146+0000] {dag.py:2690} INFO - Sync 1 DAGs
[2024-02-29T08:53:00.157+0000] {logging_mixin.py:137} INFO - [2024-02-29T08:53:00.157+0000] {dag.py:3441} INFO - Setting next_dagrun for example_skip_dag to 2024-02-28T08:53:00.157232+00:00, run_after=2024-02-29T08:53:00.157232+00:00
[2024-02-29T08:53:00.165+0000] {processor.py:175} INFO - Processing /home/airflow/.local/lib/python3.7/site-packages/airflow/example_dags/example_skip_dag.py took 0.038 seconds
[2024-02-29T08:53:30.517+0000] {processor.py:153} INFO - Started process (PID=1303) to work on /home/airflow/.local/lib/python3.7/site-packages/airflow/example_dags/example_skip_dag.py
[2024-02-29T08:53:30.517+0000] {processor.py:743} INFO - Processing file /home/airflow/.local/lib/python3.7/site-packages/airflow/example_dags/example_skip_dag.py for tasks to queue
[2024-02-29T08:53:30.518+0000] {logging_mixin.py:137} INFO - [2024-02-29T08:53:30.518+0000] {dagbag.py:538} INFO - Filling up the DagBag from /home/airflow/.local/lib/python3.7/site-packages/airflow/example_dags/example_skip_dag.py
[2024-02-29T08:53:30.524+0000] {processor.py:753} INFO - DAG(s) dict_keys(['example_skip_dag']) retrieved from /home/airflow/.local/lib/python3.7/site-packages/airflow/example_dags/example_skip_dag.py
[2024-02-29T08:53:30.534+0000] {logging_mixin.py:137} INFO - [2024-02-29T08:53:30.534+0000] {dag.py:2690} INFO - Sync 1 DAGs
[2024-02-29T08:53:30.546+0000] {logging_mixin.py:137} INFO - [2024-02-29T08:53:30.546+0000] {dag.py:3441} INFO - Setting next_dagrun for example_skip_dag to 2024-02-28T08:53:30.545917+00:00, run_after=2024-02-29T08:53:30.545917+00:00
[2024-02-29T08:53:30.554+0000] {processor.py:175} INFO - Processing /home/airflow/.local/lib/python3.7/site-packages/airflow/example_dags/example_skip_dag.py took 0.039 seconds
[2024-02-29T08:54:00.926+0000] {processor.py:153} INFO - Started process (PID=1379) to work on /home/airflow/.local/lib/python3.7/site-packages/airflow/example_dags/example_skip_dag.py
[2024-02-29T08:54:00.927+0000] {processor.py:743} INFO - Processing file /home/airflow/.local/lib/python3.7/site-packages/airflow/example_dags/example_skip_dag.py for tasks to queue
[2024-02-29T08:54:00.927+0000] {logging_mixin.py:137} INFO - [2024-02-29T08:54:00.927+0000] {dagbag.py:538} INFO - Filling up the DagBag from /home/airflow/.local/lib/python3.7/site-packages/airflow/example_dags/example_skip_dag.py
[2024-02-29T08:54:00.934+0000] {processor.py:753} INFO - DAG(s) dict_keys(['example_skip_dag']) retrieved from /home/airflow/.local/lib/python3.7/site-packages/airflow/example_dags/example_skip_dag.py
[2024-02-29T08:54:00.944+0000] {logging_mixin.py:137} INFO - [2024-02-29T08:54:00.944+0000] {dag.py:2690} INFO - Sync 1 DAGs
[2024-02-29T08:54:00.956+0000] {logging_mixin.py:137} INFO - [2024-02-29T08:54:00.956+0000] {dag.py:3441} INFO - Setting next_dagrun for example_skip_dag to 2024-02-28T08:54:00.956028+00:00, run_after=2024-02-29T08:54:00.956028+00:00
[2024-02-29T08:54:00.964+0000] {processor.py:175} INFO - Processing /home/airflow/.local/lib/python3.7/site-packages/airflow/example_dags/example_skip_dag.py took 0.039 seconds
[2024-02-29T08:54:31.335+0000] {processor.py:153} INFO - Started process (PID=1473) to work on /home/airflow/.local/lib/python3.7/site-packages/airflow/example_dags/example_skip_dag.py
[2024-02-29T08:54:31.335+0000] {processor.py:743} INFO - Processing file /home/airflow/.local/lib/python3.7/site-packages/airflow/example_dags/example_skip_dag.py for tasks to queue
[2024-02-29T08:54:31.336+0000] {logging_mixin.py:137} INFO - [2024-02-29T08:54:31.336+0000] {dagbag.py:538} INFO - Filling up the DagBag from /home/airflow/.local/lib/python3.7/site-packages/airflow/example_dags/example_skip_dag.py
[2024-02-29T08:54:31.342+0000] {processor.py:753} INFO - DAG(s) dict_keys(['example_skip_dag']) retrieved from /home/airflow/.local/lib/python3.7/site-packages/airflow/example_dags/example_skip_dag.py
[2024-02-29T08:54:31.354+0000] {logging_mixin.py:137} INFO - [2024-02-29T08:54:31.354+0000] {dag.py:2690} INFO - Sync 1 DAGs
[2024-02-29T08:54:31.365+0000] {logging_mixin.py:137} INFO - [2024-02-29T08:54:31.365+0000] {dag.py:3441} INFO - Setting next_dagrun for example_skip_dag to 2024-02-28T08:54:31.364945+00:00, run_after=2024-02-29T08:54:31.364945+00:00
[2024-02-29T08:54:31.372+0000] {processor.py:175} INFO - Processing /home/airflow/.local/lib/python3.7/site-packages/airflow/example_dags/example_skip_dag.py took 0.039 seconds
[2024-02-29T08:55:01.772+0000] {processor.py:153} INFO - Started process (PID=1567) to work on /home/airflow/.local/lib/python3.7/site-packages/airflow/example_dags/example_skip_dag.py
[2024-02-29T08:55:01.772+0000] {processor.py:743} INFO - Processing file /home/airflow/.local/lib/python3.7/site-packages/airflow/example_dags/example_skip_dag.py for tasks to queue
[2024-02-29T08:55:01.773+0000] {logging_mixin.py:137} INFO - [2024-02-29T08:55:01.773+0000] {dagbag.py:538} INFO - Filling up the DagBag from /home/airflow/.local/lib/python3.7/site-packages/airflow/example_dags/example_skip_dag.py
[2024-02-29T08:55:01.779+0000] {processor.py:753} INFO - DAG(s) dict_keys(['example_skip_dag']) retrieved from /home/airflow/.local/lib/python3.7/site-packages/airflow/example_dags/example_skip_dag.py
[2024-02-29T08:55:01.790+0000] {logging_mixin.py:137} INFO - [2024-02-29T08:55:01.790+0000] {dag.py:2690} INFO - Sync 1 DAGs
[2024-02-29T08:55:01.800+0000] {logging_mixin.py:137} INFO - [2024-02-29T08:55:01.800+0000] {dag.py:3441} INFO - Setting next_dagrun for example_skip_dag to 2024-02-28T08:55:01.800683+00:00, run_after=2024-02-29T08:55:01.800683+00:00
[2024-02-29T08:55:01.808+0000] {processor.py:175} INFO - Processing /home/airflow/.local/lib/python3.7/site-packages/airflow/example_dags/example_skip_dag.py took 0.038 seconds
[2024-02-29T08:55:32.231+0000] {processor.py:153} INFO - Started process (PID=1660) to work on /home/airflow/.local/lib/python3.7/site-packages/airflow/example_dags/example_skip_dag.py
[2024-02-29T08:55:32.231+0000] {processor.py:743} INFO - Processing file /home/airflow/.local/lib/python3.7/site-packages/airflow/example_dags/example_skip_dag.py for tasks to queue
[2024-02-29T08:55:32.231+0000] {logging_mixin.py:137} INFO - [2024-02-29T08:55:32.231+0000] {dagbag.py:538} INFO - Filling up the DagBag from /home/airflow/.local/lib/python3.7/site-packages/airflow/example_dags/example_skip_dag.py
[2024-02-29T08:55:32.238+0000] {processor.py:753} INFO - DAG(s) dict_keys(['example_skip_dag']) retrieved from /home/airflow/.local/lib/python3.7/site-packages/airflow/example_dags/example_skip_dag.py
[2024-02-29T08:55:32.249+0000] {logging_mixin.py:137} INFO - [2024-02-29T08:55:32.249+0000] {dag.py:2690} INFO - Sync 1 DAGs
[2024-02-29T08:55:32.260+0000] {logging_mixin.py:137} INFO - [2024-02-29T08:55:32.260+0000] {dag.py:3441} INFO - Setting next_dagrun for example_skip_dag to 2024-02-28T08:55:32.260276+00:00, run_after=2024-02-29T08:55:32.260276+00:00
[2024-02-29T08:55:32.267+0000] {processor.py:175} INFO - Processing /home/airflow/.local/lib/python3.7/site-packages/airflow/example_dags/example_skip_dag.py took 0.038 seconds
[2024-02-29T08:56:02.537+0000] {processor.py:153} INFO - Started process (PID=1736) to work on /home/airflow/.local/lib/python3.7/site-packages/airflow/example_dags/example_skip_dag.py
[2024-02-29T08:56:02.537+0000] {processor.py:743} INFO - Processing file /home/airflow/.local/lib/python3.7/site-packages/airflow/example_dags/example_skip_dag.py for tasks to queue
[2024-02-29T08:56:02.537+0000] {logging_mixin.py:137} INFO - [2024-02-29T08:56:02.537+0000] {dagbag.py:538} INFO - Filling up the DagBag from /home/airflow/.local/lib/python3.7/site-packages/airflow/example_dags/example_skip_dag.py
[2024-02-29T08:56:02.544+0000] {processor.py:753} INFO - DAG(s) dict_keys(['example_skip_dag']) retrieved from /home/airflow/.local/lib/python3.7/site-packages/airflow/example_dags/example_skip_dag.py
[2024-02-29T08:56:02.555+0000] {logging_mixin.py:137} INFO - [2024-02-29T08:56:02.555+0000] {dag.py:2690} INFO - Sync 1 DAGs
[2024-02-29T08:56:02.566+0000] {logging_mixin.py:137} INFO - [2024-02-29T08:56:02.566+0000] {dag.py:3441} INFO - Setting next_dagrun for example_skip_dag to 2024-02-28T08:56:02.566494+00:00, run_after=2024-02-29T08:56:02.566494+00:00
[2024-02-29T08:56:02.574+0000] {processor.py:175} INFO - Processing /home/airflow/.local/lib/python3.7/site-packages/airflow/example_dags/example_skip_dag.py took 0.039 seconds
[2024-02-29T08:56:32.984+0000] {processor.py:153} INFO - Started process (PID=1830) to work on /home/airflow/.local/lib/python3.7/site-packages/airflow/example_dags/example_skip_dag.py
[2024-02-29T08:56:32.984+0000] {processor.py:743} INFO - Processing file /home/airflow/.local/lib/python3.7/site-packages/airflow/example_dags/example_skip_dag.py for tasks to queue
[2024-02-29T08:56:32.985+0000] {logging_mixin.py:137} INFO - [2024-02-29T08:56:32.985+0000] {dagbag.py:538} INFO - Filling up the DagBag from /home/airflow/.local/lib/python3.7/site-packages/airflow/example_dags/example_skip_dag.py
[2024-02-29T08:56:32.991+0000] {processor.py:753} INFO - DAG(s) dict_keys(['example_skip_dag']) retrieved from /home/airflow/.local/lib/python3.7/site-packages/airflow/example_dags/example_skip_dag.py
[2024-02-29T08:56:33.002+0000] {logging_mixin.py:137} INFO - [2024-02-29T08:56:33.002+0000] {dag.py:2690} INFO - Sync 1 DAGs
[2024-02-29T08:56:33.013+0000] {logging_mixin.py:137} INFO - [2024-02-29T08:56:33.013+0000] {dag.py:3441} INFO - Setting next_dagrun for example_skip_dag to 2024-02-28T08:56:33.013538+00:00, run_after=2024-02-29T08:56:33.013538+00:00
[2024-02-29T08:56:33.021+0000] {processor.py:175} INFO - Processing /home/airflow/.local/lib/python3.7/site-packages/airflow/example_dags/example_skip_dag.py took 0.039 seconds
[2024-02-29T08:57:03.412+0000] {processor.py:153} INFO - Started process (PID=1924) to work on /home/airflow/.local/lib/python3.7/site-packages/airflow/example_dags/example_skip_dag.py
[2024-02-29T08:57:03.412+0000] {processor.py:743} INFO - Processing file /home/airflow/.local/lib/python3.7/site-packages/airflow/example_dags/example_skip_dag.py for tasks to queue
[2024-02-29T08:57:03.413+0000] {logging_mixin.py:137} INFO - [2024-02-29T08:57:03.413+0000] {dagbag.py:538} INFO - Filling up the DagBag from /home/airflow/.local/lib/python3.7/site-packages/airflow/example_dags/example_skip_dag.py
[2024-02-29T08:57:03.419+0000] {processor.py:753} INFO - DAG(s) dict_keys(['example_skip_dag']) retrieved from /home/airflow/.local/lib/python3.7/site-packages/airflow/example_dags/example_skip_dag.py
[2024-02-29T08:57:03.430+0000] {logging_mixin.py:137} INFO - [2024-02-29T08:57:03.430+0000] {dag.py:2690} INFO - Sync 1 DAGs
[2024-02-29T08:57:03.441+0000] {logging_mixin.py:137} INFO - [2024-02-29T08:57:03.441+0000] {dag.py:3441} INFO - Setting next_dagrun for example_skip_dag to 2024-02-28T08:57:03.440904+00:00, run_after=2024-02-29T08:57:03.440904+00:00
[2024-02-29T08:57:03.449+0000] {processor.py:175} INFO - Processing /home/airflow/.local/lib/python3.7/site-packages/airflow/example_dags/example_skip_dag.py took 0.039 seconds
[2024-02-29T08:57:33.786+0000] {processor.py:153} INFO - Started process (PID=2018) to work on /home/airflow/.local/lib/python3.7/site-packages/airflow/example_dags/example_skip_dag.py
[2024-02-29T08:57:33.787+0000] {processor.py:743} INFO - Processing file /home/airflow/.local/lib/python3.7/site-packages/airflow/example_dags/example_skip_dag.py for tasks to queue
[2024-02-29T08:57:33.787+0000] {logging_mixin.py:137} INFO - [2024-02-29T08:57:33.787+0000] {dagbag.py:538} INFO - Filling up the DagBag from /home/airflow/.local/lib/python3.7/site-packages/airflow/example_dags/example_skip_dag.py
[2024-02-29T08:57:33.795+0000] {processor.py:753} INFO - DAG(s) dict_keys(['example_skip_dag']) retrieved from /home/airflow/.local/lib/python3.7/site-packages/airflow/example_dags/example_skip_dag.py
[2024-02-29T08:57:33.810+0000] {logging_mixin.py:137} INFO - [2024-02-29T08:57:33.810+0000] {dag.py:2690} INFO - Sync 1 DAGs
[2024-02-29T08:57:33.822+0000] {logging_mixin.py:137} INFO - [2024-02-29T08:57:33.822+0000] {dag.py:3441} INFO - Setting next_dagrun for example_skip_dag to 2024-02-28T08:57:33.822203+00:00, run_after=2024-02-29T08:57:33.822203+00:00
[2024-02-29T08:57:33.831+0000] {processor.py:175} INFO - Processing /home/airflow/.local/lib/python3.7/site-packages/airflow/example_dags/example_skip_dag.py took 0.047 seconds
[2024-02-29T08:58:04.387+0000] {processor.py:153} INFO - Started process (PID=2094) to work on /home/airflow/.local/lib/python3.7/site-packages/airflow/example_dags/example_skip_dag.py
[2024-02-29T08:58:04.387+0000] {processor.py:743} INFO - Processing file /home/airflow/.local/lib/python3.7/site-packages/airflow/example_dags/example_skip_dag.py for tasks to queue
[2024-02-29T08:58:04.388+0000] {logging_mixin.py:137} INFO - [2024-02-29T08:58:04.387+0000] {dagbag.py:538} INFO - Filling up the DagBag from /home/airflow/.local/lib/python3.7/site-packages/airflow/example_dags/example_skip_dag.py
[2024-02-29T08:58:04.395+0000] {processor.py:753} INFO - DAG(s) dict_keys(['example_skip_dag']) retrieved from /home/airflow/.local/lib/python3.7/site-packages/airflow/example_dags/example_skip_dag.py
[2024-02-29T08:58:04.407+0000] {logging_mixin.py:137} INFO - [2024-02-29T08:58:04.407+0000] {dag.py:2690} INFO - Sync 1 DAGs
[2024-02-29T08:58:04.419+0000] {logging_mixin.py:137} INFO - [2024-02-29T08:58:04.419+0000] {dag.py:3441} INFO - Setting next_dagrun for example_skip_dag to 2024-02-28T08:58:04.419253+00:00, run_after=2024-02-29T08:58:04.419253+00:00
[2024-02-29T08:58:04.428+0000] {processor.py:175} INFO - Processing /home/airflow/.local/lib/python3.7/site-packages/airflow/example_dags/example_skip_dag.py took 0.043 seconds
[2024-02-29T08:58:34.870+0000] {processor.py:153} INFO - Started process (PID=2188) to work on /home/airflow/.local/lib/python3.7/site-packages/airflow/example_dags/example_skip_dag.py
[2024-02-29T08:58:34.870+0000] {processor.py:743} INFO - Processing file /home/airflow/.local/lib/python3.7/site-packages/airflow/example_dags/example_skip_dag.py for tasks to queue
[2024-02-29T08:58:34.871+0000] {logging_mixin.py:137} INFO - [2024-02-29T08:58:34.870+0000] {dagbag.py:538} INFO - Filling up the DagBag from /home/airflow/.local/lib/python3.7/site-packages/airflow/example_dags/example_skip_dag.py
[2024-02-29T08:58:34.877+0000] {processor.py:753} INFO - DAG(s) dict_keys(['example_skip_dag']) retrieved from /home/airflow/.local/lib/python3.7/site-packages/airflow/example_dags/example_skip_dag.py
[2024-02-29T08:58:34.890+0000] {logging_mixin.py:137} INFO - [2024-02-29T08:58:34.889+0000] {dag.py:2690} INFO - Sync 1 DAGs
[2024-02-29T08:58:34.903+0000] {logging_mixin.py:137} INFO - [2024-02-29T08:58:34.902+0000] {dag.py:3441} INFO - Setting next_dagrun for example_skip_dag to 2024-02-28T08:58:34.902792+00:00, run_after=2024-02-29T08:58:34.902792+00:00
[2024-02-29T08:58:34.912+0000] {processor.py:175} INFO - Processing /home/airflow/.local/lib/python3.7/site-packages/airflow/example_dags/example_skip_dag.py took 0.044 seconds
[2024-02-29T08:59:05.252+0000] {processor.py:153} INFO - Started process (PID=2281) to work on /home/airflow/.local/lib/python3.7/site-packages/airflow/example_dags/example_skip_dag.py
[2024-02-29T08:59:05.252+0000] {processor.py:743} INFO - Processing file /home/airflow/.local/lib/python3.7/site-packages/airflow/example_dags/example_skip_dag.py for tasks to queue
[2024-02-29T08:59:05.252+0000] {logging_mixin.py:137} INFO - [2024-02-29T08:59:05.252+0000] {dagbag.py:538} INFO - Filling up the DagBag from /home/airflow/.local/lib/python3.7/site-packages/airflow/example_dags/example_skip_dag.py
[2024-02-29T08:59:05.259+0000] {processor.py:753} INFO - DAG(s) dict_keys(['example_skip_dag']) retrieved from /home/airflow/.local/lib/python3.7/site-packages/airflow/example_dags/example_skip_dag.py
[2024-02-29T08:59:05.270+0000] {logging_mixin.py:137} INFO - [2024-02-29T08:59:05.270+0000] {dag.py:2690} INFO - Sync 1 DAGs
[2024-02-29T08:59:05.281+0000] {logging_mixin.py:137} INFO - [2024-02-29T08:59:05.281+0000] {dag.py:3441} INFO - Setting next_dagrun for example_skip_dag to 2024-02-28T08:59:05.281676+00:00, run_after=2024-02-29T08:59:05.281676+00:00
[2024-02-29T08:59:05.289+0000] {processor.py:175} INFO - Processing /home/airflow/.local/lib/python3.7/site-packages/airflow/example_dags/example_skip_dag.py took 0.039 seconds
[2024-02-29T08:59:35.682+0000] {processor.py:153} INFO - Started process (PID=2366) to work on /home/airflow/.local/lib/python3.7/site-packages/airflow/example_dags/example_skip_dag.py
[2024-02-29T08:59:35.682+0000] {processor.py:743} INFO - Processing file /home/airflow/.local/lib/python3.7/site-packages/airflow/example_dags/example_skip_dag.py for tasks to queue
[2024-02-29T08:59:35.683+0000] {logging_mixin.py:137} INFO - [2024-02-29T08:59:35.683+0000] {dagbag.py:538} INFO - Filling up the DagBag from /home/airflow/.local/lib/python3.7/site-packages/airflow/example_dags/example_skip_dag.py
[2024-02-29T08:59:35.690+0000] {processor.py:753} INFO - DAG(s) dict_keys(['example_skip_dag']) retrieved from /home/airflow/.local/lib/python3.7/site-packages/airflow/example_dags/example_skip_dag.py
[2024-02-29T08:59:35.703+0000] {logging_mixin.py:137} INFO - [2024-02-29T08:59:35.703+0000] {dag.py:2690} INFO - Sync 1 DAGs
[2024-02-29T08:59:35.714+0000] {logging_mixin.py:137} INFO - [2024-02-29T08:59:35.714+0000] {dag.py:3441} INFO - Setting next_dagrun for example_skip_dag to 2024-02-28T08:59:35.714708+00:00, run_after=2024-02-29T08:59:35.714708+00:00
[2024-02-29T08:59:35.725+0000] {processor.py:175} INFO - Processing /home/airflow/.local/lib/python3.7/site-packages/airflow/example_dags/example_skip_dag.py took 0.045 seconds
[2024-02-29T09:00:06.471+0000] {processor.py:153} INFO - Started process (PID=2451) to work on /home/airflow/.local/lib/python3.7/site-packages/airflow/example_dags/example_skip_dag.py
[2024-02-29T09:00:06.472+0000] {processor.py:743} INFO - Processing file /home/airflow/.local/lib/python3.7/site-packages/airflow/example_dags/example_skip_dag.py for tasks to queue
[2024-02-29T09:00:06.474+0000] {logging_mixin.py:137} INFO - [2024-02-29T09:00:06.474+0000] {dagbag.py:538} INFO - Filling up the DagBag from /home/airflow/.local/lib/python3.7/site-packages/airflow/example_dags/example_skip_dag.py
[2024-02-29T09:00:06.481+0000] {processor.py:753} INFO - DAG(s) dict_keys(['example_skip_dag']) retrieved from /home/airflow/.local/lib/python3.7/site-packages/airflow/example_dags/example_skip_dag.py
[2024-02-29T09:00:06.493+0000] {logging_mixin.py:137} INFO - [2024-02-29T09:00:06.493+0000] {dag.py:2690} INFO - Sync 1 DAGs
[2024-02-29T09:00:06.505+0000] {logging_mixin.py:137} INFO - [2024-02-29T09:00:06.505+0000] {dag.py:3441} INFO - Setting next_dagrun for example_skip_dag to 2024-02-28T09:00:06.505486+00:00, run_after=2024-02-29T09:00:06.505486+00:00
[2024-02-29T09:00:06.513+0000] {processor.py:175} INFO - Processing /home/airflow/.local/lib/python3.7/site-packages/airflow/example_dags/example_skip_dag.py took 0.044 seconds
[2024-02-29T09:00:37.016+0000] {processor.py:153} INFO - Started process (PID=2545) to work on /home/airflow/.local/lib/python3.7/site-packages/airflow/example_dags/example_skip_dag.py
[2024-02-29T09:00:37.017+0000] {processor.py:743} INFO - Processing file /home/airflow/.local/lib/python3.7/site-packages/airflow/example_dags/example_skip_dag.py for tasks to queue
[2024-02-29T09:00:37.017+0000] {logging_mixin.py:137} INFO - [2024-02-29T09:00:37.017+0000] {dagbag.py:538} INFO - Filling up the DagBag from /home/airflow/.local/lib/python3.7/site-packages/airflow/example_dags/example_skip_dag.py
[2024-02-29T09:00:37.024+0000] {processor.py:753} INFO - DAG(s) dict_keys(['example_skip_dag']) retrieved from /home/airflow/.local/lib/python3.7/site-packages/airflow/example_dags/example_skip_dag.py
[2024-02-29T09:00:37.034+0000] {logging_mixin.py:137} INFO - [2024-02-29T09:00:37.034+0000] {dag.py:2690} INFO - Sync 1 DAGs
[2024-02-29T09:00:37.045+0000] {logging_mixin.py:137} INFO - [2024-02-29T09:00:37.045+0000] {dag.py:3441} INFO - Setting next_dagrun for example_skip_dag to 2024-02-28T09:00:37.045282+00:00, run_after=2024-02-29T09:00:37.045282+00:00
[2024-02-29T09:00:37.053+0000] {processor.py:175} INFO - Processing /home/airflow/.local/lib/python3.7/site-packages/airflow/example_dags/example_skip_dag.py took 0.039 seconds
[2024-02-29T09:01:07.450+0000] {processor.py:153} INFO - Started process (PID=2639) to work on /home/airflow/.local/lib/python3.7/site-packages/airflow/example_dags/example_skip_dag.py
[2024-02-29T09:01:07.452+0000] {processor.py:743} INFO - Processing file /home/airflow/.local/lib/python3.7/site-packages/airflow/example_dags/example_skip_dag.py for tasks to queue
[2024-02-29T09:01:07.454+0000] {logging_mixin.py:137} INFO - [2024-02-29T09:01:07.454+0000] {dagbag.py:538} INFO - Filling up the DagBag from /home/airflow/.local/lib/python3.7/site-packages/airflow/example_dags/example_skip_dag.py
[2024-02-29T09:01:07.462+0000] {processor.py:753} INFO - DAG(s) dict_keys(['example_skip_dag']) retrieved from /home/airflow/.local/lib/python3.7/site-packages/airflow/example_dags/example_skip_dag.py
[2024-02-29T09:01:07.474+0000] {logging_mixin.py:137} INFO - [2024-02-29T09:01:07.474+0000] {dag.py:2690} INFO - Sync 1 DAGs
[2024-02-29T09:01:07.486+0000] {logging_mixin.py:137} INFO - [2024-02-29T09:01:07.486+0000] {dag.py:3441} INFO - Setting next_dagrun for example_skip_dag to 2024-02-28T09:01:07.486665+00:00, run_after=2024-02-29T09:01:07.486665+00:00
[2024-02-29T09:01:07.495+0000] {processor.py:175} INFO - Processing /home/airflow/.local/lib/python3.7/site-packages/airflow/example_dags/example_skip_dag.py took 0.046 seconds
[2024-02-29T09:01:38.112+0000] {processor.py:153} INFO - Started process (PID=2715) to work on /home/airflow/.local/lib/python3.7/site-packages/airflow/example_dags/example_skip_dag.py
[2024-02-29T09:01:38.113+0000] {processor.py:743} INFO - Processing file /home/airflow/.local/lib/python3.7/site-packages/airflow/example_dags/example_skip_dag.py for tasks to queue
[2024-02-29T09:01:38.113+0000] {logging_mixin.py:137} INFO - [2024-02-29T09:01:38.113+0000] {dagbag.py:538} INFO - Filling up the DagBag from /home/airflow/.local/lib/python3.7/site-packages/airflow/example_dags/example_skip_dag.py
[2024-02-29T09:01:38.120+0000] {processor.py:753} INFO - DAG(s) dict_keys(['example_skip_dag']) retrieved from /home/airflow/.local/lib/python3.7/site-packages/airflow/example_dags/example_skip_dag.py
[2024-02-29T09:01:38.132+0000] {logging_mixin.py:137} INFO - [2024-02-29T09:01:38.132+0000] {dag.py:2690} INFO - Sync 1 DAGs
[2024-02-29T09:01:38.143+0000] {logging_mixin.py:137} INFO - [2024-02-29T09:01:38.143+0000] {dag.py:3441} INFO - Setting next_dagrun for example_skip_dag to 2024-02-28T09:01:38.143302+00:00, run_after=2024-02-29T09:01:38.143302+00:00
[2024-02-29T09:01:38.151+0000] {processor.py:175} INFO - Processing /home/airflow/.local/lib/python3.7/site-packages/airflow/example_dags/example_skip_dag.py took 0.041 seconds
[2024-02-29T09:02:08.627+0000] {processor.py:153} INFO - Started process (PID=2808) to work on /home/airflow/.local/lib/python3.7/site-packages/airflow/example_dags/example_skip_dag.py
[2024-02-29T09:02:08.627+0000] {processor.py:743} INFO - Processing file /home/airflow/.local/lib/python3.7/site-packages/airflow/example_dags/example_skip_dag.py for tasks to queue
[2024-02-29T09:02:08.628+0000] {logging_mixin.py:137} INFO - [2024-02-29T09:02:08.628+0000] {dagbag.py:538} INFO - Filling up the DagBag from /home/airflow/.local/lib/python3.7/site-packages/airflow/example_dags/example_skip_dag.py
[2024-02-29T09:02:08.635+0000] {processor.py:753} INFO - DAG(s) dict_keys(['example_skip_dag']) retrieved from /home/airflow/.local/lib/python3.7/site-packages/airflow/example_dags/example_skip_dag.py
[2024-02-29T09:02:08.646+0000] {logging_mixin.py:137} INFO - [2024-02-29T09:02:08.646+0000] {dag.py:2690} INFO - Sync 1 DAGs
[2024-02-29T09:02:08.657+0000] {logging_mixin.py:137} INFO - [2024-02-29T09:02:08.657+0000] {dag.py:3441} INFO - Setting next_dagrun for example_skip_dag to 2024-02-28T09:02:08.657112+00:00, run_after=2024-02-29T09:02:08.657112+00:00
[2024-02-29T09:02:08.665+0000] {processor.py:175} INFO - Processing /home/airflow/.local/lib/python3.7/site-packages/airflow/example_dags/example_skip_dag.py took 0.039 seconds
[2024-02-29T09:02:39.143+0000] {processor.py:153} INFO - Started process (PID=2902) to work on /home/airflow/.local/lib/python3.7/site-packages/airflow/example_dags/example_skip_dag.py
[2024-02-29T09:02:39.144+0000] {processor.py:743} INFO - Processing file /home/airflow/.local/lib/python3.7/site-packages/airflow/example_dags/example_skip_dag.py for tasks to queue
[2024-02-29T09:02:39.144+0000] {logging_mixin.py:137} INFO - [2024-02-29T09:02:39.144+0000] {dagbag.py:538} INFO - Filling up the DagBag from /home/airflow/.local/lib/python3.7/site-packages/airflow/example_dags/example_skip_dag.py
[2024-02-29T09:02:39.152+0000] {processor.py:753} INFO - DAG(s) dict_keys(['example_skip_dag']) retrieved from /home/airflow/.local/lib/python3.7/site-packages/airflow/example_dags/example_skip_dag.py
[2024-02-29T09:02:39.163+0000] {logging_mixin.py:137} INFO - [2024-02-29T09:02:39.163+0000] {dag.py:2690} INFO - Sync 1 DAGs
[2024-02-29T09:02:39.174+0000] {logging_mixin.py:137} INFO - [2024-02-29T09:02:39.174+0000] {dag.py:3441} INFO - Setting next_dagrun for example_skip_dag to 2024-02-28T09:02:39.174656+00:00, run_after=2024-02-29T09:02:39.174656+00:00
[2024-02-29T09:02:39.182+0000] {processor.py:175} INFO - Processing /home/airflow/.local/lib/python3.7/site-packages/airflow/example_dags/example_skip_dag.py took 0.041 seconds
[2024-02-29T09:03:09.640+0000] {processor.py:153} INFO - Started process (PID=2995) to work on /home/airflow/.local/lib/python3.7/site-packages/airflow/example_dags/example_skip_dag.py
[2024-02-29T09:03:09.641+0000] {processor.py:743} INFO - Processing file /home/airflow/.local/lib/python3.7/site-packages/airflow/example_dags/example_skip_dag.py for tasks to queue
[2024-02-29T09:03:09.641+0000] {logging_mixin.py:137} INFO - [2024-02-29T09:03:09.641+0000] {dagbag.py:538} INFO - Filling up the DagBag from /home/airflow/.local/lib/python3.7/site-packages/airflow/example_dags/example_skip_dag.py
[2024-02-29T09:03:09.649+0000] {processor.py:753} INFO - DAG(s) dict_keys(['example_skip_dag']) retrieved from /home/airflow/.local/lib/python3.7/site-packages/airflow/example_dags/example_skip_dag.py
[2024-02-29T09:03:09.661+0000] {logging_mixin.py:137} INFO - [2024-02-29T09:03:09.661+0000] {dag.py:2690} INFO - Sync 1 DAGs
[2024-02-29T09:03:09.673+0000] {logging_mixin.py:137} INFO - [2024-02-29T09:03:09.673+0000] {dag.py:3441} INFO - Setting next_dagrun for example_skip_dag to 2024-02-28T09:03:09.673496+00:00, run_after=2024-02-29T09:03:09.673496+00:00
[2024-02-29T09:03:09.683+0000] {processor.py:175} INFO - Processing /home/airflow/.local/lib/python3.7/site-packages/airflow/example_dags/example_skip_dag.py took 0.045 seconds
