[2024-02-29T08:46:24.791+0000] {processor.py:153} INFO - Started process (PID=53) to work on /home/airflow/.local/lib/python3.7/site-packages/airflow/example_dags/example_latest_only_with_trigger.py
[2024-02-29T08:46:24.792+0000] {processor.py:743} INFO - Processing file /home/airflow/.local/lib/python3.7/site-packages/airflow/example_dags/example_latest_only_with_trigger.py for tasks to queue
[2024-02-29T08:46:24.792+0000] {logging_mixin.py:137} INFO - [2024-02-29T08:46:24.792+0000] {dagbag.py:538} INFO - Filling up the DagBag from /home/airflow/.local/lib/python3.7/site-packages/airflow/example_dags/example_latest_only_with_trigger.py
[2024-02-29T08:46:24.804+0000] {processor.py:753} INFO - DAG(s) dict_keys(['latest_only_with_trigger']) retrieved from /home/airflow/.local/lib/python3.7/site-packages/airflow/example_dags/example_latest_only_with_trigger.py
[2024-02-29T08:46:24.832+0000] {logging_mixin.py:137} INFO - [2024-02-29T08:46:24.832+0000] {dag.py:2690} INFO - Sync 1 DAGs
[2024-02-29T08:46:24.850+0000] {logging_mixin.py:137} INFO - [2024-02-29T08:46:24.849+0000] {dag.py:3441} INFO - Setting next_dagrun for latest_only_with_trigger to 2024-02-29T04:46:24.849800+00:00, run_after=2024-02-29T08:46:24.849800+00:00
[2024-02-29T08:46:24.860+0000] {processor.py:175} INFO - Processing /home/airflow/.local/lib/python3.7/site-packages/airflow/example_dags/example_latest_only_with_trigger.py took 0.072 seconds
[2024-02-29T08:46:55.621+0000] {processor.py:153} INFO - Started process (PID=146) to work on /home/airflow/.local/lib/python3.7/site-packages/airflow/example_dags/example_latest_only_with_trigger.py
[2024-02-29T08:46:55.622+0000] {processor.py:743} INFO - Processing file /home/airflow/.local/lib/python3.7/site-packages/airflow/example_dags/example_latest_only_with_trigger.py for tasks to queue
[2024-02-29T08:46:55.622+0000] {logging_mixin.py:137} INFO - [2024-02-29T08:46:55.622+0000] {dagbag.py:538} INFO - Filling up the DagBag from /home/airflow/.local/lib/python3.7/site-packages/airflow/example_dags/example_latest_only_with_trigger.py
[2024-02-29T08:46:55.628+0000] {processor.py:753} INFO - DAG(s) dict_keys(['latest_only_with_trigger']) retrieved from /home/airflow/.local/lib/python3.7/site-packages/airflow/example_dags/example_latest_only_with_trigger.py
[2024-02-29T08:46:55.639+0000] {logging_mixin.py:137} INFO - [2024-02-29T08:46:55.639+0000] {dag.py:2690} INFO - Sync 1 DAGs
[2024-02-29T08:46:55.649+0000] {logging_mixin.py:137} INFO - [2024-02-29T08:46:55.649+0000] {dag.py:3441} INFO - Setting next_dagrun for latest_only_with_trigger to 2024-02-29T04:46:55.649497+00:00, run_after=2024-02-29T08:46:55.649497+00:00
[2024-02-29T08:46:55.657+0000] {processor.py:175} INFO - Processing /home/airflow/.local/lib/python3.7/site-packages/airflow/example_dags/example_latest_only_with_trigger.py took 0.037 seconds
[2024-02-29T08:47:25.963+0000] {processor.py:153} INFO - Started process (PID=240) to work on /home/airflow/.local/lib/python3.7/site-packages/airflow/example_dags/example_latest_only_with_trigger.py
[2024-02-29T08:47:25.963+0000] {processor.py:743} INFO - Processing file /home/airflow/.local/lib/python3.7/site-packages/airflow/example_dags/example_latest_only_with_trigger.py for tasks to queue
[2024-02-29T08:47:25.964+0000] {logging_mixin.py:137} INFO - [2024-02-29T08:47:25.964+0000] {dagbag.py:538} INFO - Filling up the DagBag from /home/airflow/.local/lib/python3.7/site-packages/airflow/example_dags/example_latest_only_with_trigger.py
[2024-02-29T08:47:25.970+0000] {processor.py:753} INFO - DAG(s) dict_keys(['latest_only_with_trigger']) retrieved from /home/airflow/.local/lib/python3.7/site-packages/airflow/example_dags/example_latest_only_with_trigger.py
[2024-02-29T08:47:25.981+0000] {logging_mixin.py:137} INFO - [2024-02-29T08:47:25.981+0000] {dag.py:2690} INFO - Sync 1 DAGs
[2024-02-29T08:47:25.992+0000] {logging_mixin.py:137} INFO - [2024-02-29T08:47:25.992+0000] {dag.py:3441} INFO - Setting next_dagrun for latest_only_with_trigger to 2024-02-29T04:47:25.991988+00:00, run_after=2024-02-29T08:47:25.991988+00:00
[2024-02-29T08:47:25.999+0000] {processor.py:175} INFO - Processing /home/airflow/.local/lib/python3.7/site-packages/airflow/example_dags/example_latest_only_with_trigger.py took 0.038 seconds
[2024-02-29T08:47:56.268+0000] {processor.py:153} INFO - Started process (PID=316) to work on /home/airflow/.local/lib/python3.7/site-packages/airflow/example_dags/example_latest_only_with_trigger.py
[2024-02-29T08:47:56.268+0000] {processor.py:743} INFO - Processing file /home/airflow/.local/lib/python3.7/site-packages/airflow/example_dags/example_latest_only_with_trigger.py for tasks to queue
[2024-02-29T08:47:56.268+0000] {logging_mixin.py:137} INFO - [2024-02-29T08:47:56.268+0000] {dagbag.py:538} INFO - Filling up the DagBag from /home/airflow/.local/lib/python3.7/site-packages/airflow/example_dags/example_latest_only_with_trigger.py
[2024-02-29T08:47:56.275+0000] {processor.py:753} INFO - DAG(s) dict_keys(['latest_only_with_trigger']) retrieved from /home/airflow/.local/lib/python3.7/site-packages/airflow/example_dags/example_latest_only_with_trigger.py
[2024-02-29T08:47:56.286+0000] {logging_mixin.py:137} INFO - [2024-02-29T08:47:56.286+0000] {dag.py:2690} INFO - Sync 1 DAGs
[2024-02-29T08:47:56.297+0000] {logging_mixin.py:137} INFO - [2024-02-29T08:47:56.297+0000] {dag.py:3441} INFO - Setting next_dagrun for latest_only_with_trigger to 2024-02-29T04:47:56.297517+00:00, run_after=2024-02-29T08:47:56.297517+00:00
[2024-02-29T08:47:56.306+0000] {processor.py:175} INFO - Processing /home/airflow/.local/lib/python3.7/site-packages/airflow/example_dags/example_latest_only_with_trigger.py took 0.040 seconds
[2024-02-29T08:48:26.826+0000] {processor.py:153} INFO - Started process (PID=409) to work on /home/airflow/.local/lib/python3.7/site-packages/airflow/example_dags/example_latest_only_with_trigger.py
[2024-02-29T08:48:26.826+0000] {processor.py:743} INFO - Processing file /home/airflow/.local/lib/python3.7/site-packages/airflow/example_dags/example_latest_only_with_trigger.py for tasks to queue
[2024-02-29T08:48:26.827+0000] {logging_mixin.py:137} INFO - [2024-02-29T08:48:26.827+0000] {dagbag.py:538} INFO - Filling up the DagBag from /home/airflow/.local/lib/python3.7/site-packages/airflow/example_dags/example_latest_only_with_trigger.py
[2024-02-29T08:48:26.833+0000] {processor.py:753} INFO - DAG(s) dict_keys(['latest_only_with_trigger']) retrieved from /home/airflow/.local/lib/python3.7/site-packages/airflow/example_dags/example_latest_only_with_trigger.py
[2024-02-29T08:48:26.844+0000] {logging_mixin.py:137} INFO - [2024-02-29T08:48:26.844+0000] {dag.py:2690} INFO - Sync 1 DAGs
[2024-02-29T08:48:26.855+0000] {logging_mixin.py:137} INFO - [2024-02-29T08:48:26.855+0000] {dag.py:3441} INFO - Setting next_dagrun for latest_only_with_trigger to 2024-02-29T04:48:26.855493+00:00, run_after=2024-02-29T08:48:26.855493+00:00
[2024-02-29T08:48:26.863+0000] {processor.py:175} INFO - Processing /home/airflow/.local/lib/python3.7/site-packages/airflow/example_dags/example_latest_only_with_trigger.py took 0.039 seconds
[2024-02-29T08:48:57.160+0000] {processor.py:153} INFO - Started process (PID=503) to work on /home/airflow/.local/lib/python3.7/site-packages/airflow/example_dags/example_latest_only_with_trigger.py
[2024-02-29T08:48:57.160+0000] {processor.py:743} INFO - Processing file /home/airflow/.local/lib/python3.7/site-packages/airflow/example_dags/example_latest_only_with_trigger.py for tasks to queue
[2024-02-29T08:48:57.160+0000] {logging_mixin.py:137} INFO - [2024-02-29T08:48:57.160+0000] {dagbag.py:538} INFO - Filling up the DagBag from /home/airflow/.local/lib/python3.7/site-packages/airflow/example_dags/example_latest_only_with_trigger.py
[2024-02-29T08:48:57.167+0000] {processor.py:753} INFO - DAG(s) dict_keys(['latest_only_with_trigger']) retrieved from /home/airflow/.local/lib/python3.7/site-packages/airflow/example_dags/example_latest_only_with_trigger.py
[2024-02-29T08:48:57.178+0000] {logging_mixin.py:137} INFO - [2024-02-29T08:48:57.178+0000] {dag.py:2690} INFO - Sync 1 DAGs
[2024-02-29T08:48:57.189+0000] {logging_mixin.py:137} INFO - [2024-02-29T08:48:57.189+0000] {dag.py:3441} INFO - Setting next_dagrun for latest_only_with_trigger to 2024-02-29T04:48:57.189691+00:00, run_after=2024-02-29T08:48:57.189691+00:00
[2024-02-29T08:48:57.198+0000] {processor.py:175} INFO - Processing /home/airflow/.local/lib/python3.7/site-packages/airflow/example_dags/example_latest_only_with_trigger.py took 0.040 seconds
[2024-02-29T08:49:27.596+0000] {processor.py:153} INFO - Started process (PID=597) to work on /home/airflow/.local/lib/python3.7/site-packages/airflow/example_dags/example_latest_only_with_trigger.py
[2024-02-29T08:49:27.597+0000] {processor.py:743} INFO - Processing file /home/airflow/.local/lib/python3.7/site-packages/airflow/example_dags/example_latest_only_with_trigger.py for tasks to queue
[2024-02-29T08:49:27.597+0000] {logging_mixin.py:137} INFO - [2024-02-29T08:49:27.597+0000] {dagbag.py:538} INFO - Filling up the DagBag from /home/airflow/.local/lib/python3.7/site-packages/airflow/example_dags/example_latest_only_with_trigger.py
[2024-02-29T08:49:27.603+0000] {processor.py:753} INFO - DAG(s) dict_keys(['latest_only_with_trigger']) retrieved from /home/airflow/.local/lib/python3.7/site-packages/airflow/example_dags/example_latest_only_with_trigger.py
[2024-02-29T08:49:27.614+0000] {logging_mixin.py:137} INFO - [2024-02-29T08:49:27.614+0000] {dag.py:2690} INFO - Sync 1 DAGs
[2024-02-29T08:49:27.625+0000] {logging_mixin.py:137} INFO - [2024-02-29T08:49:27.625+0000] {dag.py:3441} INFO - Setting next_dagrun for latest_only_with_trigger to 2024-02-29T04:49:27.625423+00:00, run_after=2024-02-29T08:49:27.625423+00:00
[2024-02-29T08:49:27.633+0000] {processor.py:175} INFO - Processing /home/airflow/.local/lib/python3.7/site-packages/airflow/example_dags/example_latest_only_with_trigger.py took 0.038 seconds
[2024-02-29T08:49:57.928+0000] {processor.py:153} INFO - Started process (PID=672) to work on /home/airflow/.local/lib/python3.7/site-packages/airflow/example_dags/example_latest_only_with_trigger.py
[2024-02-29T08:49:57.929+0000] {processor.py:743} INFO - Processing file /home/airflow/.local/lib/python3.7/site-packages/airflow/example_dags/example_latest_only_with_trigger.py for tasks to queue
[2024-02-29T08:49:57.929+0000] {logging_mixin.py:137} INFO - [2024-02-29T08:49:57.929+0000] {dagbag.py:538} INFO - Filling up the DagBag from /home/airflow/.local/lib/python3.7/site-packages/airflow/example_dags/example_latest_only_with_trigger.py
[2024-02-29T08:49:57.935+0000] {processor.py:753} INFO - DAG(s) dict_keys(['latest_only_with_trigger']) retrieved from /home/airflow/.local/lib/python3.7/site-packages/airflow/example_dags/example_latest_only_with_trigger.py
[2024-02-29T08:49:57.946+0000] {logging_mixin.py:137} INFO - [2024-02-29T08:49:57.946+0000] {dag.py:2690} INFO - Sync 1 DAGs
[2024-02-29T08:49:57.957+0000] {logging_mixin.py:137} INFO - [2024-02-29T08:49:57.957+0000] {dag.py:3441} INFO - Setting next_dagrun for latest_only_with_trigger to 2024-02-29T04:49:57.957722+00:00, run_after=2024-02-29T08:49:57.957722+00:00
[2024-02-29T08:49:57.965+0000] {processor.py:175} INFO - Processing /home/airflow/.local/lib/python3.7/site-packages/airflow/example_dags/example_latest_only_with_trigger.py took 0.039 seconds
[2024-02-29T08:50:28.277+0000] {processor.py:153} INFO - Started process (PID=766) to work on /home/airflow/.local/lib/python3.7/site-packages/airflow/example_dags/example_latest_only_with_trigger.py
[2024-02-29T08:50:28.277+0000] {processor.py:743} INFO - Processing file /home/airflow/.local/lib/python3.7/site-packages/airflow/example_dags/example_latest_only_with_trigger.py for tasks to queue
[2024-02-29T08:50:28.278+0000] {logging_mixin.py:137} INFO - [2024-02-29T08:50:28.277+0000] {dagbag.py:538} INFO - Filling up the DagBag from /home/airflow/.local/lib/python3.7/site-packages/airflow/example_dags/example_latest_only_with_trigger.py
[2024-02-29T08:50:28.284+0000] {processor.py:753} INFO - DAG(s) dict_keys(['latest_only_with_trigger']) retrieved from /home/airflow/.local/lib/python3.7/site-packages/airflow/example_dags/example_latest_only_with_trigger.py
[2024-02-29T08:50:28.298+0000] {logging_mixin.py:137} INFO - [2024-02-29T08:50:28.298+0000] {dag.py:2690} INFO - Sync 1 DAGs
[2024-02-29T08:50:28.310+0000] {logging_mixin.py:137} INFO - [2024-02-29T08:50:28.310+0000] {dag.py:3441} INFO - Setting next_dagrun for latest_only_with_trigger to 2024-02-29T04:50:28.310242+00:00, run_after=2024-02-29T08:50:28.310242+00:00
[2024-02-29T08:50:28.318+0000] {processor.py:175} INFO - Processing /home/airflow/.local/lib/python3.7/site-packages/airflow/example_dags/example_latest_only_with_trigger.py took 0.043 seconds
[2024-02-29T08:50:58.860+0000] {processor.py:153} INFO - Started process (PID=860) to work on /home/airflow/.local/lib/python3.7/site-packages/airflow/example_dags/example_latest_only_with_trigger.py
[2024-02-29T08:50:58.861+0000] {processor.py:743} INFO - Processing file /home/airflow/.local/lib/python3.7/site-packages/airflow/example_dags/example_latest_only_with_trigger.py for tasks to queue
[2024-02-29T08:50:58.861+0000] {logging_mixin.py:137} INFO - [2024-02-29T08:50:58.861+0000] {dagbag.py:538} INFO - Filling up the DagBag from /home/airflow/.local/lib/python3.7/site-packages/airflow/example_dags/example_latest_only_with_trigger.py
[2024-02-29T08:50:58.867+0000] {processor.py:753} INFO - DAG(s) dict_keys(['latest_only_with_trigger']) retrieved from /home/airflow/.local/lib/python3.7/site-packages/airflow/example_dags/example_latest_only_with_trigger.py
[2024-02-29T08:50:58.879+0000] {logging_mixin.py:137} INFO - [2024-02-29T08:50:58.878+0000] {dag.py:2690} INFO - Sync 1 DAGs
[2024-02-29T08:50:58.889+0000] {logging_mixin.py:137} INFO - [2024-02-29T08:50:58.889+0000] {dag.py:3441} INFO - Setting next_dagrun for latest_only_with_trigger to 2024-02-29T04:50:58.889535+00:00, run_after=2024-02-29T08:50:58.889535+00:00
[2024-02-29T08:50:58.897+0000] {processor.py:175} INFO - Processing /home/airflow/.local/lib/python3.7/site-packages/airflow/example_dags/example_latest_only_with_trigger.py took 0.038 seconds
[2024-02-29T08:51:29.226+0000] {processor.py:153} INFO - Started process (PID=953) to work on /home/airflow/.local/lib/python3.7/site-packages/airflow/example_dags/example_latest_only_with_trigger.py
[2024-02-29T08:51:29.227+0000] {processor.py:743} INFO - Processing file /home/airflow/.local/lib/python3.7/site-packages/airflow/example_dags/example_latest_only_with_trigger.py for tasks to queue
[2024-02-29T08:51:29.227+0000] {logging_mixin.py:137} INFO - [2024-02-29T08:51:29.227+0000] {dagbag.py:538} INFO - Filling up the DagBag from /home/airflow/.local/lib/python3.7/site-packages/airflow/example_dags/example_latest_only_with_trigger.py
[2024-02-29T08:51:29.234+0000] {processor.py:753} INFO - DAG(s) dict_keys(['latest_only_with_trigger']) retrieved from /home/airflow/.local/lib/python3.7/site-packages/airflow/example_dags/example_latest_only_with_trigger.py
[2024-02-29T08:51:29.244+0000] {logging_mixin.py:137} INFO - [2024-02-29T08:51:29.244+0000] {dag.py:2690} INFO - Sync 1 DAGs
[2024-02-29T08:51:29.256+0000] {logging_mixin.py:137} INFO - [2024-02-29T08:51:29.256+0000] {dag.py:3441} INFO - Setting next_dagrun for latest_only_with_trigger to 2024-02-29T04:51:29.256001+00:00, run_after=2024-02-29T08:51:29.256001+00:00
[2024-02-29T08:51:29.264+0000] {processor.py:175} INFO - Processing /home/airflow/.local/lib/python3.7/site-packages/airflow/example_dags/example_latest_only_with_trigger.py took 0.039 seconds
[2024-02-29T08:51:59.597+0000] {processor.py:153} INFO - Started process (PID=1029) to work on /home/airflow/.local/lib/python3.7/site-packages/airflow/example_dags/example_latest_only_with_trigger.py
[2024-02-29T08:51:59.598+0000] {processor.py:743} INFO - Processing file /home/airflow/.local/lib/python3.7/site-packages/airflow/example_dags/example_latest_only_with_trigger.py for tasks to queue
[2024-02-29T08:51:59.598+0000] {logging_mixin.py:137} INFO - [2024-02-29T08:51:59.598+0000] {dagbag.py:538} INFO - Filling up the DagBag from /home/airflow/.local/lib/python3.7/site-packages/airflow/example_dags/example_latest_only_with_trigger.py
[2024-02-29T08:51:59.604+0000] {processor.py:753} INFO - DAG(s) dict_keys(['latest_only_with_trigger']) retrieved from /home/airflow/.local/lib/python3.7/site-packages/airflow/example_dags/example_latest_only_with_trigger.py
[2024-02-29T08:51:59.615+0000] {logging_mixin.py:137} INFO - [2024-02-29T08:51:59.615+0000] {dag.py:2690} INFO - Sync 1 DAGs
[2024-02-29T08:51:59.626+0000] {logging_mixin.py:137} INFO - [2024-02-29T08:51:59.626+0000] {dag.py:3441} INFO - Setting next_dagrun for latest_only_with_trigger to 2024-02-29T04:51:59.626515+00:00, run_after=2024-02-29T08:51:59.626515+00:00
[2024-02-29T08:51:59.634+0000] {processor.py:175} INFO - Processing /home/airflow/.local/lib/python3.7/site-packages/airflow/example_dags/example_latest_only_with_trigger.py took 0.038 seconds
[2024-02-29T08:52:29.940+0000] {processor.py:153} INFO - Started process (PID=1122) to work on /home/airflow/.local/lib/python3.7/site-packages/airflow/example_dags/example_latest_only_with_trigger.py
[2024-02-29T08:52:29.941+0000] {processor.py:743} INFO - Processing file /home/airflow/.local/lib/python3.7/site-packages/airflow/example_dags/example_latest_only_with_trigger.py for tasks to queue
[2024-02-29T08:52:29.941+0000] {logging_mixin.py:137} INFO - [2024-02-29T08:52:29.941+0000] {dagbag.py:538} INFO - Filling up the DagBag from /home/airflow/.local/lib/python3.7/site-packages/airflow/example_dags/example_latest_only_with_trigger.py
[2024-02-29T08:52:29.948+0000] {processor.py:753} INFO - DAG(s) dict_keys(['latest_only_with_trigger']) retrieved from /home/airflow/.local/lib/python3.7/site-packages/airflow/example_dags/example_latest_only_with_trigger.py
[2024-02-29T08:52:29.959+0000] {logging_mixin.py:137} INFO - [2024-02-29T08:52:29.959+0000] {dag.py:2690} INFO - Sync 1 DAGs
[2024-02-29T08:52:29.969+0000] {logging_mixin.py:137} INFO - [2024-02-29T08:52:29.969+0000] {dag.py:3441} INFO - Setting next_dagrun for latest_only_with_trigger to 2024-02-29T04:52:29.969564+00:00, run_after=2024-02-29T08:52:29.969564+00:00
[2024-02-29T08:52:29.977+0000] {processor.py:175} INFO - Processing /home/airflow/.local/lib/python3.7/site-packages/airflow/example_dags/example_latest_only_with_trigger.py took 0.038 seconds
[2024-02-29T08:53:00.271+0000] {processor.py:153} INFO - Started process (PID=1215) to work on /home/airflow/.local/lib/python3.7/site-packages/airflow/example_dags/example_latest_only_with_trigger.py
[2024-02-29T08:53:00.272+0000] {processor.py:743} INFO - Processing file /home/airflow/.local/lib/python3.7/site-packages/airflow/example_dags/example_latest_only_with_trigger.py for tasks to queue
[2024-02-29T08:53:00.272+0000] {logging_mixin.py:137} INFO - [2024-02-29T08:53:00.272+0000] {dagbag.py:538} INFO - Filling up the DagBag from /home/airflow/.local/lib/python3.7/site-packages/airflow/example_dags/example_latest_only_with_trigger.py
[2024-02-29T08:53:00.278+0000] {processor.py:753} INFO - DAG(s) dict_keys(['latest_only_with_trigger']) retrieved from /home/airflow/.local/lib/python3.7/site-packages/airflow/example_dags/example_latest_only_with_trigger.py
[2024-02-29T08:53:00.290+0000] {logging_mixin.py:137} INFO - [2024-02-29T08:53:00.290+0000] {dag.py:2690} INFO - Sync 1 DAGs
[2024-02-29T08:53:00.300+0000] {logging_mixin.py:137} INFO - [2024-02-29T08:53:00.300+0000] {dag.py:3441} INFO - Setting next_dagrun for latest_only_with_trigger to 2024-02-29T04:53:00.300801+00:00, run_after=2024-02-29T08:53:00.300801+00:00
[2024-02-29T08:53:00.309+0000] {processor.py:175} INFO - Processing /home/airflow/.local/lib/python3.7/site-packages/airflow/example_dags/example_latest_only_with_trigger.py took 0.039 seconds
[2024-02-29T08:53:30.661+0000] {processor.py:153} INFO - Started process (PID=1309) to work on /home/airflow/.local/lib/python3.7/site-packages/airflow/example_dags/example_latest_only_with_trigger.py
[2024-02-29T08:53:30.662+0000] {processor.py:743} INFO - Processing file /home/airflow/.local/lib/python3.7/site-packages/airflow/example_dags/example_latest_only_with_trigger.py for tasks to queue
[2024-02-29T08:53:30.662+0000] {logging_mixin.py:137} INFO - [2024-02-29T08:53:30.662+0000] {dagbag.py:538} INFO - Filling up the DagBag from /home/airflow/.local/lib/python3.7/site-packages/airflow/example_dags/example_latest_only_with_trigger.py
[2024-02-29T08:53:30.668+0000] {processor.py:753} INFO - DAG(s) dict_keys(['latest_only_with_trigger']) retrieved from /home/airflow/.local/lib/python3.7/site-packages/airflow/example_dags/example_latest_only_with_trigger.py
[2024-02-29T08:53:30.679+0000] {logging_mixin.py:137} INFO - [2024-02-29T08:53:30.679+0000] {dag.py:2690} INFO - Sync 1 DAGs
[2024-02-29T08:53:30.690+0000] {logging_mixin.py:137} INFO - [2024-02-29T08:53:30.690+0000] {dag.py:3441} INFO - Setting next_dagrun for latest_only_with_trigger to 2024-02-29T04:53:30.690820+00:00, run_after=2024-02-29T08:53:30.690820+00:00
[2024-02-29T08:53:30.699+0000] {processor.py:175} INFO - Processing /home/airflow/.local/lib/python3.7/site-packages/airflow/example_dags/example_latest_only_with_trigger.py took 0.039 seconds
[2024-02-29T08:54:01.068+0000] {processor.py:153} INFO - Started process (PID=1385) to work on /home/airflow/.local/lib/python3.7/site-packages/airflow/example_dags/example_latest_only_with_trigger.py
[2024-02-29T08:54:01.069+0000] {processor.py:743} INFO - Processing file /home/airflow/.local/lib/python3.7/site-packages/airflow/example_dags/example_latest_only_with_trigger.py for tasks to queue
[2024-02-29T08:54:01.069+0000] {logging_mixin.py:137} INFO - [2024-02-29T08:54:01.069+0000] {dagbag.py:538} INFO - Filling up the DagBag from /home/airflow/.local/lib/python3.7/site-packages/airflow/example_dags/example_latest_only_with_trigger.py
[2024-02-29T08:54:01.075+0000] {processor.py:753} INFO - DAG(s) dict_keys(['latest_only_with_trigger']) retrieved from /home/airflow/.local/lib/python3.7/site-packages/airflow/example_dags/example_latest_only_with_trigger.py
[2024-02-29T08:54:01.086+0000] {logging_mixin.py:137} INFO - [2024-02-29T08:54:01.086+0000] {dag.py:2690} INFO - Sync 1 DAGs
[2024-02-29T08:54:01.097+0000] {logging_mixin.py:137} INFO - [2024-02-29T08:54:01.097+0000] {dag.py:3441} INFO - Setting next_dagrun for latest_only_with_trigger to 2024-02-29T04:54:01.097818+00:00, run_after=2024-02-29T08:54:01.097818+00:00
[2024-02-29T08:54:01.106+0000] {processor.py:175} INFO - Processing /home/airflow/.local/lib/python3.7/site-packages/airflow/example_dags/example_latest_only_with_trigger.py took 0.039 seconds
[2024-02-29T08:54:31.481+0000] {processor.py:153} INFO - Started process (PID=1479) to work on /home/airflow/.local/lib/python3.7/site-packages/airflow/example_dags/example_latest_only_with_trigger.py
[2024-02-29T08:54:31.481+0000] {processor.py:743} INFO - Processing file /home/airflow/.local/lib/python3.7/site-packages/airflow/example_dags/example_latest_only_with_trigger.py for tasks to queue
[2024-02-29T08:54:31.482+0000] {logging_mixin.py:137} INFO - [2024-02-29T08:54:31.481+0000] {dagbag.py:538} INFO - Filling up the DagBag from /home/airflow/.local/lib/python3.7/site-packages/airflow/example_dags/example_latest_only_with_trigger.py
[2024-02-29T08:54:31.488+0000] {processor.py:753} INFO - DAG(s) dict_keys(['latest_only_with_trigger']) retrieved from /home/airflow/.local/lib/python3.7/site-packages/airflow/example_dags/example_latest_only_with_trigger.py
[2024-02-29T08:54:31.499+0000] {logging_mixin.py:137} INFO - [2024-02-29T08:54:31.498+0000] {dag.py:2690} INFO - Sync 1 DAGs
[2024-02-29T08:54:31.509+0000] {logging_mixin.py:137} INFO - [2024-02-29T08:54:31.509+0000] {dag.py:3441} INFO - Setting next_dagrun for latest_only_with_trigger to 2024-02-29T04:54:31.509444+00:00, run_after=2024-02-29T08:54:31.509444+00:00
[2024-02-29T08:54:31.517+0000] {processor.py:175} INFO - Processing /home/airflow/.local/lib/python3.7/site-packages/airflow/example_dags/example_latest_only_with_trigger.py took 0.038 seconds
[2024-02-29T08:55:01.922+0000] {processor.py:153} INFO - Started process (PID=1573) to work on /home/airflow/.local/lib/python3.7/site-packages/airflow/example_dags/example_latest_only_with_trigger.py
[2024-02-29T08:55:01.923+0000] {processor.py:743} INFO - Processing file /home/airflow/.local/lib/python3.7/site-packages/airflow/example_dags/example_latest_only_with_trigger.py for tasks to queue
[2024-02-29T08:55:01.923+0000] {logging_mixin.py:137} INFO - [2024-02-29T08:55:01.923+0000] {dagbag.py:538} INFO - Filling up the DagBag from /home/airflow/.local/lib/python3.7/site-packages/airflow/example_dags/example_latest_only_with_trigger.py
[2024-02-29T08:55:01.930+0000] {processor.py:753} INFO - DAG(s) dict_keys(['latest_only_with_trigger']) retrieved from /home/airflow/.local/lib/python3.7/site-packages/airflow/example_dags/example_latest_only_with_trigger.py
[2024-02-29T08:55:01.941+0000] {logging_mixin.py:137} INFO - [2024-02-29T08:55:01.941+0000] {dag.py:2690} INFO - Sync 1 DAGs
[2024-02-29T08:55:01.952+0000] {logging_mixin.py:137} INFO - [2024-02-29T08:55:01.951+0000] {dag.py:3441} INFO - Setting next_dagrun for latest_only_with_trigger to 2024-02-29T04:55:01.951838+00:00, run_after=2024-02-29T08:55:01.951838+00:00
[2024-02-29T08:55:01.960+0000] {processor.py:175} INFO - Processing /home/airflow/.local/lib/python3.7/site-packages/airflow/example_dags/example_latest_only_with_trigger.py took 0.039 seconds
[2024-02-29T08:55:32.375+0000] {processor.py:153} INFO - Started process (PID=1666) to work on /home/airflow/.local/lib/python3.7/site-packages/airflow/example_dags/example_latest_only_with_trigger.py
[2024-02-29T08:55:32.375+0000] {processor.py:743} INFO - Processing file /home/airflow/.local/lib/python3.7/site-packages/airflow/example_dags/example_latest_only_with_trigger.py for tasks to queue
[2024-02-29T08:55:32.375+0000] {logging_mixin.py:137} INFO - [2024-02-29T08:55:32.375+0000] {dagbag.py:538} INFO - Filling up the DagBag from /home/airflow/.local/lib/python3.7/site-packages/airflow/example_dags/example_latest_only_with_trigger.py
[2024-02-29T08:55:32.382+0000] {processor.py:753} INFO - DAG(s) dict_keys(['latest_only_with_trigger']) retrieved from /home/airflow/.local/lib/python3.7/site-packages/airflow/example_dags/example_latest_only_with_trigger.py
[2024-02-29T08:55:32.393+0000] {logging_mixin.py:137} INFO - [2024-02-29T08:55:32.392+0000] {dag.py:2690} INFO - Sync 1 DAGs
[2024-02-29T08:55:32.404+0000] {logging_mixin.py:137} INFO - [2024-02-29T08:55:32.404+0000] {dag.py:3441} INFO - Setting next_dagrun for latest_only_with_trigger to 2024-02-29T04:55:32.403971+00:00, run_after=2024-02-29T08:55:32.403971+00:00
[2024-02-29T08:55:32.412+0000] {processor.py:175} INFO - Processing /home/airflow/.local/lib/python3.7/site-packages/airflow/example_dags/example_latest_only_with_trigger.py took 0.039 seconds
[2024-02-29T08:56:02.681+0000] {processor.py:153} INFO - Started process (PID=1742) to work on /home/airflow/.local/lib/python3.7/site-packages/airflow/example_dags/example_latest_only_with_trigger.py
[2024-02-29T08:56:02.682+0000] {processor.py:743} INFO - Processing file /home/airflow/.local/lib/python3.7/site-packages/airflow/example_dags/example_latest_only_with_trigger.py for tasks to queue
[2024-02-29T08:56:02.682+0000] {logging_mixin.py:137} INFO - [2024-02-29T08:56:02.682+0000] {dagbag.py:538} INFO - Filling up the DagBag from /home/airflow/.local/lib/python3.7/site-packages/airflow/example_dags/example_latest_only_with_trigger.py
[2024-02-29T08:56:02.688+0000] {processor.py:753} INFO - DAG(s) dict_keys(['latest_only_with_trigger']) retrieved from /home/airflow/.local/lib/python3.7/site-packages/airflow/example_dags/example_latest_only_with_trigger.py
[2024-02-29T08:56:02.700+0000] {logging_mixin.py:137} INFO - [2024-02-29T08:56:02.699+0000] {dag.py:2690} INFO - Sync 1 DAGs
[2024-02-29T08:56:02.711+0000] {logging_mixin.py:137} INFO - [2024-02-29T08:56:02.710+0000] {dag.py:3441} INFO - Setting next_dagrun for latest_only_with_trigger to 2024-02-29T04:56:02.710863+00:00, run_after=2024-02-29T08:56:02.710863+00:00
[2024-02-29T08:56:02.718+0000] {processor.py:175} INFO - Processing /home/airflow/.local/lib/python3.7/site-packages/airflow/example_dags/example_latest_only_with_trigger.py took 0.039 seconds
[2024-02-29T08:56:33.129+0000] {processor.py:153} INFO - Started process (PID=1836) to work on /home/airflow/.local/lib/python3.7/site-packages/airflow/example_dags/example_latest_only_with_trigger.py
[2024-02-29T08:56:33.129+0000] {processor.py:743} INFO - Processing file /home/airflow/.local/lib/python3.7/site-packages/airflow/example_dags/example_latest_only_with_trigger.py for tasks to queue
[2024-02-29T08:56:33.130+0000] {logging_mixin.py:137} INFO - [2024-02-29T08:56:33.130+0000] {dagbag.py:538} INFO - Filling up the DagBag from /home/airflow/.local/lib/python3.7/site-packages/airflow/example_dags/example_latest_only_with_trigger.py
[2024-02-29T08:56:33.136+0000] {processor.py:753} INFO - DAG(s) dict_keys(['latest_only_with_trigger']) retrieved from /home/airflow/.local/lib/python3.7/site-packages/airflow/example_dags/example_latest_only_with_trigger.py
[2024-02-29T08:56:33.147+0000] {logging_mixin.py:137} INFO - [2024-02-29T08:56:33.147+0000] {dag.py:2690} INFO - Sync 1 DAGs
[2024-02-29T08:56:33.158+0000] {logging_mixin.py:137} INFO - [2024-02-29T08:56:33.158+0000] {dag.py:3441} INFO - Setting next_dagrun for latest_only_with_trigger to 2024-02-29T04:56:33.158109+00:00, run_after=2024-02-29T08:56:33.158109+00:00
[2024-02-29T08:56:33.166+0000] {processor.py:175} INFO - Processing /home/airflow/.local/lib/python3.7/site-packages/airflow/example_dags/example_latest_only_with_trigger.py took 0.038 seconds
[2024-02-29T08:57:03.560+0000] {processor.py:153} INFO - Started process (PID=1930) to work on /home/airflow/.local/lib/python3.7/site-packages/airflow/example_dags/example_latest_only_with_trigger.py
[2024-02-29T08:57:03.560+0000] {processor.py:743} INFO - Processing file /home/airflow/.local/lib/python3.7/site-packages/airflow/example_dags/example_latest_only_with_trigger.py for tasks to queue
[2024-02-29T08:57:03.560+0000] {logging_mixin.py:137} INFO - [2024-02-29T08:57:03.560+0000] {dagbag.py:538} INFO - Filling up the DagBag from /home/airflow/.local/lib/python3.7/site-packages/airflow/example_dags/example_latest_only_with_trigger.py
[2024-02-29T08:57:03.567+0000] {processor.py:753} INFO - DAG(s) dict_keys(['latest_only_with_trigger']) retrieved from /home/airflow/.local/lib/python3.7/site-packages/airflow/example_dags/example_latest_only_with_trigger.py
[2024-02-29T08:57:03.578+0000] {logging_mixin.py:137} INFO - [2024-02-29T08:57:03.578+0000] {dag.py:2690} INFO - Sync 1 DAGs
[2024-02-29T08:57:03.589+0000] {logging_mixin.py:137} INFO - [2024-02-29T08:57:03.589+0000] {dag.py:3441} INFO - Setting next_dagrun for latest_only_with_trigger to 2024-02-29T04:57:03.589724+00:00, run_after=2024-02-29T08:57:03.589724+00:00
[2024-02-29T08:57:03.598+0000] {processor.py:175} INFO - Processing /home/airflow/.local/lib/python3.7/site-packages/airflow/example_dags/example_latest_only_with_trigger.py took 0.040 seconds
[2024-02-29T08:57:33.972+0000] {processor.py:153} INFO - Started process (PID=2024) to work on /home/airflow/.local/lib/python3.7/site-packages/airflow/example_dags/example_latest_only_with_trigger.py
[2024-02-29T08:57:33.972+0000] {processor.py:743} INFO - Processing file /home/airflow/.local/lib/python3.7/site-packages/airflow/example_dags/example_latest_only_with_trigger.py for tasks to queue
[2024-02-29T08:57:33.973+0000] {logging_mixin.py:137} INFO - [2024-02-29T08:57:33.973+0000] {dagbag.py:538} INFO - Filling up the DagBag from /home/airflow/.local/lib/python3.7/site-packages/airflow/example_dags/example_latest_only_with_trigger.py
[2024-02-29T08:57:33.980+0000] {processor.py:753} INFO - DAG(s) dict_keys(['latest_only_with_trigger']) retrieved from /home/airflow/.local/lib/python3.7/site-packages/airflow/example_dags/example_latest_only_with_trigger.py
[2024-02-29T08:57:33.991+0000] {logging_mixin.py:137} INFO - [2024-02-29T08:57:33.991+0000] {dag.py:2690} INFO - Sync 1 DAGs
[2024-02-29T08:57:34.002+0000] {logging_mixin.py:137} INFO - [2024-02-29T08:57:34.002+0000] {dag.py:3441} INFO - Setting next_dagrun for latest_only_with_trigger to 2024-02-29T04:57:34.002605+00:00, run_after=2024-02-29T08:57:34.002605+00:00
[2024-02-29T08:57:34.010+0000] {processor.py:175} INFO - Processing /home/airflow/.local/lib/python3.7/site-packages/airflow/example_dags/example_latest_only_with_trigger.py took 0.040 seconds
[2024-02-29T08:58:04.548+0000] {processor.py:153} INFO - Started process (PID=2100) to work on /home/airflow/.local/lib/python3.7/site-packages/airflow/example_dags/example_latest_only_with_trigger.py
[2024-02-29T08:58:04.549+0000] {processor.py:743} INFO - Processing file /home/airflow/.local/lib/python3.7/site-packages/airflow/example_dags/example_latest_only_with_trigger.py for tasks to queue
[2024-02-29T08:58:04.549+0000] {logging_mixin.py:137} INFO - [2024-02-29T08:58:04.549+0000] {dagbag.py:538} INFO - Filling up the DagBag from /home/airflow/.local/lib/python3.7/site-packages/airflow/example_dags/example_latest_only_with_trigger.py
[2024-02-29T08:58:04.557+0000] {processor.py:753} INFO - DAG(s) dict_keys(['latest_only_with_trigger']) retrieved from /home/airflow/.local/lib/python3.7/site-packages/airflow/example_dags/example_latest_only_with_trigger.py
[2024-02-29T08:58:04.569+0000] {logging_mixin.py:137} INFO - [2024-02-29T08:58:04.569+0000] {dag.py:2690} INFO - Sync 1 DAGs
[2024-02-29T08:58:04.581+0000] {logging_mixin.py:137} INFO - [2024-02-29T08:58:04.581+0000] {dag.py:3441} INFO - Setting next_dagrun for latest_only_with_trigger to 2024-02-29T04:58:04.581055+00:00, run_after=2024-02-29T08:58:04.581055+00:00
[2024-02-29T08:58:04.589+0000] {processor.py:175} INFO - Processing /home/airflow/.local/lib/python3.7/site-packages/airflow/example_dags/example_latest_only_with_trigger.py took 0.043 seconds
[2024-02-29T08:58:35.043+0000] {processor.py:153} INFO - Started process (PID=2194) to work on /home/airflow/.local/lib/python3.7/site-packages/airflow/example_dags/example_latest_only_with_trigger.py
[2024-02-29T08:58:35.043+0000] {processor.py:743} INFO - Processing file /home/airflow/.local/lib/python3.7/site-packages/airflow/example_dags/example_latest_only_with_trigger.py for tasks to queue
[2024-02-29T08:58:35.044+0000] {logging_mixin.py:137} INFO - [2024-02-29T08:58:35.044+0000] {dagbag.py:538} INFO - Filling up the DagBag from /home/airflow/.local/lib/python3.7/site-packages/airflow/example_dags/example_latest_only_with_trigger.py
[2024-02-29T08:58:35.050+0000] {processor.py:753} INFO - DAG(s) dict_keys(['latest_only_with_trigger']) retrieved from /home/airflow/.local/lib/python3.7/site-packages/airflow/example_dags/example_latest_only_with_trigger.py
[2024-02-29T08:58:35.062+0000] {logging_mixin.py:137} INFO - [2024-02-29T08:58:35.062+0000] {dag.py:2690} INFO - Sync 1 DAGs
[2024-02-29T08:58:35.074+0000] {logging_mixin.py:137} INFO - [2024-02-29T08:58:35.073+0000] {dag.py:3441} INFO - Setting next_dagrun for latest_only_with_trigger to 2024-02-29T04:58:35.073869+00:00, run_after=2024-02-29T08:58:35.073869+00:00
[2024-02-29T08:58:35.083+0000] {processor.py:175} INFO - Processing /home/airflow/.local/lib/python3.7/site-packages/airflow/example_dags/example_latest_only_with_trigger.py took 0.042 seconds
[2024-02-29T08:59:05.398+0000] {processor.py:153} INFO - Started process (PID=2287) to work on /home/airflow/.local/lib/python3.7/site-packages/airflow/example_dags/example_latest_only_with_trigger.py
[2024-02-29T08:59:05.399+0000] {processor.py:743} INFO - Processing file /home/airflow/.local/lib/python3.7/site-packages/airflow/example_dags/example_latest_only_with_trigger.py for tasks to queue
[2024-02-29T08:59:05.399+0000] {logging_mixin.py:137} INFO - [2024-02-29T08:59:05.399+0000] {dagbag.py:538} INFO - Filling up the DagBag from /home/airflow/.local/lib/python3.7/site-packages/airflow/example_dags/example_latest_only_with_trigger.py
[2024-02-29T08:59:05.406+0000] {processor.py:753} INFO - DAG(s) dict_keys(['latest_only_with_trigger']) retrieved from /home/airflow/.local/lib/python3.7/site-packages/airflow/example_dags/example_latest_only_with_trigger.py
[2024-02-29T08:59:05.417+0000] {logging_mixin.py:137} INFO - [2024-02-29T08:59:05.417+0000] {dag.py:2690} INFO - Sync 1 DAGs
[2024-02-29T08:59:05.428+0000] {logging_mixin.py:137} INFO - [2024-02-29T08:59:05.428+0000] {dag.py:3441} INFO - Setting next_dagrun for latest_only_with_trigger to 2024-02-29T04:59:05.428345+00:00, run_after=2024-02-29T08:59:05.428345+00:00
[2024-02-29T08:59:05.435+0000] {processor.py:175} INFO - Processing /home/airflow/.local/lib/python3.7/site-packages/airflow/example_dags/example_latest_only_with_trigger.py took 0.039 seconds
[2024-02-29T08:59:35.976+0000] {processor.py:153} INFO - Started process (PID=2381) to work on /home/airflow/.local/lib/python3.7/site-packages/airflow/example_dags/example_latest_only_with_trigger.py
[2024-02-29T08:59:35.977+0000] {processor.py:743} INFO - Processing file /home/airflow/.local/lib/python3.7/site-packages/airflow/example_dags/example_latest_only_with_trigger.py for tasks to queue
[2024-02-29T08:59:35.978+0000] {logging_mixin.py:137} INFO - [2024-02-29T08:59:35.978+0000] {dagbag.py:538} INFO - Filling up the DagBag from /home/airflow/.local/lib/python3.7/site-packages/airflow/example_dags/example_latest_only_with_trigger.py
[2024-02-29T08:59:35.986+0000] {processor.py:753} INFO - DAG(s) dict_keys(['latest_only_with_trigger']) retrieved from /home/airflow/.local/lib/python3.7/site-packages/airflow/example_dags/example_latest_only_with_trigger.py
[2024-02-29T08:59:36.005+0000] {logging_mixin.py:137} INFO - [2024-02-29T08:59:36.005+0000] {dag.py:2690} INFO - Sync 1 DAGs
[2024-02-29T08:59:36.019+0000] {logging_mixin.py:137} INFO - [2024-02-29T08:59:36.019+0000] {dag.py:3441} INFO - Setting next_dagrun for latest_only_with_trigger to 2024-02-29T04:59:36.018977+00:00, run_after=2024-02-29T08:59:36.018977+00:00
[2024-02-29T08:59:36.030+0000] {processor.py:175} INFO - Processing /home/airflow/.local/lib/python3.7/site-packages/airflow/example_dags/example_latest_only_with_trigger.py took 0.055 seconds
[2024-02-29T09:00:06.630+0000] {processor.py:153} INFO - Started process (PID=2457) to work on /home/airflow/.local/lib/python3.7/site-packages/airflow/example_dags/example_latest_only_with_trigger.py
[2024-02-29T09:00:06.631+0000] {processor.py:743} INFO - Processing file /home/airflow/.local/lib/python3.7/site-packages/airflow/example_dags/example_latest_only_with_trigger.py for tasks to queue
[2024-02-29T09:00:06.631+0000] {logging_mixin.py:137} INFO - [2024-02-29T09:00:06.631+0000] {dagbag.py:538} INFO - Filling up the DagBag from /home/airflow/.local/lib/python3.7/site-packages/airflow/example_dags/example_latest_only_with_trigger.py
[2024-02-29T09:00:06.638+0000] {processor.py:753} INFO - DAG(s) dict_keys(['latest_only_with_trigger']) retrieved from /home/airflow/.local/lib/python3.7/site-packages/airflow/example_dags/example_latest_only_with_trigger.py
[2024-02-29T09:00:06.650+0000] {logging_mixin.py:137} INFO - [2024-02-29T09:00:06.650+0000] {dag.py:2690} INFO - Sync 1 DAGs
[2024-02-29T09:00:06.661+0000] {logging_mixin.py:137} INFO - [2024-02-29T09:00:06.661+0000] {dag.py:3441} INFO - Setting next_dagrun for latest_only_with_trigger to 2024-02-29T05:00:06.661691+00:00, run_after=2024-02-29T09:00:06.661691+00:00
[2024-02-29T09:00:06.670+0000] {processor.py:175} INFO - Processing /home/airflow/.local/lib/python3.7/site-packages/airflow/example_dags/example_latest_only_with_trigger.py took 0.041 seconds
[2024-02-29T09:00:37.174+0000] {processor.py:153} INFO - Started process (PID=2551) to work on /home/airflow/.local/lib/python3.7/site-packages/airflow/example_dags/example_latest_only_with_trigger.py
[2024-02-29T09:00:37.174+0000] {processor.py:743} INFO - Processing file /home/airflow/.local/lib/python3.7/site-packages/airflow/example_dags/example_latest_only_with_trigger.py for tasks to queue
[2024-02-29T09:00:37.175+0000] {logging_mixin.py:137} INFO - [2024-02-29T09:00:37.175+0000] {dagbag.py:538} INFO - Filling up the DagBag from /home/airflow/.local/lib/python3.7/site-packages/airflow/example_dags/example_latest_only_with_trigger.py
[2024-02-29T09:00:37.181+0000] {processor.py:753} INFO - DAG(s) dict_keys(['latest_only_with_trigger']) retrieved from /home/airflow/.local/lib/python3.7/site-packages/airflow/example_dags/example_latest_only_with_trigger.py
[2024-02-29T09:00:37.193+0000] {logging_mixin.py:137} INFO - [2024-02-29T09:00:37.193+0000] {dag.py:2690} INFO - Sync 1 DAGs
[2024-02-29T09:00:37.204+0000] {logging_mixin.py:137} INFO - [2024-02-29T09:00:37.204+0000] {dag.py:3441} INFO - Setting next_dagrun for latest_only_with_trigger to 2024-02-29T05:00:37.204748+00:00, run_after=2024-02-29T09:00:37.204748+00:00
[2024-02-29T09:00:37.212+0000] {processor.py:175} INFO - Processing /home/airflow/.local/lib/python3.7/site-packages/airflow/example_dags/example_latest_only_with_trigger.py took 0.040 seconds
[2024-02-29T09:01:07.610+0000] {processor.py:153} INFO - Started process (PID=2645) to work on /home/airflow/.local/lib/python3.7/site-packages/airflow/example_dags/example_latest_only_with_trigger.py
[2024-02-29T09:01:07.611+0000] {processor.py:743} INFO - Processing file /home/airflow/.local/lib/python3.7/site-packages/airflow/example_dags/example_latest_only_with_trigger.py for tasks to queue
[2024-02-29T09:01:07.611+0000] {logging_mixin.py:137} INFO - [2024-02-29T09:01:07.611+0000] {dagbag.py:538} INFO - Filling up the DagBag from /home/airflow/.local/lib/python3.7/site-packages/airflow/example_dags/example_latest_only_with_trigger.py
[2024-02-29T09:01:07.617+0000] {processor.py:753} INFO - DAG(s) dict_keys(['latest_only_with_trigger']) retrieved from /home/airflow/.local/lib/python3.7/site-packages/airflow/example_dags/example_latest_only_with_trigger.py
[2024-02-29T09:01:07.629+0000] {logging_mixin.py:137} INFO - [2024-02-29T09:01:07.629+0000] {dag.py:2690} INFO - Sync 1 DAGs
[2024-02-29T09:01:07.640+0000] {logging_mixin.py:137} INFO - [2024-02-29T09:01:07.640+0000] {dag.py:3441} INFO - Setting next_dagrun for latest_only_with_trigger to 2024-02-29T05:01:07.640637+00:00, run_after=2024-02-29T09:01:07.640637+00:00
[2024-02-29T09:01:07.648+0000] {processor.py:175} INFO - Processing /home/airflow/.local/lib/python3.7/site-packages/airflow/example_dags/example_latest_only_with_trigger.py took 0.040 seconds
[2024-02-29T09:01:38.266+0000] {processor.py:153} INFO - Started process (PID=2721) to work on /home/airflow/.local/lib/python3.7/site-packages/airflow/example_dags/example_latest_only_with_trigger.py
[2024-02-29T09:01:38.267+0000] {processor.py:743} INFO - Processing file /home/airflow/.local/lib/python3.7/site-packages/airflow/example_dags/example_latest_only_with_trigger.py for tasks to queue
[2024-02-29T09:01:38.267+0000] {logging_mixin.py:137} INFO - [2024-02-29T09:01:38.267+0000] {dagbag.py:538} INFO - Filling up the DagBag from /home/airflow/.local/lib/python3.7/site-packages/airflow/example_dags/example_latest_only_with_trigger.py
[2024-02-29T09:01:38.274+0000] {processor.py:753} INFO - DAG(s) dict_keys(['latest_only_with_trigger']) retrieved from /home/airflow/.local/lib/python3.7/site-packages/airflow/example_dags/example_latest_only_with_trigger.py
[2024-02-29T09:01:38.286+0000] {logging_mixin.py:137} INFO - [2024-02-29T09:01:38.286+0000] {dag.py:2690} INFO - Sync 1 DAGs
[2024-02-29T09:01:38.297+0000] {logging_mixin.py:137} INFO - [2024-02-29T09:01:38.297+0000] {dag.py:3441} INFO - Setting next_dagrun for latest_only_with_trigger to 2024-02-29T05:01:38.297409+00:00, run_after=2024-02-29T09:01:38.297409+00:00
[2024-02-29T09:01:38.306+0000] {processor.py:175} INFO - Processing /home/airflow/.local/lib/python3.7/site-packages/airflow/example_dags/example_latest_only_with_trigger.py took 0.041 seconds
[2024-02-29T09:02:08.777+0000] {processor.py:153} INFO - Started process (PID=2814) to work on /home/airflow/.local/lib/python3.7/site-packages/airflow/example_dags/example_latest_only_with_trigger.py
[2024-02-29T09:02:08.778+0000] {processor.py:743} INFO - Processing file /home/airflow/.local/lib/python3.7/site-packages/airflow/example_dags/example_latest_only_with_trigger.py for tasks to queue
[2024-02-29T09:02:08.778+0000] {logging_mixin.py:137} INFO - [2024-02-29T09:02:08.778+0000] {dagbag.py:538} INFO - Filling up the DagBag from /home/airflow/.local/lib/python3.7/site-packages/airflow/example_dags/example_latest_only_with_trigger.py
[2024-02-29T09:02:08.785+0000] {processor.py:753} INFO - DAG(s) dict_keys(['latest_only_with_trigger']) retrieved from /home/airflow/.local/lib/python3.7/site-packages/airflow/example_dags/example_latest_only_with_trigger.py
[2024-02-29T09:02:08.796+0000] {logging_mixin.py:137} INFO - [2024-02-29T09:02:08.796+0000] {dag.py:2690} INFO - Sync 1 DAGs
[2024-02-29T09:02:08.807+0000] {logging_mixin.py:137} INFO - [2024-02-29T09:02:08.807+0000] {dag.py:3441} INFO - Setting next_dagrun for latest_only_with_trigger to 2024-02-29T05:02:08.806939+00:00, run_after=2024-02-29T09:02:08.806939+00:00
[2024-02-29T09:02:08.815+0000] {processor.py:175} INFO - Processing /home/airflow/.local/lib/python3.7/site-packages/airflow/example_dags/example_latest_only_with_trigger.py took 0.040 seconds
[2024-02-29T09:02:39.295+0000] {processor.py:153} INFO - Started process (PID=2908) to work on /home/airflow/.local/lib/python3.7/site-packages/airflow/example_dags/example_latest_only_with_trigger.py
[2024-02-29T09:02:39.295+0000] {processor.py:743} INFO - Processing file /home/airflow/.local/lib/python3.7/site-packages/airflow/example_dags/example_latest_only_with_trigger.py for tasks to queue
[2024-02-29T09:02:39.296+0000] {logging_mixin.py:137} INFO - [2024-02-29T09:02:39.296+0000] {dagbag.py:538} INFO - Filling up the DagBag from /home/airflow/.local/lib/python3.7/site-packages/airflow/example_dags/example_latest_only_with_trigger.py
[2024-02-29T09:02:39.303+0000] {processor.py:753} INFO - DAG(s) dict_keys(['latest_only_with_trigger']) retrieved from /home/airflow/.local/lib/python3.7/site-packages/airflow/example_dags/example_latest_only_with_trigger.py
[2024-02-29T09:02:39.314+0000] {logging_mixin.py:137} INFO - [2024-02-29T09:02:39.314+0000] {dag.py:2690} INFO - Sync 1 DAGs
[2024-02-29T09:02:39.325+0000] {logging_mixin.py:137} INFO - [2024-02-29T09:02:39.325+0000] {dag.py:3441} INFO - Setting next_dagrun for latest_only_with_trigger to 2024-02-29T05:02:39.325819+00:00, run_after=2024-02-29T09:02:39.325819+00:00
[2024-02-29T09:02:39.334+0000] {processor.py:175} INFO - Processing /home/airflow/.local/lib/python3.7/site-packages/airflow/example_dags/example_latest_only_with_trigger.py took 0.040 seconds
[2024-02-29T09:03:09.817+0000] {processor.py:153} INFO - Started process (PID=3001) to work on /home/airflow/.local/lib/python3.7/site-packages/airflow/example_dags/example_latest_only_with_trigger.py
[2024-02-29T09:03:09.817+0000] {processor.py:743} INFO - Processing file /home/airflow/.local/lib/python3.7/site-packages/airflow/example_dags/example_latest_only_with_trigger.py for tasks to queue
[2024-02-29T09:03:09.818+0000] {logging_mixin.py:137} INFO - [2024-02-29T09:03:09.818+0000] {dagbag.py:538} INFO - Filling up the DagBag from /home/airflow/.local/lib/python3.7/site-packages/airflow/example_dags/example_latest_only_with_trigger.py
[2024-02-29T09:03:09.824+0000] {processor.py:753} INFO - DAG(s) dict_keys(['latest_only_with_trigger']) retrieved from /home/airflow/.local/lib/python3.7/site-packages/airflow/example_dags/example_latest_only_with_trigger.py
[2024-02-29T09:03:09.837+0000] {logging_mixin.py:137} INFO - [2024-02-29T09:03:09.837+0000] {dag.py:2690} INFO - Sync 1 DAGs
[2024-02-29T09:03:09.849+0000] {logging_mixin.py:137} INFO - [2024-02-29T09:03:09.849+0000] {dag.py:3441} INFO - Setting next_dagrun for latest_only_with_trigger to 2024-02-29T05:03:09.849196+00:00, run_after=2024-02-29T09:03:09.849196+00:00
[2024-02-29T09:03:09.858+0000] {processor.py:175} INFO - Processing /home/airflow/.local/lib/python3.7/site-packages/airflow/example_dags/example_latest_only_with_trigger.py took 0.043 seconds
