[2024-02-29T08:46:25.073+0000] {processor.py:153} INFO - Started process (PID=60) to work on /home/airflow/.local/lib/python3.7/site-packages/airflow/example_dags/example_local_kubernetes_executor.py
[2024-02-29T08:46:25.074+0000] {processor.py:743} INFO - Processing file /home/airflow/.local/lib/python3.7/site-packages/airflow/example_dags/example_local_kubernetes_executor.py for tasks to queue
[2024-02-29T08:46:25.074+0000] {logging_mixin.py:137} INFO - [2024-02-29T08:46:25.074+0000] {dagbag.py:538} INFO - Filling up the DagBag from /home/airflow/.local/lib/python3.7/site-packages/airflow/example_dags/example_local_kubernetes_executor.py
[2024-02-29T08:46:25.089+0000] {processor.py:753} INFO - DAG(s) dict_keys(['example_local_kubernetes_executor']) retrieved from /home/airflow/.local/lib/python3.7/site-packages/airflow/example_dags/example_local_kubernetes_executor.py
[2024-02-29T08:46:25.106+0000] {logging_mixin.py:137} INFO - [2024-02-29T08:46:25.106+0000] {dag.py:2690} INFO - Sync 1 DAGs
[2024-02-29T08:46:25.121+0000] {logging_mixin.py:137} INFO - [2024-02-29T08:46:25.121+0000] {dag.py:3441} INFO - Setting next_dagrun for example_local_kubernetes_executor to None, run_after=None
[2024-02-29T08:46:25.131+0000] {processor.py:175} INFO - Processing /home/airflow/.local/lib/python3.7/site-packages/airflow/example_dags/example_local_kubernetes_executor.py took 0.060 seconds
[2024-02-29T08:46:55.815+0000] {processor.py:153} INFO - Started process (PID=153) to work on /home/airflow/.local/lib/python3.7/site-packages/airflow/example_dags/example_local_kubernetes_executor.py
[2024-02-29T08:46:55.815+0000] {processor.py:743} INFO - Processing file /home/airflow/.local/lib/python3.7/site-packages/airflow/example_dags/example_local_kubernetes_executor.py for tasks to queue
[2024-02-29T08:46:55.815+0000] {logging_mixin.py:137} INFO - [2024-02-29T08:46:55.815+0000] {dagbag.py:538} INFO - Filling up the DagBag from /home/airflow/.local/lib/python3.7/site-packages/airflow/example_dags/example_local_kubernetes_executor.py
[2024-02-29T08:46:55.826+0000] {processor.py:753} INFO - DAG(s) dict_keys(['example_local_kubernetes_executor']) retrieved from /home/airflow/.local/lib/python3.7/site-packages/airflow/example_dags/example_local_kubernetes_executor.py
[2024-02-29T08:46:55.840+0000] {logging_mixin.py:137} INFO - [2024-02-29T08:46:55.840+0000] {dag.py:2690} INFO - Sync 1 DAGs
[2024-02-29T08:46:55.851+0000] {logging_mixin.py:137} INFO - [2024-02-29T08:46:55.851+0000] {dag.py:3441} INFO - Setting next_dagrun for example_local_kubernetes_executor to None, run_after=None
[2024-02-29T08:46:55.859+0000] {processor.py:175} INFO - Processing /home/airflow/.local/lib/python3.7/site-packages/airflow/example_dags/example_local_kubernetes_executor.py took 0.046 seconds
[2024-02-29T08:47:26.126+0000] {processor.py:153} INFO - Started process (PID=247) to work on /home/airflow/.local/lib/python3.7/site-packages/airflow/example_dags/example_local_kubernetes_executor.py
[2024-02-29T08:47:26.127+0000] {processor.py:743} INFO - Processing file /home/airflow/.local/lib/python3.7/site-packages/airflow/example_dags/example_local_kubernetes_executor.py for tasks to queue
[2024-02-29T08:47:26.127+0000] {logging_mixin.py:137} INFO - [2024-02-29T08:47:26.127+0000] {dagbag.py:538} INFO - Filling up the DagBag from /home/airflow/.local/lib/python3.7/site-packages/airflow/example_dags/example_local_kubernetes_executor.py
[2024-02-29T08:47:26.137+0000] {processor.py:753} INFO - DAG(s) dict_keys(['example_local_kubernetes_executor']) retrieved from /home/airflow/.local/lib/python3.7/site-packages/airflow/example_dags/example_local_kubernetes_executor.py
[2024-02-29T08:47:26.149+0000] {logging_mixin.py:137} INFO - [2024-02-29T08:47:26.149+0000] {dag.py:2690} INFO - Sync 1 DAGs
[2024-02-29T08:47:26.160+0000] {logging_mixin.py:137} INFO - [2024-02-29T08:47:26.160+0000] {dag.py:3441} INFO - Setting next_dagrun for example_local_kubernetes_executor to None, run_after=None
[2024-02-29T08:47:26.167+0000] {processor.py:175} INFO - Processing /home/airflow/.local/lib/python3.7/site-packages/airflow/example_dags/example_local_kubernetes_executor.py took 0.042 seconds
[2024-02-29T08:47:56.444+0000] {processor.py:153} INFO - Started process (PID=323) to work on /home/airflow/.local/lib/python3.7/site-packages/airflow/example_dags/example_local_kubernetes_executor.py
[2024-02-29T08:47:56.445+0000] {processor.py:743} INFO - Processing file /home/airflow/.local/lib/python3.7/site-packages/airflow/example_dags/example_local_kubernetes_executor.py for tasks to queue
[2024-02-29T08:47:56.445+0000] {logging_mixin.py:137} INFO - [2024-02-29T08:47:56.445+0000] {dagbag.py:538} INFO - Filling up the DagBag from /home/airflow/.local/lib/python3.7/site-packages/airflow/example_dags/example_local_kubernetes_executor.py
[2024-02-29T08:47:56.456+0000] {processor.py:753} INFO - DAG(s) dict_keys(['example_local_kubernetes_executor']) retrieved from /home/airflow/.local/lib/python3.7/site-packages/airflow/example_dags/example_local_kubernetes_executor.py
[2024-02-29T08:47:56.468+0000] {logging_mixin.py:137} INFO - [2024-02-29T08:47:56.468+0000] {dag.py:2690} INFO - Sync 1 DAGs
[2024-02-29T08:47:56.479+0000] {logging_mixin.py:137} INFO - [2024-02-29T08:47:56.479+0000] {dag.py:3441} INFO - Setting next_dagrun for example_local_kubernetes_executor to None, run_after=None
[2024-02-29T08:47:56.488+0000] {processor.py:175} INFO - Processing /home/airflow/.local/lib/python3.7/site-packages/airflow/example_dags/example_local_kubernetes_executor.py took 0.046 seconds
[2024-02-29T08:48:26.984+0000] {processor.py:153} INFO - Started process (PID=416) to work on /home/airflow/.local/lib/python3.7/site-packages/airflow/example_dags/example_local_kubernetes_executor.py
[2024-02-29T08:48:26.985+0000] {processor.py:743} INFO - Processing file /home/airflow/.local/lib/python3.7/site-packages/airflow/example_dags/example_local_kubernetes_executor.py for tasks to queue
[2024-02-29T08:48:26.985+0000] {logging_mixin.py:137} INFO - [2024-02-29T08:48:26.985+0000] {dagbag.py:538} INFO - Filling up the DagBag from /home/airflow/.local/lib/python3.7/site-packages/airflow/example_dags/example_local_kubernetes_executor.py
[2024-02-29T08:48:26.995+0000] {processor.py:753} INFO - DAG(s) dict_keys(['example_local_kubernetes_executor']) retrieved from /home/airflow/.local/lib/python3.7/site-packages/airflow/example_dags/example_local_kubernetes_executor.py
[2024-02-29T08:48:27.008+0000] {logging_mixin.py:137} INFO - [2024-02-29T08:48:27.007+0000] {dag.py:2690} INFO - Sync 1 DAGs
[2024-02-29T08:48:27.018+0000] {logging_mixin.py:137} INFO - [2024-02-29T08:48:27.018+0000] {dag.py:3441} INFO - Setting next_dagrun for example_local_kubernetes_executor to None, run_after=None
[2024-02-29T08:48:27.025+0000] {processor.py:175} INFO - Processing /home/airflow/.local/lib/python3.7/site-packages/airflow/example_dags/example_local_kubernetes_executor.py took 0.042 seconds
[2024-02-29T08:48:57.335+0000] {processor.py:153} INFO - Started process (PID=510) to work on /home/airflow/.local/lib/python3.7/site-packages/airflow/example_dags/example_local_kubernetes_executor.py
[2024-02-29T08:48:57.336+0000] {processor.py:743} INFO - Processing file /home/airflow/.local/lib/python3.7/site-packages/airflow/example_dags/example_local_kubernetes_executor.py for tasks to queue
[2024-02-29T08:48:57.336+0000] {logging_mixin.py:137} INFO - [2024-02-29T08:48:57.336+0000] {dagbag.py:538} INFO - Filling up the DagBag from /home/airflow/.local/lib/python3.7/site-packages/airflow/example_dags/example_local_kubernetes_executor.py
[2024-02-29T08:48:57.347+0000] {processor.py:753} INFO - DAG(s) dict_keys(['example_local_kubernetes_executor']) retrieved from /home/airflow/.local/lib/python3.7/site-packages/airflow/example_dags/example_local_kubernetes_executor.py
[2024-02-29T08:48:57.359+0000] {logging_mixin.py:137} INFO - [2024-02-29T08:48:57.359+0000] {dag.py:2690} INFO - Sync 1 DAGs
[2024-02-29T08:48:57.370+0000] {logging_mixin.py:137} INFO - [2024-02-29T08:48:57.370+0000] {dag.py:3441} INFO - Setting next_dagrun for example_local_kubernetes_executor to None, run_after=None
[2024-02-29T08:48:57.378+0000] {processor.py:175} INFO - Processing /home/airflow/.local/lib/python3.7/site-packages/airflow/example_dags/example_local_kubernetes_executor.py took 0.044 seconds
[2024-02-29T08:49:27.770+0000] {processor.py:153} INFO - Started process (PID=604) to work on /home/airflow/.local/lib/python3.7/site-packages/airflow/example_dags/example_local_kubernetes_executor.py
[2024-02-29T08:49:27.771+0000] {processor.py:743} INFO - Processing file /home/airflow/.local/lib/python3.7/site-packages/airflow/example_dags/example_local_kubernetes_executor.py for tasks to queue
[2024-02-29T08:49:27.771+0000] {logging_mixin.py:137} INFO - [2024-02-29T08:49:27.771+0000] {dagbag.py:538} INFO - Filling up the DagBag from /home/airflow/.local/lib/python3.7/site-packages/airflow/example_dags/example_local_kubernetes_executor.py
[2024-02-29T08:49:27.781+0000] {processor.py:753} INFO - DAG(s) dict_keys(['example_local_kubernetes_executor']) retrieved from /home/airflow/.local/lib/python3.7/site-packages/airflow/example_dags/example_local_kubernetes_executor.py
[2024-02-29T08:49:27.793+0000] {logging_mixin.py:137} INFO - [2024-02-29T08:49:27.793+0000] {dag.py:2690} INFO - Sync 1 DAGs
[2024-02-29T08:49:27.804+0000] {logging_mixin.py:137} INFO - [2024-02-29T08:49:27.804+0000] {dag.py:3441} INFO - Setting next_dagrun for example_local_kubernetes_executor to None, run_after=None
[2024-02-29T08:49:27.812+0000] {processor.py:175} INFO - Processing /home/airflow/.local/lib/python3.7/site-packages/airflow/example_dags/example_local_kubernetes_executor.py took 0.043 seconds
[2024-02-29T08:49:58.094+0000] {processor.py:153} INFO - Started process (PID=679) to work on /home/airflow/.local/lib/python3.7/site-packages/airflow/example_dags/example_local_kubernetes_executor.py
[2024-02-29T08:49:58.095+0000] {processor.py:743} INFO - Processing file /home/airflow/.local/lib/python3.7/site-packages/airflow/example_dags/example_local_kubernetes_executor.py for tasks to queue
[2024-02-29T08:49:58.095+0000] {logging_mixin.py:137} INFO - [2024-02-29T08:49:58.095+0000] {dagbag.py:538} INFO - Filling up the DagBag from /home/airflow/.local/lib/python3.7/site-packages/airflow/example_dags/example_local_kubernetes_executor.py
[2024-02-29T08:49:58.105+0000] {processor.py:753} INFO - DAG(s) dict_keys(['example_local_kubernetes_executor']) retrieved from /home/airflow/.local/lib/python3.7/site-packages/airflow/example_dags/example_local_kubernetes_executor.py
[2024-02-29T08:49:58.117+0000] {logging_mixin.py:137} INFO - [2024-02-29T08:49:58.117+0000] {dag.py:2690} INFO - Sync 1 DAGs
[2024-02-29T08:49:58.128+0000] {logging_mixin.py:137} INFO - [2024-02-29T08:49:58.128+0000] {dag.py:3441} INFO - Setting next_dagrun for example_local_kubernetes_executor to None, run_after=None
[2024-02-29T08:49:58.135+0000] {processor.py:175} INFO - Processing /home/airflow/.local/lib/python3.7/site-packages/airflow/example_dags/example_local_kubernetes_executor.py took 0.043 seconds
[2024-02-29T08:50:28.523+0000] {processor.py:153} INFO - Started process (PID=773) to work on /home/airflow/.local/lib/python3.7/site-packages/airflow/example_dags/example_local_kubernetes_executor.py
[2024-02-29T08:50:28.524+0000] {processor.py:743} INFO - Processing file /home/airflow/.local/lib/python3.7/site-packages/airflow/example_dags/example_local_kubernetes_executor.py for tasks to queue
[2024-02-29T08:50:28.525+0000] {logging_mixin.py:137} INFO - [2024-02-29T08:50:28.524+0000] {dagbag.py:538} INFO - Filling up the DagBag from /home/airflow/.local/lib/python3.7/site-packages/airflow/example_dags/example_local_kubernetes_executor.py
[2024-02-29T08:50:28.538+0000] {processor.py:753} INFO - DAG(s) dict_keys(['example_local_kubernetes_executor']) retrieved from /home/airflow/.local/lib/python3.7/site-packages/airflow/example_dags/example_local_kubernetes_executor.py
[2024-02-29T08:50:28.556+0000] {logging_mixin.py:137} INFO - [2024-02-29T08:50:28.556+0000] {dag.py:2690} INFO - Sync 1 DAGs
[2024-02-29T08:50:28.569+0000] {logging_mixin.py:137} INFO - [2024-02-29T08:50:28.569+0000] {dag.py:3441} INFO - Setting next_dagrun for example_local_kubernetes_executor to None, run_after=None
[2024-02-29T08:50:28.579+0000] {processor.py:175} INFO - Processing /home/airflow/.local/lib/python3.7/site-packages/airflow/example_dags/example_local_kubernetes_executor.py took 0.057 seconds
[2024-02-29T08:50:59.025+0000] {processor.py:153} INFO - Started process (PID=867) to work on /home/airflow/.local/lib/python3.7/site-packages/airflow/example_dags/example_local_kubernetes_executor.py
[2024-02-29T08:50:59.026+0000] {processor.py:743} INFO - Processing file /home/airflow/.local/lib/python3.7/site-packages/airflow/example_dags/example_local_kubernetes_executor.py for tasks to queue
[2024-02-29T08:50:59.026+0000] {logging_mixin.py:137} INFO - [2024-02-29T08:50:59.026+0000] {dagbag.py:538} INFO - Filling up the DagBag from /home/airflow/.local/lib/python3.7/site-packages/airflow/example_dags/example_local_kubernetes_executor.py
[2024-02-29T08:50:59.036+0000] {processor.py:753} INFO - DAG(s) dict_keys(['example_local_kubernetes_executor']) retrieved from /home/airflow/.local/lib/python3.7/site-packages/airflow/example_dags/example_local_kubernetes_executor.py
[2024-02-29T08:50:59.048+0000] {logging_mixin.py:137} INFO - [2024-02-29T08:50:59.048+0000] {dag.py:2690} INFO - Sync 1 DAGs
[2024-02-29T08:50:59.058+0000] {logging_mixin.py:137} INFO - [2024-02-29T08:50:59.058+0000] {dag.py:3441} INFO - Setting next_dagrun for example_local_kubernetes_executor to None, run_after=None
[2024-02-29T08:50:59.066+0000] {processor.py:175} INFO - Processing /home/airflow/.local/lib/python3.7/site-packages/airflow/example_dags/example_local_kubernetes_executor.py took 0.043 seconds
[2024-02-29T08:51:29.388+0000] {processor.py:153} INFO - Started process (PID=960) to work on /home/airflow/.local/lib/python3.7/site-packages/airflow/example_dags/example_local_kubernetes_executor.py
[2024-02-29T08:51:29.388+0000] {processor.py:743} INFO - Processing file /home/airflow/.local/lib/python3.7/site-packages/airflow/example_dags/example_local_kubernetes_executor.py for tasks to queue
[2024-02-29T08:51:29.389+0000] {logging_mixin.py:137} INFO - [2024-02-29T08:51:29.388+0000] {dagbag.py:538} INFO - Filling up the DagBag from /home/airflow/.local/lib/python3.7/site-packages/airflow/example_dags/example_local_kubernetes_executor.py
[2024-02-29T08:51:29.398+0000] {processor.py:753} INFO - DAG(s) dict_keys(['example_local_kubernetes_executor']) retrieved from /home/airflow/.local/lib/python3.7/site-packages/airflow/example_dags/example_local_kubernetes_executor.py
[2024-02-29T08:51:29.412+0000] {logging_mixin.py:137} INFO - [2024-02-29T08:51:29.412+0000] {dag.py:2690} INFO - Sync 1 DAGs
[2024-02-29T08:51:29.423+0000] {logging_mixin.py:137} INFO - [2024-02-29T08:51:29.423+0000] {dag.py:3441} INFO - Setting next_dagrun for example_local_kubernetes_executor to None, run_after=None
[2024-02-29T08:51:29.431+0000] {processor.py:175} INFO - Processing /home/airflow/.local/lib/python3.7/site-packages/airflow/example_dags/example_local_kubernetes_executor.py took 0.045 seconds
[2024-02-29T08:51:59.771+0000] {processor.py:153} INFO - Started process (PID=1036) to work on /home/airflow/.local/lib/python3.7/site-packages/airflow/example_dags/example_local_kubernetes_executor.py
[2024-02-29T08:51:59.771+0000] {processor.py:743} INFO - Processing file /home/airflow/.local/lib/python3.7/site-packages/airflow/example_dags/example_local_kubernetes_executor.py for tasks to queue
[2024-02-29T08:51:59.772+0000] {logging_mixin.py:137} INFO - [2024-02-29T08:51:59.772+0000] {dagbag.py:538} INFO - Filling up the DagBag from /home/airflow/.local/lib/python3.7/site-packages/airflow/example_dags/example_local_kubernetes_executor.py
[2024-02-29T08:51:59.782+0000] {processor.py:753} INFO - DAG(s) dict_keys(['example_local_kubernetes_executor']) retrieved from /home/airflow/.local/lib/python3.7/site-packages/airflow/example_dags/example_local_kubernetes_executor.py
[2024-02-29T08:51:59.794+0000] {logging_mixin.py:137} INFO - [2024-02-29T08:51:59.794+0000] {dag.py:2690} INFO - Sync 1 DAGs
[2024-02-29T08:51:59.805+0000] {logging_mixin.py:137} INFO - [2024-02-29T08:51:59.805+0000] {dag.py:3441} INFO - Setting next_dagrun for example_local_kubernetes_executor to None, run_after=None
[2024-02-29T08:51:59.813+0000] {processor.py:175} INFO - Processing /home/airflow/.local/lib/python3.7/site-packages/airflow/example_dags/example_local_kubernetes_executor.py took 0.044 seconds
[2024-02-29T08:52:30.097+0000] {processor.py:153} INFO - Started process (PID=1129) to work on /home/airflow/.local/lib/python3.7/site-packages/airflow/example_dags/example_local_kubernetes_executor.py
[2024-02-29T08:52:30.098+0000] {processor.py:743} INFO - Processing file /home/airflow/.local/lib/python3.7/site-packages/airflow/example_dags/example_local_kubernetes_executor.py for tasks to queue
[2024-02-29T08:52:30.098+0000] {logging_mixin.py:137} INFO - [2024-02-29T08:52:30.098+0000] {dagbag.py:538} INFO - Filling up the DagBag from /home/airflow/.local/lib/python3.7/site-packages/airflow/example_dags/example_local_kubernetes_executor.py
[2024-02-29T08:52:30.109+0000] {processor.py:753} INFO - DAG(s) dict_keys(['example_local_kubernetes_executor']) retrieved from /home/airflow/.local/lib/python3.7/site-packages/airflow/example_dags/example_local_kubernetes_executor.py
[2024-02-29T08:52:30.120+0000] {logging_mixin.py:137} INFO - [2024-02-29T08:52:30.120+0000] {dag.py:2690} INFO - Sync 1 DAGs
[2024-02-29T08:52:30.131+0000] {logging_mixin.py:137} INFO - [2024-02-29T08:52:30.131+0000] {dag.py:3441} INFO - Setting next_dagrun for example_local_kubernetes_executor to None, run_after=None
[2024-02-29T08:52:30.139+0000] {processor.py:175} INFO - Processing /home/airflow/.local/lib/python3.7/site-packages/airflow/example_dags/example_local_kubernetes_executor.py took 0.043 seconds
[2024-02-29T08:53:00.441+0000] {processor.py:153} INFO - Started process (PID=1222) to work on /home/airflow/.local/lib/python3.7/site-packages/airflow/example_dags/example_local_kubernetes_executor.py
[2024-02-29T08:53:00.441+0000] {processor.py:743} INFO - Processing file /home/airflow/.local/lib/python3.7/site-packages/airflow/example_dags/example_local_kubernetes_executor.py for tasks to queue
[2024-02-29T08:53:00.441+0000] {logging_mixin.py:137} INFO - [2024-02-29T08:53:00.441+0000] {dagbag.py:538} INFO - Filling up the DagBag from /home/airflow/.local/lib/python3.7/site-packages/airflow/example_dags/example_local_kubernetes_executor.py
[2024-02-29T08:53:00.451+0000] {processor.py:753} INFO - DAG(s) dict_keys(['example_local_kubernetes_executor']) retrieved from /home/airflow/.local/lib/python3.7/site-packages/airflow/example_dags/example_local_kubernetes_executor.py
[2024-02-29T08:53:00.463+0000] {logging_mixin.py:137} INFO - [2024-02-29T08:53:00.463+0000] {dag.py:2690} INFO - Sync 1 DAGs
[2024-02-29T08:53:00.474+0000] {logging_mixin.py:137} INFO - [2024-02-29T08:53:00.474+0000] {dag.py:3441} INFO - Setting next_dagrun for example_local_kubernetes_executor to None, run_after=None
[2024-02-29T08:53:00.482+0000] {processor.py:175} INFO - Processing /home/airflow/.local/lib/python3.7/site-packages/airflow/example_dags/example_local_kubernetes_executor.py took 0.043 seconds
[2024-02-29T08:53:30.837+0000] {processor.py:153} INFO - Started process (PID=1316) to work on /home/airflow/.local/lib/python3.7/site-packages/airflow/example_dags/example_local_kubernetes_executor.py
[2024-02-29T08:53:30.837+0000] {processor.py:743} INFO - Processing file /home/airflow/.local/lib/python3.7/site-packages/airflow/example_dags/example_local_kubernetes_executor.py for tasks to queue
[2024-02-29T08:53:30.837+0000] {logging_mixin.py:137} INFO - [2024-02-29T08:53:30.837+0000] {dagbag.py:538} INFO - Filling up the DagBag from /home/airflow/.local/lib/python3.7/site-packages/airflow/example_dags/example_local_kubernetes_executor.py
[2024-02-29T08:53:30.848+0000] {processor.py:753} INFO - DAG(s) dict_keys(['example_local_kubernetes_executor']) retrieved from /home/airflow/.local/lib/python3.7/site-packages/airflow/example_dags/example_local_kubernetes_executor.py
[2024-02-29T08:53:30.860+0000] {logging_mixin.py:137} INFO - [2024-02-29T08:53:30.859+0000] {dag.py:2690} INFO - Sync 1 DAGs
[2024-02-29T08:53:30.871+0000] {logging_mixin.py:137} INFO - [2024-02-29T08:53:30.871+0000] {dag.py:3441} INFO - Setting next_dagrun for example_local_kubernetes_executor to None, run_after=None
[2024-02-29T08:53:30.879+0000] {processor.py:175} INFO - Processing /home/airflow/.local/lib/python3.7/site-packages/airflow/example_dags/example_local_kubernetes_executor.py took 0.044 seconds
[2024-02-29T08:54:01.244+0000] {processor.py:153} INFO - Started process (PID=1392) to work on /home/airflow/.local/lib/python3.7/site-packages/airflow/example_dags/example_local_kubernetes_executor.py
[2024-02-29T08:54:01.244+0000] {processor.py:743} INFO - Processing file /home/airflow/.local/lib/python3.7/site-packages/airflow/example_dags/example_local_kubernetes_executor.py for tasks to queue
[2024-02-29T08:54:01.244+0000] {logging_mixin.py:137} INFO - [2024-02-29T08:54:01.244+0000] {dagbag.py:538} INFO - Filling up the DagBag from /home/airflow/.local/lib/python3.7/site-packages/airflow/example_dags/example_local_kubernetes_executor.py
[2024-02-29T08:54:01.254+0000] {processor.py:753} INFO - DAG(s) dict_keys(['example_local_kubernetes_executor']) retrieved from /home/airflow/.local/lib/python3.7/site-packages/airflow/example_dags/example_local_kubernetes_executor.py
[2024-02-29T08:54:01.267+0000] {logging_mixin.py:137} INFO - [2024-02-29T08:54:01.267+0000] {dag.py:2690} INFO - Sync 1 DAGs
[2024-02-29T08:54:01.278+0000] {logging_mixin.py:137} INFO - [2024-02-29T08:54:01.278+0000] {dag.py:3441} INFO - Setting next_dagrun for example_local_kubernetes_executor to None, run_after=None
[2024-02-29T08:54:01.287+0000] {processor.py:175} INFO - Processing /home/airflow/.local/lib/python3.7/site-packages/airflow/example_dags/example_local_kubernetes_executor.py took 0.045 seconds
[2024-02-29T08:54:31.655+0000] {processor.py:153} INFO - Started process (PID=1486) to work on /home/airflow/.local/lib/python3.7/site-packages/airflow/example_dags/example_local_kubernetes_executor.py
[2024-02-29T08:54:31.655+0000] {processor.py:743} INFO - Processing file /home/airflow/.local/lib/python3.7/site-packages/airflow/example_dags/example_local_kubernetes_executor.py for tasks to queue
[2024-02-29T08:54:31.655+0000] {logging_mixin.py:137} INFO - [2024-02-29T08:54:31.655+0000] {dagbag.py:538} INFO - Filling up the DagBag from /home/airflow/.local/lib/python3.7/site-packages/airflow/example_dags/example_local_kubernetes_executor.py
[2024-02-29T08:54:31.666+0000] {processor.py:753} INFO - DAG(s) dict_keys(['example_local_kubernetes_executor']) retrieved from /home/airflow/.local/lib/python3.7/site-packages/airflow/example_dags/example_local_kubernetes_executor.py
[2024-02-29T08:54:31.679+0000] {logging_mixin.py:137} INFO - [2024-02-29T08:54:31.679+0000] {dag.py:2690} INFO - Sync 1 DAGs
[2024-02-29T08:54:31.689+0000] {logging_mixin.py:137} INFO - [2024-02-29T08:54:31.689+0000] {dag.py:3441} INFO - Setting next_dagrun for example_local_kubernetes_executor to None, run_after=None
[2024-02-29T08:54:31.697+0000] {processor.py:175} INFO - Processing /home/airflow/.local/lib/python3.7/site-packages/airflow/example_dags/example_local_kubernetes_executor.py took 0.044 seconds
[2024-02-29T08:55:02.101+0000] {processor.py:153} INFO - Started process (PID=1580) to work on /home/airflow/.local/lib/python3.7/site-packages/airflow/example_dags/example_local_kubernetes_executor.py
[2024-02-29T08:55:02.101+0000] {processor.py:743} INFO - Processing file /home/airflow/.local/lib/python3.7/site-packages/airflow/example_dags/example_local_kubernetes_executor.py for tasks to queue
[2024-02-29T08:55:02.102+0000] {logging_mixin.py:137} INFO - [2024-02-29T08:55:02.102+0000] {dagbag.py:538} INFO - Filling up the DagBag from /home/airflow/.local/lib/python3.7/site-packages/airflow/example_dags/example_local_kubernetes_executor.py
[2024-02-29T08:55:02.112+0000] {processor.py:753} INFO - DAG(s) dict_keys(['example_local_kubernetes_executor']) retrieved from /home/airflow/.local/lib/python3.7/site-packages/airflow/example_dags/example_local_kubernetes_executor.py
[2024-02-29T08:55:02.125+0000] {logging_mixin.py:137} INFO - [2024-02-29T08:55:02.125+0000] {dag.py:2690} INFO - Sync 1 DAGs
[2024-02-29T08:55:02.136+0000] {logging_mixin.py:137} INFO - [2024-02-29T08:55:02.136+0000] {dag.py:3441} INFO - Setting next_dagrun for example_local_kubernetes_executor to None, run_after=None
[2024-02-29T08:55:02.144+0000] {processor.py:175} INFO - Processing /home/airflow/.local/lib/python3.7/site-packages/airflow/example_dags/example_local_kubernetes_executor.py took 0.045 seconds
[2024-02-29T08:55:32.551+0000] {processor.py:153} INFO - Started process (PID=1673) to work on /home/airflow/.local/lib/python3.7/site-packages/airflow/example_dags/example_local_kubernetes_executor.py
[2024-02-29T08:55:32.551+0000] {processor.py:743} INFO - Processing file /home/airflow/.local/lib/python3.7/site-packages/airflow/example_dags/example_local_kubernetes_executor.py for tasks to queue
[2024-02-29T08:55:32.551+0000] {logging_mixin.py:137} INFO - [2024-02-29T08:55:32.551+0000] {dagbag.py:538} INFO - Filling up the DagBag from /home/airflow/.local/lib/python3.7/site-packages/airflow/example_dags/example_local_kubernetes_executor.py
[2024-02-29T08:55:32.561+0000] {processor.py:753} INFO - DAG(s) dict_keys(['example_local_kubernetes_executor']) retrieved from /home/airflow/.local/lib/python3.7/site-packages/airflow/example_dags/example_local_kubernetes_executor.py
[2024-02-29T08:55:32.573+0000] {logging_mixin.py:137} INFO - [2024-02-29T08:55:32.573+0000] {dag.py:2690} INFO - Sync 1 DAGs
[2024-02-29T08:55:32.584+0000] {logging_mixin.py:137} INFO - [2024-02-29T08:55:32.584+0000] {dag.py:3441} INFO - Setting next_dagrun for example_local_kubernetes_executor to None, run_after=None
[2024-02-29T08:55:32.592+0000] {processor.py:175} INFO - Processing /home/airflow/.local/lib/python3.7/site-packages/airflow/example_dags/example_local_kubernetes_executor.py took 0.043 seconds
[2024-02-29T08:56:02.853+0000] {processor.py:153} INFO - Started process (PID=1749) to work on /home/airflow/.local/lib/python3.7/site-packages/airflow/example_dags/example_local_kubernetes_executor.py
[2024-02-29T08:56:02.854+0000] {processor.py:743} INFO - Processing file /home/airflow/.local/lib/python3.7/site-packages/airflow/example_dags/example_local_kubernetes_executor.py for tasks to queue
[2024-02-29T08:56:02.854+0000] {logging_mixin.py:137} INFO - [2024-02-29T08:56:02.854+0000] {dagbag.py:538} INFO - Filling up the DagBag from /home/airflow/.local/lib/python3.7/site-packages/airflow/example_dags/example_local_kubernetes_executor.py
[2024-02-29T08:56:02.864+0000] {processor.py:753} INFO - DAG(s) dict_keys(['example_local_kubernetes_executor']) retrieved from /home/airflow/.local/lib/python3.7/site-packages/airflow/example_dags/example_local_kubernetes_executor.py
[2024-02-29T08:56:02.876+0000] {logging_mixin.py:137} INFO - [2024-02-29T08:56:02.876+0000] {dag.py:2690} INFO - Sync 1 DAGs
[2024-02-29T08:56:02.887+0000] {logging_mixin.py:137} INFO - [2024-02-29T08:56:02.887+0000] {dag.py:3441} INFO - Setting next_dagrun for example_local_kubernetes_executor to None, run_after=None
[2024-02-29T08:56:02.895+0000] {processor.py:175} INFO - Processing /home/airflow/.local/lib/python3.7/site-packages/airflow/example_dags/example_local_kubernetes_executor.py took 0.043 seconds
[2024-02-29T08:56:33.297+0000] {processor.py:153} INFO - Started process (PID=1843) to work on /home/airflow/.local/lib/python3.7/site-packages/airflow/example_dags/example_local_kubernetes_executor.py
[2024-02-29T08:56:33.297+0000] {processor.py:743} INFO - Processing file /home/airflow/.local/lib/python3.7/site-packages/airflow/example_dags/example_local_kubernetes_executor.py for tasks to queue
[2024-02-29T08:56:33.298+0000] {logging_mixin.py:137} INFO - [2024-02-29T08:56:33.298+0000] {dagbag.py:538} INFO - Filling up the DagBag from /home/airflow/.local/lib/python3.7/site-packages/airflow/example_dags/example_local_kubernetes_executor.py
[2024-02-29T08:56:33.308+0000] {processor.py:753} INFO - DAG(s) dict_keys(['example_local_kubernetes_executor']) retrieved from /home/airflow/.local/lib/python3.7/site-packages/airflow/example_dags/example_local_kubernetes_executor.py
[2024-02-29T08:56:33.320+0000] {logging_mixin.py:137} INFO - [2024-02-29T08:56:33.320+0000] {dag.py:2690} INFO - Sync 1 DAGs
[2024-02-29T08:56:33.330+0000] {logging_mixin.py:137} INFO - [2024-02-29T08:56:33.330+0000] {dag.py:3441} INFO - Setting next_dagrun for example_local_kubernetes_executor to None, run_after=None
[2024-02-29T08:56:33.338+0000] {processor.py:175} INFO - Processing /home/airflow/.local/lib/python3.7/site-packages/airflow/example_dags/example_local_kubernetes_executor.py took 0.043 seconds
[2024-02-29T08:57:03.737+0000] {processor.py:153} INFO - Started process (PID=1937) to work on /home/airflow/.local/lib/python3.7/site-packages/airflow/example_dags/example_local_kubernetes_executor.py
[2024-02-29T08:57:03.738+0000] {processor.py:743} INFO - Processing file /home/airflow/.local/lib/python3.7/site-packages/airflow/example_dags/example_local_kubernetes_executor.py for tasks to queue
[2024-02-29T08:57:03.738+0000] {logging_mixin.py:137} INFO - [2024-02-29T08:57:03.738+0000] {dagbag.py:538} INFO - Filling up the DagBag from /home/airflow/.local/lib/python3.7/site-packages/airflow/example_dags/example_local_kubernetes_executor.py
[2024-02-29T08:57:03.748+0000] {processor.py:753} INFO - DAG(s) dict_keys(['example_local_kubernetes_executor']) retrieved from /home/airflow/.local/lib/python3.7/site-packages/airflow/example_dags/example_local_kubernetes_executor.py
[2024-02-29T08:57:03.760+0000] {logging_mixin.py:137} INFO - [2024-02-29T08:57:03.760+0000] {dag.py:2690} INFO - Sync 1 DAGs
[2024-02-29T08:57:03.771+0000] {logging_mixin.py:137} INFO - [2024-02-29T08:57:03.771+0000] {dag.py:3441} INFO - Setting next_dagrun for example_local_kubernetes_executor to None, run_after=None
[2024-02-29T08:57:03.779+0000] {processor.py:175} INFO - Processing /home/airflow/.local/lib/python3.7/site-packages/airflow/example_dags/example_local_kubernetes_executor.py took 0.043 seconds
[2024-02-29T08:57:34.145+0000] {processor.py:153} INFO - Started process (PID=2031) to work on /home/airflow/.local/lib/python3.7/site-packages/airflow/example_dags/example_local_kubernetes_executor.py
[2024-02-29T08:57:34.145+0000] {processor.py:743} INFO - Processing file /home/airflow/.local/lib/python3.7/site-packages/airflow/example_dags/example_local_kubernetes_executor.py for tasks to queue
[2024-02-29T08:57:34.146+0000] {logging_mixin.py:137} INFO - [2024-02-29T08:57:34.146+0000] {dagbag.py:538} INFO - Filling up the DagBag from /home/airflow/.local/lib/python3.7/site-packages/airflow/example_dags/example_local_kubernetes_executor.py
[2024-02-29T08:57:34.156+0000] {processor.py:753} INFO - DAG(s) dict_keys(['example_local_kubernetes_executor']) retrieved from /home/airflow/.local/lib/python3.7/site-packages/airflow/example_dags/example_local_kubernetes_executor.py
[2024-02-29T08:57:34.168+0000] {logging_mixin.py:137} INFO - [2024-02-29T08:57:34.168+0000] {dag.py:2690} INFO - Sync 1 DAGs
[2024-02-29T08:57:34.179+0000] {logging_mixin.py:137} INFO - [2024-02-29T08:57:34.179+0000] {dag.py:3441} INFO - Setting next_dagrun for example_local_kubernetes_executor to None, run_after=None
[2024-02-29T08:57:34.187+0000] {processor.py:175} INFO - Processing /home/airflow/.local/lib/python3.7/site-packages/airflow/example_dags/example_local_kubernetes_executor.py took 0.043 seconds
[2024-02-29T08:58:04.738+0000] {processor.py:153} INFO - Started process (PID=2107) to work on /home/airflow/.local/lib/python3.7/site-packages/airflow/example_dags/example_local_kubernetes_executor.py
[2024-02-29T08:58:04.738+0000] {processor.py:743} INFO - Processing file /home/airflow/.local/lib/python3.7/site-packages/airflow/example_dags/example_local_kubernetes_executor.py for tasks to queue
[2024-02-29T08:58:04.739+0000] {logging_mixin.py:137} INFO - [2024-02-29T08:58:04.739+0000] {dagbag.py:538} INFO - Filling up the DagBag from /home/airflow/.local/lib/python3.7/site-packages/airflow/example_dags/example_local_kubernetes_executor.py
[2024-02-29T08:58:04.750+0000] {processor.py:753} INFO - DAG(s) dict_keys(['example_local_kubernetes_executor']) retrieved from /home/airflow/.local/lib/python3.7/site-packages/airflow/example_dags/example_local_kubernetes_executor.py
[2024-02-29T08:58:04.763+0000] {logging_mixin.py:137} INFO - [2024-02-29T08:58:04.763+0000] {dag.py:2690} INFO - Sync 1 DAGs
[2024-02-29T08:58:04.775+0000] {logging_mixin.py:137} INFO - [2024-02-29T08:58:04.775+0000] {dag.py:3441} INFO - Setting next_dagrun for example_local_kubernetes_executor to None, run_after=None
[2024-02-29T08:58:04.784+0000] {processor.py:175} INFO - Processing /home/airflow/.local/lib/python3.7/site-packages/airflow/example_dags/example_local_kubernetes_executor.py took 0.048 seconds
[2024-02-29T08:58:35.250+0000] {processor.py:153} INFO - Started process (PID=2201) to work on /home/airflow/.local/lib/python3.7/site-packages/airflow/example_dags/example_local_kubernetes_executor.py
[2024-02-29T08:58:35.251+0000] {processor.py:743} INFO - Processing file /home/airflow/.local/lib/python3.7/site-packages/airflow/example_dags/example_local_kubernetes_executor.py for tasks to queue
[2024-02-29T08:58:35.251+0000] {logging_mixin.py:137} INFO - [2024-02-29T08:58:35.251+0000] {dagbag.py:538} INFO - Filling up the DagBag from /home/airflow/.local/lib/python3.7/site-packages/airflow/example_dags/example_local_kubernetes_executor.py
[2024-02-29T08:58:35.262+0000] {processor.py:753} INFO - DAG(s) dict_keys(['example_local_kubernetes_executor']) retrieved from /home/airflow/.local/lib/python3.7/site-packages/airflow/example_dags/example_local_kubernetes_executor.py
[2024-02-29T08:58:35.275+0000] {logging_mixin.py:137} INFO - [2024-02-29T08:58:35.275+0000] {dag.py:2690} INFO - Sync 1 DAGs
[2024-02-29T08:58:35.285+0000] {logging_mixin.py:137} INFO - [2024-02-29T08:58:35.285+0000] {dag.py:3441} INFO - Setting next_dagrun for example_local_kubernetes_executor to None, run_after=None
[2024-02-29T08:58:35.293+0000] {processor.py:175} INFO - Processing /home/airflow/.local/lib/python3.7/site-packages/airflow/example_dags/example_local_kubernetes_executor.py took 0.044 seconds
[2024-02-29T08:59:05.569+0000] {processor.py:153} INFO - Started process (PID=2294) to work on /home/airflow/.local/lib/python3.7/site-packages/airflow/example_dags/example_local_kubernetes_executor.py
[2024-02-29T08:59:05.570+0000] {processor.py:743} INFO - Processing file /home/airflow/.local/lib/python3.7/site-packages/airflow/example_dags/example_local_kubernetes_executor.py for tasks to queue
[2024-02-29T08:59:05.570+0000] {logging_mixin.py:137} INFO - [2024-02-29T08:59:05.570+0000] {dagbag.py:538} INFO - Filling up the DagBag from /home/airflow/.local/lib/python3.7/site-packages/airflow/example_dags/example_local_kubernetes_executor.py
[2024-02-29T08:59:05.580+0000] {processor.py:753} INFO - DAG(s) dict_keys(['example_local_kubernetes_executor']) retrieved from /home/airflow/.local/lib/python3.7/site-packages/airflow/example_dags/example_local_kubernetes_executor.py
[2024-02-29T08:59:05.592+0000] {logging_mixin.py:137} INFO - [2024-02-29T08:59:05.592+0000] {dag.py:2690} INFO - Sync 1 DAGs
[2024-02-29T08:59:05.603+0000] {logging_mixin.py:137} INFO - [2024-02-29T08:59:05.603+0000] {dag.py:3441} INFO - Setting next_dagrun for example_local_kubernetes_executor to None, run_after=None
[2024-02-29T08:59:05.612+0000] {processor.py:175} INFO - Processing /home/airflow/.local/lib/python3.7/site-packages/airflow/example_dags/example_local_kubernetes_executor.py took 0.044 seconds
[2024-02-29T08:59:36.178+0000] {processor.py:153} INFO - Started process (PID=2388) to work on /home/airflow/.local/lib/python3.7/site-packages/airflow/example_dags/example_local_kubernetes_executor.py
[2024-02-29T08:59:36.179+0000] {processor.py:743} INFO - Processing file /home/airflow/.local/lib/python3.7/site-packages/airflow/example_dags/example_local_kubernetes_executor.py for tasks to queue
[2024-02-29T08:59:36.182+0000] {logging_mixin.py:137} INFO - [2024-02-29T08:59:36.182+0000] {dagbag.py:538} INFO - Filling up the DagBag from /home/airflow/.local/lib/python3.7/site-packages/airflow/example_dags/example_local_kubernetes_executor.py
[2024-02-29T08:59:36.193+0000] {processor.py:753} INFO - DAG(s) dict_keys(['example_local_kubernetes_executor']) retrieved from /home/airflow/.local/lib/python3.7/site-packages/airflow/example_dags/example_local_kubernetes_executor.py
[2024-02-29T08:59:36.207+0000] {logging_mixin.py:137} INFO - [2024-02-29T08:59:36.207+0000] {dag.py:2690} INFO - Sync 1 DAGs
[2024-02-29T08:59:36.219+0000] {logging_mixin.py:137} INFO - [2024-02-29T08:59:36.218+0000] {dag.py:3441} INFO - Setting next_dagrun for example_local_kubernetes_executor to None, run_after=None
[2024-02-29T08:59:36.227+0000] {processor.py:175} INFO - Processing /home/airflow/.local/lib/python3.7/site-packages/airflow/example_dags/example_local_kubernetes_executor.py took 0.050 seconds
[2024-02-29T09:00:06.807+0000] {processor.py:153} INFO - Started process (PID=2464) to work on /home/airflow/.local/lib/python3.7/site-packages/airflow/example_dags/example_local_kubernetes_executor.py
[2024-02-29T09:00:06.808+0000] {processor.py:743} INFO - Processing file /home/airflow/.local/lib/python3.7/site-packages/airflow/example_dags/example_local_kubernetes_executor.py for tasks to queue
[2024-02-29T09:00:06.808+0000] {logging_mixin.py:137} INFO - [2024-02-29T09:00:06.808+0000] {dagbag.py:538} INFO - Filling up the DagBag from /home/airflow/.local/lib/python3.7/site-packages/airflow/example_dags/example_local_kubernetes_executor.py
[2024-02-29T09:00:06.820+0000] {processor.py:753} INFO - DAG(s) dict_keys(['example_local_kubernetes_executor']) retrieved from /home/airflow/.local/lib/python3.7/site-packages/airflow/example_dags/example_local_kubernetes_executor.py
[2024-02-29T09:00:06.833+0000] {logging_mixin.py:137} INFO - [2024-02-29T09:00:06.833+0000] {dag.py:2690} INFO - Sync 1 DAGs
[2024-02-29T09:00:06.845+0000] {logging_mixin.py:137} INFO - [2024-02-29T09:00:06.845+0000] {dag.py:3441} INFO - Setting next_dagrun for example_local_kubernetes_executor to None, run_after=None
[2024-02-29T09:00:06.854+0000] {processor.py:175} INFO - Processing /home/airflow/.local/lib/python3.7/site-packages/airflow/example_dags/example_local_kubernetes_executor.py took 0.051 seconds
[2024-02-29T09:00:37.350+0000] {processor.py:153} INFO - Started process (PID=2558) to work on /home/airflow/.local/lib/python3.7/site-packages/airflow/example_dags/example_local_kubernetes_executor.py
[2024-02-29T09:00:37.351+0000] {processor.py:743} INFO - Processing file /home/airflow/.local/lib/python3.7/site-packages/airflow/example_dags/example_local_kubernetes_executor.py for tasks to queue
[2024-02-29T09:00:37.352+0000] {logging_mixin.py:137} INFO - [2024-02-29T09:00:37.352+0000] {dagbag.py:538} INFO - Filling up the DagBag from /home/airflow/.local/lib/python3.7/site-packages/airflow/example_dags/example_local_kubernetes_executor.py
[2024-02-29T09:00:37.362+0000] {processor.py:753} INFO - DAG(s) dict_keys(['example_local_kubernetes_executor']) retrieved from /home/airflow/.local/lib/python3.7/site-packages/airflow/example_dags/example_local_kubernetes_executor.py
[2024-02-29T09:00:37.375+0000] {logging_mixin.py:137} INFO - [2024-02-29T09:00:37.375+0000] {dag.py:2690} INFO - Sync 1 DAGs
[2024-02-29T09:00:37.386+0000] {logging_mixin.py:137} INFO - [2024-02-29T09:00:37.386+0000] {dag.py:3441} INFO - Setting next_dagrun for example_local_kubernetes_executor to None, run_after=None
[2024-02-29T09:00:37.394+0000] {processor.py:175} INFO - Processing /home/airflow/.local/lib/python3.7/site-packages/airflow/example_dags/example_local_kubernetes_executor.py took 0.045 seconds
[2024-02-29T09:01:07.794+0000] {processor.py:153} INFO - Started process (PID=2652) to work on /home/airflow/.local/lib/python3.7/site-packages/airflow/example_dags/example_local_kubernetes_executor.py
[2024-02-29T09:01:07.794+0000] {processor.py:743} INFO - Processing file /home/airflow/.local/lib/python3.7/site-packages/airflow/example_dags/example_local_kubernetes_executor.py for tasks to queue
[2024-02-29T09:01:07.794+0000] {logging_mixin.py:137} INFO - [2024-02-29T09:01:07.794+0000] {dagbag.py:538} INFO - Filling up the DagBag from /home/airflow/.local/lib/python3.7/site-packages/airflow/example_dags/example_local_kubernetes_executor.py
[2024-02-29T09:01:07.806+0000] {processor.py:753} INFO - DAG(s) dict_keys(['example_local_kubernetes_executor']) retrieved from /home/airflow/.local/lib/python3.7/site-packages/airflow/example_dags/example_local_kubernetes_executor.py
[2024-02-29T09:01:07.819+0000] {logging_mixin.py:137} INFO - [2024-02-29T09:01:07.819+0000] {dag.py:2690} INFO - Sync 1 DAGs
[2024-02-29T09:01:07.830+0000] {logging_mixin.py:137} INFO - [2024-02-29T09:01:07.830+0000] {dag.py:3441} INFO - Setting next_dagrun for example_local_kubernetes_executor to None, run_after=None
[2024-02-29T09:01:07.838+0000] {processor.py:175} INFO - Processing /home/airflow/.local/lib/python3.7/site-packages/airflow/example_dags/example_local_kubernetes_executor.py took 0.046 seconds
[2024-02-29T09:01:38.445+0000] {processor.py:153} INFO - Started process (PID=2728) to work on /home/airflow/.local/lib/python3.7/site-packages/airflow/example_dags/example_local_kubernetes_executor.py
[2024-02-29T09:01:38.445+0000] {processor.py:743} INFO - Processing file /home/airflow/.local/lib/python3.7/site-packages/airflow/example_dags/example_local_kubernetes_executor.py for tasks to queue
[2024-02-29T09:01:38.445+0000] {logging_mixin.py:137} INFO - [2024-02-29T09:01:38.445+0000] {dagbag.py:538} INFO - Filling up the DagBag from /home/airflow/.local/lib/python3.7/site-packages/airflow/example_dags/example_local_kubernetes_executor.py
[2024-02-29T09:01:38.457+0000] {processor.py:753} INFO - DAG(s) dict_keys(['example_local_kubernetes_executor']) retrieved from /home/airflow/.local/lib/python3.7/site-packages/airflow/example_dags/example_local_kubernetes_executor.py
[2024-02-29T09:01:38.470+0000] {logging_mixin.py:137} INFO - [2024-02-29T09:01:38.470+0000] {dag.py:2690} INFO - Sync 1 DAGs
[2024-02-29T09:01:38.481+0000] {logging_mixin.py:137} INFO - [2024-02-29T09:01:38.481+0000] {dag.py:3441} INFO - Setting next_dagrun for example_local_kubernetes_executor to None, run_after=None
[2024-02-29T09:01:38.489+0000] {processor.py:175} INFO - Processing /home/airflow/.local/lib/python3.7/site-packages/airflow/example_dags/example_local_kubernetes_executor.py took 0.046 seconds
[2024-02-29T09:02:08.952+0000] {processor.py:153} INFO - Started process (PID=2821) to work on /home/airflow/.local/lib/python3.7/site-packages/airflow/example_dags/example_local_kubernetes_executor.py
[2024-02-29T09:02:08.957+0000] {processor.py:743} INFO - Processing file /home/airflow/.local/lib/python3.7/site-packages/airflow/example_dags/example_local_kubernetes_executor.py for tasks to queue
[2024-02-29T09:02:08.957+0000] {logging_mixin.py:137} INFO - [2024-02-29T09:02:08.957+0000] {dagbag.py:538} INFO - Filling up the DagBag from /home/airflow/.local/lib/python3.7/site-packages/airflow/example_dags/example_local_kubernetes_executor.py
[2024-02-29T09:02:08.968+0000] {processor.py:753} INFO - DAG(s) dict_keys(['example_local_kubernetes_executor']) retrieved from /home/airflow/.local/lib/python3.7/site-packages/airflow/example_dags/example_local_kubernetes_executor.py
[2024-02-29T09:02:08.981+0000] {logging_mixin.py:137} INFO - [2024-02-29T09:02:08.981+0000] {dag.py:2690} INFO - Sync 1 DAGs
[2024-02-29T09:02:08.992+0000] {logging_mixin.py:137} INFO - [2024-02-29T09:02:08.992+0000] {dag.py:3441} INFO - Setting next_dagrun for example_local_kubernetes_executor to None, run_after=None
[2024-02-29T09:02:09.001+0000] {processor.py:175} INFO - Processing /home/airflow/.local/lib/python3.7/site-packages/airflow/example_dags/example_local_kubernetes_executor.py took 0.050 seconds
[2024-02-29T09:02:39.468+0000] {processor.py:153} INFO - Started process (PID=2915) to work on /home/airflow/.local/lib/python3.7/site-packages/airflow/example_dags/example_local_kubernetes_executor.py
[2024-02-29T09:02:39.468+0000] {processor.py:743} INFO - Processing file /home/airflow/.local/lib/python3.7/site-packages/airflow/example_dags/example_local_kubernetes_executor.py for tasks to queue
[2024-02-29T09:02:39.469+0000] {logging_mixin.py:137} INFO - [2024-02-29T09:02:39.469+0000] {dagbag.py:538} INFO - Filling up the DagBag from /home/airflow/.local/lib/python3.7/site-packages/airflow/example_dags/example_local_kubernetes_executor.py
[2024-02-29T09:02:39.479+0000] {processor.py:753} INFO - DAG(s) dict_keys(['example_local_kubernetes_executor']) retrieved from /home/airflow/.local/lib/python3.7/site-packages/airflow/example_dags/example_local_kubernetes_executor.py
[2024-02-29T09:02:39.493+0000] {logging_mixin.py:137} INFO - [2024-02-29T09:02:39.493+0000] {dag.py:2690} INFO - Sync 1 DAGs
[2024-02-29T09:02:39.504+0000] {logging_mixin.py:137} INFO - [2024-02-29T09:02:39.504+0000] {dag.py:3441} INFO - Setting next_dagrun for example_local_kubernetes_executor to None, run_after=None
[2024-02-29T09:02:39.512+0000] {processor.py:175} INFO - Processing /home/airflow/.local/lib/python3.7/site-packages/airflow/example_dags/example_local_kubernetes_executor.py took 0.045 seconds
[2024-02-29T09:03:10.010+0000] {processor.py:153} INFO - Started process (PID=3008) to work on /home/airflow/.local/lib/python3.7/site-packages/airflow/example_dags/example_local_kubernetes_executor.py
[2024-02-29T09:03:10.011+0000] {processor.py:743} INFO - Processing file /home/airflow/.local/lib/python3.7/site-packages/airflow/example_dags/example_local_kubernetes_executor.py for tasks to queue
[2024-02-29T09:03:10.011+0000] {logging_mixin.py:137} INFO - [2024-02-29T09:03:10.011+0000] {dagbag.py:538} INFO - Filling up the DagBag from /home/airflow/.local/lib/python3.7/site-packages/airflow/example_dags/example_local_kubernetes_executor.py
[2024-02-29T09:03:10.022+0000] {processor.py:753} INFO - DAG(s) dict_keys(['example_local_kubernetes_executor']) retrieved from /home/airflow/.local/lib/python3.7/site-packages/airflow/example_dags/example_local_kubernetes_executor.py
[2024-02-29T09:03:10.036+0000] {logging_mixin.py:137} INFO - [2024-02-29T09:03:10.036+0000] {dag.py:2690} INFO - Sync 1 DAGs
[2024-02-29T09:03:10.048+0000] {logging_mixin.py:137} INFO - [2024-02-29T09:03:10.048+0000] {dag.py:3441} INFO - Setting next_dagrun for example_local_kubernetes_executor to None, run_after=None
[2024-02-29T09:03:10.058+0000] {processor.py:175} INFO - Processing /home/airflow/.local/lib/python3.7/site-packages/airflow/example_dags/example_local_kubernetes_executor.py took 0.049 seconds
