[2024-02-29T08:46:25.254+0000] {processor.py:153} INFO - Started process (PID=65) to work on /home/airflow/.local/lib/python3.7/site-packages/airflow/example_dags/example_short_circuit_operator.py
[2024-02-29T08:46:25.255+0000] {processor.py:743} INFO - Processing file /home/airflow/.local/lib/python3.7/site-packages/airflow/example_dags/example_short_circuit_operator.py for tasks to queue
[2024-02-29T08:46:25.255+0000] {logging_mixin.py:137} INFO - [2024-02-29T08:46:25.255+0000] {dagbag.py:538} INFO - Filling up the DagBag from /home/airflow/.local/lib/python3.7/site-packages/airflow/example_dags/example_short_circuit_operator.py
[2024-02-29T08:46:25.264+0000] {processor.py:753} INFO - DAG(s) dict_keys(['example_short_circuit_operator']) retrieved from /home/airflow/.local/lib/python3.7/site-packages/airflow/example_dags/example_short_circuit_operator.py
[2024-02-29T08:46:25.276+0000] {logging_mixin.py:137} INFO - [2024-02-29T08:46:25.276+0000] {dag.py:2690} INFO - Sync 1 DAGs
[2024-02-29T08:46:25.292+0000] {logging_mixin.py:137} INFO - [2024-02-29T08:46:25.292+0000] {dag.py:3441} INFO - Setting next_dagrun for example_short_circuit_operator to 2024-02-28T08:46:25.292135+00:00, run_after=2024-02-29T08:46:25.292135+00:00
[2024-02-29T08:46:25.304+0000] {processor.py:175} INFO - Processing /home/airflow/.local/lib/python3.7/site-packages/airflow/example_dags/example_short_circuit_operator.py took 0.051 seconds
[2024-02-29T08:46:55.971+0000] {processor.py:153} INFO - Started process (PID=158) to work on /home/airflow/.local/lib/python3.7/site-packages/airflow/example_dags/example_short_circuit_operator.py
[2024-02-29T08:46:55.972+0000] {processor.py:743} INFO - Processing file /home/airflow/.local/lib/python3.7/site-packages/airflow/example_dags/example_short_circuit_operator.py for tasks to queue
[2024-02-29T08:46:55.972+0000] {logging_mixin.py:137} INFO - [2024-02-29T08:46:55.972+0000] {dagbag.py:538} INFO - Filling up the DagBag from /home/airflow/.local/lib/python3.7/site-packages/airflow/example_dags/example_short_circuit_operator.py
[2024-02-29T08:46:55.979+0000] {processor.py:753} INFO - DAG(s) dict_keys(['example_short_circuit_operator']) retrieved from /home/airflow/.local/lib/python3.7/site-packages/airflow/example_dags/example_short_circuit_operator.py
[2024-02-29T08:46:55.991+0000] {logging_mixin.py:137} INFO - [2024-02-29T08:46:55.991+0000] {dag.py:2690} INFO - Sync 1 DAGs
[2024-02-29T08:46:56.001+0000] {logging_mixin.py:137} INFO - [2024-02-29T08:46:56.001+0000] {dag.py:3441} INFO - Setting next_dagrun for example_short_circuit_operator to 2024-02-28T08:46:56.001731+00:00, run_after=2024-02-29T08:46:56.001731+00:00
[2024-02-29T08:46:56.009+0000] {processor.py:175} INFO - Processing /home/airflow/.local/lib/python3.7/site-packages/airflow/example_dags/example_short_circuit_operator.py took 0.040 seconds
[2024-02-29T08:47:26.264+0000] {processor.py:153} INFO - Started process (PID=252) to work on /home/airflow/.local/lib/python3.7/site-packages/airflow/example_dags/example_short_circuit_operator.py
[2024-02-29T08:47:26.264+0000] {processor.py:743} INFO - Processing file /home/airflow/.local/lib/python3.7/site-packages/airflow/example_dags/example_short_circuit_operator.py for tasks to queue
[2024-02-29T08:47:26.265+0000] {logging_mixin.py:137} INFO - [2024-02-29T08:47:26.265+0000] {dagbag.py:538} INFO - Filling up the DagBag from /home/airflow/.local/lib/python3.7/site-packages/airflow/example_dags/example_short_circuit_operator.py
[2024-02-29T08:47:26.272+0000] {processor.py:753} INFO - DAG(s) dict_keys(['example_short_circuit_operator']) retrieved from /home/airflow/.local/lib/python3.7/site-packages/airflow/example_dags/example_short_circuit_operator.py
[2024-02-29T08:47:26.283+0000] {logging_mixin.py:137} INFO - [2024-02-29T08:47:26.283+0000] {dag.py:2690} INFO - Sync 1 DAGs
[2024-02-29T08:47:26.294+0000] {logging_mixin.py:137} INFO - [2024-02-29T08:47:26.294+0000] {dag.py:3441} INFO - Setting next_dagrun for example_short_circuit_operator to 2024-02-28T08:47:26.294459+00:00, run_after=2024-02-29T08:47:26.294459+00:00
[2024-02-29T08:47:26.302+0000] {processor.py:175} INFO - Processing /home/airflow/.local/lib/python3.7/site-packages/airflow/example_dags/example_short_circuit_operator.py took 0.039 seconds
[2024-02-29T08:47:56.575+0000] {processor.py:153} INFO - Started process (PID=328) to work on /home/airflow/.local/lib/python3.7/site-packages/airflow/example_dags/example_short_circuit_operator.py
[2024-02-29T08:47:56.576+0000] {processor.py:743} INFO - Processing file /home/airflow/.local/lib/python3.7/site-packages/airflow/example_dags/example_short_circuit_operator.py for tasks to queue
[2024-02-29T08:47:56.576+0000] {logging_mixin.py:137} INFO - [2024-02-29T08:47:56.576+0000] {dagbag.py:538} INFO - Filling up the DagBag from /home/airflow/.local/lib/python3.7/site-packages/airflow/example_dags/example_short_circuit_operator.py
[2024-02-29T08:47:56.584+0000] {processor.py:753} INFO - DAG(s) dict_keys(['example_short_circuit_operator']) retrieved from /home/airflow/.local/lib/python3.7/site-packages/airflow/example_dags/example_short_circuit_operator.py
[2024-02-29T08:47:56.597+0000] {logging_mixin.py:137} INFO - [2024-02-29T08:47:56.597+0000] {dag.py:2690} INFO - Sync 1 DAGs
[2024-02-29T08:47:56.608+0000] {logging_mixin.py:137} INFO - [2024-02-29T08:47:56.608+0000] {dag.py:3441} INFO - Setting next_dagrun for example_short_circuit_operator to 2024-02-28T08:47:56.608739+00:00, run_after=2024-02-29T08:47:56.608739+00:00
[2024-02-29T08:47:56.626+0000] {processor.py:175} INFO - Processing /home/airflow/.local/lib/python3.7/site-packages/airflow/example_dags/example_short_circuit_operator.py took 0.052 seconds
[2024-02-29T08:48:27.122+0000] {processor.py:153} INFO - Started process (PID=421) to work on /home/airflow/.local/lib/python3.7/site-packages/airflow/example_dags/example_short_circuit_operator.py
[2024-02-29T08:48:27.122+0000] {processor.py:743} INFO - Processing file /home/airflow/.local/lib/python3.7/site-packages/airflow/example_dags/example_short_circuit_operator.py for tasks to queue
[2024-02-29T08:48:27.123+0000] {logging_mixin.py:137} INFO - [2024-02-29T08:48:27.123+0000] {dagbag.py:538} INFO - Filling up the DagBag from /home/airflow/.local/lib/python3.7/site-packages/airflow/example_dags/example_short_circuit_operator.py
[2024-02-29T08:48:27.130+0000] {processor.py:753} INFO - DAG(s) dict_keys(['example_short_circuit_operator']) retrieved from /home/airflow/.local/lib/python3.7/site-packages/airflow/example_dags/example_short_circuit_operator.py
[2024-02-29T08:48:27.141+0000] {logging_mixin.py:137} INFO - [2024-02-29T08:48:27.141+0000] {dag.py:2690} INFO - Sync 1 DAGs
[2024-02-29T08:48:27.152+0000] {logging_mixin.py:137} INFO - [2024-02-29T08:48:27.152+0000] {dag.py:3441} INFO - Setting next_dagrun for example_short_circuit_operator to 2024-02-28T08:48:27.152293+00:00, run_after=2024-02-29T08:48:27.152293+00:00
[2024-02-29T08:48:27.160+0000] {processor.py:175} INFO - Processing /home/airflow/.local/lib/python3.7/site-packages/airflow/example_dags/example_short_circuit_operator.py took 0.039 seconds
[2024-02-29T08:48:57.461+0000] {processor.py:153} INFO - Started process (PID=515) to work on /home/airflow/.local/lib/python3.7/site-packages/airflow/example_dags/example_short_circuit_operator.py
[2024-02-29T08:48:57.461+0000] {processor.py:743} INFO - Processing file /home/airflow/.local/lib/python3.7/site-packages/airflow/example_dags/example_short_circuit_operator.py for tasks to queue
[2024-02-29T08:48:57.462+0000] {logging_mixin.py:137} INFO - [2024-02-29T08:48:57.462+0000] {dagbag.py:538} INFO - Filling up the DagBag from /home/airflow/.local/lib/python3.7/site-packages/airflow/example_dags/example_short_circuit_operator.py
[2024-02-29T08:48:57.469+0000] {processor.py:753} INFO - DAG(s) dict_keys(['example_short_circuit_operator']) retrieved from /home/airflow/.local/lib/python3.7/site-packages/airflow/example_dags/example_short_circuit_operator.py
[2024-02-29T08:48:57.481+0000] {logging_mixin.py:137} INFO - [2024-02-29T08:48:57.481+0000] {dag.py:2690} INFO - Sync 1 DAGs
[2024-02-29T08:48:57.492+0000] {logging_mixin.py:137} INFO - [2024-02-29T08:48:57.492+0000] {dag.py:3441} INFO - Setting next_dagrun for example_short_circuit_operator to 2024-02-28T08:48:57.491916+00:00, run_after=2024-02-29T08:48:57.491916+00:00
[2024-02-29T08:48:57.499+0000] {processor.py:175} INFO - Processing /home/airflow/.local/lib/python3.7/site-packages/airflow/example_dags/example_short_circuit_operator.py took 0.040 seconds
[2024-02-29T08:49:27.892+0000] {processor.py:153} INFO - Started process (PID=609) to work on /home/airflow/.local/lib/python3.7/site-packages/airflow/example_dags/example_short_circuit_operator.py
[2024-02-29T08:49:27.893+0000] {processor.py:743} INFO - Processing file /home/airflow/.local/lib/python3.7/site-packages/airflow/example_dags/example_short_circuit_operator.py for tasks to queue
[2024-02-29T08:49:27.893+0000] {logging_mixin.py:137} INFO - [2024-02-29T08:49:27.893+0000] {dagbag.py:538} INFO - Filling up the DagBag from /home/airflow/.local/lib/python3.7/site-packages/airflow/example_dags/example_short_circuit_operator.py
[2024-02-29T08:49:27.900+0000] {processor.py:753} INFO - DAG(s) dict_keys(['example_short_circuit_operator']) retrieved from /home/airflow/.local/lib/python3.7/site-packages/airflow/example_dags/example_short_circuit_operator.py
[2024-02-29T08:49:27.912+0000] {logging_mixin.py:137} INFO - [2024-02-29T08:49:27.912+0000] {dag.py:2690} INFO - Sync 1 DAGs
[2024-02-29T08:49:27.922+0000] {logging_mixin.py:137} INFO - [2024-02-29T08:49:27.922+0000] {dag.py:3441} INFO - Setting next_dagrun for example_short_circuit_operator to 2024-02-28T08:49:27.922309+00:00, run_after=2024-02-29T08:49:27.922309+00:00
[2024-02-29T08:49:27.930+0000] {processor.py:175} INFO - Processing /home/airflow/.local/lib/python3.7/site-packages/airflow/example_dags/example_short_circuit_operator.py took 0.039 seconds
[2024-02-29T08:49:58.223+0000] {processor.py:153} INFO - Started process (PID=684) to work on /home/airflow/.local/lib/python3.7/site-packages/airflow/example_dags/example_short_circuit_operator.py
[2024-02-29T08:49:58.223+0000] {processor.py:743} INFO - Processing file /home/airflow/.local/lib/python3.7/site-packages/airflow/example_dags/example_short_circuit_operator.py for tasks to queue
[2024-02-29T08:49:58.224+0000] {logging_mixin.py:137} INFO - [2024-02-29T08:49:58.224+0000] {dagbag.py:538} INFO - Filling up the DagBag from /home/airflow/.local/lib/python3.7/site-packages/airflow/example_dags/example_short_circuit_operator.py
[2024-02-29T08:49:58.231+0000] {processor.py:753} INFO - DAG(s) dict_keys(['example_short_circuit_operator']) retrieved from /home/airflow/.local/lib/python3.7/site-packages/airflow/example_dags/example_short_circuit_operator.py
[2024-02-29T08:49:58.242+0000] {logging_mixin.py:137} INFO - [2024-02-29T08:49:58.242+0000] {dag.py:2690} INFO - Sync 1 DAGs
[2024-02-29T08:49:58.252+0000] {logging_mixin.py:137} INFO - [2024-02-29T08:49:58.252+0000] {dag.py:3441} INFO - Setting next_dagrun for example_short_circuit_operator to 2024-02-28T08:49:58.252618+00:00, run_after=2024-02-29T08:49:58.252618+00:00
[2024-02-29T08:49:58.260+0000] {processor.py:175} INFO - Processing /home/airflow/.local/lib/python3.7/site-packages/airflow/example_dags/example_short_circuit_operator.py took 0.038 seconds
[2024-02-29T08:50:28.671+0000] {processor.py:153} INFO - Started process (PID=778) to work on /home/airflow/.local/lib/python3.7/site-packages/airflow/example_dags/example_short_circuit_operator.py
[2024-02-29T08:50:28.671+0000] {processor.py:743} INFO - Processing file /home/airflow/.local/lib/python3.7/site-packages/airflow/example_dags/example_short_circuit_operator.py for tasks to queue
[2024-02-29T08:50:28.672+0000] {logging_mixin.py:137} INFO - [2024-02-29T08:50:28.672+0000] {dagbag.py:538} INFO - Filling up the DagBag from /home/airflow/.local/lib/python3.7/site-packages/airflow/example_dags/example_short_circuit_operator.py
[2024-02-29T08:50:28.680+0000] {processor.py:753} INFO - DAG(s) dict_keys(['example_short_circuit_operator']) retrieved from /home/airflow/.local/lib/python3.7/site-packages/airflow/example_dags/example_short_circuit_operator.py
[2024-02-29T08:50:28.691+0000] {logging_mixin.py:137} INFO - [2024-02-29T08:50:28.691+0000] {dag.py:2690} INFO - Sync 1 DAGs
[2024-02-29T08:50:28.703+0000] {logging_mixin.py:137} INFO - [2024-02-29T08:50:28.703+0000] {dag.py:3441} INFO - Setting next_dagrun for example_short_circuit_operator to 2024-02-28T08:50:28.703467+00:00, run_after=2024-02-29T08:50:28.703467+00:00
[2024-02-29T08:50:28.712+0000] {processor.py:175} INFO - Processing /home/airflow/.local/lib/python3.7/site-packages/airflow/example_dags/example_short_circuit_operator.py took 0.042 seconds
[2024-02-29T08:50:59.167+0000] {processor.py:153} INFO - Started process (PID=872) to work on /home/airflow/.local/lib/python3.7/site-packages/airflow/example_dags/example_short_circuit_operator.py
[2024-02-29T08:50:59.167+0000] {processor.py:743} INFO - Processing file /home/airflow/.local/lib/python3.7/site-packages/airflow/example_dags/example_short_circuit_operator.py for tasks to queue
[2024-02-29T08:50:59.168+0000] {logging_mixin.py:137} INFO - [2024-02-29T08:50:59.168+0000] {dagbag.py:538} INFO - Filling up the DagBag from /home/airflow/.local/lib/python3.7/site-packages/airflow/example_dags/example_short_circuit_operator.py
[2024-02-29T08:50:59.175+0000] {processor.py:753} INFO - DAG(s) dict_keys(['example_short_circuit_operator']) retrieved from /home/airflow/.local/lib/python3.7/site-packages/airflow/example_dags/example_short_circuit_operator.py
[2024-02-29T08:50:59.187+0000] {logging_mixin.py:137} INFO - [2024-02-29T08:50:59.187+0000] {dag.py:2690} INFO - Sync 1 DAGs
[2024-02-29T08:50:59.198+0000] {logging_mixin.py:137} INFO - [2024-02-29T08:50:59.198+0000] {dag.py:3441} INFO - Setting next_dagrun for example_short_circuit_operator to 2024-02-28T08:50:59.198078+00:00, run_after=2024-02-29T08:50:59.198078+00:00
[2024-02-29T08:50:59.205+0000] {processor.py:175} INFO - Processing /home/airflow/.local/lib/python3.7/site-packages/airflow/example_dags/example_short_circuit_operator.py took 0.040 seconds
[2024-02-29T08:51:29.537+0000] {processor.py:153} INFO - Started process (PID=965) to work on /home/airflow/.local/lib/python3.7/site-packages/airflow/example_dags/example_short_circuit_operator.py
[2024-02-29T08:51:29.537+0000] {processor.py:743} INFO - Processing file /home/airflow/.local/lib/python3.7/site-packages/airflow/example_dags/example_short_circuit_operator.py for tasks to queue
[2024-02-29T08:51:29.538+0000] {logging_mixin.py:137} INFO - [2024-02-29T08:51:29.538+0000] {dagbag.py:538} INFO - Filling up the DagBag from /home/airflow/.local/lib/python3.7/site-packages/airflow/example_dags/example_short_circuit_operator.py
[2024-02-29T08:51:29.545+0000] {processor.py:753} INFO - DAG(s) dict_keys(['example_short_circuit_operator']) retrieved from /home/airflow/.local/lib/python3.7/site-packages/airflow/example_dags/example_short_circuit_operator.py
[2024-02-29T08:51:29.556+0000] {logging_mixin.py:137} INFO - [2024-02-29T08:51:29.556+0000] {dag.py:2690} INFO - Sync 1 DAGs
[2024-02-29T08:51:29.567+0000] {logging_mixin.py:137} INFO - [2024-02-29T08:51:29.567+0000] {dag.py:3441} INFO - Setting next_dagrun for example_short_circuit_operator to 2024-02-28T08:51:29.567731+00:00, run_after=2024-02-29T08:51:29.567731+00:00
[2024-02-29T08:51:29.576+0000] {processor.py:175} INFO - Processing /home/airflow/.local/lib/python3.7/site-packages/airflow/example_dags/example_short_circuit_operator.py took 0.040 seconds
[2024-02-29T08:51:59.897+0000] {processor.py:153} INFO - Started process (PID=1041) to work on /home/airflow/.local/lib/python3.7/site-packages/airflow/example_dags/example_short_circuit_operator.py
[2024-02-29T08:51:59.898+0000] {processor.py:743} INFO - Processing file /home/airflow/.local/lib/python3.7/site-packages/airflow/example_dags/example_short_circuit_operator.py for tasks to queue
[2024-02-29T08:51:59.898+0000] {logging_mixin.py:137} INFO - [2024-02-29T08:51:59.898+0000] {dagbag.py:538} INFO - Filling up the DagBag from /home/airflow/.local/lib/python3.7/site-packages/airflow/example_dags/example_short_circuit_operator.py
[2024-02-29T08:51:59.905+0000] {processor.py:753} INFO - DAG(s) dict_keys(['example_short_circuit_operator']) retrieved from /home/airflow/.local/lib/python3.7/site-packages/airflow/example_dags/example_short_circuit_operator.py
[2024-02-29T08:51:59.916+0000] {logging_mixin.py:137} INFO - [2024-02-29T08:51:59.916+0000] {dag.py:2690} INFO - Sync 1 DAGs
[2024-02-29T08:51:59.927+0000] {logging_mixin.py:137} INFO - [2024-02-29T08:51:59.927+0000] {dag.py:3441} INFO - Setting next_dagrun for example_short_circuit_operator to 2024-02-28T08:51:59.926965+00:00, run_after=2024-02-29T08:51:59.926965+00:00
[2024-02-29T08:51:59.934+0000] {processor.py:175} INFO - Processing /home/airflow/.local/lib/python3.7/site-packages/airflow/example_dags/example_short_circuit_operator.py took 0.038 seconds
[2024-02-29T08:52:30.234+0000] {processor.py:153} INFO - Started process (PID=1134) to work on /home/airflow/.local/lib/python3.7/site-packages/airflow/example_dags/example_short_circuit_operator.py
[2024-02-29T08:52:30.235+0000] {processor.py:743} INFO - Processing file /home/airflow/.local/lib/python3.7/site-packages/airflow/example_dags/example_short_circuit_operator.py for tasks to queue
[2024-02-29T08:52:30.235+0000] {logging_mixin.py:137} INFO - [2024-02-29T08:52:30.235+0000] {dagbag.py:538} INFO - Filling up the DagBag from /home/airflow/.local/lib/python3.7/site-packages/airflow/example_dags/example_short_circuit_operator.py
[2024-02-29T08:52:30.242+0000] {processor.py:753} INFO - DAG(s) dict_keys(['example_short_circuit_operator']) retrieved from /home/airflow/.local/lib/python3.7/site-packages/airflow/example_dags/example_short_circuit_operator.py
[2024-02-29T08:52:30.254+0000] {logging_mixin.py:137} INFO - [2024-02-29T08:52:30.254+0000] {dag.py:2690} INFO - Sync 1 DAGs
[2024-02-29T08:52:30.265+0000] {logging_mixin.py:137} INFO - [2024-02-29T08:52:30.265+0000] {dag.py:3441} INFO - Setting next_dagrun for example_short_circuit_operator to 2024-02-28T08:52:30.265434+00:00, run_after=2024-02-29T08:52:30.265434+00:00
[2024-02-29T08:52:30.273+0000] {processor.py:175} INFO - Processing /home/airflow/.local/lib/python3.7/site-packages/airflow/example_dags/example_short_circuit_operator.py took 0.040 seconds
[2024-02-29T08:53:00.571+0000] {processor.py:153} INFO - Started process (PID=1227) to work on /home/airflow/.local/lib/python3.7/site-packages/airflow/example_dags/example_short_circuit_operator.py
[2024-02-29T08:53:00.571+0000] {processor.py:743} INFO - Processing file /home/airflow/.local/lib/python3.7/site-packages/airflow/example_dags/example_short_circuit_operator.py for tasks to queue
[2024-02-29T08:53:00.572+0000] {logging_mixin.py:137} INFO - [2024-02-29T08:53:00.571+0000] {dagbag.py:538} INFO - Filling up the DagBag from /home/airflow/.local/lib/python3.7/site-packages/airflow/example_dags/example_short_circuit_operator.py
[2024-02-29T08:53:00.579+0000] {processor.py:753} INFO - DAG(s) dict_keys(['example_short_circuit_operator']) retrieved from /home/airflow/.local/lib/python3.7/site-packages/airflow/example_dags/example_short_circuit_operator.py
[2024-02-29T08:53:00.590+0000] {logging_mixin.py:137} INFO - [2024-02-29T08:53:00.590+0000] {dag.py:2690} INFO - Sync 1 DAGs
[2024-02-29T08:53:00.600+0000] {logging_mixin.py:137} INFO - [2024-02-29T08:53:00.600+0000] {dag.py:3441} INFO - Setting next_dagrun for example_short_circuit_operator to 2024-02-28T08:53:00.600740+00:00, run_after=2024-02-29T08:53:00.600740+00:00
[2024-02-29T08:53:00.608+0000] {processor.py:175} INFO - Processing /home/airflow/.local/lib/python3.7/site-packages/airflow/example_dags/example_short_circuit_operator.py took 0.039 seconds
[2024-02-29T08:53:30.954+0000] {processor.py:153} INFO - Started process (PID=1321) to work on /home/airflow/.local/lib/python3.7/site-packages/airflow/example_dags/example_short_circuit_operator.py
[2024-02-29T08:53:30.955+0000] {processor.py:743} INFO - Processing file /home/airflow/.local/lib/python3.7/site-packages/airflow/example_dags/example_short_circuit_operator.py for tasks to queue
[2024-02-29T08:53:30.955+0000] {logging_mixin.py:137} INFO - [2024-02-29T08:53:30.955+0000] {dagbag.py:538} INFO - Filling up the DagBag from /home/airflow/.local/lib/python3.7/site-packages/airflow/example_dags/example_short_circuit_operator.py
[2024-02-29T08:53:30.962+0000] {processor.py:753} INFO - DAG(s) dict_keys(['example_short_circuit_operator']) retrieved from /home/airflow/.local/lib/python3.7/site-packages/airflow/example_dags/example_short_circuit_operator.py
[2024-02-29T08:53:30.973+0000] {logging_mixin.py:137} INFO - [2024-02-29T08:53:30.973+0000] {dag.py:2690} INFO - Sync 1 DAGs
[2024-02-29T08:53:30.984+0000] {logging_mixin.py:137} INFO - [2024-02-29T08:53:30.984+0000] {dag.py:3441} INFO - Setting next_dagrun for example_short_circuit_operator to 2024-02-28T08:53:30.983953+00:00, run_after=2024-02-29T08:53:30.983953+00:00
[2024-02-29T08:53:30.991+0000] {processor.py:175} INFO - Processing /home/airflow/.local/lib/python3.7/site-packages/airflow/example_dags/example_short_circuit_operator.py took 0.038 seconds
[2024-02-29T08:54:01.377+0000] {processor.py:153} INFO - Started process (PID=1397) to work on /home/airflow/.local/lib/python3.7/site-packages/airflow/example_dags/example_short_circuit_operator.py
[2024-02-29T08:54:01.377+0000] {processor.py:743} INFO - Processing file /home/airflow/.local/lib/python3.7/site-packages/airflow/example_dags/example_short_circuit_operator.py for tasks to queue
[2024-02-29T08:54:01.377+0000] {logging_mixin.py:137} INFO - [2024-02-29T08:54:01.377+0000] {dagbag.py:538} INFO - Filling up the DagBag from /home/airflow/.local/lib/python3.7/site-packages/airflow/example_dags/example_short_circuit_operator.py
[2024-02-29T08:54:01.385+0000] {processor.py:753} INFO - DAG(s) dict_keys(['example_short_circuit_operator']) retrieved from /home/airflow/.local/lib/python3.7/site-packages/airflow/example_dags/example_short_circuit_operator.py
[2024-02-29T08:54:01.396+0000] {logging_mixin.py:137} INFO - [2024-02-29T08:54:01.396+0000] {dag.py:2690} INFO - Sync 1 DAGs
[2024-02-29T08:54:01.407+0000] {logging_mixin.py:137} INFO - [2024-02-29T08:54:01.407+0000] {dag.py:3441} INFO - Setting next_dagrun for example_short_circuit_operator to 2024-02-28T08:54:01.406936+00:00, run_after=2024-02-29T08:54:01.406936+00:00
[2024-02-29T08:54:01.414+0000] {processor.py:175} INFO - Processing /home/airflow/.local/lib/python3.7/site-packages/airflow/example_dags/example_short_circuit_operator.py took 0.039 seconds
[2024-02-29T08:54:31.781+0000] {processor.py:153} INFO - Started process (PID=1491) to work on /home/airflow/.local/lib/python3.7/site-packages/airflow/example_dags/example_short_circuit_operator.py
[2024-02-29T08:54:31.782+0000] {processor.py:743} INFO - Processing file /home/airflow/.local/lib/python3.7/site-packages/airflow/example_dags/example_short_circuit_operator.py for tasks to queue
[2024-02-29T08:54:31.782+0000] {logging_mixin.py:137} INFO - [2024-02-29T08:54:31.782+0000] {dagbag.py:538} INFO - Filling up the DagBag from /home/airflow/.local/lib/python3.7/site-packages/airflow/example_dags/example_short_circuit_operator.py
[2024-02-29T08:54:31.789+0000] {processor.py:753} INFO - DAG(s) dict_keys(['example_short_circuit_operator']) retrieved from /home/airflow/.local/lib/python3.7/site-packages/airflow/example_dags/example_short_circuit_operator.py
[2024-02-29T08:54:31.800+0000] {logging_mixin.py:137} INFO - [2024-02-29T08:54:31.800+0000] {dag.py:2690} INFO - Sync 1 DAGs
[2024-02-29T08:54:31.810+0000] {logging_mixin.py:137} INFO - [2024-02-29T08:54:31.810+0000] {dag.py:3441} INFO - Setting next_dagrun for example_short_circuit_operator to 2024-02-28T08:54:31.810516+00:00, run_after=2024-02-29T08:54:31.810516+00:00
[2024-02-29T08:54:31.817+0000] {processor.py:175} INFO - Processing /home/airflow/.local/lib/python3.7/site-packages/airflow/example_dags/example_short_circuit_operator.py took 0.038 seconds
[2024-02-29T08:55:02.286+0000] {processor.py:153} INFO - Started process (PID=1585) to work on /home/airflow/.local/lib/python3.7/site-packages/airflow/example_dags/example_short_circuit_operator.py
[2024-02-29T08:55:02.287+0000] {processor.py:743} INFO - Processing file /home/airflow/.local/lib/python3.7/site-packages/airflow/example_dags/example_short_circuit_operator.py for tasks to queue
[2024-02-29T08:55:02.287+0000] {logging_mixin.py:137} INFO - [2024-02-29T08:55:02.287+0000] {dagbag.py:538} INFO - Filling up the DagBag from /home/airflow/.local/lib/python3.7/site-packages/airflow/example_dags/example_short_circuit_operator.py
[2024-02-29T08:55:02.294+0000] {processor.py:753} INFO - DAG(s) dict_keys(['example_short_circuit_operator']) retrieved from /home/airflow/.local/lib/python3.7/site-packages/airflow/example_dags/example_short_circuit_operator.py
[2024-02-29T08:55:02.306+0000] {logging_mixin.py:137} INFO - [2024-02-29T08:55:02.306+0000] {dag.py:2690} INFO - Sync 1 DAGs
[2024-02-29T08:55:02.316+0000] {logging_mixin.py:137} INFO - [2024-02-29T08:55:02.316+0000] {dag.py:3441} INFO - Setting next_dagrun for example_short_circuit_operator to 2024-02-28T08:55:02.315994+00:00, run_after=2024-02-29T08:55:02.315994+00:00
[2024-02-29T08:55:02.324+0000] {processor.py:175} INFO - Processing /home/airflow/.local/lib/python3.7/site-packages/airflow/example_dags/example_short_circuit_operator.py took 0.039 seconds
[2024-02-29T08:55:32.672+0000] {processor.py:153} INFO - Started process (PID=1678) to work on /home/airflow/.local/lib/python3.7/site-packages/airflow/example_dags/example_short_circuit_operator.py
[2024-02-29T08:55:32.672+0000] {processor.py:743} INFO - Processing file /home/airflow/.local/lib/python3.7/site-packages/airflow/example_dags/example_short_circuit_operator.py for tasks to queue
[2024-02-29T08:55:32.672+0000] {logging_mixin.py:137} INFO - [2024-02-29T08:55:32.672+0000] {dagbag.py:538} INFO - Filling up the DagBag from /home/airflow/.local/lib/python3.7/site-packages/airflow/example_dags/example_short_circuit_operator.py
[2024-02-29T08:55:32.679+0000] {processor.py:753} INFO - DAG(s) dict_keys(['example_short_circuit_operator']) retrieved from /home/airflow/.local/lib/python3.7/site-packages/airflow/example_dags/example_short_circuit_operator.py
[2024-02-29T08:55:32.690+0000] {logging_mixin.py:137} INFO - [2024-02-29T08:55:32.690+0000] {dag.py:2690} INFO - Sync 1 DAGs
[2024-02-29T08:55:32.701+0000] {logging_mixin.py:137} INFO - [2024-02-29T08:55:32.701+0000] {dag.py:3441} INFO - Setting next_dagrun for example_short_circuit_operator to 2024-02-28T08:55:32.701384+00:00, run_after=2024-02-29T08:55:32.701384+00:00
[2024-02-29T08:55:32.709+0000] {processor.py:175} INFO - Processing /home/airflow/.local/lib/python3.7/site-packages/airflow/example_dags/example_short_circuit_operator.py took 0.039 seconds
[2024-02-29T08:56:02.979+0000] {processor.py:153} INFO - Started process (PID=1754) to work on /home/airflow/.local/lib/python3.7/site-packages/airflow/example_dags/example_short_circuit_operator.py
[2024-02-29T08:56:02.980+0000] {processor.py:743} INFO - Processing file /home/airflow/.local/lib/python3.7/site-packages/airflow/example_dags/example_short_circuit_operator.py for tasks to queue
[2024-02-29T08:56:02.980+0000] {logging_mixin.py:137} INFO - [2024-02-29T08:56:02.980+0000] {dagbag.py:538} INFO - Filling up the DagBag from /home/airflow/.local/lib/python3.7/site-packages/airflow/example_dags/example_short_circuit_operator.py
[2024-02-29T08:56:02.987+0000] {processor.py:753} INFO - DAG(s) dict_keys(['example_short_circuit_operator']) retrieved from /home/airflow/.local/lib/python3.7/site-packages/airflow/example_dags/example_short_circuit_operator.py
[2024-02-29T08:56:02.999+0000] {logging_mixin.py:137} INFO - [2024-02-29T08:56:02.999+0000] {dag.py:2690} INFO - Sync 1 DAGs
[2024-02-29T08:56:03.009+0000] {logging_mixin.py:137} INFO - [2024-02-29T08:56:03.009+0000] {dag.py:3441} INFO - Setting next_dagrun for example_short_circuit_operator to 2024-02-28T08:56:03.009064+00:00, run_after=2024-02-29T08:56:03.009064+00:00
[2024-02-29T08:56:03.016+0000] {processor.py:175} INFO - Processing /home/airflow/.local/lib/python3.7/site-packages/airflow/example_dags/example_short_circuit_operator.py took 0.039 seconds
[2024-02-29T08:56:33.426+0000] {processor.py:153} INFO - Started process (PID=1848) to work on /home/airflow/.local/lib/python3.7/site-packages/airflow/example_dags/example_short_circuit_operator.py
[2024-02-29T08:56:33.426+0000] {processor.py:743} INFO - Processing file /home/airflow/.local/lib/python3.7/site-packages/airflow/example_dags/example_short_circuit_operator.py for tasks to queue
[2024-02-29T08:56:33.427+0000] {logging_mixin.py:137} INFO - [2024-02-29T08:56:33.427+0000] {dagbag.py:538} INFO - Filling up the DagBag from /home/airflow/.local/lib/python3.7/site-packages/airflow/example_dags/example_short_circuit_operator.py
[2024-02-29T08:56:33.434+0000] {processor.py:753} INFO - DAG(s) dict_keys(['example_short_circuit_operator']) retrieved from /home/airflow/.local/lib/python3.7/site-packages/airflow/example_dags/example_short_circuit_operator.py
[2024-02-29T08:56:33.446+0000] {logging_mixin.py:137} INFO - [2024-02-29T08:56:33.446+0000] {dag.py:2690} INFO - Sync 1 DAGs
[2024-02-29T08:56:33.456+0000] {logging_mixin.py:137} INFO - [2024-02-29T08:56:33.456+0000] {dag.py:3441} INFO - Setting next_dagrun for example_short_circuit_operator to 2024-02-28T08:56:33.455990+00:00, run_after=2024-02-29T08:56:33.455990+00:00
[2024-02-29T08:56:33.463+0000] {processor.py:175} INFO - Processing /home/airflow/.local/lib/python3.7/site-packages/airflow/example_dags/example_short_circuit_operator.py took 0.038 seconds
[2024-02-29T08:57:03.857+0000] {processor.py:153} INFO - Started process (PID=1942) to work on /home/airflow/.local/lib/python3.7/site-packages/airflow/example_dags/example_short_circuit_operator.py
[2024-02-29T08:57:03.858+0000] {processor.py:743} INFO - Processing file /home/airflow/.local/lib/python3.7/site-packages/airflow/example_dags/example_short_circuit_operator.py for tasks to queue
[2024-02-29T08:57:03.858+0000] {logging_mixin.py:137} INFO - [2024-02-29T08:57:03.858+0000] {dagbag.py:538} INFO - Filling up the DagBag from /home/airflow/.local/lib/python3.7/site-packages/airflow/example_dags/example_short_circuit_operator.py
[2024-02-29T08:57:03.865+0000] {processor.py:753} INFO - DAG(s) dict_keys(['example_short_circuit_operator']) retrieved from /home/airflow/.local/lib/python3.7/site-packages/airflow/example_dags/example_short_circuit_operator.py
[2024-02-29T08:57:03.876+0000] {logging_mixin.py:137} INFO - [2024-02-29T08:57:03.876+0000] {dag.py:2690} INFO - Sync 1 DAGs
[2024-02-29T08:57:03.887+0000] {logging_mixin.py:137} INFO - [2024-02-29T08:57:03.887+0000] {dag.py:3441} INFO - Setting next_dagrun for example_short_circuit_operator to 2024-02-28T08:57:03.887646+00:00, run_after=2024-02-29T08:57:03.887646+00:00
[2024-02-29T08:57:03.895+0000] {processor.py:175} INFO - Processing /home/airflow/.local/lib/python3.7/site-packages/airflow/example_dags/example_short_circuit_operator.py took 0.039 seconds
[2024-02-29T08:57:34.282+0000] {processor.py:153} INFO - Started process (PID=2036) to work on /home/airflow/.local/lib/python3.7/site-packages/airflow/example_dags/example_short_circuit_operator.py
[2024-02-29T08:57:34.282+0000] {processor.py:743} INFO - Processing file /home/airflow/.local/lib/python3.7/site-packages/airflow/example_dags/example_short_circuit_operator.py for tasks to queue
[2024-02-29T08:57:34.283+0000] {logging_mixin.py:137} INFO - [2024-02-29T08:57:34.282+0000] {dagbag.py:538} INFO - Filling up the DagBag from /home/airflow/.local/lib/python3.7/site-packages/airflow/example_dags/example_short_circuit_operator.py
[2024-02-29T08:57:34.290+0000] {processor.py:753} INFO - DAG(s) dict_keys(['example_short_circuit_operator']) retrieved from /home/airflow/.local/lib/python3.7/site-packages/airflow/example_dags/example_short_circuit_operator.py
[2024-02-29T08:57:34.303+0000] {logging_mixin.py:137} INFO - [2024-02-29T08:57:34.303+0000] {dag.py:2690} INFO - Sync 1 DAGs
[2024-02-29T08:57:34.314+0000] {logging_mixin.py:137} INFO - [2024-02-29T08:57:34.314+0000] {dag.py:3441} INFO - Setting next_dagrun for example_short_circuit_operator to 2024-02-28T08:57:34.314178+00:00, run_after=2024-02-29T08:57:34.314178+00:00
[2024-02-29T08:57:34.323+0000] {processor.py:175} INFO - Processing /home/airflow/.local/lib/python3.7/site-packages/airflow/example_dags/example_short_circuit_operator.py took 0.043 seconds
[2024-02-29T08:58:04.879+0000] {processor.py:153} INFO - Started process (PID=2112) to work on /home/airflow/.local/lib/python3.7/site-packages/airflow/example_dags/example_short_circuit_operator.py
[2024-02-29T08:58:04.879+0000] {processor.py:743} INFO - Processing file /home/airflow/.local/lib/python3.7/site-packages/airflow/example_dags/example_short_circuit_operator.py for tasks to queue
[2024-02-29T08:58:04.880+0000] {logging_mixin.py:137} INFO - [2024-02-29T08:58:04.880+0000] {dagbag.py:538} INFO - Filling up the DagBag from /home/airflow/.local/lib/python3.7/site-packages/airflow/example_dags/example_short_circuit_operator.py
[2024-02-29T08:58:04.887+0000] {processor.py:753} INFO - DAG(s) dict_keys(['example_short_circuit_operator']) retrieved from /home/airflow/.local/lib/python3.7/site-packages/airflow/example_dags/example_short_circuit_operator.py
[2024-02-29T08:58:04.900+0000] {logging_mixin.py:137} INFO - [2024-02-29T08:58:04.900+0000] {dag.py:2690} INFO - Sync 1 DAGs
[2024-02-29T08:58:04.912+0000] {logging_mixin.py:137} INFO - [2024-02-29T08:58:04.911+0000] {dag.py:3441} INFO - Setting next_dagrun for example_short_circuit_operator to 2024-02-28T08:58:04.911852+00:00, run_after=2024-02-29T08:58:04.911852+00:00
[2024-02-29T08:58:04.920+0000] {processor.py:175} INFO - Processing /home/airflow/.local/lib/python3.7/site-packages/airflow/example_dags/example_short_circuit_operator.py took 0.043 seconds
[2024-02-29T08:58:35.406+0000] {processor.py:153} INFO - Started process (PID=2206) to work on /home/airflow/.local/lib/python3.7/site-packages/airflow/example_dags/example_short_circuit_operator.py
[2024-02-29T08:58:35.407+0000] {processor.py:743} INFO - Processing file /home/airflow/.local/lib/python3.7/site-packages/airflow/example_dags/example_short_circuit_operator.py for tasks to queue
[2024-02-29T08:58:35.407+0000] {logging_mixin.py:137} INFO - [2024-02-29T08:58:35.407+0000] {dagbag.py:538} INFO - Filling up the DagBag from /home/airflow/.local/lib/python3.7/site-packages/airflow/example_dags/example_short_circuit_operator.py
[2024-02-29T08:58:35.414+0000] {processor.py:753} INFO - DAG(s) dict_keys(['example_short_circuit_operator']) retrieved from /home/airflow/.local/lib/python3.7/site-packages/airflow/example_dags/example_short_circuit_operator.py
[2024-02-29T08:58:35.426+0000] {logging_mixin.py:137} INFO - [2024-02-29T08:58:35.426+0000] {dag.py:2690} INFO - Sync 1 DAGs
[2024-02-29T08:58:35.437+0000] {logging_mixin.py:137} INFO - [2024-02-29T08:58:35.436+0000] {dag.py:3441} INFO - Setting next_dagrun for example_short_circuit_operator to 2024-02-28T08:58:35.436847+00:00, run_after=2024-02-29T08:58:35.436847+00:00
[2024-02-29T08:58:35.444+0000] {processor.py:175} INFO - Processing /home/airflow/.local/lib/python3.7/site-packages/airflow/example_dags/example_short_circuit_operator.py took 0.040 seconds
[2024-02-29T08:59:05.706+0000] {processor.py:153} INFO - Started process (PID=2299) to work on /home/airflow/.local/lib/python3.7/site-packages/airflow/example_dags/example_short_circuit_operator.py
[2024-02-29T08:59:05.706+0000] {processor.py:743} INFO - Processing file /home/airflow/.local/lib/python3.7/site-packages/airflow/example_dags/example_short_circuit_operator.py for tasks to queue
[2024-02-29T08:59:05.707+0000] {logging_mixin.py:137} INFO - [2024-02-29T08:59:05.707+0000] {dagbag.py:538} INFO - Filling up the DagBag from /home/airflow/.local/lib/python3.7/site-packages/airflow/example_dags/example_short_circuit_operator.py
[2024-02-29T08:59:05.714+0000] {processor.py:753} INFO - DAG(s) dict_keys(['example_short_circuit_operator']) retrieved from /home/airflow/.local/lib/python3.7/site-packages/airflow/example_dags/example_short_circuit_operator.py
[2024-02-29T08:59:05.725+0000] {logging_mixin.py:137} INFO - [2024-02-29T08:59:05.725+0000] {dag.py:2690} INFO - Sync 1 DAGs
[2024-02-29T08:59:05.737+0000] {logging_mixin.py:137} INFO - [2024-02-29T08:59:05.736+0000] {dag.py:3441} INFO - Setting next_dagrun for example_short_circuit_operator to 2024-02-28T08:59:05.736857+00:00, run_after=2024-02-29T08:59:05.736857+00:00
[2024-02-29T08:59:05.744+0000] {processor.py:175} INFO - Processing /home/airflow/.local/lib/python3.7/site-packages/airflow/example_dags/example_short_circuit_operator.py took 0.040 seconds
[2024-02-29T08:59:36.334+0000] {processor.py:153} INFO - Started process (PID=2393) to work on /home/airflow/.local/lib/python3.7/site-packages/airflow/example_dags/example_short_circuit_operator.py
[2024-02-29T08:59:36.335+0000] {processor.py:743} INFO - Processing file /home/airflow/.local/lib/python3.7/site-packages/airflow/example_dags/example_short_circuit_operator.py for tasks to queue
[2024-02-29T08:59:36.335+0000] {logging_mixin.py:137} INFO - [2024-02-29T08:59:36.335+0000] {dagbag.py:538} INFO - Filling up the DagBag from /home/airflow/.local/lib/python3.7/site-packages/airflow/example_dags/example_short_circuit_operator.py
[2024-02-29T08:59:36.343+0000] {processor.py:753} INFO - DAG(s) dict_keys(['example_short_circuit_operator']) retrieved from /home/airflow/.local/lib/python3.7/site-packages/airflow/example_dags/example_short_circuit_operator.py
[2024-02-29T08:59:36.358+0000] {logging_mixin.py:137} INFO - [2024-02-29T08:59:36.358+0000] {dag.py:2690} INFO - Sync 1 DAGs
[2024-02-29T08:59:36.368+0000] {logging_mixin.py:137} INFO - [2024-02-29T08:59:36.368+0000] {dag.py:3441} INFO - Setting next_dagrun for example_short_circuit_operator to 2024-02-28T08:59:36.368696+00:00, run_after=2024-02-29T08:59:36.368696+00:00
[2024-02-29T08:59:36.379+0000] {processor.py:175} INFO - Processing /home/airflow/.local/lib/python3.7/site-packages/airflow/example_dags/example_short_circuit_operator.py took 0.046 seconds
[2024-02-29T09:00:06.952+0000] {processor.py:153} INFO - Started process (PID=2469) to work on /home/airflow/.local/lib/python3.7/site-packages/airflow/example_dags/example_short_circuit_operator.py
[2024-02-29T09:00:06.953+0000] {processor.py:743} INFO - Processing file /home/airflow/.local/lib/python3.7/site-packages/airflow/example_dags/example_short_circuit_operator.py for tasks to queue
[2024-02-29T09:00:06.953+0000] {logging_mixin.py:137} INFO - [2024-02-29T09:00:06.953+0000] {dagbag.py:538} INFO - Filling up the DagBag from /home/airflow/.local/lib/python3.7/site-packages/airflow/example_dags/example_short_circuit_operator.py
[2024-02-29T09:00:06.961+0000] {processor.py:753} INFO - DAG(s) dict_keys(['example_short_circuit_operator']) retrieved from /home/airflow/.local/lib/python3.7/site-packages/airflow/example_dags/example_short_circuit_operator.py
[2024-02-29T09:00:06.974+0000] {logging_mixin.py:137} INFO - [2024-02-29T09:00:06.974+0000] {dag.py:2690} INFO - Sync 1 DAGs
[2024-02-29T09:00:06.985+0000] {logging_mixin.py:137} INFO - [2024-02-29T09:00:06.985+0000] {dag.py:3441} INFO - Setting next_dagrun for example_short_circuit_operator to 2024-02-28T09:00:06.984918+00:00, run_after=2024-02-29T09:00:06.984918+00:00
[2024-02-29T09:00:06.992+0000] {processor.py:175} INFO - Processing /home/airflow/.local/lib/python3.7/site-packages/airflow/example_dags/example_short_circuit_operator.py took 0.042 seconds
[2024-02-29T09:00:37.482+0000] {processor.py:153} INFO - Started process (PID=2563) to work on /home/airflow/.local/lib/python3.7/site-packages/airflow/example_dags/example_short_circuit_operator.py
[2024-02-29T09:00:37.482+0000] {processor.py:743} INFO - Processing file /home/airflow/.local/lib/python3.7/site-packages/airflow/example_dags/example_short_circuit_operator.py for tasks to queue
[2024-02-29T09:00:37.483+0000] {logging_mixin.py:137} INFO - [2024-02-29T09:00:37.483+0000] {dagbag.py:538} INFO - Filling up the DagBag from /home/airflow/.local/lib/python3.7/site-packages/airflow/example_dags/example_short_circuit_operator.py
[2024-02-29T09:00:37.490+0000] {processor.py:753} INFO - DAG(s) dict_keys(['example_short_circuit_operator']) retrieved from /home/airflow/.local/lib/python3.7/site-packages/airflow/example_dags/example_short_circuit_operator.py
[2024-02-29T09:00:37.502+0000] {logging_mixin.py:137} INFO - [2024-02-29T09:00:37.502+0000] {dag.py:2690} INFO - Sync 1 DAGs
[2024-02-29T09:00:37.516+0000] {logging_mixin.py:137} INFO - [2024-02-29T09:00:37.516+0000] {dag.py:3441} INFO - Setting next_dagrun for example_short_circuit_operator to 2024-02-28T09:00:37.516199+00:00, run_after=2024-02-29T09:00:37.516199+00:00
[2024-02-29T09:00:37.524+0000] {processor.py:175} INFO - Processing /home/airflow/.local/lib/python3.7/site-packages/airflow/example_dags/example_short_circuit_operator.py took 0.044 seconds
[2024-02-29T09:01:07.925+0000] {processor.py:153} INFO - Started process (PID=2657) to work on /home/airflow/.local/lib/python3.7/site-packages/airflow/example_dags/example_short_circuit_operator.py
[2024-02-29T09:01:07.926+0000] {processor.py:743} INFO - Processing file /home/airflow/.local/lib/python3.7/site-packages/airflow/example_dags/example_short_circuit_operator.py for tasks to queue
[2024-02-29T09:01:07.926+0000] {logging_mixin.py:137} INFO - [2024-02-29T09:01:07.926+0000] {dagbag.py:538} INFO - Filling up the DagBag from /home/airflow/.local/lib/python3.7/site-packages/airflow/example_dags/example_short_circuit_operator.py
[2024-02-29T09:01:07.934+0000] {processor.py:753} INFO - DAG(s) dict_keys(['example_short_circuit_operator']) retrieved from /home/airflow/.local/lib/python3.7/site-packages/airflow/example_dags/example_short_circuit_operator.py
[2024-02-29T09:01:07.945+0000] {logging_mixin.py:137} INFO - [2024-02-29T09:01:07.945+0000] {dag.py:2690} INFO - Sync 1 DAGs
[2024-02-29T09:01:07.957+0000] {logging_mixin.py:137} INFO - [2024-02-29T09:01:07.957+0000] {dag.py:3441} INFO - Setting next_dagrun for example_short_circuit_operator to 2024-02-28T09:01:07.957208+00:00, run_after=2024-02-29T09:01:07.957208+00:00
[2024-02-29T09:01:07.965+0000] {processor.py:175} INFO - Processing /home/airflow/.local/lib/python3.7/site-packages/airflow/example_dags/example_short_circuit_operator.py took 0.041 seconds
[2024-02-29T09:01:38.577+0000] {processor.py:153} INFO - Started process (PID=2733) to work on /home/airflow/.local/lib/python3.7/site-packages/airflow/example_dags/example_short_circuit_operator.py
[2024-02-29T09:01:38.577+0000] {processor.py:743} INFO - Processing file /home/airflow/.local/lib/python3.7/site-packages/airflow/example_dags/example_short_circuit_operator.py for tasks to queue
[2024-02-29T09:01:38.578+0000] {logging_mixin.py:137} INFO - [2024-02-29T09:01:38.578+0000] {dagbag.py:538} INFO - Filling up the DagBag from /home/airflow/.local/lib/python3.7/site-packages/airflow/example_dags/example_short_circuit_operator.py
[2024-02-29T09:01:38.586+0000] {processor.py:753} INFO - DAG(s) dict_keys(['example_short_circuit_operator']) retrieved from /home/airflow/.local/lib/python3.7/site-packages/airflow/example_dags/example_short_circuit_operator.py
[2024-02-29T09:01:38.598+0000] {logging_mixin.py:137} INFO - [2024-02-29T09:01:38.598+0000] {dag.py:2690} INFO - Sync 1 DAGs
[2024-02-29T09:01:38.608+0000] {logging_mixin.py:137} INFO - [2024-02-29T09:01:38.608+0000] {dag.py:3441} INFO - Setting next_dagrun for example_short_circuit_operator to 2024-02-28T09:01:38.608711+00:00, run_after=2024-02-29T09:01:38.608711+00:00
[2024-02-29T09:01:38.616+0000] {processor.py:175} INFO - Processing /home/airflow/.local/lib/python3.7/site-packages/airflow/example_dags/example_short_circuit_operator.py took 0.040 seconds
[2024-02-29T09:02:09.088+0000] {processor.py:153} INFO - Started process (PID=2826) to work on /home/airflow/.local/lib/python3.7/site-packages/airflow/example_dags/example_short_circuit_operator.py
[2024-02-29T09:02:09.089+0000] {processor.py:743} INFO - Processing file /home/airflow/.local/lib/python3.7/site-packages/airflow/example_dags/example_short_circuit_operator.py for tasks to queue
[2024-02-29T09:02:09.089+0000] {logging_mixin.py:137} INFO - [2024-02-29T09:02:09.089+0000] {dagbag.py:538} INFO - Filling up the DagBag from /home/airflow/.local/lib/python3.7/site-packages/airflow/example_dags/example_short_circuit_operator.py
[2024-02-29T09:02:09.097+0000] {processor.py:753} INFO - DAG(s) dict_keys(['example_short_circuit_operator']) retrieved from /home/airflow/.local/lib/python3.7/site-packages/airflow/example_dags/example_short_circuit_operator.py
[2024-02-29T09:02:09.109+0000] {logging_mixin.py:137} INFO - [2024-02-29T09:02:09.109+0000] {dag.py:2690} INFO - Sync 1 DAGs
[2024-02-29T09:02:09.119+0000] {logging_mixin.py:137} INFO - [2024-02-29T09:02:09.119+0000] {dag.py:3441} INFO - Setting next_dagrun for example_short_circuit_operator to 2024-02-28T09:02:09.119401+00:00, run_after=2024-02-29T09:02:09.119401+00:00
[2024-02-29T09:02:09.127+0000] {processor.py:175} INFO - Processing /home/airflow/.local/lib/python3.7/site-packages/airflow/example_dags/example_short_circuit_operator.py took 0.040 seconds
[2024-02-29T09:02:39.606+0000] {processor.py:153} INFO - Started process (PID=2920) to work on /home/airflow/.local/lib/python3.7/site-packages/airflow/example_dags/example_short_circuit_operator.py
[2024-02-29T09:02:39.607+0000] {processor.py:743} INFO - Processing file /home/airflow/.local/lib/python3.7/site-packages/airflow/example_dags/example_short_circuit_operator.py for tasks to queue
[2024-02-29T09:02:39.607+0000] {logging_mixin.py:137} INFO - [2024-02-29T09:02:39.607+0000] {dagbag.py:538} INFO - Filling up the DagBag from /home/airflow/.local/lib/python3.7/site-packages/airflow/example_dags/example_short_circuit_operator.py
[2024-02-29T09:02:39.615+0000] {processor.py:753} INFO - DAG(s) dict_keys(['example_short_circuit_operator']) retrieved from /home/airflow/.local/lib/python3.7/site-packages/airflow/example_dags/example_short_circuit_operator.py
[2024-02-29T09:02:39.627+0000] {logging_mixin.py:137} INFO - [2024-02-29T09:02:39.627+0000] {dag.py:2690} INFO - Sync 1 DAGs
[2024-02-29T09:02:39.637+0000] {logging_mixin.py:137} INFO - [2024-02-29T09:02:39.637+0000] {dag.py:3441} INFO - Setting next_dagrun for example_short_circuit_operator to 2024-02-28T09:02:39.637657+00:00, run_after=2024-02-29T09:02:39.637657+00:00
[2024-02-29T09:02:39.645+0000] {processor.py:175} INFO - Processing /home/airflow/.local/lib/python3.7/site-packages/airflow/example_dags/example_short_circuit_operator.py took 0.041 seconds
[2024-02-29T09:03:10.297+0000] {processor.py:153} INFO - Started process (PID=3013) to work on /home/airflow/.local/lib/python3.7/site-packages/airflow/example_dags/example_short_circuit_operator.py
[2024-02-29T09:03:10.298+0000] {processor.py:743} INFO - Processing file /home/airflow/.local/lib/python3.7/site-packages/airflow/example_dags/example_short_circuit_operator.py for tasks to queue
[2024-02-29T09:03:10.299+0000] {logging_mixin.py:137} INFO - [2024-02-29T09:03:10.299+0000] {dagbag.py:538} INFO - Filling up the DagBag from /home/airflow/.local/lib/python3.7/site-packages/airflow/example_dags/example_short_circuit_operator.py
[2024-02-29T09:03:10.312+0000] {processor.py:753} INFO - DAG(s) dict_keys(['example_short_circuit_operator']) retrieved from /home/airflow/.local/lib/python3.7/site-packages/airflow/example_dags/example_short_circuit_operator.py
[2024-02-29T09:03:10.332+0000] {logging_mixin.py:137} INFO - [2024-02-29T09:03:10.332+0000] {dag.py:2690} INFO - Sync 1 DAGs
[2024-02-29T09:03:10.352+0000] {logging_mixin.py:137} INFO - [2024-02-29T09:03:10.352+0000] {dag.py:3441} INFO - Setting next_dagrun for example_short_circuit_operator to 2024-02-28T09:03:10.352342+00:00, run_after=2024-02-29T09:03:10.352342+00:00
[2024-02-29T09:03:10.376+0000] {processor.py:175} INFO - Processing /home/airflow/.local/lib/python3.7/site-packages/airflow/example_dags/example_short_circuit_operator.py took 0.082 seconds
