[2024-02-29T08:46:25.671+0000] {processor.py:153} INFO - Started process (PID=74) to work on /home/airflow/.local/lib/python3.7/site-packages/airflow/example_dags/example_kubernetes_executor.py
[2024-02-29T08:46:25.672+0000] {processor.py:743} INFO - Processing file /home/airflow/.local/lib/python3.7/site-packages/airflow/example_dags/example_kubernetes_executor.py for tasks to queue
[2024-02-29T08:46:25.672+0000] {logging_mixin.py:137} INFO - [2024-02-29T08:46:25.672+0000] {dagbag.py:538} INFO - Filling up the DagBag from /home/airflow/.local/lib/python3.7/site-packages/airflow/example_dags/example_kubernetes_executor.py
[2024-02-29T08:46:25.698+0000] {processor.py:753} INFO - DAG(s) dict_keys(['example_kubernetes_executor']) retrieved from /home/airflow/.local/lib/python3.7/site-packages/airflow/example_dags/example_kubernetes_executor.py
[2024-02-29T08:46:25.721+0000] {logging_mixin.py:137} INFO - [2024-02-29T08:46:25.721+0000] {dag.py:2690} INFO - Sync 1 DAGs
[2024-02-29T08:46:25.737+0000] {logging_mixin.py:137} INFO - [2024-02-29T08:46:25.736+0000] {dag.py:3441} INFO - Setting next_dagrun for example_kubernetes_executor to None, run_after=None
[2024-02-29T08:46:25.747+0000] {processor.py:175} INFO - Processing /home/airflow/.local/lib/python3.7/site-packages/airflow/example_dags/example_kubernetes_executor.py took 0.078 seconds
[2024-02-29T08:46:56.181+0000] {processor.py:153} INFO - Started process (PID=167) to work on /home/airflow/.local/lib/python3.7/site-packages/airflow/example_dags/example_kubernetes_executor.py
[2024-02-29T08:46:56.182+0000] {processor.py:743} INFO - Processing file /home/airflow/.local/lib/python3.7/site-packages/airflow/example_dags/example_kubernetes_executor.py for tasks to queue
[2024-02-29T08:46:56.182+0000] {logging_mixin.py:137} INFO - [2024-02-29T08:46:56.182+0000] {dagbag.py:538} INFO - Filling up the DagBag from /home/airflow/.local/lib/python3.7/site-packages/airflow/example_dags/example_kubernetes_executor.py
[2024-02-29T08:46:56.195+0000] {processor.py:753} INFO - DAG(s) dict_keys(['example_kubernetes_executor']) retrieved from /home/airflow/.local/lib/python3.7/site-packages/airflow/example_dags/example_kubernetes_executor.py
[2024-02-29T08:46:56.209+0000] {logging_mixin.py:137} INFO - [2024-02-29T08:46:56.209+0000] {dag.py:2690} INFO - Sync 1 DAGs
[2024-02-29T08:46:56.221+0000] {logging_mixin.py:137} INFO - [2024-02-29T08:46:56.221+0000] {dag.py:3441} INFO - Setting next_dagrun for example_kubernetes_executor to None, run_after=None
[2024-02-29T08:46:56.229+0000] {processor.py:175} INFO - Processing /home/airflow/.local/lib/python3.7/site-packages/airflow/example_dags/example_kubernetes_executor.py took 0.050 seconds
[2024-02-29T08:47:26.486+0000] {processor.py:153} INFO - Started process (PID=261) to work on /home/airflow/.local/lib/python3.7/site-packages/airflow/example_dags/example_kubernetes_executor.py
[2024-02-29T08:47:26.486+0000] {processor.py:743} INFO - Processing file /home/airflow/.local/lib/python3.7/site-packages/airflow/example_dags/example_kubernetes_executor.py for tasks to queue
[2024-02-29T08:47:26.487+0000] {logging_mixin.py:137} INFO - [2024-02-29T08:47:26.486+0000] {dagbag.py:538} INFO - Filling up the DagBag from /home/airflow/.local/lib/python3.7/site-packages/airflow/example_dags/example_kubernetes_executor.py
[2024-02-29T08:47:26.499+0000] {processor.py:753} INFO - DAG(s) dict_keys(['example_kubernetes_executor']) retrieved from /home/airflow/.local/lib/python3.7/site-packages/airflow/example_dags/example_kubernetes_executor.py
[2024-02-29T08:47:26.512+0000] {logging_mixin.py:137} INFO - [2024-02-29T08:47:26.512+0000] {dag.py:2690} INFO - Sync 1 DAGs
[2024-02-29T08:47:26.522+0000] {logging_mixin.py:137} INFO - [2024-02-29T08:47:26.522+0000] {dag.py:3441} INFO - Setting next_dagrun for example_kubernetes_executor to None, run_after=None
[2024-02-29T08:47:26.531+0000] {processor.py:175} INFO - Processing /home/airflow/.local/lib/python3.7/site-packages/airflow/example_dags/example_kubernetes_executor.py took 0.047 seconds
[2024-02-29T08:47:56.954+0000] {processor.py:153} INFO - Started process (PID=345) to work on /home/airflow/.local/lib/python3.7/site-packages/airflow/example_dags/example_kubernetes_executor.py
[2024-02-29T08:47:56.957+0000] {processor.py:743} INFO - Processing file /home/airflow/.local/lib/python3.7/site-packages/airflow/example_dags/example_kubernetes_executor.py for tasks to queue
[2024-02-29T08:47:56.957+0000] {logging_mixin.py:137} INFO - [2024-02-29T08:47:56.957+0000] {dagbag.py:538} INFO - Filling up the DagBag from /home/airflow/.local/lib/python3.7/site-packages/airflow/example_dags/example_kubernetes_executor.py
[2024-02-29T08:47:56.972+0000] {processor.py:753} INFO - DAG(s) dict_keys(['example_kubernetes_executor']) retrieved from /home/airflow/.local/lib/python3.7/site-packages/airflow/example_dags/example_kubernetes_executor.py
[2024-02-29T08:47:56.988+0000] {logging_mixin.py:137} INFO - [2024-02-29T08:47:56.987+0000] {dag.py:2690} INFO - Sync 1 DAGs
[2024-02-29T08:47:57.001+0000] {logging_mixin.py:137} INFO - [2024-02-29T08:47:57.000+0000] {dag.py:3441} INFO - Setting next_dagrun for example_kubernetes_executor to None, run_after=None
[2024-02-29T08:47:57.010+0000] {processor.py:175} INFO - Processing /home/airflow/.local/lib/python3.7/site-packages/airflow/example_dags/example_kubernetes_executor.py took 0.058 seconds
[2024-02-29T08:48:27.346+0000] {processor.py:153} INFO - Started process (PID=430) to work on /home/airflow/.local/lib/python3.7/site-packages/airflow/example_dags/example_kubernetes_executor.py
[2024-02-29T08:48:27.346+0000] {processor.py:743} INFO - Processing file /home/airflow/.local/lib/python3.7/site-packages/airflow/example_dags/example_kubernetes_executor.py for tasks to queue
[2024-02-29T08:48:27.347+0000] {logging_mixin.py:137} INFO - [2024-02-29T08:48:27.347+0000] {dagbag.py:538} INFO - Filling up the DagBag from /home/airflow/.local/lib/python3.7/site-packages/airflow/example_dags/example_kubernetes_executor.py
[2024-02-29T08:48:27.360+0000] {processor.py:753} INFO - DAG(s) dict_keys(['example_kubernetes_executor']) retrieved from /home/airflow/.local/lib/python3.7/site-packages/airflow/example_dags/example_kubernetes_executor.py
[2024-02-29T08:48:27.373+0000] {logging_mixin.py:137} INFO - [2024-02-29T08:48:27.373+0000] {dag.py:2690} INFO - Sync 1 DAGs
[2024-02-29T08:48:27.383+0000] {logging_mixin.py:137} INFO - [2024-02-29T08:48:27.383+0000] {dag.py:3441} INFO - Setting next_dagrun for example_kubernetes_executor to None, run_after=None
[2024-02-29T08:48:27.391+0000] {processor.py:175} INFO - Processing /home/airflow/.local/lib/python3.7/site-packages/airflow/example_dags/example_kubernetes_executor.py took 0.046 seconds
[2024-02-29T08:48:57.741+0000] {processor.py:153} INFO - Started process (PID=524) to work on /home/airflow/.local/lib/python3.7/site-packages/airflow/example_dags/example_kubernetes_executor.py
[2024-02-29T08:48:57.741+0000] {processor.py:743} INFO - Processing file /home/airflow/.local/lib/python3.7/site-packages/airflow/example_dags/example_kubernetes_executor.py for tasks to queue
[2024-02-29T08:48:57.741+0000] {logging_mixin.py:137} INFO - [2024-02-29T08:48:57.741+0000] {dagbag.py:538} INFO - Filling up the DagBag from /home/airflow/.local/lib/python3.7/site-packages/airflow/example_dags/example_kubernetes_executor.py
[2024-02-29T08:48:57.754+0000] {processor.py:753} INFO - DAG(s) dict_keys(['example_kubernetes_executor']) retrieved from /home/airflow/.local/lib/python3.7/site-packages/airflow/example_dags/example_kubernetes_executor.py
[2024-02-29T08:48:57.767+0000] {logging_mixin.py:137} INFO - [2024-02-29T08:48:57.767+0000] {dag.py:2690} INFO - Sync 1 DAGs
[2024-02-29T08:48:57.776+0000] {logging_mixin.py:137} INFO - [2024-02-29T08:48:57.776+0000] {dag.py:3441} INFO - Setting next_dagrun for example_kubernetes_executor to None, run_after=None
[2024-02-29T08:48:57.784+0000] {processor.py:175} INFO - Processing /home/airflow/.local/lib/python3.7/site-packages/airflow/example_dags/example_kubernetes_executor.py took 0.044 seconds
[2024-02-29T08:49:28.172+0000] {processor.py:153} INFO - Started process (PID=618) to work on /home/airflow/.local/lib/python3.7/site-packages/airflow/example_dags/example_kubernetes_executor.py
[2024-02-29T08:49:28.173+0000] {processor.py:743} INFO - Processing file /home/airflow/.local/lib/python3.7/site-packages/airflow/example_dags/example_kubernetes_executor.py for tasks to queue
[2024-02-29T08:49:28.173+0000] {logging_mixin.py:137} INFO - [2024-02-29T08:49:28.173+0000] {dagbag.py:538} INFO - Filling up the DagBag from /home/airflow/.local/lib/python3.7/site-packages/airflow/example_dags/example_kubernetes_executor.py
[2024-02-29T08:49:28.186+0000] {processor.py:753} INFO - DAG(s) dict_keys(['example_kubernetes_executor']) retrieved from /home/airflow/.local/lib/python3.7/site-packages/airflow/example_dags/example_kubernetes_executor.py
[2024-02-29T08:49:28.198+0000] {logging_mixin.py:137} INFO - [2024-02-29T08:49:28.198+0000] {dag.py:2690} INFO - Sync 1 DAGs
[2024-02-29T08:49:28.208+0000] {logging_mixin.py:137} INFO - [2024-02-29T08:49:28.208+0000] {dag.py:3441} INFO - Setting next_dagrun for example_kubernetes_executor to None, run_after=None
[2024-02-29T08:49:28.216+0000] {processor.py:175} INFO - Processing /home/airflow/.local/lib/python3.7/site-packages/airflow/example_dags/example_kubernetes_executor.py took 0.045 seconds
[2024-02-29T08:49:58.505+0000] {processor.py:153} INFO - Started process (PID=700) to work on /home/airflow/.local/lib/python3.7/site-packages/airflow/example_dags/example_kubernetes_executor.py
[2024-02-29T08:49:58.505+0000] {processor.py:743} INFO - Processing file /home/airflow/.local/lib/python3.7/site-packages/airflow/example_dags/example_kubernetes_executor.py for tasks to queue
[2024-02-29T08:49:58.505+0000] {logging_mixin.py:137} INFO - [2024-02-29T08:49:58.505+0000] {dagbag.py:538} INFO - Filling up the DagBag from /home/airflow/.local/lib/python3.7/site-packages/airflow/example_dags/example_kubernetes_executor.py
[2024-02-29T08:49:58.518+0000] {processor.py:753} INFO - DAG(s) dict_keys(['example_kubernetes_executor']) retrieved from /home/airflow/.local/lib/python3.7/site-packages/airflow/example_dags/example_kubernetes_executor.py
[2024-02-29T08:49:58.530+0000] {logging_mixin.py:137} INFO - [2024-02-29T08:49:58.530+0000] {dag.py:2690} INFO - Sync 1 DAGs
[2024-02-29T08:49:58.540+0000] {logging_mixin.py:137} INFO - [2024-02-29T08:49:58.540+0000] {dag.py:3441} INFO - Setting next_dagrun for example_kubernetes_executor to None, run_after=None
[2024-02-29T08:49:58.548+0000] {processor.py:175} INFO - Processing /home/airflow/.local/lib/python3.7/site-packages/airflow/example_dags/example_kubernetes_executor.py took 0.045 seconds
[2024-02-29T08:50:28.983+0000] {processor.py:153} INFO - Started process (PID=787) to work on /home/airflow/.local/lib/python3.7/site-packages/airflow/example_dags/example_kubernetes_executor.py
[2024-02-29T08:50:28.984+0000] {processor.py:743} INFO - Processing file /home/airflow/.local/lib/python3.7/site-packages/airflow/example_dags/example_kubernetes_executor.py for tasks to queue
[2024-02-29T08:50:28.984+0000] {logging_mixin.py:137} INFO - [2024-02-29T08:50:28.984+0000] {dagbag.py:538} INFO - Filling up the DagBag from /home/airflow/.local/lib/python3.7/site-packages/airflow/example_dags/example_kubernetes_executor.py
[2024-02-29T08:50:28.997+0000] {processor.py:753} INFO - DAG(s) dict_keys(['example_kubernetes_executor']) retrieved from /home/airflow/.local/lib/python3.7/site-packages/airflow/example_dags/example_kubernetes_executor.py
[2024-02-29T08:50:29.010+0000] {logging_mixin.py:137} INFO - [2024-02-29T08:50:29.010+0000] {dag.py:2690} INFO - Sync 1 DAGs
[2024-02-29T08:50:29.022+0000] {logging_mixin.py:137} INFO - [2024-02-29T08:50:29.022+0000] {dag.py:3441} INFO - Setting next_dagrun for example_kubernetes_executor to None, run_after=None
[2024-02-29T08:50:29.031+0000] {processor.py:175} INFO - Processing /home/airflow/.local/lib/python3.7/site-packages/airflow/example_dags/example_kubernetes_executor.py took 0.049 seconds
[2024-02-29T08:50:59.390+0000] {processor.py:153} INFO - Started process (PID=881) to work on /home/airflow/.local/lib/python3.7/site-packages/airflow/example_dags/example_kubernetes_executor.py
[2024-02-29T08:50:59.390+0000] {processor.py:743} INFO - Processing file /home/airflow/.local/lib/python3.7/site-packages/airflow/example_dags/example_kubernetes_executor.py for tasks to queue
[2024-02-29T08:50:59.391+0000] {logging_mixin.py:137} INFO - [2024-02-29T08:50:59.391+0000] {dagbag.py:538} INFO - Filling up the DagBag from /home/airflow/.local/lib/python3.7/site-packages/airflow/example_dags/example_kubernetes_executor.py
[2024-02-29T08:50:59.404+0000] {processor.py:753} INFO - DAG(s) dict_keys(['example_kubernetes_executor']) retrieved from /home/airflow/.local/lib/python3.7/site-packages/airflow/example_dags/example_kubernetes_executor.py
[2024-02-29T08:50:59.417+0000] {logging_mixin.py:137} INFO - [2024-02-29T08:50:59.417+0000] {dag.py:2690} INFO - Sync 1 DAGs
[2024-02-29T08:50:59.428+0000] {logging_mixin.py:137} INFO - [2024-02-29T08:50:59.428+0000] {dag.py:3441} INFO - Setting next_dagrun for example_kubernetes_executor to None, run_after=None
[2024-02-29T08:50:59.436+0000] {processor.py:175} INFO - Processing /home/airflow/.local/lib/python3.7/site-packages/airflow/example_dags/example_kubernetes_executor.py took 0.048 seconds
[2024-02-29T08:51:29.754+0000] {processor.py:153} INFO - Started process (PID=974) to work on /home/airflow/.local/lib/python3.7/site-packages/airflow/example_dags/example_kubernetes_executor.py
[2024-02-29T08:51:29.755+0000] {processor.py:743} INFO - Processing file /home/airflow/.local/lib/python3.7/site-packages/airflow/example_dags/example_kubernetes_executor.py for tasks to queue
[2024-02-29T08:51:29.755+0000] {logging_mixin.py:137} INFO - [2024-02-29T08:51:29.755+0000] {dagbag.py:538} INFO - Filling up the DagBag from /home/airflow/.local/lib/python3.7/site-packages/airflow/example_dags/example_kubernetes_executor.py
[2024-02-29T08:51:29.767+0000] {processor.py:753} INFO - DAG(s) dict_keys(['example_kubernetes_executor']) retrieved from /home/airflow/.local/lib/python3.7/site-packages/airflow/example_dags/example_kubernetes_executor.py
[2024-02-29T08:51:29.780+0000] {logging_mixin.py:137} INFO - [2024-02-29T08:51:29.780+0000] {dag.py:2690} INFO - Sync 1 DAGs
[2024-02-29T08:51:29.791+0000] {logging_mixin.py:137} INFO - [2024-02-29T08:51:29.791+0000] {dag.py:3441} INFO - Setting next_dagrun for example_kubernetes_executor to None, run_after=None
[2024-02-29T08:51:29.800+0000] {processor.py:175} INFO - Processing /home/airflow/.local/lib/python3.7/site-packages/airflow/example_dags/example_kubernetes_executor.py took 0.047 seconds
[2024-02-29T08:52:00.178+0000] {processor.py:153} INFO - Started process (PID=1050) to work on /home/airflow/.local/lib/python3.7/site-packages/airflow/example_dags/example_kubernetes_executor.py
[2024-02-29T08:52:00.179+0000] {processor.py:743} INFO - Processing file /home/airflow/.local/lib/python3.7/site-packages/airflow/example_dags/example_kubernetes_executor.py for tasks to queue
[2024-02-29T08:52:00.179+0000] {logging_mixin.py:137} INFO - [2024-02-29T08:52:00.179+0000] {dagbag.py:538} INFO - Filling up the DagBag from /home/airflow/.local/lib/python3.7/site-packages/airflow/example_dags/example_kubernetes_executor.py
[2024-02-29T08:52:00.192+0000] {processor.py:753} INFO - DAG(s) dict_keys(['example_kubernetes_executor']) retrieved from /home/airflow/.local/lib/python3.7/site-packages/airflow/example_dags/example_kubernetes_executor.py
[2024-02-29T08:52:00.205+0000] {logging_mixin.py:137} INFO - [2024-02-29T08:52:00.205+0000] {dag.py:2690} INFO - Sync 1 DAGs
[2024-02-29T08:52:00.214+0000] {logging_mixin.py:137} INFO - [2024-02-29T08:52:00.214+0000] {dag.py:3441} INFO - Setting next_dagrun for example_kubernetes_executor to None, run_after=None
[2024-02-29T08:52:00.222+0000] {processor.py:175} INFO - Processing /home/airflow/.local/lib/python3.7/site-packages/airflow/example_dags/example_kubernetes_executor.py took 0.045 seconds
[2024-02-29T08:52:30.466+0000] {processor.py:153} INFO - Started process (PID=1143) to work on /home/airflow/.local/lib/python3.7/site-packages/airflow/example_dags/example_kubernetes_executor.py
[2024-02-29T08:52:30.467+0000] {processor.py:743} INFO - Processing file /home/airflow/.local/lib/python3.7/site-packages/airflow/example_dags/example_kubernetes_executor.py for tasks to queue
[2024-02-29T08:52:30.467+0000] {logging_mixin.py:137} INFO - [2024-02-29T08:52:30.467+0000] {dagbag.py:538} INFO - Filling up the DagBag from /home/airflow/.local/lib/python3.7/site-packages/airflow/example_dags/example_kubernetes_executor.py
[2024-02-29T08:52:30.481+0000] {processor.py:753} INFO - DAG(s) dict_keys(['example_kubernetes_executor']) retrieved from /home/airflow/.local/lib/python3.7/site-packages/airflow/example_dags/example_kubernetes_executor.py
[2024-02-29T08:52:30.493+0000] {logging_mixin.py:137} INFO - [2024-02-29T08:52:30.493+0000] {dag.py:2690} INFO - Sync 1 DAGs
[2024-02-29T08:52:30.504+0000] {logging_mixin.py:137} INFO - [2024-02-29T08:52:30.504+0000] {dag.py:3441} INFO - Setting next_dagrun for example_kubernetes_executor to None, run_after=None
[2024-02-29T08:52:30.511+0000] {processor.py:175} INFO - Processing /home/airflow/.local/lib/python3.7/site-packages/airflow/example_dags/example_kubernetes_executor.py took 0.047 seconds
[2024-02-29T08:53:00.846+0000] {processor.py:153} INFO - Started process (PID=1236) to work on /home/airflow/.local/lib/python3.7/site-packages/airflow/example_dags/example_kubernetes_executor.py
[2024-02-29T08:53:00.846+0000] {processor.py:743} INFO - Processing file /home/airflow/.local/lib/python3.7/site-packages/airflow/example_dags/example_kubernetes_executor.py for tasks to queue
[2024-02-29T08:53:00.847+0000] {logging_mixin.py:137} INFO - [2024-02-29T08:53:00.847+0000] {dagbag.py:538} INFO - Filling up the DagBag from /home/airflow/.local/lib/python3.7/site-packages/airflow/example_dags/example_kubernetes_executor.py
[2024-02-29T08:53:00.860+0000] {processor.py:753} INFO - DAG(s) dict_keys(['example_kubernetes_executor']) retrieved from /home/airflow/.local/lib/python3.7/site-packages/airflow/example_dags/example_kubernetes_executor.py
[2024-02-29T08:53:00.873+0000] {logging_mixin.py:137} INFO - [2024-02-29T08:53:00.873+0000] {dag.py:2690} INFO - Sync 1 DAGs
[2024-02-29T08:53:00.884+0000] {logging_mixin.py:137} INFO - [2024-02-29T08:53:00.884+0000] {dag.py:3441} INFO - Setting next_dagrun for example_kubernetes_executor to None, run_after=None
[2024-02-29T08:53:00.892+0000] {processor.py:175} INFO - Processing /home/airflow/.local/lib/python3.7/site-packages/airflow/example_dags/example_kubernetes_executor.py took 0.048 seconds
[2024-02-29T08:53:31.237+0000] {processor.py:153} INFO - Started process (PID=1330) to work on /home/airflow/.local/lib/python3.7/site-packages/airflow/example_dags/example_kubernetes_executor.py
[2024-02-29T08:53:31.237+0000] {processor.py:743} INFO - Processing file /home/airflow/.local/lib/python3.7/site-packages/airflow/example_dags/example_kubernetes_executor.py for tasks to queue
[2024-02-29T08:53:31.238+0000] {logging_mixin.py:137} INFO - [2024-02-29T08:53:31.238+0000] {dagbag.py:538} INFO - Filling up the DagBag from /home/airflow/.local/lib/python3.7/site-packages/airflow/example_dags/example_kubernetes_executor.py
[2024-02-29T08:53:31.250+0000] {processor.py:753} INFO - DAG(s) dict_keys(['example_kubernetes_executor']) retrieved from /home/airflow/.local/lib/python3.7/site-packages/airflow/example_dags/example_kubernetes_executor.py
[2024-02-29T08:53:31.262+0000] {logging_mixin.py:137} INFO - [2024-02-29T08:53:31.262+0000] {dag.py:2690} INFO - Sync 1 DAGs
[2024-02-29T08:53:31.272+0000] {logging_mixin.py:137} INFO - [2024-02-29T08:53:31.272+0000] {dag.py:3441} INFO - Setting next_dagrun for example_kubernetes_executor to None, run_after=None
[2024-02-29T08:53:31.279+0000] {processor.py:175} INFO - Processing /home/airflow/.local/lib/python3.7/site-packages/airflow/example_dags/example_kubernetes_executor.py took 0.044 seconds
[2024-02-29T08:54:01.658+0000] {processor.py:153} INFO - Started process (PID=1406) to work on /home/airflow/.local/lib/python3.7/site-packages/airflow/example_dags/example_kubernetes_executor.py
[2024-02-29T08:54:01.658+0000] {processor.py:743} INFO - Processing file /home/airflow/.local/lib/python3.7/site-packages/airflow/example_dags/example_kubernetes_executor.py for tasks to queue
[2024-02-29T08:54:01.658+0000] {logging_mixin.py:137} INFO - [2024-02-29T08:54:01.658+0000] {dagbag.py:538} INFO - Filling up the DagBag from /home/airflow/.local/lib/python3.7/site-packages/airflow/example_dags/example_kubernetes_executor.py
[2024-02-29T08:54:01.671+0000] {processor.py:753} INFO - DAG(s) dict_keys(['example_kubernetes_executor']) retrieved from /home/airflow/.local/lib/python3.7/site-packages/airflow/example_dags/example_kubernetes_executor.py
[2024-02-29T08:54:01.683+0000] {logging_mixin.py:137} INFO - [2024-02-29T08:54:01.683+0000] {dag.py:2690} INFO - Sync 1 DAGs
[2024-02-29T08:54:01.693+0000] {logging_mixin.py:137} INFO - [2024-02-29T08:54:01.693+0000] {dag.py:3441} INFO - Setting next_dagrun for example_kubernetes_executor to None, run_after=None
[2024-02-29T08:54:01.700+0000] {processor.py:175} INFO - Processing /home/airflow/.local/lib/python3.7/site-packages/airflow/example_dags/example_kubernetes_executor.py took 0.044 seconds
[2024-02-29T08:54:32.057+0000] {processor.py:153} INFO - Started process (PID=1500) to work on /home/airflow/.local/lib/python3.7/site-packages/airflow/example_dags/example_kubernetes_executor.py
[2024-02-29T08:54:32.058+0000] {processor.py:743} INFO - Processing file /home/airflow/.local/lib/python3.7/site-packages/airflow/example_dags/example_kubernetes_executor.py for tasks to queue
[2024-02-29T08:54:32.058+0000] {logging_mixin.py:137} INFO - [2024-02-29T08:54:32.058+0000] {dagbag.py:538} INFO - Filling up the DagBag from /home/airflow/.local/lib/python3.7/site-packages/airflow/example_dags/example_kubernetes_executor.py
[2024-02-29T08:54:32.070+0000] {processor.py:753} INFO - DAG(s) dict_keys(['example_kubernetes_executor']) retrieved from /home/airflow/.local/lib/python3.7/site-packages/airflow/example_dags/example_kubernetes_executor.py
[2024-02-29T08:54:32.083+0000] {logging_mixin.py:137} INFO - [2024-02-29T08:54:32.083+0000] {dag.py:2690} INFO - Sync 1 DAGs
[2024-02-29T08:54:32.092+0000] {logging_mixin.py:137} INFO - [2024-02-29T08:54:32.092+0000] {dag.py:3441} INFO - Setting next_dagrun for example_kubernetes_executor to None, run_after=None
[2024-02-29T08:54:32.100+0000] {processor.py:175} INFO - Processing /home/airflow/.local/lib/python3.7/site-packages/airflow/example_dags/example_kubernetes_executor.py took 0.044 seconds
[2024-02-29T08:55:02.630+0000] {processor.py:153} INFO - Started process (PID=1594) to work on /home/airflow/.local/lib/python3.7/site-packages/airflow/example_dags/example_kubernetes_executor.py
[2024-02-29T08:55:02.630+0000] {processor.py:743} INFO - Processing file /home/airflow/.local/lib/python3.7/site-packages/airflow/example_dags/example_kubernetes_executor.py for tasks to queue
[2024-02-29T08:55:02.630+0000] {logging_mixin.py:137} INFO - [2024-02-29T08:55:02.630+0000] {dagbag.py:538} INFO - Filling up the DagBag from /home/airflow/.local/lib/python3.7/site-packages/airflow/example_dags/example_kubernetes_executor.py
[2024-02-29T08:55:02.642+0000] {processor.py:753} INFO - DAG(s) dict_keys(['example_kubernetes_executor']) retrieved from /home/airflow/.local/lib/python3.7/site-packages/airflow/example_dags/example_kubernetes_executor.py
[2024-02-29T08:55:02.655+0000] {logging_mixin.py:137} INFO - [2024-02-29T08:55:02.654+0000] {dag.py:2690} INFO - Sync 1 DAGs
[2024-02-29T08:55:02.665+0000] {logging_mixin.py:137} INFO - [2024-02-29T08:55:02.665+0000] {dag.py:3441} INFO - Setting next_dagrun for example_kubernetes_executor to None, run_after=None
[2024-02-29T08:55:02.672+0000] {processor.py:175} INFO - Processing /home/airflow/.local/lib/python3.7/site-packages/airflow/example_dags/example_kubernetes_executor.py took 0.044 seconds
[2024-02-29T08:55:32.956+0000] {processor.py:153} INFO - Started process (PID=1687) to work on /home/airflow/.local/lib/python3.7/site-packages/airflow/example_dags/example_kubernetes_executor.py
[2024-02-29T08:55:32.957+0000] {processor.py:743} INFO - Processing file /home/airflow/.local/lib/python3.7/site-packages/airflow/example_dags/example_kubernetes_executor.py for tasks to queue
[2024-02-29T08:55:32.957+0000] {logging_mixin.py:137} INFO - [2024-02-29T08:55:32.957+0000] {dagbag.py:538} INFO - Filling up the DagBag from /home/airflow/.local/lib/python3.7/site-packages/airflow/example_dags/example_kubernetes_executor.py
[2024-02-29T08:55:32.970+0000] {processor.py:753} INFO - DAG(s) dict_keys(['example_kubernetes_executor']) retrieved from /home/airflow/.local/lib/python3.7/site-packages/airflow/example_dags/example_kubernetes_executor.py
[2024-02-29T08:55:32.982+0000] {logging_mixin.py:137} INFO - [2024-02-29T08:55:32.982+0000] {dag.py:2690} INFO - Sync 1 DAGs
[2024-02-29T08:55:32.992+0000] {logging_mixin.py:137} INFO - [2024-02-29T08:55:32.992+0000] {dag.py:3441} INFO - Setting next_dagrun for example_kubernetes_executor to None, run_after=None
[2024-02-29T08:55:33.000+0000] {processor.py:175} INFO - Processing /home/airflow/.local/lib/python3.7/site-packages/airflow/example_dags/example_kubernetes_executor.py took 0.045 seconds
[2024-02-29T08:56:03.257+0000] {processor.py:153} INFO - Started process (PID=1763) to work on /home/airflow/.local/lib/python3.7/site-packages/airflow/example_dags/example_kubernetes_executor.py
[2024-02-29T08:56:03.257+0000] {processor.py:743} INFO - Processing file /home/airflow/.local/lib/python3.7/site-packages/airflow/example_dags/example_kubernetes_executor.py for tasks to queue
[2024-02-29T08:56:03.258+0000] {logging_mixin.py:137} INFO - [2024-02-29T08:56:03.258+0000] {dagbag.py:538} INFO - Filling up the DagBag from /home/airflow/.local/lib/python3.7/site-packages/airflow/example_dags/example_kubernetes_executor.py
[2024-02-29T08:56:03.271+0000] {processor.py:753} INFO - DAG(s) dict_keys(['example_kubernetes_executor']) retrieved from /home/airflow/.local/lib/python3.7/site-packages/airflow/example_dags/example_kubernetes_executor.py
[2024-02-29T08:56:03.283+0000] {logging_mixin.py:137} INFO - [2024-02-29T08:56:03.283+0000] {dag.py:2690} INFO - Sync 1 DAGs
[2024-02-29T08:56:03.293+0000] {logging_mixin.py:137} INFO - [2024-02-29T08:56:03.293+0000] {dag.py:3441} INFO - Setting next_dagrun for example_kubernetes_executor to None, run_after=None
[2024-02-29T08:56:03.300+0000] {processor.py:175} INFO - Processing /home/airflow/.local/lib/python3.7/site-packages/airflow/example_dags/example_kubernetes_executor.py took 0.045 seconds
[2024-02-29T08:56:33.705+0000] {processor.py:153} INFO - Started process (PID=1857) to work on /home/airflow/.local/lib/python3.7/site-packages/airflow/example_dags/example_kubernetes_executor.py
[2024-02-29T08:56:33.706+0000] {processor.py:743} INFO - Processing file /home/airflow/.local/lib/python3.7/site-packages/airflow/example_dags/example_kubernetes_executor.py for tasks to queue
[2024-02-29T08:56:33.706+0000] {logging_mixin.py:137} INFO - [2024-02-29T08:56:33.706+0000] {dagbag.py:538} INFO - Filling up the DagBag from /home/airflow/.local/lib/python3.7/site-packages/airflow/example_dags/example_kubernetes_executor.py
[2024-02-29T08:56:33.718+0000] {processor.py:753} INFO - DAG(s) dict_keys(['example_kubernetes_executor']) retrieved from /home/airflow/.local/lib/python3.7/site-packages/airflow/example_dags/example_kubernetes_executor.py
[2024-02-29T08:56:33.731+0000] {logging_mixin.py:137} INFO - [2024-02-29T08:56:33.731+0000] {dag.py:2690} INFO - Sync 1 DAGs
[2024-02-29T08:56:33.741+0000] {logging_mixin.py:137} INFO - [2024-02-29T08:56:33.741+0000] {dag.py:3441} INFO - Setting next_dagrun for example_kubernetes_executor to None, run_after=None
[2024-02-29T08:56:33.748+0000] {processor.py:175} INFO - Processing /home/airflow/.local/lib/python3.7/site-packages/airflow/example_dags/example_kubernetes_executor.py took 0.044 seconds
[2024-02-29T08:57:04.098+0000] {processor.py:153} INFO - Started process (PID=1951) to work on /home/airflow/.local/lib/python3.7/site-packages/airflow/example_dags/example_kubernetes_executor.py
[2024-02-29T08:57:04.098+0000] {processor.py:743} INFO - Processing file /home/airflow/.local/lib/python3.7/site-packages/airflow/example_dags/example_kubernetes_executor.py for tasks to queue
[2024-02-29T08:57:04.098+0000] {logging_mixin.py:137} INFO - [2024-02-29T08:57:04.098+0000] {dagbag.py:538} INFO - Filling up the DagBag from /home/airflow/.local/lib/python3.7/site-packages/airflow/example_dags/example_kubernetes_executor.py
[2024-02-29T08:57:04.110+0000] {processor.py:753} INFO - DAG(s) dict_keys(['example_kubernetes_executor']) retrieved from /home/airflow/.local/lib/python3.7/site-packages/airflow/example_dags/example_kubernetes_executor.py
[2024-02-29T08:57:04.123+0000] {logging_mixin.py:137} INFO - [2024-02-29T08:57:04.123+0000] {dag.py:2690} INFO - Sync 1 DAGs
[2024-02-29T08:57:04.134+0000] {logging_mixin.py:137} INFO - [2024-02-29T08:57:04.134+0000] {dag.py:3441} INFO - Setting next_dagrun for example_kubernetes_executor to None, run_after=None
[2024-02-29T08:57:04.141+0000] {processor.py:175} INFO - Processing /home/airflow/.local/lib/python3.7/site-packages/airflow/example_dags/example_kubernetes_executor.py took 0.045 seconds
[2024-02-29T08:57:34.593+0000] {processor.py:153} INFO - Started process (PID=2045) to work on /home/airflow/.local/lib/python3.7/site-packages/airflow/example_dags/example_kubernetes_executor.py
[2024-02-29T08:57:34.594+0000] {processor.py:743} INFO - Processing file /home/airflow/.local/lib/python3.7/site-packages/airflow/example_dags/example_kubernetes_executor.py for tasks to queue
[2024-02-29T08:57:34.594+0000] {logging_mixin.py:137} INFO - [2024-02-29T08:57:34.594+0000] {dagbag.py:538} INFO - Filling up the DagBag from /home/airflow/.local/lib/python3.7/site-packages/airflow/example_dags/example_kubernetes_executor.py
[2024-02-29T08:57:34.607+0000] {processor.py:753} INFO - DAG(s) dict_keys(['example_kubernetes_executor']) retrieved from /home/airflow/.local/lib/python3.7/site-packages/airflow/example_dags/example_kubernetes_executor.py
[2024-02-29T08:57:34.621+0000] {logging_mixin.py:137} INFO - [2024-02-29T08:57:34.621+0000] {dag.py:2690} INFO - Sync 1 DAGs
[2024-02-29T08:57:34.631+0000] {logging_mixin.py:137} INFO - [2024-02-29T08:57:34.631+0000] {dag.py:3441} INFO - Setting next_dagrun for example_kubernetes_executor to None, run_after=None
[2024-02-29T08:57:34.639+0000] {processor.py:175} INFO - Processing /home/airflow/.local/lib/python3.7/site-packages/airflow/example_dags/example_kubernetes_executor.py took 0.047 seconds
[2024-02-29T08:58:05.173+0000] {processor.py:153} INFO - Started process (PID=2121) to work on /home/airflow/.local/lib/python3.7/site-packages/airflow/example_dags/example_kubernetes_executor.py
[2024-02-29T08:58:05.174+0000] {processor.py:743} INFO - Processing file /home/airflow/.local/lib/python3.7/site-packages/airflow/example_dags/example_kubernetes_executor.py for tasks to queue
[2024-02-29T08:58:05.174+0000] {logging_mixin.py:137} INFO - [2024-02-29T08:58:05.174+0000] {dagbag.py:538} INFO - Filling up the DagBag from /home/airflow/.local/lib/python3.7/site-packages/airflow/example_dags/example_kubernetes_executor.py
[2024-02-29T08:58:05.187+0000] {processor.py:753} INFO - DAG(s) dict_keys(['example_kubernetes_executor']) retrieved from /home/airflow/.local/lib/python3.7/site-packages/airflow/example_dags/example_kubernetes_executor.py
[2024-02-29T08:58:05.199+0000] {logging_mixin.py:137} INFO - [2024-02-29T08:58:05.199+0000] {dag.py:2690} INFO - Sync 1 DAGs
[2024-02-29T08:58:05.209+0000] {logging_mixin.py:137} INFO - [2024-02-29T08:58:05.209+0000] {dag.py:3441} INFO - Setting next_dagrun for example_kubernetes_executor to None, run_after=None
[2024-02-29T08:58:05.216+0000] {processor.py:175} INFO - Processing /home/airflow/.local/lib/python3.7/site-packages/airflow/example_dags/example_kubernetes_executor.py took 0.044 seconds
[2024-02-29T08:58:35.650+0000] {processor.py:153} INFO - Started process (PID=2215) to work on /home/airflow/.local/lib/python3.7/site-packages/airflow/example_dags/example_kubernetes_executor.py
[2024-02-29T08:58:35.651+0000] {processor.py:743} INFO - Processing file /home/airflow/.local/lib/python3.7/site-packages/airflow/example_dags/example_kubernetes_executor.py for tasks to queue
[2024-02-29T08:58:35.651+0000] {logging_mixin.py:137} INFO - [2024-02-29T08:58:35.651+0000] {dagbag.py:538} INFO - Filling up the DagBag from /home/airflow/.local/lib/python3.7/site-packages/airflow/example_dags/example_kubernetes_executor.py
[2024-02-29T08:58:35.663+0000] {processor.py:753} INFO - DAG(s) dict_keys(['example_kubernetes_executor']) retrieved from /home/airflow/.local/lib/python3.7/site-packages/airflow/example_dags/example_kubernetes_executor.py
[2024-02-29T08:58:35.676+0000] {logging_mixin.py:137} INFO - [2024-02-29T08:58:35.676+0000] {dag.py:2690} INFO - Sync 1 DAGs
[2024-02-29T08:58:35.688+0000] {logging_mixin.py:137} INFO - [2024-02-29T08:58:35.688+0000] {dag.py:3441} INFO - Setting next_dagrun for example_kubernetes_executor to None, run_after=None
[2024-02-29T08:58:35.696+0000] {processor.py:175} INFO - Processing /home/airflow/.local/lib/python3.7/site-packages/airflow/example_dags/example_kubernetes_executor.py took 0.047 seconds
[2024-02-29T08:59:05.935+0000] {processor.py:153} INFO - Started process (PID=2308) to work on /home/airflow/.local/lib/python3.7/site-packages/airflow/example_dags/example_kubernetes_executor.py
[2024-02-29T08:59:05.936+0000] {processor.py:743} INFO - Processing file /home/airflow/.local/lib/python3.7/site-packages/airflow/example_dags/example_kubernetes_executor.py for tasks to queue
[2024-02-29T08:59:05.936+0000] {logging_mixin.py:137} INFO - [2024-02-29T08:59:05.936+0000] {dagbag.py:538} INFO - Filling up the DagBag from /home/airflow/.local/lib/python3.7/site-packages/airflow/example_dags/example_kubernetes_executor.py
[2024-02-29T08:59:05.949+0000] {processor.py:753} INFO - DAG(s) dict_keys(['example_kubernetes_executor']) retrieved from /home/airflow/.local/lib/python3.7/site-packages/airflow/example_dags/example_kubernetes_executor.py
[2024-02-29T08:59:05.962+0000] {logging_mixin.py:137} INFO - [2024-02-29T08:59:05.962+0000] {dag.py:2690} INFO - Sync 1 DAGs
[2024-02-29T08:59:05.973+0000] {logging_mixin.py:137} INFO - [2024-02-29T08:59:05.973+0000] {dag.py:3441} INFO - Setting next_dagrun for example_kubernetes_executor to None, run_after=None
[2024-02-29T08:59:05.981+0000] {processor.py:175} INFO - Processing /home/airflow/.local/lib/python3.7/site-packages/airflow/example_dags/example_kubernetes_executor.py took 0.047 seconds
[2024-02-29T08:59:36.659+0000] {processor.py:153} INFO - Started process (PID=2402) to work on /home/airflow/.local/lib/python3.7/site-packages/airflow/example_dags/example_kubernetes_executor.py
[2024-02-29T08:59:36.659+0000] {processor.py:743} INFO - Processing file /home/airflow/.local/lib/python3.7/site-packages/airflow/example_dags/example_kubernetes_executor.py for tasks to queue
[2024-02-29T08:59:36.660+0000] {logging_mixin.py:137} INFO - [2024-02-29T08:59:36.660+0000] {dagbag.py:538} INFO - Filling up the DagBag from /home/airflow/.local/lib/python3.7/site-packages/airflow/example_dags/example_kubernetes_executor.py
[2024-02-29T08:59:36.675+0000] {processor.py:753} INFO - DAG(s) dict_keys(['example_kubernetes_executor']) retrieved from /home/airflow/.local/lib/python3.7/site-packages/airflow/example_dags/example_kubernetes_executor.py
[2024-02-29T08:59:36.726+0000] {logging_mixin.py:137} INFO - [2024-02-29T08:59:36.726+0000] {dag.py:2690} INFO - Sync 1 DAGs
[2024-02-29T08:59:36.760+0000] {logging_mixin.py:137} INFO - [2024-02-29T08:59:36.759+0000] {dag.py:3441} INFO - Setting next_dagrun for example_kubernetes_executor to None, run_after=None
[2024-02-29T08:59:36.769+0000] {processor.py:175} INFO - Processing /home/airflow/.local/lib/python3.7/site-packages/airflow/example_dags/example_kubernetes_executor.py took 0.112 seconds
[2024-02-29T09:00:07.263+0000] {processor.py:153} INFO - Started process (PID=2478) to work on /home/airflow/.local/lib/python3.7/site-packages/airflow/example_dags/example_kubernetes_executor.py
[2024-02-29T09:00:07.264+0000] {processor.py:743} INFO - Processing file /home/airflow/.local/lib/python3.7/site-packages/airflow/example_dags/example_kubernetes_executor.py for tasks to queue
[2024-02-29T09:00:07.264+0000] {logging_mixin.py:137} INFO - [2024-02-29T09:00:07.264+0000] {dagbag.py:538} INFO - Filling up the DagBag from /home/airflow/.local/lib/python3.7/site-packages/airflow/example_dags/example_kubernetes_executor.py
[2024-02-29T09:00:07.278+0000] {processor.py:753} INFO - DAG(s) dict_keys(['example_kubernetes_executor']) retrieved from /home/airflow/.local/lib/python3.7/site-packages/airflow/example_dags/example_kubernetes_executor.py
[2024-02-29T09:00:07.291+0000] {logging_mixin.py:137} INFO - [2024-02-29T09:00:07.291+0000] {dag.py:2690} INFO - Sync 1 DAGs
[2024-02-29T09:00:07.303+0000] {logging_mixin.py:137} INFO - [2024-02-29T09:00:07.303+0000] {dag.py:3441} INFO - Setting next_dagrun for example_kubernetes_executor to None, run_after=None
[2024-02-29T09:00:07.311+0000] {processor.py:175} INFO - Processing /home/airflow/.local/lib/python3.7/site-packages/airflow/example_dags/example_kubernetes_executor.py took 0.049 seconds
[2024-02-29T09:00:37.769+0000] {processor.py:153} INFO - Started process (PID=2572) to work on /home/airflow/.local/lib/python3.7/site-packages/airflow/example_dags/example_kubernetes_executor.py
[2024-02-29T09:00:37.770+0000] {processor.py:743} INFO - Processing file /home/airflow/.local/lib/python3.7/site-packages/airflow/example_dags/example_kubernetes_executor.py for tasks to queue
[2024-02-29T09:00:37.770+0000] {logging_mixin.py:137} INFO - [2024-02-29T09:00:37.770+0000] {dagbag.py:538} INFO - Filling up the DagBag from /home/airflow/.local/lib/python3.7/site-packages/airflow/example_dags/example_kubernetes_executor.py
[2024-02-29T09:00:37.783+0000] {processor.py:753} INFO - DAG(s) dict_keys(['example_kubernetes_executor']) retrieved from /home/airflow/.local/lib/python3.7/site-packages/airflow/example_dags/example_kubernetes_executor.py
[2024-02-29T09:00:37.796+0000] {logging_mixin.py:137} INFO - [2024-02-29T09:00:37.796+0000] {dag.py:2690} INFO - Sync 1 DAGs
[2024-02-29T09:00:37.806+0000] {logging_mixin.py:137} INFO - [2024-02-29T09:00:37.806+0000] {dag.py:3441} INFO - Setting next_dagrun for example_kubernetes_executor to None, run_after=None
[2024-02-29T09:00:37.814+0000] {processor.py:175} INFO - Processing /home/airflow/.local/lib/python3.7/site-packages/airflow/example_dags/example_kubernetes_executor.py took 0.046 seconds
[2024-02-29T09:01:08.358+0000] {processor.py:153} INFO - Started process (PID=2666) to work on /home/airflow/.local/lib/python3.7/site-packages/airflow/example_dags/example_kubernetes_executor.py
[2024-02-29T09:01:08.359+0000] {processor.py:743} INFO - Processing file /home/airflow/.local/lib/python3.7/site-packages/airflow/example_dags/example_kubernetes_executor.py for tasks to queue
[2024-02-29T09:01:08.359+0000] {logging_mixin.py:137} INFO - [2024-02-29T09:01:08.359+0000] {dagbag.py:538} INFO - Filling up the DagBag from /home/airflow/.local/lib/python3.7/site-packages/airflow/example_dags/example_kubernetes_executor.py
[2024-02-29T09:01:08.379+0000] {processor.py:753} INFO - DAG(s) dict_keys(['example_kubernetes_executor']) retrieved from /home/airflow/.local/lib/python3.7/site-packages/airflow/example_dags/example_kubernetes_executor.py
[2024-02-29T09:01:08.394+0000] {logging_mixin.py:137} INFO - [2024-02-29T09:01:08.394+0000] {dag.py:2690} INFO - Sync 1 DAGs
[2024-02-29T09:01:08.406+0000] {logging_mixin.py:137} INFO - [2024-02-29T09:01:08.406+0000] {dag.py:3441} INFO - Setting next_dagrun for example_kubernetes_executor to None, run_after=None
[2024-02-29T09:01:08.416+0000] {processor.py:175} INFO - Processing /home/airflow/.local/lib/python3.7/site-packages/airflow/example_dags/example_kubernetes_executor.py took 0.060 seconds
[2024-02-29T09:01:38.863+0000] {processor.py:153} INFO - Started process (PID=2742) to work on /home/airflow/.local/lib/python3.7/site-packages/airflow/example_dags/example_kubernetes_executor.py
[2024-02-29T09:01:38.863+0000] {processor.py:743} INFO - Processing file /home/airflow/.local/lib/python3.7/site-packages/airflow/example_dags/example_kubernetes_executor.py for tasks to queue
[2024-02-29T09:01:38.864+0000] {logging_mixin.py:137} INFO - [2024-02-29T09:01:38.864+0000] {dagbag.py:538} INFO - Filling up the DagBag from /home/airflow/.local/lib/python3.7/site-packages/airflow/example_dags/example_kubernetes_executor.py
[2024-02-29T09:01:38.876+0000] {processor.py:753} INFO - DAG(s) dict_keys(['example_kubernetes_executor']) retrieved from /home/airflow/.local/lib/python3.7/site-packages/airflow/example_dags/example_kubernetes_executor.py
[2024-02-29T09:01:38.889+0000] {logging_mixin.py:137} INFO - [2024-02-29T09:01:38.889+0000] {dag.py:2690} INFO - Sync 1 DAGs
[2024-02-29T09:01:38.899+0000] {logging_mixin.py:137} INFO - [2024-02-29T09:01:38.899+0000] {dag.py:3441} INFO - Setting next_dagrun for example_kubernetes_executor to None, run_after=None
[2024-02-29T09:01:38.908+0000] {processor.py:175} INFO - Processing /home/airflow/.local/lib/python3.7/site-packages/airflow/example_dags/example_kubernetes_executor.py took 0.047 seconds
[2024-02-29T09:02:09.395+0000] {processor.py:153} INFO - Started process (PID=2835) to work on /home/airflow/.local/lib/python3.7/site-packages/airflow/example_dags/example_kubernetes_executor.py
[2024-02-29T09:02:09.399+0000] {processor.py:743} INFO - Processing file /home/airflow/.local/lib/python3.7/site-packages/airflow/example_dags/example_kubernetes_executor.py for tasks to queue
[2024-02-29T09:02:09.400+0000] {logging_mixin.py:137} INFO - [2024-02-29T09:02:09.400+0000] {dagbag.py:538} INFO - Filling up the DagBag from /home/airflow/.local/lib/python3.7/site-packages/airflow/example_dags/example_kubernetes_executor.py
[2024-02-29T09:02:09.413+0000] {processor.py:753} INFO - DAG(s) dict_keys(['example_kubernetes_executor']) retrieved from /home/airflow/.local/lib/python3.7/site-packages/airflow/example_dags/example_kubernetes_executor.py
[2024-02-29T09:02:09.427+0000] {logging_mixin.py:137} INFO - [2024-02-29T09:02:09.427+0000] {dag.py:2690} INFO - Sync 1 DAGs
[2024-02-29T09:02:09.438+0000] {logging_mixin.py:137} INFO - [2024-02-29T09:02:09.438+0000] {dag.py:3441} INFO - Setting next_dagrun for example_kubernetes_executor to None, run_after=None
[2024-02-29T09:02:09.446+0000] {processor.py:175} INFO - Processing /home/airflow/.local/lib/python3.7/site-packages/airflow/example_dags/example_kubernetes_executor.py took 0.052 seconds
[2024-02-29T09:02:39.924+0000] {processor.py:153} INFO - Started process (PID=2929) to work on /home/airflow/.local/lib/python3.7/site-packages/airflow/example_dags/example_kubernetes_executor.py
[2024-02-29T09:02:39.925+0000] {processor.py:743} INFO - Processing file /home/airflow/.local/lib/python3.7/site-packages/airflow/example_dags/example_kubernetes_executor.py for tasks to queue
[2024-02-29T09:02:39.925+0000] {logging_mixin.py:137} INFO - [2024-02-29T09:02:39.925+0000] {dagbag.py:538} INFO - Filling up the DagBag from /home/airflow/.local/lib/python3.7/site-packages/airflow/example_dags/example_kubernetes_executor.py
[2024-02-29T09:02:39.939+0000] {processor.py:753} INFO - DAG(s) dict_keys(['example_kubernetes_executor']) retrieved from /home/airflow/.local/lib/python3.7/site-packages/airflow/example_dags/example_kubernetes_executor.py
[2024-02-29T09:02:39.953+0000] {logging_mixin.py:137} INFO - [2024-02-29T09:02:39.953+0000] {dag.py:2690} INFO - Sync 1 DAGs
[2024-02-29T09:02:39.964+0000] {logging_mixin.py:137} INFO - [2024-02-29T09:02:39.964+0000] {dag.py:3441} INFO - Setting next_dagrun for example_kubernetes_executor to None, run_after=None
[2024-02-29T09:02:39.971+0000] {processor.py:175} INFO - Processing /home/airflow/.local/lib/python3.7/site-packages/airflow/example_dags/example_kubernetes_executor.py took 0.048 seconds
[2024-02-29T09:03:10.828+0000] {processor.py:153} INFO - Started process (PID=3022) to work on /home/airflow/.local/lib/python3.7/site-packages/airflow/example_dags/example_kubernetes_executor.py
[2024-02-29T09:03:10.828+0000] {processor.py:743} INFO - Processing file /home/airflow/.local/lib/python3.7/site-packages/airflow/example_dags/example_kubernetes_executor.py for tasks to queue
[2024-02-29T09:03:10.830+0000] {logging_mixin.py:137} INFO - [2024-02-29T09:03:10.830+0000] {dagbag.py:538} INFO - Filling up the DagBag from /home/airflow/.local/lib/python3.7/site-packages/airflow/example_dags/example_kubernetes_executor.py
[2024-02-29T09:03:10.846+0000] {processor.py:753} INFO - DAG(s) dict_keys(['example_kubernetes_executor']) retrieved from /home/airflow/.local/lib/python3.7/site-packages/airflow/example_dags/example_kubernetes_executor.py
[2024-02-29T09:03:10.876+0000] {logging_mixin.py:137} INFO - [2024-02-29T09:03:10.876+0000] {dag.py:2690} INFO - Sync 1 DAGs
[2024-02-29T09:03:10.905+0000] {logging_mixin.py:137} INFO - [2024-02-29T09:03:10.904+0000] {dag.py:3441} INFO - Setting next_dagrun for example_kubernetes_executor to None, run_after=None
[2024-02-29T09:03:10.929+0000] {processor.py:175} INFO - Processing /home/airflow/.local/lib/python3.7/site-packages/airflow/example_dags/example_kubernetes_executor.py took 0.104 seconds
