[2024-02-29T08:46:24.919+0000] {processor.py:153} INFO - Started process (PID=56) to work on /home/airflow/.local/lib/python3.7/site-packages/airflow/example_dags/example_subdag_operator.py
[2024-02-29T08:46:24.919+0000] {processor.py:743} INFO - Processing file /home/airflow/.local/lib/python3.7/site-packages/airflow/example_dags/example_subdag_operator.py for tasks to queue
[2024-02-29T08:46:24.920+0000] {logging_mixin.py:137} INFO - [2024-02-29T08:46:24.920+0000] {dagbag.py:538} INFO - Filling up the DagBag from /home/airflow/.local/lib/python3.7/site-packages/airflow/example_dags/example_subdag_operator.py
[2024-02-29T08:46:24.942+0000] {processor.py:753} INFO - DAG(s) dict_keys(['example_subdag_operator.section-1', 'example_subdag_operator.section-2', 'example_subdag_operator']) retrieved from /home/airflow/.local/lib/python3.7/site-packages/airflow/example_dags/example_subdag_operator.py
[2024-02-29T08:46:24.956+0000] {logging_mixin.py:137} INFO - [2024-02-29T08:46:24.956+0000] {dag.py:2690} INFO - Sync 3 DAGs
[2024-02-29T08:46:24.969+0000] {logging_mixin.py:137} INFO - [2024-02-29T08:46:24.969+0000] {dag.py:3441} INFO - Setting next_dagrun for example_subdag_operator to 2022-01-01T00:00:00+00:00, run_after=2022-01-01T00:00:00+00:00
[2024-02-29T08:46:24.971+0000] {logging_mixin.py:137} INFO - [2024-02-29T08:46:24.971+0000] {dag.py:3441} INFO - Setting next_dagrun for example_subdag_operator.section-1 to None, run_after=None
[2024-02-29T08:46:24.972+0000] {logging_mixin.py:137} INFO - [2024-02-29T08:46:24.972+0000] {dag.py:3441} INFO - Setting next_dagrun for example_subdag_operator.section-2 to None, run_after=None
[2024-02-29T08:46:24.976+0000] {logging_mixin.py:137} INFO - [2024-02-29T08:46:24.976+0000] {dag.py:2690} INFO - Sync 2 DAGs
[2024-02-29T08:46:24.979+0000] {logging_mixin.py:137} INFO - [2024-02-29T08:46:24.979+0000] {dag.py:3441} INFO - Setting next_dagrun for example_subdag_operator.section-1 to None, run_after=None
[2024-02-29T08:46:24.979+0000] {logging_mixin.py:137} INFO - [2024-02-29T08:46:24.979+0000] {dag.py:3441} INFO - Setting next_dagrun for example_subdag_operator.section-2 to None, run_after=None
[2024-02-29T08:46:24.984+0000] {processor.py:175} INFO - Processing /home/airflow/.local/lib/python3.7/site-packages/airflow/example_dags/example_subdag_operator.py took 0.068 seconds
[2024-02-29T08:46:55.702+0000] {processor.py:153} INFO - Started process (PID=149) to work on /home/airflow/.local/lib/python3.7/site-packages/airflow/example_dags/example_subdag_operator.py
[2024-02-29T08:46:55.703+0000] {processor.py:743} INFO - Processing file /home/airflow/.local/lib/python3.7/site-packages/airflow/example_dags/example_subdag_operator.py for tasks to queue
[2024-02-29T08:46:55.703+0000] {logging_mixin.py:137} INFO - [2024-02-29T08:46:55.703+0000] {dagbag.py:538} INFO - Filling up the DagBag from /home/airflow/.local/lib/python3.7/site-packages/airflow/example_dags/example_subdag_operator.py
[2024-02-29T08:46:55.717+0000] {processor.py:753} INFO - DAG(s) dict_keys(['example_subdag_operator.section-1', 'example_subdag_operator.section-2', 'example_subdag_operator']) retrieved from /home/airflow/.local/lib/python3.7/site-packages/airflow/example_dags/example_subdag_operator.py
[2024-02-29T08:46:55.725+0000] {logging_mixin.py:137} INFO - [2024-02-29T08:46:55.725+0000] {dag.py:2690} INFO - Sync 3 DAGs
[2024-02-29T08:46:55.735+0000] {logging_mixin.py:137} INFO - [2024-02-29T08:46:55.735+0000] {dag.py:3441} INFO - Setting next_dagrun for example_subdag_operator to 2022-01-01T00:00:00+00:00, run_after=2022-01-01T00:00:00+00:00
[2024-02-29T08:46:55.737+0000] {logging_mixin.py:137} INFO - [2024-02-29T08:46:55.737+0000] {dag.py:3441} INFO - Setting next_dagrun for example_subdag_operator.section-1 to None, run_after=None
[2024-02-29T08:46:55.737+0000] {logging_mixin.py:137} INFO - [2024-02-29T08:46:55.737+0000] {dag.py:3441} INFO - Setting next_dagrun for example_subdag_operator.section-2 to None, run_after=None
[2024-02-29T08:46:55.741+0000] {logging_mixin.py:137} INFO - [2024-02-29T08:46:55.741+0000] {dag.py:2690} INFO - Sync 2 DAGs
[2024-02-29T08:46:55.743+0000] {logging_mixin.py:137} INFO - [2024-02-29T08:46:55.743+0000] {dag.py:3441} INFO - Setting next_dagrun for example_subdag_operator.section-1 to None, run_after=None
[2024-02-29T08:46:55.744+0000] {logging_mixin.py:137} INFO - [2024-02-29T08:46:55.743+0000] {dag.py:3441} INFO - Setting next_dagrun for example_subdag_operator.section-2 to None, run_after=None
[2024-02-29T08:46:55.749+0000] {processor.py:175} INFO - Processing /home/airflow/.local/lib/python3.7/site-packages/airflow/example_dags/example_subdag_operator.py took 0.048 seconds
[2024-02-29T08:47:26.025+0000] {processor.py:153} INFO - Started process (PID=243) to work on /home/airflow/.local/lib/python3.7/site-packages/airflow/example_dags/example_subdag_operator.py
[2024-02-29T08:47:26.025+0000] {processor.py:743} INFO - Processing file /home/airflow/.local/lib/python3.7/site-packages/airflow/example_dags/example_subdag_operator.py for tasks to queue
[2024-02-29T08:47:26.025+0000] {logging_mixin.py:137} INFO - [2024-02-29T08:47:26.025+0000] {dagbag.py:538} INFO - Filling up the DagBag from /home/airflow/.local/lib/python3.7/site-packages/airflow/example_dags/example_subdag_operator.py
[2024-02-29T08:47:26.039+0000] {processor.py:753} INFO - DAG(s) dict_keys(['example_subdag_operator.section-1', 'example_subdag_operator.section-2', 'example_subdag_operator']) retrieved from /home/airflow/.local/lib/python3.7/site-packages/airflow/example_dags/example_subdag_operator.py
[2024-02-29T08:47:26.047+0000] {logging_mixin.py:137} INFO - [2024-02-29T08:47:26.047+0000] {dag.py:2690} INFO - Sync 3 DAGs
[2024-02-29T08:47:26.057+0000] {logging_mixin.py:137} INFO - [2024-02-29T08:47:26.057+0000] {dag.py:3441} INFO - Setting next_dagrun for example_subdag_operator to 2022-01-01T00:00:00+00:00, run_after=2022-01-01T00:00:00+00:00
[2024-02-29T08:47:26.059+0000] {logging_mixin.py:137} INFO - [2024-02-29T08:47:26.059+0000] {dag.py:3441} INFO - Setting next_dagrun for example_subdag_operator.section-1 to None, run_after=None
[2024-02-29T08:47:26.059+0000] {logging_mixin.py:137} INFO - [2024-02-29T08:47:26.059+0000] {dag.py:3441} INFO - Setting next_dagrun for example_subdag_operator.section-2 to None, run_after=None
[2024-02-29T08:47:26.062+0000] {logging_mixin.py:137} INFO - [2024-02-29T08:47:26.062+0000] {dag.py:2690} INFO - Sync 2 DAGs
[2024-02-29T08:47:26.064+0000] {logging_mixin.py:137} INFO - [2024-02-29T08:47:26.064+0000] {dag.py:3441} INFO - Setting next_dagrun for example_subdag_operator.section-1 to None, run_after=None
[2024-02-29T08:47:26.064+0000] {logging_mixin.py:137} INFO - [2024-02-29T08:47:26.064+0000] {dag.py:3441} INFO - Setting next_dagrun for example_subdag_operator.section-2 to None, run_after=None
[2024-02-29T08:47:26.069+0000] {processor.py:175} INFO - Processing /home/airflow/.local/lib/python3.7/site-packages/airflow/example_dags/example_subdag_operator.py took 0.046 seconds
[2024-02-29T08:47:56.337+0000] {processor.py:153} INFO - Started process (PID=319) to work on /home/airflow/.local/lib/python3.7/site-packages/airflow/example_dags/example_subdag_operator.py
[2024-02-29T08:47:56.337+0000] {processor.py:743} INFO - Processing file /home/airflow/.local/lib/python3.7/site-packages/airflow/example_dags/example_subdag_operator.py for tasks to queue
[2024-02-29T08:47:56.338+0000] {logging_mixin.py:137} INFO - [2024-02-29T08:47:56.338+0000] {dagbag.py:538} INFO - Filling up the DagBag from /home/airflow/.local/lib/python3.7/site-packages/airflow/example_dags/example_subdag_operator.py
[2024-02-29T08:47:56.351+0000] {processor.py:753} INFO - DAG(s) dict_keys(['example_subdag_operator.section-1', 'example_subdag_operator.section-2', 'example_subdag_operator']) retrieved from /home/airflow/.local/lib/python3.7/site-packages/airflow/example_dags/example_subdag_operator.py
[2024-02-29T08:47:56.359+0000] {logging_mixin.py:137} INFO - [2024-02-29T08:47:56.359+0000] {dag.py:2690} INFO - Sync 3 DAGs
[2024-02-29T08:47:56.370+0000] {logging_mixin.py:137} INFO - [2024-02-29T08:47:56.370+0000] {dag.py:3441} INFO - Setting next_dagrun for example_subdag_operator to 2022-01-01T00:00:00+00:00, run_after=2022-01-01T00:00:00+00:00
[2024-02-29T08:47:56.373+0000] {logging_mixin.py:137} INFO - [2024-02-29T08:47:56.372+0000] {dag.py:3441} INFO - Setting next_dagrun for example_subdag_operator.section-1 to None, run_after=None
[2024-02-29T08:47:56.373+0000] {logging_mixin.py:137} INFO - [2024-02-29T08:47:56.373+0000] {dag.py:3441} INFO - Setting next_dagrun for example_subdag_operator.section-2 to None, run_after=None
[2024-02-29T08:47:56.376+0000] {logging_mixin.py:137} INFO - [2024-02-29T08:47:56.376+0000] {dag.py:2690} INFO - Sync 2 DAGs
[2024-02-29T08:47:56.379+0000] {logging_mixin.py:137} INFO - [2024-02-29T08:47:56.379+0000] {dag.py:3441} INFO - Setting next_dagrun for example_subdag_operator.section-1 to None, run_after=None
[2024-02-29T08:47:56.379+0000] {logging_mixin.py:137} INFO - [2024-02-29T08:47:56.379+0000] {dag.py:3441} INFO - Setting next_dagrun for example_subdag_operator.section-2 to None, run_after=None
[2024-02-29T08:47:56.384+0000] {processor.py:175} INFO - Processing /home/airflow/.local/lib/python3.7/site-packages/airflow/example_dags/example_subdag_operator.py took 0.048 seconds
[2024-02-29T08:48:26.883+0000] {processor.py:153} INFO - Started process (PID=412) to work on /home/airflow/.local/lib/python3.7/site-packages/airflow/example_dags/example_subdag_operator.py
[2024-02-29T08:48:26.883+0000] {processor.py:743} INFO - Processing file /home/airflow/.local/lib/python3.7/site-packages/airflow/example_dags/example_subdag_operator.py for tasks to queue
[2024-02-29T08:48:26.884+0000] {logging_mixin.py:137} INFO - [2024-02-29T08:48:26.883+0000] {dagbag.py:538} INFO - Filling up the DagBag from /home/airflow/.local/lib/python3.7/site-packages/airflow/example_dags/example_subdag_operator.py
[2024-02-29T08:48:26.897+0000] {processor.py:753} INFO - DAG(s) dict_keys(['example_subdag_operator.section-1', 'example_subdag_operator.section-2', 'example_subdag_operator']) retrieved from /home/airflow/.local/lib/python3.7/site-packages/airflow/example_dags/example_subdag_operator.py
[2024-02-29T08:48:26.905+0000] {logging_mixin.py:137} INFO - [2024-02-29T08:48:26.905+0000] {dag.py:2690} INFO - Sync 3 DAGs
[2024-02-29T08:48:26.915+0000] {logging_mixin.py:137} INFO - [2024-02-29T08:48:26.915+0000] {dag.py:3441} INFO - Setting next_dagrun for example_subdag_operator to 2022-01-01T00:00:00+00:00, run_after=2022-01-01T00:00:00+00:00
[2024-02-29T08:48:26.917+0000] {logging_mixin.py:137} INFO - [2024-02-29T08:48:26.917+0000] {dag.py:3441} INFO - Setting next_dagrun for example_subdag_operator.section-1 to None, run_after=None
[2024-02-29T08:48:26.917+0000] {logging_mixin.py:137} INFO - [2024-02-29T08:48:26.917+0000] {dag.py:3441} INFO - Setting next_dagrun for example_subdag_operator.section-2 to None, run_after=None
[2024-02-29T08:48:26.920+0000] {logging_mixin.py:137} INFO - [2024-02-29T08:48:26.920+0000] {dag.py:2690} INFO - Sync 2 DAGs
[2024-02-29T08:48:26.923+0000] {logging_mixin.py:137} INFO - [2024-02-29T08:48:26.923+0000] {dag.py:3441} INFO - Setting next_dagrun for example_subdag_operator.section-1 to None, run_after=None
[2024-02-29T08:48:26.923+0000] {logging_mixin.py:137} INFO - [2024-02-29T08:48:26.923+0000] {dag.py:3441} INFO - Setting next_dagrun for example_subdag_operator.section-2 to None, run_after=None
[2024-02-29T08:48:26.927+0000] {processor.py:175} INFO - Processing /home/airflow/.local/lib/python3.7/site-packages/airflow/example_dags/example_subdag_operator.py took 0.045 seconds
[2024-02-29T08:48:57.229+0000] {processor.py:153} INFO - Started process (PID=506) to work on /home/airflow/.local/lib/python3.7/site-packages/airflow/example_dags/example_subdag_operator.py
[2024-02-29T08:48:57.229+0000] {processor.py:743} INFO - Processing file /home/airflow/.local/lib/python3.7/site-packages/airflow/example_dags/example_subdag_operator.py for tasks to queue
[2024-02-29T08:48:57.230+0000] {logging_mixin.py:137} INFO - [2024-02-29T08:48:57.230+0000] {dagbag.py:538} INFO - Filling up the DagBag from /home/airflow/.local/lib/python3.7/site-packages/airflow/example_dags/example_subdag_operator.py
[2024-02-29T08:48:57.244+0000] {processor.py:753} INFO - DAG(s) dict_keys(['example_subdag_operator.section-1', 'example_subdag_operator.section-2', 'example_subdag_operator']) retrieved from /home/airflow/.local/lib/python3.7/site-packages/airflow/example_dags/example_subdag_operator.py
[2024-02-29T08:48:57.252+0000] {logging_mixin.py:137} INFO - [2024-02-29T08:48:57.252+0000] {dag.py:2690} INFO - Sync 3 DAGs
[2024-02-29T08:48:57.263+0000] {logging_mixin.py:137} INFO - [2024-02-29T08:48:57.262+0000] {dag.py:3441} INFO - Setting next_dagrun for example_subdag_operator to 2022-01-01T00:00:00+00:00, run_after=2022-01-01T00:00:00+00:00
[2024-02-29T08:48:57.264+0000] {logging_mixin.py:137} INFO - [2024-02-29T08:48:57.264+0000] {dag.py:3441} INFO - Setting next_dagrun for example_subdag_operator.section-1 to None, run_after=None
[2024-02-29T08:48:57.265+0000] {logging_mixin.py:137} INFO - [2024-02-29T08:48:57.265+0000] {dag.py:3441} INFO - Setting next_dagrun for example_subdag_operator.section-2 to None, run_after=None
[2024-02-29T08:48:57.268+0000] {logging_mixin.py:137} INFO - [2024-02-29T08:48:57.268+0000] {dag.py:2690} INFO - Sync 2 DAGs
[2024-02-29T08:48:57.270+0000] {logging_mixin.py:137} INFO - [2024-02-29T08:48:57.270+0000] {dag.py:3441} INFO - Setting next_dagrun for example_subdag_operator.section-1 to None, run_after=None
[2024-02-29T08:48:57.271+0000] {logging_mixin.py:137} INFO - [2024-02-29T08:48:57.271+0000] {dag.py:3441} INFO - Setting next_dagrun for example_subdag_operator.section-2 to None, run_after=None
[2024-02-29T08:48:57.275+0000] {processor.py:175} INFO - Processing /home/airflow/.local/lib/python3.7/site-packages/airflow/example_dags/example_subdag_operator.py took 0.048 seconds
[2024-02-29T08:49:27.665+0000] {processor.py:153} INFO - Started process (PID=600) to work on /home/airflow/.local/lib/python3.7/site-packages/airflow/example_dags/example_subdag_operator.py
[2024-02-29T08:49:27.665+0000] {processor.py:743} INFO - Processing file /home/airflow/.local/lib/python3.7/site-packages/airflow/example_dags/example_subdag_operator.py for tasks to queue
[2024-02-29T08:49:27.665+0000] {logging_mixin.py:137} INFO - [2024-02-29T08:49:27.665+0000] {dagbag.py:538} INFO - Filling up the DagBag from /home/airflow/.local/lib/python3.7/site-packages/airflow/example_dags/example_subdag_operator.py
[2024-02-29T08:49:27.679+0000] {processor.py:753} INFO - DAG(s) dict_keys(['example_subdag_operator.section-1', 'example_subdag_operator.section-2', 'example_subdag_operator']) retrieved from /home/airflow/.local/lib/python3.7/site-packages/airflow/example_dags/example_subdag_operator.py
[2024-02-29T08:49:27.687+0000] {logging_mixin.py:137} INFO - [2024-02-29T08:49:27.687+0000] {dag.py:2690} INFO - Sync 3 DAGs
[2024-02-29T08:49:27.698+0000] {logging_mixin.py:137} INFO - [2024-02-29T08:49:27.698+0000] {dag.py:3441} INFO - Setting next_dagrun for example_subdag_operator to 2022-01-01T00:00:00+00:00, run_after=2022-01-01T00:00:00+00:00
[2024-02-29T08:49:27.699+0000] {logging_mixin.py:137} INFO - [2024-02-29T08:49:27.699+0000] {dag.py:3441} INFO - Setting next_dagrun for example_subdag_operator.section-1 to None, run_after=None
[2024-02-29T08:49:27.700+0000] {logging_mixin.py:137} INFO - [2024-02-29T08:49:27.700+0000] {dag.py:3441} INFO - Setting next_dagrun for example_subdag_operator.section-2 to None, run_after=None
[2024-02-29T08:49:27.703+0000] {logging_mixin.py:137} INFO - [2024-02-29T08:49:27.703+0000] {dag.py:2690} INFO - Sync 2 DAGs
[2024-02-29T08:49:27.706+0000] {logging_mixin.py:137} INFO - [2024-02-29T08:49:27.706+0000] {dag.py:3441} INFO - Setting next_dagrun for example_subdag_operator.section-1 to None, run_after=None
[2024-02-29T08:49:27.706+0000] {logging_mixin.py:137} INFO - [2024-02-29T08:49:27.706+0000] {dag.py:3441} INFO - Setting next_dagrun for example_subdag_operator.section-2 to None, run_after=None
[2024-02-29T08:49:27.710+0000] {processor.py:175} INFO - Processing /home/airflow/.local/lib/python3.7/site-packages/airflow/example_dags/example_subdag_operator.py took 0.047 seconds
[2024-02-29T08:49:57.989+0000] {processor.py:153} INFO - Started process (PID=675) to work on /home/airflow/.local/lib/python3.7/site-packages/airflow/example_dags/example_subdag_operator.py
[2024-02-29T08:49:57.989+0000] {processor.py:743} INFO - Processing file /home/airflow/.local/lib/python3.7/site-packages/airflow/example_dags/example_subdag_operator.py for tasks to queue
[2024-02-29T08:49:57.989+0000] {logging_mixin.py:137} INFO - [2024-02-29T08:49:57.989+0000] {dagbag.py:538} INFO - Filling up the DagBag from /home/airflow/.local/lib/python3.7/site-packages/airflow/example_dags/example_subdag_operator.py
[2024-02-29T08:49:58.003+0000] {processor.py:753} INFO - DAG(s) dict_keys(['example_subdag_operator.section-1', 'example_subdag_operator.section-2', 'example_subdag_operator']) retrieved from /home/airflow/.local/lib/python3.7/site-packages/airflow/example_dags/example_subdag_operator.py
[2024-02-29T08:49:58.010+0000] {logging_mixin.py:137} INFO - [2024-02-29T08:49:58.010+0000] {dag.py:2690} INFO - Sync 3 DAGs
[2024-02-29T08:49:58.021+0000] {logging_mixin.py:137} INFO - [2024-02-29T08:49:58.021+0000] {dag.py:3441} INFO - Setting next_dagrun for example_subdag_operator to 2022-01-01T00:00:00+00:00, run_after=2022-01-01T00:00:00+00:00
[2024-02-29T08:49:58.023+0000] {logging_mixin.py:137} INFO - [2024-02-29T08:49:58.023+0000] {dag.py:3441} INFO - Setting next_dagrun for example_subdag_operator.section-1 to None, run_after=None
[2024-02-29T08:49:58.024+0000] {logging_mixin.py:137} INFO - [2024-02-29T08:49:58.024+0000] {dag.py:3441} INFO - Setting next_dagrun for example_subdag_operator.section-2 to None, run_after=None
[2024-02-29T08:49:58.027+0000] {logging_mixin.py:137} INFO - [2024-02-29T08:49:58.027+0000] {dag.py:2690} INFO - Sync 2 DAGs
[2024-02-29T08:49:58.029+0000] {logging_mixin.py:137} INFO - [2024-02-29T08:49:58.029+0000] {dag.py:3441} INFO - Setting next_dagrun for example_subdag_operator.section-1 to None, run_after=None
[2024-02-29T08:49:58.030+0000] {logging_mixin.py:137} INFO - [2024-02-29T08:49:58.030+0000] {dag.py:3441} INFO - Setting next_dagrun for example_subdag_operator.section-2 to None, run_after=None
[2024-02-29T08:49:58.035+0000] {processor.py:175} INFO - Processing /home/airflow/.local/lib/python3.7/site-packages/airflow/example_dags/example_subdag_operator.py took 0.048 seconds
[2024-02-29T08:50:28.361+0000] {processor.py:153} INFO - Started process (PID=769) to work on /home/airflow/.local/lib/python3.7/site-packages/airflow/example_dags/example_subdag_operator.py
[2024-02-29T08:50:28.362+0000] {processor.py:743} INFO - Processing file /home/airflow/.local/lib/python3.7/site-packages/airflow/example_dags/example_subdag_operator.py for tasks to queue
[2024-02-29T08:50:28.362+0000] {logging_mixin.py:137} INFO - [2024-02-29T08:50:28.362+0000] {dagbag.py:538} INFO - Filling up the DagBag from /home/airflow/.local/lib/python3.7/site-packages/airflow/example_dags/example_subdag_operator.py
[2024-02-29T08:50:28.390+0000] {processor.py:753} INFO - DAG(s) dict_keys(['example_subdag_operator.section-1', 'example_subdag_operator.section-2', 'example_subdag_operator']) retrieved from /home/airflow/.local/lib/python3.7/site-packages/airflow/example_dags/example_subdag_operator.py
[2024-02-29T08:50:28.399+0000] {logging_mixin.py:137} INFO - [2024-02-29T08:50:28.399+0000] {dag.py:2690} INFO - Sync 3 DAGs
[2024-02-29T08:50:28.414+0000] {logging_mixin.py:137} INFO - [2024-02-29T08:50:28.413+0000] {dag.py:3441} INFO - Setting next_dagrun for example_subdag_operator to 2022-01-01T00:00:00+00:00, run_after=2022-01-01T00:00:00+00:00
[2024-02-29T08:50:28.415+0000] {logging_mixin.py:137} INFO - [2024-02-29T08:50:28.415+0000] {dag.py:3441} INFO - Setting next_dagrun for example_subdag_operator.section-1 to None, run_after=None
[2024-02-29T08:50:28.416+0000] {logging_mixin.py:137} INFO - [2024-02-29T08:50:28.416+0000] {dag.py:3441} INFO - Setting next_dagrun for example_subdag_operator.section-2 to None, run_after=None
[2024-02-29T08:50:28.421+0000] {logging_mixin.py:137} INFO - [2024-02-29T08:50:28.421+0000] {dag.py:2690} INFO - Sync 2 DAGs
[2024-02-29T08:50:28.424+0000] {logging_mixin.py:137} INFO - [2024-02-29T08:50:28.424+0000] {dag.py:3441} INFO - Setting next_dagrun for example_subdag_operator.section-1 to None, run_after=None
[2024-02-29T08:50:28.424+0000] {logging_mixin.py:137} INFO - [2024-02-29T08:50:28.424+0000] {dag.py:3441} INFO - Setting next_dagrun for example_subdag_operator.section-2 to None, run_after=None
[2024-02-29T08:50:28.429+0000] {processor.py:175} INFO - Processing /home/airflow/.local/lib/python3.7/site-packages/airflow/example_dags/example_subdag_operator.py took 0.071 seconds
[2024-02-29T08:50:58.921+0000] {processor.py:153} INFO - Started process (PID=863) to work on /home/airflow/.local/lib/python3.7/site-packages/airflow/example_dags/example_subdag_operator.py
[2024-02-29T08:50:58.922+0000] {processor.py:743} INFO - Processing file /home/airflow/.local/lib/python3.7/site-packages/airflow/example_dags/example_subdag_operator.py for tasks to queue
[2024-02-29T08:50:58.922+0000] {logging_mixin.py:137} INFO - [2024-02-29T08:50:58.922+0000] {dagbag.py:538} INFO - Filling up the DagBag from /home/airflow/.local/lib/python3.7/site-packages/airflow/example_dags/example_subdag_operator.py
[2024-02-29T08:50:58.937+0000] {processor.py:753} INFO - DAG(s) dict_keys(['example_subdag_operator.section-1', 'example_subdag_operator.section-2', 'example_subdag_operator']) retrieved from /home/airflow/.local/lib/python3.7/site-packages/airflow/example_dags/example_subdag_operator.py
[2024-02-29T08:50:58.945+0000] {logging_mixin.py:137} INFO - [2024-02-29T08:50:58.945+0000] {dag.py:2690} INFO - Sync 3 DAGs
[2024-02-29T08:50:58.955+0000] {logging_mixin.py:137} INFO - [2024-02-29T08:50:58.955+0000] {dag.py:3441} INFO - Setting next_dagrun for example_subdag_operator to 2022-01-01T00:00:00+00:00, run_after=2022-01-01T00:00:00+00:00
[2024-02-29T08:50:58.957+0000] {logging_mixin.py:137} INFO - [2024-02-29T08:50:58.957+0000] {dag.py:3441} INFO - Setting next_dagrun for example_subdag_operator.section-1 to None, run_after=None
[2024-02-29T08:50:58.957+0000] {logging_mixin.py:137} INFO - [2024-02-29T08:50:58.957+0000] {dag.py:3441} INFO - Setting next_dagrun for example_subdag_operator.section-2 to None, run_after=None
[2024-02-29T08:50:58.960+0000] {logging_mixin.py:137} INFO - [2024-02-29T08:50:58.960+0000] {dag.py:2690} INFO - Sync 2 DAGs
[2024-02-29T08:50:58.963+0000] {logging_mixin.py:137} INFO - [2024-02-29T08:50:58.963+0000] {dag.py:3441} INFO - Setting next_dagrun for example_subdag_operator.section-1 to None, run_after=None
[2024-02-29T08:50:58.963+0000] {logging_mixin.py:137} INFO - [2024-02-29T08:50:58.963+0000] {dag.py:3441} INFO - Setting next_dagrun for example_subdag_operator.section-2 to None, run_after=None
[2024-02-29T08:50:58.967+0000] {processor.py:175} INFO - Processing /home/airflow/.local/lib/python3.7/site-packages/airflow/example_dags/example_subdag_operator.py took 0.047 seconds
[2024-02-29T08:51:29.286+0000] {processor.py:153} INFO - Started process (PID=956) to work on /home/airflow/.local/lib/python3.7/site-packages/airflow/example_dags/example_subdag_operator.py
[2024-02-29T08:51:29.286+0000] {processor.py:743} INFO - Processing file /home/airflow/.local/lib/python3.7/site-packages/airflow/example_dags/example_subdag_operator.py for tasks to queue
[2024-02-29T08:51:29.286+0000] {logging_mixin.py:137} INFO - [2024-02-29T08:51:29.286+0000] {dagbag.py:538} INFO - Filling up the DagBag from /home/airflow/.local/lib/python3.7/site-packages/airflow/example_dags/example_subdag_operator.py
[2024-02-29T08:51:29.300+0000] {processor.py:753} INFO - DAG(s) dict_keys(['example_subdag_operator.section-1', 'example_subdag_operator.section-2', 'example_subdag_operator']) retrieved from /home/airflow/.local/lib/python3.7/site-packages/airflow/example_dags/example_subdag_operator.py
[2024-02-29T08:51:29.307+0000] {logging_mixin.py:137} INFO - [2024-02-29T08:51:29.307+0000] {dag.py:2690} INFO - Sync 3 DAGs
[2024-02-29T08:51:29.317+0000] {logging_mixin.py:137} INFO - [2024-02-29T08:51:29.317+0000] {dag.py:3441} INFO - Setting next_dagrun for example_subdag_operator to 2022-01-01T00:00:00+00:00, run_after=2022-01-01T00:00:00+00:00
[2024-02-29T08:51:29.319+0000] {logging_mixin.py:137} INFO - [2024-02-29T08:51:29.319+0000] {dag.py:3441} INFO - Setting next_dagrun for example_subdag_operator.section-1 to None, run_after=None
[2024-02-29T08:51:29.320+0000] {logging_mixin.py:137} INFO - [2024-02-29T08:51:29.320+0000] {dag.py:3441} INFO - Setting next_dagrun for example_subdag_operator.section-2 to None, run_after=None
[2024-02-29T08:51:29.323+0000] {logging_mixin.py:137} INFO - [2024-02-29T08:51:29.323+0000] {dag.py:2690} INFO - Sync 2 DAGs
[2024-02-29T08:51:29.325+0000] {logging_mixin.py:137} INFO - [2024-02-29T08:51:29.325+0000] {dag.py:3441} INFO - Setting next_dagrun for example_subdag_operator.section-1 to None, run_after=None
[2024-02-29T08:51:29.325+0000] {logging_mixin.py:137} INFO - [2024-02-29T08:51:29.325+0000] {dag.py:3441} INFO - Setting next_dagrun for example_subdag_operator.section-2 to None, run_after=None
[2024-02-29T08:51:29.330+0000] {processor.py:175} INFO - Processing /home/airflow/.local/lib/python3.7/site-packages/airflow/example_dags/example_subdag_operator.py took 0.045 seconds
[2024-02-29T08:51:59.665+0000] {processor.py:153} INFO - Started process (PID=1032) to work on /home/airflow/.local/lib/python3.7/site-packages/airflow/example_dags/example_subdag_operator.py
[2024-02-29T08:51:59.665+0000] {processor.py:743} INFO - Processing file /home/airflow/.local/lib/python3.7/site-packages/airflow/example_dags/example_subdag_operator.py for tasks to queue
[2024-02-29T08:51:59.665+0000] {logging_mixin.py:137} INFO - [2024-02-29T08:51:59.665+0000] {dagbag.py:538} INFO - Filling up the DagBag from /home/airflow/.local/lib/python3.7/site-packages/airflow/example_dags/example_subdag_operator.py
[2024-02-29T08:51:59.679+0000] {processor.py:753} INFO - DAG(s) dict_keys(['example_subdag_operator.section-1', 'example_subdag_operator.section-2', 'example_subdag_operator']) retrieved from /home/airflow/.local/lib/python3.7/site-packages/airflow/example_dags/example_subdag_operator.py
[2024-02-29T08:51:59.687+0000] {logging_mixin.py:137} INFO - [2024-02-29T08:51:59.686+0000] {dag.py:2690} INFO - Sync 3 DAGs
[2024-02-29T08:51:59.698+0000] {logging_mixin.py:137} INFO - [2024-02-29T08:51:59.697+0000] {dag.py:3441} INFO - Setting next_dagrun for example_subdag_operator to 2022-01-01T00:00:00+00:00, run_after=2022-01-01T00:00:00+00:00
[2024-02-29T08:51:59.699+0000] {logging_mixin.py:137} INFO - [2024-02-29T08:51:59.699+0000] {dag.py:3441} INFO - Setting next_dagrun for example_subdag_operator.section-1 to None, run_after=None
[2024-02-29T08:51:59.700+0000] {logging_mixin.py:137} INFO - [2024-02-29T08:51:59.700+0000] {dag.py:3441} INFO - Setting next_dagrun for example_subdag_operator.section-2 to None, run_after=None
[2024-02-29T08:51:59.703+0000] {logging_mixin.py:137} INFO - [2024-02-29T08:51:59.703+0000] {dag.py:2690} INFO - Sync 2 DAGs
[2024-02-29T08:51:59.705+0000] {logging_mixin.py:137} INFO - [2024-02-29T08:51:59.705+0000] {dag.py:3441} INFO - Setting next_dagrun for example_subdag_operator.section-1 to None, run_after=None
[2024-02-29T08:51:59.706+0000] {logging_mixin.py:137} INFO - [2024-02-29T08:51:59.706+0000] {dag.py:3441} INFO - Setting next_dagrun for example_subdag_operator.section-2 to None, run_after=None
[2024-02-29T08:51:59.710+0000] {processor.py:175} INFO - Processing /home/airflow/.local/lib/python3.7/site-packages/airflow/example_dags/example_subdag_operator.py took 0.047 seconds
[2024-02-29T08:52:29.996+0000] {processor.py:153} INFO - Started process (PID=1125) to work on /home/airflow/.local/lib/python3.7/site-packages/airflow/example_dags/example_subdag_operator.py
[2024-02-29T08:52:29.996+0000] {processor.py:743} INFO - Processing file /home/airflow/.local/lib/python3.7/site-packages/airflow/example_dags/example_subdag_operator.py for tasks to queue
[2024-02-29T08:52:29.996+0000] {logging_mixin.py:137} INFO - [2024-02-29T08:52:29.996+0000] {dagbag.py:538} INFO - Filling up the DagBag from /home/airflow/.local/lib/python3.7/site-packages/airflow/example_dags/example_subdag_operator.py
[2024-02-29T08:52:30.009+0000] {processor.py:753} INFO - DAG(s) dict_keys(['example_subdag_operator.section-1', 'example_subdag_operator.section-2', 'example_subdag_operator']) retrieved from /home/airflow/.local/lib/python3.7/site-packages/airflow/example_dags/example_subdag_operator.py
[2024-02-29T08:52:30.017+0000] {logging_mixin.py:137} INFO - [2024-02-29T08:52:30.017+0000] {dag.py:2690} INFO - Sync 3 DAGs
[2024-02-29T08:52:30.027+0000] {logging_mixin.py:137} INFO - [2024-02-29T08:52:30.027+0000] {dag.py:3441} INFO - Setting next_dagrun for example_subdag_operator to 2022-01-01T00:00:00+00:00, run_after=2022-01-01T00:00:00+00:00
[2024-02-29T08:52:30.029+0000] {logging_mixin.py:137} INFO - [2024-02-29T08:52:30.029+0000] {dag.py:3441} INFO - Setting next_dagrun for example_subdag_operator.section-1 to None, run_after=None
[2024-02-29T08:52:30.029+0000] {logging_mixin.py:137} INFO - [2024-02-29T08:52:30.029+0000] {dag.py:3441} INFO - Setting next_dagrun for example_subdag_operator.section-2 to None, run_after=None
[2024-02-29T08:52:30.032+0000] {logging_mixin.py:137} INFO - [2024-02-29T08:52:30.032+0000] {dag.py:2690} INFO - Sync 2 DAGs
[2024-02-29T08:52:30.035+0000] {logging_mixin.py:137} INFO - [2024-02-29T08:52:30.035+0000] {dag.py:3441} INFO - Setting next_dagrun for example_subdag_operator.section-1 to None, run_after=None
[2024-02-29T08:52:30.035+0000] {logging_mixin.py:137} INFO - [2024-02-29T08:52:30.035+0000] {dag.py:3441} INFO - Setting next_dagrun for example_subdag_operator.section-2 to None, run_after=None
[2024-02-29T08:52:30.039+0000] {processor.py:175} INFO - Processing /home/airflow/.local/lib/python3.7/site-packages/airflow/example_dags/example_subdag_operator.py took 0.045 seconds
[2024-02-29T08:53:00.337+0000] {processor.py:153} INFO - Started process (PID=1218) to work on /home/airflow/.local/lib/python3.7/site-packages/airflow/example_dags/example_subdag_operator.py
[2024-02-29T08:53:00.337+0000] {processor.py:743} INFO - Processing file /home/airflow/.local/lib/python3.7/site-packages/airflow/example_dags/example_subdag_operator.py for tasks to queue
[2024-02-29T08:53:00.338+0000] {logging_mixin.py:137} INFO - [2024-02-29T08:53:00.338+0000] {dagbag.py:538} INFO - Filling up the DagBag from /home/airflow/.local/lib/python3.7/site-packages/airflow/example_dags/example_subdag_operator.py
[2024-02-29T08:53:00.351+0000] {processor.py:753} INFO - DAG(s) dict_keys(['example_subdag_operator.section-1', 'example_subdag_operator.section-2', 'example_subdag_operator']) retrieved from /home/airflow/.local/lib/python3.7/site-packages/airflow/example_dags/example_subdag_operator.py
[2024-02-29T08:53:00.359+0000] {logging_mixin.py:137} INFO - [2024-02-29T08:53:00.359+0000] {dag.py:2690} INFO - Sync 3 DAGs
[2024-02-29T08:53:00.369+0000] {logging_mixin.py:137} INFO - [2024-02-29T08:53:00.369+0000] {dag.py:3441} INFO - Setting next_dagrun for example_subdag_operator to 2022-01-01T00:00:00+00:00, run_after=2022-01-01T00:00:00+00:00
[2024-02-29T08:53:00.371+0000] {logging_mixin.py:137} INFO - [2024-02-29T08:53:00.371+0000] {dag.py:3441} INFO - Setting next_dagrun for example_subdag_operator.section-1 to None, run_after=None
[2024-02-29T08:53:00.371+0000] {logging_mixin.py:137} INFO - [2024-02-29T08:53:00.371+0000] {dag.py:3441} INFO - Setting next_dagrun for example_subdag_operator.section-2 to None, run_after=None
[2024-02-29T08:53:00.375+0000] {logging_mixin.py:137} INFO - [2024-02-29T08:53:00.374+0000] {dag.py:2690} INFO - Sync 2 DAGs
[2024-02-29T08:53:00.377+0000] {logging_mixin.py:137} INFO - [2024-02-29T08:53:00.377+0000] {dag.py:3441} INFO - Setting next_dagrun for example_subdag_operator.section-1 to None, run_after=None
[2024-02-29T08:53:00.377+0000] {logging_mixin.py:137} INFO - [2024-02-29T08:53:00.377+0000] {dag.py:3441} INFO - Setting next_dagrun for example_subdag_operator.section-2 to None, run_after=None
[2024-02-29T08:53:00.381+0000] {processor.py:175} INFO - Processing /home/airflow/.local/lib/python3.7/site-packages/airflow/example_dags/example_subdag_operator.py took 0.046 seconds
[2024-02-29T08:53:30.731+0000] {processor.py:153} INFO - Started process (PID=1312) to work on /home/airflow/.local/lib/python3.7/site-packages/airflow/example_dags/example_subdag_operator.py
[2024-02-29T08:53:30.731+0000] {processor.py:743} INFO - Processing file /home/airflow/.local/lib/python3.7/site-packages/airflow/example_dags/example_subdag_operator.py for tasks to queue
[2024-02-29T08:53:30.732+0000] {logging_mixin.py:137} INFO - [2024-02-29T08:53:30.732+0000] {dagbag.py:538} INFO - Filling up the DagBag from /home/airflow/.local/lib/python3.7/site-packages/airflow/example_dags/example_subdag_operator.py
[2024-02-29T08:53:30.745+0000] {processor.py:753} INFO - DAG(s) dict_keys(['example_subdag_operator.section-1', 'example_subdag_operator.section-2', 'example_subdag_operator']) retrieved from /home/airflow/.local/lib/python3.7/site-packages/airflow/example_dags/example_subdag_operator.py
[2024-02-29T08:53:30.753+0000] {logging_mixin.py:137} INFO - [2024-02-29T08:53:30.753+0000] {dag.py:2690} INFO - Sync 3 DAGs
[2024-02-29T08:53:30.764+0000] {logging_mixin.py:137} INFO - [2024-02-29T08:53:30.764+0000] {dag.py:3441} INFO - Setting next_dagrun for example_subdag_operator to 2022-01-01T00:00:00+00:00, run_after=2022-01-01T00:00:00+00:00
[2024-02-29T08:53:30.766+0000] {logging_mixin.py:137} INFO - [2024-02-29T08:53:30.766+0000] {dag.py:3441} INFO - Setting next_dagrun for example_subdag_operator.section-1 to None, run_after=None
[2024-02-29T08:53:30.766+0000] {logging_mixin.py:137} INFO - [2024-02-29T08:53:30.766+0000] {dag.py:3441} INFO - Setting next_dagrun for example_subdag_operator.section-2 to None, run_after=None
[2024-02-29T08:53:30.769+0000] {logging_mixin.py:137} INFO - [2024-02-29T08:53:30.769+0000] {dag.py:2690} INFO - Sync 2 DAGs
[2024-02-29T08:53:30.772+0000] {logging_mixin.py:137} INFO - [2024-02-29T08:53:30.772+0000] {dag.py:3441} INFO - Setting next_dagrun for example_subdag_operator.section-1 to None, run_after=None
[2024-02-29T08:53:30.772+0000] {logging_mixin.py:137} INFO - [2024-02-29T08:53:30.772+0000] {dag.py:3441} INFO - Setting next_dagrun for example_subdag_operator.section-2 to None, run_after=None
[2024-02-29T08:53:30.777+0000] {processor.py:175} INFO - Processing /home/airflow/.local/lib/python3.7/site-packages/airflow/example_dags/example_subdag_operator.py took 0.047 seconds
[2024-02-29T08:54:01.137+0000] {processor.py:153} INFO - Started process (PID=1388) to work on /home/airflow/.local/lib/python3.7/site-packages/airflow/example_dags/example_subdag_operator.py
[2024-02-29T08:54:01.137+0000] {processor.py:743} INFO - Processing file /home/airflow/.local/lib/python3.7/site-packages/airflow/example_dags/example_subdag_operator.py for tasks to queue
[2024-02-29T08:54:01.138+0000] {logging_mixin.py:137} INFO - [2024-02-29T08:54:01.137+0000] {dagbag.py:538} INFO - Filling up the DagBag from /home/airflow/.local/lib/python3.7/site-packages/airflow/example_dags/example_subdag_operator.py
[2024-02-29T08:54:01.151+0000] {processor.py:753} INFO - DAG(s) dict_keys(['example_subdag_operator.section-1', 'example_subdag_operator.section-2', 'example_subdag_operator']) retrieved from /home/airflow/.local/lib/python3.7/site-packages/airflow/example_dags/example_subdag_operator.py
[2024-02-29T08:54:01.159+0000] {logging_mixin.py:137} INFO - [2024-02-29T08:54:01.159+0000] {dag.py:2690} INFO - Sync 3 DAGs
[2024-02-29T08:54:01.169+0000] {logging_mixin.py:137} INFO - [2024-02-29T08:54:01.169+0000] {dag.py:3441} INFO - Setting next_dagrun for example_subdag_operator to 2022-01-01T00:00:00+00:00, run_after=2022-01-01T00:00:00+00:00
[2024-02-29T08:54:01.171+0000] {logging_mixin.py:137} INFO - [2024-02-29T08:54:01.171+0000] {dag.py:3441} INFO - Setting next_dagrun for example_subdag_operator.section-1 to None, run_after=None
[2024-02-29T08:54:01.171+0000] {logging_mixin.py:137} INFO - [2024-02-29T08:54:01.171+0000] {dag.py:3441} INFO - Setting next_dagrun for example_subdag_operator.section-2 to None, run_after=None
[2024-02-29T08:54:01.174+0000] {logging_mixin.py:137} INFO - [2024-02-29T08:54:01.174+0000] {dag.py:2690} INFO - Sync 2 DAGs
[2024-02-29T08:54:01.177+0000] {logging_mixin.py:137} INFO - [2024-02-29T08:54:01.177+0000] {dag.py:3441} INFO - Setting next_dagrun for example_subdag_operator.section-1 to None, run_after=None
[2024-02-29T08:54:01.177+0000] {logging_mixin.py:137} INFO - [2024-02-29T08:54:01.177+0000] {dag.py:3441} INFO - Setting next_dagrun for example_subdag_operator.section-2 to None, run_after=None
[2024-02-29T08:54:01.182+0000] {processor.py:175} INFO - Processing /home/airflow/.local/lib/python3.7/site-packages/airflow/example_dags/example_subdag_operator.py took 0.047 seconds
[2024-02-29T08:54:31.548+0000] {processor.py:153} INFO - Started process (PID=1482) to work on /home/airflow/.local/lib/python3.7/site-packages/airflow/example_dags/example_subdag_operator.py
[2024-02-29T08:54:31.549+0000] {processor.py:743} INFO - Processing file /home/airflow/.local/lib/python3.7/site-packages/airflow/example_dags/example_subdag_operator.py for tasks to queue
[2024-02-29T08:54:31.549+0000] {logging_mixin.py:137} INFO - [2024-02-29T08:54:31.549+0000] {dagbag.py:538} INFO - Filling up the DagBag from /home/airflow/.local/lib/python3.7/site-packages/airflow/example_dags/example_subdag_operator.py
[2024-02-29T08:54:31.563+0000] {processor.py:753} INFO - DAG(s) dict_keys(['example_subdag_operator.section-1', 'example_subdag_operator.section-2', 'example_subdag_operator']) retrieved from /home/airflow/.local/lib/python3.7/site-packages/airflow/example_dags/example_subdag_operator.py
[2024-02-29T08:54:31.571+0000] {logging_mixin.py:137} INFO - [2024-02-29T08:54:31.571+0000] {dag.py:2690} INFO - Sync 3 DAGs
[2024-02-29T08:54:31.581+0000] {logging_mixin.py:137} INFO - [2024-02-29T08:54:31.581+0000] {dag.py:3441} INFO - Setting next_dagrun for example_subdag_operator to 2022-01-01T00:00:00+00:00, run_after=2022-01-01T00:00:00+00:00
[2024-02-29T08:54:31.583+0000] {logging_mixin.py:137} INFO - [2024-02-29T08:54:31.583+0000] {dag.py:3441} INFO - Setting next_dagrun for example_subdag_operator.section-1 to None, run_after=None
[2024-02-29T08:54:31.583+0000] {logging_mixin.py:137} INFO - [2024-02-29T08:54:31.583+0000] {dag.py:3441} INFO - Setting next_dagrun for example_subdag_operator.section-2 to None, run_after=None
[2024-02-29T08:54:31.587+0000] {logging_mixin.py:137} INFO - [2024-02-29T08:54:31.587+0000] {dag.py:2690} INFO - Sync 2 DAGs
[2024-02-29T08:54:31.589+0000] {logging_mixin.py:137} INFO - [2024-02-29T08:54:31.589+0000] {dag.py:3441} INFO - Setting next_dagrun for example_subdag_operator.section-1 to None, run_after=None
[2024-02-29T08:54:31.589+0000] {logging_mixin.py:137} INFO - [2024-02-29T08:54:31.589+0000] {dag.py:3441} INFO - Setting next_dagrun for example_subdag_operator.section-2 to None, run_after=None
[2024-02-29T08:54:31.594+0000] {processor.py:175} INFO - Processing /home/airflow/.local/lib/python3.7/site-packages/airflow/example_dags/example_subdag_operator.py took 0.047 seconds
[2024-02-29T08:55:01.994+0000] {processor.py:153} INFO - Started process (PID=1576) to work on /home/airflow/.local/lib/python3.7/site-packages/airflow/example_dags/example_subdag_operator.py
[2024-02-29T08:55:01.994+0000] {processor.py:743} INFO - Processing file /home/airflow/.local/lib/python3.7/site-packages/airflow/example_dags/example_subdag_operator.py for tasks to queue
[2024-02-29T08:55:01.995+0000] {logging_mixin.py:137} INFO - [2024-02-29T08:55:01.995+0000] {dagbag.py:538} INFO - Filling up the DagBag from /home/airflow/.local/lib/python3.7/site-packages/airflow/example_dags/example_subdag_operator.py
[2024-02-29T08:55:02.008+0000] {processor.py:753} INFO - DAG(s) dict_keys(['example_subdag_operator.section-1', 'example_subdag_operator.section-2', 'example_subdag_operator']) retrieved from /home/airflow/.local/lib/python3.7/site-packages/airflow/example_dags/example_subdag_operator.py
[2024-02-29T08:55:02.016+0000] {logging_mixin.py:137} INFO - [2024-02-29T08:55:02.016+0000] {dag.py:2690} INFO - Sync 3 DAGs
[2024-02-29T08:55:02.026+0000] {logging_mixin.py:137} INFO - [2024-02-29T08:55:02.026+0000] {dag.py:3441} INFO - Setting next_dagrun for example_subdag_operator to 2022-01-01T00:00:00+00:00, run_after=2022-01-01T00:00:00+00:00
[2024-02-29T08:55:02.028+0000] {logging_mixin.py:137} INFO - [2024-02-29T08:55:02.028+0000] {dag.py:3441} INFO - Setting next_dagrun for example_subdag_operator.section-1 to None, run_after=None
[2024-02-29T08:55:02.029+0000] {logging_mixin.py:137} INFO - [2024-02-29T08:55:02.028+0000] {dag.py:3441} INFO - Setting next_dagrun for example_subdag_operator.section-2 to None, run_after=None
[2024-02-29T08:55:02.032+0000] {logging_mixin.py:137} INFO - [2024-02-29T08:55:02.032+0000] {dag.py:2690} INFO - Sync 2 DAGs
[2024-02-29T08:55:02.035+0000] {logging_mixin.py:137} INFO - [2024-02-29T08:55:02.035+0000] {dag.py:3441} INFO - Setting next_dagrun for example_subdag_operator.section-1 to None, run_after=None
[2024-02-29T08:55:02.035+0000] {logging_mixin.py:137} INFO - [2024-02-29T08:55:02.035+0000] {dag.py:3441} INFO - Setting next_dagrun for example_subdag_operator.section-2 to None, run_after=None
[2024-02-29T08:55:02.040+0000] {processor.py:175} INFO - Processing /home/airflow/.local/lib/python3.7/site-packages/airflow/example_dags/example_subdag_operator.py took 0.047 seconds
[2024-02-29T08:55:32.445+0000] {processor.py:153} INFO - Started process (PID=1669) to work on /home/airflow/.local/lib/python3.7/site-packages/airflow/example_dags/example_subdag_operator.py
[2024-02-29T08:55:32.446+0000] {processor.py:743} INFO - Processing file /home/airflow/.local/lib/python3.7/site-packages/airflow/example_dags/example_subdag_operator.py for tasks to queue
[2024-02-29T08:55:32.446+0000] {logging_mixin.py:137} INFO - [2024-02-29T08:55:32.446+0000] {dagbag.py:538} INFO - Filling up the DagBag from /home/airflow/.local/lib/python3.7/site-packages/airflow/example_dags/example_subdag_operator.py
[2024-02-29T08:55:32.460+0000] {processor.py:753} INFO - DAG(s) dict_keys(['example_subdag_operator.section-1', 'example_subdag_operator.section-2', 'example_subdag_operator']) retrieved from /home/airflow/.local/lib/python3.7/site-packages/airflow/example_dags/example_subdag_operator.py
[2024-02-29T08:55:32.468+0000] {logging_mixin.py:137} INFO - [2024-02-29T08:55:32.468+0000] {dag.py:2690} INFO - Sync 3 DAGs
[2024-02-29T08:55:32.479+0000] {logging_mixin.py:137} INFO - [2024-02-29T08:55:32.479+0000] {dag.py:3441} INFO - Setting next_dagrun for example_subdag_operator to 2022-01-01T00:00:00+00:00, run_after=2022-01-01T00:00:00+00:00
[2024-02-29T08:55:32.480+0000] {logging_mixin.py:137} INFO - [2024-02-29T08:55:32.480+0000] {dag.py:3441} INFO - Setting next_dagrun for example_subdag_operator.section-1 to None, run_after=None
[2024-02-29T08:55:32.481+0000] {logging_mixin.py:137} INFO - [2024-02-29T08:55:32.481+0000] {dag.py:3441} INFO - Setting next_dagrun for example_subdag_operator.section-2 to None, run_after=None
[2024-02-29T08:55:32.484+0000] {logging_mixin.py:137} INFO - [2024-02-29T08:55:32.484+0000] {dag.py:2690} INFO - Sync 2 DAGs
[2024-02-29T08:55:32.487+0000] {logging_mixin.py:137} INFO - [2024-02-29T08:55:32.487+0000] {dag.py:3441} INFO - Setting next_dagrun for example_subdag_operator.section-1 to None, run_after=None
[2024-02-29T08:55:32.487+0000] {logging_mixin.py:137} INFO - [2024-02-29T08:55:32.487+0000] {dag.py:3441} INFO - Setting next_dagrun for example_subdag_operator.section-2 to None, run_after=None
[2024-02-29T08:55:32.491+0000] {processor.py:175} INFO - Processing /home/airflow/.local/lib/python3.7/site-packages/airflow/example_dags/example_subdag_operator.py took 0.047 seconds
[2024-02-29T08:56:02.750+0000] {processor.py:153} INFO - Started process (PID=1745) to work on /home/airflow/.local/lib/python3.7/site-packages/airflow/example_dags/example_subdag_operator.py
[2024-02-29T08:56:02.750+0000] {processor.py:743} INFO - Processing file /home/airflow/.local/lib/python3.7/site-packages/airflow/example_dags/example_subdag_operator.py for tasks to queue
[2024-02-29T08:56:02.750+0000] {logging_mixin.py:137} INFO - [2024-02-29T08:56:02.750+0000] {dagbag.py:538} INFO - Filling up the DagBag from /home/airflow/.local/lib/python3.7/site-packages/airflow/example_dags/example_subdag_operator.py
[2024-02-29T08:56:02.764+0000] {processor.py:753} INFO - DAG(s) dict_keys(['example_subdag_operator.section-1', 'example_subdag_operator.section-2', 'example_subdag_operator']) retrieved from /home/airflow/.local/lib/python3.7/site-packages/airflow/example_dags/example_subdag_operator.py
[2024-02-29T08:56:02.772+0000] {logging_mixin.py:137} INFO - [2024-02-29T08:56:02.772+0000] {dag.py:2690} INFO - Sync 3 DAGs
[2024-02-29T08:56:02.783+0000] {logging_mixin.py:137} INFO - [2024-02-29T08:56:02.782+0000] {dag.py:3441} INFO - Setting next_dagrun for example_subdag_operator to 2022-01-01T00:00:00+00:00, run_after=2022-01-01T00:00:00+00:00
[2024-02-29T08:56:02.784+0000] {logging_mixin.py:137} INFO - [2024-02-29T08:56:02.784+0000] {dag.py:3441} INFO - Setting next_dagrun for example_subdag_operator.section-1 to None, run_after=None
[2024-02-29T08:56:02.785+0000] {logging_mixin.py:137} INFO - [2024-02-29T08:56:02.784+0000] {dag.py:3441} INFO - Setting next_dagrun for example_subdag_operator.section-2 to None, run_after=None
[2024-02-29T08:56:02.788+0000] {logging_mixin.py:137} INFO - [2024-02-29T08:56:02.788+0000] {dag.py:2690} INFO - Sync 2 DAGs
[2024-02-29T08:56:02.790+0000] {logging_mixin.py:137} INFO - [2024-02-29T08:56:02.790+0000] {dag.py:3441} INFO - Setting next_dagrun for example_subdag_operator.section-1 to None, run_after=None
[2024-02-29T08:56:02.791+0000] {logging_mixin.py:137} INFO - [2024-02-29T08:56:02.791+0000] {dag.py:3441} INFO - Setting next_dagrun for example_subdag_operator.section-2 to None, run_after=None
[2024-02-29T08:56:02.795+0000] {processor.py:175} INFO - Processing /home/airflow/.local/lib/python3.7/site-packages/airflow/example_dags/example_subdag_operator.py took 0.047 seconds
[2024-02-29T08:56:33.194+0000] {processor.py:153} INFO - Started process (PID=1839) to work on /home/airflow/.local/lib/python3.7/site-packages/airflow/example_dags/example_subdag_operator.py
[2024-02-29T08:56:33.194+0000] {processor.py:743} INFO - Processing file /home/airflow/.local/lib/python3.7/site-packages/airflow/example_dags/example_subdag_operator.py for tasks to queue
[2024-02-29T08:56:33.194+0000] {logging_mixin.py:137} INFO - [2024-02-29T08:56:33.194+0000] {dagbag.py:538} INFO - Filling up the DagBag from /home/airflow/.local/lib/python3.7/site-packages/airflow/example_dags/example_subdag_operator.py
[2024-02-29T08:56:33.208+0000] {processor.py:753} INFO - DAG(s) dict_keys(['example_subdag_operator.section-1', 'example_subdag_operator.section-2', 'example_subdag_operator']) retrieved from /home/airflow/.local/lib/python3.7/site-packages/airflow/example_dags/example_subdag_operator.py
[2024-02-29T08:56:33.216+0000] {logging_mixin.py:137} INFO - [2024-02-29T08:56:33.216+0000] {dag.py:2690} INFO - Sync 3 DAGs
[2024-02-29T08:56:33.226+0000] {logging_mixin.py:137} INFO - [2024-02-29T08:56:33.226+0000] {dag.py:3441} INFO - Setting next_dagrun for example_subdag_operator to 2022-01-01T00:00:00+00:00, run_after=2022-01-01T00:00:00+00:00
[2024-02-29T08:56:33.228+0000] {logging_mixin.py:137} INFO - [2024-02-29T08:56:33.228+0000] {dag.py:3441} INFO - Setting next_dagrun for example_subdag_operator.section-1 to None, run_after=None
[2024-02-29T08:56:33.228+0000] {logging_mixin.py:137} INFO - [2024-02-29T08:56:33.228+0000] {dag.py:3441} INFO - Setting next_dagrun for example_subdag_operator.section-2 to None, run_after=None
[2024-02-29T08:56:33.231+0000] {logging_mixin.py:137} INFO - [2024-02-29T08:56:33.231+0000] {dag.py:2690} INFO - Sync 2 DAGs
[2024-02-29T08:56:33.233+0000] {logging_mixin.py:137} INFO - [2024-02-29T08:56:33.233+0000] {dag.py:3441} INFO - Setting next_dagrun for example_subdag_operator.section-1 to None, run_after=None
[2024-02-29T08:56:33.233+0000] {logging_mixin.py:137} INFO - [2024-02-29T08:56:33.233+0000] {dag.py:3441} INFO - Setting next_dagrun for example_subdag_operator.section-2 to None, run_after=None
[2024-02-29T08:56:33.238+0000] {processor.py:175} INFO - Processing /home/airflow/.local/lib/python3.7/site-packages/airflow/example_dags/example_subdag_operator.py took 0.046 seconds
[2024-02-29T08:57:03.624+0000] {processor.py:153} INFO - Started process (PID=1933) to work on /home/airflow/.local/lib/python3.7/site-packages/airflow/example_dags/example_subdag_operator.py
[2024-02-29T08:57:03.624+0000] {processor.py:743} INFO - Processing file /home/airflow/.local/lib/python3.7/site-packages/airflow/example_dags/example_subdag_operator.py for tasks to queue
[2024-02-29T08:57:03.625+0000] {logging_mixin.py:137} INFO - [2024-02-29T08:57:03.625+0000] {dagbag.py:538} INFO - Filling up the DagBag from /home/airflow/.local/lib/python3.7/site-packages/airflow/example_dags/example_subdag_operator.py
[2024-02-29T08:57:03.639+0000] {processor.py:753} INFO - DAG(s) dict_keys(['example_subdag_operator.section-1', 'example_subdag_operator.section-2', 'example_subdag_operator']) retrieved from /home/airflow/.local/lib/python3.7/site-packages/airflow/example_dags/example_subdag_operator.py
[2024-02-29T08:57:03.647+0000] {logging_mixin.py:137} INFO - [2024-02-29T08:57:03.647+0000] {dag.py:2690} INFO - Sync 3 DAGs
[2024-02-29T08:57:03.658+0000] {logging_mixin.py:137} INFO - [2024-02-29T08:57:03.658+0000] {dag.py:3441} INFO - Setting next_dagrun for example_subdag_operator to 2022-01-01T00:00:00+00:00, run_after=2022-01-01T00:00:00+00:00
[2024-02-29T08:57:03.660+0000] {logging_mixin.py:137} INFO - [2024-02-29T08:57:03.660+0000] {dag.py:3441} INFO - Setting next_dagrun for example_subdag_operator.section-1 to None, run_after=None
[2024-02-29T08:57:03.660+0000] {logging_mixin.py:137} INFO - [2024-02-29T08:57:03.660+0000] {dag.py:3441} INFO - Setting next_dagrun for example_subdag_operator.section-2 to None, run_after=None
[2024-02-29T08:57:03.663+0000] {logging_mixin.py:137} INFO - [2024-02-29T08:57:03.663+0000] {dag.py:2690} INFO - Sync 2 DAGs
[2024-02-29T08:57:03.666+0000] {logging_mixin.py:137} INFO - [2024-02-29T08:57:03.666+0000] {dag.py:3441} INFO - Setting next_dagrun for example_subdag_operator.section-1 to None, run_after=None
[2024-02-29T08:57:03.666+0000] {logging_mixin.py:137} INFO - [2024-02-29T08:57:03.666+0000] {dag.py:3441} INFO - Setting next_dagrun for example_subdag_operator.section-2 to None, run_after=None
[2024-02-29T08:57:03.670+0000] {processor.py:175} INFO - Processing /home/airflow/.local/lib/python3.7/site-packages/airflow/example_dags/example_subdag_operator.py took 0.048 seconds
[2024-02-29T08:57:34.040+0000] {processor.py:153} INFO - Started process (PID=2027) to work on /home/airflow/.local/lib/python3.7/site-packages/airflow/example_dags/example_subdag_operator.py
[2024-02-29T08:57:34.040+0000] {processor.py:743} INFO - Processing file /home/airflow/.local/lib/python3.7/site-packages/airflow/example_dags/example_subdag_operator.py for tasks to queue
[2024-02-29T08:57:34.040+0000] {logging_mixin.py:137} INFO - [2024-02-29T08:57:34.040+0000] {dagbag.py:538} INFO - Filling up the DagBag from /home/airflow/.local/lib/python3.7/site-packages/airflow/example_dags/example_subdag_operator.py
[2024-02-29T08:57:34.055+0000] {processor.py:753} INFO - DAG(s) dict_keys(['example_subdag_operator.section-1', 'example_subdag_operator.section-2', 'example_subdag_operator']) retrieved from /home/airflow/.local/lib/python3.7/site-packages/airflow/example_dags/example_subdag_operator.py
[2024-02-29T08:57:34.062+0000] {logging_mixin.py:137} INFO - [2024-02-29T08:57:34.062+0000] {dag.py:2690} INFO - Sync 3 DAGs
[2024-02-29T08:57:34.074+0000] {logging_mixin.py:137} INFO - [2024-02-29T08:57:34.074+0000] {dag.py:3441} INFO - Setting next_dagrun for example_subdag_operator to 2022-01-01T00:00:00+00:00, run_after=2022-01-01T00:00:00+00:00
[2024-02-29T08:57:34.075+0000] {logging_mixin.py:137} INFO - [2024-02-29T08:57:34.075+0000] {dag.py:3441} INFO - Setting next_dagrun for example_subdag_operator.section-1 to None, run_after=None
[2024-02-29T08:57:34.076+0000] {logging_mixin.py:137} INFO - [2024-02-29T08:57:34.076+0000] {dag.py:3441} INFO - Setting next_dagrun for example_subdag_operator.section-2 to None, run_after=None
[2024-02-29T08:57:34.079+0000] {logging_mixin.py:137} INFO - [2024-02-29T08:57:34.079+0000] {dag.py:2690} INFO - Sync 2 DAGs
[2024-02-29T08:57:34.081+0000] {logging_mixin.py:137} INFO - [2024-02-29T08:57:34.081+0000] {dag.py:3441} INFO - Setting next_dagrun for example_subdag_operator.section-1 to None, run_after=None
[2024-02-29T08:57:34.082+0000] {logging_mixin.py:137} INFO - [2024-02-29T08:57:34.082+0000] {dag.py:3441} INFO - Setting next_dagrun for example_subdag_operator.section-2 to None, run_after=None
[2024-02-29T08:57:34.086+0000] {processor.py:175} INFO - Processing /home/airflow/.local/lib/python3.7/site-packages/airflow/example_dags/example_subdag_operator.py took 0.048 seconds
[2024-02-29T08:58:04.622+0000] {processor.py:153} INFO - Started process (PID=2103) to work on /home/airflow/.local/lib/python3.7/site-packages/airflow/example_dags/example_subdag_operator.py
[2024-02-29T08:58:04.623+0000] {processor.py:743} INFO - Processing file /home/airflow/.local/lib/python3.7/site-packages/airflow/example_dags/example_subdag_operator.py for tasks to queue
[2024-02-29T08:58:04.623+0000] {logging_mixin.py:137} INFO - [2024-02-29T08:58:04.623+0000] {dagbag.py:538} INFO - Filling up the DagBag from /home/airflow/.local/lib/python3.7/site-packages/airflow/example_dags/example_subdag_operator.py
[2024-02-29T08:58:04.638+0000] {processor.py:753} INFO - DAG(s) dict_keys(['example_subdag_operator.section-1', 'example_subdag_operator.section-2', 'example_subdag_operator']) retrieved from /home/airflow/.local/lib/python3.7/site-packages/airflow/example_dags/example_subdag_operator.py
[2024-02-29T08:58:04.647+0000] {logging_mixin.py:137} INFO - [2024-02-29T08:58:04.646+0000] {dag.py:2690} INFO - Sync 3 DAGs
[2024-02-29T08:58:04.658+0000] {logging_mixin.py:137} INFO - [2024-02-29T08:58:04.658+0000] {dag.py:3441} INFO - Setting next_dagrun for example_subdag_operator to 2022-01-01T00:00:00+00:00, run_after=2022-01-01T00:00:00+00:00
[2024-02-29T08:58:04.660+0000] {logging_mixin.py:137} INFO - [2024-02-29T08:58:04.660+0000] {dag.py:3441} INFO - Setting next_dagrun for example_subdag_operator.section-1 to None, run_after=None
[2024-02-29T08:58:04.661+0000] {logging_mixin.py:137} INFO - [2024-02-29T08:58:04.661+0000] {dag.py:3441} INFO - Setting next_dagrun for example_subdag_operator.section-2 to None, run_after=None
[2024-02-29T08:58:04.664+0000] {logging_mixin.py:137} INFO - [2024-02-29T08:58:04.664+0000] {dag.py:2690} INFO - Sync 2 DAGs
[2024-02-29T08:58:04.667+0000] {logging_mixin.py:137} INFO - [2024-02-29T08:58:04.667+0000] {dag.py:3441} INFO - Setting next_dagrun for example_subdag_operator.section-1 to None, run_after=None
[2024-02-29T08:58:04.668+0000] {logging_mixin.py:137} INFO - [2024-02-29T08:58:04.667+0000] {dag.py:3441} INFO - Setting next_dagrun for example_subdag_operator.section-2 to None, run_after=None
[2024-02-29T08:58:04.673+0000] {processor.py:175} INFO - Processing /home/airflow/.local/lib/python3.7/site-packages/airflow/example_dags/example_subdag_operator.py took 0.052 seconds
[2024-02-29T08:58:35.136+0000] {processor.py:153} INFO - Started process (PID=2197) to work on /home/airflow/.local/lib/python3.7/site-packages/airflow/example_dags/example_subdag_operator.py
[2024-02-29T08:58:35.137+0000] {processor.py:743} INFO - Processing file /home/airflow/.local/lib/python3.7/site-packages/airflow/example_dags/example_subdag_operator.py for tasks to queue
[2024-02-29T08:58:35.137+0000] {logging_mixin.py:137} INFO - [2024-02-29T08:58:35.137+0000] {dagbag.py:538} INFO - Filling up the DagBag from /home/airflow/.local/lib/python3.7/site-packages/airflow/example_dags/example_subdag_operator.py
[2024-02-29T08:58:35.152+0000] {processor.py:753} INFO - DAG(s) dict_keys(['example_subdag_operator.section-1', 'example_subdag_operator.section-2', 'example_subdag_operator']) retrieved from /home/airflow/.local/lib/python3.7/site-packages/airflow/example_dags/example_subdag_operator.py
[2024-02-29T08:58:35.160+0000] {logging_mixin.py:137} INFO - [2024-02-29T08:58:35.160+0000] {dag.py:2690} INFO - Sync 3 DAGs
[2024-02-29T08:58:35.171+0000] {logging_mixin.py:137} INFO - [2024-02-29T08:58:35.171+0000] {dag.py:3441} INFO - Setting next_dagrun for example_subdag_operator to 2022-01-01T00:00:00+00:00, run_after=2022-01-01T00:00:00+00:00
[2024-02-29T08:58:35.173+0000] {logging_mixin.py:137} INFO - [2024-02-29T08:58:35.173+0000] {dag.py:3441} INFO - Setting next_dagrun for example_subdag_operator.section-1 to None, run_after=None
[2024-02-29T08:58:35.174+0000] {logging_mixin.py:137} INFO - [2024-02-29T08:58:35.174+0000] {dag.py:3441} INFO - Setting next_dagrun for example_subdag_operator.section-2 to None, run_after=None
[2024-02-29T08:58:35.178+0000] {logging_mixin.py:137} INFO - [2024-02-29T08:58:35.178+0000] {dag.py:2690} INFO - Sync 2 DAGs
[2024-02-29T08:58:35.180+0000] {logging_mixin.py:137} INFO - [2024-02-29T08:58:35.180+0000] {dag.py:3441} INFO - Setting next_dagrun for example_subdag_operator.section-1 to None, run_after=None
[2024-02-29T08:58:35.181+0000] {logging_mixin.py:137} INFO - [2024-02-29T08:58:35.181+0000] {dag.py:3441} INFO - Setting next_dagrun for example_subdag_operator.section-2 to None, run_after=None
[2024-02-29T08:58:35.185+0000] {processor.py:175} INFO - Processing /home/airflow/.local/lib/python3.7/site-packages/airflow/example_dags/example_subdag_operator.py took 0.050 seconds
[2024-02-29T08:59:05.464+0000] {processor.py:153} INFO - Started process (PID=2290) to work on /home/airflow/.local/lib/python3.7/site-packages/airflow/example_dags/example_subdag_operator.py
[2024-02-29T08:59:05.464+0000] {processor.py:743} INFO - Processing file /home/airflow/.local/lib/python3.7/site-packages/airflow/example_dags/example_subdag_operator.py for tasks to queue
[2024-02-29T08:59:05.464+0000] {logging_mixin.py:137} INFO - [2024-02-29T08:59:05.464+0000] {dagbag.py:538} INFO - Filling up the DagBag from /home/airflow/.local/lib/python3.7/site-packages/airflow/example_dags/example_subdag_operator.py
[2024-02-29T08:59:05.478+0000] {processor.py:753} INFO - DAG(s) dict_keys(['example_subdag_operator.section-1', 'example_subdag_operator.section-2', 'example_subdag_operator']) retrieved from /home/airflow/.local/lib/python3.7/site-packages/airflow/example_dags/example_subdag_operator.py
[2024-02-29T08:59:05.486+0000] {logging_mixin.py:137} INFO - [2024-02-29T08:59:05.486+0000] {dag.py:2690} INFO - Sync 3 DAGs
[2024-02-29T08:59:05.497+0000] {logging_mixin.py:137} INFO - [2024-02-29T08:59:05.497+0000] {dag.py:3441} INFO - Setting next_dagrun for example_subdag_operator to 2022-01-01T00:00:00+00:00, run_after=2022-01-01T00:00:00+00:00
[2024-02-29T08:59:05.499+0000] {logging_mixin.py:137} INFO - [2024-02-29T08:59:05.499+0000] {dag.py:3441} INFO - Setting next_dagrun for example_subdag_operator.section-1 to None, run_after=None
[2024-02-29T08:59:05.499+0000] {logging_mixin.py:137} INFO - [2024-02-29T08:59:05.499+0000] {dag.py:3441} INFO - Setting next_dagrun for example_subdag_operator.section-2 to None, run_after=None
[2024-02-29T08:59:05.502+0000] {logging_mixin.py:137} INFO - [2024-02-29T08:59:05.502+0000] {dag.py:2690} INFO - Sync 2 DAGs
[2024-02-29T08:59:05.505+0000] {logging_mixin.py:137} INFO - [2024-02-29T08:59:05.505+0000] {dag.py:3441} INFO - Setting next_dagrun for example_subdag_operator.section-1 to None, run_after=None
[2024-02-29T08:59:05.505+0000] {logging_mixin.py:137} INFO - [2024-02-29T08:59:05.505+0000] {dag.py:3441} INFO - Setting next_dagrun for example_subdag_operator.section-2 to None, run_after=None
[2024-02-29T08:59:05.510+0000] {processor.py:175} INFO - Processing /home/airflow/.local/lib/python3.7/site-packages/airflow/example_dags/example_subdag_operator.py took 0.048 seconds
[2024-02-29T08:59:36.055+0000] {processor.py:153} INFO - Started process (PID=2384) to work on /home/airflow/.local/lib/python3.7/site-packages/airflow/example_dags/example_subdag_operator.py
[2024-02-29T08:59:36.055+0000] {processor.py:743} INFO - Processing file /home/airflow/.local/lib/python3.7/site-packages/airflow/example_dags/example_subdag_operator.py for tasks to queue
[2024-02-29T08:59:36.055+0000] {logging_mixin.py:137} INFO - [2024-02-29T08:59:36.055+0000] {dagbag.py:538} INFO - Filling up the DagBag from /home/airflow/.local/lib/python3.7/site-packages/airflow/example_dags/example_subdag_operator.py
[2024-02-29T08:59:36.071+0000] {processor.py:753} INFO - DAG(s) dict_keys(['example_subdag_operator.section-1', 'example_subdag_operator.section-2', 'example_subdag_operator']) retrieved from /home/airflow/.local/lib/python3.7/site-packages/airflow/example_dags/example_subdag_operator.py
[2024-02-29T08:59:36.081+0000] {logging_mixin.py:137} INFO - [2024-02-29T08:59:36.081+0000] {dag.py:2690} INFO - Sync 3 DAGs
[2024-02-29T08:59:36.092+0000] {logging_mixin.py:137} INFO - [2024-02-29T08:59:36.092+0000] {dag.py:3441} INFO - Setting next_dagrun for example_subdag_operator to 2022-01-01T00:00:00+00:00, run_after=2022-01-01T00:00:00+00:00
[2024-02-29T08:59:36.094+0000] {logging_mixin.py:137} INFO - [2024-02-29T08:59:36.094+0000] {dag.py:3441} INFO - Setting next_dagrun for example_subdag_operator.section-1 to None, run_after=None
[2024-02-29T08:59:36.095+0000] {logging_mixin.py:137} INFO - [2024-02-29T08:59:36.095+0000] {dag.py:3441} INFO - Setting next_dagrun for example_subdag_operator.section-2 to None, run_after=None
[2024-02-29T08:59:36.098+0000] {logging_mixin.py:137} INFO - [2024-02-29T08:59:36.098+0000] {dag.py:2690} INFO - Sync 2 DAGs
[2024-02-29T08:59:36.101+0000] {logging_mixin.py:137} INFO - [2024-02-29T08:59:36.101+0000] {dag.py:3441} INFO - Setting next_dagrun for example_subdag_operator.section-1 to None, run_after=None
[2024-02-29T08:59:36.102+0000] {logging_mixin.py:137} INFO - [2024-02-29T08:59:36.101+0000] {dag.py:3441} INFO - Setting next_dagrun for example_subdag_operator.section-2 to None, run_after=None
[2024-02-29T08:59:36.107+0000] {processor.py:175} INFO - Processing /home/airflow/.local/lib/python3.7/site-packages/airflow/example_dags/example_subdag_operator.py took 0.054 seconds
[2024-02-29T09:00:06.697+0000] {processor.py:153} INFO - Started process (PID=2460) to work on /home/airflow/.local/lib/python3.7/site-packages/airflow/example_dags/example_subdag_operator.py
[2024-02-29T09:00:06.697+0000] {processor.py:743} INFO - Processing file /home/airflow/.local/lib/python3.7/site-packages/airflow/example_dags/example_subdag_operator.py for tasks to queue
[2024-02-29T09:00:06.698+0000] {logging_mixin.py:137} INFO - [2024-02-29T09:00:06.698+0000] {dagbag.py:538} INFO - Filling up the DagBag from /home/airflow/.local/lib/python3.7/site-packages/airflow/example_dags/example_subdag_operator.py
[2024-02-29T09:00:06.712+0000] {processor.py:753} INFO - DAG(s) dict_keys(['example_subdag_operator.section-1', 'example_subdag_operator.section-2', 'example_subdag_operator']) retrieved from /home/airflow/.local/lib/python3.7/site-packages/airflow/example_dags/example_subdag_operator.py
[2024-02-29T09:00:06.720+0000] {logging_mixin.py:137} INFO - [2024-02-29T09:00:06.720+0000] {dag.py:2690} INFO - Sync 3 DAGs
[2024-02-29T09:00:06.731+0000] {logging_mixin.py:137} INFO - [2024-02-29T09:00:06.730+0000] {dag.py:3441} INFO - Setting next_dagrun for example_subdag_operator to 2022-01-01T00:00:00+00:00, run_after=2022-01-01T00:00:00+00:00
[2024-02-29T09:00:06.732+0000] {logging_mixin.py:137} INFO - [2024-02-29T09:00:06.732+0000] {dag.py:3441} INFO - Setting next_dagrun for example_subdag_operator.section-1 to None, run_after=None
[2024-02-29T09:00:06.733+0000] {logging_mixin.py:137} INFO - [2024-02-29T09:00:06.733+0000] {dag.py:3441} INFO - Setting next_dagrun for example_subdag_operator.section-2 to None, run_after=None
[2024-02-29T09:00:06.736+0000] {logging_mixin.py:137} INFO - [2024-02-29T09:00:06.736+0000] {dag.py:2690} INFO - Sync 2 DAGs
[2024-02-29T09:00:06.738+0000] {logging_mixin.py:137} INFO - [2024-02-29T09:00:06.738+0000] {dag.py:3441} INFO - Setting next_dagrun for example_subdag_operator.section-1 to None, run_after=None
[2024-02-29T09:00:06.739+0000] {logging_mixin.py:137} INFO - [2024-02-29T09:00:06.739+0000] {dag.py:3441} INFO - Setting next_dagrun for example_subdag_operator.section-2 to None, run_after=None
[2024-02-29T09:00:06.743+0000] {processor.py:175} INFO - Processing /home/airflow/.local/lib/python3.7/site-packages/airflow/example_dags/example_subdag_operator.py took 0.048 seconds
[2024-02-29T09:00:37.243+0000] {processor.py:153} INFO - Started process (PID=2554) to work on /home/airflow/.local/lib/python3.7/site-packages/airflow/example_dags/example_subdag_operator.py
[2024-02-29T09:00:37.244+0000] {processor.py:743} INFO - Processing file /home/airflow/.local/lib/python3.7/site-packages/airflow/example_dags/example_subdag_operator.py for tasks to queue
[2024-02-29T09:00:37.244+0000] {logging_mixin.py:137} INFO - [2024-02-29T09:00:37.244+0000] {dagbag.py:538} INFO - Filling up the DagBag from /home/airflow/.local/lib/python3.7/site-packages/airflow/example_dags/example_subdag_operator.py
[2024-02-29T09:00:37.258+0000] {processor.py:753} INFO - DAG(s) dict_keys(['example_subdag_operator.section-1', 'example_subdag_operator.section-2', 'example_subdag_operator']) retrieved from /home/airflow/.local/lib/python3.7/site-packages/airflow/example_dags/example_subdag_operator.py
[2024-02-29T09:00:37.266+0000] {logging_mixin.py:137} INFO - [2024-02-29T09:00:37.266+0000] {dag.py:2690} INFO - Sync 3 DAGs
[2024-02-29T09:00:37.278+0000] {logging_mixin.py:137} INFO - [2024-02-29T09:00:37.277+0000] {dag.py:3441} INFO - Setting next_dagrun for example_subdag_operator to 2022-01-01T00:00:00+00:00, run_after=2022-01-01T00:00:00+00:00
[2024-02-29T09:00:37.279+0000] {logging_mixin.py:137} INFO - [2024-02-29T09:00:37.279+0000] {dag.py:3441} INFO - Setting next_dagrun for example_subdag_operator.section-1 to None, run_after=None
[2024-02-29T09:00:37.280+0000] {logging_mixin.py:137} INFO - [2024-02-29T09:00:37.280+0000] {dag.py:3441} INFO - Setting next_dagrun for example_subdag_operator.section-2 to None, run_after=None
[2024-02-29T09:00:37.283+0000] {logging_mixin.py:137} INFO - [2024-02-29T09:00:37.283+0000] {dag.py:2690} INFO - Sync 2 DAGs
[2024-02-29T09:00:37.285+0000] {logging_mixin.py:137} INFO - [2024-02-29T09:00:37.285+0000] {dag.py:3441} INFO - Setting next_dagrun for example_subdag_operator.section-1 to None, run_after=None
[2024-02-29T09:00:37.286+0000] {logging_mixin.py:137} INFO - [2024-02-29T09:00:37.286+0000] {dag.py:3441} INFO - Setting next_dagrun for example_subdag_operator.section-2 to None, run_after=None
[2024-02-29T09:00:37.290+0000] {processor.py:175} INFO - Processing /home/airflow/.local/lib/python3.7/site-packages/airflow/example_dags/example_subdag_operator.py took 0.048 seconds
[2024-02-29T09:01:07.682+0000] {processor.py:153} INFO - Started process (PID=2648) to work on /home/airflow/.local/lib/python3.7/site-packages/airflow/example_dags/example_subdag_operator.py
[2024-02-29T09:01:07.682+0000] {processor.py:743} INFO - Processing file /home/airflow/.local/lib/python3.7/site-packages/airflow/example_dags/example_subdag_operator.py for tasks to queue
[2024-02-29T09:01:07.683+0000] {logging_mixin.py:137} INFO - [2024-02-29T09:01:07.683+0000] {dagbag.py:538} INFO - Filling up the DagBag from /home/airflow/.local/lib/python3.7/site-packages/airflow/example_dags/example_subdag_operator.py
[2024-02-29T09:01:07.696+0000] {processor.py:753} INFO - DAG(s) dict_keys(['example_subdag_operator.section-1', 'example_subdag_operator.section-2', 'example_subdag_operator']) retrieved from /home/airflow/.local/lib/python3.7/site-packages/airflow/example_dags/example_subdag_operator.py
[2024-02-29T09:01:07.704+0000] {logging_mixin.py:137} INFO - [2024-02-29T09:01:07.704+0000] {dag.py:2690} INFO - Sync 3 DAGs
[2024-02-29T09:01:07.716+0000] {logging_mixin.py:137} INFO - [2024-02-29T09:01:07.716+0000] {dag.py:3441} INFO - Setting next_dagrun for example_subdag_operator to 2022-01-01T00:00:00+00:00, run_after=2022-01-01T00:00:00+00:00
[2024-02-29T09:01:07.718+0000] {logging_mixin.py:137} INFO - [2024-02-29T09:01:07.718+0000] {dag.py:3441} INFO - Setting next_dagrun for example_subdag_operator.section-1 to None, run_after=None
[2024-02-29T09:01:07.718+0000] {logging_mixin.py:137} INFO - [2024-02-29T09:01:07.718+0000] {dag.py:3441} INFO - Setting next_dagrun for example_subdag_operator.section-2 to None, run_after=None
[2024-02-29T09:01:07.721+0000] {logging_mixin.py:137} INFO - [2024-02-29T09:01:07.721+0000] {dag.py:2690} INFO - Sync 2 DAGs
[2024-02-29T09:01:07.724+0000] {logging_mixin.py:137} INFO - [2024-02-29T09:01:07.724+0000] {dag.py:3441} INFO - Setting next_dagrun for example_subdag_operator.section-1 to None, run_after=None
[2024-02-29T09:01:07.724+0000] {logging_mixin.py:137} INFO - [2024-02-29T09:01:07.724+0000] {dag.py:3441} INFO - Setting next_dagrun for example_subdag_operator.section-2 to None, run_after=None
[2024-02-29T09:01:07.729+0000] {processor.py:175} INFO - Processing /home/airflow/.local/lib/python3.7/site-packages/airflow/example_dags/example_subdag_operator.py took 0.049 seconds
[2024-02-29T09:01:38.336+0000] {processor.py:153} INFO - Started process (PID=2724) to work on /home/airflow/.local/lib/python3.7/site-packages/airflow/example_dags/example_subdag_operator.py
[2024-02-29T09:01:38.336+0000] {processor.py:743} INFO - Processing file /home/airflow/.local/lib/python3.7/site-packages/airflow/example_dags/example_subdag_operator.py for tasks to queue
[2024-02-29T09:01:38.337+0000] {logging_mixin.py:137} INFO - [2024-02-29T09:01:38.337+0000] {dagbag.py:538} INFO - Filling up the DagBag from /home/airflow/.local/lib/python3.7/site-packages/airflow/example_dags/example_subdag_operator.py
[2024-02-29T09:01:38.351+0000] {processor.py:753} INFO - DAG(s) dict_keys(['example_subdag_operator.section-1', 'example_subdag_operator.section-2', 'example_subdag_operator']) retrieved from /home/airflow/.local/lib/python3.7/site-packages/airflow/example_dags/example_subdag_operator.py
[2024-02-29T09:01:38.359+0000] {logging_mixin.py:137} INFO - [2024-02-29T09:01:38.359+0000] {dag.py:2690} INFO - Sync 3 DAGs
[2024-02-29T09:01:38.370+0000] {logging_mixin.py:137} INFO - [2024-02-29T09:01:38.370+0000] {dag.py:3441} INFO - Setting next_dagrun for example_subdag_operator to 2022-01-01T00:00:00+00:00, run_after=2022-01-01T00:00:00+00:00
[2024-02-29T09:01:38.372+0000] {logging_mixin.py:137} INFO - [2024-02-29T09:01:38.372+0000] {dag.py:3441} INFO - Setting next_dagrun for example_subdag_operator.section-1 to None, run_after=None
[2024-02-29T09:01:38.372+0000] {logging_mixin.py:137} INFO - [2024-02-29T09:01:38.372+0000] {dag.py:3441} INFO - Setting next_dagrun for example_subdag_operator.section-2 to None, run_after=None
[2024-02-29T09:01:38.376+0000] {logging_mixin.py:137} INFO - [2024-02-29T09:01:38.376+0000] {dag.py:2690} INFO - Sync 2 DAGs
[2024-02-29T09:01:38.378+0000] {logging_mixin.py:137} INFO - [2024-02-29T09:01:38.378+0000] {dag.py:3441} INFO - Setting next_dagrun for example_subdag_operator.section-1 to None, run_after=None
[2024-02-29T09:01:38.379+0000] {logging_mixin.py:137} INFO - [2024-02-29T09:01:38.379+0000] {dag.py:3441} INFO - Setting next_dagrun for example_subdag_operator.section-2 to None, run_after=None
[2024-02-29T09:01:38.384+0000] {processor.py:175} INFO - Processing /home/airflow/.local/lib/python3.7/site-packages/airflow/example_dags/example_subdag_operator.py took 0.050 seconds
[2024-02-29T09:02:08.838+0000] {processor.py:153} INFO - Started process (PID=2817) to work on /home/airflow/.local/lib/python3.7/site-packages/airflow/example_dags/example_subdag_operator.py
[2024-02-29T09:02:08.838+0000] {processor.py:743} INFO - Processing file /home/airflow/.local/lib/python3.7/site-packages/airflow/example_dags/example_subdag_operator.py for tasks to queue
[2024-02-29T09:02:08.839+0000] {logging_mixin.py:137} INFO - [2024-02-29T09:02:08.839+0000] {dagbag.py:538} INFO - Filling up the DagBag from /home/airflow/.local/lib/python3.7/site-packages/airflow/example_dags/example_subdag_operator.py
[2024-02-29T09:02:08.852+0000] {processor.py:753} INFO - DAG(s) dict_keys(['example_subdag_operator.section-1', 'example_subdag_operator.section-2', 'example_subdag_operator']) retrieved from /home/airflow/.local/lib/python3.7/site-packages/airflow/example_dags/example_subdag_operator.py
[2024-02-29T09:02:08.860+0000] {logging_mixin.py:137} INFO - [2024-02-29T09:02:08.860+0000] {dag.py:2690} INFO - Sync 3 DAGs
[2024-02-29T09:02:08.871+0000] {logging_mixin.py:137} INFO - [2024-02-29T09:02:08.871+0000] {dag.py:3441} INFO - Setting next_dagrun for example_subdag_operator to 2022-01-01T00:00:00+00:00, run_after=2022-01-01T00:00:00+00:00
[2024-02-29T09:02:08.873+0000] {logging_mixin.py:137} INFO - [2024-02-29T09:02:08.872+0000] {dag.py:3441} INFO - Setting next_dagrun for example_subdag_operator.section-1 to None, run_after=None
[2024-02-29T09:02:08.873+0000] {logging_mixin.py:137} INFO - [2024-02-29T09:02:08.873+0000] {dag.py:3441} INFO - Setting next_dagrun for example_subdag_operator.section-2 to None, run_after=None
[2024-02-29T09:02:08.878+0000] {logging_mixin.py:137} INFO - [2024-02-29T09:02:08.878+0000] {dag.py:2690} INFO - Sync 2 DAGs
[2024-02-29T09:02:08.880+0000] {logging_mixin.py:137} INFO - [2024-02-29T09:02:08.880+0000] {dag.py:3441} INFO - Setting next_dagrun for example_subdag_operator.section-1 to None, run_after=None
[2024-02-29T09:02:08.880+0000] {logging_mixin.py:137} INFO - [2024-02-29T09:02:08.880+0000] {dag.py:3441} INFO - Setting next_dagrun for example_subdag_operator.section-2 to None, run_after=None
[2024-02-29T09:02:08.885+0000] {processor.py:175} INFO - Processing /home/airflow/.local/lib/python3.7/site-packages/airflow/example_dags/example_subdag_operator.py took 0.048 seconds
[2024-02-29T09:02:39.360+0000] {processor.py:153} INFO - Started process (PID=2911) to work on /home/airflow/.local/lib/python3.7/site-packages/airflow/example_dags/example_subdag_operator.py
[2024-02-29T09:02:39.360+0000] {processor.py:743} INFO - Processing file /home/airflow/.local/lib/python3.7/site-packages/airflow/example_dags/example_subdag_operator.py for tasks to queue
[2024-02-29T09:02:39.361+0000] {logging_mixin.py:137} INFO - [2024-02-29T09:02:39.361+0000] {dagbag.py:538} INFO - Filling up the DagBag from /home/airflow/.local/lib/python3.7/site-packages/airflow/example_dags/example_subdag_operator.py
[2024-02-29T09:02:39.375+0000] {processor.py:753} INFO - DAG(s) dict_keys(['example_subdag_operator.section-1', 'example_subdag_operator.section-2', 'example_subdag_operator']) retrieved from /home/airflow/.local/lib/python3.7/site-packages/airflow/example_dags/example_subdag_operator.py
[2024-02-29T09:02:39.383+0000] {logging_mixin.py:137} INFO - [2024-02-29T09:02:39.383+0000] {dag.py:2690} INFO - Sync 3 DAGs
[2024-02-29T09:02:39.394+0000] {logging_mixin.py:137} INFO - [2024-02-29T09:02:39.394+0000] {dag.py:3441} INFO - Setting next_dagrun for example_subdag_operator to 2022-01-01T00:00:00+00:00, run_after=2022-01-01T00:00:00+00:00
[2024-02-29T09:02:39.395+0000] {logging_mixin.py:137} INFO - [2024-02-29T09:02:39.395+0000] {dag.py:3441} INFO - Setting next_dagrun for example_subdag_operator.section-1 to None, run_after=None
[2024-02-29T09:02:39.396+0000] {logging_mixin.py:137} INFO - [2024-02-29T09:02:39.396+0000] {dag.py:3441} INFO - Setting next_dagrun for example_subdag_operator.section-2 to None, run_after=None
[2024-02-29T09:02:39.399+0000] {logging_mixin.py:137} INFO - [2024-02-29T09:02:39.399+0000] {dag.py:2690} INFO - Sync 2 DAGs
[2024-02-29T09:02:39.401+0000] {logging_mixin.py:137} INFO - [2024-02-29T09:02:39.401+0000] {dag.py:3441} INFO - Setting next_dagrun for example_subdag_operator.section-1 to None, run_after=None
[2024-02-29T09:02:39.402+0000] {logging_mixin.py:137} INFO - [2024-02-29T09:02:39.402+0000] {dag.py:3441} INFO - Setting next_dagrun for example_subdag_operator.section-2 to None, run_after=None
[2024-02-29T09:02:39.406+0000] {processor.py:175} INFO - Processing /home/airflow/.local/lib/python3.7/site-packages/airflow/example_dags/example_subdag_operator.py took 0.048 seconds
[2024-02-29T09:03:09.891+0000] {processor.py:153} INFO - Started process (PID=3004) to work on /home/airflow/.local/lib/python3.7/site-packages/airflow/example_dags/example_subdag_operator.py
[2024-02-29T09:03:09.892+0000] {processor.py:743} INFO - Processing file /home/airflow/.local/lib/python3.7/site-packages/airflow/example_dags/example_subdag_operator.py for tasks to queue
[2024-02-29T09:03:09.892+0000] {logging_mixin.py:137} INFO - [2024-02-29T09:03:09.892+0000] {dagbag.py:538} INFO - Filling up the DagBag from /home/airflow/.local/lib/python3.7/site-packages/airflow/example_dags/example_subdag_operator.py
[2024-02-29T09:03:09.908+0000] {processor.py:753} INFO - DAG(s) dict_keys(['example_subdag_operator.section-1', 'example_subdag_operator.section-2', 'example_subdag_operator']) retrieved from /home/airflow/.local/lib/python3.7/site-packages/airflow/example_dags/example_subdag_operator.py
[2024-02-29T09:03:09.917+0000] {logging_mixin.py:137} INFO - [2024-02-29T09:03:09.917+0000] {dag.py:2690} INFO - Sync 3 DAGs
[2024-02-29T09:03:09.930+0000] {logging_mixin.py:137} INFO - [2024-02-29T09:03:09.930+0000] {dag.py:3441} INFO - Setting next_dagrun for example_subdag_operator to 2022-01-01T00:00:00+00:00, run_after=2022-01-01T00:00:00+00:00
[2024-02-29T09:03:09.932+0000] {logging_mixin.py:137} INFO - [2024-02-29T09:03:09.932+0000] {dag.py:3441} INFO - Setting next_dagrun for example_subdag_operator.section-1 to None, run_after=None
[2024-02-29T09:03:09.933+0000] {logging_mixin.py:137} INFO - [2024-02-29T09:03:09.933+0000] {dag.py:3441} INFO - Setting next_dagrun for example_subdag_operator.section-2 to None, run_after=None
[2024-02-29T09:03:09.937+0000] {logging_mixin.py:137} INFO - [2024-02-29T09:03:09.937+0000] {dag.py:2690} INFO - Sync 2 DAGs
[2024-02-29T09:03:09.940+0000] {logging_mixin.py:137} INFO - [2024-02-29T09:03:09.940+0000] {dag.py:3441} INFO - Setting next_dagrun for example_subdag_operator.section-1 to None, run_after=None
[2024-02-29T09:03:09.940+0000] {logging_mixin.py:137} INFO - [2024-02-29T09:03:09.940+0000] {dag.py:3441} INFO - Setting next_dagrun for example_subdag_operator.section-2 to None, run_after=None
[2024-02-29T09:03:09.944+0000] {processor.py:175} INFO - Processing /home/airflow/.local/lib/python3.7/site-packages/airflow/example_dags/example_subdag_operator.py took 0.054 seconds
