[2024-02-29T08:46:24.861+0000] {processor.py:153} INFO - Started process (PID=54) to work on /home/airflow/.local/lib/python3.7/site-packages/airflow/example_dags/example_branch_labels.py
[2024-02-29T08:46:24.862+0000] {processor.py:743} INFO - Processing file /home/airflow/.local/lib/python3.7/site-packages/airflow/example_dags/example_branch_labels.py for tasks to queue
[2024-02-29T08:46:24.862+0000] {logging_mixin.py:137} INFO - [2024-02-29T08:46:24.862+0000] {dagbag.py:538} INFO - Filling up the DagBag from /home/airflow/.local/lib/python3.7/site-packages/airflow/example_dags/example_branch_labels.py
[2024-02-29T08:46:24.870+0000] {processor.py:753} INFO - DAG(s) dict_keys(['example_branch_labels']) retrieved from /home/airflow/.local/lib/python3.7/site-packages/airflow/example_dags/example_branch_labels.py
[2024-02-29T08:46:24.882+0000] {logging_mixin.py:137} INFO - [2024-02-29T08:46:24.882+0000] {dag.py:2690} INFO - Sync 1 DAGs
[2024-02-29T08:46:24.896+0000] {logging_mixin.py:137} INFO - [2024-02-29T08:46:24.896+0000] {dag.py:3441} INFO - Setting next_dagrun for example_branch_labels to 2024-02-28T00:00:00+00:00, run_after=2024-02-29T00:00:00+00:00
[2024-02-29T08:46:24.907+0000] {processor.py:175} INFO - Processing /home/airflow/.local/lib/python3.7/site-packages/airflow/example_dags/example_branch_labels.py took 0.048 seconds
[2024-02-29T08:46:55.657+0000] {processor.py:153} INFO - Started process (PID=147) to work on /home/airflow/.local/lib/python3.7/site-packages/airflow/example_dags/example_branch_labels.py
[2024-02-29T08:46:55.657+0000] {processor.py:743} INFO - Processing file /home/airflow/.local/lib/python3.7/site-packages/airflow/example_dags/example_branch_labels.py for tasks to queue
[2024-02-29T08:46:55.658+0000] {logging_mixin.py:137} INFO - [2024-02-29T08:46:55.658+0000] {dagbag.py:538} INFO - Filling up the DagBag from /home/airflow/.local/lib/python3.7/site-packages/airflow/example_dags/example_branch_labels.py
[2024-02-29T08:46:55.664+0000] {processor.py:753} INFO - DAG(s) dict_keys(['example_branch_labels']) retrieved from /home/airflow/.local/lib/python3.7/site-packages/airflow/example_dags/example_branch_labels.py
[2024-02-29T08:46:55.675+0000] {logging_mixin.py:137} INFO - [2024-02-29T08:46:55.675+0000] {dag.py:2690} INFO - Sync 1 DAGs
[2024-02-29T08:46:55.686+0000] {logging_mixin.py:137} INFO - [2024-02-29T08:46:55.686+0000] {dag.py:3441} INFO - Setting next_dagrun for example_branch_labels to 2024-02-28T00:00:00+00:00, run_after=2024-02-29T00:00:00+00:00
[2024-02-29T08:46:55.693+0000] {processor.py:175} INFO - Processing /home/airflow/.local/lib/python3.7/site-packages/airflow/example_dags/example_branch_labels.py took 0.038 seconds
[2024-02-29T08:47:25.980+0000] {processor.py:153} INFO - Started process (PID=241) to work on /home/airflow/.local/lib/python3.7/site-packages/airflow/example_dags/example_branch_labels.py
[2024-02-29T08:47:25.980+0000] {processor.py:743} INFO - Processing file /home/airflow/.local/lib/python3.7/site-packages/airflow/example_dags/example_branch_labels.py for tasks to queue
[2024-02-29T08:47:25.981+0000] {logging_mixin.py:137} INFO - [2024-02-29T08:47:25.980+0000] {dagbag.py:538} INFO - Filling up the DagBag from /home/airflow/.local/lib/python3.7/site-packages/airflow/example_dags/example_branch_labels.py
[2024-02-29T08:47:25.987+0000] {processor.py:753} INFO - DAG(s) dict_keys(['example_branch_labels']) retrieved from /home/airflow/.local/lib/python3.7/site-packages/airflow/example_dags/example_branch_labels.py
[2024-02-29T08:47:25.998+0000] {logging_mixin.py:137} INFO - [2024-02-29T08:47:25.998+0000] {dag.py:2690} INFO - Sync 1 DAGs
[2024-02-29T08:47:26.010+0000] {logging_mixin.py:137} INFO - [2024-02-29T08:47:26.010+0000] {dag.py:3441} INFO - Setting next_dagrun for example_branch_labels to 2024-02-28T00:00:00+00:00, run_after=2024-02-29T00:00:00+00:00
[2024-02-29T08:47:26.017+0000] {processor.py:175} INFO - Processing /home/airflow/.local/lib/python3.7/site-packages/airflow/example_dags/example_branch_labels.py took 0.038 seconds
[2024-02-29T08:47:56.289+0000] {processor.py:153} INFO - Started process (PID=317) to work on /home/airflow/.local/lib/python3.7/site-packages/airflow/example_dags/example_branch_labels.py
[2024-02-29T08:47:56.289+0000] {processor.py:743} INFO - Processing file /home/airflow/.local/lib/python3.7/site-packages/airflow/example_dags/example_branch_labels.py for tasks to queue
[2024-02-29T08:47:56.289+0000] {logging_mixin.py:137} INFO - [2024-02-29T08:47:56.289+0000] {dagbag.py:538} INFO - Filling up the DagBag from /home/airflow/.local/lib/python3.7/site-packages/airflow/example_dags/example_branch_labels.py
[2024-02-29T08:47:56.296+0000] {processor.py:753} INFO - DAG(s) dict_keys(['example_branch_labels']) retrieved from /home/airflow/.local/lib/python3.7/site-packages/airflow/example_dags/example_branch_labels.py
[2024-02-29T08:47:56.307+0000] {logging_mixin.py:137} INFO - [2024-02-29T08:47:56.307+0000] {dag.py:2690} INFO - Sync 1 DAGs
[2024-02-29T08:47:56.319+0000] {logging_mixin.py:137} INFO - [2024-02-29T08:47:56.319+0000] {dag.py:3441} INFO - Setting next_dagrun for example_branch_labels to 2024-02-28T00:00:00+00:00, run_after=2024-02-29T00:00:00+00:00
[2024-02-29T08:47:56.327+0000] {processor.py:175} INFO - Processing /home/airflow/.local/lib/python3.7/site-packages/airflow/example_dags/example_branch_labels.py took 0.040 seconds
[2024-02-29T08:48:26.839+0000] {processor.py:153} INFO - Started process (PID=410) to work on /home/airflow/.local/lib/python3.7/site-packages/airflow/example_dags/example_branch_labels.py
[2024-02-29T08:48:26.839+0000] {processor.py:743} INFO - Processing file /home/airflow/.local/lib/python3.7/site-packages/airflow/example_dags/example_branch_labels.py for tasks to queue
[2024-02-29T08:48:26.840+0000] {logging_mixin.py:137} INFO - [2024-02-29T08:48:26.840+0000] {dagbag.py:538} INFO - Filling up the DagBag from /home/airflow/.local/lib/python3.7/site-packages/airflow/example_dags/example_branch_labels.py
[2024-02-29T08:48:26.846+0000] {processor.py:753} INFO - DAG(s) dict_keys(['example_branch_labels']) retrieved from /home/airflow/.local/lib/python3.7/site-packages/airflow/example_dags/example_branch_labels.py
[2024-02-29T08:48:26.856+0000] {logging_mixin.py:137} INFO - [2024-02-29T08:48:26.856+0000] {dag.py:2690} INFO - Sync 1 DAGs
[2024-02-29T08:48:26.868+0000] {logging_mixin.py:137} INFO - [2024-02-29T08:48:26.868+0000] {dag.py:3441} INFO - Setting next_dagrun for example_branch_labels to 2024-02-28T00:00:00+00:00, run_after=2024-02-29T00:00:00+00:00
[2024-02-29T08:48:26.875+0000] {processor.py:175} INFO - Processing /home/airflow/.local/lib/python3.7/site-packages/airflow/example_dags/example_branch_labels.py took 0.038 seconds
[2024-02-29T08:48:57.183+0000] {processor.py:153} INFO - Started process (PID=504) to work on /home/airflow/.local/lib/python3.7/site-packages/airflow/example_dags/example_branch_labels.py
[2024-02-29T08:48:57.183+0000] {processor.py:743} INFO - Processing file /home/airflow/.local/lib/python3.7/site-packages/airflow/example_dags/example_branch_labels.py for tasks to queue
[2024-02-29T08:48:57.183+0000] {logging_mixin.py:137} INFO - [2024-02-29T08:48:57.183+0000] {dagbag.py:538} INFO - Filling up the DagBag from /home/airflow/.local/lib/python3.7/site-packages/airflow/example_dags/example_branch_labels.py
[2024-02-29T08:48:57.190+0000] {processor.py:753} INFO - DAG(s) dict_keys(['example_branch_labels']) retrieved from /home/airflow/.local/lib/python3.7/site-packages/airflow/example_dags/example_branch_labels.py
[2024-02-29T08:48:57.202+0000] {logging_mixin.py:137} INFO - [2024-02-29T08:48:57.202+0000] {dag.py:2690} INFO - Sync 1 DAGs
[2024-02-29T08:48:57.213+0000] {logging_mixin.py:137} INFO - [2024-02-29T08:48:57.213+0000] {dag.py:3441} INFO - Setting next_dagrun for example_branch_labels to 2024-02-28T00:00:00+00:00, run_after=2024-02-29T00:00:00+00:00
[2024-02-29T08:48:57.220+0000] {processor.py:175} INFO - Processing /home/airflow/.local/lib/python3.7/site-packages/airflow/example_dags/example_branch_labels.py took 0.039 seconds
[2024-02-29T08:49:27.619+0000] {processor.py:153} INFO - Started process (PID=598) to work on /home/airflow/.local/lib/python3.7/site-packages/airflow/example_dags/example_branch_labels.py
[2024-02-29T08:49:27.620+0000] {processor.py:743} INFO - Processing file /home/airflow/.local/lib/python3.7/site-packages/airflow/example_dags/example_branch_labels.py for tasks to queue
[2024-02-29T08:49:27.620+0000] {logging_mixin.py:137} INFO - [2024-02-29T08:49:27.620+0000] {dagbag.py:538} INFO - Filling up the DagBag from /home/airflow/.local/lib/python3.7/site-packages/airflow/example_dags/example_branch_labels.py
[2024-02-29T08:49:27.627+0000] {processor.py:753} INFO - DAG(s) dict_keys(['example_branch_labels']) retrieved from /home/airflow/.local/lib/python3.7/site-packages/airflow/example_dags/example_branch_labels.py
[2024-02-29T08:49:27.638+0000] {logging_mixin.py:137} INFO - [2024-02-29T08:49:27.638+0000] {dag.py:2690} INFO - Sync 1 DAGs
[2024-02-29T08:49:27.649+0000] {logging_mixin.py:137} INFO - [2024-02-29T08:49:27.649+0000] {dag.py:3441} INFO - Setting next_dagrun for example_branch_labels to 2024-02-28T00:00:00+00:00, run_after=2024-02-29T00:00:00+00:00
[2024-02-29T08:49:27.657+0000] {processor.py:175} INFO - Processing /home/airflow/.local/lib/python3.7/site-packages/airflow/example_dags/example_branch_labels.py took 0.039 seconds
[2024-02-29T08:49:57.943+0000] {processor.py:153} INFO - Started process (PID=673) to work on /home/airflow/.local/lib/python3.7/site-packages/airflow/example_dags/example_branch_labels.py
[2024-02-29T08:49:57.943+0000] {processor.py:743} INFO - Processing file /home/airflow/.local/lib/python3.7/site-packages/airflow/example_dags/example_branch_labels.py for tasks to queue
[2024-02-29T08:49:57.943+0000] {logging_mixin.py:137} INFO - [2024-02-29T08:49:57.943+0000] {dagbag.py:538} INFO - Filling up the DagBag from /home/airflow/.local/lib/python3.7/site-packages/airflow/example_dags/example_branch_labels.py
[2024-02-29T08:49:57.949+0000] {processor.py:753} INFO - DAG(s) dict_keys(['example_branch_labels']) retrieved from /home/airflow/.local/lib/python3.7/site-packages/airflow/example_dags/example_branch_labels.py
[2024-02-29T08:49:57.961+0000] {logging_mixin.py:137} INFO - [2024-02-29T08:49:57.961+0000] {dag.py:2690} INFO - Sync 1 DAGs
[2024-02-29T08:49:57.972+0000] {logging_mixin.py:137} INFO - [2024-02-29T08:49:57.972+0000] {dag.py:3441} INFO - Setting next_dagrun for example_branch_labels to 2024-02-28T00:00:00+00:00, run_after=2024-02-29T00:00:00+00:00
[2024-02-29T08:49:57.980+0000] {processor.py:175} INFO - Processing /home/airflow/.local/lib/python3.7/site-packages/airflow/example_dags/example_branch_labels.py took 0.039 seconds
[2024-02-29T08:50:28.305+0000] {processor.py:153} INFO - Started process (PID=767) to work on /home/airflow/.local/lib/python3.7/site-packages/airflow/example_dags/example_branch_labels.py
[2024-02-29T08:50:28.306+0000] {processor.py:743} INFO - Processing file /home/airflow/.local/lib/python3.7/site-packages/airflow/example_dags/example_branch_labels.py for tasks to queue
[2024-02-29T08:50:28.306+0000] {logging_mixin.py:137} INFO - [2024-02-29T08:50:28.306+0000] {dagbag.py:538} INFO - Filling up the DagBag from /home/airflow/.local/lib/python3.7/site-packages/airflow/example_dags/example_branch_labels.py
[2024-02-29T08:50:28.312+0000] {processor.py:753} INFO - DAG(s) dict_keys(['example_branch_labels']) retrieved from /home/airflow/.local/lib/python3.7/site-packages/airflow/example_dags/example_branch_labels.py
[2024-02-29T08:50:28.324+0000] {logging_mixin.py:137} INFO - [2024-02-29T08:50:28.324+0000] {dag.py:2690} INFO - Sync 1 DAGs
[2024-02-29T08:50:28.338+0000] {logging_mixin.py:137} INFO - [2024-02-29T08:50:28.338+0000] {dag.py:3441} INFO - Setting next_dagrun for example_branch_labels to 2024-02-28T00:00:00+00:00, run_after=2024-02-29T00:00:00+00:00
[2024-02-29T08:50:28.349+0000] {processor.py:175} INFO - Processing /home/airflow/.local/lib/python3.7/site-packages/airflow/example_dags/example_branch_labels.py took 0.045 seconds
[2024-02-29T08:50:58.877+0000] {processor.py:153} INFO - Started process (PID=861) to work on /home/airflow/.local/lib/python3.7/site-packages/airflow/example_dags/example_branch_labels.py
[2024-02-29T08:50:58.877+0000] {processor.py:743} INFO - Processing file /home/airflow/.local/lib/python3.7/site-packages/airflow/example_dags/example_branch_labels.py for tasks to queue
[2024-02-29T08:50:58.878+0000] {logging_mixin.py:137} INFO - [2024-02-29T08:50:58.878+0000] {dagbag.py:538} INFO - Filling up the DagBag from /home/airflow/.local/lib/python3.7/site-packages/airflow/example_dags/example_branch_labels.py
[2024-02-29T08:50:58.884+0000] {processor.py:753} INFO - DAG(s) dict_keys(['example_branch_labels']) retrieved from /home/airflow/.local/lib/python3.7/site-packages/airflow/example_dags/example_branch_labels.py
[2024-02-29T08:50:58.895+0000] {logging_mixin.py:137} INFO - [2024-02-29T08:50:58.895+0000] {dag.py:2690} INFO - Sync 1 DAGs
[2024-02-29T08:50:58.906+0000] {logging_mixin.py:137} INFO - [2024-02-29T08:50:58.906+0000] {dag.py:3441} INFO - Setting next_dagrun for example_branch_labels to 2024-02-28T00:00:00+00:00, run_after=2024-02-29T00:00:00+00:00
[2024-02-29T08:50:58.913+0000] {processor.py:175} INFO - Processing /home/airflow/.local/lib/python3.7/site-packages/airflow/example_dags/example_branch_labels.py took 0.038 seconds
[2024-02-29T08:51:29.240+0000] {processor.py:153} INFO - Started process (PID=954) to work on /home/airflow/.local/lib/python3.7/site-packages/airflow/example_dags/example_branch_labels.py
[2024-02-29T08:51:29.240+0000] {processor.py:743} INFO - Processing file /home/airflow/.local/lib/python3.7/site-packages/airflow/example_dags/example_branch_labels.py for tasks to queue
[2024-02-29T08:51:29.241+0000] {logging_mixin.py:137} INFO - [2024-02-29T08:51:29.241+0000] {dagbag.py:538} INFO - Filling up the DagBag from /home/airflow/.local/lib/python3.7/site-packages/airflow/example_dags/example_branch_labels.py
[2024-02-29T08:51:29.247+0000] {processor.py:753} INFO - DAG(s) dict_keys(['example_branch_labels']) retrieved from /home/airflow/.local/lib/python3.7/site-packages/airflow/example_dags/example_branch_labels.py
[2024-02-29T08:51:29.258+0000] {logging_mixin.py:137} INFO - [2024-02-29T08:51:29.258+0000] {dag.py:2690} INFO - Sync 1 DAGs
[2024-02-29T08:51:29.269+0000] {logging_mixin.py:137} INFO - [2024-02-29T08:51:29.269+0000] {dag.py:3441} INFO - Setting next_dagrun for example_branch_labels to 2024-02-28T00:00:00+00:00, run_after=2024-02-29T00:00:00+00:00
[2024-02-29T08:51:29.277+0000] {processor.py:175} INFO - Processing /home/airflow/.local/lib/python3.7/site-packages/airflow/example_dags/example_branch_labels.py took 0.039 seconds
[2024-02-29T08:51:59.615+0000] {processor.py:153} INFO - Started process (PID=1030) to work on /home/airflow/.local/lib/python3.7/site-packages/airflow/example_dags/example_branch_labels.py
[2024-02-29T08:51:59.619+0000] {processor.py:743} INFO - Processing file /home/airflow/.local/lib/python3.7/site-packages/airflow/example_dags/example_branch_labels.py for tasks to queue
[2024-02-29T08:51:59.620+0000] {logging_mixin.py:137} INFO - [2024-02-29T08:51:59.619+0000] {dagbag.py:538} INFO - Filling up the DagBag from /home/airflow/.local/lib/python3.7/site-packages/airflow/example_dags/example_branch_labels.py
[2024-02-29T08:51:59.626+0000] {processor.py:753} INFO - DAG(s) dict_keys(['example_branch_labels']) retrieved from /home/airflow/.local/lib/python3.7/site-packages/airflow/example_dags/example_branch_labels.py
[2024-02-29T08:51:59.637+0000] {logging_mixin.py:137} INFO - [2024-02-29T08:51:59.637+0000] {dag.py:2690} INFO - Sync 1 DAGs
[2024-02-29T08:51:59.649+0000] {logging_mixin.py:137} INFO - [2024-02-29T08:51:59.649+0000] {dag.py:3441} INFO - Setting next_dagrun for example_branch_labels to 2024-02-28T00:00:00+00:00, run_after=2024-02-29T00:00:00+00:00
[2024-02-29T08:51:59.657+0000] {processor.py:175} INFO - Processing /home/airflow/.local/lib/python3.7/site-packages/airflow/example_dags/example_branch_labels.py took 0.043 seconds
[2024-02-29T08:52:29.951+0000] {processor.py:153} INFO - Started process (PID=1123) to work on /home/airflow/.local/lib/python3.7/site-packages/airflow/example_dags/example_branch_labels.py
[2024-02-29T08:52:29.951+0000] {processor.py:743} INFO - Processing file /home/airflow/.local/lib/python3.7/site-packages/airflow/example_dags/example_branch_labels.py for tasks to queue
[2024-02-29T08:52:29.952+0000] {logging_mixin.py:137} INFO - [2024-02-29T08:52:29.951+0000] {dagbag.py:538} INFO - Filling up the DagBag from /home/airflow/.local/lib/python3.7/site-packages/airflow/example_dags/example_branch_labels.py
[2024-02-29T08:52:29.958+0000] {processor.py:753} INFO - DAG(s) dict_keys(['example_branch_labels']) retrieved from /home/airflow/.local/lib/python3.7/site-packages/airflow/example_dags/example_branch_labels.py
[2024-02-29T08:52:29.969+0000] {logging_mixin.py:137} INFO - [2024-02-29T08:52:29.969+0000] {dag.py:2690} INFO - Sync 1 DAGs
[2024-02-29T08:52:29.980+0000] {logging_mixin.py:137} INFO - [2024-02-29T08:52:29.980+0000] {dag.py:3441} INFO - Setting next_dagrun for example_branch_labels to 2024-02-28T00:00:00+00:00, run_after=2024-02-29T00:00:00+00:00
[2024-02-29T08:52:29.987+0000] {processor.py:175} INFO - Processing /home/airflow/.local/lib/python3.7/site-packages/airflow/example_dags/example_branch_labels.py took 0.038 seconds
[2024-02-29T08:53:00.292+0000] {processor.py:153} INFO - Started process (PID=1216) to work on /home/airflow/.local/lib/python3.7/site-packages/airflow/example_dags/example_branch_labels.py
[2024-02-29T08:53:00.293+0000] {processor.py:743} INFO - Processing file /home/airflow/.local/lib/python3.7/site-packages/airflow/example_dags/example_branch_labels.py for tasks to queue
[2024-02-29T08:53:00.293+0000] {logging_mixin.py:137} INFO - [2024-02-29T08:53:00.293+0000] {dagbag.py:538} INFO - Filling up the DagBag from /home/airflow/.local/lib/python3.7/site-packages/airflow/example_dags/example_branch_labels.py
[2024-02-29T08:53:00.299+0000] {processor.py:753} INFO - DAG(s) dict_keys(['example_branch_labels']) retrieved from /home/airflow/.local/lib/python3.7/site-packages/airflow/example_dags/example_branch_labels.py
[2024-02-29T08:53:00.310+0000] {logging_mixin.py:137} INFO - [2024-02-29T08:53:00.310+0000] {dag.py:2690} INFO - Sync 1 DAGs
[2024-02-29T08:53:00.321+0000] {logging_mixin.py:137} INFO - [2024-02-29T08:53:00.321+0000] {dag.py:3441} INFO - Setting next_dagrun for example_branch_labels to 2024-02-28T00:00:00+00:00, run_after=2024-02-29T00:00:00+00:00
[2024-02-29T08:53:00.328+0000] {processor.py:175} INFO - Processing /home/airflow/.local/lib/python3.7/site-packages/airflow/example_dags/example_branch_labels.py took 0.038 seconds
[2024-02-29T08:53:30.684+0000] {processor.py:153} INFO - Started process (PID=1310) to work on /home/airflow/.local/lib/python3.7/site-packages/airflow/example_dags/example_branch_labels.py
[2024-02-29T08:53:30.684+0000] {processor.py:743} INFO - Processing file /home/airflow/.local/lib/python3.7/site-packages/airflow/example_dags/example_branch_labels.py for tasks to queue
[2024-02-29T08:53:30.685+0000] {logging_mixin.py:137} INFO - [2024-02-29T08:53:30.685+0000] {dagbag.py:538} INFO - Filling up the DagBag from /home/airflow/.local/lib/python3.7/site-packages/airflow/example_dags/example_branch_labels.py
[2024-02-29T08:53:30.691+0000] {processor.py:753} INFO - DAG(s) dict_keys(['example_branch_labels']) retrieved from /home/airflow/.local/lib/python3.7/site-packages/airflow/example_dags/example_branch_labels.py
[2024-02-29T08:53:30.702+0000] {logging_mixin.py:137} INFO - [2024-02-29T08:53:30.702+0000] {dag.py:2690} INFO - Sync 1 DAGs
[2024-02-29T08:53:30.714+0000] {logging_mixin.py:137} INFO - [2024-02-29T08:53:30.714+0000] {dag.py:3441} INFO - Setting next_dagrun for example_branch_labels to 2024-02-28T00:00:00+00:00, run_after=2024-02-29T00:00:00+00:00
[2024-02-29T08:53:30.722+0000] {processor.py:175} INFO - Processing /home/airflow/.local/lib/python3.7/site-packages/airflow/example_dags/example_branch_labels.py took 0.039 seconds
[2024-02-29T08:54:01.090+0000] {processor.py:153} INFO - Started process (PID=1386) to work on /home/airflow/.local/lib/python3.7/site-packages/airflow/example_dags/example_branch_labels.py
[2024-02-29T08:54:01.091+0000] {processor.py:743} INFO - Processing file /home/airflow/.local/lib/python3.7/site-packages/airflow/example_dags/example_branch_labels.py for tasks to queue
[2024-02-29T08:54:01.091+0000] {logging_mixin.py:137} INFO - [2024-02-29T08:54:01.091+0000] {dagbag.py:538} INFO - Filling up the DagBag from /home/airflow/.local/lib/python3.7/site-packages/airflow/example_dags/example_branch_labels.py
[2024-02-29T08:54:01.098+0000] {processor.py:753} INFO - DAG(s) dict_keys(['example_branch_labels']) retrieved from /home/airflow/.local/lib/python3.7/site-packages/airflow/example_dags/example_branch_labels.py
[2024-02-29T08:54:01.109+0000] {logging_mixin.py:137} INFO - [2024-02-29T08:54:01.109+0000] {dag.py:2690} INFO - Sync 1 DAGs
[2024-02-29T08:54:01.121+0000] {logging_mixin.py:137} INFO - [2024-02-29T08:54:01.121+0000] {dag.py:3441} INFO - Setting next_dagrun for example_branch_labels to 2024-02-28T00:00:00+00:00, run_after=2024-02-29T00:00:00+00:00
[2024-02-29T08:54:01.129+0000] {processor.py:175} INFO - Processing /home/airflow/.local/lib/python3.7/site-packages/airflow/example_dags/example_branch_labels.py took 0.040 seconds
[2024-02-29T08:54:31.502+0000] {processor.py:153} INFO - Started process (PID=1480) to work on /home/airflow/.local/lib/python3.7/site-packages/airflow/example_dags/example_branch_labels.py
[2024-02-29T08:54:31.502+0000] {processor.py:743} INFO - Processing file /home/airflow/.local/lib/python3.7/site-packages/airflow/example_dags/example_branch_labels.py for tasks to queue
[2024-02-29T08:54:31.503+0000] {logging_mixin.py:137} INFO - [2024-02-29T08:54:31.503+0000] {dagbag.py:538} INFO - Filling up the DagBag from /home/airflow/.local/lib/python3.7/site-packages/airflow/example_dags/example_branch_labels.py
[2024-02-29T08:54:31.509+0000] {processor.py:753} INFO - DAG(s) dict_keys(['example_branch_labels']) retrieved from /home/airflow/.local/lib/python3.7/site-packages/airflow/example_dags/example_branch_labels.py
[2024-02-29T08:54:31.520+0000] {logging_mixin.py:137} INFO - [2024-02-29T08:54:31.520+0000] {dag.py:2690} INFO - Sync 1 DAGs
[2024-02-29T08:54:31.532+0000] {logging_mixin.py:137} INFO - [2024-02-29T08:54:31.532+0000] {dag.py:3441} INFO - Setting next_dagrun for example_branch_labels to 2024-02-28T00:00:00+00:00, run_after=2024-02-29T00:00:00+00:00
[2024-02-29T08:54:31.539+0000] {processor.py:175} INFO - Processing /home/airflow/.local/lib/python3.7/site-packages/airflow/example_dags/example_branch_labels.py took 0.039 seconds
[2024-02-29T08:55:01.947+0000] {processor.py:153} INFO - Started process (PID=1574) to work on /home/airflow/.local/lib/python3.7/site-packages/airflow/example_dags/example_branch_labels.py
[2024-02-29T08:55:01.948+0000] {processor.py:743} INFO - Processing file /home/airflow/.local/lib/python3.7/site-packages/airflow/example_dags/example_branch_labels.py for tasks to queue
[2024-02-29T08:55:01.948+0000] {logging_mixin.py:137} INFO - [2024-02-29T08:55:01.948+0000] {dagbag.py:538} INFO - Filling up the DagBag from /home/airflow/.local/lib/python3.7/site-packages/airflow/example_dags/example_branch_labels.py
[2024-02-29T08:55:01.954+0000] {processor.py:753} INFO - DAG(s) dict_keys(['example_branch_labels']) retrieved from /home/airflow/.local/lib/python3.7/site-packages/airflow/example_dags/example_branch_labels.py
[2024-02-29T08:55:01.966+0000] {logging_mixin.py:137} INFO - [2024-02-29T08:55:01.966+0000] {dag.py:2690} INFO - Sync 1 DAGs
[2024-02-29T08:55:01.977+0000] {logging_mixin.py:137} INFO - [2024-02-29T08:55:01.976+0000] {dag.py:3441} INFO - Setting next_dagrun for example_branch_labels to 2024-02-28T00:00:00+00:00, run_after=2024-02-29T00:00:00+00:00
[2024-02-29T08:55:01.985+0000] {processor.py:175} INFO - Processing /home/airflow/.local/lib/python3.7/site-packages/airflow/example_dags/example_branch_labels.py took 0.039 seconds
[2024-02-29T08:55:32.399+0000] {processor.py:153} INFO - Started process (PID=1667) to work on /home/airflow/.local/lib/python3.7/site-packages/airflow/example_dags/example_branch_labels.py
[2024-02-29T08:55:32.399+0000] {processor.py:743} INFO - Processing file /home/airflow/.local/lib/python3.7/site-packages/airflow/example_dags/example_branch_labels.py for tasks to queue
[2024-02-29T08:55:32.400+0000] {logging_mixin.py:137} INFO - [2024-02-29T08:55:32.400+0000] {dagbag.py:538} INFO - Filling up the DagBag from /home/airflow/.local/lib/python3.7/site-packages/airflow/example_dags/example_branch_labels.py
[2024-02-29T08:55:32.406+0000] {processor.py:753} INFO - DAG(s) dict_keys(['example_branch_labels']) retrieved from /home/airflow/.local/lib/python3.7/site-packages/airflow/example_dags/example_branch_labels.py
[2024-02-29T08:55:32.417+0000] {logging_mixin.py:137} INFO - [2024-02-29T08:55:32.417+0000] {dag.py:2690} INFO - Sync 1 DAGs
[2024-02-29T08:55:32.429+0000] {logging_mixin.py:137} INFO - [2024-02-29T08:55:32.429+0000] {dag.py:3441} INFO - Setting next_dagrun for example_branch_labels to 2024-02-28T00:00:00+00:00, run_after=2024-02-29T00:00:00+00:00
[2024-02-29T08:55:32.437+0000] {processor.py:175} INFO - Processing /home/airflow/.local/lib/python3.7/site-packages/airflow/example_dags/example_branch_labels.py took 0.039 seconds
[2024-02-29T08:56:02.703+0000] {processor.py:153} INFO - Started process (PID=1743) to work on /home/airflow/.local/lib/python3.7/site-packages/airflow/example_dags/example_branch_labels.py
[2024-02-29T08:56:02.704+0000] {processor.py:743} INFO - Processing file /home/airflow/.local/lib/python3.7/site-packages/airflow/example_dags/example_branch_labels.py for tasks to queue
[2024-02-29T08:56:02.704+0000] {logging_mixin.py:137} INFO - [2024-02-29T08:56:02.704+0000] {dagbag.py:538} INFO - Filling up the DagBag from /home/airflow/.local/lib/python3.7/site-packages/airflow/example_dags/example_branch_labels.py
[2024-02-29T08:56:02.710+0000] {processor.py:753} INFO - DAG(s) dict_keys(['example_branch_labels']) retrieved from /home/airflow/.local/lib/python3.7/site-packages/airflow/example_dags/example_branch_labels.py
[2024-02-29T08:56:02.722+0000] {logging_mixin.py:137} INFO - [2024-02-29T08:56:02.722+0000] {dag.py:2690} INFO - Sync 1 DAGs
[2024-02-29T08:56:02.733+0000] {logging_mixin.py:137} INFO - [2024-02-29T08:56:02.733+0000] {dag.py:3441} INFO - Setting next_dagrun for example_branch_labels to 2024-02-28T00:00:00+00:00, run_after=2024-02-29T00:00:00+00:00
[2024-02-29T08:56:02.741+0000] {processor.py:175} INFO - Processing /home/airflow/.local/lib/python3.7/site-packages/airflow/example_dags/example_branch_labels.py took 0.039 seconds
[2024-02-29T08:56:33.148+0000] {processor.py:153} INFO - Started process (PID=1837) to work on /home/airflow/.local/lib/python3.7/site-packages/airflow/example_dags/example_branch_labels.py
[2024-02-29T08:56:33.148+0000] {processor.py:743} INFO - Processing file /home/airflow/.local/lib/python3.7/site-packages/airflow/example_dags/example_branch_labels.py for tasks to queue
[2024-02-29T08:56:33.149+0000] {logging_mixin.py:137} INFO - [2024-02-29T08:56:33.149+0000] {dagbag.py:538} INFO - Filling up the DagBag from /home/airflow/.local/lib/python3.7/site-packages/airflow/example_dags/example_branch_labels.py
[2024-02-29T08:56:33.155+0000] {processor.py:753} INFO - DAG(s) dict_keys(['example_branch_labels']) retrieved from /home/airflow/.local/lib/python3.7/site-packages/airflow/example_dags/example_branch_labels.py
[2024-02-29T08:56:33.166+0000] {logging_mixin.py:137} INFO - [2024-02-29T08:56:33.166+0000] {dag.py:2690} INFO - Sync 1 DAGs
[2024-02-29T08:56:33.178+0000] {logging_mixin.py:137} INFO - [2024-02-29T08:56:33.177+0000] {dag.py:3441} INFO - Setting next_dagrun for example_branch_labels to 2024-02-28T00:00:00+00:00, run_after=2024-02-29T00:00:00+00:00
[2024-02-29T08:56:33.185+0000] {processor.py:175} INFO - Processing /home/airflow/.local/lib/python3.7/site-packages/airflow/example_dags/example_branch_labels.py took 0.039 seconds
[2024-02-29T08:57:03.578+0000] {processor.py:153} INFO - Started process (PID=1931) to work on /home/airflow/.local/lib/python3.7/site-packages/airflow/example_dags/example_branch_labels.py
[2024-02-29T08:57:03.578+0000] {processor.py:743} INFO - Processing file /home/airflow/.local/lib/python3.7/site-packages/airflow/example_dags/example_branch_labels.py for tasks to queue
[2024-02-29T08:57:03.579+0000] {logging_mixin.py:137} INFO - [2024-02-29T08:57:03.579+0000] {dagbag.py:538} INFO - Filling up the DagBag from /home/airflow/.local/lib/python3.7/site-packages/airflow/example_dags/example_branch_labels.py
[2024-02-29T08:57:03.585+0000] {processor.py:753} INFO - DAG(s) dict_keys(['example_branch_labels']) retrieved from /home/airflow/.local/lib/python3.7/site-packages/airflow/example_dags/example_branch_labels.py
[2024-02-29T08:57:03.596+0000] {logging_mixin.py:137} INFO - [2024-02-29T08:57:03.596+0000] {dag.py:2690} INFO - Sync 1 DAGs
[2024-02-29T08:57:03.608+0000] {logging_mixin.py:137} INFO - [2024-02-29T08:57:03.608+0000] {dag.py:3441} INFO - Setting next_dagrun for example_branch_labels to 2024-02-28T00:00:00+00:00, run_after=2024-02-29T00:00:00+00:00
[2024-02-29T08:57:03.616+0000] {processor.py:175} INFO - Processing /home/airflow/.local/lib/python3.7/site-packages/airflow/example_dags/example_branch_labels.py took 0.039 seconds
[2024-02-29T08:57:33.991+0000] {processor.py:153} INFO - Started process (PID=2025) to work on /home/airflow/.local/lib/python3.7/site-packages/airflow/example_dags/example_branch_labels.py
[2024-02-29T08:57:33.992+0000] {processor.py:743} INFO - Processing file /home/airflow/.local/lib/python3.7/site-packages/airflow/example_dags/example_branch_labels.py for tasks to queue
[2024-02-29T08:57:33.992+0000] {logging_mixin.py:137} INFO - [2024-02-29T08:57:33.992+0000] {dagbag.py:538} INFO - Filling up the DagBag from /home/airflow/.local/lib/python3.7/site-packages/airflow/example_dags/example_branch_labels.py
[2024-02-29T08:57:33.998+0000] {processor.py:753} INFO - DAG(s) dict_keys(['example_branch_labels']) retrieved from /home/airflow/.local/lib/python3.7/site-packages/airflow/example_dags/example_branch_labels.py
[2024-02-29T08:57:34.010+0000] {logging_mixin.py:137} INFO - [2024-02-29T08:57:34.010+0000] {dag.py:2690} INFO - Sync 1 DAGs
[2024-02-29T08:57:34.022+0000] {logging_mixin.py:137} INFO - [2024-02-29T08:57:34.022+0000] {dag.py:3441} INFO - Setting next_dagrun for example_branch_labels to 2024-02-28T00:00:00+00:00, run_after=2024-02-29T00:00:00+00:00
[2024-02-29T08:57:34.030+0000] {processor.py:175} INFO - Processing /home/airflow/.local/lib/python3.7/site-packages/airflow/example_dags/example_branch_labels.py took 0.040 seconds
[2024-02-29T08:58:04.570+0000] {processor.py:153} INFO - Started process (PID=2101) to work on /home/airflow/.local/lib/python3.7/site-packages/airflow/example_dags/example_branch_labels.py
[2024-02-29T08:58:04.571+0000] {processor.py:743} INFO - Processing file /home/airflow/.local/lib/python3.7/site-packages/airflow/example_dags/example_branch_labels.py for tasks to queue
[2024-02-29T08:58:04.571+0000] {logging_mixin.py:137} INFO - [2024-02-29T08:58:04.571+0000] {dagbag.py:538} INFO - Filling up the DagBag from /home/airflow/.local/lib/python3.7/site-packages/airflow/example_dags/example_branch_labels.py
[2024-02-29T08:58:04.578+0000] {processor.py:753} INFO - DAG(s) dict_keys(['example_branch_labels']) retrieved from /home/airflow/.local/lib/python3.7/site-packages/airflow/example_dags/example_branch_labels.py
[2024-02-29T08:58:04.590+0000] {logging_mixin.py:137} INFO - [2024-02-29T08:58:04.590+0000] {dag.py:2690} INFO - Sync 1 DAGs
[2024-02-29T08:58:04.603+0000] {logging_mixin.py:137} INFO - [2024-02-29T08:58:04.603+0000] {dag.py:3441} INFO - Setting next_dagrun for example_branch_labels to 2024-02-28T00:00:00+00:00, run_after=2024-02-29T00:00:00+00:00
[2024-02-29T08:58:04.611+0000] {processor.py:175} INFO - Processing /home/airflow/.local/lib/python3.7/site-packages/airflow/example_dags/example_branch_labels.py took 0.043 seconds
[2024-02-29T08:58:35.086+0000] {processor.py:153} INFO - Started process (PID=2195) to work on /home/airflow/.local/lib/python3.7/site-packages/airflow/example_dags/example_branch_labels.py
[2024-02-29T08:58:35.087+0000] {processor.py:743} INFO - Processing file /home/airflow/.local/lib/python3.7/site-packages/airflow/example_dags/example_branch_labels.py for tasks to queue
[2024-02-29T08:58:35.087+0000] {logging_mixin.py:137} INFO - [2024-02-29T08:58:35.087+0000] {dagbag.py:538} INFO - Filling up the DagBag from /home/airflow/.local/lib/python3.7/site-packages/airflow/example_dags/example_branch_labels.py
[2024-02-29T08:58:35.094+0000] {processor.py:753} INFO - DAG(s) dict_keys(['example_branch_labels']) retrieved from /home/airflow/.local/lib/python3.7/site-packages/airflow/example_dags/example_branch_labels.py
[2024-02-29T08:58:35.106+0000] {logging_mixin.py:137} INFO - [2024-02-29T08:58:35.106+0000] {dag.py:2690} INFO - Sync 1 DAGs
[2024-02-29T08:58:35.118+0000] {logging_mixin.py:137} INFO - [2024-02-29T08:58:35.118+0000] {dag.py:3441} INFO - Setting next_dagrun for example_branch_labels to 2024-02-28T00:00:00+00:00, run_after=2024-02-29T00:00:00+00:00
[2024-02-29T08:58:35.126+0000] {processor.py:175} INFO - Processing /home/airflow/.local/lib/python3.7/site-packages/airflow/example_dags/example_branch_labels.py took 0.042 seconds
[2024-02-29T08:59:05.417+0000] {processor.py:153} INFO - Started process (PID=2288) to work on /home/airflow/.local/lib/python3.7/site-packages/airflow/example_dags/example_branch_labels.py
[2024-02-29T08:59:05.418+0000] {processor.py:743} INFO - Processing file /home/airflow/.local/lib/python3.7/site-packages/airflow/example_dags/example_branch_labels.py for tasks to queue
[2024-02-29T08:59:05.418+0000] {logging_mixin.py:137} INFO - [2024-02-29T08:59:05.418+0000] {dagbag.py:538} INFO - Filling up the DagBag from /home/airflow/.local/lib/python3.7/site-packages/airflow/example_dags/example_branch_labels.py
[2024-02-29T08:59:05.424+0000] {processor.py:753} INFO - DAG(s) dict_keys(['example_branch_labels']) retrieved from /home/airflow/.local/lib/python3.7/site-packages/airflow/example_dags/example_branch_labels.py
[2024-02-29T08:59:05.436+0000] {logging_mixin.py:137} INFO - [2024-02-29T08:59:05.436+0000] {dag.py:2690} INFO - Sync 1 DAGs
[2024-02-29T08:59:05.448+0000] {logging_mixin.py:137} INFO - [2024-02-29T08:59:05.448+0000] {dag.py:3441} INFO - Setting next_dagrun for example_branch_labels to 2024-02-28T00:00:00+00:00, run_after=2024-02-29T00:00:00+00:00
[2024-02-29T08:59:05.455+0000] {processor.py:175} INFO - Processing /home/airflow/.local/lib/python3.7/site-packages/airflow/example_dags/example_branch_labels.py took 0.039 seconds
[2024-02-29T08:59:35.993+0000] {processor.py:153} INFO - Started process (PID=2382) to work on /home/airflow/.local/lib/python3.7/site-packages/airflow/example_dags/example_branch_labels.py
[2024-02-29T08:59:35.993+0000] {processor.py:743} INFO - Processing file /home/airflow/.local/lib/python3.7/site-packages/airflow/example_dags/example_branch_labels.py for tasks to queue
[2024-02-29T08:59:35.994+0000] {logging_mixin.py:137} INFO - [2024-02-29T08:59:35.994+0000] {dagbag.py:538} INFO - Filling up the DagBag from /home/airflow/.local/lib/python3.7/site-packages/airflow/example_dags/example_branch_labels.py
[2024-02-29T08:59:36.005+0000] {processor.py:753} INFO - DAG(s) dict_keys(['example_branch_labels']) retrieved from /home/airflow/.local/lib/python3.7/site-packages/airflow/example_dags/example_branch_labels.py
[2024-02-29T08:59:36.020+0000] {logging_mixin.py:137} INFO - [2024-02-29T08:59:36.019+0000] {dag.py:2690} INFO - Sync 1 DAGs
[2024-02-29T08:59:36.035+0000] {logging_mixin.py:137} INFO - [2024-02-29T08:59:36.035+0000] {dag.py:3441} INFO - Setting next_dagrun for example_branch_labels to 2024-02-28T00:00:00+00:00, run_after=2024-02-29T00:00:00+00:00
[2024-02-29T08:59:36.044+0000] {processor.py:175} INFO - Processing /home/airflow/.local/lib/python3.7/site-packages/airflow/example_dags/example_branch_labels.py took 0.053 seconds
[2024-02-29T09:00:06.648+0000] {processor.py:153} INFO - Started process (PID=2458) to work on /home/airflow/.local/lib/python3.7/site-packages/airflow/example_dags/example_branch_labels.py
[2024-02-29T09:00:06.649+0000] {processor.py:743} INFO - Processing file /home/airflow/.local/lib/python3.7/site-packages/airflow/example_dags/example_branch_labels.py for tasks to queue
[2024-02-29T09:00:06.649+0000] {logging_mixin.py:137} INFO - [2024-02-29T09:00:06.649+0000] {dagbag.py:538} INFO - Filling up the DagBag from /home/airflow/.local/lib/python3.7/site-packages/airflow/example_dags/example_branch_labels.py
[2024-02-29T09:00:06.656+0000] {processor.py:753} INFO - DAG(s) dict_keys(['example_branch_labels']) retrieved from /home/airflow/.local/lib/python3.7/site-packages/airflow/example_dags/example_branch_labels.py
[2024-02-29T09:00:06.668+0000] {logging_mixin.py:137} INFO - [2024-02-29T09:00:06.668+0000] {dag.py:2690} INFO - Sync 1 DAGs
[2024-02-29T09:00:06.680+0000] {logging_mixin.py:137} INFO - [2024-02-29T09:00:06.680+0000] {dag.py:3441} INFO - Setting next_dagrun for example_branch_labels to 2024-02-28T00:00:00+00:00, run_after=2024-02-29T00:00:00+00:00
[2024-02-29T09:00:06.687+0000] {processor.py:175} INFO - Processing /home/airflow/.local/lib/python3.7/site-packages/airflow/example_dags/example_branch_labels.py took 0.041 seconds
[2024-02-29T09:00:37.196+0000] {processor.py:153} INFO - Started process (PID=2552) to work on /home/airflow/.local/lib/python3.7/site-packages/airflow/example_dags/example_branch_labels.py
[2024-02-29T09:00:37.196+0000] {processor.py:743} INFO - Processing file /home/airflow/.local/lib/python3.7/site-packages/airflow/example_dags/example_branch_labels.py for tasks to queue
[2024-02-29T09:00:37.197+0000] {logging_mixin.py:137} INFO - [2024-02-29T09:00:37.197+0000] {dagbag.py:538} INFO - Filling up the DagBag from /home/airflow/.local/lib/python3.7/site-packages/airflow/example_dags/example_branch_labels.py
[2024-02-29T09:00:37.203+0000] {processor.py:753} INFO - DAG(s) dict_keys(['example_branch_labels']) retrieved from /home/airflow/.local/lib/python3.7/site-packages/airflow/example_dags/example_branch_labels.py
[2024-02-29T09:00:37.215+0000] {logging_mixin.py:137} INFO - [2024-02-29T09:00:37.215+0000] {dag.py:2690} INFO - Sync 1 DAGs
[2024-02-29T09:00:37.226+0000] {logging_mixin.py:137} INFO - [2024-02-29T09:00:37.226+0000] {dag.py:3441} INFO - Setting next_dagrun for example_branch_labels to 2024-02-28T00:00:00+00:00, run_after=2024-02-29T00:00:00+00:00
[2024-02-29T09:00:37.234+0000] {processor.py:175} INFO - Processing /home/airflow/.local/lib/python3.7/site-packages/airflow/example_dags/example_branch_labels.py took 0.040 seconds
[2024-02-29T09:01:07.633+0000] {processor.py:153} INFO - Started process (PID=2646) to work on /home/airflow/.local/lib/python3.7/site-packages/airflow/example_dags/example_branch_labels.py
[2024-02-29T09:01:07.634+0000] {processor.py:743} INFO - Processing file /home/airflow/.local/lib/python3.7/site-packages/airflow/example_dags/example_branch_labels.py for tasks to queue
[2024-02-29T09:01:07.634+0000] {logging_mixin.py:137} INFO - [2024-02-29T09:01:07.634+0000] {dagbag.py:538} INFO - Filling up the DagBag from /home/airflow/.local/lib/python3.7/site-packages/airflow/example_dags/example_branch_labels.py
[2024-02-29T09:01:07.641+0000] {processor.py:753} INFO - DAG(s) dict_keys(['example_branch_labels']) retrieved from /home/airflow/.local/lib/python3.7/site-packages/airflow/example_dags/example_branch_labels.py
[2024-02-29T09:01:07.652+0000] {logging_mixin.py:137} INFO - [2024-02-29T09:01:07.652+0000] {dag.py:2690} INFO - Sync 1 DAGs
[2024-02-29T09:01:07.665+0000] {logging_mixin.py:137} INFO - [2024-02-29T09:01:07.665+0000] {dag.py:3441} INFO - Setting next_dagrun for example_branch_labels to 2024-02-28T00:00:00+00:00, run_after=2024-02-29T00:00:00+00:00
[2024-02-29T09:01:07.672+0000] {processor.py:175} INFO - Processing /home/airflow/.local/lib/python3.7/site-packages/airflow/example_dags/example_branch_labels.py took 0.040 seconds
[2024-02-29T09:01:38.287+0000] {processor.py:153} INFO - Started process (PID=2722) to work on /home/airflow/.local/lib/python3.7/site-packages/airflow/example_dags/example_branch_labels.py
[2024-02-29T09:01:38.287+0000] {processor.py:743} INFO - Processing file /home/airflow/.local/lib/python3.7/site-packages/airflow/example_dags/example_branch_labels.py for tasks to queue
[2024-02-29T09:01:38.288+0000] {logging_mixin.py:137} INFO - [2024-02-29T09:01:38.288+0000] {dagbag.py:538} INFO - Filling up the DagBag from /home/airflow/.local/lib/python3.7/site-packages/airflow/example_dags/example_branch_labels.py
[2024-02-29T09:01:38.294+0000] {processor.py:753} INFO - DAG(s) dict_keys(['example_branch_labels']) retrieved from /home/airflow/.local/lib/python3.7/site-packages/airflow/example_dags/example_branch_labels.py
[2024-02-29T09:01:38.306+0000] {logging_mixin.py:137} INFO - [2024-02-29T09:01:38.306+0000] {dag.py:2690} INFO - Sync 1 DAGs
[2024-02-29T09:01:38.318+0000] {logging_mixin.py:137} INFO - [2024-02-29T09:01:38.318+0000] {dag.py:3441} INFO - Setting next_dagrun for example_branch_labels to 2024-02-28T00:00:00+00:00, run_after=2024-02-29T00:00:00+00:00
[2024-02-29T09:01:38.326+0000] {processor.py:175} INFO - Processing /home/airflow/.local/lib/python3.7/site-packages/airflow/example_dags/example_branch_labels.py took 0.040 seconds
[2024-02-29T09:02:08.791+0000] {processor.py:153} INFO - Started process (PID=2815) to work on /home/airflow/.local/lib/python3.7/site-packages/airflow/example_dags/example_branch_labels.py
[2024-02-29T09:02:08.791+0000] {processor.py:743} INFO - Processing file /home/airflow/.local/lib/python3.7/site-packages/airflow/example_dags/example_branch_labels.py for tasks to queue
[2024-02-29T09:02:08.791+0000] {logging_mixin.py:137} INFO - [2024-02-29T09:02:08.791+0000] {dagbag.py:538} INFO - Filling up the DagBag from /home/airflow/.local/lib/python3.7/site-packages/airflow/example_dags/example_branch_labels.py
[2024-02-29T09:02:08.798+0000] {processor.py:753} INFO - DAG(s) dict_keys(['example_branch_labels']) retrieved from /home/airflow/.local/lib/python3.7/site-packages/airflow/example_dags/example_branch_labels.py
[2024-02-29T09:02:08.809+0000] {logging_mixin.py:137} INFO - [2024-02-29T09:02:08.809+0000] {dag.py:2690} INFO - Sync 1 DAGs
[2024-02-29T09:02:08.820+0000] {logging_mixin.py:137} INFO - [2024-02-29T09:02:08.820+0000] {dag.py:3441} INFO - Setting next_dagrun for example_branch_labels to 2024-02-28T00:00:00+00:00, run_after=2024-02-29T00:00:00+00:00
[2024-02-29T09:02:08.829+0000] {processor.py:175} INFO - Processing /home/airflow/.local/lib/python3.7/site-packages/airflow/example_dags/example_branch_labels.py took 0.040 seconds
[2024-02-29T09:02:39.312+0000] {processor.py:153} INFO - Started process (PID=2909) to work on /home/airflow/.local/lib/python3.7/site-packages/airflow/example_dags/example_branch_labels.py
[2024-02-29T09:02:39.312+0000] {processor.py:743} INFO - Processing file /home/airflow/.local/lib/python3.7/site-packages/airflow/example_dags/example_branch_labels.py for tasks to queue
[2024-02-29T09:02:39.313+0000] {logging_mixin.py:137} INFO - [2024-02-29T09:02:39.313+0000] {dagbag.py:538} INFO - Filling up the DagBag from /home/airflow/.local/lib/python3.7/site-packages/airflow/example_dags/example_branch_labels.py
[2024-02-29T09:02:39.319+0000] {processor.py:753} INFO - DAG(s) dict_keys(['example_branch_labels']) retrieved from /home/airflow/.local/lib/python3.7/site-packages/airflow/example_dags/example_branch_labels.py
[2024-02-29T09:02:39.331+0000] {logging_mixin.py:137} INFO - [2024-02-29T09:02:39.331+0000] {dag.py:2690} INFO - Sync 1 DAGs
[2024-02-29T09:02:39.343+0000] {logging_mixin.py:137} INFO - [2024-02-29T09:02:39.343+0000] {dag.py:3441} INFO - Setting next_dagrun for example_branch_labels to 2024-02-28T00:00:00+00:00, run_after=2024-02-29T00:00:00+00:00
[2024-02-29T09:02:39.351+0000] {processor.py:175} INFO - Processing /home/airflow/.local/lib/python3.7/site-packages/airflow/example_dags/example_branch_labels.py took 0.040 seconds
[2024-02-29T09:03:09.840+0000] {processor.py:153} INFO - Started process (PID=3002) to work on /home/airflow/.local/lib/python3.7/site-packages/airflow/example_dags/example_branch_labels.py
[2024-02-29T09:03:09.840+0000] {processor.py:743} INFO - Processing file /home/airflow/.local/lib/python3.7/site-packages/airflow/example_dags/example_branch_labels.py for tasks to queue
[2024-02-29T09:03:09.841+0000] {logging_mixin.py:137} INFO - [2024-02-29T09:03:09.840+0000] {dagbag.py:538} INFO - Filling up the DagBag from /home/airflow/.local/lib/python3.7/site-packages/airflow/example_dags/example_branch_labels.py
[2024-02-29T09:03:09.847+0000] {processor.py:753} INFO - DAG(s) dict_keys(['example_branch_labels']) retrieved from /home/airflow/.local/lib/python3.7/site-packages/airflow/example_dags/example_branch_labels.py
[2024-02-29T09:03:09.860+0000] {logging_mixin.py:137} INFO - [2024-02-29T09:03:09.860+0000] {dag.py:2690} INFO - Sync 1 DAGs
[2024-02-29T09:03:09.873+0000] {logging_mixin.py:137} INFO - [2024-02-29T09:03:09.873+0000] {dag.py:3441} INFO - Setting next_dagrun for example_branch_labels to 2024-02-28T00:00:00+00:00, run_after=2024-02-29T00:00:00+00:00
[2024-02-29T09:03:09.882+0000] {processor.py:175} INFO - Processing /home/airflow/.local/lib/python3.7/site-packages/airflow/example_dags/example_branch_labels.py took 0.044 seconds
