[2024-02-29T08:46:25.672+0000] {processor.py:153} INFO - Started process (PID=75) to work on /home/airflow/.local/lib/python3.7/site-packages/airflow/example_dags/example_branch_python_dop_operator_3.py
[2024-02-29T08:46:25.673+0000] {processor.py:743} INFO - Processing file /home/airflow/.local/lib/python3.7/site-packages/airflow/example_dags/example_branch_python_dop_operator_3.py for tasks to queue
[2024-02-29T08:46:25.674+0000] {logging_mixin.py:137} INFO - [2024-02-29T08:46:25.673+0000] {dagbag.py:538} INFO - Filling up the DagBag from /home/airflow/.local/lib/python3.7/site-packages/airflow/example_dags/example_branch_python_dop_operator_3.py
[2024-02-29T08:46:25.692+0000] {processor.py:753} INFO - DAG(s) dict_keys(['example_branch_dop_operator_v3']) retrieved from /home/airflow/.local/lib/python3.7/site-packages/airflow/example_dags/example_branch_python_dop_operator_3.py
[2024-02-29T08:46:25.713+0000] {logging_mixin.py:137} INFO - [2024-02-29T08:46:25.713+0000] {dag.py:2690} INFO - Sync 1 DAGs
[2024-02-29T08:46:25.734+0000] {logging_mixin.py:137} INFO - [2024-02-29T08:46:25.734+0000] {dag.py:3441} INFO - Setting next_dagrun for example_branch_dop_operator_v3 to 2024-02-29T08:45:00+00:00, run_after=2024-02-29T08:46:00+00:00
[2024-02-29T08:46:25.746+0000] {processor.py:175} INFO - Processing /home/airflow/.local/lib/python3.7/site-packages/airflow/example_dags/example_branch_python_dop_operator_3.py took 0.075 seconds
[2024-02-29T08:46:56.214+0000] {processor.py:153} INFO - Started process (PID=168) to work on /home/airflow/.local/lib/python3.7/site-packages/airflow/example_dags/example_branch_python_dop_operator_3.py
[2024-02-29T08:46:56.214+0000] {processor.py:743} INFO - Processing file /home/airflow/.local/lib/python3.7/site-packages/airflow/example_dags/example_branch_python_dop_operator_3.py for tasks to queue
[2024-02-29T08:46:56.214+0000] {logging_mixin.py:137} INFO - [2024-02-29T08:46:56.214+0000] {dagbag.py:538} INFO - Filling up the DagBag from /home/airflow/.local/lib/python3.7/site-packages/airflow/example_dags/example_branch_python_dop_operator_3.py
[2024-02-29T08:46:56.225+0000] {processor.py:753} INFO - DAG(s) dict_keys(['example_branch_dop_operator_v3']) retrieved from /home/airflow/.local/lib/python3.7/site-packages/airflow/example_dags/example_branch_python_dop_operator_3.py
[2024-02-29T08:46:56.237+0000] {logging_mixin.py:137} INFO - [2024-02-29T08:46:56.237+0000] {dag.py:2690} INFO - Sync 1 DAGs
[2024-02-29T08:46:56.250+0000] {logging_mixin.py:137} INFO - [2024-02-29T08:46:56.250+0000] {dag.py:3441} INFO - Setting next_dagrun for example_branch_dop_operator_v3 to 2024-02-29T08:45:00+00:00, run_after=2024-02-29T08:46:00+00:00
[2024-02-29T08:46:56.257+0000] {processor.py:175} INFO - Processing /home/airflow/.local/lib/python3.7/site-packages/airflow/example_dags/example_branch_python_dop_operator_3.py took 0.045 seconds
[2024-02-29T08:47:26.502+0000] {processor.py:153} INFO - Started process (PID=262) to work on /home/airflow/.local/lib/python3.7/site-packages/airflow/example_dags/example_branch_python_dop_operator_3.py
[2024-02-29T08:47:26.503+0000] {processor.py:743} INFO - Processing file /home/airflow/.local/lib/python3.7/site-packages/airflow/example_dags/example_branch_python_dop_operator_3.py for tasks to queue
[2024-02-29T08:47:26.503+0000] {logging_mixin.py:137} INFO - [2024-02-29T08:47:26.503+0000] {dagbag.py:538} INFO - Filling up the DagBag from /home/airflow/.local/lib/python3.7/site-packages/airflow/example_dags/example_branch_python_dop_operator_3.py
[2024-02-29T08:47:26.513+0000] {processor.py:753} INFO - DAG(s) dict_keys(['example_branch_dop_operator_v3']) retrieved from /home/airflow/.local/lib/python3.7/site-packages/airflow/example_dags/example_branch_python_dop_operator_3.py
[2024-02-29T08:47:26.524+0000] {logging_mixin.py:137} INFO - [2024-02-29T08:47:26.524+0000] {dag.py:2690} INFO - Sync 1 DAGs
[2024-02-29T08:47:26.536+0000] {logging_mixin.py:137} INFO - [2024-02-29T08:47:26.536+0000] {dag.py:3441} INFO - Setting next_dagrun for example_branch_dop_operator_v3 to 2024-02-29T08:46:00+00:00, run_after=2024-02-29T08:47:00+00:00
[2024-02-29T08:47:26.544+0000] {processor.py:175} INFO - Processing /home/airflow/.local/lib/python3.7/site-packages/airflow/example_dags/example_branch_python_dop_operator_3.py took 0.044 seconds
[2024-02-29T08:47:57.005+0000] {processor.py:153} INFO - Started process (PID=346) to work on /home/airflow/.local/lib/python3.7/site-packages/airflow/example_dags/example_branch_python_dop_operator_3.py
[2024-02-29T08:47:57.006+0000] {processor.py:743} INFO - Processing file /home/airflow/.local/lib/python3.7/site-packages/airflow/example_dags/example_branch_python_dop_operator_3.py for tasks to queue
[2024-02-29T08:47:57.007+0000] {logging_mixin.py:137} INFO - [2024-02-29T08:47:57.007+0000] {dagbag.py:538} INFO - Filling up the DagBag from /home/airflow/.local/lib/python3.7/site-packages/airflow/example_dags/example_branch_python_dop_operator_3.py
[2024-02-29T08:47:57.019+0000] {processor.py:753} INFO - DAG(s) dict_keys(['example_branch_dop_operator_v3']) retrieved from /home/airflow/.local/lib/python3.7/site-packages/airflow/example_dags/example_branch_python_dop_operator_3.py
[2024-02-29T08:47:57.030+0000] {logging_mixin.py:137} INFO - [2024-02-29T08:47:57.030+0000] {dag.py:2690} INFO - Sync 1 DAGs
[2024-02-29T08:47:57.043+0000] {logging_mixin.py:137} INFO - [2024-02-29T08:47:57.043+0000] {dag.py:3441} INFO - Setting next_dagrun for example_branch_dop_operator_v3 to 2024-02-29T08:46:00+00:00, run_after=2024-02-29T08:47:00+00:00
[2024-02-29T08:47:57.051+0000] {processor.py:175} INFO - Processing /home/airflow/.local/lib/python3.7/site-packages/airflow/example_dags/example_branch_python_dop_operator_3.py took 0.048 seconds
[2024-02-29T08:48:27.361+0000] {processor.py:153} INFO - Started process (PID=431) to work on /home/airflow/.local/lib/python3.7/site-packages/airflow/example_dags/example_branch_python_dop_operator_3.py
[2024-02-29T08:48:27.362+0000] {processor.py:743} INFO - Processing file /home/airflow/.local/lib/python3.7/site-packages/airflow/example_dags/example_branch_python_dop_operator_3.py for tasks to queue
[2024-02-29T08:48:27.362+0000] {logging_mixin.py:137} INFO - [2024-02-29T08:48:27.362+0000] {dagbag.py:538} INFO - Filling up the DagBag from /home/airflow/.local/lib/python3.7/site-packages/airflow/example_dags/example_branch_python_dop_operator_3.py
[2024-02-29T08:48:27.372+0000] {processor.py:753} INFO - DAG(s) dict_keys(['example_branch_dop_operator_v3']) retrieved from /home/airflow/.local/lib/python3.7/site-packages/airflow/example_dags/example_branch_python_dop_operator_3.py
[2024-02-29T08:48:27.384+0000] {logging_mixin.py:137} INFO - [2024-02-29T08:48:27.384+0000] {dag.py:2690} INFO - Sync 1 DAGs
[2024-02-29T08:48:27.396+0000] {logging_mixin.py:137} INFO - [2024-02-29T08:48:27.396+0000] {dag.py:3441} INFO - Setting next_dagrun for example_branch_dop_operator_v3 to 2024-02-29T08:47:00+00:00, run_after=2024-02-29T08:48:00+00:00
[2024-02-29T08:48:27.403+0000] {processor.py:175} INFO - Processing /home/airflow/.local/lib/python3.7/site-packages/airflow/example_dags/example_branch_python_dop_operator_3.py took 0.043 seconds
[2024-02-29T08:48:57.792+0000] {processor.py:153} INFO - Started process (PID=525) to work on /home/airflow/.local/lib/python3.7/site-packages/airflow/example_dags/example_branch_python_dop_operator_3.py
[2024-02-29T08:48:57.792+0000] {processor.py:743} INFO - Processing file /home/airflow/.local/lib/python3.7/site-packages/airflow/example_dags/example_branch_python_dop_operator_3.py for tasks to queue
[2024-02-29T08:48:57.793+0000] {logging_mixin.py:137} INFO - [2024-02-29T08:48:57.793+0000] {dagbag.py:538} INFO - Filling up the DagBag from /home/airflow/.local/lib/python3.7/site-packages/airflow/example_dags/example_branch_python_dop_operator_3.py
[2024-02-29T08:48:57.803+0000] {processor.py:753} INFO - DAG(s) dict_keys(['example_branch_dop_operator_v3']) retrieved from /home/airflow/.local/lib/python3.7/site-packages/airflow/example_dags/example_branch_python_dop_operator_3.py
[2024-02-29T08:48:57.814+0000] {logging_mixin.py:137} INFO - [2024-02-29T08:48:57.814+0000] {dag.py:2690} INFO - Sync 1 DAGs
[2024-02-29T08:48:57.827+0000] {logging_mixin.py:137} INFO - [2024-02-29T08:48:57.826+0000] {dag.py:3441} INFO - Setting next_dagrun for example_branch_dop_operator_v3 to 2024-02-29T08:47:00+00:00, run_after=2024-02-29T08:48:00+00:00
[2024-02-29T08:48:57.835+0000] {processor.py:175} INFO - Processing /home/airflow/.local/lib/python3.7/site-packages/airflow/example_dags/example_branch_python_dop_operator_3.py took 0.044 seconds
[2024-02-29T08:49:28.173+0000] {processor.py:153} INFO - Started process (PID=619) to work on /home/airflow/.local/lib/python3.7/site-packages/airflow/example_dags/example_branch_python_dop_operator_3.py
[2024-02-29T08:49:28.174+0000] {processor.py:743} INFO - Processing file /home/airflow/.local/lib/python3.7/site-packages/airflow/example_dags/example_branch_python_dop_operator_3.py for tasks to queue
[2024-02-29T08:49:28.174+0000] {logging_mixin.py:137} INFO - [2024-02-29T08:49:28.174+0000] {dagbag.py:538} INFO - Filling up the DagBag from /home/airflow/.local/lib/python3.7/site-packages/airflow/example_dags/example_branch_python_dop_operator_3.py
[2024-02-29T08:49:28.184+0000] {processor.py:753} INFO - DAG(s) dict_keys(['example_branch_dop_operator_v3']) retrieved from /home/airflow/.local/lib/python3.7/site-packages/airflow/example_dags/example_branch_python_dop_operator_3.py
[2024-02-29T08:49:28.196+0000] {logging_mixin.py:137} INFO - [2024-02-29T08:49:28.196+0000] {dag.py:2690} INFO - Sync 1 DAGs
[2024-02-29T08:49:28.208+0000] {logging_mixin.py:137} INFO - [2024-02-29T08:49:28.208+0000] {dag.py:3441} INFO - Setting next_dagrun for example_branch_dop_operator_v3 to 2024-02-29T08:48:00+00:00, run_after=2024-02-29T08:49:00+00:00
[2024-02-29T08:49:28.216+0000] {processor.py:175} INFO - Processing /home/airflow/.local/lib/python3.7/site-packages/airflow/example_dags/example_branch_python_dop_operator_3.py took 0.044 seconds
[2024-02-29T08:49:58.506+0000] {processor.py:153} INFO - Started process (PID=701) to work on /home/airflow/.local/lib/python3.7/site-packages/airflow/example_dags/example_branch_python_dop_operator_3.py
[2024-02-29T08:49:58.506+0000] {processor.py:743} INFO - Processing file /home/airflow/.local/lib/python3.7/site-packages/airflow/example_dags/example_branch_python_dop_operator_3.py for tasks to queue
[2024-02-29T08:49:58.506+0000] {logging_mixin.py:137} INFO - [2024-02-29T08:49:58.506+0000] {dagbag.py:538} INFO - Filling up the DagBag from /home/airflow/.local/lib/python3.7/site-packages/airflow/example_dags/example_branch_python_dop_operator_3.py
[2024-02-29T08:49:58.517+0000] {processor.py:753} INFO - DAG(s) dict_keys(['example_branch_dop_operator_v3']) retrieved from /home/airflow/.local/lib/python3.7/site-packages/airflow/example_dags/example_branch_python_dop_operator_3.py
[2024-02-29T08:49:58.528+0000] {logging_mixin.py:137} INFO - [2024-02-29T08:49:58.528+0000] {dag.py:2690} INFO - Sync 1 DAGs
[2024-02-29T08:49:58.541+0000] {logging_mixin.py:137} INFO - [2024-02-29T08:49:58.541+0000] {dag.py:3441} INFO - Setting next_dagrun for example_branch_dop_operator_v3 to 2024-02-29T08:48:00+00:00, run_after=2024-02-29T08:49:00+00:00
[2024-02-29T08:49:58.549+0000] {processor.py:175} INFO - Processing /home/airflow/.local/lib/python3.7/site-packages/airflow/example_dags/example_branch_python_dop_operator_3.py took 0.045 seconds
[2024-02-29T08:50:28.984+0000] {processor.py:153} INFO - Started process (PID=788) to work on /home/airflow/.local/lib/python3.7/site-packages/airflow/example_dags/example_branch_python_dop_operator_3.py
[2024-02-29T08:50:28.984+0000] {processor.py:743} INFO - Processing file /home/airflow/.local/lib/python3.7/site-packages/airflow/example_dags/example_branch_python_dop_operator_3.py for tasks to queue
[2024-02-29T08:50:28.985+0000] {logging_mixin.py:137} INFO - [2024-02-29T08:50:28.985+0000] {dagbag.py:538} INFO - Filling up the DagBag from /home/airflow/.local/lib/python3.7/site-packages/airflow/example_dags/example_branch_python_dop_operator_3.py
[2024-02-29T08:50:28.995+0000] {processor.py:753} INFO - DAG(s) dict_keys(['example_branch_dop_operator_v3']) retrieved from /home/airflow/.local/lib/python3.7/site-packages/airflow/example_dags/example_branch_python_dop_operator_3.py
[2024-02-29T08:50:29.008+0000] {logging_mixin.py:137} INFO - [2024-02-29T08:50:29.008+0000] {dag.py:2690} INFO - Sync 1 DAGs
[2024-02-29T08:50:29.021+0000] {logging_mixin.py:137} INFO - [2024-02-29T08:50:29.021+0000] {dag.py:3441} INFO - Setting next_dagrun for example_branch_dop_operator_v3 to 2024-02-29T08:49:00+00:00, run_after=2024-02-29T08:50:00+00:00
[2024-02-29T08:50:29.030+0000] {processor.py:175} INFO - Processing /home/airflow/.local/lib/python3.7/site-packages/airflow/example_dags/example_branch_python_dop_operator_3.py took 0.048 seconds
[2024-02-29T08:50:59.413+0000] {processor.py:153} INFO - Started process (PID=882) to work on /home/airflow/.local/lib/python3.7/site-packages/airflow/example_dags/example_branch_python_dop_operator_3.py
[2024-02-29T08:50:59.413+0000] {processor.py:743} INFO - Processing file /home/airflow/.local/lib/python3.7/site-packages/airflow/example_dags/example_branch_python_dop_operator_3.py for tasks to queue
[2024-02-29T08:50:59.414+0000] {logging_mixin.py:137} INFO - [2024-02-29T08:50:59.414+0000] {dagbag.py:538} INFO - Filling up the DagBag from /home/airflow/.local/lib/python3.7/site-packages/airflow/example_dags/example_branch_python_dop_operator_3.py
[2024-02-29T08:50:59.424+0000] {processor.py:753} INFO - DAG(s) dict_keys(['example_branch_dop_operator_v3']) retrieved from /home/airflow/.local/lib/python3.7/site-packages/airflow/example_dags/example_branch_python_dop_operator_3.py
[2024-02-29T08:50:59.436+0000] {logging_mixin.py:137} INFO - [2024-02-29T08:50:59.436+0000] {dag.py:2690} INFO - Sync 1 DAGs
[2024-02-29T08:50:59.449+0000] {logging_mixin.py:137} INFO - [2024-02-29T08:50:59.449+0000] {dag.py:3441} INFO - Setting next_dagrun for example_branch_dop_operator_v3 to 2024-02-29T08:49:00+00:00, run_after=2024-02-29T08:50:00+00:00
[2024-02-29T08:50:59.456+0000] {processor.py:175} INFO - Processing /home/airflow/.local/lib/python3.7/site-packages/airflow/example_dags/example_branch_python_dop_operator_3.py took 0.044 seconds
[2024-02-29T08:51:29.782+0000] {processor.py:153} INFO - Started process (PID=975) to work on /home/airflow/.local/lib/python3.7/site-packages/airflow/example_dags/example_branch_python_dop_operator_3.py
[2024-02-29T08:51:29.783+0000] {processor.py:743} INFO - Processing file /home/airflow/.local/lib/python3.7/site-packages/airflow/example_dags/example_branch_python_dop_operator_3.py for tasks to queue
[2024-02-29T08:51:29.783+0000] {logging_mixin.py:137} INFO - [2024-02-29T08:51:29.783+0000] {dagbag.py:538} INFO - Filling up the DagBag from /home/airflow/.local/lib/python3.7/site-packages/airflow/example_dags/example_branch_python_dop_operator_3.py
[2024-02-29T08:51:29.793+0000] {processor.py:753} INFO - DAG(s) dict_keys(['example_branch_dop_operator_v3']) retrieved from /home/airflow/.local/lib/python3.7/site-packages/airflow/example_dags/example_branch_python_dop_operator_3.py
[2024-02-29T08:51:29.805+0000] {logging_mixin.py:137} INFO - [2024-02-29T08:51:29.805+0000] {dag.py:2690} INFO - Sync 1 DAGs
[2024-02-29T08:51:29.818+0000] {logging_mixin.py:137} INFO - [2024-02-29T08:51:29.818+0000] {dag.py:3441} INFO - Setting next_dagrun for example_branch_dop_operator_v3 to 2024-02-29T08:50:00+00:00, run_after=2024-02-29T08:51:00+00:00
[2024-02-29T08:51:29.826+0000] {processor.py:175} INFO - Processing /home/airflow/.local/lib/python3.7/site-packages/airflow/example_dags/example_branch_python_dop_operator_3.py took 0.046 seconds
[2024-02-29T08:52:00.182+0000] {processor.py:153} INFO - Started process (PID=1051) to work on /home/airflow/.local/lib/python3.7/site-packages/airflow/example_dags/example_branch_python_dop_operator_3.py
[2024-02-29T08:52:00.182+0000] {processor.py:743} INFO - Processing file /home/airflow/.local/lib/python3.7/site-packages/airflow/example_dags/example_branch_python_dop_operator_3.py for tasks to queue
[2024-02-29T08:52:00.183+0000] {logging_mixin.py:137} INFO - [2024-02-29T08:52:00.183+0000] {dagbag.py:538} INFO - Filling up the DagBag from /home/airflow/.local/lib/python3.7/site-packages/airflow/example_dags/example_branch_python_dop_operator_3.py
[2024-02-29T08:52:00.192+0000] {processor.py:753} INFO - DAG(s) dict_keys(['example_branch_dop_operator_v3']) retrieved from /home/airflow/.local/lib/python3.7/site-packages/airflow/example_dags/example_branch_python_dop_operator_3.py
[2024-02-29T08:52:00.203+0000] {logging_mixin.py:137} INFO - [2024-02-29T08:52:00.203+0000] {dag.py:2690} INFO - Sync 1 DAGs
[2024-02-29T08:52:00.216+0000] {logging_mixin.py:137} INFO - [2024-02-29T08:52:00.215+0000] {dag.py:3441} INFO - Setting next_dagrun for example_branch_dop_operator_v3 to 2024-02-29T08:51:00+00:00, run_after=2024-02-29T08:52:00+00:00
[2024-02-29T08:52:00.222+0000] {processor.py:175} INFO - Processing /home/airflow/.local/lib/python3.7/site-packages/airflow/example_dags/example_branch_python_dop_operator_3.py took 0.042 seconds
[2024-02-29T08:52:30.477+0000] {processor.py:153} INFO - Started process (PID=1144) to work on /home/airflow/.local/lib/python3.7/site-packages/airflow/example_dags/example_branch_python_dop_operator_3.py
[2024-02-29T08:52:30.477+0000] {processor.py:743} INFO - Processing file /home/airflow/.local/lib/python3.7/site-packages/airflow/example_dags/example_branch_python_dop_operator_3.py for tasks to queue
[2024-02-29T08:52:30.478+0000] {logging_mixin.py:137} INFO - [2024-02-29T08:52:30.478+0000] {dagbag.py:538} INFO - Filling up the DagBag from /home/airflow/.local/lib/python3.7/site-packages/airflow/example_dags/example_branch_python_dop_operator_3.py
[2024-02-29T08:52:30.488+0000] {processor.py:753} INFO - DAG(s) dict_keys(['example_branch_dop_operator_v3']) retrieved from /home/airflow/.local/lib/python3.7/site-packages/airflow/example_dags/example_branch_python_dop_operator_3.py
[2024-02-29T08:52:30.499+0000] {logging_mixin.py:137} INFO - [2024-02-29T08:52:30.499+0000] {dag.py:2690} INFO - Sync 1 DAGs
[2024-02-29T08:52:30.512+0000] {logging_mixin.py:137} INFO - [2024-02-29T08:52:30.511+0000] {dag.py:3441} INFO - Setting next_dagrun for example_branch_dop_operator_v3 to 2024-02-29T08:51:00+00:00, run_after=2024-02-29T08:52:00+00:00
[2024-02-29T08:52:30.519+0000] {processor.py:175} INFO - Processing /home/airflow/.local/lib/python3.7/site-packages/airflow/example_dags/example_branch_python_dop_operator_3.py took 0.044 seconds
[2024-02-29T08:53:00.846+0000] {processor.py:153} INFO - Started process (PID=1237) to work on /home/airflow/.local/lib/python3.7/site-packages/airflow/example_dags/example_branch_python_dop_operator_3.py
[2024-02-29T08:53:00.847+0000] {processor.py:743} INFO - Processing file /home/airflow/.local/lib/python3.7/site-packages/airflow/example_dags/example_branch_python_dop_operator_3.py for tasks to queue
[2024-02-29T08:53:00.847+0000] {logging_mixin.py:137} INFO - [2024-02-29T08:53:00.847+0000] {dagbag.py:538} INFO - Filling up the DagBag from /home/airflow/.local/lib/python3.7/site-packages/airflow/example_dags/example_branch_python_dop_operator_3.py
[2024-02-29T08:53:00.857+0000] {processor.py:753} INFO - DAG(s) dict_keys(['example_branch_dop_operator_v3']) retrieved from /home/airflow/.local/lib/python3.7/site-packages/airflow/example_dags/example_branch_python_dop_operator_3.py
[2024-02-29T08:53:00.870+0000] {logging_mixin.py:137} INFO - [2024-02-29T08:53:00.870+0000] {dag.py:2690} INFO - Sync 1 DAGs
[2024-02-29T08:53:00.883+0000] {logging_mixin.py:137} INFO - [2024-02-29T08:53:00.883+0000] {dag.py:3441} INFO - Setting next_dagrun for example_branch_dop_operator_v3 to 2024-02-29T08:52:00+00:00, run_after=2024-02-29T08:53:00+00:00
[2024-02-29T08:53:00.892+0000] {processor.py:175} INFO - Processing /home/airflow/.local/lib/python3.7/site-packages/airflow/example_dags/example_branch_python_dop_operator_3.py took 0.047 seconds
[2024-02-29T08:53:31.238+0000] {processor.py:153} INFO - Started process (PID=1331) to work on /home/airflow/.local/lib/python3.7/site-packages/airflow/example_dags/example_branch_python_dop_operator_3.py
[2024-02-29T08:53:31.238+0000] {processor.py:743} INFO - Processing file /home/airflow/.local/lib/python3.7/site-packages/airflow/example_dags/example_branch_python_dop_operator_3.py for tasks to queue
[2024-02-29T08:53:31.238+0000] {logging_mixin.py:137} INFO - [2024-02-29T08:53:31.238+0000] {dagbag.py:538} INFO - Filling up the DagBag from /home/airflow/.local/lib/python3.7/site-packages/airflow/example_dags/example_branch_python_dop_operator_3.py
[2024-02-29T08:53:31.248+0000] {processor.py:753} INFO - DAG(s) dict_keys(['example_branch_dop_operator_v3']) retrieved from /home/airflow/.local/lib/python3.7/site-packages/airflow/example_dags/example_branch_python_dop_operator_3.py
[2024-02-29T08:53:31.260+0000] {logging_mixin.py:137} INFO - [2024-02-29T08:53:31.260+0000] {dag.py:2690} INFO - Sync 1 DAGs
[2024-02-29T08:53:31.272+0000] {logging_mixin.py:137} INFO - [2024-02-29T08:53:31.272+0000] {dag.py:3441} INFO - Setting next_dagrun for example_branch_dop_operator_v3 to 2024-02-29T08:52:00+00:00, run_after=2024-02-29T08:53:00+00:00
[2024-02-29T08:53:31.280+0000] {processor.py:175} INFO - Processing /home/airflow/.local/lib/python3.7/site-packages/airflow/example_dags/example_branch_python_dop_operator_3.py took 0.044 seconds
[2024-02-29T08:54:01.658+0000] {processor.py:153} INFO - Started process (PID=1407) to work on /home/airflow/.local/lib/python3.7/site-packages/airflow/example_dags/example_branch_python_dop_operator_3.py
[2024-02-29T08:54:01.659+0000] {processor.py:743} INFO - Processing file /home/airflow/.local/lib/python3.7/site-packages/airflow/example_dags/example_branch_python_dop_operator_3.py for tasks to queue
[2024-02-29T08:54:01.659+0000] {logging_mixin.py:137} INFO - [2024-02-29T08:54:01.659+0000] {dagbag.py:538} INFO - Filling up the DagBag from /home/airflow/.local/lib/python3.7/site-packages/airflow/example_dags/example_branch_python_dop_operator_3.py
[2024-02-29T08:54:01.669+0000] {processor.py:753} INFO - DAG(s) dict_keys(['example_branch_dop_operator_v3']) retrieved from /home/airflow/.local/lib/python3.7/site-packages/airflow/example_dags/example_branch_python_dop_operator_3.py
[2024-02-29T08:54:01.681+0000] {logging_mixin.py:137} INFO - [2024-02-29T08:54:01.681+0000] {dag.py:2690} INFO - Sync 1 DAGs
[2024-02-29T08:54:01.693+0000] {logging_mixin.py:137} INFO - [2024-02-29T08:54:01.693+0000] {dag.py:3441} INFO - Setting next_dagrun for example_branch_dop_operator_v3 to 2024-02-29T08:53:00+00:00, run_after=2024-02-29T08:54:00+00:00
[2024-02-29T08:54:01.701+0000] {processor.py:175} INFO - Processing /home/airflow/.local/lib/python3.7/site-packages/airflow/example_dags/example_branch_python_dop_operator_3.py took 0.044 seconds
[2024-02-29T08:54:32.108+0000] {processor.py:153} INFO - Started process (PID=1501) to work on /home/airflow/.local/lib/python3.7/site-packages/airflow/example_dags/example_branch_python_dop_operator_3.py
[2024-02-29T08:54:32.109+0000] {processor.py:743} INFO - Processing file /home/airflow/.local/lib/python3.7/site-packages/airflow/example_dags/example_branch_python_dop_operator_3.py for tasks to queue
[2024-02-29T08:54:32.109+0000] {logging_mixin.py:137} INFO - [2024-02-29T08:54:32.109+0000] {dagbag.py:538} INFO - Filling up the DagBag from /home/airflow/.local/lib/python3.7/site-packages/airflow/example_dags/example_branch_python_dop_operator_3.py
[2024-02-29T08:54:32.119+0000] {processor.py:753} INFO - DAG(s) dict_keys(['example_branch_dop_operator_v3']) retrieved from /home/airflow/.local/lib/python3.7/site-packages/airflow/example_dags/example_branch_python_dop_operator_3.py
[2024-02-29T08:54:32.130+0000] {logging_mixin.py:137} INFO - [2024-02-29T08:54:32.130+0000] {dag.py:2690} INFO - Sync 1 DAGs
[2024-02-29T08:54:32.143+0000] {logging_mixin.py:137} INFO - [2024-02-29T08:54:32.143+0000] {dag.py:3441} INFO - Setting next_dagrun for example_branch_dop_operator_v3 to 2024-02-29T08:53:00+00:00, run_after=2024-02-29T08:54:00+00:00
[2024-02-29T08:54:32.150+0000] {processor.py:175} INFO - Processing /home/airflow/.local/lib/python3.7/site-packages/airflow/example_dags/example_branch_python_dop_operator_3.py took 0.043 seconds
[2024-02-29T08:55:02.630+0000] {processor.py:153} INFO - Started process (PID=1595) to work on /home/airflow/.local/lib/python3.7/site-packages/airflow/example_dags/example_branch_python_dop_operator_3.py
[2024-02-29T08:55:02.631+0000] {processor.py:743} INFO - Processing file /home/airflow/.local/lib/python3.7/site-packages/airflow/example_dags/example_branch_python_dop_operator_3.py for tasks to queue
[2024-02-29T08:55:02.631+0000] {logging_mixin.py:137} INFO - [2024-02-29T08:55:02.631+0000] {dagbag.py:538} INFO - Filling up the DagBag from /home/airflow/.local/lib/python3.7/site-packages/airflow/example_dags/example_branch_python_dop_operator_3.py
[2024-02-29T08:55:02.641+0000] {processor.py:753} INFO - DAG(s) dict_keys(['example_branch_dop_operator_v3']) retrieved from /home/airflow/.local/lib/python3.7/site-packages/airflow/example_dags/example_branch_python_dop_operator_3.py
[2024-02-29T08:55:02.652+0000] {logging_mixin.py:137} INFO - [2024-02-29T08:55:02.652+0000] {dag.py:2690} INFO - Sync 1 DAGs
[2024-02-29T08:55:02.665+0000] {logging_mixin.py:137} INFO - [2024-02-29T08:55:02.665+0000] {dag.py:3441} INFO - Setting next_dagrun for example_branch_dop_operator_v3 to 2024-02-29T08:54:00+00:00, run_after=2024-02-29T08:55:00+00:00
[2024-02-29T08:55:02.672+0000] {processor.py:175} INFO - Processing /home/airflow/.local/lib/python3.7/site-packages/airflow/example_dags/example_branch_python_dop_operator_3.py took 0.044 seconds
[2024-02-29T08:55:32.957+0000] {processor.py:153} INFO - Started process (PID=1688) to work on /home/airflow/.local/lib/python3.7/site-packages/airflow/example_dags/example_branch_python_dop_operator_3.py
[2024-02-29T08:55:32.957+0000] {processor.py:743} INFO - Processing file /home/airflow/.local/lib/python3.7/site-packages/airflow/example_dags/example_branch_python_dop_operator_3.py for tasks to queue
[2024-02-29T08:55:32.958+0000] {logging_mixin.py:137} INFO - [2024-02-29T08:55:32.958+0000] {dagbag.py:538} INFO - Filling up the DagBag from /home/airflow/.local/lib/python3.7/site-packages/airflow/example_dags/example_branch_python_dop_operator_3.py
[2024-02-29T08:55:32.968+0000] {processor.py:753} INFO - DAG(s) dict_keys(['example_branch_dop_operator_v3']) retrieved from /home/airflow/.local/lib/python3.7/site-packages/airflow/example_dags/example_branch_python_dop_operator_3.py
[2024-02-29T08:55:32.980+0000] {logging_mixin.py:137} INFO - [2024-02-29T08:55:32.980+0000] {dag.py:2690} INFO - Sync 1 DAGs
[2024-02-29T08:55:32.992+0000] {logging_mixin.py:137} INFO - [2024-02-29T08:55:32.992+0000] {dag.py:3441} INFO - Setting next_dagrun for example_branch_dop_operator_v3 to 2024-02-29T08:54:00+00:00, run_after=2024-02-29T08:55:00+00:00
[2024-02-29T08:55:33.000+0000] {processor.py:175} INFO - Processing /home/airflow/.local/lib/python3.7/site-packages/airflow/example_dags/example_branch_python_dop_operator_3.py took 0.044 seconds
[2024-02-29T08:56:03.308+0000] {processor.py:153} INFO - Started process (PID=1764) to work on /home/airflow/.local/lib/python3.7/site-packages/airflow/example_dags/example_branch_python_dop_operator_3.py
[2024-02-29T08:56:03.309+0000] {processor.py:743} INFO - Processing file /home/airflow/.local/lib/python3.7/site-packages/airflow/example_dags/example_branch_python_dop_operator_3.py for tasks to queue
[2024-02-29T08:56:03.309+0000] {logging_mixin.py:137} INFO - [2024-02-29T08:56:03.309+0000] {dagbag.py:538} INFO - Filling up the DagBag from /home/airflow/.local/lib/python3.7/site-packages/airflow/example_dags/example_branch_python_dop_operator_3.py
[2024-02-29T08:56:03.319+0000] {processor.py:753} INFO - DAG(s) dict_keys(['example_branch_dop_operator_v3']) retrieved from /home/airflow/.local/lib/python3.7/site-packages/airflow/example_dags/example_branch_python_dop_operator_3.py
[2024-02-29T08:56:03.330+0000] {logging_mixin.py:137} INFO - [2024-02-29T08:56:03.330+0000] {dag.py:2690} INFO - Sync 1 DAGs
[2024-02-29T08:56:03.342+0000] {logging_mixin.py:137} INFO - [2024-02-29T08:56:03.342+0000] {dag.py:3441} INFO - Setting next_dagrun for example_branch_dop_operator_v3 to 2024-02-29T08:55:00+00:00, run_after=2024-02-29T08:56:00+00:00
[2024-02-29T08:56:03.350+0000] {processor.py:175} INFO - Processing /home/airflow/.local/lib/python3.7/site-packages/airflow/example_dags/example_branch_python_dop_operator_3.py took 0.043 seconds
[2024-02-29T08:56:33.757+0000] {processor.py:153} INFO - Started process (PID=1858) to work on /home/airflow/.local/lib/python3.7/site-packages/airflow/example_dags/example_branch_python_dop_operator_3.py
[2024-02-29T08:56:33.757+0000] {processor.py:743} INFO - Processing file /home/airflow/.local/lib/python3.7/site-packages/airflow/example_dags/example_branch_python_dop_operator_3.py for tasks to queue
[2024-02-29T08:56:33.757+0000] {logging_mixin.py:137} INFO - [2024-02-29T08:56:33.757+0000] {dagbag.py:538} INFO - Filling up the DagBag from /home/airflow/.local/lib/python3.7/site-packages/airflow/example_dags/example_branch_python_dop_operator_3.py
[2024-02-29T08:56:33.768+0000] {processor.py:753} INFO - DAG(s) dict_keys(['example_branch_dop_operator_v3']) retrieved from /home/airflow/.local/lib/python3.7/site-packages/airflow/example_dags/example_branch_python_dop_operator_3.py
[2024-02-29T08:56:33.779+0000] {logging_mixin.py:137} INFO - [2024-02-29T08:56:33.778+0000] {dag.py:2690} INFO - Sync 1 DAGs
[2024-02-29T08:56:33.794+0000] {logging_mixin.py:137} INFO - [2024-02-29T08:56:33.794+0000] {dag.py:3441} INFO - Setting next_dagrun for example_branch_dop_operator_v3 to 2024-02-29T08:55:00+00:00, run_after=2024-02-29T08:56:00+00:00
[2024-02-29T08:56:33.803+0000] {processor.py:175} INFO - Processing /home/airflow/.local/lib/python3.7/site-packages/airflow/example_dags/example_branch_python_dop_operator_3.py took 0.048 seconds
[2024-02-29T08:57:04.149+0000] {processor.py:153} INFO - Started process (PID=1952) to work on /home/airflow/.local/lib/python3.7/site-packages/airflow/example_dags/example_branch_python_dop_operator_3.py
[2024-02-29T08:57:04.150+0000] {processor.py:743} INFO - Processing file /home/airflow/.local/lib/python3.7/site-packages/airflow/example_dags/example_branch_python_dop_operator_3.py for tasks to queue
[2024-02-29T08:57:04.150+0000] {logging_mixin.py:137} INFO - [2024-02-29T08:57:04.150+0000] {dagbag.py:538} INFO - Filling up the DagBag from /home/airflow/.local/lib/python3.7/site-packages/airflow/example_dags/example_branch_python_dop_operator_3.py
[2024-02-29T08:57:04.160+0000] {processor.py:753} INFO - DAG(s) dict_keys(['example_branch_dop_operator_v3']) retrieved from /home/airflow/.local/lib/python3.7/site-packages/airflow/example_dags/example_branch_python_dop_operator_3.py
[2024-02-29T08:57:04.171+0000] {logging_mixin.py:137} INFO - [2024-02-29T08:57:04.171+0000] {dag.py:2690} INFO - Sync 1 DAGs
[2024-02-29T08:57:04.183+0000] {logging_mixin.py:137} INFO - [2024-02-29T08:57:04.183+0000] {dag.py:3441} INFO - Setting next_dagrun for example_branch_dop_operator_v3 to 2024-02-29T08:56:00+00:00, run_after=2024-02-29T08:57:00+00:00
[2024-02-29T08:57:04.191+0000] {processor.py:175} INFO - Processing /home/airflow/.local/lib/python3.7/site-packages/airflow/example_dags/example_branch_python_dop_operator_3.py took 0.044 seconds
[2024-02-29T08:57:34.647+0000] {processor.py:153} INFO - Started process (PID=2046) to work on /home/airflow/.local/lib/python3.7/site-packages/airflow/example_dags/example_branch_python_dop_operator_3.py
[2024-02-29T08:57:34.647+0000] {processor.py:743} INFO - Processing file /home/airflow/.local/lib/python3.7/site-packages/airflow/example_dags/example_branch_python_dop_operator_3.py for tasks to queue
[2024-02-29T08:57:34.648+0000] {logging_mixin.py:137} INFO - [2024-02-29T08:57:34.648+0000] {dagbag.py:538} INFO - Filling up the DagBag from /home/airflow/.local/lib/python3.7/site-packages/airflow/example_dags/example_branch_python_dop_operator_3.py
[2024-02-29T08:57:34.658+0000] {processor.py:753} INFO - DAG(s) dict_keys(['example_branch_dop_operator_v3']) retrieved from /home/airflow/.local/lib/python3.7/site-packages/airflow/example_dags/example_branch_python_dop_operator_3.py
[2024-02-29T08:57:34.669+0000] {logging_mixin.py:137} INFO - [2024-02-29T08:57:34.669+0000] {dag.py:2690} INFO - Sync 1 DAGs
[2024-02-29T08:57:34.682+0000] {logging_mixin.py:137} INFO - [2024-02-29T08:57:34.681+0000] {dag.py:3441} INFO - Setting next_dagrun for example_branch_dop_operator_v3 to 2024-02-29T08:56:00+00:00, run_after=2024-02-29T08:57:00+00:00
[2024-02-29T08:57:34.690+0000] {processor.py:175} INFO - Processing /home/airflow/.local/lib/python3.7/site-packages/airflow/example_dags/example_branch_python_dop_operator_3.py took 0.044 seconds
[2024-02-29T08:58:05.224+0000] {processor.py:153} INFO - Started process (PID=2122) to work on /home/airflow/.local/lib/python3.7/site-packages/airflow/example_dags/example_branch_python_dop_operator_3.py
[2024-02-29T08:58:05.225+0000] {processor.py:743} INFO - Processing file /home/airflow/.local/lib/python3.7/site-packages/airflow/example_dags/example_branch_python_dop_operator_3.py for tasks to queue
[2024-02-29T08:58:05.225+0000] {logging_mixin.py:137} INFO - [2024-02-29T08:58:05.225+0000] {dagbag.py:538} INFO - Filling up the DagBag from /home/airflow/.local/lib/python3.7/site-packages/airflow/example_dags/example_branch_python_dop_operator_3.py
[2024-02-29T08:58:05.235+0000] {processor.py:753} INFO - DAG(s) dict_keys(['example_branch_dop_operator_v3']) retrieved from /home/airflow/.local/lib/python3.7/site-packages/airflow/example_dags/example_branch_python_dop_operator_3.py
[2024-02-29T08:58:05.246+0000] {logging_mixin.py:137} INFO - [2024-02-29T08:58:05.246+0000] {dag.py:2690} INFO - Sync 1 DAGs
[2024-02-29T08:58:05.259+0000] {logging_mixin.py:137} INFO - [2024-02-29T08:58:05.259+0000] {dag.py:3441} INFO - Setting next_dagrun for example_branch_dop_operator_v3 to 2024-02-29T08:57:00+00:00, run_after=2024-02-29T08:58:00+00:00
[2024-02-29T08:58:05.266+0000] {processor.py:175} INFO - Processing /home/airflow/.local/lib/python3.7/site-packages/airflow/example_dags/example_branch_python_dop_operator_3.py took 0.043 seconds
[2024-02-29T08:58:35.676+0000] {processor.py:153} INFO - Started process (PID=2216) to work on /home/airflow/.local/lib/python3.7/site-packages/airflow/example_dags/example_branch_python_dop_operator_3.py
[2024-02-29T08:58:35.677+0000] {processor.py:743} INFO - Processing file /home/airflow/.local/lib/python3.7/site-packages/airflow/example_dags/example_branch_python_dop_operator_3.py for tasks to queue
[2024-02-29T08:58:35.677+0000] {logging_mixin.py:137} INFO - [2024-02-29T08:58:35.677+0000] {dagbag.py:538} INFO - Filling up the DagBag from /home/airflow/.local/lib/python3.7/site-packages/airflow/example_dags/example_branch_python_dop_operator_3.py
[2024-02-29T08:58:35.687+0000] {processor.py:753} INFO - DAG(s) dict_keys(['example_branch_dop_operator_v3']) retrieved from /home/airflow/.local/lib/python3.7/site-packages/airflow/example_dags/example_branch_python_dop_operator_3.py
[2024-02-29T08:58:35.698+0000] {logging_mixin.py:137} INFO - [2024-02-29T08:58:35.698+0000] {dag.py:2690} INFO - Sync 1 DAGs
[2024-02-29T08:58:35.712+0000] {logging_mixin.py:137} INFO - [2024-02-29T08:58:35.712+0000] {dag.py:3441} INFO - Setting next_dagrun for example_branch_dop_operator_v3 to 2024-02-29T08:57:00+00:00, run_after=2024-02-29T08:58:00+00:00
[2024-02-29T08:58:35.720+0000] {processor.py:175} INFO - Processing /home/airflow/.local/lib/python3.7/site-packages/airflow/example_dags/example_branch_python_dop_operator_3.py took 0.045 seconds
[2024-02-29T08:59:05.946+0000] {processor.py:153} INFO - Started process (PID=2309) to work on /home/airflow/.local/lib/python3.7/site-packages/airflow/example_dags/example_branch_python_dop_operator_3.py
[2024-02-29T08:59:05.946+0000] {processor.py:743} INFO - Processing file /home/airflow/.local/lib/python3.7/site-packages/airflow/example_dags/example_branch_python_dop_operator_3.py for tasks to queue
[2024-02-29T08:59:05.946+0000] {logging_mixin.py:137} INFO - [2024-02-29T08:59:05.946+0000] {dagbag.py:538} INFO - Filling up the DagBag from /home/airflow/.local/lib/python3.7/site-packages/airflow/example_dags/example_branch_python_dop_operator_3.py
[2024-02-29T08:59:05.957+0000] {processor.py:753} INFO - DAG(s) dict_keys(['example_branch_dop_operator_v3']) retrieved from /home/airflow/.local/lib/python3.7/site-packages/airflow/example_dags/example_branch_python_dop_operator_3.py
[2024-02-29T08:59:05.968+0000] {logging_mixin.py:137} INFO - [2024-02-29T08:59:05.968+0000] {dag.py:2690} INFO - Sync 1 DAGs
[2024-02-29T08:59:05.980+0000] {logging_mixin.py:137} INFO - [2024-02-29T08:59:05.980+0000] {dag.py:3441} INFO - Setting next_dagrun for example_branch_dop_operator_v3 to 2024-02-29T08:58:00+00:00, run_after=2024-02-29T08:59:00+00:00
[2024-02-29T08:59:05.988+0000] {processor.py:175} INFO - Processing /home/airflow/.local/lib/python3.7/site-packages/airflow/example_dags/example_branch_python_dop_operator_3.py took 0.044 seconds
[2024-02-29T08:59:36.674+0000] {processor.py:153} INFO - Started process (PID=2403) to work on /home/airflow/.local/lib/python3.7/site-packages/airflow/example_dags/example_branch_python_dop_operator_3.py
[2024-02-29T08:59:36.674+0000] {processor.py:743} INFO - Processing file /home/airflow/.local/lib/python3.7/site-packages/airflow/example_dags/example_branch_python_dop_operator_3.py for tasks to queue
[2024-02-29T08:59:36.675+0000] {logging_mixin.py:137} INFO - [2024-02-29T08:59:36.675+0000] {dagbag.py:538} INFO - Filling up the DagBag from /home/airflow/.local/lib/python3.7/site-packages/airflow/example_dags/example_branch_python_dop_operator_3.py
[2024-02-29T08:59:36.714+0000] {processor.py:753} INFO - DAG(s) dict_keys(['example_branch_dop_operator_v3']) retrieved from /home/airflow/.local/lib/python3.7/site-packages/airflow/example_dags/example_branch_python_dop_operator_3.py
[2024-02-29T08:59:36.757+0000] {logging_mixin.py:137} INFO - [2024-02-29T08:59:36.757+0000] {dag.py:2690} INFO - Sync 1 DAGs
[2024-02-29T08:59:36.770+0000] {logging_mixin.py:137} INFO - [2024-02-29T08:59:36.770+0000] {dag.py:3441} INFO - Setting next_dagrun for example_branch_dop_operator_v3 to 2024-02-29T08:58:00+00:00, run_after=2024-02-29T08:59:00+00:00
[2024-02-29T08:59:36.780+0000] {processor.py:175} INFO - Processing /home/airflow/.local/lib/python3.7/site-packages/airflow/example_dags/example_branch_python_dop_operator_3.py took 0.108 seconds
[2024-02-29T09:00:07.264+0000] {processor.py:153} INFO - Started process (PID=2479) to work on /home/airflow/.local/lib/python3.7/site-packages/airflow/example_dags/example_branch_python_dop_operator_3.py
[2024-02-29T09:00:07.265+0000] {processor.py:743} INFO - Processing file /home/airflow/.local/lib/python3.7/site-packages/airflow/example_dags/example_branch_python_dop_operator_3.py for tasks to queue
[2024-02-29T09:00:07.265+0000] {logging_mixin.py:137} INFO - [2024-02-29T09:00:07.265+0000] {dagbag.py:538} INFO - Filling up the DagBag from /home/airflow/.local/lib/python3.7/site-packages/airflow/example_dags/example_branch_python_dop_operator_3.py
[2024-02-29T09:00:07.276+0000] {processor.py:753} INFO - DAG(s) dict_keys(['example_branch_dop_operator_v3']) retrieved from /home/airflow/.local/lib/python3.7/site-packages/airflow/example_dags/example_branch_python_dop_operator_3.py
[2024-02-29T09:00:07.288+0000] {logging_mixin.py:137} INFO - [2024-02-29T09:00:07.288+0000] {dag.py:2690} INFO - Sync 1 DAGs
[2024-02-29T09:00:07.301+0000] {logging_mixin.py:137} INFO - [2024-02-29T09:00:07.301+0000] {dag.py:3441} INFO - Setting next_dagrun for example_branch_dop_operator_v3 to 2024-02-29T08:59:00+00:00, run_after=2024-02-29T09:00:00+00:00
[2024-02-29T09:00:07.310+0000] {processor.py:175} INFO - Processing /home/airflow/.local/lib/python3.7/site-packages/airflow/example_dags/example_branch_python_dop_operator_3.py took 0.048 seconds
[2024-02-29T09:00:37.770+0000] {processor.py:153} INFO - Started process (PID=2573) to work on /home/airflow/.local/lib/python3.7/site-packages/airflow/example_dags/example_branch_python_dop_operator_3.py
[2024-02-29T09:00:37.771+0000] {processor.py:743} INFO - Processing file /home/airflow/.local/lib/python3.7/site-packages/airflow/example_dags/example_branch_python_dop_operator_3.py for tasks to queue
[2024-02-29T09:00:37.771+0000] {logging_mixin.py:137} INFO - [2024-02-29T09:00:37.771+0000] {dagbag.py:538} INFO - Filling up the DagBag from /home/airflow/.local/lib/python3.7/site-packages/airflow/example_dags/example_branch_python_dop_operator_3.py
[2024-02-29T09:00:37.781+0000] {processor.py:753} INFO - DAG(s) dict_keys(['example_branch_dop_operator_v3']) retrieved from /home/airflow/.local/lib/python3.7/site-packages/airflow/example_dags/example_branch_python_dop_operator_3.py
[2024-02-29T09:00:37.793+0000] {logging_mixin.py:137} INFO - [2024-02-29T09:00:37.793+0000] {dag.py:2690} INFO - Sync 1 DAGs
[2024-02-29T09:00:37.806+0000] {logging_mixin.py:137} INFO - [2024-02-29T09:00:37.806+0000] {dag.py:3441} INFO - Setting next_dagrun for example_branch_dop_operator_v3 to 2024-02-29T08:59:00+00:00, run_after=2024-02-29T09:00:00+00:00
[2024-02-29T09:00:37.814+0000] {processor.py:175} INFO - Processing /home/airflow/.local/lib/python3.7/site-packages/airflow/example_dags/example_branch_python_dop_operator_3.py took 0.045 seconds
[2024-02-29T09:01:08.358+0000] {processor.py:153} INFO - Started process (PID=2667) to work on /home/airflow/.local/lib/python3.7/site-packages/airflow/example_dags/example_branch_python_dop_operator_3.py
[2024-02-29T09:01:08.359+0000] {processor.py:743} INFO - Processing file /home/airflow/.local/lib/python3.7/site-packages/airflow/example_dags/example_branch_python_dop_operator_3.py for tasks to queue
[2024-02-29T09:01:08.359+0000] {logging_mixin.py:137} INFO - [2024-02-29T09:01:08.359+0000] {dagbag.py:538} INFO - Filling up the DagBag from /home/airflow/.local/lib/python3.7/site-packages/airflow/example_dags/example_branch_python_dop_operator_3.py
[2024-02-29T09:01:08.377+0000] {processor.py:753} INFO - DAG(s) dict_keys(['example_branch_dop_operator_v3']) retrieved from /home/airflow/.local/lib/python3.7/site-packages/airflow/example_dags/example_branch_python_dop_operator_3.py
[2024-02-29T09:01:08.392+0000] {logging_mixin.py:137} INFO - [2024-02-29T09:01:08.391+0000] {dag.py:2690} INFO - Sync 1 DAGs
[2024-02-29T09:01:08.405+0000] {logging_mixin.py:137} INFO - [2024-02-29T09:01:08.405+0000] {dag.py:3441} INFO - Setting next_dagrun for example_branch_dop_operator_v3 to 2024-02-29T09:00:00+00:00, run_after=2024-02-29T09:01:00+00:00
[2024-02-29T09:01:08.415+0000] {processor.py:175} INFO - Processing /home/airflow/.local/lib/python3.7/site-packages/airflow/example_dags/example_branch_python_dop_operator_3.py took 0.059 seconds
[2024-02-29T09:01:38.920+0000] {processor.py:153} INFO - Started process (PID=2744) to work on /home/airflow/.local/lib/python3.7/site-packages/airflow/example_dags/example_branch_python_dop_operator_3.py
[2024-02-29T09:01:38.921+0000] {processor.py:743} INFO - Processing file /home/airflow/.local/lib/python3.7/site-packages/airflow/example_dags/example_branch_python_dop_operator_3.py for tasks to queue
[2024-02-29T09:01:38.921+0000] {logging_mixin.py:137} INFO - [2024-02-29T09:01:38.921+0000] {dagbag.py:538} INFO - Filling up the DagBag from /home/airflow/.local/lib/python3.7/site-packages/airflow/example_dags/example_branch_python_dop_operator_3.py
[2024-02-29T09:01:38.932+0000] {processor.py:753} INFO - DAG(s) dict_keys(['example_branch_dop_operator_v3']) retrieved from /home/airflow/.local/lib/python3.7/site-packages/airflow/example_dags/example_branch_python_dop_operator_3.py
[2024-02-29T09:01:38.952+0000] {logging_mixin.py:137} INFO - [2024-02-29T09:01:38.951+0000] {dag.py:2690} INFO - Sync 1 DAGs
[2024-02-29T09:01:38.978+0000] {logging_mixin.py:137} INFO - [2024-02-29T09:01:38.977+0000] {dag.py:3441} INFO - Setting next_dagrun for example_branch_dop_operator_v3 to 2024-02-29T09:00:00+00:00, run_after=2024-02-29T09:01:00+00:00
[2024-02-29T09:01:38.987+0000] {processor.py:175} INFO - Processing /home/airflow/.local/lib/python3.7/site-packages/airflow/example_dags/example_branch_python_dop_operator_3.py took 0.069 seconds
[2024-02-29T09:02:09.454+0000] {processor.py:153} INFO - Started process (PID=2836) to work on /home/airflow/.local/lib/python3.7/site-packages/airflow/example_dags/example_branch_python_dop_operator_3.py
[2024-02-29T09:02:09.455+0000] {processor.py:743} INFO - Processing file /home/airflow/.local/lib/python3.7/site-packages/airflow/example_dags/example_branch_python_dop_operator_3.py for tasks to queue
[2024-02-29T09:02:09.455+0000] {logging_mixin.py:137} INFO - [2024-02-29T09:02:09.455+0000] {dagbag.py:538} INFO - Filling up the DagBag from /home/airflow/.local/lib/python3.7/site-packages/airflow/example_dags/example_branch_python_dop_operator_3.py
[2024-02-29T09:02:09.466+0000] {processor.py:753} INFO - DAG(s) dict_keys(['example_branch_dop_operator_v3']) retrieved from /home/airflow/.local/lib/python3.7/site-packages/airflow/example_dags/example_branch_python_dop_operator_3.py
[2024-02-29T09:02:09.477+0000] {logging_mixin.py:137} INFO - [2024-02-29T09:02:09.477+0000] {dag.py:2690} INFO - Sync 1 DAGs
[2024-02-29T09:02:09.490+0000] {logging_mixin.py:137} INFO - [2024-02-29T09:02:09.490+0000] {dag.py:3441} INFO - Setting next_dagrun for example_branch_dop_operator_v3 to 2024-02-29T09:01:00+00:00, run_after=2024-02-29T09:02:00+00:00
[2024-02-29T09:02:09.499+0000] {processor.py:175} INFO - Processing /home/airflow/.local/lib/python3.7/site-packages/airflow/example_dags/example_branch_python_dop_operator_3.py took 0.046 seconds
[2024-02-29T09:02:39.980+0000] {processor.py:153} INFO - Started process (PID=2930) to work on /home/airflow/.local/lib/python3.7/site-packages/airflow/example_dags/example_branch_python_dop_operator_3.py
[2024-02-29T09:02:39.981+0000] {processor.py:743} INFO - Processing file /home/airflow/.local/lib/python3.7/site-packages/airflow/example_dags/example_branch_python_dop_operator_3.py for tasks to queue
[2024-02-29T09:02:39.981+0000] {logging_mixin.py:137} INFO - [2024-02-29T09:02:39.981+0000] {dagbag.py:538} INFO - Filling up the DagBag from /home/airflow/.local/lib/python3.7/site-packages/airflow/example_dags/example_branch_python_dop_operator_3.py
[2024-02-29T09:02:39.992+0000] {processor.py:753} INFO - DAG(s) dict_keys(['example_branch_dop_operator_v3']) retrieved from /home/airflow/.local/lib/python3.7/site-packages/airflow/example_dags/example_branch_python_dop_operator_3.py
[2024-02-29T09:02:40.004+0000] {logging_mixin.py:137} INFO - [2024-02-29T09:02:40.004+0000] {dag.py:2690} INFO - Sync 1 DAGs
[2024-02-29T09:02:40.017+0000] {logging_mixin.py:137} INFO - [2024-02-29T09:02:40.016+0000] {dag.py:3441} INFO - Setting next_dagrun for example_branch_dop_operator_v3 to 2024-02-29T09:01:00+00:00, run_after=2024-02-29T09:02:00+00:00
[2024-02-29T09:02:40.024+0000] {processor.py:175} INFO - Processing /home/airflow/.local/lib/python3.7/site-packages/airflow/example_dags/example_branch_python_dop_operator_3.py took 0.045 seconds
[2024-02-29T09:03:10.948+0000] {processor.py:153} INFO - Started process (PID=3023) to work on /home/airflow/.local/lib/python3.7/site-packages/airflow/example_dags/example_branch_python_dop_operator_3.py
[2024-02-29T09:03:10.949+0000] {processor.py:743} INFO - Processing file /home/airflow/.local/lib/python3.7/site-packages/airflow/example_dags/example_branch_python_dop_operator_3.py for tasks to queue
[2024-02-29T09:03:10.951+0000] {logging_mixin.py:137} INFO - [2024-02-29T09:03:10.950+0000] {dagbag.py:538} INFO - Filling up the DagBag from /home/airflow/.local/lib/python3.7/site-packages/airflow/example_dags/example_branch_python_dop_operator_3.py
[2024-02-29T09:03:10.967+0000] {processor.py:753} INFO - DAG(s) dict_keys(['example_branch_dop_operator_v3']) retrieved from /home/airflow/.local/lib/python3.7/site-packages/airflow/example_dags/example_branch_python_dop_operator_3.py
[2024-02-29T09:03:10.985+0000] {logging_mixin.py:137} INFO - [2024-02-29T09:03:10.985+0000] {dag.py:2690} INFO - Sync 1 DAGs
[2024-02-29T09:03:11.005+0000] {logging_mixin.py:137} INFO - [2024-02-29T09:03:11.005+0000] {dag.py:3441} INFO - Setting next_dagrun for example_branch_dop_operator_v3 to 2024-02-29T09:02:00+00:00, run_after=2024-02-29T09:03:00+00:00
[2024-02-29T09:03:11.019+0000] {processor.py:175} INFO - Processing /home/airflow/.local/lib/python3.7/site-packages/airflow/example_dags/example_branch_python_dop_operator_3.py took 0.073 seconds
