[2024-02-29T08:46:25.821+0000] {processor.py:153} INFO - Started process (PID=77) to work on /home/airflow/.local/lib/python3.7/site-packages/airflow/example_dags/example_external_task_marker_dag.py
[2024-02-29T08:46:25.823+0000] {processor.py:743} INFO - Processing file /home/airflow/.local/lib/python3.7/site-packages/airflow/example_dags/example_external_task_marker_dag.py for tasks to queue
[2024-02-29T08:46:25.823+0000] {logging_mixin.py:137} INFO - [2024-02-29T08:46:25.823+0000] {dagbag.py:538} INFO - Filling up the DagBag from /home/airflow/.local/lib/python3.7/site-packages/airflow/example_dags/example_external_task_marker_dag.py
[2024-02-29T08:46:25.836+0000] {processor.py:753} INFO - DAG(s) dict_keys(['example_external_task_marker_parent', 'example_external_task_marker_child']) retrieved from /home/airflow/.local/lib/python3.7/site-packages/airflow/example_dags/example_external_task_marker_dag.py
[2024-02-29T08:46:25.857+0000] {logging_mixin.py:137} INFO - [2024-02-29T08:46:25.857+0000] {dag.py:2690} INFO - Sync 2 DAGs
[2024-02-29T08:46:25.876+0000] {logging_mixin.py:137} INFO - [2024-02-29T08:46:25.876+0000] {dag.py:3441} INFO - Setting next_dagrun for example_external_task_marker_child to None, run_after=None
[2024-02-29T08:46:25.878+0000] {logging_mixin.py:137} INFO - [2024-02-29T08:46:25.878+0000] {dag.py:3441} INFO - Setting next_dagrun for example_external_task_marker_parent to None, run_after=None
[2024-02-29T08:46:25.888+0000] {processor.py:175} INFO - Processing /home/airflow/.local/lib/python3.7/site-packages/airflow/example_dags/example_external_task_marker_dag.py took 0.069 seconds
[2024-02-29T08:46:56.266+0000] {processor.py:153} INFO - Started process (PID=170) to work on /home/airflow/.local/lib/python3.7/site-packages/airflow/example_dags/example_external_task_marker_dag.py
[2024-02-29T08:46:56.266+0000] {processor.py:743} INFO - Processing file /home/airflow/.local/lib/python3.7/site-packages/airflow/example_dags/example_external_task_marker_dag.py for tasks to queue
[2024-02-29T08:46:56.267+0000] {logging_mixin.py:137} INFO - [2024-02-29T08:46:56.267+0000] {dagbag.py:538} INFO - Filling up the DagBag from /home/airflow/.local/lib/python3.7/site-packages/airflow/example_dags/example_external_task_marker_dag.py
[2024-02-29T08:46:56.273+0000] {processor.py:753} INFO - DAG(s) dict_keys(['example_external_task_marker_parent', 'example_external_task_marker_child']) retrieved from /home/airflow/.local/lib/python3.7/site-packages/airflow/example_dags/example_external_task_marker_dag.py
[2024-02-29T08:46:56.286+0000] {logging_mixin.py:137} INFO - [2024-02-29T08:46:56.285+0000] {dag.py:2690} INFO - Sync 2 DAGs
[2024-02-29T08:46:56.297+0000] {logging_mixin.py:137} INFO - [2024-02-29T08:46:56.297+0000] {dag.py:3441} INFO - Setting next_dagrun for example_external_task_marker_child to None, run_after=None
[2024-02-29T08:46:56.298+0000] {logging_mixin.py:137} INFO - [2024-02-29T08:46:56.298+0000] {dag.py:3441} INFO - Setting next_dagrun for example_external_task_marker_parent to None, run_after=None
[2024-02-29T08:46:56.305+0000] {processor.py:175} INFO - Processing /home/airflow/.local/lib/python3.7/site-packages/airflow/example_dags/example_external_task_marker_dag.py took 0.040 seconds
[2024-02-29T08:47:26.553+0000] {processor.py:153} INFO - Started process (PID=264) to work on /home/airflow/.local/lib/python3.7/site-packages/airflow/example_dags/example_external_task_marker_dag.py
[2024-02-29T08:47:26.553+0000] {processor.py:743} INFO - Processing file /home/airflow/.local/lib/python3.7/site-packages/airflow/example_dags/example_external_task_marker_dag.py for tasks to queue
[2024-02-29T08:47:26.553+0000] {logging_mixin.py:137} INFO - [2024-02-29T08:47:26.553+0000] {dagbag.py:538} INFO - Filling up the DagBag from /home/airflow/.local/lib/python3.7/site-packages/airflow/example_dags/example_external_task_marker_dag.py
[2024-02-29T08:47:26.559+0000] {processor.py:753} INFO - DAG(s) dict_keys(['example_external_task_marker_parent', 'example_external_task_marker_child']) retrieved from /home/airflow/.local/lib/python3.7/site-packages/airflow/example_dags/example_external_task_marker_dag.py
[2024-02-29T08:47:26.571+0000] {logging_mixin.py:137} INFO - [2024-02-29T08:47:26.571+0000] {dag.py:2690} INFO - Sync 2 DAGs
[2024-02-29T08:47:26.581+0000] {logging_mixin.py:137} INFO - [2024-02-29T08:47:26.581+0000] {dag.py:3441} INFO - Setting next_dagrun for example_external_task_marker_child to None, run_after=None
[2024-02-29T08:47:26.583+0000] {logging_mixin.py:137} INFO - [2024-02-29T08:47:26.583+0000] {dag.py:3441} INFO - Setting next_dagrun for example_external_task_marker_parent to None, run_after=None
[2024-02-29T08:47:26.590+0000] {processor.py:175} INFO - Processing /home/airflow/.local/lib/python3.7/site-packages/airflow/example_dags/example_external_task_marker_dag.py took 0.039 seconds
[2024-02-29T08:47:57.061+0000] {processor.py:153} INFO - Started process (PID=348) to work on /home/airflow/.local/lib/python3.7/site-packages/airflow/example_dags/example_external_task_marker_dag.py
[2024-02-29T08:47:57.061+0000] {processor.py:743} INFO - Processing file /home/airflow/.local/lib/python3.7/site-packages/airflow/example_dags/example_external_task_marker_dag.py for tasks to queue
[2024-02-29T08:47:57.062+0000] {logging_mixin.py:137} INFO - [2024-02-29T08:47:57.062+0000] {dagbag.py:538} INFO - Filling up the DagBag from /home/airflow/.local/lib/python3.7/site-packages/airflow/example_dags/example_external_task_marker_dag.py
[2024-02-29T08:47:57.068+0000] {processor.py:753} INFO - DAG(s) dict_keys(['example_external_task_marker_child', 'example_external_task_marker_parent']) retrieved from /home/airflow/.local/lib/python3.7/site-packages/airflow/example_dags/example_external_task_marker_dag.py
[2024-02-29T08:47:57.083+0000] {logging_mixin.py:137} INFO - [2024-02-29T08:47:57.083+0000] {dag.py:2690} INFO - Sync 2 DAGs
[2024-02-29T08:47:57.094+0000] {logging_mixin.py:137} INFO - [2024-02-29T08:47:57.094+0000] {dag.py:3441} INFO - Setting next_dagrun for example_external_task_marker_child to None, run_after=None
[2024-02-29T08:47:57.096+0000] {logging_mixin.py:137} INFO - [2024-02-29T08:47:57.096+0000] {dag.py:3441} INFO - Setting next_dagrun for example_external_task_marker_parent to None, run_after=None
[2024-02-29T08:47:57.103+0000] {processor.py:175} INFO - Processing /home/airflow/.local/lib/python3.7/site-packages/airflow/example_dags/example_external_task_marker_dag.py took 0.044 seconds
[2024-02-29T08:48:27.411+0000] {processor.py:153} INFO - Started process (PID=433) to work on /home/airflow/.local/lib/python3.7/site-packages/airflow/example_dags/example_external_task_marker_dag.py
[2024-02-29T08:48:27.412+0000] {processor.py:743} INFO - Processing file /home/airflow/.local/lib/python3.7/site-packages/airflow/example_dags/example_external_task_marker_dag.py for tasks to queue
[2024-02-29T08:48:27.412+0000] {logging_mixin.py:137} INFO - [2024-02-29T08:48:27.412+0000] {dagbag.py:538} INFO - Filling up the DagBag from /home/airflow/.local/lib/python3.7/site-packages/airflow/example_dags/example_external_task_marker_dag.py
[2024-02-29T08:48:27.418+0000] {processor.py:753} INFO - DAG(s) dict_keys(['example_external_task_marker_child', 'example_external_task_marker_parent']) retrieved from /home/airflow/.local/lib/python3.7/site-packages/airflow/example_dags/example_external_task_marker_dag.py
[2024-02-29T08:48:27.430+0000] {logging_mixin.py:137} INFO - [2024-02-29T08:48:27.429+0000] {dag.py:2690} INFO - Sync 2 DAGs
[2024-02-29T08:48:27.440+0000] {logging_mixin.py:137} INFO - [2024-02-29T08:48:27.440+0000] {dag.py:3441} INFO - Setting next_dagrun for example_external_task_marker_child to None, run_after=None
[2024-02-29T08:48:27.442+0000] {logging_mixin.py:137} INFO - [2024-02-29T08:48:27.442+0000] {dag.py:3441} INFO - Setting next_dagrun for example_external_task_marker_parent to None, run_after=None
[2024-02-29T08:48:27.448+0000] {processor.py:175} INFO - Processing /home/airflow/.local/lib/python3.7/site-packages/airflow/example_dags/example_external_task_marker_dag.py took 0.039 seconds
[2024-02-29T08:48:57.842+0000] {processor.py:153} INFO - Started process (PID=527) to work on /home/airflow/.local/lib/python3.7/site-packages/airflow/example_dags/example_external_task_marker_dag.py
[2024-02-29T08:48:57.842+0000] {processor.py:743} INFO - Processing file /home/airflow/.local/lib/python3.7/site-packages/airflow/example_dags/example_external_task_marker_dag.py for tasks to queue
[2024-02-29T08:48:57.842+0000] {logging_mixin.py:137} INFO - [2024-02-29T08:48:57.842+0000] {dagbag.py:538} INFO - Filling up the DagBag from /home/airflow/.local/lib/python3.7/site-packages/airflow/example_dags/example_external_task_marker_dag.py
[2024-02-29T08:48:57.849+0000] {processor.py:753} INFO - DAG(s) dict_keys(['example_external_task_marker_parent', 'example_external_task_marker_child']) retrieved from /home/airflow/.local/lib/python3.7/site-packages/airflow/example_dags/example_external_task_marker_dag.py
[2024-02-29T08:48:57.860+0000] {logging_mixin.py:137} INFO - [2024-02-29T08:48:57.860+0000] {dag.py:2690} INFO - Sync 2 DAGs
[2024-02-29T08:48:57.871+0000] {logging_mixin.py:137} INFO - [2024-02-29T08:48:57.871+0000] {dag.py:3441} INFO - Setting next_dagrun for example_external_task_marker_child to None, run_after=None
[2024-02-29T08:48:57.872+0000] {logging_mixin.py:137} INFO - [2024-02-29T08:48:57.872+0000] {dag.py:3441} INFO - Setting next_dagrun for example_external_task_marker_parent to None, run_after=None
[2024-02-29T08:48:57.878+0000] {processor.py:175} INFO - Processing /home/airflow/.local/lib/python3.7/site-packages/airflow/example_dags/example_external_task_marker_dag.py took 0.038 seconds
[2024-02-29T08:49:28.273+0000] {processor.py:153} INFO - Started process (PID=621) to work on /home/airflow/.local/lib/python3.7/site-packages/airflow/example_dags/example_external_task_marker_dag.py
[2024-02-29T08:49:28.273+0000] {processor.py:743} INFO - Processing file /home/airflow/.local/lib/python3.7/site-packages/airflow/example_dags/example_external_task_marker_dag.py for tasks to queue
[2024-02-29T08:49:28.274+0000] {logging_mixin.py:137} INFO - [2024-02-29T08:49:28.273+0000] {dagbag.py:538} INFO - Filling up the DagBag from /home/airflow/.local/lib/python3.7/site-packages/airflow/example_dags/example_external_task_marker_dag.py
[2024-02-29T08:49:28.280+0000] {processor.py:753} INFO - DAG(s) dict_keys(['example_external_task_marker_child', 'example_external_task_marker_parent']) retrieved from /home/airflow/.local/lib/python3.7/site-packages/airflow/example_dags/example_external_task_marker_dag.py
[2024-02-29T08:49:28.292+0000] {logging_mixin.py:137} INFO - [2024-02-29T08:49:28.292+0000] {dag.py:2690} INFO - Sync 2 DAGs
[2024-02-29T08:49:28.302+0000] {logging_mixin.py:137} INFO - [2024-02-29T08:49:28.302+0000] {dag.py:3441} INFO - Setting next_dagrun for example_external_task_marker_child to None, run_after=None
[2024-02-29T08:49:28.304+0000] {logging_mixin.py:137} INFO - [2024-02-29T08:49:28.304+0000] {dag.py:3441} INFO - Setting next_dagrun for example_external_task_marker_parent to None, run_after=None
[2024-02-29T08:49:28.310+0000] {processor.py:175} INFO - Processing /home/airflow/.local/lib/python3.7/site-packages/airflow/example_dags/example_external_task_marker_dag.py took 0.039 seconds
[2024-02-29T08:49:58.559+0000] {processor.py:153} INFO - Started process (PID=703) to work on /home/airflow/.local/lib/python3.7/site-packages/airflow/example_dags/example_external_task_marker_dag.py
[2024-02-29T08:49:58.559+0000] {processor.py:743} INFO - Processing file /home/airflow/.local/lib/python3.7/site-packages/airflow/example_dags/example_external_task_marker_dag.py for tasks to queue
[2024-02-29T08:49:58.559+0000] {logging_mixin.py:137} INFO - [2024-02-29T08:49:58.559+0000] {dagbag.py:538} INFO - Filling up the DagBag from /home/airflow/.local/lib/python3.7/site-packages/airflow/example_dags/example_external_task_marker_dag.py
[2024-02-29T08:49:58.566+0000] {processor.py:753} INFO - DAG(s) dict_keys(['example_external_task_marker_child', 'example_external_task_marker_parent']) retrieved from /home/airflow/.local/lib/python3.7/site-packages/airflow/example_dags/example_external_task_marker_dag.py
[2024-02-29T08:49:58.578+0000] {logging_mixin.py:137} INFO - [2024-02-29T08:49:58.578+0000] {dag.py:2690} INFO - Sync 2 DAGs
[2024-02-29T08:49:58.589+0000] {logging_mixin.py:137} INFO - [2024-02-29T08:49:58.589+0000] {dag.py:3441} INFO - Setting next_dagrun for example_external_task_marker_child to None, run_after=None
[2024-02-29T08:49:58.591+0000] {logging_mixin.py:137} INFO - [2024-02-29T08:49:58.591+0000] {dag.py:3441} INFO - Setting next_dagrun for example_external_task_marker_parent to None, run_after=None
[2024-02-29T08:49:58.598+0000] {processor.py:175} INFO - Processing /home/airflow/.local/lib/python3.7/site-packages/airflow/example_dags/example_external_task_marker_dag.py took 0.041 seconds
[2024-02-29T08:50:29.089+0000] {processor.py:153} INFO - Started process (PID=790) to work on /home/airflow/.local/lib/python3.7/site-packages/airflow/example_dags/example_external_task_marker_dag.py
[2024-02-29T08:50:29.089+0000] {processor.py:743} INFO - Processing file /home/airflow/.local/lib/python3.7/site-packages/airflow/example_dags/example_external_task_marker_dag.py for tasks to queue
[2024-02-29T08:50:29.090+0000] {logging_mixin.py:137} INFO - [2024-02-29T08:50:29.090+0000] {dagbag.py:538} INFO - Filling up the DagBag from /home/airflow/.local/lib/python3.7/site-packages/airflow/example_dags/example_external_task_marker_dag.py
[2024-02-29T08:50:29.096+0000] {processor.py:753} INFO - DAG(s) dict_keys(['example_external_task_marker_parent', 'example_external_task_marker_child']) retrieved from /home/airflow/.local/lib/python3.7/site-packages/airflow/example_dags/example_external_task_marker_dag.py
[2024-02-29T08:50:29.109+0000] {logging_mixin.py:137} INFO - [2024-02-29T08:50:29.109+0000] {dag.py:2690} INFO - Sync 2 DAGs
[2024-02-29T08:50:29.121+0000] {logging_mixin.py:137} INFO - [2024-02-29T08:50:29.121+0000] {dag.py:3441} INFO - Setting next_dagrun for example_external_task_marker_child to None, run_after=None
[2024-02-29T08:50:29.124+0000] {logging_mixin.py:137} INFO - [2024-02-29T08:50:29.124+0000] {dag.py:3441} INFO - Setting next_dagrun for example_external_task_marker_parent to None, run_after=None
[2024-02-29T08:50:29.133+0000] {processor.py:175} INFO - Processing /home/airflow/.local/lib/python3.7/site-packages/airflow/example_dags/example_external_task_marker_dag.py took 0.046 seconds
[2024-02-29T08:50:59.464+0000] {processor.py:153} INFO - Started process (PID=884) to work on /home/airflow/.local/lib/python3.7/site-packages/airflow/example_dags/example_external_task_marker_dag.py
[2024-02-29T08:50:59.464+0000] {processor.py:743} INFO - Processing file /home/airflow/.local/lib/python3.7/site-packages/airflow/example_dags/example_external_task_marker_dag.py for tasks to queue
[2024-02-29T08:50:59.465+0000] {logging_mixin.py:137} INFO - [2024-02-29T08:50:59.465+0000] {dagbag.py:538} INFO - Filling up the DagBag from /home/airflow/.local/lib/python3.7/site-packages/airflow/example_dags/example_external_task_marker_dag.py
[2024-02-29T08:50:59.471+0000] {processor.py:753} INFO - DAG(s) dict_keys(['example_external_task_marker_parent', 'example_external_task_marker_child']) retrieved from /home/airflow/.local/lib/python3.7/site-packages/airflow/example_dags/example_external_task_marker_dag.py
[2024-02-29T08:50:59.483+0000] {logging_mixin.py:137} INFO - [2024-02-29T08:50:59.482+0000] {dag.py:2690} INFO - Sync 2 DAGs
[2024-02-29T08:50:59.493+0000] {logging_mixin.py:137} INFO - [2024-02-29T08:50:59.493+0000] {dag.py:3441} INFO - Setting next_dagrun for example_external_task_marker_child to None, run_after=None
[2024-02-29T08:50:59.495+0000] {logging_mixin.py:137} INFO - [2024-02-29T08:50:59.495+0000] {dag.py:3441} INFO - Setting next_dagrun for example_external_task_marker_parent to None, run_after=None
[2024-02-29T08:50:59.501+0000] {processor.py:175} INFO - Processing /home/airflow/.local/lib/python3.7/site-packages/airflow/example_dags/example_external_task_marker_dag.py took 0.039 seconds
[2024-02-29T08:51:29.834+0000] {processor.py:153} INFO - Started process (PID=977) to work on /home/airflow/.local/lib/python3.7/site-packages/airflow/example_dags/example_external_task_marker_dag.py
[2024-02-29T08:51:29.835+0000] {processor.py:743} INFO - Processing file /home/airflow/.local/lib/python3.7/site-packages/airflow/example_dags/example_external_task_marker_dag.py for tasks to queue
[2024-02-29T08:51:29.835+0000] {logging_mixin.py:137} INFO - [2024-02-29T08:51:29.835+0000] {dagbag.py:538} INFO - Filling up the DagBag from /home/airflow/.local/lib/python3.7/site-packages/airflow/example_dags/example_external_task_marker_dag.py
[2024-02-29T08:51:29.841+0000] {processor.py:753} INFO - DAG(s) dict_keys(['example_external_task_marker_parent', 'example_external_task_marker_child']) retrieved from /home/airflow/.local/lib/python3.7/site-packages/airflow/example_dags/example_external_task_marker_dag.py
[2024-02-29T08:51:29.853+0000] {logging_mixin.py:137} INFO - [2024-02-29T08:51:29.853+0000] {dag.py:2690} INFO - Sync 2 DAGs
[2024-02-29T08:51:29.864+0000] {logging_mixin.py:137} INFO - [2024-02-29T08:51:29.864+0000] {dag.py:3441} INFO - Setting next_dagrun for example_external_task_marker_child to None, run_after=None
[2024-02-29T08:51:29.866+0000] {logging_mixin.py:137} INFO - [2024-02-29T08:51:29.866+0000] {dag.py:3441} INFO - Setting next_dagrun for example_external_task_marker_parent to None, run_after=None
[2024-02-29T08:51:29.873+0000] {processor.py:175} INFO - Processing /home/airflow/.local/lib/python3.7/site-packages/airflow/example_dags/example_external_task_marker_dag.py took 0.040 seconds
[2024-02-29T08:52:00.276+0000] {processor.py:153} INFO - Started process (PID=1053) to work on /home/airflow/.local/lib/python3.7/site-packages/airflow/example_dags/example_external_task_marker_dag.py
[2024-02-29T08:52:00.276+0000] {processor.py:743} INFO - Processing file /home/airflow/.local/lib/python3.7/site-packages/airflow/example_dags/example_external_task_marker_dag.py for tasks to queue
[2024-02-29T08:52:00.277+0000] {logging_mixin.py:137} INFO - [2024-02-29T08:52:00.277+0000] {dagbag.py:538} INFO - Filling up the DagBag from /home/airflow/.local/lib/python3.7/site-packages/airflow/example_dags/example_external_task_marker_dag.py
[2024-02-29T08:52:00.282+0000] {processor.py:753} INFO - DAG(s) dict_keys(['example_external_task_marker_child', 'example_external_task_marker_parent']) retrieved from /home/airflow/.local/lib/python3.7/site-packages/airflow/example_dags/example_external_task_marker_dag.py
[2024-02-29T08:52:00.294+0000] {logging_mixin.py:137} INFO - [2024-02-29T08:52:00.294+0000] {dag.py:2690} INFO - Sync 2 DAGs
[2024-02-29T08:52:00.305+0000] {logging_mixin.py:137} INFO - [2024-02-29T08:52:00.305+0000] {dag.py:3441} INFO - Setting next_dagrun for example_external_task_marker_child to None, run_after=None
[2024-02-29T08:52:00.306+0000] {logging_mixin.py:137} INFO - [2024-02-29T08:52:00.306+0000] {dag.py:3441} INFO - Setting next_dagrun for example_external_task_marker_parent to None, run_after=None
[2024-02-29T08:52:00.313+0000] {processor.py:175} INFO - Processing /home/airflow/.local/lib/python3.7/site-packages/airflow/example_dags/example_external_task_marker_dag.py took 0.039 seconds
[2024-02-29T08:52:30.528+0000] {processor.py:153} INFO - Started process (PID=1146) to work on /home/airflow/.local/lib/python3.7/site-packages/airflow/example_dags/example_external_task_marker_dag.py
[2024-02-29T08:52:30.528+0000] {processor.py:743} INFO - Processing file /home/airflow/.local/lib/python3.7/site-packages/airflow/example_dags/example_external_task_marker_dag.py for tasks to queue
[2024-02-29T08:52:30.528+0000] {logging_mixin.py:137} INFO - [2024-02-29T08:52:30.528+0000] {dagbag.py:538} INFO - Filling up the DagBag from /home/airflow/.local/lib/python3.7/site-packages/airflow/example_dags/example_external_task_marker_dag.py
[2024-02-29T08:52:30.534+0000] {processor.py:753} INFO - DAG(s) dict_keys(['example_external_task_marker_child', 'example_external_task_marker_parent']) retrieved from /home/airflow/.local/lib/python3.7/site-packages/airflow/example_dags/example_external_task_marker_dag.py
[2024-02-29T08:52:30.546+0000] {logging_mixin.py:137} INFO - [2024-02-29T08:52:30.546+0000] {dag.py:2690} INFO - Sync 2 DAGs
[2024-02-29T08:52:30.556+0000] {logging_mixin.py:137} INFO - [2024-02-29T08:52:30.556+0000] {dag.py:3441} INFO - Setting next_dagrun for example_external_task_marker_child to None, run_after=None
[2024-02-29T08:52:30.558+0000] {logging_mixin.py:137} INFO - [2024-02-29T08:52:30.558+0000] {dag.py:3441} INFO - Setting next_dagrun for example_external_task_marker_parent to None, run_after=None
[2024-02-29T08:52:30.564+0000] {processor.py:175} INFO - Processing /home/airflow/.local/lib/python3.7/site-packages/airflow/example_dags/example_external_task_marker_dag.py took 0.038 seconds
[2024-02-29T08:53:00.946+0000] {processor.py:153} INFO - Started process (PID=1239) to work on /home/airflow/.local/lib/python3.7/site-packages/airflow/example_dags/example_external_task_marker_dag.py
[2024-02-29T08:53:00.947+0000] {processor.py:743} INFO - Processing file /home/airflow/.local/lib/python3.7/site-packages/airflow/example_dags/example_external_task_marker_dag.py for tasks to queue
[2024-02-29T08:53:00.947+0000] {logging_mixin.py:137} INFO - [2024-02-29T08:53:00.947+0000] {dagbag.py:538} INFO - Filling up the DagBag from /home/airflow/.local/lib/python3.7/site-packages/airflow/example_dags/example_external_task_marker_dag.py
[2024-02-29T08:53:00.953+0000] {processor.py:753} INFO - DAG(s) dict_keys(['example_external_task_marker_child', 'example_external_task_marker_parent']) retrieved from /home/airflow/.local/lib/python3.7/site-packages/airflow/example_dags/example_external_task_marker_dag.py
[2024-02-29T08:53:00.964+0000] {logging_mixin.py:137} INFO - [2024-02-29T08:53:00.964+0000] {dag.py:2690} INFO - Sync 2 DAGs
[2024-02-29T08:53:00.973+0000] {logging_mixin.py:137} INFO - [2024-02-29T08:53:00.973+0000] {dag.py:3441} INFO - Setting next_dagrun for example_external_task_marker_child to None, run_after=None
[2024-02-29T08:53:00.975+0000] {logging_mixin.py:137} INFO - [2024-02-29T08:53:00.975+0000] {dag.py:3441} INFO - Setting next_dagrun for example_external_task_marker_parent to None, run_after=None
[2024-02-29T08:53:00.981+0000] {processor.py:175} INFO - Processing /home/airflow/.local/lib/python3.7/site-packages/airflow/example_dags/example_external_task_marker_dag.py took 0.036 seconds
[2024-02-29T08:53:31.336+0000] {processor.py:153} INFO - Started process (PID=1333) to work on /home/airflow/.local/lib/python3.7/site-packages/airflow/example_dags/example_external_task_marker_dag.py
[2024-02-29T08:53:31.337+0000] {processor.py:743} INFO - Processing file /home/airflow/.local/lib/python3.7/site-packages/airflow/example_dags/example_external_task_marker_dag.py for tasks to queue
[2024-02-29T08:53:31.337+0000] {logging_mixin.py:137} INFO - [2024-02-29T08:53:31.337+0000] {dagbag.py:538} INFO - Filling up the DagBag from /home/airflow/.local/lib/python3.7/site-packages/airflow/example_dags/example_external_task_marker_dag.py
[2024-02-29T08:53:31.343+0000] {processor.py:753} INFO - DAG(s) dict_keys(['example_external_task_marker_child', 'example_external_task_marker_parent']) retrieved from /home/airflow/.local/lib/python3.7/site-packages/airflow/example_dags/example_external_task_marker_dag.py
[2024-02-29T08:53:31.355+0000] {logging_mixin.py:137} INFO - [2024-02-29T08:53:31.355+0000] {dag.py:2690} INFO - Sync 2 DAGs
[2024-02-29T08:53:31.366+0000] {logging_mixin.py:137} INFO - [2024-02-29T08:53:31.366+0000] {dag.py:3441} INFO - Setting next_dagrun for example_external_task_marker_child to None, run_after=None
[2024-02-29T08:53:31.367+0000] {logging_mixin.py:137} INFO - [2024-02-29T08:53:31.367+0000] {dag.py:3441} INFO - Setting next_dagrun for example_external_task_marker_parent to None, run_after=None
[2024-02-29T08:53:31.374+0000] {processor.py:175} INFO - Processing /home/airflow/.local/lib/python3.7/site-packages/airflow/example_dags/example_external_task_marker_dag.py took 0.039 seconds
[2024-02-29T08:54:01.756+0000] {processor.py:153} INFO - Started process (PID=1409) to work on /home/airflow/.local/lib/python3.7/site-packages/airflow/example_dags/example_external_task_marker_dag.py
[2024-02-29T08:54:01.756+0000] {processor.py:743} INFO - Processing file /home/airflow/.local/lib/python3.7/site-packages/airflow/example_dags/example_external_task_marker_dag.py for tasks to queue
[2024-02-29T08:54:01.757+0000] {logging_mixin.py:137} INFO - [2024-02-29T08:54:01.757+0000] {dagbag.py:538} INFO - Filling up the DagBag from /home/airflow/.local/lib/python3.7/site-packages/airflow/example_dags/example_external_task_marker_dag.py
[2024-02-29T08:54:01.763+0000] {processor.py:753} INFO - DAG(s) dict_keys(['example_external_task_marker_child', 'example_external_task_marker_parent']) retrieved from /home/airflow/.local/lib/python3.7/site-packages/airflow/example_dags/example_external_task_marker_dag.py
[2024-02-29T08:54:01.775+0000] {logging_mixin.py:137} INFO - [2024-02-29T08:54:01.775+0000] {dag.py:2690} INFO - Sync 2 DAGs
[2024-02-29T08:54:01.785+0000] {logging_mixin.py:137} INFO - [2024-02-29T08:54:01.785+0000] {dag.py:3441} INFO - Setting next_dagrun for example_external_task_marker_child to None, run_after=None
[2024-02-29T08:54:01.787+0000] {logging_mixin.py:137} INFO - [2024-02-29T08:54:01.787+0000] {dag.py:3441} INFO - Setting next_dagrun for example_external_task_marker_parent to None, run_after=None
[2024-02-29T08:54:01.794+0000] {processor.py:175} INFO - Processing /home/airflow/.local/lib/python3.7/site-packages/airflow/example_dags/example_external_task_marker_dag.py took 0.039 seconds
[2024-02-29T08:54:32.157+0000] {processor.py:153} INFO - Started process (PID=1503) to work on /home/airflow/.local/lib/python3.7/site-packages/airflow/example_dags/example_external_task_marker_dag.py
[2024-02-29T08:54:32.157+0000] {processor.py:743} INFO - Processing file /home/airflow/.local/lib/python3.7/site-packages/airflow/example_dags/example_external_task_marker_dag.py for tasks to queue
[2024-02-29T08:54:32.158+0000] {logging_mixin.py:137} INFO - [2024-02-29T08:54:32.158+0000] {dagbag.py:538} INFO - Filling up the DagBag from /home/airflow/.local/lib/python3.7/site-packages/airflow/example_dags/example_external_task_marker_dag.py
[2024-02-29T08:54:32.164+0000] {processor.py:753} INFO - DAG(s) dict_keys(['example_external_task_marker_parent', 'example_external_task_marker_child']) retrieved from /home/airflow/.local/lib/python3.7/site-packages/airflow/example_dags/example_external_task_marker_dag.py
[2024-02-29T08:54:32.175+0000] {logging_mixin.py:137} INFO - [2024-02-29T08:54:32.175+0000] {dag.py:2690} INFO - Sync 2 DAGs
[2024-02-29T08:54:32.185+0000] {logging_mixin.py:137} INFO - [2024-02-29T08:54:32.185+0000] {dag.py:3441} INFO - Setting next_dagrun for example_external_task_marker_child to None, run_after=None
[2024-02-29T08:54:32.187+0000] {logging_mixin.py:137} INFO - [2024-02-29T08:54:32.187+0000] {dag.py:3441} INFO - Setting next_dagrun for example_external_task_marker_parent to None, run_after=None
[2024-02-29T08:54:32.193+0000] {processor.py:175} INFO - Processing /home/airflow/.local/lib/python3.7/site-packages/airflow/example_dags/example_external_task_marker_dag.py took 0.038 seconds
[2024-02-29T08:55:02.727+0000] {processor.py:153} INFO - Started process (PID=1597) to work on /home/airflow/.local/lib/python3.7/site-packages/airflow/example_dags/example_external_task_marker_dag.py
[2024-02-29T08:55:02.727+0000] {processor.py:743} INFO - Processing file /home/airflow/.local/lib/python3.7/site-packages/airflow/example_dags/example_external_task_marker_dag.py for tasks to queue
[2024-02-29T08:55:02.727+0000] {logging_mixin.py:137} INFO - [2024-02-29T08:55:02.727+0000] {dagbag.py:538} INFO - Filling up the DagBag from /home/airflow/.local/lib/python3.7/site-packages/airflow/example_dags/example_external_task_marker_dag.py
[2024-02-29T08:55:02.733+0000] {processor.py:753} INFO - DAG(s) dict_keys(['example_external_task_marker_child', 'example_external_task_marker_parent']) retrieved from /home/airflow/.local/lib/python3.7/site-packages/airflow/example_dags/example_external_task_marker_dag.py
[2024-02-29T08:55:02.746+0000] {logging_mixin.py:137} INFO - [2024-02-29T08:55:02.746+0000] {dag.py:2690} INFO - Sync 2 DAGs
[2024-02-29T08:55:02.756+0000] {logging_mixin.py:137} INFO - [2024-02-29T08:55:02.756+0000] {dag.py:3441} INFO - Setting next_dagrun for example_external_task_marker_child to None, run_after=None
[2024-02-29T08:55:02.758+0000] {logging_mixin.py:137} INFO - [2024-02-29T08:55:02.758+0000] {dag.py:3441} INFO - Setting next_dagrun for example_external_task_marker_parent to None, run_after=None
[2024-02-29T08:55:02.765+0000] {processor.py:175} INFO - Processing /home/airflow/.local/lib/python3.7/site-packages/airflow/example_dags/example_external_task_marker_dag.py took 0.040 seconds
[2024-02-29T08:55:33.056+0000] {processor.py:153} INFO - Started process (PID=1690) to work on /home/airflow/.local/lib/python3.7/site-packages/airflow/example_dags/example_external_task_marker_dag.py
[2024-02-29T08:55:33.057+0000] {processor.py:743} INFO - Processing file /home/airflow/.local/lib/python3.7/site-packages/airflow/example_dags/example_external_task_marker_dag.py for tasks to queue
[2024-02-29T08:55:33.057+0000] {logging_mixin.py:137} INFO - [2024-02-29T08:55:33.057+0000] {dagbag.py:538} INFO - Filling up the DagBag from /home/airflow/.local/lib/python3.7/site-packages/airflow/example_dags/example_external_task_marker_dag.py
[2024-02-29T08:55:33.063+0000] {processor.py:753} INFO - DAG(s) dict_keys(['example_external_task_marker_child', 'example_external_task_marker_parent']) retrieved from /home/airflow/.local/lib/python3.7/site-packages/airflow/example_dags/example_external_task_marker_dag.py
[2024-02-29T08:55:33.075+0000] {logging_mixin.py:137} INFO - [2024-02-29T08:55:33.075+0000] {dag.py:2690} INFO - Sync 2 DAGs
[2024-02-29T08:55:33.086+0000] {logging_mixin.py:137} INFO - [2024-02-29T08:55:33.086+0000] {dag.py:3441} INFO - Setting next_dagrun for example_external_task_marker_child to None, run_after=None
[2024-02-29T08:55:33.088+0000] {logging_mixin.py:137} INFO - [2024-02-29T08:55:33.088+0000] {dag.py:3441} INFO - Setting next_dagrun for example_external_task_marker_parent to None, run_after=None
[2024-02-29T08:55:33.095+0000] {processor.py:175} INFO - Processing /home/airflow/.local/lib/python3.7/site-packages/airflow/example_dags/example_external_task_marker_dag.py took 0.040 seconds
[2024-02-29T08:56:03.356+0000] {processor.py:153} INFO - Started process (PID=1766) to work on /home/airflow/.local/lib/python3.7/site-packages/airflow/example_dags/example_external_task_marker_dag.py
[2024-02-29T08:56:03.357+0000] {processor.py:743} INFO - Processing file /home/airflow/.local/lib/python3.7/site-packages/airflow/example_dags/example_external_task_marker_dag.py for tasks to queue
[2024-02-29T08:56:03.357+0000] {logging_mixin.py:137} INFO - [2024-02-29T08:56:03.357+0000] {dagbag.py:538} INFO - Filling up the DagBag from /home/airflow/.local/lib/python3.7/site-packages/airflow/example_dags/example_external_task_marker_dag.py
[2024-02-29T08:56:03.363+0000] {processor.py:753} INFO - DAG(s) dict_keys(['example_external_task_marker_parent', 'example_external_task_marker_child']) retrieved from /home/airflow/.local/lib/python3.7/site-packages/airflow/example_dags/example_external_task_marker_dag.py
[2024-02-29T08:56:03.375+0000] {logging_mixin.py:137} INFO - [2024-02-29T08:56:03.375+0000] {dag.py:2690} INFO - Sync 2 DAGs
[2024-02-29T08:56:03.385+0000] {logging_mixin.py:137} INFO - [2024-02-29T08:56:03.385+0000] {dag.py:3441} INFO - Setting next_dagrun for example_external_task_marker_child to None, run_after=None
[2024-02-29T08:56:03.386+0000] {logging_mixin.py:137} INFO - [2024-02-29T08:56:03.386+0000] {dag.py:3441} INFO - Setting next_dagrun for example_external_task_marker_parent to None, run_after=None
[2024-02-29T08:56:03.393+0000] {processor.py:175} INFO - Processing /home/airflow/.local/lib/python3.7/site-packages/airflow/example_dags/example_external_task_marker_dag.py took 0.038 seconds
[2024-02-29T08:56:33.806+0000] {processor.py:153} INFO - Started process (PID=1860) to work on /home/airflow/.local/lib/python3.7/site-packages/airflow/example_dags/example_external_task_marker_dag.py
[2024-02-29T08:56:33.807+0000] {processor.py:743} INFO - Processing file /home/airflow/.local/lib/python3.7/site-packages/airflow/example_dags/example_external_task_marker_dag.py for tasks to queue
[2024-02-29T08:56:33.807+0000] {logging_mixin.py:137} INFO - [2024-02-29T08:56:33.807+0000] {dagbag.py:538} INFO - Filling up the DagBag from /home/airflow/.local/lib/python3.7/site-packages/airflow/example_dags/example_external_task_marker_dag.py
[2024-02-29T08:56:33.814+0000] {processor.py:753} INFO - DAG(s) dict_keys(['example_external_task_marker_parent', 'example_external_task_marker_child']) retrieved from /home/airflow/.local/lib/python3.7/site-packages/airflow/example_dags/example_external_task_marker_dag.py
[2024-02-29T08:56:33.826+0000] {logging_mixin.py:137} INFO - [2024-02-29T08:56:33.826+0000] {dag.py:2690} INFO - Sync 2 DAGs
[2024-02-29T08:56:33.837+0000] {logging_mixin.py:137} INFO - [2024-02-29T08:56:33.837+0000] {dag.py:3441} INFO - Setting next_dagrun for example_external_task_marker_child to None, run_after=None
[2024-02-29T08:56:33.838+0000] {logging_mixin.py:137} INFO - [2024-02-29T08:56:33.838+0000] {dag.py:3441} INFO - Setting next_dagrun for example_external_task_marker_parent to None, run_after=None
[2024-02-29T08:56:33.845+0000] {processor.py:175} INFO - Processing /home/airflow/.local/lib/python3.7/site-packages/airflow/example_dags/example_external_task_marker_dag.py took 0.040 seconds
[2024-02-29T08:57:04.197+0000] {processor.py:153} INFO - Started process (PID=1954) to work on /home/airflow/.local/lib/python3.7/site-packages/airflow/example_dags/example_external_task_marker_dag.py
[2024-02-29T08:57:04.197+0000] {processor.py:743} INFO - Processing file /home/airflow/.local/lib/python3.7/site-packages/airflow/example_dags/example_external_task_marker_dag.py for tasks to queue
[2024-02-29T08:57:04.197+0000] {logging_mixin.py:137} INFO - [2024-02-29T08:57:04.197+0000] {dagbag.py:538} INFO - Filling up the DagBag from /home/airflow/.local/lib/python3.7/site-packages/airflow/example_dags/example_external_task_marker_dag.py
[2024-02-29T08:57:04.203+0000] {processor.py:753} INFO - DAG(s) dict_keys(['example_external_task_marker_parent', 'example_external_task_marker_child']) retrieved from /home/airflow/.local/lib/python3.7/site-packages/airflow/example_dags/example_external_task_marker_dag.py
[2024-02-29T08:57:04.215+0000] {logging_mixin.py:137} INFO - [2024-02-29T08:57:04.215+0000] {dag.py:2690} INFO - Sync 2 DAGs
[2024-02-29T08:57:04.225+0000] {logging_mixin.py:137} INFO - [2024-02-29T08:57:04.225+0000] {dag.py:3441} INFO - Setting next_dagrun for example_external_task_marker_child to None, run_after=None
[2024-02-29T08:57:04.227+0000] {logging_mixin.py:137} INFO - [2024-02-29T08:57:04.227+0000] {dag.py:3441} INFO - Setting next_dagrun for example_external_task_marker_parent to None, run_after=None
[2024-02-29T08:57:04.233+0000] {processor.py:175} INFO - Processing /home/airflow/.local/lib/python3.7/site-packages/airflow/example_dags/example_external_task_marker_dag.py took 0.038 seconds
[2024-02-29T08:57:34.699+0000] {processor.py:153} INFO - Started process (PID=2048) to work on /home/airflow/.local/lib/python3.7/site-packages/airflow/example_dags/example_external_task_marker_dag.py
[2024-02-29T08:57:34.699+0000] {processor.py:743} INFO - Processing file /home/airflow/.local/lib/python3.7/site-packages/airflow/example_dags/example_external_task_marker_dag.py for tasks to queue
[2024-02-29T08:57:34.700+0000] {logging_mixin.py:137} INFO - [2024-02-29T08:57:34.700+0000] {dagbag.py:538} INFO - Filling up the DagBag from /home/airflow/.local/lib/python3.7/site-packages/airflow/example_dags/example_external_task_marker_dag.py
[2024-02-29T08:57:34.706+0000] {processor.py:753} INFO - DAG(s) dict_keys(['example_external_task_marker_parent', 'example_external_task_marker_child']) retrieved from /home/airflow/.local/lib/python3.7/site-packages/airflow/example_dags/example_external_task_marker_dag.py
[2024-02-29T08:57:34.718+0000] {logging_mixin.py:137} INFO - [2024-02-29T08:57:34.718+0000] {dag.py:2690} INFO - Sync 2 DAGs
[2024-02-29T08:57:34.732+0000] {logging_mixin.py:137} INFO - [2024-02-29T08:57:34.732+0000] {dag.py:3441} INFO - Setting next_dagrun for example_external_task_marker_child to None, run_after=None
[2024-02-29T08:57:34.733+0000] {logging_mixin.py:137} INFO - [2024-02-29T08:57:34.733+0000] {dag.py:3441} INFO - Setting next_dagrun for example_external_task_marker_parent to None, run_after=None
[2024-02-29T08:57:34.740+0000] {processor.py:175} INFO - Processing /home/airflow/.local/lib/python3.7/site-packages/airflow/example_dags/example_external_task_marker_dag.py took 0.043 seconds
[2024-02-29T08:58:05.273+0000] {processor.py:153} INFO - Started process (PID=2124) to work on /home/airflow/.local/lib/python3.7/site-packages/airflow/example_dags/example_external_task_marker_dag.py
[2024-02-29T08:58:05.273+0000] {processor.py:743} INFO - Processing file /home/airflow/.local/lib/python3.7/site-packages/airflow/example_dags/example_external_task_marker_dag.py for tasks to queue
[2024-02-29T08:58:05.273+0000] {logging_mixin.py:137} INFO - [2024-02-29T08:58:05.273+0000] {dagbag.py:538} INFO - Filling up the DagBag from /home/airflow/.local/lib/python3.7/site-packages/airflow/example_dags/example_external_task_marker_dag.py
[2024-02-29T08:58:05.279+0000] {processor.py:753} INFO - DAG(s) dict_keys(['example_external_task_marker_parent', 'example_external_task_marker_child']) retrieved from /home/airflow/.local/lib/python3.7/site-packages/airflow/example_dags/example_external_task_marker_dag.py
[2024-02-29T08:58:05.291+0000] {logging_mixin.py:137} INFO - [2024-02-29T08:58:05.291+0000] {dag.py:2690} INFO - Sync 2 DAGs
[2024-02-29T08:58:05.301+0000] {logging_mixin.py:137} INFO - [2024-02-29T08:58:05.301+0000] {dag.py:3441} INFO - Setting next_dagrun for example_external_task_marker_child to None, run_after=None
[2024-02-29T08:58:05.303+0000] {logging_mixin.py:137} INFO - [2024-02-29T08:58:05.303+0000] {dag.py:3441} INFO - Setting next_dagrun for example_external_task_marker_parent to None, run_after=None
[2024-02-29T08:58:05.309+0000] {processor.py:175} INFO - Processing /home/airflow/.local/lib/python3.7/site-packages/airflow/example_dags/example_external_task_marker_dag.py took 0.038 seconds
[2024-02-29T08:58:35.729+0000] {processor.py:153} INFO - Started process (PID=2218) to work on /home/airflow/.local/lib/python3.7/site-packages/airflow/example_dags/example_external_task_marker_dag.py
[2024-02-29T08:58:35.729+0000] {processor.py:743} INFO - Processing file /home/airflow/.local/lib/python3.7/site-packages/airflow/example_dags/example_external_task_marker_dag.py for tasks to queue
[2024-02-29T08:58:35.729+0000] {logging_mixin.py:137} INFO - [2024-02-29T08:58:35.729+0000] {dagbag.py:538} INFO - Filling up the DagBag from /home/airflow/.local/lib/python3.7/site-packages/airflow/example_dags/example_external_task_marker_dag.py
[2024-02-29T08:58:35.735+0000] {processor.py:753} INFO - DAG(s) dict_keys(['example_external_task_marker_child', 'example_external_task_marker_parent']) retrieved from /home/airflow/.local/lib/python3.7/site-packages/airflow/example_dags/example_external_task_marker_dag.py
[2024-02-29T08:58:35.748+0000] {logging_mixin.py:137} INFO - [2024-02-29T08:58:35.748+0000] {dag.py:2690} INFO - Sync 2 DAGs
[2024-02-29T08:58:35.759+0000] {logging_mixin.py:137} INFO - [2024-02-29T08:58:35.758+0000] {dag.py:3441} INFO - Setting next_dagrun for example_external_task_marker_child to None, run_after=None
[2024-02-29T08:58:35.760+0000] {logging_mixin.py:137} INFO - [2024-02-29T08:58:35.760+0000] {dag.py:3441} INFO - Setting next_dagrun for example_external_task_marker_parent to None, run_after=None
[2024-02-29T08:58:35.767+0000] {processor.py:175} INFO - Processing /home/airflow/.local/lib/python3.7/site-packages/airflow/example_dags/example_external_task_marker_dag.py took 0.040 seconds
[2024-02-29T08:59:05.999+0000] {processor.py:153} INFO - Started process (PID=2311) to work on /home/airflow/.local/lib/python3.7/site-packages/airflow/example_dags/example_external_task_marker_dag.py
[2024-02-29T08:59:06.000+0000] {processor.py:743} INFO - Processing file /home/airflow/.local/lib/python3.7/site-packages/airflow/example_dags/example_external_task_marker_dag.py for tasks to queue
[2024-02-29T08:59:06.000+0000] {logging_mixin.py:137} INFO - [2024-02-29T08:59:06.000+0000] {dagbag.py:538} INFO - Filling up the DagBag from /home/airflow/.local/lib/python3.7/site-packages/airflow/example_dags/example_external_task_marker_dag.py
[2024-02-29T08:59:06.006+0000] {processor.py:753} INFO - DAG(s) dict_keys(['example_external_task_marker_parent', 'example_external_task_marker_child']) retrieved from /home/airflow/.local/lib/python3.7/site-packages/airflow/example_dags/example_external_task_marker_dag.py
[2024-02-29T08:59:06.018+0000] {logging_mixin.py:137} INFO - [2024-02-29T08:59:06.018+0000] {dag.py:2690} INFO - Sync 2 DAGs
[2024-02-29T08:59:06.029+0000] {logging_mixin.py:137} INFO - [2024-02-29T08:59:06.029+0000] {dag.py:3441} INFO - Setting next_dagrun for example_external_task_marker_child to None, run_after=None
[2024-02-29T08:59:06.031+0000] {logging_mixin.py:137} INFO - [2024-02-29T08:59:06.031+0000] {dag.py:3441} INFO - Setting next_dagrun for example_external_task_marker_parent to None, run_after=None
[2024-02-29T08:59:06.038+0000] {processor.py:175} INFO - Processing /home/airflow/.local/lib/python3.7/site-packages/airflow/example_dags/example_external_task_marker_dag.py took 0.040 seconds
[2024-02-29T08:59:36.792+0000] {processor.py:153} INFO - Started process (PID=2405) to work on /home/airflow/.local/lib/python3.7/site-packages/airflow/example_dags/example_external_task_marker_dag.py
[2024-02-29T08:59:36.792+0000] {processor.py:743} INFO - Processing file /home/airflow/.local/lib/python3.7/site-packages/airflow/example_dags/example_external_task_marker_dag.py for tasks to queue
[2024-02-29T08:59:36.792+0000] {logging_mixin.py:137} INFO - [2024-02-29T08:59:36.792+0000] {dagbag.py:538} INFO - Filling up the DagBag from /home/airflow/.local/lib/python3.7/site-packages/airflow/example_dags/example_external_task_marker_dag.py
[2024-02-29T08:59:36.799+0000] {processor.py:753} INFO - DAG(s) dict_keys(['example_external_task_marker_child', 'example_external_task_marker_parent']) retrieved from /home/airflow/.local/lib/python3.7/site-packages/airflow/example_dags/example_external_task_marker_dag.py
[2024-02-29T08:59:36.814+0000] {logging_mixin.py:137} INFO - [2024-02-29T08:59:36.813+0000] {dag.py:2690} INFO - Sync 2 DAGs
[2024-02-29T08:59:36.825+0000] {logging_mixin.py:137} INFO - [2024-02-29T08:59:36.825+0000] {dag.py:3441} INFO - Setting next_dagrun for example_external_task_marker_child to None, run_after=None
[2024-02-29T08:59:36.827+0000] {logging_mixin.py:137} INFO - [2024-02-29T08:59:36.827+0000] {dag.py:3441} INFO - Setting next_dagrun for example_external_task_marker_parent to None, run_after=None
[2024-02-29T08:59:36.835+0000] {processor.py:175} INFO - Processing /home/airflow/.local/lib/python3.7/site-packages/airflow/example_dags/example_external_task_marker_dag.py took 0.045 seconds
[2024-02-29T09:00:07.375+0000] {processor.py:153} INFO - Started process (PID=2481) to work on /home/airflow/.local/lib/python3.7/site-packages/airflow/example_dags/example_external_task_marker_dag.py
[2024-02-29T09:00:07.375+0000] {processor.py:743} INFO - Processing file /home/airflow/.local/lib/python3.7/site-packages/airflow/example_dags/example_external_task_marker_dag.py for tasks to queue
[2024-02-29T09:00:07.376+0000] {logging_mixin.py:137} INFO - [2024-02-29T09:00:07.375+0000] {dagbag.py:538} INFO - Filling up the DagBag from /home/airflow/.local/lib/python3.7/site-packages/airflow/example_dags/example_external_task_marker_dag.py
[2024-02-29T09:00:07.382+0000] {processor.py:753} INFO - DAG(s) dict_keys(['example_external_task_marker_child', 'example_external_task_marker_parent']) retrieved from /home/airflow/.local/lib/python3.7/site-packages/airflow/example_dags/example_external_task_marker_dag.py
[2024-02-29T09:00:07.396+0000] {logging_mixin.py:137} INFO - [2024-02-29T09:00:07.396+0000] {dag.py:2690} INFO - Sync 2 DAGs
[2024-02-29T09:00:07.407+0000] {logging_mixin.py:137} INFO - [2024-02-29T09:00:07.407+0000] {dag.py:3441} INFO - Setting next_dagrun for example_external_task_marker_child to None, run_after=None
[2024-02-29T09:00:07.408+0000] {logging_mixin.py:137} INFO - [2024-02-29T09:00:07.408+0000] {dag.py:3441} INFO - Setting next_dagrun for example_external_task_marker_parent to None, run_after=None
[2024-02-29T09:00:07.416+0000] {processor.py:175} INFO - Processing /home/airflow/.local/lib/python3.7/site-packages/airflow/example_dags/example_external_task_marker_dag.py took 0.043 seconds
[2024-02-29T09:00:37.870+0000] {processor.py:153} INFO - Started process (PID=2575) to work on /home/airflow/.local/lib/python3.7/site-packages/airflow/example_dags/example_external_task_marker_dag.py
[2024-02-29T09:00:37.871+0000] {processor.py:743} INFO - Processing file /home/airflow/.local/lib/python3.7/site-packages/airflow/example_dags/example_external_task_marker_dag.py for tasks to queue
[2024-02-29T09:00:37.871+0000] {logging_mixin.py:137} INFO - [2024-02-29T09:00:37.871+0000] {dagbag.py:538} INFO - Filling up the DagBag from /home/airflow/.local/lib/python3.7/site-packages/airflow/example_dags/example_external_task_marker_dag.py
[2024-02-29T09:00:37.878+0000] {processor.py:753} INFO - DAG(s) dict_keys(['example_external_task_marker_child', 'example_external_task_marker_parent']) retrieved from /home/airflow/.local/lib/python3.7/site-packages/airflow/example_dags/example_external_task_marker_dag.py
[2024-02-29T09:00:37.890+0000] {logging_mixin.py:137} INFO - [2024-02-29T09:00:37.890+0000] {dag.py:2690} INFO - Sync 2 DAGs
[2024-02-29T09:00:37.901+0000] {logging_mixin.py:137} INFO - [2024-02-29T09:00:37.901+0000] {dag.py:3441} INFO - Setting next_dagrun for example_external_task_marker_child to None, run_after=None
[2024-02-29T09:00:37.903+0000] {logging_mixin.py:137} INFO - [2024-02-29T09:00:37.903+0000] {dag.py:3441} INFO - Setting next_dagrun for example_external_task_marker_parent to None, run_after=None
[2024-02-29T09:00:37.910+0000] {processor.py:175} INFO - Processing /home/airflow/.local/lib/python3.7/site-packages/airflow/example_dags/example_external_task_marker_dag.py took 0.041 seconds
[2024-02-29T09:01:08.477+0000] {processor.py:153} INFO - Started process (PID=2669) to work on /home/airflow/.local/lib/python3.7/site-packages/airflow/example_dags/example_external_task_marker_dag.py
[2024-02-29T09:01:08.478+0000] {processor.py:743} INFO - Processing file /home/airflow/.local/lib/python3.7/site-packages/airflow/example_dags/example_external_task_marker_dag.py for tasks to queue
[2024-02-29T09:01:08.479+0000] {logging_mixin.py:137} INFO - [2024-02-29T09:01:08.478+0000] {dagbag.py:538} INFO - Filling up the DagBag from /home/airflow/.local/lib/python3.7/site-packages/airflow/example_dags/example_external_task_marker_dag.py
[2024-02-29T09:01:08.487+0000] {processor.py:753} INFO - DAG(s) dict_keys(['example_external_task_marker_child', 'example_external_task_marker_parent']) retrieved from /home/airflow/.local/lib/python3.7/site-packages/airflow/example_dags/example_external_task_marker_dag.py
[2024-02-29T09:01:08.502+0000] {logging_mixin.py:137} INFO - [2024-02-29T09:01:08.502+0000] {dag.py:2690} INFO - Sync 2 DAGs
[2024-02-29T09:01:08.516+0000] {logging_mixin.py:137} INFO - [2024-02-29T09:01:08.515+0000] {dag.py:3441} INFO - Setting next_dagrun for example_external_task_marker_child to None, run_after=None
[2024-02-29T09:01:08.518+0000] {logging_mixin.py:137} INFO - [2024-02-29T09:01:08.518+0000] {dag.py:3441} INFO - Setting next_dagrun for example_external_task_marker_parent to None, run_after=None
[2024-02-29T09:01:08.544+0000] {processor.py:175} INFO - Processing /home/airflow/.local/lib/python3.7/site-packages/airflow/example_dags/example_external_task_marker_dag.py took 0.068 seconds
[2024-02-29T09:01:38.999+0000] {processor.py:153} INFO - Started process (PID=2751) to work on /home/airflow/.local/lib/python3.7/site-packages/airflow/example_dags/example_external_task_marker_dag.py
[2024-02-29T09:01:38.999+0000] {processor.py:743} INFO - Processing file /home/airflow/.local/lib/python3.7/site-packages/airflow/example_dags/example_external_task_marker_dag.py for tasks to queue
[2024-02-29T09:01:39.000+0000] {logging_mixin.py:137} INFO - [2024-02-29T09:01:39.000+0000] {dagbag.py:538} INFO - Filling up the DagBag from /home/airflow/.local/lib/python3.7/site-packages/airflow/example_dags/example_external_task_marker_dag.py
[2024-02-29T09:01:39.007+0000] {processor.py:753} INFO - DAG(s) dict_keys(['example_external_task_marker_parent', 'example_external_task_marker_child']) retrieved from /home/airflow/.local/lib/python3.7/site-packages/airflow/example_dags/example_external_task_marker_dag.py
[2024-02-29T09:01:39.022+0000] {logging_mixin.py:137} INFO - [2024-02-29T09:01:39.022+0000] {dag.py:2690} INFO - Sync 2 DAGs
[2024-02-29T09:01:39.033+0000] {logging_mixin.py:137} INFO - [2024-02-29T09:01:39.033+0000] {dag.py:3441} INFO - Setting next_dagrun for example_external_task_marker_child to None, run_after=None
[2024-02-29T09:01:39.035+0000] {logging_mixin.py:137} INFO - [2024-02-29T09:01:39.035+0000] {dag.py:3441} INFO - Setting next_dagrun for example_external_task_marker_parent to None, run_after=None
[2024-02-29T09:01:39.042+0000] {processor.py:175} INFO - Processing /home/airflow/.local/lib/python3.7/site-packages/airflow/example_dags/example_external_task_marker_dag.py took 0.045 seconds
[2024-02-29T09:02:09.505+0000] {processor.py:153} INFO - Started process (PID=2838) to work on /home/airflow/.local/lib/python3.7/site-packages/airflow/example_dags/example_external_task_marker_dag.py
[2024-02-29T09:02:09.506+0000] {processor.py:743} INFO - Processing file /home/airflow/.local/lib/python3.7/site-packages/airflow/example_dags/example_external_task_marker_dag.py for tasks to queue
[2024-02-29T09:02:09.506+0000] {logging_mixin.py:137} INFO - [2024-02-29T09:02:09.506+0000] {dagbag.py:538} INFO - Filling up the DagBag from /home/airflow/.local/lib/python3.7/site-packages/airflow/example_dags/example_external_task_marker_dag.py
[2024-02-29T09:02:09.513+0000] {processor.py:753} INFO - DAG(s) dict_keys(['example_external_task_marker_parent', 'example_external_task_marker_child']) retrieved from /home/airflow/.local/lib/python3.7/site-packages/airflow/example_dags/example_external_task_marker_dag.py
[2024-02-29T09:02:09.525+0000] {logging_mixin.py:137} INFO - [2024-02-29T09:02:09.525+0000] {dag.py:2690} INFO - Sync 2 DAGs
[2024-02-29T09:02:09.536+0000] {logging_mixin.py:137} INFO - [2024-02-29T09:02:09.536+0000] {dag.py:3441} INFO - Setting next_dagrun for example_external_task_marker_child to None, run_after=None
[2024-02-29T09:02:09.538+0000] {logging_mixin.py:137} INFO - [2024-02-29T09:02:09.538+0000] {dag.py:3441} INFO - Setting next_dagrun for example_external_task_marker_parent to None, run_after=None
[2024-02-29T09:02:09.545+0000] {processor.py:175} INFO - Processing /home/airflow/.local/lib/python3.7/site-packages/airflow/example_dags/example_external_task_marker_dag.py took 0.041 seconds
[2024-02-29T09:02:40.032+0000] {processor.py:153} INFO - Started process (PID=2932) to work on /home/airflow/.local/lib/python3.7/site-packages/airflow/example_dags/example_external_task_marker_dag.py
[2024-02-29T09:02:40.032+0000] {processor.py:743} INFO - Processing file /home/airflow/.local/lib/python3.7/site-packages/airflow/example_dags/example_external_task_marker_dag.py for tasks to queue
[2024-02-29T09:02:40.032+0000] {logging_mixin.py:137} INFO - [2024-02-29T09:02:40.032+0000] {dagbag.py:538} INFO - Filling up the DagBag from /home/airflow/.local/lib/python3.7/site-packages/airflow/example_dags/example_external_task_marker_dag.py
[2024-02-29T09:02:40.039+0000] {processor.py:753} INFO - DAG(s) dict_keys(['example_external_task_marker_parent', 'example_external_task_marker_child']) retrieved from /home/airflow/.local/lib/python3.7/site-packages/airflow/example_dags/example_external_task_marker_dag.py
[2024-02-29T09:02:40.051+0000] {logging_mixin.py:137} INFO - [2024-02-29T09:02:40.051+0000] {dag.py:2690} INFO - Sync 2 DAGs
[2024-02-29T09:02:40.062+0000] {logging_mixin.py:137} INFO - [2024-02-29T09:02:40.062+0000] {dag.py:3441} INFO - Setting next_dagrun for example_external_task_marker_child to None, run_after=None
[2024-02-29T09:02:40.064+0000] {logging_mixin.py:137} INFO - [2024-02-29T09:02:40.064+0000] {dag.py:3441} INFO - Setting next_dagrun for example_external_task_marker_parent to None, run_after=None
[2024-02-29T09:02:40.070+0000] {processor.py:175} INFO - Processing /home/airflow/.local/lib/python3.7/site-packages/airflow/example_dags/example_external_task_marker_dag.py took 0.040 seconds
[2024-02-29T09:03:11.034+0000] {processor.py:153} INFO - Started process (PID=3025) to work on /home/airflow/.local/lib/python3.7/site-packages/airflow/example_dags/example_external_task_marker_dag.py
[2024-02-29T09:03:11.035+0000] {processor.py:743} INFO - Processing file /home/airflow/.local/lib/python3.7/site-packages/airflow/example_dags/example_external_task_marker_dag.py for tasks to queue
[2024-02-29T09:03:11.036+0000] {logging_mixin.py:137} INFO - [2024-02-29T09:03:11.036+0000] {dagbag.py:538} INFO - Filling up the DagBag from /home/airflow/.local/lib/python3.7/site-packages/airflow/example_dags/example_external_task_marker_dag.py
[2024-02-29T09:03:11.044+0000] {processor.py:753} INFO - DAG(s) dict_keys(['example_external_task_marker_parent', 'example_external_task_marker_child']) retrieved from /home/airflow/.local/lib/python3.7/site-packages/airflow/example_dags/example_external_task_marker_dag.py
[2024-02-29T09:03:11.064+0000] {logging_mixin.py:137} INFO - [2024-02-29T09:03:11.064+0000] {dag.py:2690} INFO - Sync 2 DAGs
[2024-02-29T09:03:11.078+0000] {logging_mixin.py:137} INFO - [2024-02-29T09:03:11.078+0000] {dag.py:3441} INFO - Setting next_dagrun for example_external_task_marker_child to None, run_after=None
[2024-02-29T09:03:11.082+0000] {logging_mixin.py:137} INFO - [2024-02-29T09:03:11.082+0000] {dag.py:3441} INFO - Setting next_dagrun for example_external_task_marker_parent to None, run_after=None
[2024-02-29T09:03:11.092+0000] {processor.py:175} INFO - Processing /home/airflow/.local/lib/python3.7/site-packages/airflow/example_dags/example_external_task_marker_dag.py took 0.060 seconds
