[2024-02-29T08:46:24.781+0000] {processor.py:153} INFO - Started process (PID=52) to work on /home/airflow/.local/lib/python3.7/site-packages/airflow/example_dags/example_branch_day_of_week_operator.py
[2024-02-29T08:46:24.781+0000] {processor.py:743} INFO - Processing file /home/airflow/.local/lib/python3.7/site-packages/airflow/example_dags/example_branch_day_of_week_operator.py for tasks to queue
[2024-02-29T08:46:24.782+0000] {logging_mixin.py:137} INFO - [2024-02-29T08:46:24.782+0000] {dagbag.py:538} INFO - Filling up the DagBag from /home/airflow/.local/lib/python3.7/site-packages/airflow/example_dags/example_branch_day_of_week_operator.py
[2024-02-29T08:46:24.792+0000] {processor.py:753} INFO - DAG(s) dict_keys(['example_weekday_branch_operator']) retrieved from /home/airflow/.local/lib/python3.7/site-packages/airflow/example_dags/example_branch_day_of_week_operator.py
[2024-02-29T08:46:24.819+0000] {logging_mixin.py:137} INFO - [2024-02-29T08:46:24.818+0000] {dag.py:2690} INFO - Sync 1 DAGs
[2024-02-29T08:46:24.836+0000] {logging_mixin.py:137} INFO - [2024-02-29T08:46:24.836+0000] {dag.py:3441} INFO - Setting next_dagrun for example_weekday_branch_operator to 2024-02-28T00:00:00+00:00, run_after=2024-02-29T00:00:00+00:00
[2024-02-29T08:46:24.849+0000] {processor.py:175} INFO - Processing /home/airflow/.local/lib/python3.7/site-packages/airflow/example_dags/example_branch_day_of_week_operator.py took 0.071 seconds
[2024-02-29T08:46:55.611+0000] {processor.py:153} INFO - Started process (PID=145) to work on /home/airflow/.local/lib/python3.7/site-packages/airflow/example_dags/example_branch_day_of_week_operator.py
[2024-02-29T08:46:55.611+0000] {processor.py:743} INFO - Processing file /home/airflow/.local/lib/python3.7/site-packages/airflow/example_dags/example_branch_day_of_week_operator.py for tasks to queue
[2024-02-29T08:46:55.611+0000] {logging_mixin.py:137} INFO - [2024-02-29T08:46:55.611+0000] {dagbag.py:538} INFO - Filling up the DagBag from /home/airflow/.local/lib/python3.7/site-packages/airflow/example_dags/example_branch_day_of_week_operator.py
[2024-02-29T08:46:55.618+0000] {processor.py:753} INFO - DAG(s) dict_keys(['example_weekday_branch_operator']) retrieved from /home/airflow/.local/lib/python3.7/site-packages/airflow/example_dags/example_branch_day_of_week_operator.py
[2024-02-29T08:46:55.629+0000] {logging_mixin.py:137} INFO - [2024-02-29T08:46:55.629+0000] {dag.py:2690} INFO - Sync 1 DAGs
[2024-02-29T08:46:55.641+0000] {logging_mixin.py:137} INFO - [2024-02-29T08:46:55.641+0000] {dag.py:3441} INFO - Setting next_dagrun for example_weekday_branch_operator to 2024-02-28T00:00:00+00:00, run_after=2024-02-29T00:00:00+00:00
[2024-02-29T08:46:55.648+0000] {processor.py:175} INFO - Processing /home/airflow/.local/lib/python3.7/site-packages/airflow/example_dags/example_branch_day_of_week_operator.py took 0.039 seconds
[2024-02-29T08:47:25.934+0000] {processor.py:153} INFO - Started process (PID=239) to work on /home/airflow/.local/lib/python3.7/site-packages/airflow/example_dags/example_branch_day_of_week_operator.py
[2024-02-29T08:47:25.934+0000] {processor.py:743} INFO - Processing file /home/airflow/.local/lib/python3.7/site-packages/airflow/example_dags/example_branch_day_of_week_operator.py for tasks to queue
[2024-02-29T08:47:25.935+0000] {logging_mixin.py:137} INFO - [2024-02-29T08:47:25.935+0000] {dagbag.py:538} INFO - Filling up the DagBag from /home/airflow/.local/lib/python3.7/site-packages/airflow/example_dags/example_branch_day_of_week_operator.py
[2024-02-29T08:47:25.942+0000] {processor.py:753} INFO - DAG(s) dict_keys(['example_weekday_branch_operator']) retrieved from /home/airflow/.local/lib/python3.7/site-packages/airflow/example_dags/example_branch_day_of_week_operator.py
[2024-02-29T08:47:25.952+0000] {logging_mixin.py:137} INFO - [2024-02-29T08:47:25.952+0000] {dag.py:2690} INFO - Sync 1 DAGs
[2024-02-29T08:47:25.964+0000] {logging_mixin.py:137} INFO - [2024-02-29T08:47:25.963+0000] {dag.py:3441} INFO - Setting next_dagrun for example_weekday_branch_operator to 2024-02-28T00:00:00+00:00, run_after=2024-02-29T00:00:00+00:00
[2024-02-29T08:47:25.971+0000] {processor.py:175} INFO - Processing /home/airflow/.local/lib/python3.7/site-packages/airflow/example_dags/example_branch_day_of_week_operator.py took 0.039 seconds
[2024-02-29T08:47:56.240+0000] {processor.py:153} INFO - Started process (PID=315) to work on /home/airflow/.local/lib/python3.7/site-packages/airflow/example_dags/example_branch_day_of_week_operator.py
[2024-02-29T08:47:56.241+0000] {processor.py:743} INFO - Processing file /home/airflow/.local/lib/python3.7/site-packages/airflow/example_dags/example_branch_day_of_week_operator.py for tasks to queue
[2024-02-29T08:47:56.241+0000] {logging_mixin.py:137} INFO - [2024-02-29T08:47:56.241+0000] {dagbag.py:538} INFO - Filling up the DagBag from /home/airflow/.local/lib/python3.7/site-packages/airflow/example_dags/example_branch_day_of_week_operator.py
[2024-02-29T08:47:56.248+0000] {processor.py:753} INFO - DAG(s) dict_keys(['example_weekday_branch_operator']) retrieved from /home/airflow/.local/lib/python3.7/site-packages/airflow/example_dags/example_branch_day_of_week_operator.py
[2024-02-29T08:47:56.260+0000] {logging_mixin.py:137} INFO - [2024-02-29T08:47:56.260+0000] {dag.py:2690} INFO - Sync 1 DAGs
[2024-02-29T08:47:56.271+0000] {logging_mixin.py:137} INFO - [2024-02-29T08:47:56.271+0000] {dag.py:3441} INFO - Setting next_dagrun for example_weekday_branch_operator to 2024-02-28T00:00:00+00:00, run_after=2024-02-29T00:00:00+00:00
[2024-02-29T08:47:56.280+0000] {processor.py:175} INFO - Processing /home/airflow/.local/lib/python3.7/site-packages/airflow/example_dags/example_branch_day_of_week_operator.py took 0.041 seconds
[2024-02-29T08:48:26.792+0000] {processor.py:153} INFO - Started process (PID=408) to work on /home/airflow/.local/lib/python3.7/site-packages/airflow/example_dags/example_branch_day_of_week_operator.py
[2024-02-29T08:48:26.793+0000] {processor.py:743} INFO - Processing file /home/airflow/.local/lib/python3.7/site-packages/airflow/example_dags/example_branch_day_of_week_operator.py for tasks to queue
[2024-02-29T08:48:26.793+0000] {logging_mixin.py:137} INFO - [2024-02-29T08:48:26.793+0000] {dagbag.py:538} INFO - Filling up the DagBag from /home/airflow/.local/lib/python3.7/site-packages/airflow/example_dags/example_branch_day_of_week_operator.py
[2024-02-29T08:48:26.800+0000] {processor.py:753} INFO - DAG(s) dict_keys(['example_weekday_branch_operator']) retrieved from /home/airflow/.local/lib/python3.7/site-packages/airflow/example_dags/example_branch_day_of_week_operator.py
[2024-02-29T08:48:26.811+0000] {logging_mixin.py:137} INFO - [2024-02-29T08:48:26.811+0000] {dag.py:2690} INFO - Sync 1 DAGs
[2024-02-29T08:48:26.823+0000] {logging_mixin.py:137} INFO - [2024-02-29T08:48:26.823+0000] {dag.py:3441} INFO - Setting next_dagrun for example_weekday_branch_operator to 2024-02-28T00:00:00+00:00, run_after=2024-02-29T00:00:00+00:00
[2024-02-29T08:48:26.830+0000] {processor.py:175} INFO - Processing /home/airflow/.local/lib/python3.7/site-packages/airflow/example_dags/example_branch_day_of_week_operator.py took 0.039 seconds
[2024-02-29T08:48:57.134+0000] {processor.py:153} INFO - Started process (PID=502) to work on /home/airflow/.local/lib/python3.7/site-packages/airflow/example_dags/example_branch_day_of_week_operator.py
[2024-02-29T08:48:57.134+0000] {processor.py:743} INFO - Processing file /home/airflow/.local/lib/python3.7/site-packages/airflow/example_dags/example_branch_day_of_week_operator.py for tasks to queue
[2024-02-29T08:48:57.135+0000] {logging_mixin.py:137} INFO - [2024-02-29T08:48:57.135+0000] {dagbag.py:538} INFO - Filling up the DagBag from /home/airflow/.local/lib/python3.7/site-packages/airflow/example_dags/example_branch_day_of_week_operator.py
[2024-02-29T08:48:57.141+0000] {processor.py:753} INFO - DAG(s) dict_keys(['example_weekday_branch_operator']) retrieved from /home/airflow/.local/lib/python3.7/site-packages/airflow/example_dags/example_branch_day_of_week_operator.py
[2024-02-29T08:48:57.153+0000] {logging_mixin.py:137} INFO - [2024-02-29T08:48:57.153+0000] {dag.py:2690} INFO - Sync 1 DAGs
[2024-02-29T08:48:57.165+0000] {logging_mixin.py:137} INFO - [2024-02-29T08:48:57.165+0000] {dag.py:3441} INFO - Setting next_dagrun for example_weekday_branch_operator to 2024-02-28T00:00:00+00:00, run_after=2024-02-29T00:00:00+00:00
[2024-02-29T08:48:57.174+0000] {processor.py:175} INFO - Processing /home/airflow/.local/lib/python3.7/site-packages/airflow/example_dags/example_branch_day_of_week_operator.py took 0.041 seconds
[2024-02-29T08:49:27.573+0000] {processor.py:153} INFO - Started process (PID=596) to work on /home/airflow/.local/lib/python3.7/site-packages/airflow/example_dags/example_branch_day_of_week_operator.py
[2024-02-29T08:49:27.573+0000] {processor.py:743} INFO - Processing file /home/airflow/.local/lib/python3.7/site-packages/airflow/example_dags/example_branch_day_of_week_operator.py for tasks to queue
[2024-02-29T08:49:27.574+0000] {logging_mixin.py:137} INFO - [2024-02-29T08:49:27.574+0000] {dagbag.py:538} INFO - Filling up the DagBag from /home/airflow/.local/lib/python3.7/site-packages/airflow/example_dags/example_branch_day_of_week_operator.py
[2024-02-29T08:49:27.581+0000] {processor.py:753} INFO - DAG(s) dict_keys(['example_weekday_branch_operator']) retrieved from /home/airflow/.local/lib/python3.7/site-packages/airflow/example_dags/example_branch_day_of_week_operator.py
[2024-02-29T08:49:27.592+0000] {logging_mixin.py:137} INFO - [2024-02-29T08:49:27.592+0000] {dag.py:2690} INFO - Sync 1 DAGs
[2024-02-29T08:49:27.603+0000] {logging_mixin.py:137} INFO - [2024-02-29T08:49:27.603+0000] {dag.py:3441} INFO - Setting next_dagrun for example_weekday_branch_operator to 2024-02-28T00:00:00+00:00, run_after=2024-02-29T00:00:00+00:00
[2024-02-29T08:49:27.611+0000] {processor.py:175} INFO - Processing /home/airflow/.local/lib/python3.7/site-packages/airflow/example_dags/example_branch_day_of_week_operator.py took 0.040 seconds
[2024-02-29T08:49:57.896+0000] {processor.py:153} INFO - Started process (PID=671) to work on /home/airflow/.local/lib/python3.7/site-packages/airflow/example_dags/example_branch_day_of_week_operator.py
[2024-02-29T08:49:57.897+0000] {processor.py:743} INFO - Processing file /home/airflow/.local/lib/python3.7/site-packages/airflow/example_dags/example_branch_day_of_week_operator.py for tasks to queue
[2024-02-29T08:49:57.897+0000] {logging_mixin.py:137} INFO - [2024-02-29T08:49:57.897+0000] {dagbag.py:538} INFO - Filling up the DagBag from /home/airflow/.local/lib/python3.7/site-packages/airflow/example_dags/example_branch_day_of_week_operator.py
[2024-02-29T08:49:57.904+0000] {processor.py:753} INFO - DAG(s) dict_keys(['example_weekday_branch_operator']) retrieved from /home/airflow/.local/lib/python3.7/site-packages/airflow/example_dags/example_branch_day_of_week_operator.py
[2024-02-29T08:49:57.915+0000] {logging_mixin.py:137} INFO - [2024-02-29T08:49:57.915+0000] {dag.py:2690} INFO - Sync 1 DAGs
[2024-02-29T08:49:57.927+0000] {logging_mixin.py:137} INFO - [2024-02-29T08:49:57.927+0000] {dag.py:3441} INFO - Setting next_dagrun for example_weekday_branch_operator to 2024-02-28T00:00:00+00:00, run_after=2024-02-29T00:00:00+00:00
[2024-02-29T08:49:57.934+0000] {processor.py:175} INFO - Processing /home/airflow/.local/lib/python3.7/site-packages/airflow/example_dags/example_branch_day_of_week_operator.py took 0.039 seconds
[2024-02-29T08:50:28.250+0000] {processor.py:153} INFO - Started process (PID=765) to work on /home/airflow/.local/lib/python3.7/site-packages/airflow/example_dags/example_branch_day_of_week_operator.py
[2024-02-29T08:50:28.250+0000] {processor.py:743} INFO - Processing file /home/airflow/.local/lib/python3.7/site-packages/airflow/example_dags/example_branch_day_of_week_operator.py for tasks to queue
[2024-02-29T08:50:28.250+0000] {logging_mixin.py:137} INFO - [2024-02-29T08:50:28.250+0000] {dagbag.py:538} INFO - Filling up the DagBag from /home/airflow/.local/lib/python3.7/site-packages/airflow/example_dags/example_branch_day_of_week_operator.py
[2024-02-29T08:50:28.257+0000] {processor.py:753} INFO - DAG(s) dict_keys(['example_weekday_branch_operator']) retrieved from /home/airflow/.local/lib/python3.7/site-packages/airflow/example_dags/example_branch_day_of_week_operator.py
[2024-02-29T08:50:28.269+0000] {logging_mixin.py:137} INFO - [2024-02-29T08:50:28.269+0000] {dag.py:2690} INFO - Sync 1 DAGs
[2024-02-29T08:50:28.281+0000] {logging_mixin.py:137} INFO - [2024-02-29T08:50:28.281+0000] {dag.py:3441} INFO - Setting next_dagrun for example_weekday_branch_operator to 2024-02-28T00:00:00+00:00, run_after=2024-02-29T00:00:00+00:00
[2024-02-29T08:50:28.291+0000] {processor.py:175} INFO - Processing /home/airflow/.local/lib/python3.7/site-packages/airflow/example_dags/example_branch_day_of_week_operator.py took 0.043 seconds
[2024-02-29T08:50:58.831+0000] {processor.py:153} INFO - Started process (PID=859) to work on /home/airflow/.local/lib/python3.7/site-packages/airflow/example_dags/example_branch_day_of_week_operator.py
[2024-02-29T08:50:58.832+0000] {processor.py:743} INFO - Processing file /home/airflow/.local/lib/python3.7/site-packages/airflow/example_dags/example_branch_day_of_week_operator.py for tasks to queue
[2024-02-29T08:50:58.832+0000] {logging_mixin.py:137} INFO - [2024-02-29T08:50:58.832+0000] {dagbag.py:538} INFO - Filling up the DagBag from /home/airflow/.local/lib/python3.7/site-packages/airflow/example_dags/example_branch_day_of_week_operator.py
[2024-02-29T08:50:58.839+0000] {processor.py:753} INFO - DAG(s) dict_keys(['example_weekday_branch_operator']) retrieved from /home/airflow/.local/lib/python3.7/site-packages/airflow/example_dags/example_branch_day_of_week_operator.py
[2024-02-29T08:50:58.850+0000] {logging_mixin.py:137} INFO - [2024-02-29T08:50:58.850+0000] {dag.py:2690} INFO - Sync 1 DAGs
[2024-02-29T08:50:58.862+0000] {logging_mixin.py:137} INFO - [2024-02-29T08:50:58.861+0000] {dag.py:3441} INFO - Setting next_dagrun for example_weekday_branch_operator to 2024-02-28T00:00:00+00:00, run_after=2024-02-29T00:00:00+00:00
[2024-02-29T08:50:58.869+0000] {processor.py:175} INFO - Processing /home/airflow/.local/lib/python3.7/site-packages/airflow/example_dags/example_branch_day_of_week_operator.py took 0.039 seconds
[2024-02-29T08:51:29.193+0000] {processor.py:153} INFO - Started process (PID=952) to work on /home/airflow/.local/lib/python3.7/site-packages/airflow/example_dags/example_branch_day_of_week_operator.py
[2024-02-29T08:51:29.194+0000] {processor.py:743} INFO - Processing file /home/airflow/.local/lib/python3.7/site-packages/airflow/example_dags/example_branch_day_of_week_operator.py for tasks to queue
[2024-02-29T08:51:29.194+0000] {logging_mixin.py:137} INFO - [2024-02-29T08:51:29.194+0000] {dagbag.py:538} INFO - Filling up the DagBag from /home/airflow/.local/lib/python3.7/site-packages/airflow/example_dags/example_branch_day_of_week_operator.py
[2024-02-29T08:51:29.201+0000] {processor.py:753} INFO - DAG(s) dict_keys(['example_weekday_branch_operator']) retrieved from /home/airflow/.local/lib/python3.7/site-packages/airflow/example_dags/example_branch_day_of_week_operator.py
[2024-02-29T08:51:29.212+0000] {logging_mixin.py:137} INFO - [2024-02-29T08:51:29.212+0000] {dag.py:2690} INFO - Sync 1 DAGs
[2024-02-29T08:51:29.223+0000] {logging_mixin.py:137} INFO - [2024-02-29T08:51:29.223+0000] {dag.py:3441} INFO - Setting next_dagrun for example_weekday_branch_operator to 2024-02-28T00:00:00+00:00, run_after=2024-02-29T00:00:00+00:00
[2024-02-29T08:51:29.231+0000] {processor.py:175} INFO - Processing /home/airflow/.local/lib/python3.7/site-packages/airflow/example_dags/example_branch_day_of_week_operator.py took 0.040 seconds
[2024-02-29T08:51:59.570+0000] {processor.py:153} INFO - Started process (PID=1028) to work on /home/airflow/.local/lib/python3.7/site-packages/airflow/example_dags/example_branch_day_of_week_operator.py
[2024-02-29T08:51:59.570+0000] {processor.py:743} INFO - Processing file /home/airflow/.local/lib/python3.7/site-packages/airflow/example_dags/example_branch_day_of_week_operator.py for tasks to queue
[2024-02-29T08:51:59.570+0000] {logging_mixin.py:137} INFO - [2024-02-29T08:51:59.570+0000] {dagbag.py:538} INFO - Filling up the DagBag from /home/airflow/.local/lib/python3.7/site-packages/airflow/example_dags/example_branch_day_of_week_operator.py
[2024-02-29T08:51:59.577+0000] {processor.py:753} INFO - DAG(s) dict_keys(['example_weekday_branch_operator']) retrieved from /home/airflow/.local/lib/python3.7/site-packages/airflow/example_dags/example_branch_day_of_week_operator.py
[2024-02-29T08:51:59.588+0000] {logging_mixin.py:137} INFO - [2024-02-29T08:51:59.588+0000] {dag.py:2690} INFO - Sync 1 DAGs
[2024-02-29T08:51:59.599+0000] {logging_mixin.py:137} INFO - [2024-02-29T08:51:59.599+0000] {dag.py:3441} INFO - Setting next_dagrun for example_weekday_branch_operator to 2024-02-28T00:00:00+00:00, run_after=2024-02-29T00:00:00+00:00
[2024-02-29T08:51:59.607+0000] {processor.py:175} INFO - Processing /home/airflow/.local/lib/python3.7/site-packages/airflow/example_dags/example_branch_day_of_week_operator.py took 0.039 seconds
[2024-02-29T08:52:29.906+0000] {processor.py:153} INFO - Started process (PID=1121) to work on /home/airflow/.local/lib/python3.7/site-packages/airflow/example_dags/example_branch_day_of_week_operator.py
[2024-02-29T08:52:29.906+0000] {processor.py:743} INFO - Processing file /home/airflow/.local/lib/python3.7/site-packages/airflow/example_dags/example_branch_day_of_week_operator.py for tasks to queue
[2024-02-29T08:52:29.906+0000] {logging_mixin.py:137} INFO - [2024-02-29T08:52:29.906+0000] {dagbag.py:538} INFO - Filling up the DagBag from /home/airflow/.local/lib/python3.7/site-packages/airflow/example_dags/example_branch_day_of_week_operator.py
[2024-02-29T08:52:29.913+0000] {processor.py:753} INFO - DAG(s) dict_keys(['example_weekday_branch_operator']) retrieved from /home/airflow/.local/lib/python3.7/site-packages/airflow/example_dags/example_branch_day_of_week_operator.py
[2024-02-29T08:52:29.924+0000] {logging_mixin.py:137} INFO - [2024-02-29T08:52:29.924+0000] {dag.py:2690} INFO - Sync 1 DAGs
[2024-02-29T08:52:29.935+0000] {logging_mixin.py:137} INFO - [2024-02-29T08:52:29.935+0000] {dag.py:3441} INFO - Setting next_dagrun for example_weekday_branch_operator to 2024-02-28T00:00:00+00:00, run_after=2024-02-29T00:00:00+00:00
[2024-02-29T08:52:29.942+0000] {processor.py:175} INFO - Processing /home/airflow/.local/lib/python3.7/site-packages/airflow/example_dags/example_branch_day_of_week_operator.py took 0.038 seconds
[2024-02-29T08:53:00.246+0000] {processor.py:153} INFO - Started process (PID=1214) to work on /home/airflow/.local/lib/python3.7/site-packages/airflow/example_dags/example_branch_day_of_week_operator.py
[2024-02-29T08:53:00.246+0000] {processor.py:743} INFO - Processing file /home/airflow/.local/lib/python3.7/site-packages/airflow/example_dags/example_branch_day_of_week_operator.py for tasks to queue
[2024-02-29T08:53:00.246+0000] {logging_mixin.py:137} INFO - [2024-02-29T08:53:00.246+0000] {dagbag.py:538} INFO - Filling up the DagBag from /home/airflow/.local/lib/python3.7/site-packages/airflow/example_dags/example_branch_day_of_week_operator.py
[2024-02-29T08:53:00.253+0000] {processor.py:753} INFO - DAG(s) dict_keys(['example_weekday_branch_operator']) retrieved from /home/airflow/.local/lib/python3.7/site-packages/airflow/example_dags/example_branch_day_of_week_operator.py
[2024-02-29T08:53:00.264+0000] {logging_mixin.py:137} INFO - [2024-02-29T08:53:00.264+0000] {dag.py:2690} INFO - Sync 1 DAGs
[2024-02-29T08:53:00.275+0000] {logging_mixin.py:137} INFO - [2024-02-29T08:53:00.275+0000] {dag.py:3441} INFO - Setting next_dagrun for example_weekday_branch_operator to 2024-02-28T00:00:00+00:00, run_after=2024-02-29T00:00:00+00:00
[2024-02-29T08:53:00.284+0000] {processor.py:175} INFO - Processing /home/airflow/.local/lib/python3.7/site-packages/airflow/example_dags/example_branch_day_of_week_operator.py took 0.040 seconds
[2024-02-29T08:53:30.637+0000] {processor.py:153} INFO - Started process (PID=1308) to work on /home/airflow/.local/lib/python3.7/site-packages/airflow/example_dags/example_branch_day_of_week_operator.py
[2024-02-29T08:53:30.637+0000] {processor.py:743} INFO - Processing file /home/airflow/.local/lib/python3.7/site-packages/airflow/example_dags/example_branch_day_of_week_operator.py for tasks to queue
[2024-02-29T08:53:30.637+0000] {logging_mixin.py:137} INFO - [2024-02-29T08:53:30.637+0000] {dagbag.py:538} INFO - Filling up the DagBag from /home/airflow/.local/lib/python3.7/site-packages/airflow/example_dags/example_branch_day_of_week_operator.py
[2024-02-29T08:53:30.644+0000] {processor.py:753} INFO - DAG(s) dict_keys(['example_weekday_branch_operator']) retrieved from /home/airflow/.local/lib/python3.7/site-packages/airflow/example_dags/example_branch_day_of_week_operator.py
[2024-02-29T08:53:30.656+0000] {logging_mixin.py:137} INFO - [2024-02-29T08:53:30.656+0000] {dag.py:2690} INFO - Sync 1 DAGs
[2024-02-29T08:53:30.667+0000] {logging_mixin.py:137} INFO - [2024-02-29T08:53:30.667+0000] {dag.py:3441} INFO - Setting next_dagrun for example_weekday_branch_operator to 2024-02-28T00:00:00+00:00, run_after=2024-02-29T00:00:00+00:00
[2024-02-29T08:53:30.675+0000] {processor.py:175} INFO - Processing /home/airflow/.local/lib/python3.7/site-packages/airflow/example_dags/example_branch_day_of_week_operator.py took 0.040 seconds
[2024-02-29T08:54:01.044+0000] {processor.py:153} INFO - Started process (PID=1384) to work on /home/airflow/.local/lib/python3.7/site-packages/airflow/example_dags/example_branch_day_of_week_operator.py
[2024-02-29T08:54:01.044+0000] {processor.py:743} INFO - Processing file /home/airflow/.local/lib/python3.7/site-packages/airflow/example_dags/example_branch_day_of_week_operator.py for tasks to queue
[2024-02-29T08:54:01.045+0000] {logging_mixin.py:137} INFO - [2024-02-29T08:54:01.045+0000] {dagbag.py:538} INFO - Filling up the DagBag from /home/airflow/.local/lib/python3.7/site-packages/airflow/example_dags/example_branch_day_of_week_operator.py
[2024-02-29T08:54:01.051+0000] {processor.py:753} INFO - DAG(s) dict_keys(['example_weekday_branch_operator']) retrieved from /home/airflow/.local/lib/python3.7/site-packages/airflow/example_dags/example_branch_day_of_week_operator.py
[2024-02-29T08:54:01.062+0000] {logging_mixin.py:137} INFO - [2024-02-29T08:54:01.062+0000] {dag.py:2690} INFO - Sync 1 DAGs
[2024-02-29T08:54:01.074+0000] {logging_mixin.py:137} INFO - [2024-02-29T08:54:01.074+0000] {dag.py:3441} INFO - Setting next_dagrun for example_weekday_branch_operator to 2024-02-28T00:00:00+00:00, run_after=2024-02-29T00:00:00+00:00
[2024-02-29T08:54:01.082+0000] {processor.py:175} INFO - Processing /home/airflow/.local/lib/python3.7/site-packages/airflow/example_dags/example_branch_day_of_week_operator.py took 0.040 seconds
[2024-02-29T08:54:31.455+0000] {processor.py:153} INFO - Started process (PID=1478) to work on /home/airflow/.local/lib/python3.7/site-packages/airflow/example_dags/example_branch_day_of_week_operator.py
[2024-02-29T08:54:31.456+0000] {processor.py:743} INFO - Processing file /home/airflow/.local/lib/python3.7/site-packages/airflow/example_dags/example_branch_day_of_week_operator.py for tasks to queue
[2024-02-29T08:54:31.456+0000] {logging_mixin.py:137} INFO - [2024-02-29T08:54:31.456+0000] {dagbag.py:538} INFO - Filling up the DagBag from /home/airflow/.local/lib/python3.7/site-packages/airflow/example_dags/example_branch_day_of_week_operator.py
[2024-02-29T08:54:31.463+0000] {processor.py:753} INFO - DAG(s) dict_keys(['example_weekday_branch_operator']) retrieved from /home/airflow/.local/lib/python3.7/site-packages/airflow/example_dags/example_branch_day_of_week_operator.py
[2024-02-29T08:54:31.475+0000] {logging_mixin.py:137} INFO - [2024-02-29T08:54:31.475+0000] {dag.py:2690} INFO - Sync 1 DAGs
[2024-02-29T08:54:31.486+0000] {logging_mixin.py:137} INFO - [2024-02-29T08:54:31.486+0000] {dag.py:3441} INFO - Setting next_dagrun for example_weekday_branch_operator to 2024-02-28T00:00:00+00:00, run_after=2024-02-29T00:00:00+00:00
[2024-02-29T08:54:31.493+0000] {processor.py:175} INFO - Processing /home/airflow/.local/lib/python3.7/site-packages/airflow/example_dags/example_branch_day_of_week_operator.py took 0.040 seconds
[2024-02-29T08:55:01.900+0000] {processor.py:153} INFO - Started process (PID=1572) to work on /home/airflow/.local/lib/python3.7/site-packages/airflow/example_dags/example_branch_day_of_week_operator.py
[2024-02-29T08:55:01.900+0000] {processor.py:743} INFO - Processing file /home/airflow/.local/lib/python3.7/site-packages/airflow/example_dags/example_branch_day_of_week_operator.py for tasks to queue
[2024-02-29T08:55:01.901+0000] {logging_mixin.py:137} INFO - [2024-02-29T08:55:01.901+0000] {dagbag.py:538} INFO - Filling up the DagBag from /home/airflow/.local/lib/python3.7/site-packages/airflow/example_dags/example_branch_day_of_week_operator.py
[2024-02-29T08:55:01.907+0000] {processor.py:753} INFO - DAG(s) dict_keys(['example_weekday_branch_operator']) retrieved from /home/airflow/.local/lib/python3.7/site-packages/airflow/example_dags/example_branch_day_of_week_operator.py
[2024-02-29T08:55:01.919+0000] {logging_mixin.py:137} INFO - [2024-02-29T08:55:01.918+0000] {dag.py:2690} INFO - Sync 1 DAGs
[2024-02-29T08:55:01.930+0000] {logging_mixin.py:137} INFO - [2024-02-29T08:55:01.930+0000] {dag.py:3441} INFO - Setting next_dagrun for example_weekday_branch_operator to 2024-02-28T00:00:00+00:00, run_after=2024-02-29T00:00:00+00:00
[2024-02-29T08:55:01.938+0000] {processor.py:175} INFO - Processing /home/airflow/.local/lib/python3.7/site-packages/airflow/example_dags/example_branch_day_of_week_operator.py took 0.040 seconds
[2024-02-29T08:55:32.351+0000] {processor.py:153} INFO - Started process (PID=1665) to work on /home/airflow/.local/lib/python3.7/site-packages/airflow/example_dags/example_branch_day_of_week_operator.py
[2024-02-29T08:55:32.352+0000] {processor.py:743} INFO - Processing file /home/airflow/.local/lib/python3.7/site-packages/airflow/example_dags/example_branch_day_of_week_operator.py for tasks to queue
[2024-02-29T08:55:32.352+0000] {logging_mixin.py:137} INFO - [2024-02-29T08:55:32.352+0000] {dagbag.py:538} INFO - Filling up the DagBag from /home/airflow/.local/lib/python3.7/site-packages/airflow/example_dags/example_branch_day_of_week_operator.py
[2024-02-29T08:55:32.359+0000] {processor.py:753} INFO - DAG(s) dict_keys(['example_weekday_branch_operator']) retrieved from /home/airflow/.local/lib/python3.7/site-packages/airflow/example_dags/example_branch_day_of_week_operator.py
[2024-02-29T08:55:32.371+0000] {logging_mixin.py:137} INFO - [2024-02-29T08:55:32.371+0000] {dag.py:2690} INFO - Sync 1 DAGs
[2024-02-29T08:55:32.383+0000] {logging_mixin.py:137} INFO - [2024-02-29T08:55:32.383+0000] {dag.py:3441} INFO - Setting next_dagrun for example_weekday_branch_operator to 2024-02-28T00:00:00+00:00, run_after=2024-02-29T00:00:00+00:00
[2024-02-29T08:55:32.390+0000] {processor.py:175} INFO - Processing /home/airflow/.local/lib/python3.7/site-packages/airflow/example_dags/example_branch_day_of_week_operator.py took 0.041 seconds
[2024-02-29T08:56:02.657+0000] {processor.py:153} INFO - Started process (PID=1741) to work on /home/airflow/.local/lib/python3.7/site-packages/airflow/example_dags/example_branch_day_of_week_operator.py
[2024-02-29T08:56:02.657+0000] {processor.py:743} INFO - Processing file /home/airflow/.local/lib/python3.7/site-packages/airflow/example_dags/example_branch_day_of_week_operator.py for tasks to queue
[2024-02-29T08:56:02.657+0000] {logging_mixin.py:137} INFO - [2024-02-29T08:56:02.657+0000] {dagbag.py:538} INFO - Filling up the DagBag from /home/airflow/.local/lib/python3.7/site-packages/airflow/example_dags/example_branch_day_of_week_operator.py
[2024-02-29T08:56:02.664+0000] {processor.py:753} INFO - DAG(s) dict_keys(['example_weekday_branch_operator']) retrieved from /home/airflow/.local/lib/python3.7/site-packages/airflow/example_dags/example_branch_day_of_week_operator.py
[2024-02-29T08:56:02.675+0000] {logging_mixin.py:137} INFO - [2024-02-29T08:56:02.675+0000] {dag.py:2690} INFO - Sync 1 DAGs
[2024-02-29T08:56:02.687+0000] {logging_mixin.py:137} INFO - [2024-02-29T08:56:02.687+0000] {dag.py:3441} INFO - Setting next_dagrun for example_weekday_branch_operator to 2024-02-28T00:00:00+00:00, run_after=2024-02-29T00:00:00+00:00
[2024-02-29T08:56:02.695+0000] {processor.py:175} INFO - Processing /home/airflow/.local/lib/python3.7/site-packages/airflow/example_dags/example_branch_day_of_week_operator.py took 0.040 seconds
[2024-02-29T08:56:33.102+0000] {processor.py:153} INFO - Started process (PID=1835) to work on /home/airflow/.local/lib/python3.7/site-packages/airflow/example_dags/example_branch_day_of_week_operator.py
[2024-02-29T08:56:33.102+0000] {processor.py:743} INFO - Processing file /home/airflow/.local/lib/python3.7/site-packages/airflow/example_dags/example_branch_day_of_week_operator.py for tasks to queue
[2024-02-29T08:56:33.102+0000] {logging_mixin.py:137} INFO - [2024-02-29T08:56:33.102+0000] {dagbag.py:538} INFO - Filling up the DagBag from /home/airflow/.local/lib/python3.7/site-packages/airflow/example_dags/example_branch_day_of_week_operator.py
[2024-02-29T08:56:33.109+0000] {processor.py:753} INFO - DAG(s) dict_keys(['example_weekday_branch_operator']) retrieved from /home/airflow/.local/lib/python3.7/site-packages/airflow/example_dags/example_branch_day_of_week_operator.py
[2024-02-29T08:56:33.120+0000] {logging_mixin.py:137} INFO - [2024-02-29T08:56:33.120+0000] {dag.py:2690} INFO - Sync 1 DAGs
[2024-02-29T08:56:33.132+0000] {logging_mixin.py:137} INFO - [2024-02-29T08:56:33.132+0000] {dag.py:3441} INFO - Setting next_dagrun for example_weekday_branch_operator to 2024-02-28T00:00:00+00:00, run_after=2024-02-29T00:00:00+00:00
[2024-02-29T08:56:33.139+0000] {processor.py:175} INFO - Processing /home/airflow/.local/lib/python3.7/site-packages/airflow/example_dags/example_branch_day_of_week_operator.py took 0.039 seconds
[2024-02-29T08:57:03.531+0000] {processor.py:153} INFO - Started process (PID=1929) to work on /home/airflow/.local/lib/python3.7/site-packages/airflow/example_dags/example_branch_day_of_week_operator.py
[2024-02-29T08:57:03.531+0000] {processor.py:743} INFO - Processing file /home/airflow/.local/lib/python3.7/site-packages/airflow/example_dags/example_branch_day_of_week_operator.py for tasks to queue
[2024-02-29T08:57:03.532+0000] {logging_mixin.py:137} INFO - [2024-02-29T08:57:03.532+0000] {dagbag.py:538} INFO - Filling up the DagBag from /home/airflow/.local/lib/python3.7/site-packages/airflow/example_dags/example_branch_day_of_week_operator.py
[2024-02-29T08:57:03.538+0000] {processor.py:753} INFO - DAG(s) dict_keys(['example_weekday_branch_operator']) retrieved from /home/airflow/.local/lib/python3.7/site-packages/airflow/example_dags/example_branch_day_of_week_operator.py
[2024-02-29T08:57:03.550+0000] {logging_mixin.py:137} INFO - [2024-02-29T08:57:03.550+0000] {dag.py:2690} INFO - Sync 1 DAGs
[2024-02-29T08:57:03.562+0000] {logging_mixin.py:137} INFO - [2024-02-29T08:57:03.561+0000] {dag.py:3441} INFO - Setting next_dagrun for example_weekday_branch_operator to 2024-02-28T00:00:00+00:00, run_after=2024-02-29T00:00:00+00:00
[2024-02-29T08:57:03.569+0000] {processor.py:175} INFO - Processing /home/airflow/.local/lib/python3.7/site-packages/airflow/example_dags/example_branch_day_of_week_operator.py took 0.040 seconds
[2024-02-29T08:57:33.939+0000] {processor.py:153} INFO - Started process (PID=2023) to work on /home/airflow/.local/lib/python3.7/site-packages/airflow/example_dags/example_branch_day_of_week_operator.py
[2024-02-29T08:57:33.940+0000] {processor.py:743} INFO - Processing file /home/airflow/.local/lib/python3.7/site-packages/airflow/example_dags/example_branch_day_of_week_operator.py for tasks to queue
[2024-02-29T08:57:33.940+0000] {logging_mixin.py:137} INFO - [2024-02-29T08:57:33.940+0000] {dagbag.py:538} INFO - Filling up the DagBag from /home/airflow/.local/lib/python3.7/site-packages/airflow/example_dags/example_branch_day_of_week_operator.py
[2024-02-29T08:57:33.949+0000] {processor.py:753} INFO - DAG(s) dict_keys(['example_weekday_branch_operator']) retrieved from /home/airflow/.local/lib/python3.7/site-packages/airflow/example_dags/example_branch_day_of_week_operator.py
[2024-02-29T08:57:33.961+0000] {logging_mixin.py:137} INFO - [2024-02-29T08:57:33.961+0000] {dag.py:2690} INFO - Sync 1 DAGs
[2024-02-29T08:57:33.974+0000] {logging_mixin.py:137} INFO - [2024-02-29T08:57:33.974+0000] {dag.py:3441} INFO - Setting next_dagrun for example_weekday_branch_operator to 2024-02-28T00:00:00+00:00, run_after=2024-02-29T00:00:00+00:00
[2024-02-29T08:57:33.983+0000] {processor.py:175} INFO - Processing /home/airflow/.local/lib/python3.7/site-packages/airflow/example_dags/example_branch_day_of_week_operator.py took 0.047 seconds
[2024-02-29T08:58:04.518+0000] {processor.py:153} INFO - Started process (PID=2099) to work on /home/airflow/.local/lib/python3.7/site-packages/airflow/example_dags/example_branch_day_of_week_operator.py
[2024-02-29T08:58:04.519+0000] {processor.py:743} INFO - Processing file /home/airflow/.local/lib/python3.7/site-packages/airflow/example_dags/example_branch_day_of_week_operator.py for tasks to queue
[2024-02-29T08:58:04.519+0000] {logging_mixin.py:137} INFO - [2024-02-29T08:58:04.519+0000] {dagbag.py:538} INFO - Filling up the DagBag from /home/airflow/.local/lib/python3.7/site-packages/airflow/example_dags/example_branch_day_of_week_operator.py
[2024-02-29T08:58:04.527+0000] {processor.py:753} INFO - DAG(s) dict_keys(['example_weekday_branch_operator']) retrieved from /home/airflow/.local/lib/python3.7/site-packages/airflow/example_dags/example_branch_day_of_week_operator.py
[2024-02-29T08:58:04.539+0000] {logging_mixin.py:137} INFO - [2024-02-29T08:58:04.539+0000] {dag.py:2690} INFO - Sync 1 DAGs
[2024-02-29T08:58:04.552+0000] {logging_mixin.py:137} INFO - [2024-02-29T08:58:04.552+0000] {dag.py:3441} INFO - Setting next_dagrun for example_weekday_branch_operator to 2024-02-28T00:00:00+00:00, run_after=2024-02-29T00:00:00+00:00
[2024-02-29T08:58:04.560+0000] {processor.py:175} INFO - Processing /home/airflow/.local/lib/python3.7/site-packages/airflow/example_dags/example_branch_day_of_week_operator.py took 0.044 seconds
[2024-02-29T08:58:35.033+0000] {processor.py:153} INFO - Started process (PID=2193) to work on /home/airflow/.local/lib/python3.7/site-packages/airflow/example_dags/example_branch_day_of_week_operator.py
[2024-02-29T08:58:35.035+0000] {processor.py:743} INFO - Processing file /home/airflow/.local/lib/python3.7/site-packages/airflow/example_dags/example_branch_day_of_week_operator.py for tasks to queue
[2024-02-29T08:58:35.036+0000] {logging_mixin.py:137} INFO - [2024-02-29T08:58:35.036+0000] {dagbag.py:538} INFO - Filling up the DagBag from /home/airflow/.local/lib/python3.7/site-packages/airflow/example_dags/example_branch_day_of_week_operator.py
[2024-02-29T08:58:35.043+0000] {processor.py:753} INFO - DAG(s) dict_keys(['example_weekday_branch_operator']) retrieved from /home/airflow/.local/lib/python3.7/site-packages/airflow/example_dags/example_branch_day_of_week_operator.py
[2024-02-29T08:58:35.055+0000] {logging_mixin.py:137} INFO - [2024-02-29T08:58:35.055+0000] {dag.py:2690} INFO - Sync 1 DAGs
[2024-02-29T08:58:35.067+0000] {logging_mixin.py:137} INFO - [2024-02-29T08:58:35.067+0000] {dag.py:3441} INFO - Setting next_dagrun for example_weekday_branch_operator to 2024-02-28T00:00:00+00:00, run_after=2024-02-29T00:00:00+00:00
[2024-02-29T08:58:35.076+0000] {processor.py:175} INFO - Processing /home/airflow/.local/lib/python3.7/site-packages/airflow/example_dags/example_branch_day_of_week_operator.py took 0.045 seconds
[2024-02-29T08:59:05.370+0000] {processor.py:153} INFO - Started process (PID=2286) to work on /home/airflow/.local/lib/python3.7/site-packages/airflow/example_dags/example_branch_day_of_week_operator.py
[2024-02-29T08:59:05.370+0000] {processor.py:743} INFO - Processing file /home/airflow/.local/lib/python3.7/site-packages/airflow/example_dags/example_branch_day_of_week_operator.py for tasks to queue
[2024-02-29T08:59:05.370+0000] {logging_mixin.py:137} INFO - [2024-02-29T08:59:05.370+0000] {dagbag.py:538} INFO - Filling up the DagBag from /home/airflow/.local/lib/python3.7/site-packages/airflow/example_dags/example_branch_day_of_week_operator.py
[2024-02-29T08:59:05.377+0000] {processor.py:753} INFO - DAG(s) dict_keys(['example_weekday_branch_operator']) retrieved from /home/airflow/.local/lib/python3.7/site-packages/airflow/example_dags/example_branch_day_of_week_operator.py
[2024-02-29T08:59:05.389+0000] {logging_mixin.py:137} INFO - [2024-02-29T08:59:05.389+0000] {dag.py:2690} INFO - Sync 1 DAGs
[2024-02-29T08:59:05.400+0000] {logging_mixin.py:137} INFO - [2024-02-29T08:59:05.400+0000] {dag.py:3441} INFO - Setting next_dagrun for example_weekday_branch_operator to 2024-02-28T00:00:00+00:00, run_after=2024-02-29T00:00:00+00:00
[2024-02-29T08:59:05.408+0000] {processor.py:175} INFO - Processing /home/airflow/.local/lib/python3.7/site-packages/airflow/example_dags/example_branch_day_of_week_operator.py took 0.041 seconds
[2024-02-29T08:59:35.930+0000] {processor.py:153} INFO - Started process (PID=2380) to work on /home/airflow/.local/lib/python3.7/site-packages/airflow/example_dags/example_branch_day_of_week_operator.py
[2024-02-29T08:59:35.931+0000] {processor.py:743} INFO - Processing file /home/airflow/.local/lib/python3.7/site-packages/airflow/example_dags/example_branch_day_of_week_operator.py for tasks to queue
[2024-02-29T08:59:35.932+0000] {logging_mixin.py:137} INFO - [2024-02-29T08:59:35.932+0000] {dagbag.py:538} INFO - Filling up the DagBag from /home/airflow/.local/lib/python3.7/site-packages/airflow/example_dags/example_branch_day_of_week_operator.py
[2024-02-29T08:59:35.942+0000] {processor.py:753} INFO - DAG(s) dict_keys(['example_weekday_branch_operator']) retrieved from /home/airflow/.local/lib/python3.7/site-packages/airflow/example_dags/example_branch_day_of_week_operator.py
[2024-02-29T08:59:35.958+0000] {logging_mixin.py:137} INFO - [2024-02-29T08:59:35.958+0000] {dag.py:2690} INFO - Sync 1 DAGs
[2024-02-29T08:59:35.971+0000] {logging_mixin.py:137} INFO - [2024-02-29T08:59:35.971+0000] {dag.py:3441} INFO - Setting next_dagrun for example_weekday_branch_operator to 2024-02-28T00:00:00+00:00, run_after=2024-02-29T00:00:00+00:00
[2024-02-29T08:59:35.980+0000] {processor.py:175} INFO - Processing /home/airflow/.local/lib/python3.7/site-packages/airflow/example_dags/example_branch_day_of_week_operator.py took 0.053 seconds
[2024-02-29T09:00:06.598+0000] {processor.py:153} INFO - Started process (PID=2456) to work on /home/airflow/.local/lib/python3.7/site-packages/airflow/example_dags/example_branch_day_of_week_operator.py
[2024-02-29T09:00:06.599+0000] {processor.py:743} INFO - Processing file /home/airflow/.local/lib/python3.7/site-packages/airflow/example_dags/example_branch_day_of_week_operator.py for tasks to queue
[2024-02-29T09:00:06.599+0000] {logging_mixin.py:137} INFO - [2024-02-29T09:00:06.599+0000] {dagbag.py:538} INFO - Filling up the DagBag from /home/airflow/.local/lib/python3.7/site-packages/airflow/example_dags/example_branch_day_of_week_operator.py
[2024-02-29T09:00:06.606+0000] {processor.py:753} INFO - DAG(s) dict_keys(['example_weekday_branch_operator']) retrieved from /home/airflow/.local/lib/python3.7/site-packages/airflow/example_dags/example_branch_day_of_week_operator.py
[2024-02-29T09:00:06.619+0000] {logging_mixin.py:137} INFO - [2024-02-29T09:00:06.618+0000] {dag.py:2690} INFO - Sync 1 DAGs
[2024-02-29T09:00:06.630+0000] {logging_mixin.py:137} INFO - [2024-02-29T09:00:06.630+0000] {dag.py:3441} INFO - Setting next_dagrun for example_weekday_branch_operator to 2024-02-28T00:00:00+00:00, run_after=2024-02-29T00:00:00+00:00
[2024-02-29T09:00:06.638+0000] {processor.py:175} INFO - Processing /home/airflow/.local/lib/python3.7/site-packages/airflow/example_dags/example_branch_day_of_week_operator.py took 0.042 seconds
[2024-02-29T09:00:37.145+0000] {processor.py:153} INFO - Started process (PID=2550) to work on /home/airflow/.local/lib/python3.7/site-packages/airflow/example_dags/example_branch_day_of_week_operator.py
[2024-02-29T09:00:37.146+0000] {processor.py:743} INFO - Processing file /home/airflow/.local/lib/python3.7/site-packages/airflow/example_dags/example_branch_day_of_week_operator.py for tasks to queue
[2024-02-29T09:00:37.147+0000] {logging_mixin.py:137} INFO - [2024-02-29T09:00:37.146+0000] {dagbag.py:538} INFO - Filling up the DagBag from /home/airflow/.local/lib/python3.7/site-packages/airflow/example_dags/example_branch_day_of_week_operator.py
[2024-02-29T09:00:37.154+0000] {processor.py:753} INFO - DAG(s) dict_keys(['example_weekday_branch_operator']) retrieved from /home/airflow/.local/lib/python3.7/site-packages/airflow/example_dags/example_branch_day_of_week_operator.py
[2024-02-29T09:00:37.166+0000] {logging_mixin.py:137} INFO - [2024-02-29T09:00:37.166+0000] {dag.py:2690} INFO - Sync 1 DAGs
[2024-02-29T09:00:37.178+0000] {logging_mixin.py:137} INFO - [2024-02-29T09:00:37.178+0000] {dag.py:3441} INFO - Setting next_dagrun for example_weekday_branch_operator to 2024-02-28T00:00:00+00:00, run_after=2024-02-29T00:00:00+00:00
[2024-02-29T09:00:37.187+0000] {processor.py:175} INFO - Processing /home/airflow/.local/lib/python3.7/site-packages/airflow/example_dags/example_branch_day_of_week_operator.py took 0.043 seconds
[2024-02-29T09:01:07.582+0000] {processor.py:153} INFO - Started process (PID=2644) to work on /home/airflow/.local/lib/python3.7/site-packages/airflow/example_dags/example_branch_day_of_week_operator.py
[2024-02-29T09:01:07.585+0000] {processor.py:743} INFO - Processing file /home/airflow/.local/lib/python3.7/site-packages/airflow/example_dags/example_branch_day_of_week_operator.py for tasks to queue
[2024-02-29T09:01:07.586+0000] {logging_mixin.py:137} INFO - [2024-02-29T09:01:07.586+0000] {dagbag.py:538} INFO - Filling up the DagBag from /home/airflow/.local/lib/python3.7/site-packages/airflow/example_dags/example_branch_day_of_week_operator.py
[2024-02-29T09:01:07.593+0000] {processor.py:753} INFO - DAG(s) dict_keys(['example_weekday_branch_operator']) retrieved from /home/airflow/.local/lib/python3.7/site-packages/airflow/example_dags/example_branch_day_of_week_operator.py
[2024-02-29T09:01:07.604+0000] {logging_mixin.py:137} INFO - [2024-02-29T09:01:07.604+0000] {dag.py:2690} INFO - Sync 1 DAGs
[2024-02-29T09:01:07.617+0000] {logging_mixin.py:137} INFO - [2024-02-29T09:01:07.617+0000] {dag.py:3441} INFO - Setting next_dagrun for example_weekday_branch_operator to 2024-02-28T00:00:00+00:00, run_after=2024-02-29T00:00:00+00:00
[2024-02-29T09:01:07.624+0000] {processor.py:175} INFO - Processing /home/airflow/.local/lib/python3.7/site-packages/airflow/example_dags/example_branch_day_of_week_operator.py took 0.045 seconds
[2024-02-29T09:01:38.236+0000] {processor.py:153} INFO - Started process (PID=2720) to work on /home/airflow/.local/lib/python3.7/site-packages/airflow/example_dags/example_branch_day_of_week_operator.py
[2024-02-29T09:01:38.237+0000] {processor.py:743} INFO - Processing file /home/airflow/.local/lib/python3.7/site-packages/airflow/example_dags/example_branch_day_of_week_operator.py for tasks to queue
[2024-02-29T09:01:38.237+0000] {logging_mixin.py:137} INFO - [2024-02-29T09:01:38.237+0000] {dagbag.py:538} INFO - Filling up the DagBag from /home/airflow/.local/lib/python3.7/site-packages/airflow/example_dags/example_branch_day_of_week_operator.py
[2024-02-29T09:01:38.244+0000] {processor.py:753} INFO - DAG(s) dict_keys(['example_weekday_branch_operator']) retrieved from /home/airflow/.local/lib/python3.7/site-packages/airflow/example_dags/example_branch_day_of_week_operator.py
[2024-02-29T09:01:38.257+0000] {logging_mixin.py:137} INFO - [2024-02-29T09:01:38.257+0000] {dag.py:2690} INFO - Sync 1 DAGs
[2024-02-29T09:01:38.269+0000] {logging_mixin.py:137} INFO - [2024-02-29T09:01:38.269+0000] {dag.py:3441} INFO - Setting next_dagrun for example_weekday_branch_operator to 2024-02-28T00:00:00+00:00, run_after=2024-02-29T00:00:00+00:00
[2024-02-29T09:01:38.277+0000] {processor.py:175} INFO - Processing /home/airflow/.local/lib/python3.7/site-packages/airflow/example_dags/example_branch_day_of_week_operator.py took 0.042 seconds
[2024-02-29T09:02:08.743+0000] {processor.py:153} INFO - Started process (PID=2813) to work on /home/airflow/.local/lib/python3.7/site-packages/airflow/example_dags/example_branch_day_of_week_operator.py
[2024-02-29T09:02:08.744+0000] {processor.py:743} INFO - Processing file /home/airflow/.local/lib/python3.7/site-packages/airflow/example_dags/example_branch_day_of_week_operator.py for tasks to queue
[2024-02-29T09:02:08.744+0000] {logging_mixin.py:137} INFO - [2024-02-29T09:02:08.744+0000] {dagbag.py:538} INFO - Filling up the DagBag from /home/airflow/.local/lib/python3.7/site-packages/airflow/example_dags/example_branch_day_of_week_operator.py
[2024-02-29T09:02:08.751+0000] {processor.py:753} INFO - DAG(s) dict_keys(['example_weekday_branch_operator']) retrieved from /home/airflow/.local/lib/python3.7/site-packages/airflow/example_dags/example_branch_day_of_week_operator.py
[2024-02-29T09:02:08.763+0000] {logging_mixin.py:137} INFO - [2024-02-29T09:02:08.762+0000] {dag.py:2690} INFO - Sync 1 DAGs
[2024-02-29T09:02:08.774+0000] {logging_mixin.py:137} INFO - [2024-02-29T09:02:08.774+0000] {dag.py:3441} INFO - Setting next_dagrun for example_weekday_branch_operator to 2024-02-28T00:00:00+00:00, run_after=2024-02-29T00:00:00+00:00
[2024-02-29T09:02:08.782+0000] {processor.py:175} INFO - Processing /home/airflow/.local/lib/python3.7/site-packages/airflow/example_dags/example_branch_day_of_week_operator.py took 0.040 seconds
[2024-02-29T09:02:39.264+0000] {processor.py:153} INFO - Started process (PID=2907) to work on /home/airflow/.local/lib/python3.7/site-packages/airflow/example_dags/example_branch_day_of_week_operator.py
[2024-02-29T09:02:39.264+0000] {processor.py:743} INFO - Processing file /home/airflow/.local/lib/python3.7/site-packages/airflow/example_dags/example_branch_day_of_week_operator.py for tasks to queue
[2024-02-29T09:02:39.265+0000] {logging_mixin.py:137} INFO - [2024-02-29T09:02:39.265+0000] {dagbag.py:538} INFO - Filling up the DagBag from /home/airflow/.local/lib/python3.7/site-packages/airflow/example_dags/example_branch_day_of_week_operator.py
[2024-02-29T09:02:39.272+0000] {processor.py:753} INFO - DAG(s) dict_keys(['example_weekday_branch_operator']) retrieved from /home/airflow/.local/lib/python3.7/site-packages/airflow/example_dags/example_branch_day_of_week_operator.py
[2024-02-29T09:02:39.284+0000] {logging_mixin.py:137} INFO - [2024-02-29T09:02:39.284+0000] {dag.py:2690} INFO - Sync 1 DAGs
[2024-02-29T09:02:39.295+0000] {logging_mixin.py:137} INFO - [2024-02-29T09:02:39.295+0000] {dag.py:3441} INFO - Setting next_dagrun for example_weekday_branch_operator to 2024-02-28T00:00:00+00:00, run_after=2024-02-29T00:00:00+00:00
[2024-02-29T09:02:39.303+0000] {processor.py:175} INFO - Processing /home/airflow/.local/lib/python3.7/site-packages/airflow/example_dags/example_branch_day_of_week_operator.py took 0.041 seconds
[2024-02-29T09:03:09.786+0000] {processor.py:153} INFO - Started process (PID=3000) to work on /home/airflow/.local/lib/python3.7/site-packages/airflow/example_dags/example_branch_day_of_week_operator.py
[2024-02-29T09:03:09.786+0000] {processor.py:743} INFO - Processing file /home/airflow/.local/lib/python3.7/site-packages/airflow/example_dags/example_branch_day_of_week_operator.py for tasks to queue
[2024-02-29T09:03:09.787+0000] {logging_mixin.py:137} INFO - [2024-02-29T09:03:09.787+0000] {dagbag.py:538} INFO - Filling up the DagBag from /home/airflow/.local/lib/python3.7/site-packages/airflow/example_dags/example_branch_day_of_week_operator.py
[2024-02-29T09:03:09.794+0000] {processor.py:753} INFO - DAG(s) dict_keys(['example_weekday_branch_operator']) retrieved from /home/airflow/.local/lib/python3.7/site-packages/airflow/example_dags/example_branch_day_of_week_operator.py
[2024-02-29T09:03:09.809+0000] {logging_mixin.py:137} INFO - [2024-02-29T09:03:09.808+0000] {dag.py:2690} INFO - Sync 1 DAGs
[2024-02-29T09:03:09.821+0000] {logging_mixin.py:137} INFO - [2024-02-29T09:03:09.821+0000] {dag.py:3441} INFO - Setting next_dagrun for example_weekday_branch_operator to 2024-02-28T00:00:00+00:00, run_after=2024-02-29T00:00:00+00:00
[2024-02-29T09:03:09.829+0000] {processor.py:175} INFO - Processing /home/airflow/.local/lib/python3.7/site-packages/airflow/example_dags/example_branch_day_of_week_operator.py took 0.045 seconds
