[2024-02-29T08:46:24.998+0000] {processor.py:153} INFO - Started process (PID=58) to work on /home/airflow/.local/lib/python3.7/site-packages/airflow/example_dags/example_sla_dag.py
[2024-02-29T08:46:24.999+0000] {processor.py:743} INFO - Processing file /home/airflow/.local/lib/python3.7/site-packages/airflow/example_dags/example_sla_dag.py for tasks to queue
[2024-02-29T08:46:24.999+0000] {logging_mixin.py:137} INFO - [2024-02-29T08:46:24.999+0000] {dagbag.py:538} INFO - Filling up the DagBag from /home/airflow/.local/lib/python3.7/site-packages/airflow/example_dags/example_sla_dag.py
[2024-02-29T08:46:25.016+0000] {processor.py:753} INFO - DAG(s) dict_keys(['example_sla_dag']) retrieved from /home/airflow/.local/lib/python3.7/site-packages/airflow/example_dags/example_sla_dag.py
[2024-02-29T08:46:25.032+0000] {logging_mixin.py:137} INFO - [2024-02-29T08:46:25.032+0000] {dag.py:2690} INFO - Sync 1 DAGs
[2024-02-29T08:46:25.052+0000] {logging_mixin.py:137} INFO - [2024-02-29T08:46:25.052+0000] {dag.py:3441} INFO - Setting next_dagrun for example_sla_dag to 2024-02-29T08:44:00+00:00, run_after=2024-02-29T08:46:00+00:00
[2024-02-29T08:46:25.063+0000] {processor.py:175} INFO - Processing /home/airflow/.local/lib/python3.7/site-packages/airflow/example_dags/example_sla_dag.py took 0.067 seconds
[2024-02-29T08:46:55.760+0000] {processor.py:153} INFO - Started process (PID=151) to work on /home/airflow/.local/lib/python3.7/site-packages/airflow/example_dags/example_sla_dag.py
[2024-02-29T08:46:55.760+0000] {processor.py:743} INFO - Processing file /home/airflow/.local/lib/python3.7/site-packages/airflow/example_dags/example_sla_dag.py for tasks to queue
[2024-02-29T08:46:55.761+0000] {logging_mixin.py:137} INFO - [2024-02-29T08:46:55.761+0000] {dagbag.py:538} INFO - Filling up the DagBag from /home/airflow/.local/lib/python3.7/site-packages/airflow/example_dags/example_sla_dag.py
[2024-02-29T08:46:55.772+0000] {processor.py:753} INFO - DAG(s) dict_keys(['example_sla_dag']) retrieved from /home/airflow/.local/lib/python3.7/site-packages/airflow/example_dags/example_sla_dag.py
[2024-02-29T08:46:55.785+0000] {logging_mixin.py:137} INFO - [2024-02-29T08:46:55.784+0000] {dag.py:2690} INFO - Sync 1 DAGs
[2024-02-29T08:46:55.798+0000] {logging_mixin.py:137} INFO - [2024-02-29T08:46:55.798+0000] {dag.py:3441} INFO - Setting next_dagrun for example_sla_dag to 2024-02-29T08:44:00+00:00, run_after=2024-02-29T08:46:00+00:00
[2024-02-29T08:46:55.806+0000] {processor.py:175} INFO - Processing /home/airflow/.local/lib/python3.7/site-packages/airflow/example_dags/example_sla_dag.py took 0.048 seconds
[2024-02-29T08:47:26.077+0000] {processor.py:153} INFO - Started process (PID=245) to work on /home/airflow/.local/lib/python3.7/site-packages/airflow/example_dags/example_sla_dag.py
[2024-02-29T08:47:26.077+0000] {processor.py:743} INFO - Processing file /home/airflow/.local/lib/python3.7/site-packages/airflow/example_dags/example_sla_dag.py for tasks to queue
[2024-02-29T08:47:26.078+0000] {logging_mixin.py:137} INFO - [2024-02-29T08:47:26.077+0000] {dagbag.py:538} INFO - Filling up the DagBag from /home/airflow/.local/lib/python3.7/site-packages/airflow/example_dags/example_sla_dag.py
[2024-02-29T08:47:26.088+0000] {processor.py:753} INFO - DAG(s) dict_keys(['example_sla_dag']) retrieved from /home/airflow/.local/lib/python3.7/site-packages/airflow/example_dags/example_sla_dag.py
[2024-02-29T08:47:26.099+0000] {logging_mixin.py:137} INFO - [2024-02-29T08:47:26.099+0000] {dag.py:2690} INFO - Sync 1 DAGs
[2024-02-29T08:47:26.111+0000] {logging_mixin.py:137} INFO - [2024-02-29T08:47:26.111+0000] {dag.py:3441} INFO - Setting next_dagrun for example_sla_dag to 2024-02-29T08:44:00+00:00, run_after=2024-02-29T08:46:00+00:00
[2024-02-29T08:47:26.118+0000] {processor.py:175} INFO - Processing /home/airflow/.local/lib/python3.7/site-packages/airflow/example_dags/example_sla_dag.py took 0.043 seconds
[2024-02-29T08:47:56.393+0000] {processor.py:153} INFO - Started process (PID=321) to work on /home/airflow/.local/lib/python3.7/site-packages/airflow/example_dags/example_sla_dag.py
[2024-02-29T08:47:56.393+0000] {processor.py:743} INFO - Processing file /home/airflow/.local/lib/python3.7/site-packages/airflow/example_dags/example_sla_dag.py for tasks to queue
[2024-02-29T08:47:56.393+0000] {logging_mixin.py:137} INFO - [2024-02-29T08:47:56.393+0000] {dagbag.py:538} INFO - Filling up the DagBag from /home/airflow/.local/lib/python3.7/site-packages/airflow/example_dags/example_sla_dag.py
[2024-02-29T08:47:56.404+0000] {processor.py:753} INFO - DAG(s) dict_keys(['example_sla_dag']) retrieved from /home/airflow/.local/lib/python3.7/site-packages/airflow/example_dags/example_sla_dag.py
[2024-02-29T08:47:56.415+0000] {logging_mixin.py:137} INFO - [2024-02-29T08:47:56.415+0000] {dag.py:2690} INFO - Sync 1 DAGs
[2024-02-29T08:47:56.428+0000] {logging_mixin.py:137} INFO - [2024-02-29T08:47:56.428+0000] {dag.py:3441} INFO - Setting next_dagrun for example_sla_dag to 2024-02-29T08:44:00+00:00, run_after=2024-02-29T08:46:00+00:00
[2024-02-29T08:47:56.436+0000] {processor.py:175} INFO - Processing /home/airflow/.local/lib/python3.7/site-packages/airflow/example_dags/example_sla_dag.py took 0.045 seconds
[2024-02-29T08:48:26.935+0000] {processor.py:153} INFO - Started process (PID=414) to work on /home/airflow/.local/lib/python3.7/site-packages/airflow/example_dags/example_sla_dag.py
[2024-02-29T08:48:26.936+0000] {processor.py:743} INFO - Processing file /home/airflow/.local/lib/python3.7/site-packages/airflow/example_dags/example_sla_dag.py for tasks to queue
[2024-02-29T08:48:26.936+0000] {logging_mixin.py:137} INFO - [2024-02-29T08:48:26.936+0000] {dagbag.py:538} INFO - Filling up the DagBag from /home/airflow/.local/lib/python3.7/site-packages/airflow/example_dags/example_sla_dag.py
[2024-02-29T08:48:26.946+0000] {processor.py:753} INFO - DAG(s) dict_keys(['example_sla_dag']) retrieved from /home/airflow/.local/lib/python3.7/site-packages/airflow/example_dags/example_sla_dag.py
[2024-02-29T08:48:26.957+0000] {logging_mixin.py:137} INFO - [2024-02-29T08:48:26.957+0000] {dag.py:2690} INFO - Sync 1 DAGs
[2024-02-29T08:48:26.969+0000] {logging_mixin.py:137} INFO - [2024-02-29T08:48:26.969+0000] {dag.py:3441} INFO - Setting next_dagrun for example_sla_dag to 2024-02-29T08:46:00+00:00, run_after=2024-02-29T08:48:00+00:00
[2024-02-29T08:48:26.976+0000] {processor.py:175} INFO - Processing /home/airflow/.local/lib/python3.7/site-packages/airflow/example_dags/example_sla_dag.py took 0.042 seconds
[2024-02-29T08:48:57.284+0000] {processor.py:153} INFO - Started process (PID=508) to work on /home/airflow/.local/lib/python3.7/site-packages/airflow/example_dags/example_sla_dag.py
[2024-02-29T08:48:57.284+0000] {processor.py:743} INFO - Processing file /home/airflow/.local/lib/python3.7/site-packages/airflow/example_dags/example_sla_dag.py for tasks to queue
[2024-02-29T08:48:57.285+0000] {logging_mixin.py:137} INFO - [2024-02-29T08:48:57.285+0000] {dagbag.py:538} INFO - Filling up the DagBag from /home/airflow/.local/lib/python3.7/site-packages/airflow/example_dags/example_sla_dag.py
[2024-02-29T08:48:57.295+0000] {processor.py:753} INFO - DAG(s) dict_keys(['example_sla_dag']) retrieved from /home/airflow/.local/lib/python3.7/site-packages/airflow/example_dags/example_sla_dag.py
[2024-02-29T08:48:57.306+0000] {logging_mixin.py:137} INFO - [2024-02-29T08:48:57.306+0000] {dag.py:2690} INFO - Sync 1 DAGs
[2024-02-29T08:48:57.319+0000] {logging_mixin.py:137} INFO - [2024-02-29T08:48:57.319+0000] {dag.py:3441} INFO - Setting next_dagrun for example_sla_dag to 2024-02-29T08:46:00+00:00, run_after=2024-02-29T08:48:00+00:00
[2024-02-29T08:48:57.326+0000] {processor.py:175} INFO - Processing /home/airflow/.local/lib/python3.7/site-packages/airflow/example_dags/example_sla_dag.py took 0.044 seconds
[2024-02-29T08:49:27.720+0000] {processor.py:153} INFO - Started process (PID=602) to work on /home/airflow/.local/lib/python3.7/site-packages/airflow/example_dags/example_sla_dag.py
[2024-02-29T08:49:27.720+0000] {processor.py:743} INFO - Processing file /home/airflow/.local/lib/python3.7/site-packages/airflow/example_dags/example_sla_dag.py for tasks to queue
[2024-02-29T08:49:27.721+0000] {logging_mixin.py:137} INFO - [2024-02-29T08:49:27.720+0000] {dagbag.py:538} INFO - Filling up the DagBag from /home/airflow/.local/lib/python3.7/site-packages/airflow/example_dags/example_sla_dag.py
[2024-02-29T08:49:27.731+0000] {processor.py:753} INFO - DAG(s) dict_keys(['example_sla_dag']) retrieved from /home/airflow/.local/lib/python3.7/site-packages/airflow/example_dags/example_sla_dag.py
[2024-02-29T08:49:27.742+0000] {logging_mixin.py:137} INFO - [2024-02-29T08:49:27.742+0000] {dag.py:2690} INFO - Sync 1 DAGs
[2024-02-29T08:49:27.754+0000] {logging_mixin.py:137} INFO - [2024-02-29T08:49:27.754+0000] {dag.py:3441} INFO - Setting next_dagrun for example_sla_dag to 2024-02-29T08:46:00+00:00, run_after=2024-02-29T08:48:00+00:00
[2024-02-29T08:49:27.762+0000] {processor.py:175} INFO - Processing /home/airflow/.local/lib/python3.7/site-packages/airflow/example_dags/example_sla_dag.py took 0.044 seconds
[2024-02-29T08:49:58.044+0000] {processor.py:153} INFO - Started process (PID=677) to work on /home/airflow/.local/lib/python3.7/site-packages/airflow/example_dags/example_sla_dag.py
[2024-02-29T08:49:58.044+0000] {processor.py:743} INFO - Processing file /home/airflow/.local/lib/python3.7/site-packages/airflow/example_dags/example_sla_dag.py for tasks to queue
[2024-02-29T08:49:58.044+0000] {logging_mixin.py:137} INFO - [2024-02-29T08:49:58.044+0000] {dagbag.py:538} INFO - Filling up the DagBag from /home/airflow/.local/lib/python3.7/site-packages/airflow/example_dags/example_sla_dag.py
[2024-02-29T08:49:58.054+0000] {processor.py:753} INFO - DAG(s) dict_keys(['example_sla_dag']) retrieved from /home/airflow/.local/lib/python3.7/site-packages/airflow/example_dags/example_sla_dag.py
[2024-02-29T08:49:58.065+0000] {logging_mixin.py:137} INFO - [2024-02-29T08:49:58.065+0000] {dag.py:2690} INFO - Sync 1 DAGs
[2024-02-29T08:49:58.078+0000] {logging_mixin.py:137} INFO - [2024-02-29T08:49:58.078+0000] {dag.py:3441} INFO - Setting next_dagrun for example_sla_dag to 2024-02-29T08:46:00+00:00, run_after=2024-02-29T08:48:00+00:00
[2024-02-29T08:49:58.086+0000] {processor.py:175} INFO - Processing /home/airflow/.local/lib/python3.7/site-packages/airflow/example_dags/example_sla_dag.py took 0.043 seconds
[2024-02-29T08:50:28.441+0000] {processor.py:153} INFO - Started process (PID=771) to work on /home/airflow/.local/lib/python3.7/site-packages/airflow/example_dags/example_sla_dag.py
[2024-02-29T08:50:28.441+0000] {processor.py:743} INFO - Processing file /home/airflow/.local/lib/python3.7/site-packages/airflow/example_dags/example_sla_dag.py for tasks to queue
[2024-02-29T08:50:28.442+0000] {logging_mixin.py:137} INFO - [2024-02-29T08:50:28.442+0000] {dagbag.py:538} INFO - Filling up the DagBag from /home/airflow/.local/lib/python3.7/site-packages/airflow/example_dags/example_sla_dag.py
[2024-02-29T08:50:28.454+0000] {processor.py:753} INFO - DAG(s) dict_keys(['example_sla_dag']) retrieved from /home/airflow/.local/lib/python3.7/site-packages/airflow/example_dags/example_sla_dag.py
[2024-02-29T08:50:28.467+0000] {logging_mixin.py:137} INFO - [2024-02-29T08:50:28.467+0000] {dag.py:2690} INFO - Sync 1 DAGs
[2024-02-29T08:50:28.483+0000] {logging_mixin.py:137} INFO - [2024-02-29T08:50:28.482+0000] {dag.py:3441} INFO - Setting next_dagrun for example_sla_dag to 2024-02-29T08:48:00+00:00, run_after=2024-02-29T08:50:00+00:00
[2024-02-29T08:50:28.506+0000] {processor.py:175} INFO - Processing /home/airflow/.local/lib/python3.7/site-packages/airflow/example_dags/example_sla_dag.py took 0.067 seconds
[2024-02-29T08:50:58.975+0000] {processor.py:153} INFO - Started process (PID=865) to work on /home/airflow/.local/lib/python3.7/site-packages/airflow/example_dags/example_sla_dag.py
[2024-02-29T08:50:58.976+0000] {processor.py:743} INFO - Processing file /home/airflow/.local/lib/python3.7/site-packages/airflow/example_dags/example_sla_dag.py for tasks to queue
[2024-02-29T08:50:58.976+0000] {logging_mixin.py:137} INFO - [2024-02-29T08:50:58.976+0000] {dagbag.py:538} INFO - Filling up the DagBag from /home/airflow/.local/lib/python3.7/site-packages/airflow/example_dags/example_sla_dag.py
[2024-02-29T08:50:58.986+0000] {processor.py:753} INFO - DAG(s) dict_keys(['example_sla_dag']) retrieved from /home/airflow/.local/lib/python3.7/site-packages/airflow/example_dags/example_sla_dag.py
[2024-02-29T08:50:58.997+0000] {logging_mixin.py:137} INFO - [2024-02-29T08:50:58.997+0000] {dag.py:2690} INFO - Sync 1 DAGs
[2024-02-29T08:50:59.009+0000] {logging_mixin.py:137} INFO - [2024-02-29T08:50:59.009+0000] {dag.py:3441} INFO - Setting next_dagrun for example_sla_dag to 2024-02-29T08:48:00+00:00, run_after=2024-02-29T08:50:00+00:00
[2024-02-29T08:50:59.016+0000] {processor.py:175} INFO - Processing /home/airflow/.local/lib/python3.7/site-packages/airflow/example_dags/example_sla_dag.py took 0.042 seconds
[2024-02-29T08:51:29.338+0000] {processor.py:153} INFO - Started process (PID=958) to work on /home/airflow/.local/lib/python3.7/site-packages/airflow/example_dags/example_sla_dag.py
[2024-02-29T08:51:29.338+0000] {processor.py:743} INFO - Processing file /home/airflow/.local/lib/python3.7/site-packages/airflow/example_dags/example_sla_dag.py for tasks to queue
[2024-02-29T08:51:29.339+0000] {logging_mixin.py:137} INFO - [2024-02-29T08:51:29.339+0000] {dagbag.py:538} INFO - Filling up the DagBag from /home/airflow/.local/lib/python3.7/site-packages/airflow/example_dags/example_sla_dag.py
[2024-02-29T08:51:29.349+0000] {processor.py:753} INFO - DAG(s) dict_keys(['example_sla_dag']) retrieved from /home/airflow/.local/lib/python3.7/site-packages/airflow/example_dags/example_sla_dag.py
[2024-02-29T08:51:29.359+0000] {logging_mixin.py:137} INFO - [2024-02-29T08:51:29.359+0000] {dag.py:2690} INFO - Sync 1 DAGs
[2024-02-29T08:51:29.371+0000] {logging_mixin.py:137} INFO - [2024-02-29T08:51:29.371+0000] {dag.py:3441} INFO - Setting next_dagrun for example_sla_dag to 2024-02-29T08:48:00+00:00, run_after=2024-02-29T08:50:00+00:00
[2024-02-29T08:51:29.379+0000] {processor.py:175} INFO - Processing /home/airflow/.local/lib/python3.7/site-packages/airflow/example_dags/example_sla_dag.py took 0.043 seconds
[2024-02-29T08:51:59.718+0000] {processor.py:153} INFO - Started process (PID=1034) to work on /home/airflow/.local/lib/python3.7/site-packages/airflow/example_dags/example_sla_dag.py
[2024-02-29T08:51:59.719+0000] {processor.py:743} INFO - Processing file /home/airflow/.local/lib/python3.7/site-packages/airflow/example_dags/example_sla_dag.py for tasks to queue
[2024-02-29T08:51:59.719+0000] {logging_mixin.py:137} INFO - [2024-02-29T08:51:59.719+0000] {dagbag.py:538} INFO - Filling up the DagBag from /home/airflow/.local/lib/python3.7/site-packages/airflow/example_dags/example_sla_dag.py
[2024-02-29T08:51:59.729+0000] {processor.py:753} INFO - DAG(s) dict_keys(['example_sla_dag']) retrieved from /home/airflow/.local/lib/python3.7/site-packages/airflow/example_dags/example_sla_dag.py
[2024-02-29T08:51:59.741+0000] {logging_mixin.py:137} INFO - [2024-02-29T08:51:59.741+0000] {dag.py:2690} INFO - Sync 1 DAGs
[2024-02-29T08:51:59.754+0000] {logging_mixin.py:137} INFO - [2024-02-29T08:51:59.754+0000] {dag.py:3441} INFO - Setting next_dagrun for example_sla_dag to 2024-02-29T08:48:00+00:00, run_after=2024-02-29T08:50:00+00:00
[2024-02-29T08:51:59.762+0000] {processor.py:175} INFO - Processing /home/airflow/.local/lib/python3.7/site-packages/airflow/example_dags/example_sla_dag.py took 0.045 seconds
[2024-02-29T08:52:30.048+0000] {processor.py:153} INFO - Started process (PID=1127) to work on /home/airflow/.local/lib/python3.7/site-packages/airflow/example_dags/example_sla_dag.py
[2024-02-29T08:52:30.049+0000] {processor.py:743} INFO - Processing file /home/airflow/.local/lib/python3.7/site-packages/airflow/example_dags/example_sla_dag.py for tasks to queue
[2024-02-29T08:52:30.049+0000] {logging_mixin.py:137} INFO - [2024-02-29T08:52:30.049+0000] {dagbag.py:538} INFO - Filling up the DagBag from /home/airflow/.local/lib/python3.7/site-packages/airflow/example_dags/example_sla_dag.py
[2024-02-29T08:52:30.059+0000] {processor.py:753} INFO - DAG(s) dict_keys(['example_sla_dag']) retrieved from /home/airflow/.local/lib/python3.7/site-packages/airflow/example_dags/example_sla_dag.py
[2024-02-29T08:52:30.070+0000] {logging_mixin.py:137} INFO - [2024-02-29T08:52:30.070+0000] {dag.py:2690} INFO - Sync 1 DAGs
[2024-02-29T08:52:30.082+0000] {logging_mixin.py:137} INFO - [2024-02-29T08:52:30.082+0000] {dag.py:3441} INFO - Setting next_dagrun for example_sla_dag to 2024-02-29T08:50:00+00:00, run_after=2024-02-29T08:52:00+00:00
[2024-02-29T08:52:30.089+0000] {processor.py:175} INFO - Processing /home/airflow/.local/lib/python3.7/site-packages/airflow/example_dags/example_sla_dag.py took 0.042 seconds
[2024-02-29T08:53:00.390+0000] {processor.py:153} INFO - Started process (PID=1220) to work on /home/airflow/.local/lib/python3.7/site-packages/airflow/example_dags/example_sla_dag.py
[2024-02-29T08:53:00.390+0000] {processor.py:743} INFO - Processing file /home/airflow/.local/lib/python3.7/site-packages/airflow/example_dags/example_sla_dag.py for tasks to queue
[2024-02-29T08:53:00.391+0000] {logging_mixin.py:137} INFO - [2024-02-29T08:53:00.391+0000] {dagbag.py:538} INFO - Filling up the DagBag from /home/airflow/.local/lib/python3.7/site-packages/airflow/example_dags/example_sla_dag.py
[2024-02-29T08:53:00.401+0000] {processor.py:753} INFO - DAG(s) dict_keys(['example_sla_dag']) retrieved from /home/airflow/.local/lib/python3.7/site-packages/airflow/example_dags/example_sla_dag.py
[2024-02-29T08:53:00.412+0000] {logging_mixin.py:137} INFO - [2024-02-29T08:53:00.412+0000] {dag.py:2690} INFO - Sync 1 DAGs
[2024-02-29T08:53:00.424+0000] {logging_mixin.py:137} INFO - [2024-02-29T08:53:00.424+0000] {dag.py:3441} INFO - Setting next_dagrun for example_sla_dag to 2024-02-29T08:50:00+00:00, run_after=2024-02-29T08:52:00+00:00
[2024-02-29T08:53:00.432+0000] {processor.py:175} INFO - Processing /home/airflow/.local/lib/python3.7/site-packages/airflow/example_dags/example_sla_dag.py took 0.044 seconds
[2024-02-29T08:53:30.785+0000] {processor.py:153} INFO - Started process (PID=1314) to work on /home/airflow/.local/lib/python3.7/site-packages/airflow/example_dags/example_sla_dag.py
[2024-02-29T08:53:30.786+0000] {processor.py:743} INFO - Processing file /home/airflow/.local/lib/python3.7/site-packages/airflow/example_dags/example_sla_dag.py for tasks to queue
[2024-02-29T08:53:30.786+0000] {logging_mixin.py:137} INFO - [2024-02-29T08:53:30.786+0000] {dagbag.py:538} INFO - Filling up the DagBag from /home/airflow/.local/lib/python3.7/site-packages/airflow/example_dags/example_sla_dag.py
[2024-02-29T08:53:30.796+0000] {processor.py:753} INFO - DAG(s) dict_keys(['example_sla_dag']) retrieved from /home/airflow/.local/lib/python3.7/site-packages/airflow/example_dags/example_sla_dag.py
[2024-02-29T08:53:30.807+0000] {logging_mixin.py:137} INFO - [2024-02-29T08:53:30.807+0000] {dag.py:2690} INFO - Sync 1 DAGs
[2024-02-29T08:53:30.820+0000] {logging_mixin.py:137} INFO - [2024-02-29T08:53:30.820+0000] {dag.py:3441} INFO - Setting next_dagrun for example_sla_dag to 2024-02-29T08:50:00+00:00, run_after=2024-02-29T08:52:00+00:00
[2024-02-29T08:53:30.828+0000] {processor.py:175} INFO - Processing /home/airflow/.local/lib/python3.7/site-packages/airflow/example_dags/example_sla_dag.py took 0.044 seconds
[2024-02-29T08:54:01.194+0000] {processor.py:153} INFO - Started process (PID=1390) to work on /home/airflow/.local/lib/python3.7/site-packages/airflow/example_dags/example_sla_dag.py
[2024-02-29T08:54:01.194+0000] {processor.py:743} INFO - Processing file /home/airflow/.local/lib/python3.7/site-packages/airflow/example_dags/example_sla_dag.py for tasks to queue
[2024-02-29T08:54:01.194+0000] {logging_mixin.py:137} INFO - [2024-02-29T08:54:01.194+0000] {dagbag.py:538} INFO - Filling up the DagBag from /home/airflow/.local/lib/python3.7/site-packages/airflow/example_dags/example_sla_dag.py
[2024-02-29T08:54:01.204+0000] {processor.py:753} INFO - DAG(s) dict_keys(['example_sla_dag']) retrieved from /home/airflow/.local/lib/python3.7/site-packages/airflow/example_dags/example_sla_dag.py
[2024-02-29T08:54:01.216+0000] {logging_mixin.py:137} INFO - [2024-02-29T08:54:01.216+0000] {dag.py:2690} INFO - Sync 1 DAGs
[2024-02-29T08:54:01.228+0000] {logging_mixin.py:137} INFO - [2024-02-29T08:54:01.228+0000] {dag.py:3441} INFO - Setting next_dagrun for example_sla_dag to 2024-02-29T08:52:00+00:00, run_after=2024-02-29T08:54:00+00:00
[2024-02-29T08:54:01.235+0000] {processor.py:175} INFO - Processing /home/airflow/.local/lib/python3.7/site-packages/airflow/example_dags/example_sla_dag.py took 0.043 seconds
[2024-02-29T08:54:31.602+0000] {processor.py:153} INFO - Started process (PID=1484) to work on /home/airflow/.local/lib/python3.7/site-packages/airflow/example_dags/example_sla_dag.py
[2024-02-29T08:54:31.603+0000] {processor.py:743} INFO - Processing file /home/airflow/.local/lib/python3.7/site-packages/airflow/example_dags/example_sla_dag.py for tasks to queue
[2024-02-29T08:54:31.603+0000] {logging_mixin.py:137} INFO - [2024-02-29T08:54:31.603+0000] {dagbag.py:538} INFO - Filling up the DagBag from /home/airflow/.local/lib/python3.7/site-packages/airflow/example_dags/example_sla_dag.py
[2024-02-29T08:54:31.613+0000] {processor.py:753} INFO - DAG(s) dict_keys(['example_sla_dag']) retrieved from /home/airflow/.local/lib/python3.7/site-packages/airflow/example_dags/example_sla_dag.py
[2024-02-29T08:54:31.625+0000] {logging_mixin.py:137} INFO - [2024-02-29T08:54:31.624+0000] {dag.py:2690} INFO - Sync 1 DAGs
[2024-02-29T08:54:31.637+0000] {logging_mixin.py:137} INFO - [2024-02-29T08:54:31.637+0000] {dag.py:3441} INFO - Setting next_dagrun for example_sla_dag to 2024-02-29T08:52:00+00:00, run_after=2024-02-29T08:54:00+00:00
[2024-02-29T08:54:31.645+0000] {processor.py:175} INFO - Processing /home/airflow/.local/lib/python3.7/site-packages/airflow/example_dags/example_sla_dag.py took 0.044 seconds
[2024-02-29T08:55:02.049+0000] {processor.py:153} INFO - Started process (PID=1578) to work on /home/airflow/.local/lib/python3.7/site-packages/airflow/example_dags/example_sla_dag.py
[2024-02-29T08:55:02.050+0000] {processor.py:743} INFO - Processing file /home/airflow/.local/lib/python3.7/site-packages/airflow/example_dags/example_sla_dag.py for tasks to queue
[2024-02-29T08:55:02.050+0000] {logging_mixin.py:137} INFO - [2024-02-29T08:55:02.050+0000] {dagbag.py:538} INFO - Filling up the DagBag from /home/airflow/.local/lib/python3.7/site-packages/airflow/example_dags/example_sla_dag.py
[2024-02-29T08:55:02.061+0000] {processor.py:753} INFO - DAG(s) dict_keys(['example_sla_dag']) retrieved from /home/airflow/.local/lib/python3.7/site-packages/airflow/example_dags/example_sla_dag.py
[2024-02-29T08:55:02.072+0000] {logging_mixin.py:137} INFO - [2024-02-29T08:55:02.072+0000] {dag.py:2690} INFO - Sync 1 DAGs
[2024-02-29T08:55:02.085+0000] {logging_mixin.py:137} INFO - [2024-02-29T08:55:02.085+0000] {dag.py:3441} INFO - Setting next_dagrun for example_sla_dag to 2024-02-29T08:52:00+00:00, run_after=2024-02-29T08:54:00+00:00
[2024-02-29T08:55:02.092+0000] {processor.py:175} INFO - Processing /home/airflow/.local/lib/python3.7/site-packages/airflow/example_dags/example_sla_dag.py took 0.044 seconds
[2024-02-29T08:55:32.499+0000] {processor.py:153} INFO - Started process (PID=1671) to work on /home/airflow/.local/lib/python3.7/site-packages/airflow/example_dags/example_sla_dag.py
[2024-02-29T08:55:32.500+0000] {processor.py:743} INFO - Processing file /home/airflow/.local/lib/python3.7/site-packages/airflow/example_dags/example_sla_dag.py for tasks to queue
[2024-02-29T08:55:32.500+0000] {logging_mixin.py:137} INFO - [2024-02-29T08:55:32.500+0000] {dagbag.py:538} INFO - Filling up the DagBag from /home/airflow/.local/lib/python3.7/site-packages/airflow/example_dags/example_sla_dag.py
[2024-02-29T08:55:32.510+0000] {processor.py:753} INFO - DAG(s) dict_keys(['example_sla_dag']) retrieved from /home/airflow/.local/lib/python3.7/site-packages/airflow/example_dags/example_sla_dag.py
[2024-02-29T08:55:32.521+0000] {logging_mixin.py:137} INFO - [2024-02-29T08:55:32.521+0000] {dag.py:2690} INFO - Sync 1 DAGs
[2024-02-29T08:55:32.534+0000] {logging_mixin.py:137} INFO - [2024-02-29T08:55:32.534+0000] {dag.py:3441} INFO - Setting next_dagrun for example_sla_dag to 2024-02-29T08:52:00+00:00, run_after=2024-02-29T08:54:00+00:00
[2024-02-29T08:55:32.542+0000] {processor.py:175} INFO - Processing /home/airflow/.local/lib/python3.7/site-packages/airflow/example_dags/example_sla_dag.py took 0.044 seconds
[2024-02-29T08:56:02.804+0000] {processor.py:153} INFO - Started process (PID=1747) to work on /home/airflow/.local/lib/python3.7/site-packages/airflow/example_dags/example_sla_dag.py
[2024-02-29T08:56:02.804+0000] {processor.py:743} INFO - Processing file /home/airflow/.local/lib/python3.7/site-packages/airflow/example_dags/example_sla_dag.py for tasks to queue
[2024-02-29T08:56:02.805+0000] {logging_mixin.py:137} INFO - [2024-02-29T08:56:02.804+0000] {dagbag.py:538} INFO - Filling up the DagBag from /home/airflow/.local/lib/python3.7/site-packages/airflow/example_dags/example_sla_dag.py
[2024-02-29T08:56:02.814+0000] {processor.py:753} INFO - DAG(s) dict_keys(['example_sla_dag']) retrieved from /home/airflow/.local/lib/python3.7/site-packages/airflow/example_dags/example_sla_dag.py
[2024-02-29T08:56:02.826+0000] {logging_mixin.py:137} INFO - [2024-02-29T08:56:02.826+0000] {dag.py:2690} INFO - Sync 1 DAGs
[2024-02-29T08:56:02.838+0000] {logging_mixin.py:137} INFO - [2024-02-29T08:56:02.838+0000] {dag.py:3441} INFO - Setting next_dagrun for example_sla_dag to 2024-02-29T08:54:00+00:00, run_after=2024-02-29T08:56:00+00:00
[2024-02-29T08:56:02.845+0000] {processor.py:175} INFO - Processing /home/airflow/.local/lib/python3.7/site-packages/airflow/example_dags/example_sla_dag.py took 0.043 seconds
[2024-02-29T08:56:33.246+0000] {processor.py:153} INFO - Started process (PID=1841) to work on /home/airflow/.local/lib/python3.7/site-packages/airflow/example_dags/example_sla_dag.py
[2024-02-29T08:56:33.246+0000] {processor.py:743} INFO - Processing file /home/airflow/.local/lib/python3.7/site-packages/airflow/example_dags/example_sla_dag.py for tasks to queue
[2024-02-29T08:56:33.247+0000] {logging_mixin.py:137} INFO - [2024-02-29T08:56:33.247+0000] {dagbag.py:538} INFO - Filling up the DagBag from /home/airflow/.local/lib/python3.7/site-packages/airflow/example_dags/example_sla_dag.py
[2024-02-29T08:56:33.257+0000] {processor.py:753} INFO - DAG(s) dict_keys(['example_sla_dag']) retrieved from /home/airflow/.local/lib/python3.7/site-packages/airflow/example_dags/example_sla_dag.py
[2024-02-29T08:56:33.268+0000] {logging_mixin.py:137} INFO - [2024-02-29T08:56:33.268+0000] {dag.py:2690} INFO - Sync 1 DAGs
[2024-02-29T08:56:33.280+0000] {logging_mixin.py:137} INFO - [2024-02-29T08:56:33.280+0000] {dag.py:3441} INFO - Setting next_dagrun for example_sla_dag to 2024-02-29T08:54:00+00:00, run_after=2024-02-29T08:56:00+00:00
[2024-02-29T08:56:33.289+0000] {processor.py:175} INFO - Processing /home/airflow/.local/lib/python3.7/site-packages/airflow/example_dags/example_sla_dag.py took 0.044 seconds
[2024-02-29T08:57:03.684+0000] {processor.py:153} INFO - Started process (PID=1935) to work on /home/airflow/.local/lib/python3.7/site-packages/airflow/example_dags/example_sla_dag.py
[2024-02-29T08:57:03.688+0000] {processor.py:743} INFO - Processing file /home/airflow/.local/lib/python3.7/site-packages/airflow/example_dags/example_sla_dag.py for tasks to queue
[2024-02-29T08:57:03.688+0000] {logging_mixin.py:137} INFO - [2024-02-29T08:57:03.688+0000] {dagbag.py:538} INFO - Filling up the DagBag from /home/airflow/.local/lib/python3.7/site-packages/airflow/example_dags/example_sla_dag.py
[2024-02-29T08:57:03.698+0000] {processor.py:753} INFO - DAG(s) dict_keys(['example_sla_dag']) retrieved from /home/airflow/.local/lib/python3.7/site-packages/airflow/example_dags/example_sla_dag.py
[2024-02-29T08:57:03.709+0000] {logging_mixin.py:137} INFO - [2024-02-29T08:57:03.709+0000] {dag.py:2690} INFO - Sync 1 DAGs
[2024-02-29T08:57:03.722+0000] {logging_mixin.py:137} INFO - [2024-02-29T08:57:03.722+0000] {dag.py:3441} INFO - Setting next_dagrun for example_sla_dag to 2024-02-29T08:54:00+00:00, run_after=2024-02-29T08:56:00+00:00
[2024-02-29T08:57:03.729+0000] {processor.py:175} INFO - Processing /home/airflow/.local/lib/python3.7/site-packages/airflow/example_dags/example_sla_dag.py took 0.046 seconds
[2024-02-29T08:57:34.095+0000] {processor.py:153} INFO - Started process (PID=2029) to work on /home/airflow/.local/lib/python3.7/site-packages/airflow/example_dags/example_sla_dag.py
[2024-02-29T08:57:34.095+0000] {processor.py:743} INFO - Processing file /home/airflow/.local/lib/python3.7/site-packages/airflow/example_dags/example_sla_dag.py for tasks to queue
[2024-02-29T08:57:34.095+0000] {logging_mixin.py:137} INFO - [2024-02-29T08:57:34.095+0000] {dagbag.py:538} INFO - Filling up the DagBag from /home/airflow/.local/lib/python3.7/site-packages/airflow/example_dags/example_sla_dag.py
[2024-02-29T08:57:34.105+0000] {processor.py:753} INFO - DAG(s) dict_keys(['example_sla_dag']) retrieved from /home/airflow/.local/lib/python3.7/site-packages/airflow/example_dags/example_sla_dag.py
[2024-02-29T08:57:34.117+0000] {logging_mixin.py:137} INFO - [2024-02-29T08:57:34.117+0000] {dag.py:2690} INFO - Sync 1 DAGs
[2024-02-29T08:57:34.129+0000] {logging_mixin.py:137} INFO - [2024-02-29T08:57:34.129+0000] {dag.py:3441} INFO - Setting next_dagrun for example_sla_dag to 2024-02-29T08:54:00+00:00, run_after=2024-02-29T08:56:00+00:00
[2024-02-29T08:57:34.137+0000] {processor.py:175} INFO - Processing /home/airflow/.local/lib/python3.7/site-packages/airflow/example_dags/example_sla_dag.py took 0.044 seconds
[2024-02-29T08:58:04.683+0000] {processor.py:153} INFO - Started process (PID=2105) to work on /home/airflow/.local/lib/python3.7/site-packages/airflow/example_dags/example_sla_dag.py
[2024-02-29T08:58:04.683+0000] {processor.py:743} INFO - Processing file /home/airflow/.local/lib/python3.7/site-packages/airflow/example_dags/example_sla_dag.py for tasks to queue
[2024-02-29T08:58:04.683+0000] {logging_mixin.py:137} INFO - [2024-02-29T08:58:04.683+0000] {dagbag.py:538} INFO - Filling up the DagBag from /home/airflow/.local/lib/python3.7/site-packages/airflow/example_dags/example_sla_dag.py
[2024-02-29T08:58:04.694+0000] {processor.py:753} INFO - DAG(s) dict_keys(['example_sla_dag']) retrieved from /home/airflow/.local/lib/python3.7/site-packages/airflow/example_dags/example_sla_dag.py
[2024-02-29T08:58:04.706+0000] {logging_mixin.py:137} INFO - [2024-02-29T08:58:04.706+0000] {dag.py:2690} INFO - Sync 1 DAGs
[2024-02-29T08:58:04.719+0000] {logging_mixin.py:137} INFO - [2024-02-29T08:58:04.719+0000] {dag.py:3441} INFO - Setting next_dagrun for example_sla_dag to 2024-02-29T08:56:00+00:00, run_after=2024-02-29T08:58:00+00:00
[2024-02-29T08:58:04.728+0000] {processor.py:175} INFO - Processing /home/airflow/.local/lib/python3.7/site-packages/airflow/example_dags/example_sla_dag.py took 0.047 seconds
[2024-02-29T08:58:35.195+0000] {processor.py:153} INFO - Started process (PID=2199) to work on /home/airflow/.local/lib/python3.7/site-packages/airflow/example_dags/example_sla_dag.py
[2024-02-29T08:58:35.196+0000] {processor.py:743} INFO - Processing file /home/airflow/.local/lib/python3.7/site-packages/airflow/example_dags/example_sla_dag.py for tasks to queue
[2024-02-29T08:58:35.196+0000] {logging_mixin.py:137} INFO - [2024-02-29T08:58:35.196+0000] {dagbag.py:538} INFO - Filling up the DagBag from /home/airflow/.local/lib/python3.7/site-packages/airflow/example_dags/example_sla_dag.py
[2024-02-29T08:58:35.207+0000] {processor.py:753} INFO - DAG(s) dict_keys(['example_sla_dag']) retrieved from /home/airflow/.local/lib/python3.7/site-packages/airflow/example_dags/example_sla_dag.py
[2024-02-29T08:58:35.219+0000] {logging_mixin.py:137} INFO - [2024-02-29T08:58:35.219+0000] {dag.py:2690} INFO - Sync 1 DAGs
[2024-02-29T08:58:35.233+0000] {logging_mixin.py:137} INFO - [2024-02-29T08:58:35.233+0000] {dag.py:3441} INFO - Setting next_dagrun for example_sla_dag to 2024-02-29T08:56:00+00:00, run_after=2024-02-29T08:58:00+00:00
[2024-02-29T08:58:35.240+0000] {processor.py:175} INFO - Processing /home/airflow/.local/lib/python3.7/site-packages/airflow/example_dags/example_sla_dag.py took 0.047 seconds
[2024-02-29T08:59:05.518+0000] {processor.py:153} INFO - Started process (PID=2292) to work on /home/airflow/.local/lib/python3.7/site-packages/airflow/example_dags/example_sla_dag.py
[2024-02-29T08:59:05.518+0000] {processor.py:743} INFO - Processing file /home/airflow/.local/lib/python3.7/site-packages/airflow/example_dags/example_sla_dag.py for tasks to queue
[2024-02-29T08:59:05.518+0000] {logging_mixin.py:137} INFO - [2024-02-29T08:59:05.518+0000] {dagbag.py:538} INFO - Filling up the DagBag from /home/airflow/.local/lib/python3.7/site-packages/airflow/example_dags/example_sla_dag.py
[2024-02-29T08:59:05.528+0000] {processor.py:753} INFO - DAG(s) dict_keys(['example_sla_dag']) retrieved from /home/airflow/.local/lib/python3.7/site-packages/airflow/example_dags/example_sla_dag.py
[2024-02-29T08:59:05.540+0000] {logging_mixin.py:137} INFO - [2024-02-29T08:59:05.540+0000] {dag.py:2690} INFO - Sync 1 DAGs
[2024-02-29T08:59:05.552+0000] {logging_mixin.py:137} INFO - [2024-02-29T08:59:05.552+0000] {dag.py:3441} INFO - Setting next_dagrun for example_sla_dag to 2024-02-29T08:56:00+00:00, run_after=2024-02-29T08:58:00+00:00
[2024-02-29T08:59:05.560+0000] {processor.py:175} INFO - Processing /home/airflow/.local/lib/python3.7/site-packages/airflow/example_dags/example_sla_dag.py took 0.044 seconds
[2024-02-29T08:59:36.118+0000] {processor.py:153} INFO - Started process (PID=2386) to work on /home/airflow/.local/lib/python3.7/site-packages/airflow/example_dags/example_sla_dag.py
[2024-02-29T08:59:36.119+0000] {processor.py:743} INFO - Processing file /home/airflow/.local/lib/python3.7/site-packages/airflow/example_dags/example_sla_dag.py for tasks to queue
[2024-02-29T08:59:36.119+0000] {logging_mixin.py:137} INFO - [2024-02-29T08:59:36.119+0000] {dagbag.py:538} INFO - Filling up the DagBag from /home/airflow/.local/lib/python3.7/site-packages/airflow/example_dags/example_sla_dag.py
[2024-02-29T08:59:36.130+0000] {processor.py:753} INFO - DAG(s) dict_keys(['example_sla_dag']) retrieved from /home/airflow/.local/lib/python3.7/site-packages/airflow/example_dags/example_sla_dag.py
[2024-02-29T08:59:36.144+0000] {logging_mixin.py:137} INFO - [2024-02-29T08:59:36.144+0000] {dag.py:2690} INFO - Sync 1 DAGs
[2024-02-29T08:59:36.157+0000] {logging_mixin.py:137} INFO - [2024-02-29T08:59:36.156+0000] {dag.py:3441} INFO - Setting next_dagrun for example_sla_dag to 2024-02-29T08:56:00+00:00, run_after=2024-02-29T08:58:00+00:00
[2024-02-29T08:59:36.165+0000] {processor.py:175} INFO - Processing /home/airflow/.local/lib/python3.7/site-packages/airflow/example_dags/example_sla_dag.py took 0.049 seconds
[2024-02-29T09:00:06.752+0000] {processor.py:153} INFO - Started process (PID=2462) to work on /home/airflow/.local/lib/python3.7/site-packages/airflow/example_dags/example_sla_dag.py
[2024-02-29T09:00:06.753+0000] {processor.py:743} INFO - Processing file /home/airflow/.local/lib/python3.7/site-packages/airflow/example_dags/example_sla_dag.py for tasks to queue
[2024-02-29T09:00:06.753+0000] {logging_mixin.py:137} INFO - [2024-02-29T09:00:06.753+0000] {dagbag.py:538} INFO - Filling up the DagBag from /home/airflow/.local/lib/python3.7/site-packages/airflow/example_dags/example_sla_dag.py
[2024-02-29T09:00:06.763+0000] {processor.py:753} INFO - DAG(s) dict_keys(['example_sla_dag']) retrieved from /home/airflow/.local/lib/python3.7/site-packages/airflow/example_dags/example_sla_dag.py
[2024-02-29T09:00:06.775+0000] {logging_mixin.py:137} INFO - [2024-02-29T09:00:06.775+0000] {dag.py:2690} INFO - Sync 1 DAGs
[2024-02-29T09:00:06.787+0000] {logging_mixin.py:137} INFO - [2024-02-29T09:00:06.787+0000] {dag.py:3441} INFO - Setting next_dagrun for example_sla_dag to 2024-02-29T08:58:00+00:00, run_after=2024-02-29T09:00:00+00:00
[2024-02-29T09:00:06.796+0000] {processor.py:175} INFO - Processing /home/airflow/.local/lib/python3.7/site-packages/airflow/example_dags/example_sla_dag.py took 0.045 seconds
[2024-02-29T09:00:37.298+0000] {processor.py:153} INFO - Started process (PID=2556) to work on /home/airflow/.local/lib/python3.7/site-packages/airflow/example_dags/example_sla_dag.py
[2024-02-29T09:00:37.299+0000] {processor.py:743} INFO - Processing file /home/airflow/.local/lib/python3.7/site-packages/airflow/example_dags/example_sla_dag.py for tasks to queue
[2024-02-29T09:00:37.299+0000] {logging_mixin.py:137} INFO - [2024-02-29T09:00:37.299+0000] {dagbag.py:538} INFO - Filling up the DagBag from /home/airflow/.local/lib/python3.7/site-packages/airflow/example_dags/example_sla_dag.py
[2024-02-29T09:00:37.310+0000] {processor.py:753} INFO - DAG(s) dict_keys(['example_sla_dag']) retrieved from /home/airflow/.local/lib/python3.7/site-packages/airflow/example_dags/example_sla_dag.py
[2024-02-29T09:00:37.321+0000] {logging_mixin.py:137} INFO - [2024-02-29T09:00:37.321+0000] {dag.py:2690} INFO - Sync 1 DAGs
[2024-02-29T09:00:37.333+0000] {logging_mixin.py:137} INFO - [2024-02-29T09:00:37.333+0000] {dag.py:3441} INFO - Setting next_dagrun for example_sla_dag to 2024-02-29T08:58:00+00:00, run_after=2024-02-29T09:00:00+00:00
[2024-02-29T09:00:37.341+0000] {processor.py:175} INFO - Processing /home/airflow/.local/lib/python3.7/site-packages/airflow/example_dags/example_sla_dag.py took 0.044 seconds
[2024-02-29T09:01:07.737+0000] {processor.py:153} INFO - Started process (PID=2650) to work on /home/airflow/.local/lib/python3.7/site-packages/airflow/example_dags/example_sla_dag.py
[2024-02-29T09:01:07.738+0000] {processor.py:743} INFO - Processing file /home/airflow/.local/lib/python3.7/site-packages/airflow/example_dags/example_sla_dag.py for tasks to queue
[2024-02-29T09:01:07.738+0000] {logging_mixin.py:137} INFO - [2024-02-29T09:01:07.738+0000] {dagbag.py:538} INFO - Filling up the DagBag from /home/airflow/.local/lib/python3.7/site-packages/airflow/example_dags/example_sla_dag.py
[2024-02-29T09:01:07.749+0000] {processor.py:753} INFO - DAG(s) dict_keys(['example_sla_dag']) retrieved from /home/airflow/.local/lib/python3.7/site-packages/airflow/example_dags/example_sla_dag.py
[2024-02-29T09:01:07.760+0000] {logging_mixin.py:137} INFO - [2024-02-29T09:01:07.760+0000] {dag.py:2690} INFO - Sync 1 DAGs
[2024-02-29T09:01:07.776+0000] {logging_mixin.py:137} INFO - [2024-02-29T09:01:07.776+0000] {dag.py:3441} INFO - Setting next_dagrun for example_sla_dag to 2024-02-29T08:58:00+00:00, run_after=2024-02-29T09:00:00+00:00
[2024-02-29T09:01:07.784+0000] {processor.py:175} INFO - Processing /home/airflow/.local/lib/python3.7/site-packages/airflow/example_dags/example_sla_dag.py took 0.049 seconds
[2024-02-29T09:01:38.393+0000] {processor.py:153} INFO - Started process (PID=2726) to work on /home/airflow/.local/lib/python3.7/site-packages/airflow/example_dags/example_sla_dag.py
[2024-02-29T09:01:38.393+0000] {processor.py:743} INFO - Processing file /home/airflow/.local/lib/python3.7/site-packages/airflow/example_dags/example_sla_dag.py for tasks to queue
[2024-02-29T09:01:38.393+0000] {logging_mixin.py:137} INFO - [2024-02-29T09:01:38.393+0000] {dagbag.py:538} INFO - Filling up the DagBag from /home/airflow/.local/lib/python3.7/site-packages/airflow/example_dags/example_sla_dag.py
[2024-02-29T09:01:38.404+0000] {processor.py:753} INFO - DAG(s) dict_keys(['example_sla_dag']) retrieved from /home/airflow/.local/lib/python3.7/site-packages/airflow/example_dags/example_sla_dag.py
[2024-02-29T09:01:38.416+0000] {logging_mixin.py:137} INFO - [2024-02-29T09:01:38.415+0000] {dag.py:2690} INFO - Sync 1 DAGs
[2024-02-29T09:01:38.428+0000] {logging_mixin.py:137} INFO - [2024-02-29T09:01:38.428+0000] {dag.py:3441} INFO - Setting next_dagrun for example_sla_dag to 2024-02-29T08:58:00+00:00, run_after=2024-02-29T09:00:00+00:00
[2024-02-29T09:01:38.436+0000] {processor.py:175} INFO - Processing /home/airflow/.local/lib/python3.7/site-packages/airflow/example_dags/example_sla_dag.py took 0.045 seconds
[2024-02-29T09:02:08.894+0000] {processor.py:153} INFO - Started process (PID=2819) to work on /home/airflow/.local/lib/python3.7/site-packages/airflow/example_dags/example_sla_dag.py
[2024-02-29T09:02:08.895+0000] {processor.py:743} INFO - Processing file /home/airflow/.local/lib/python3.7/site-packages/airflow/example_dags/example_sla_dag.py for tasks to queue
[2024-02-29T09:02:08.895+0000] {logging_mixin.py:137} INFO - [2024-02-29T09:02:08.895+0000] {dagbag.py:538} INFO - Filling up the DagBag from /home/airflow/.local/lib/python3.7/site-packages/airflow/example_dags/example_sla_dag.py
[2024-02-29T09:02:08.906+0000] {processor.py:753} INFO - DAG(s) dict_keys(['example_sla_dag']) retrieved from /home/airflow/.local/lib/python3.7/site-packages/airflow/example_dags/example_sla_dag.py
[2024-02-29T09:02:08.917+0000] {logging_mixin.py:137} INFO - [2024-02-29T09:02:08.917+0000] {dag.py:2690} INFO - Sync 1 DAGs
[2024-02-29T09:02:08.931+0000] {logging_mixin.py:137} INFO - [2024-02-29T09:02:08.931+0000] {dag.py:3441} INFO - Setting next_dagrun for example_sla_dag to 2024-02-29T09:00:00+00:00, run_after=2024-02-29T09:02:00+00:00
[2024-02-29T09:02:08.939+0000] {processor.py:175} INFO - Processing /home/airflow/.local/lib/python3.7/site-packages/airflow/example_dags/example_sla_dag.py took 0.046 seconds
[2024-02-29T09:02:39.415+0000] {processor.py:153} INFO - Started process (PID=2913) to work on /home/airflow/.local/lib/python3.7/site-packages/airflow/example_dags/example_sla_dag.py
[2024-02-29T09:02:39.415+0000] {processor.py:743} INFO - Processing file /home/airflow/.local/lib/python3.7/site-packages/airflow/example_dags/example_sla_dag.py for tasks to queue
[2024-02-29T09:02:39.416+0000] {logging_mixin.py:137} INFO - [2024-02-29T09:02:39.416+0000] {dagbag.py:538} INFO - Filling up the DagBag from /home/airflow/.local/lib/python3.7/site-packages/airflow/example_dags/example_sla_dag.py
[2024-02-29T09:02:39.426+0000] {processor.py:753} INFO - DAG(s) dict_keys(['example_sla_dag']) retrieved from /home/airflow/.local/lib/python3.7/site-packages/airflow/example_dags/example_sla_dag.py
[2024-02-29T09:02:39.437+0000] {logging_mixin.py:137} INFO - [2024-02-29T09:02:39.437+0000] {dag.py:2690} INFO - Sync 1 DAGs
[2024-02-29T09:02:39.450+0000] {logging_mixin.py:137} INFO - [2024-02-29T09:02:39.450+0000] {dag.py:3441} INFO - Setting next_dagrun for example_sla_dag to 2024-02-29T09:00:00+00:00, run_after=2024-02-29T09:02:00+00:00
[2024-02-29T09:02:39.458+0000] {processor.py:175} INFO - Processing /home/airflow/.local/lib/python3.7/site-packages/airflow/example_dags/example_sla_dag.py took 0.045 seconds
[2024-02-29T09:03:09.954+0000] {processor.py:153} INFO - Started process (PID=3006) to work on /home/airflow/.local/lib/python3.7/site-packages/airflow/example_dags/example_sla_dag.py
[2024-02-29T09:03:09.954+0000] {processor.py:743} INFO - Processing file /home/airflow/.local/lib/python3.7/site-packages/airflow/example_dags/example_sla_dag.py for tasks to queue
[2024-02-29T09:03:09.955+0000] {logging_mixin.py:137} INFO - [2024-02-29T09:03:09.954+0000] {dagbag.py:538} INFO - Filling up the DagBag from /home/airflow/.local/lib/python3.7/site-packages/airflow/example_dags/example_sla_dag.py
[2024-02-29T09:03:09.966+0000] {processor.py:753} INFO - DAG(s) dict_keys(['example_sla_dag']) retrieved from /home/airflow/.local/lib/python3.7/site-packages/airflow/example_dags/example_sla_dag.py
[2024-02-29T09:03:09.978+0000] {logging_mixin.py:137} INFO - [2024-02-29T09:03:09.978+0000] {dag.py:2690} INFO - Sync 1 DAGs
[2024-02-29T09:03:09.990+0000] {logging_mixin.py:137} INFO - [2024-02-29T09:03:09.990+0000] {dag.py:3441} INFO - Setting next_dagrun for example_sla_dag to 2024-02-29T09:00:00+00:00, run_after=2024-02-29T09:02:00+00:00
[2024-02-29T09:03:10.000+0000] {processor.py:175} INFO - Processing /home/airflow/.local/lib/python3.7/site-packages/airflow/example_dags/example_sla_dag.py took 0.048 seconds
