[2024-02-29T08:46:24.448+0000] {processor.py:153} INFO - Started process (PID=45) to work on /home/airflow/.local/lib/python3.7/site-packages/airflow/example_dags/example_time_delta_sensor_async.py
[2024-02-29T08:46:24.449+0000] {processor.py:743} INFO - Processing file /home/airflow/.local/lib/python3.7/site-packages/airflow/example_dags/example_time_delta_sensor_async.py for tasks to queue
[2024-02-29T08:46:24.449+0000] {logging_mixin.py:137} INFO - [2024-02-29T08:46:24.449+0000] {dagbag.py:538} INFO - Filling up the DagBag from /home/airflow/.local/lib/python3.7/site-packages/airflow/example_dags/example_time_delta_sensor_async.py
[2024-02-29T08:46:24.458+0000] {processor.py:753} INFO - DAG(s) dict_keys(['example_time_delta_sensor_async']) retrieved from /home/airflow/.local/lib/python3.7/site-packages/airflow/example_dags/example_time_delta_sensor_async.py
[2024-02-29T08:46:24.484+0000] {logging_mixin.py:137} INFO - [2024-02-29T08:46:24.484+0000] {dag.py:2690} INFO - Sync 1 DAGs
[2024-02-29T08:46:24.498+0000] {logging_mixin.py:137} INFO - [2024-02-29T08:46:24.498+0000] {dag.py:3441} INFO - Setting next_dagrun for example_time_delta_sensor_async to None, run_after=None
[2024-02-29T08:46:24.509+0000] {processor.py:175} INFO - Processing /home/airflow/.local/lib/python3.7/site-packages/airflow/example_dags/example_time_delta_sensor_async.py took 0.063 seconds
[2024-02-29T08:46:55.373+0000] {processor.py:153} INFO - Started process (PID=138) to work on /home/airflow/.local/lib/python3.7/site-packages/airflow/example_dags/example_time_delta_sensor_async.py
[2024-02-29T08:46:55.374+0000] {processor.py:743} INFO - Processing file /home/airflow/.local/lib/python3.7/site-packages/airflow/example_dags/example_time_delta_sensor_async.py for tasks to queue
[2024-02-29T08:46:55.375+0000] {logging_mixin.py:137} INFO - [2024-02-29T08:46:55.375+0000] {dagbag.py:538} INFO - Filling up the DagBag from /home/airflow/.local/lib/python3.7/site-packages/airflow/example_dags/example_time_delta_sensor_async.py
[2024-02-29T08:46:55.386+0000] {processor.py:753} INFO - DAG(s) dict_keys(['example_time_delta_sensor_async']) retrieved from /home/airflow/.local/lib/python3.7/site-packages/airflow/example_dags/example_time_delta_sensor_async.py
[2024-02-29T08:46:55.402+0000] {logging_mixin.py:137} INFO - [2024-02-29T08:46:55.402+0000] {dag.py:2690} INFO - Sync 1 DAGs
[2024-02-29T08:46:55.416+0000] {logging_mixin.py:137} INFO - [2024-02-29T08:46:55.416+0000] {dag.py:3441} INFO - Setting next_dagrun for example_time_delta_sensor_async to None, run_after=None
[2024-02-29T08:46:55.425+0000] {processor.py:175} INFO - Processing /home/airflow/.local/lib/python3.7/site-packages/airflow/example_dags/example_time_delta_sensor_async.py took 0.055 seconds
[2024-02-29T08:47:25.711+0000] {processor.py:153} INFO - Started process (PID=232) to work on /home/airflow/.local/lib/python3.7/site-packages/airflow/example_dags/example_time_delta_sensor_async.py
[2024-02-29T08:47:25.712+0000] {processor.py:743} INFO - Processing file /home/airflow/.local/lib/python3.7/site-packages/airflow/example_dags/example_time_delta_sensor_async.py for tasks to queue
[2024-02-29T08:47:25.713+0000] {logging_mixin.py:137} INFO - [2024-02-29T08:47:25.713+0000] {dagbag.py:538} INFO - Filling up the DagBag from /home/airflow/.local/lib/python3.7/site-packages/airflow/example_dags/example_time_delta_sensor_async.py
[2024-02-29T08:47:25.725+0000] {processor.py:753} INFO - DAG(s) dict_keys(['example_time_delta_sensor_async']) retrieved from /home/airflow/.local/lib/python3.7/site-packages/airflow/example_dags/example_time_delta_sensor_async.py
[2024-02-29T08:47:25.742+0000] {logging_mixin.py:137} INFO - [2024-02-29T08:47:25.742+0000] {dag.py:2690} INFO - Sync 1 DAGs
[2024-02-29T08:47:25.755+0000] {logging_mixin.py:137} INFO - [2024-02-29T08:47:25.755+0000] {dag.py:3441} INFO - Setting next_dagrun for example_time_delta_sensor_async to None, run_after=None
[2024-02-29T08:47:25.763+0000] {processor.py:175} INFO - Processing /home/airflow/.local/lib/python3.7/site-packages/airflow/example_dags/example_time_delta_sensor_async.py took 0.055 seconds
[2024-02-29T08:47:56.009+0000] {processor.py:153} INFO - Started process (PID=308) to work on /home/airflow/.local/lib/python3.7/site-packages/airflow/example_dags/example_time_delta_sensor_async.py
[2024-02-29T08:47:56.009+0000] {processor.py:743} INFO - Processing file /home/airflow/.local/lib/python3.7/site-packages/airflow/example_dags/example_time_delta_sensor_async.py for tasks to queue
[2024-02-29T08:47:56.010+0000] {logging_mixin.py:137} INFO - [2024-02-29T08:47:56.010+0000] {dagbag.py:538} INFO - Filling up the DagBag from /home/airflow/.local/lib/python3.7/site-packages/airflow/example_dags/example_time_delta_sensor_async.py
[2024-02-29T08:47:56.018+0000] {processor.py:753} INFO - DAG(s) dict_keys(['example_time_delta_sensor_async']) retrieved from /home/airflow/.local/lib/python3.7/site-packages/airflow/example_dags/example_time_delta_sensor_async.py
[2024-02-29T08:47:56.031+0000] {logging_mixin.py:137} INFO - [2024-02-29T08:47:56.031+0000] {dag.py:2690} INFO - Sync 1 DAGs
[2024-02-29T08:47:56.044+0000] {logging_mixin.py:137} INFO - [2024-02-29T08:47:56.044+0000] {dag.py:3441} INFO - Setting next_dagrun for example_time_delta_sensor_async to None, run_after=None
[2024-02-29T08:47:56.053+0000] {processor.py:175} INFO - Processing /home/airflow/.local/lib/python3.7/site-packages/airflow/example_dags/example_time_delta_sensor_async.py took 0.046 seconds
[2024-02-29T08:48:26.562+0000] {processor.py:153} INFO - Started process (PID=401) to work on /home/airflow/.local/lib/python3.7/site-packages/airflow/example_dags/example_time_delta_sensor_async.py
[2024-02-29T08:48:26.564+0000] {processor.py:743} INFO - Processing file /home/airflow/.local/lib/python3.7/site-packages/airflow/example_dags/example_time_delta_sensor_async.py for tasks to queue
[2024-02-29T08:48:26.564+0000] {logging_mixin.py:137} INFO - [2024-02-29T08:48:26.564+0000] {dagbag.py:538} INFO - Filling up the DagBag from /home/airflow/.local/lib/python3.7/site-packages/airflow/example_dags/example_time_delta_sensor_async.py
[2024-02-29T08:48:26.577+0000] {processor.py:753} INFO - DAG(s) dict_keys(['example_time_delta_sensor_async']) retrieved from /home/airflow/.local/lib/python3.7/site-packages/airflow/example_dags/example_time_delta_sensor_async.py
[2024-02-29T08:48:26.594+0000] {logging_mixin.py:137} INFO - [2024-02-29T08:48:26.594+0000] {dag.py:2690} INFO - Sync 1 DAGs
[2024-02-29T08:48:26.607+0000] {logging_mixin.py:137} INFO - [2024-02-29T08:48:26.607+0000] {dag.py:3441} INFO - Setting next_dagrun for example_time_delta_sensor_async to None, run_after=None
[2024-02-29T08:48:26.616+0000] {processor.py:175} INFO - Processing /home/airflow/.local/lib/python3.7/site-packages/airflow/example_dags/example_time_delta_sensor_async.py took 0.057 seconds
[2024-02-29T08:48:56.897+0000] {processor.py:153} INFO - Started process (PID=495) to work on /home/airflow/.local/lib/python3.7/site-packages/airflow/example_dags/example_time_delta_sensor_async.py
[2024-02-29T08:48:56.898+0000] {processor.py:743} INFO - Processing file /home/airflow/.local/lib/python3.7/site-packages/airflow/example_dags/example_time_delta_sensor_async.py for tasks to queue
[2024-02-29T08:48:56.899+0000] {logging_mixin.py:137} INFO - [2024-02-29T08:48:56.899+0000] {dagbag.py:538} INFO - Filling up the DagBag from /home/airflow/.local/lib/python3.7/site-packages/airflow/example_dags/example_time_delta_sensor_async.py
[2024-02-29T08:48:56.914+0000] {processor.py:753} INFO - DAG(s) dict_keys(['example_time_delta_sensor_async']) retrieved from /home/airflow/.local/lib/python3.7/site-packages/airflow/example_dags/example_time_delta_sensor_async.py
[2024-02-29T08:48:56.933+0000] {logging_mixin.py:137} INFO - [2024-02-29T08:48:56.932+0000] {dag.py:2690} INFO - Sync 1 DAGs
[2024-02-29T08:48:56.946+0000] {logging_mixin.py:137} INFO - [2024-02-29T08:48:56.946+0000] {dag.py:3441} INFO - Setting next_dagrun for example_time_delta_sensor_async to None, run_after=None
[2024-02-29T08:48:56.955+0000] {processor.py:175} INFO - Processing /home/airflow/.local/lib/python3.7/site-packages/airflow/example_dags/example_time_delta_sensor_async.py took 0.061 seconds
[2024-02-29T08:49:27.347+0000] {processor.py:153} INFO - Started process (PID=589) to work on /home/airflow/.local/lib/python3.7/site-packages/airflow/example_dags/example_time_delta_sensor_async.py
[2024-02-29T08:49:27.348+0000] {processor.py:743} INFO - Processing file /home/airflow/.local/lib/python3.7/site-packages/airflow/example_dags/example_time_delta_sensor_async.py for tasks to queue
[2024-02-29T08:49:27.348+0000] {logging_mixin.py:137} INFO - [2024-02-29T08:49:27.348+0000] {dagbag.py:538} INFO - Filling up the DagBag from /home/airflow/.local/lib/python3.7/site-packages/airflow/example_dags/example_time_delta_sensor_async.py
[2024-02-29T08:49:27.361+0000] {processor.py:753} INFO - DAG(s) dict_keys(['example_time_delta_sensor_async']) retrieved from /home/airflow/.local/lib/python3.7/site-packages/airflow/example_dags/example_time_delta_sensor_async.py
[2024-02-29T08:49:27.377+0000] {logging_mixin.py:137} INFO - [2024-02-29T08:49:27.377+0000] {dag.py:2690} INFO - Sync 1 DAGs
[2024-02-29T08:49:27.391+0000] {logging_mixin.py:137} INFO - [2024-02-29T08:49:27.391+0000] {dag.py:3441} INFO - Setting next_dagrun for example_time_delta_sensor_async to None, run_after=None
[2024-02-29T08:49:27.400+0000] {processor.py:175} INFO - Processing /home/airflow/.local/lib/python3.7/site-packages/airflow/example_dags/example_time_delta_sensor_async.py took 0.057 seconds
[2024-02-29T08:49:57.673+0000] {processor.py:153} INFO - Started process (PID=664) to work on /home/airflow/.local/lib/python3.7/site-packages/airflow/example_dags/example_time_delta_sensor_async.py
[2024-02-29T08:49:57.674+0000] {processor.py:743} INFO - Processing file /home/airflow/.local/lib/python3.7/site-packages/airflow/example_dags/example_time_delta_sensor_async.py for tasks to queue
[2024-02-29T08:49:57.675+0000] {logging_mixin.py:137} INFO - [2024-02-29T08:49:57.675+0000] {dagbag.py:538} INFO - Filling up the DagBag from /home/airflow/.local/lib/python3.7/site-packages/airflow/example_dags/example_time_delta_sensor_async.py
[2024-02-29T08:49:57.686+0000] {processor.py:753} INFO - DAG(s) dict_keys(['example_time_delta_sensor_async']) retrieved from /home/airflow/.local/lib/python3.7/site-packages/airflow/example_dags/example_time_delta_sensor_async.py
[2024-02-29T08:49:57.701+0000] {logging_mixin.py:137} INFO - [2024-02-29T08:49:57.701+0000] {dag.py:2690} INFO - Sync 1 DAGs
[2024-02-29T08:49:57.713+0000] {logging_mixin.py:137} INFO - [2024-02-29T08:49:57.713+0000] {dag.py:3441} INFO - Setting next_dagrun for example_time_delta_sensor_async to None, run_after=None
[2024-02-29T08:49:57.721+0000] {processor.py:175} INFO - Processing /home/airflow/.local/lib/python3.7/site-packages/airflow/example_dags/example_time_delta_sensor_async.py took 0.051 seconds
[2024-02-29T08:50:28.030+0000] {processor.py:153} INFO - Started process (PID=758) to work on /home/airflow/.local/lib/python3.7/site-packages/airflow/example_dags/example_time_delta_sensor_async.py
[2024-02-29T08:50:28.031+0000] {processor.py:743} INFO - Processing file /home/airflow/.local/lib/python3.7/site-packages/airflow/example_dags/example_time_delta_sensor_async.py for tasks to queue
[2024-02-29T08:50:28.032+0000] {logging_mixin.py:137} INFO - [2024-02-29T08:50:28.032+0000] {dagbag.py:538} INFO - Filling up the DagBag from /home/airflow/.local/lib/python3.7/site-packages/airflow/example_dags/example_time_delta_sensor_async.py
[2024-02-29T08:50:28.040+0000] {processor.py:753} INFO - DAG(s) dict_keys(['example_time_delta_sensor_async']) retrieved from /home/airflow/.local/lib/python3.7/site-packages/airflow/example_dags/example_time_delta_sensor_async.py
[2024-02-29T08:50:28.054+0000] {logging_mixin.py:137} INFO - [2024-02-29T08:50:28.054+0000] {dag.py:2690} INFO - Sync 1 DAGs
[2024-02-29T08:50:28.066+0000] {logging_mixin.py:137} INFO - [2024-02-29T08:50:28.066+0000] {dag.py:3441} INFO - Setting next_dagrun for example_time_delta_sensor_async to None, run_after=None
[2024-02-29T08:50:28.074+0000] {processor.py:175} INFO - Processing /home/airflow/.local/lib/python3.7/site-packages/airflow/example_dags/example_time_delta_sensor_async.py took 0.046 seconds
[2024-02-29T08:50:58.600+0000] {processor.py:153} INFO - Started process (PID=852) to work on /home/airflow/.local/lib/python3.7/site-packages/airflow/example_dags/example_time_delta_sensor_async.py
[2024-02-29T08:50:58.601+0000] {processor.py:743} INFO - Processing file /home/airflow/.local/lib/python3.7/site-packages/airflow/example_dags/example_time_delta_sensor_async.py for tasks to queue
[2024-02-29T08:50:58.602+0000] {logging_mixin.py:137} INFO - [2024-02-29T08:50:58.602+0000] {dagbag.py:538} INFO - Filling up the DagBag from /home/airflow/.local/lib/python3.7/site-packages/airflow/example_dags/example_time_delta_sensor_async.py
[2024-02-29T08:50:58.616+0000] {processor.py:753} INFO - DAG(s) dict_keys(['example_time_delta_sensor_async']) retrieved from /home/airflow/.local/lib/python3.7/site-packages/airflow/example_dags/example_time_delta_sensor_async.py
[2024-02-29T08:50:58.635+0000] {logging_mixin.py:137} INFO - [2024-02-29T08:50:58.635+0000] {dag.py:2690} INFO - Sync 1 DAGs
[2024-02-29T08:50:58.649+0000] {logging_mixin.py:137} INFO - [2024-02-29T08:50:58.649+0000] {dag.py:3441} INFO - Setting next_dagrun for example_time_delta_sensor_async to None, run_after=None
[2024-02-29T08:50:58.658+0000] {processor.py:175} INFO - Processing /home/airflow/.local/lib/python3.7/site-packages/airflow/example_dags/example_time_delta_sensor_async.py took 0.062 seconds
[2024-02-29T08:51:28.962+0000] {processor.py:153} INFO - Started process (PID=945) to work on /home/airflow/.local/lib/python3.7/site-packages/airflow/example_dags/example_time_delta_sensor_async.py
[2024-02-29T08:51:28.964+0000] {processor.py:743} INFO - Processing file /home/airflow/.local/lib/python3.7/site-packages/airflow/example_dags/example_time_delta_sensor_async.py for tasks to queue
[2024-02-29T08:51:28.965+0000] {logging_mixin.py:137} INFO - [2024-02-29T08:51:28.964+0000] {dagbag.py:538} INFO - Filling up the DagBag from /home/airflow/.local/lib/python3.7/site-packages/airflow/example_dags/example_time_delta_sensor_async.py
[2024-02-29T08:51:28.975+0000] {processor.py:753} INFO - DAG(s) dict_keys(['example_time_delta_sensor_async']) retrieved from /home/airflow/.local/lib/python3.7/site-packages/airflow/example_dags/example_time_delta_sensor_async.py
[2024-02-29T08:51:28.994+0000] {logging_mixin.py:137} INFO - [2024-02-29T08:51:28.994+0000] {dag.py:2690} INFO - Sync 1 DAGs
[2024-02-29T08:51:29.010+0000] {logging_mixin.py:137} INFO - [2024-02-29T08:51:29.010+0000] {dag.py:3441} INFO - Setting next_dagrun for example_time_delta_sensor_async to None, run_after=None
[2024-02-29T08:51:29.020+0000] {processor.py:175} INFO - Processing /home/airflow/.local/lib/python3.7/site-packages/airflow/example_dags/example_time_delta_sensor_async.py took 0.061 seconds
[2024-02-29T08:51:59.335+0000] {processor.py:153} INFO - Started process (PID=1021) to work on /home/airflow/.local/lib/python3.7/site-packages/airflow/example_dags/example_time_delta_sensor_async.py
[2024-02-29T08:51:59.336+0000] {processor.py:743} INFO - Processing file /home/airflow/.local/lib/python3.7/site-packages/airflow/example_dags/example_time_delta_sensor_async.py for tasks to queue
[2024-02-29T08:51:59.337+0000] {logging_mixin.py:137} INFO - [2024-02-29T08:51:59.336+0000] {dagbag.py:538} INFO - Filling up the DagBag from /home/airflow/.local/lib/python3.7/site-packages/airflow/example_dags/example_time_delta_sensor_async.py
[2024-02-29T08:51:59.351+0000] {processor.py:753} INFO - DAG(s) dict_keys(['example_time_delta_sensor_async']) retrieved from /home/airflow/.local/lib/python3.7/site-packages/airflow/example_dags/example_time_delta_sensor_async.py
[2024-02-29T08:51:59.367+0000] {logging_mixin.py:137} INFO - [2024-02-29T08:51:59.367+0000] {dag.py:2690} INFO - Sync 1 DAGs
[2024-02-29T08:51:59.381+0000] {logging_mixin.py:137} INFO - [2024-02-29T08:51:59.381+0000] {dag.py:3441} INFO - Setting next_dagrun for example_time_delta_sensor_async to None, run_after=None
[2024-02-29T08:51:59.390+0000] {processor.py:175} INFO - Processing /home/airflow/.local/lib/python3.7/site-packages/airflow/example_dags/example_time_delta_sensor_async.py took 0.060 seconds
[2024-02-29T08:52:29.691+0000] {processor.py:153} INFO - Started process (PID=1114) to work on /home/airflow/.local/lib/python3.7/site-packages/airflow/example_dags/example_time_delta_sensor_async.py
[2024-02-29T08:52:29.692+0000] {processor.py:743} INFO - Processing file /home/airflow/.local/lib/python3.7/site-packages/airflow/example_dags/example_time_delta_sensor_async.py for tasks to queue
[2024-02-29T08:52:29.692+0000] {logging_mixin.py:137} INFO - [2024-02-29T08:52:29.692+0000] {dagbag.py:538} INFO - Filling up the DagBag from /home/airflow/.local/lib/python3.7/site-packages/airflow/example_dags/example_time_delta_sensor_async.py
[2024-02-29T08:52:29.698+0000] {processor.py:753} INFO - DAG(s) dict_keys(['example_time_delta_sensor_async']) retrieved from /home/airflow/.local/lib/python3.7/site-packages/airflow/example_dags/example_time_delta_sensor_async.py
[2024-02-29T08:52:29.710+0000] {logging_mixin.py:137} INFO - [2024-02-29T08:52:29.710+0000] {dag.py:2690} INFO - Sync 1 DAGs
[2024-02-29T08:52:29.722+0000] {logging_mixin.py:137} INFO - [2024-02-29T08:52:29.722+0000] {dag.py:3441} INFO - Setting next_dagrun for example_time_delta_sensor_async to None, run_after=None
[2024-02-29T08:52:29.731+0000] {processor.py:175} INFO - Processing /home/airflow/.local/lib/python3.7/site-packages/airflow/example_dags/example_time_delta_sensor_async.py took 0.041 seconds
[2024-02-29T08:53:00.017+0000] {processor.py:153} INFO - Started process (PID=1207) to work on /home/airflow/.local/lib/python3.7/site-packages/airflow/example_dags/example_time_delta_sensor_async.py
[2024-02-29T08:53:00.018+0000] {processor.py:743} INFO - Processing file /home/airflow/.local/lib/python3.7/site-packages/airflow/example_dags/example_time_delta_sensor_async.py for tasks to queue
[2024-02-29T08:53:00.019+0000] {logging_mixin.py:137} INFO - [2024-02-29T08:53:00.019+0000] {dagbag.py:538} INFO - Filling up the DagBag from /home/airflow/.local/lib/python3.7/site-packages/airflow/example_dags/example_time_delta_sensor_async.py
[2024-02-29T08:53:00.031+0000] {processor.py:753} INFO - DAG(s) dict_keys(['example_time_delta_sensor_async']) retrieved from /home/airflow/.local/lib/python3.7/site-packages/airflow/example_dags/example_time_delta_sensor_async.py
[2024-02-29T08:53:00.048+0000] {logging_mixin.py:137} INFO - [2024-02-29T08:53:00.048+0000] {dag.py:2690} INFO - Sync 1 DAGs
[2024-02-29T08:53:00.062+0000] {logging_mixin.py:137} INFO - [2024-02-29T08:53:00.062+0000] {dag.py:3441} INFO - Setting next_dagrun for example_time_delta_sensor_async to None, run_after=None
[2024-02-29T08:53:00.071+0000] {processor.py:175} INFO - Processing /home/airflow/.local/lib/python3.7/site-packages/airflow/example_dags/example_time_delta_sensor_async.py took 0.059 seconds
[2024-02-29T08:53:30.420+0000] {processor.py:153} INFO - Started process (PID=1301) to work on /home/airflow/.local/lib/python3.7/site-packages/airflow/example_dags/example_time_delta_sensor_async.py
[2024-02-29T08:53:30.421+0000] {processor.py:743} INFO - Processing file /home/airflow/.local/lib/python3.7/site-packages/airflow/example_dags/example_time_delta_sensor_async.py for tasks to queue
[2024-02-29T08:53:30.421+0000] {logging_mixin.py:137} INFO - [2024-02-29T08:53:30.421+0000] {dagbag.py:538} INFO - Filling up the DagBag from /home/airflow/.local/lib/python3.7/site-packages/airflow/example_dags/example_time_delta_sensor_async.py
[2024-02-29T08:53:30.429+0000] {processor.py:753} INFO - DAG(s) dict_keys(['example_time_delta_sensor_async']) retrieved from /home/airflow/.local/lib/python3.7/site-packages/airflow/example_dags/example_time_delta_sensor_async.py
[2024-02-29T08:53:30.443+0000] {logging_mixin.py:137} INFO - [2024-02-29T08:53:30.443+0000] {dag.py:2690} INFO - Sync 1 DAGs
[2024-02-29T08:53:30.454+0000] {logging_mixin.py:137} INFO - [2024-02-29T08:53:30.454+0000] {dag.py:3441} INFO - Setting next_dagrun for example_time_delta_sensor_async to None, run_after=None
[2024-02-29T08:53:30.463+0000] {processor.py:175} INFO - Processing /home/airflow/.local/lib/python3.7/site-packages/airflow/example_dags/example_time_delta_sensor_async.py took 0.045 seconds
[2024-02-29T08:54:00.814+0000] {processor.py:153} INFO - Started process (PID=1377) to work on /home/airflow/.local/lib/python3.7/site-packages/airflow/example_dags/example_time_delta_sensor_async.py
[2024-02-29T08:54:00.815+0000] {processor.py:743} INFO - Processing file /home/airflow/.local/lib/python3.7/site-packages/airflow/example_dags/example_time_delta_sensor_async.py for tasks to queue
[2024-02-29T08:54:00.816+0000] {logging_mixin.py:137} INFO - [2024-02-29T08:54:00.816+0000] {dagbag.py:538} INFO - Filling up the DagBag from /home/airflow/.local/lib/python3.7/site-packages/airflow/example_dags/example_time_delta_sensor_async.py
[2024-02-29T08:54:00.829+0000] {processor.py:753} INFO - DAG(s) dict_keys(['example_time_delta_sensor_async']) retrieved from /home/airflow/.local/lib/python3.7/site-packages/airflow/example_dags/example_time_delta_sensor_async.py
[2024-02-29T08:54:00.848+0000] {logging_mixin.py:137} INFO - [2024-02-29T08:54:00.848+0000] {dag.py:2690} INFO - Sync 1 DAGs
[2024-02-29T08:54:00.862+0000] {logging_mixin.py:137} INFO - [2024-02-29T08:54:00.862+0000] {dag.py:3441} INFO - Setting next_dagrun for example_time_delta_sensor_async to None, run_after=None
[2024-02-29T08:54:00.870+0000] {processor.py:175} INFO - Processing /home/airflow/.local/lib/python3.7/site-packages/airflow/example_dags/example_time_delta_sensor_async.py took 0.060 seconds
[2024-02-29T08:54:31.225+0000] {processor.py:153} INFO - Started process (PID=1471) to work on /home/airflow/.local/lib/python3.7/site-packages/airflow/example_dags/example_time_delta_sensor_async.py
[2024-02-29T08:54:31.226+0000] {processor.py:743} INFO - Processing file /home/airflow/.local/lib/python3.7/site-packages/airflow/example_dags/example_time_delta_sensor_async.py for tasks to queue
[2024-02-29T08:54:31.227+0000] {logging_mixin.py:137} INFO - [2024-02-29T08:54:31.227+0000] {dagbag.py:538} INFO - Filling up the DagBag from /home/airflow/.local/lib/python3.7/site-packages/airflow/example_dags/example_time_delta_sensor_async.py
[2024-02-29T08:54:31.239+0000] {processor.py:753} INFO - DAG(s) dict_keys(['example_time_delta_sensor_async']) retrieved from /home/airflow/.local/lib/python3.7/site-packages/airflow/example_dags/example_time_delta_sensor_async.py
[2024-02-29T08:54:31.257+0000] {logging_mixin.py:137} INFO - [2024-02-29T08:54:31.257+0000] {dag.py:2690} INFO - Sync 1 DAGs
[2024-02-29T08:54:31.270+0000] {logging_mixin.py:137} INFO - [2024-02-29T08:54:31.270+0000] {dag.py:3441} INFO - Setting next_dagrun for example_time_delta_sensor_async to None, run_after=None
[2024-02-29T08:54:31.279+0000] {processor.py:175} INFO - Processing /home/airflow/.local/lib/python3.7/site-packages/airflow/example_dags/example_time_delta_sensor_async.py took 0.059 seconds
[2024-02-29T08:55:01.680+0000] {processor.py:153} INFO - Started process (PID=1565) to work on /home/airflow/.local/lib/python3.7/site-packages/airflow/example_dags/example_time_delta_sensor_async.py
[2024-02-29T08:55:01.680+0000] {processor.py:743} INFO - Processing file /home/airflow/.local/lib/python3.7/site-packages/airflow/example_dags/example_time_delta_sensor_async.py for tasks to queue
[2024-02-29T08:55:01.681+0000] {logging_mixin.py:137} INFO - [2024-02-29T08:55:01.680+0000] {dagbag.py:538} INFO - Filling up the DagBag from /home/airflow/.local/lib/python3.7/site-packages/airflow/example_dags/example_time_delta_sensor_async.py
[2024-02-29T08:55:01.686+0000] {processor.py:753} INFO - DAG(s) dict_keys(['example_time_delta_sensor_async']) retrieved from /home/airflow/.local/lib/python3.7/site-packages/airflow/example_dags/example_time_delta_sensor_async.py
[2024-02-29T08:55:01.697+0000] {logging_mixin.py:137} INFO - [2024-02-29T08:55:01.697+0000] {dag.py:2690} INFO - Sync 1 DAGs
[2024-02-29T08:55:01.708+0000] {logging_mixin.py:137} INFO - [2024-02-29T08:55:01.707+0000] {dag.py:3441} INFO - Setting next_dagrun for example_time_delta_sensor_async to None, run_after=None
[2024-02-29T08:55:01.715+0000] {processor.py:175} INFO - Processing /home/airflow/.local/lib/python3.7/site-packages/airflow/example_dags/example_time_delta_sensor_async.py took 0.037 seconds
[2024-02-29T08:55:32.131+0000] {processor.py:153} INFO - Started process (PID=1658) to work on /home/airflow/.local/lib/python3.7/site-packages/airflow/example_dags/example_time_delta_sensor_async.py
[2024-02-29T08:55:32.132+0000] {processor.py:743} INFO - Processing file /home/airflow/.local/lib/python3.7/site-packages/airflow/example_dags/example_time_delta_sensor_async.py for tasks to queue
[2024-02-29T08:55:32.133+0000] {logging_mixin.py:137} INFO - [2024-02-29T08:55:32.133+0000] {dagbag.py:538} INFO - Filling up the DagBag from /home/airflow/.local/lib/python3.7/site-packages/airflow/example_dags/example_time_delta_sensor_async.py
[2024-02-29T08:55:32.140+0000] {processor.py:753} INFO - DAG(s) dict_keys(['example_time_delta_sensor_async']) retrieved from /home/airflow/.local/lib/python3.7/site-packages/airflow/example_dags/example_time_delta_sensor_async.py
[2024-02-29T08:55:32.153+0000] {logging_mixin.py:137} INFO - [2024-02-29T08:55:32.153+0000] {dag.py:2690} INFO - Sync 1 DAGs
[2024-02-29T08:55:32.165+0000] {logging_mixin.py:137} INFO - [2024-02-29T08:55:32.165+0000] {dag.py:3441} INFO - Setting next_dagrun for example_time_delta_sensor_async to None, run_after=None
[2024-02-29T08:55:32.174+0000] {processor.py:175} INFO - Processing /home/airflow/.local/lib/python3.7/site-packages/airflow/example_dags/example_time_delta_sensor_async.py took 0.046 seconds
[2024-02-29T08:56:02.435+0000] {processor.py:153} INFO - Started process (PID=1734) to work on /home/airflow/.local/lib/python3.7/site-packages/airflow/example_dags/example_time_delta_sensor_async.py
[2024-02-29T08:56:02.436+0000] {processor.py:743} INFO - Processing file /home/airflow/.local/lib/python3.7/site-packages/airflow/example_dags/example_time_delta_sensor_async.py for tasks to queue
[2024-02-29T08:56:02.437+0000] {logging_mixin.py:137} INFO - [2024-02-29T08:56:02.437+0000] {dagbag.py:538} INFO - Filling up the DagBag from /home/airflow/.local/lib/python3.7/site-packages/airflow/example_dags/example_time_delta_sensor_async.py
[2024-02-29T08:56:02.446+0000] {processor.py:753} INFO - DAG(s) dict_keys(['example_time_delta_sensor_async']) retrieved from /home/airflow/.local/lib/python3.7/site-packages/airflow/example_dags/example_time_delta_sensor_async.py
[2024-02-29T08:56:02.461+0000] {logging_mixin.py:137} INFO - [2024-02-29T08:56:02.461+0000] {dag.py:2690} INFO - Sync 1 DAGs
[2024-02-29T08:56:02.473+0000] {logging_mixin.py:137} INFO - [2024-02-29T08:56:02.473+0000] {dag.py:3441} INFO - Setting next_dagrun for example_time_delta_sensor_async to None, run_after=None
[2024-02-29T08:56:02.481+0000] {processor.py:175} INFO - Processing /home/airflow/.local/lib/python3.7/site-packages/airflow/example_dags/example_time_delta_sensor_async.py took 0.050 seconds
[2024-02-29T08:56:32.874+0000] {processor.py:153} INFO - Started process (PID=1828) to work on /home/airflow/.local/lib/python3.7/site-packages/airflow/example_dags/example_time_delta_sensor_async.py
[2024-02-29T08:56:32.875+0000] {processor.py:743} INFO - Processing file /home/airflow/.local/lib/python3.7/site-packages/airflow/example_dags/example_time_delta_sensor_async.py for tasks to queue
[2024-02-29T08:56:32.876+0000] {logging_mixin.py:137} INFO - [2024-02-29T08:56:32.876+0000] {dagbag.py:538} INFO - Filling up the DagBag from /home/airflow/.local/lib/python3.7/site-packages/airflow/example_dags/example_time_delta_sensor_async.py
[2024-02-29T08:56:32.888+0000] {processor.py:753} INFO - DAG(s) dict_keys(['example_time_delta_sensor_async']) retrieved from /home/airflow/.local/lib/python3.7/site-packages/airflow/example_dags/example_time_delta_sensor_async.py
[2024-02-29T08:56:32.904+0000] {logging_mixin.py:137} INFO - [2024-02-29T08:56:32.904+0000] {dag.py:2690} INFO - Sync 1 DAGs
[2024-02-29T08:56:32.917+0000] {logging_mixin.py:137} INFO - [2024-02-29T08:56:32.917+0000] {dag.py:3441} INFO - Setting next_dagrun for example_time_delta_sensor_async to None, run_after=None
[2024-02-29T08:56:32.927+0000] {processor.py:175} INFO - Processing /home/airflow/.local/lib/python3.7/site-packages/airflow/example_dags/example_time_delta_sensor_async.py took 0.056 seconds
[2024-02-29T08:57:03.301+0000] {processor.py:153} INFO - Started process (PID=1922) to work on /home/airflow/.local/lib/python3.7/site-packages/airflow/example_dags/example_time_delta_sensor_async.py
[2024-02-29T08:57:03.302+0000] {processor.py:743} INFO - Processing file /home/airflow/.local/lib/python3.7/site-packages/airflow/example_dags/example_time_delta_sensor_async.py for tasks to queue
[2024-02-29T08:57:03.303+0000] {logging_mixin.py:137} INFO - [2024-02-29T08:57:03.302+0000] {dagbag.py:538} INFO - Filling up the DagBag from /home/airflow/.local/lib/python3.7/site-packages/airflow/example_dags/example_time_delta_sensor_async.py
[2024-02-29T08:57:03.315+0000] {processor.py:753} INFO - DAG(s) dict_keys(['example_time_delta_sensor_async']) retrieved from /home/airflow/.local/lib/python3.7/site-packages/airflow/example_dags/example_time_delta_sensor_async.py
[2024-02-29T08:57:03.332+0000] {logging_mixin.py:137} INFO - [2024-02-29T08:57:03.332+0000] {dag.py:2690} INFO - Sync 1 DAGs
[2024-02-29T08:57:03.345+0000] {logging_mixin.py:137} INFO - [2024-02-29T08:57:03.345+0000] {dag.py:3441} INFO - Setting next_dagrun for example_time_delta_sensor_async to None, run_after=None
[2024-02-29T08:57:03.355+0000] {processor.py:175} INFO - Processing /home/airflow/.local/lib/python3.7/site-packages/airflow/example_dags/example_time_delta_sensor_async.py took 0.059 seconds
[2024-02-29T08:57:33.676+0000] {processor.py:153} INFO - Started process (PID=2016) to work on /home/airflow/.local/lib/python3.7/site-packages/airflow/example_dags/example_time_delta_sensor_async.py
[2024-02-29T08:57:33.677+0000] {processor.py:743} INFO - Processing file /home/airflow/.local/lib/python3.7/site-packages/airflow/example_dags/example_time_delta_sensor_async.py for tasks to queue
[2024-02-29T08:57:33.677+0000] {logging_mixin.py:137} INFO - [2024-02-29T08:57:33.677+0000] {dagbag.py:538} INFO - Filling up the DagBag from /home/airflow/.local/lib/python3.7/site-packages/airflow/example_dags/example_time_delta_sensor_async.py
[2024-02-29T08:57:33.684+0000] {processor.py:753} INFO - DAG(s) dict_keys(['example_time_delta_sensor_async']) retrieved from /home/airflow/.local/lib/python3.7/site-packages/airflow/example_dags/example_time_delta_sensor_async.py
[2024-02-29T08:57:33.697+0000] {logging_mixin.py:137} INFO - [2024-02-29T08:57:33.697+0000] {dag.py:2690} INFO - Sync 1 DAGs
[2024-02-29T08:57:33.710+0000] {logging_mixin.py:137} INFO - [2024-02-29T08:57:33.710+0000] {dag.py:3441} INFO - Setting next_dagrun for example_time_delta_sensor_async to None, run_after=None
[2024-02-29T08:57:33.720+0000] {processor.py:175} INFO - Processing /home/airflow/.local/lib/python3.7/site-packages/airflow/example_dags/example_time_delta_sensor_async.py took 0.045 seconds
[2024-02-29T08:58:04.270+0000] {processor.py:153} INFO - Started process (PID=2092) to work on /home/airflow/.local/lib/python3.7/site-packages/airflow/example_dags/example_time_delta_sensor_async.py
[2024-02-29T08:58:04.271+0000] {processor.py:743} INFO - Processing file /home/airflow/.local/lib/python3.7/site-packages/airflow/example_dags/example_time_delta_sensor_async.py for tasks to queue
[2024-02-29T08:58:04.272+0000] {logging_mixin.py:137} INFO - [2024-02-29T08:58:04.272+0000] {dagbag.py:538} INFO - Filling up the DagBag from /home/airflow/.local/lib/python3.7/site-packages/airflow/example_dags/example_time_delta_sensor_async.py
[2024-02-29T08:58:04.285+0000] {processor.py:753} INFO - DAG(s) dict_keys(['example_time_delta_sensor_async']) retrieved from /home/airflow/.local/lib/python3.7/site-packages/airflow/example_dags/example_time_delta_sensor_async.py
[2024-02-29T08:58:04.305+0000] {logging_mixin.py:137} INFO - [2024-02-29T08:58:04.304+0000] {dag.py:2690} INFO - Sync 1 DAGs
[2024-02-29T08:58:04.318+0000] {logging_mixin.py:137} INFO - [2024-02-29T08:58:04.318+0000] {dag.py:3441} INFO - Setting next_dagrun for example_time_delta_sensor_async to None, run_after=None
[2024-02-29T08:58:04.327+0000] {processor.py:175} INFO - Processing /home/airflow/.local/lib/python3.7/site-packages/airflow/example_dags/example_time_delta_sensor_async.py took 0.062 seconds
[2024-02-29T08:58:34.746+0000] {processor.py:153} INFO - Started process (PID=2186) to work on /home/airflow/.local/lib/python3.7/site-packages/airflow/example_dags/example_time_delta_sensor_async.py
[2024-02-29T08:58:34.747+0000] {processor.py:743} INFO - Processing file /home/airflow/.local/lib/python3.7/site-packages/airflow/example_dags/example_time_delta_sensor_async.py for tasks to queue
[2024-02-29T08:58:34.748+0000] {logging_mixin.py:137} INFO - [2024-02-29T08:58:34.748+0000] {dagbag.py:538} INFO - Filling up the DagBag from /home/airflow/.local/lib/python3.7/site-packages/airflow/example_dags/example_time_delta_sensor_async.py
[2024-02-29T08:58:34.759+0000] {processor.py:753} INFO - DAG(s) dict_keys(['example_time_delta_sensor_async']) retrieved from /home/airflow/.local/lib/python3.7/site-packages/airflow/example_dags/example_time_delta_sensor_async.py
[2024-02-29T08:58:34.777+0000] {logging_mixin.py:137} INFO - [2024-02-29T08:58:34.777+0000] {dag.py:2690} INFO - Sync 1 DAGs
[2024-02-29T08:58:34.792+0000] {logging_mixin.py:137} INFO - [2024-02-29T08:58:34.792+0000] {dag.py:3441} INFO - Setting next_dagrun for example_time_delta_sensor_async to None, run_after=None
[2024-02-29T08:58:34.803+0000] {processor.py:175} INFO - Processing /home/airflow/.local/lib/python3.7/site-packages/airflow/example_dags/example_time_delta_sensor_async.py took 0.061 seconds
[2024-02-29T08:59:05.142+0000] {processor.py:153} INFO - Started process (PID=2279) to work on /home/airflow/.local/lib/python3.7/site-packages/airflow/example_dags/example_time_delta_sensor_async.py
[2024-02-29T08:59:05.143+0000] {processor.py:743} INFO - Processing file /home/airflow/.local/lib/python3.7/site-packages/airflow/example_dags/example_time_delta_sensor_async.py for tasks to queue
[2024-02-29T08:59:05.144+0000] {logging_mixin.py:137} INFO - [2024-02-29T08:59:05.144+0000] {dagbag.py:538} INFO - Filling up the DagBag from /home/airflow/.local/lib/python3.7/site-packages/airflow/example_dags/example_time_delta_sensor_async.py
[2024-02-29T08:59:05.155+0000] {processor.py:753} INFO - DAG(s) dict_keys(['example_time_delta_sensor_async']) retrieved from /home/airflow/.local/lib/python3.7/site-packages/airflow/example_dags/example_time_delta_sensor_async.py
[2024-02-29T08:59:05.172+0000] {logging_mixin.py:137} INFO - [2024-02-29T08:59:05.172+0000] {dag.py:2690} INFO - Sync 1 DAGs
[2024-02-29T08:59:05.186+0000] {logging_mixin.py:137} INFO - [2024-02-29T08:59:05.186+0000] {dag.py:3441} INFO - Setting next_dagrun for example_time_delta_sensor_async to None, run_after=None
[2024-02-29T08:59:05.195+0000] {processor.py:175} INFO - Processing /home/airflow/.local/lib/python3.7/site-packages/airflow/example_dags/example_time_delta_sensor_async.py took 0.057 seconds
[2024-02-29T08:59:35.526+0000] {processor.py:153} INFO - Started process (PID=2364) to work on /home/airflow/.local/lib/python3.7/site-packages/airflow/example_dags/example_time_delta_sensor_async.py
[2024-02-29T08:59:35.526+0000] {processor.py:743} INFO - Processing file /home/airflow/.local/lib/python3.7/site-packages/airflow/example_dags/example_time_delta_sensor_async.py for tasks to queue
[2024-02-29T08:59:35.527+0000] {logging_mixin.py:137} INFO - [2024-02-29T08:59:35.527+0000] {dagbag.py:538} INFO - Filling up the DagBag from /home/airflow/.local/lib/python3.7/site-packages/airflow/example_dags/example_time_delta_sensor_async.py
[2024-02-29T08:59:35.533+0000] {processor.py:753} INFO - DAG(s) dict_keys(['example_time_delta_sensor_async']) retrieved from /home/airflow/.local/lib/python3.7/site-packages/airflow/example_dags/example_time_delta_sensor_async.py
[2024-02-29T08:59:35.548+0000] {logging_mixin.py:137} INFO - [2024-02-29T08:59:35.548+0000] {dag.py:2690} INFO - Sync 1 DAGs
[2024-02-29T08:59:35.568+0000] {logging_mixin.py:137} INFO - [2024-02-29T08:59:35.568+0000] {dag.py:3441} INFO - Setting next_dagrun for example_time_delta_sensor_async to None, run_after=None
[2024-02-29T08:59:35.595+0000] {processor.py:175} INFO - Processing /home/airflow/.local/lib/python3.7/site-packages/airflow/example_dags/example_time_delta_sensor_async.py took 0.071 seconds
[2024-02-29T09:00:06.337+0000] {processor.py:153} INFO - Started process (PID=2449) to work on /home/airflow/.local/lib/python3.7/site-packages/airflow/example_dags/example_time_delta_sensor_async.py
[2024-02-29T09:00:06.338+0000] {processor.py:743} INFO - Processing file /home/airflow/.local/lib/python3.7/site-packages/airflow/example_dags/example_time_delta_sensor_async.py for tasks to queue
[2024-02-29T09:00:06.339+0000] {logging_mixin.py:137} INFO - [2024-02-29T09:00:06.339+0000] {dagbag.py:538} INFO - Filling up the DagBag from /home/airflow/.local/lib/python3.7/site-packages/airflow/example_dags/example_time_delta_sensor_async.py
[2024-02-29T09:00:06.360+0000] {processor.py:753} INFO - DAG(s) dict_keys(['example_time_delta_sensor_async']) retrieved from /home/airflow/.local/lib/python3.7/site-packages/airflow/example_dags/example_time_delta_sensor_async.py
[2024-02-29T09:00:06.381+0000] {logging_mixin.py:137} INFO - [2024-02-29T09:00:06.381+0000] {dag.py:2690} INFO - Sync 1 DAGs
[2024-02-29T09:00:06.395+0000] {logging_mixin.py:137} INFO - [2024-02-29T09:00:06.395+0000] {dag.py:3441} INFO - Setting next_dagrun for example_time_delta_sensor_async to None, run_after=None
[2024-02-29T09:00:06.405+0000] {processor.py:175} INFO - Processing /home/airflow/.local/lib/python3.7/site-packages/airflow/example_dags/example_time_delta_sensor_async.py took 0.074 seconds
[2024-02-29T09:00:36.892+0000] {processor.py:153} INFO - Started process (PID=2543) to work on /home/airflow/.local/lib/python3.7/site-packages/airflow/example_dags/example_time_delta_sensor_async.py
[2024-02-29T09:00:36.895+0000] {processor.py:743} INFO - Processing file /home/airflow/.local/lib/python3.7/site-packages/airflow/example_dags/example_time_delta_sensor_async.py for tasks to queue
[2024-02-29T09:00:36.896+0000] {logging_mixin.py:137} INFO - [2024-02-29T09:00:36.896+0000] {dagbag.py:538} INFO - Filling up the DagBag from /home/airflow/.local/lib/python3.7/site-packages/airflow/example_dags/example_time_delta_sensor_async.py
[2024-02-29T09:00:36.916+0000] {processor.py:753} INFO - DAG(s) dict_keys(['example_time_delta_sensor_async']) retrieved from /home/airflow/.local/lib/python3.7/site-packages/airflow/example_dags/example_time_delta_sensor_async.py
[2024-02-29T09:00:36.935+0000] {logging_mixin.py:137} INFO - [2024-02-29T09:00:36.935+0000] {dag.py:2690} INFO - Sync 1 DAGs
[2024-02-29T09:00:36.948+0000] {logging_mixin.py:137} INFO - [2024-02-29T09:00:36.948+0000] {dag.py:3441} INFO - Setting next_dagrun for example_time_delta_sensor_async to None, run_after=None
[2024-02-29T09:00:36.957+0000] {processor.py:175} INFO - Processing /home/airflow/.local/lib/python3.7/site-packages/airflow/example_dags/example_time_delta_sensor_async.py took 0.068 seconds
[2024-02-29T09:01:07.311+0000] {processor.py:153} INFO - Started process (PID=2637) to work on /home/airflow/.local/lib/python3.7/site-packages/airflow/example_dags/example_time_delta_sensor_async.py
[2024-02-29T09:01:07.312+0000] {processor.py:743} INFO - Processing file /home/airflow/.local/lib/python3.7/site-packages/airflow/example_dags/example_time_delta_sensor_async.py for tasks to queue
[2024-02-29T09:01:07.313+0000] {logging_mixin.py:137} INFO - [2024-02-29T09:01:07.313+0000] {dagbag.py:538} INFO - Filling up the DagBag from /home/airflow/.local/lib/python3.7/site-packages/airflow/example_dags/example_time_delta_sensor_async.py
[2024-02-29T09:01:07.330+0000] {processor.py:753} INFO - DAG(s) dict_keys(['example_time_delta_sensor_async']) retrieved from /home/airflow/.local/lib/python3.7/site-packages/airflow/example_dags/example_time_delta_sensor_async.py
[2024-02-29T09:01:07.354+0000] {logging_mixin.py:137} INFO - [2024-02-29T09:01:07.354+0000] {dag.py:2690} INFO - Sync 1 DAGs
[2024-02-29T09:01:07.370+0000] {logging_mixin.py:137} INFO - [2024-02-29T09:01:07.370+0000] {dag.py:3441} INFO - Setting next_dagrun for example_time_delta_sensor_async to None, run_after=None
[2024-02-29T09:01:07.379+0000] {processor.py:175} INFO - Processing /home/airflow/.local/lib/python3.7/site-packages/airflow/example_dags/example_time_delta_sensor_async.py took 0.073 seconds
[2024-02-29T09:01:37.989+0000] {processor.py:153} INFO - Started process (PID=2713) to work on /home/airflow/.local/lib/python3.7/site-packages/airflow/example_dags/example_time_delta_sensor_async.py
[2024-02-29T09:01:37.990+0000] {processor.py:743} INFO - Processing file /home/airflow/.local/lib/python3.7/site-packages/airflow/example_dags/example_time_delta_sensor_async.py for tasks to queue
[2024-02-29T09:01:37.991+0000] {logging_mixin.py:137} INFO - [2024-02-29T09:01:37.991+0000] {dagbag.py:538} INFO - Filling up the DagBag from /home/airflow/.local/lib/python3.7/site-packages/airflow/example_dags/example_time_delta_sensor_async.py
[2024-02-29T09:01:38.008+0000] {processor.py:753} INFO - DAG(s) dict_keys(['example_time_delta_sensor_async']) retrieved from /home/airflow/.local/lib/python3.7/site-packages/airflow/example_dags/example_time_delta_sensor_async.py
[2024-02-29T09:01:38.029+0000] {logging_mixin.py:137} INFO - [2024-02-29T09:01:38.029+0000] {dag.py:2690} INFO - Sync 1 DAGs
[2024-02-29T09:01:38.042+0000] {logging_mixin.py:137} INFO - [2024-02-29T09:01:38.042+0000] {dag.py:3441} INFO - Setting next_dagrun for example_time_delta_sensor_async to None, run_after=None
[2024-02-29T09:01:38.052+0000] {processor.py:175} INFO - Processing /home/airflow/.local/lib/python3.7/site-packages/airflow/example_dags/example_time_delta_sensor_async.py took 0.067 seconds
[2024-02-29T09:02:08.498+0000] {processor.py:153} INFO - Started process (PID=2806) to work on /home/airflow/.local/lib/python3.7/site-packages/airflow/example_dags/example_time_delta_sensor_async.py
[2024-02-29T09:02:08.500+0000] {processor.py:743} INFO - Processing file /home/airflow/.local/lib/python3.7/site-packages/airflow/example_dags/example_time_delta_sensor_async.py for tasks to queue
[2024-02-29T09:02:08.502+0000] {logging_mixin.py:137} INFO - [2024-02-29T09:02:08.501+0000] {dagbag.py:538} INFO - Filling up the DagBag from /home/airflow/.local/lib/python3.7/site-packages/airflow/example_dags/example_time_delta_sensor_async.py
[2024-02-29T09:02:08.520+0000] {processor.py:753} INFO - DAG(s) dict_keys(['example_time_delta_sensor_async']) retrieved from /home/airflow/.local/lib/python3.7/site-packages/airflow/example_dags/example_time_delta_sensor_async.py
[2024-02-29T09:02:08.541+0000] {logging_mixin.py:137} INFO - [2024-02-29T09:02:08.541+0000] {dag.py:2690} INFO - Sync 1 DAGs
[2024-02-29T09:02:08.555+0000] {logging_mixin.py:137} INFO - [2024-02-29T09:02:08.555+0000] {dag.py:3441} INFO - Setting next_dagrun for example_time_delta_sensor_async to None, run_after=None
[2024-02-29T09:02:08.565+0000] {processor.py:175} INFO - Processing /home/airflow/.local/lib/python3.7/site-packages/airflow/example_dags/example_time_delta_sensor_async.py took 0.072 seconds
[2024-02-29T09:02:39.017+0000] {processor.py:153} INFO - Started process (PID=2900) to work on /home/airflow/.local/lib/python3.7/site-packages/airflow/example_dags/example_time_delta_sensor_async.py
[2024-02-29T09:02:39.018+0000] {processor.py:743} INFO - Processing file /home/airflow/.local/lib/python3.7/site-packages/airflow/example_dags/example_time_delta_sensor_async.py for tasks to queue
[2024-02-29T09:02:39.019+0000] {logging_mixin.py:137} INFO - [2024-02-29T09:02:39.019+0000] {dagbag.py:538} INFO - Filling up the DagBag from /home/airflow/.local/lib/python3.7/site-packages/airflow/example_dags/example_time_delta_sensor_async.py
[2024-02-29T09:02:39.038+0000] {processor.py:753} INFO - DAG(s) dict_keys(['example_time_delta_sensor_async']) retrieved from /home/airflow/.local/lib/python3.7/site-packages/airflow/example_dags/example_time_delta_sensor_async.py
[2024-02-29T09:02:39.059+0000] {logging_mixin.py:137} INFO - [2024-02-29T09:02:39.059+0000] {dag.py:2690} INFO - Sync 1 DAGs
[2024-02-29T09:02:39.073+0000] {logging_mixin.py:137} INFO - [2024-02-29T09:02:39.073+0000] {dag.py:3441} INFO - Setting next_dagrun for example_time_delta_sensor_async to None, run_after=None
[2024-02-29T09:02:39.082+0000] {processor.py:175} INFO - Processing /home/airflow/.local/lib/python3.7/site-packages/airflow/example_dags/example_time_delta_sensor_async.py took 0.070 seconds
[2024-02-29T09:03:09.513+0000] {processor.py:153} INFO - Started process (PID=2993) to work on /home/airflow/.local/lib/python3.7/site-packages/airflow/example_dags/example_time_delta_sensor_async.py
[2024-02-29T09:03:09.515+0000] {processor.py:743} INFO - Processing file /home/airflow/.local/lib/python3.7/site-packages/airflow/example_dags/example_time_delta_sensor_async.py for tasks to queue
[2024-02-29T09:03:09.516+0000] {logging_mixin.py:137} INFO - [2024-02-29T09:03:09.515+0000] {dagbag.py:538} INFO - Filling up the DagBag from /home/airflow/.local/lib/python3.7/site-packages/airflow/example_dags/example_time_delta_sensor_async.py
[2024-02-29T09:03:09.530+0000] {processor.py:753} INFO - DAG(s) dict_keys(['example_time_delta_sensor_async']) retrieved from /home/airflow/.local/lib/python3.7/site-packages/airflow/example_dags/example_time_delta_sensor_async.py
[2024-02-29T09:03:09.550+0000] {logging_mixin.py:137} INFO - [2024-02-29T09:03:09.550+0000] {dag.py:2690} INFO - Sync 1 DAGs
[2024-02-29T09:03:09.565+0000] {logging_mixin.py:137} INFO - [2024-02-29T09:03:09.564+0000] {dag.py:3441} INFO - Setting next_dagrun for example_time_delta_sensor_async to None, run_after=None
[2024-02-29T09:03:09.575+0000] {processor.py:175} INFO - Processing /home/airflow/.local/lib/python3.7/site-packages/airflow/example_dags/example_time_delta_sensor_async.py took 0.064 seconds
