[2024-02-29T08:46:25.212+0000] {processor.py:153} INFO - Started process (PID=64) to work on /home/airflow/.local/lib/python3.7/site-packages/airflow/example_dags/example_dag_decorator.py
[2024-02-29T08:46:25.214+0000] {processor.py:743} INFO - Processing file /home/airflow/.local/lib/python3.7/site-packages/airflow/example_dags/example_dag_decorator.py for tasks to queue
[2024-02-29T08:46:25.215+0000] {logging_mixin.py:137} INFO - [2024-02-29T08:46:25.215+0000] {dagbag.py:538} INFO - Filling up the DagBag from /home/airflow/.local/lib/python3.7/site-packages/airflow/example_dags/example_dag_decorator.py
[2024-02-29T08:46:25.229+0000] {logging_mixin.py:137} INFO - [2024-02-29T08:46:25.229+0000] {taskmixin.py:205} WARNING - Dependency <Task(_PythonDecoratedOperator): prepare_email>, send_email already registered for DAG: example_dag_decorator
[2024-02-29T08:46:25.230+0000] {logging_mixin.py:137} INFO - [2024-02-29T08:46:25.230+0000] {taskmixin.py:205} WARNING - Dependency <Task(EmailOperator): send_email>, prepare_email already registered for DAG: example_dag_decorator
[2024-02-29T08:46:25.238+0000] {processor.py:753} INFO - DAG(s) dict_keys(['example_dag_decorator']) retrieved from /home/airflow/.local/lib/python3.7/site-packages/airflow/example_dags/example_dag_decorator.py
[2024-02-29T08:46:25.272+0000] {logging_mixin.py:137} INFO - [2024-02-29T08:46:25.272+0000] {dag.py:2690} INFO - Sync 1 DAGs
[2024-02-29T08:46:25.285+0000] {logging_mixin.py:137} INFO - [2024-02-29T08:46:25.285+0000] {dag.py:3441} INFO - Setting next_dagrun for example_dag_decorator to None, run_after=None
[2024-02-29T08:46:25.296+0000] {processor.py:175} INFO - Processing /home/airflow/.local/lib/python3.7/site-packages/airflow/example_dags/example_dag_decorator.py took 0.087 seconds
[2024-02-29T08:46:55.920+0000] {processor.py:153} INFO - Started process (PID=157) to work on /home/airflow/.local/lib/python3.7/site-packages/airflow/example_dags/example_dag_decorator.py
[2024-02-29T08:46:55.920+0000] {processor.py:743} INFO - Processing file /home/airflow/.local/lib/python3.7/site-packages/airflow/example_dags/example_dag_decorator.py for tasks to queue
[2024-02-29T08:46:55.921+0000] {logging_mixin.py:137} INFO - [2024-02-29T08:46:55.920+0000] {dagbag.py:538} INFO - Filling up the DagBag from /home/airflow/.local/lib/python3.7/site-packages/airflow/example_dags/example_dag_decorator.py
[2024-02-29T08:46:55.928+0000] {logging_mixin.py:137} INFO - [2024-02-29T08:46:55.928+0000] {taskmixin.py:205} WARNING - Dependency <Task(_PythonDecoratedOperator): prepare_email>, send_email already registered for DAG: example_dag_decorator
[2024-02-29T08:46:55.928+0000] {logging_mixin.py:137} INFO - [2024-02-29T08:46:55.928+0000] {taskmixin.py:205} WARNING - Dependency <Task(EmailOperator): send_email>, prepare_email already registered for DAG: example_dag_decorator
[2024-02-29T08:46:55.933+0000] {processor.py:753} INFO - DAG(s) dict_keys(['example_dag_decorator']) retrieved from /home/airflow/.local/lib/python3.7/site-packages/airflow/example_dags/example_dag_decorator.py
[2024-02-29T08:46:55.961+0000] {logging_mixin.py:137} INFO - [2024-02-29T08:46:55.961+0000] {dag.py:2690} INFO - Sync 1 DAGs
[2024-02-29T08:46:55.972+0000] {logging_mixin.py:137} INFO - [2024-02-29T08:46:55.972+0000] {dag.py:3441} INFO - Setting next_dagrun for example_dag_decorator to None, run_after=None
[2024-02-29T08:46:55.979+0000] {processor.py:175} INFO - Processing /home/airflow/.local/lib/python3.7/site-packages/airflow/example_dags/example_dag_decorator.py took 0.061 seconds
[2024-02-29T08:47:26.226+0000] {processor.py:153} INFO - Started process (PID=251) to work on /home/airflow/.local/lib/python3.7/site-packages/airflow/example_dags/example_dag_decorator.py
[2024-02-29T08:47:26.226+0000] {processor.py:743} INFO - Processing file /home/airflow/.local/lib/python3.7/site-packages/airflow/example_dags/example_dag_decorator.py for tasks to queue
[2024-02-29T08:47:26.226+0000] {logging_mixin.py:137} INFO - [2024-02-29T08:47:26.226+0000] {dagbag.py:538} INFO - Filling up the DagBag from /home/airflow/.local/lib/python3.7/site-packages/airflow/example_dags/example_dag_decorator.py
[2024-02-29T08:47:26.234+0000] {logging_mixin.py:137} INFO - [2024-02-29T08:47:26.234+0000] {taskmixin.py:205} WARNING - Dependency <Task(_PythonDecoratedOperator): prepare_email>, send_email already registered for DAG: example_dag_decorator
[2024-02-29T08:47:26.234+0000] {logging_mixin.py:137} INFO - [2024-02-29T08:47:26.234+0000] {taskmixin.py:205} WARNING - Dependency <Task(EmailOperator): send_email>, prepare_email already registered for DAG: example_dag_decorator
[2024-02-29T08:47:26.239+0000] {processor.py:753} INFO - DAG(s) dict_keys(['example_dag_decorator']) retrieved from /home/airflow/.local/lib/python3.7/site-packages/airflow/example_dags/example_dag_decorator.py
[2024-02-29T08:47:26.268+0000] {logging_mixin.py:137} INFO - [2024-02-29T08:47:26.268+0000] {dag.py:2690} INFO - Sync 1 DAGs
[2024-02-29T08:47:26.278+0000] {logging_mixin.py:137} INFO - [2024-02-29T08:47:26.278+0000] {dag.py:3441} INFO - Setting next_dagrun for example_dag_decorator to None, run_after=None
[2024-02-29T08:47:26.286+0000] {processor.py:175} INFO - Processing /home/airflow/.local/lib/python3.7/site-packages/airflow/example_dags/example_dag_decorator.py took 0.062 seconds
[2024-02-29T08:47:56.553+0000] {processor.py:153} INFO - Started process (PID=327) to work on /home/airflow/.local/lib/python3.7/site-packages/airflow/example_dags/example_dag_decorator.py
[2024-02-29T08:47:56.553+0000] {processor.py:743} INFO - Processing file /home/airflow/.local/lib/python3.7/site-packages/airflow/example_dags/example_dag_decorator.py for tasks to queue
[2024-02-29T08:47:56.554+0000] {logging_mixin.py:137} INFO - [2024-02-29T08:47:56.553+0000] {dagbag.py:538} INFO - Filling up the DagBag from /home/airflow/.local/lib/python3.7/site-packages/airflow/example_dags/example_dag_decorator.py
[2024-02-29T08:47:56.561+0000] {logging_mixin.py:137} INFO - [2024-02-29T08:47:56.561+0000] {taskmixin.py:205} WARNING - Dependency <Task(_PythonDecoratedOperator): prepare_email>, send_email already registered for DAG: example_dag_decorator
[2024-02-29T08:47:56.561+0000] {logging_mixin.py:137} INFO - [2024-02-29T08:47:56.561+0000] {taskmixin.py:205} WARNING - Dependency <Task(EmailOperator): send_email>, prepare_email already registered for DAG: example_dag_decorator
[2024-02-29T08:47:56.567+0000] {processor.py:753} INFO - DAG(s) dict_keys(['example_dag_decorator']) retrieved from /home/airflow/.local/lib/python3.7/site-packages/airflow/example_dags/example_dag_decorator.py
[2024-02-29T08:47:56.599+0000] {logging_mixin.py:137} INFO - [2024-02-29T08:47:56.599+0000] {dag.py:2690} INFO - Sync 1 DAGs
[2024-02-29T08:47:56.609+0000] {logging_mixin.py:137} INFO - [2024-02-29T08:47:56.609+0000] {dag.py:3441} INFO - Setting next_dagrun for example_dag_decorator to None, run_after=None
[2024-02-29T08:47:56.626+0000] {processor.py:175} INFO - Processing /home/airflow/.local/lib/python3.7/site-packages/airflow/example_dags/example_dag_decorator.py took 0.075 seconds
[2024-02-29T08:48:27.085+0000] {processor.py:153} INFO - Started process (PID=420) to work on /home/airflow/.local/lib/python3.7/site-packages/airflow/example_dags/example_dag_decorator.py
[2024-02-29T08:48:27.085+0000] {processor.py:743} INFO - Processing file /home/airflow/.local/lib/python3.7/site-packages/airflow/example_dags/example_dag_decorator.py for tasks to queue
[2024-02-29T08:48:27.085+0000] {logging_mixin.py:137} INFO - [2024-02-29T08:48:27.085+0000] {dagbag.py:538} INFO - Filling up the DagBag from /home/airflow/.local/lib/python3.7/site-packages/airflow/example_dags/example_dag_decorator.py
[2024-02-29T08:48:27.093+0000] {logging_mixin.py:137} INFO - [2024-02-29T08:48:27.093+0000] {taskmixin.py:205} WARNING - Dependency <Task(_PythonDecoratedOperator): prepare_email>, send_email already registered for DAG: example_dag_decorator
[2024-02-29T08:48:27.093+0000] {logging_mixin.py:137} INFO - [2024-02-29T08:48:27.093+0000] {taskmixin.py:205} WARNING - Dependency <Task(EmailOperator): send_email>, prepare_email already registered for DAG: example_dag_decorator
[2024-02-29T08:48:27.099+0000] {processor.py:753} INFO - DAG(s) dict_keys(['example_dag_decorator']) retrieved from /home/airflow/.local/lib/python3.7/site-packages/airflow/example_dags/example_dag_decorator.py
[2024-02-29T08:48:27.127+0000] {logging_mixin.py:137} INFO - [2024-02-29T08:48:27.127+0000] {dag.py:2690} INFO - Sync 1 DAGs
[2024-02-29T08:48:27.137+0000] {logging_mixin.py:137} INFO - [2024-02-29T08:48:27.137+0000] {dag.py:3441} INFO - Setting next_dagrun for example_dag_decorator to None, run_after=None
[2024-02-29T08:48:27.145+0000] {processor.py:175} INFO - Processing /home/airflow/.local/lib/python3.7/site-packages/airflow/example_dags/example_dag_decorator.py took 0.062 seconds
[2024-02-29T08:48:57.437+0000] {processor.py:153} INFO - Started process (PID=514) to work on /home/airflow/.local/lib/python3.7/site-packages/airflow/example_dags/example_dag_decorator.py
[2024-02-29T08:48:57.437+0000] {processor.py:743} INFO - Processing file /home/airflow/.local/lib/python3.7/site-packages/airflow/example_dags/example_dag_decorator.py for tasks to queue
[2024-02-29T08:48:57.438+0000] {logging_mixin.py:137} INFO - [2024-02-29T08:48:57.438+0000] {dagbag.py:538} INFO - Filling up the DagBag from /home/airflow/.local/lib/python3.7/site-packages/airflow/example_dags/example_dag_decorator.py
[2024-02-29T08:48:57.445+0000] {logging_mixin.py:137} INFO - [2024-02-29T08:48:57.445+0000] {taskmixin.py:205} WARNING - Dependency <Task(_PythonDecoratedOperator): prepare_email>, send_email already registered for DAG: example_dag_decorator
[2024-02-29T08:48:57.445+0000] {logging_mixin.py:137} INFO - [2024-02-29T08:48:57.445+0000] {taskmixin.py:205} WARNING - Dependency <Task(EmailOperator): send_email>, prepare_email already registered for DAG: example_dag_decorator
[2024-02-29T08:48:57.451+0000] {processor.py:753} INFO - DAG(s) dict_keys(['example_dag_decorator']) retrieved from /home/airflow/.local/lib/python3.7/site-packages/airflow/example_dags/example_dag_decorator.py
[2024-02-29T08:48:57.479+0000] {logging_mixin.py:137} INFO - [2024-02-29T08:48:57.479+0000] {dag.py:2690} INFO - Sync 1 DAGs
[2024-02-29T08:48:57.490+0000] {logging_mixin.py:137} INFO - [2024-02-29T08:48:57.489+0000] {dag.py:3441} INFO - Setting next_dagrun for example_dag_decorator to None, run_after=None
[2024-02-29T08:48:57.498+0000] {processor.py:175} INFO - Processing /home/airflow/.local/lib/python3.7/site-packages/airflow/example_dags/example_dag_decorator.py took 0.063 seconds
[2024-02-29T08:49:27.871+0000] {processor.py:153} INFO - Started process (PID=608) to work on /home/airflow/.local/lib/python3.7/site-packages/airflow/example_dags/example_dag_decorator.py
[2024-02-29T08:49:27.872+0000] {processor.py:743} INFO - Processing file /home/airflow/.local/lib/python3.7/site-packages/airflow/example_dags/example_dag_decorator.py for tasks to queue
[2024-02-29T08:49:27.872+0000] {logging_mixin.py:137} INFO - [2024-02-29T08:49:27.872+0000] {dagbag.py:538} INFO - Filling up the DagBag from /home/airflow/.local/lib/python3.7/site-packages/airflow/example_dags/example_dag_decorator.py
[2024-02-29T08:49:27.880+0000] {logging_mixin.py:137} INFO - [2024-02-29T08:49:27.880+0000] {taskmixin.py:205} WARNING - Dependency <Task(_PythonDecoratedOperator): prepare_email>, send_email already registered for DAG: example_dag_decorator
[2024-02-29T08:49:27.880+0000] {logging_mixin.py:137} INFO - [2024-02-29T08:49:27.880+0000] {taskmixin.py:205} WARNING - Dependency <Task(EmailOperator): send_email>, prepare_email already registered for DAG: example_dag_decorator
[2024-02-29T08:49:27.886+0000] {processor.py:753} INFO - DAG(s) dict_keys(['example_dag_decorator']) retrieved from /home/airflow/.local/lib/python3.7/site-packages/airflow/example_dags/example_dag_decorator.py
[2024-02-29T08:49:27.914+0000] {logging_mixin.py:137} INFO - [2024-02-29T08:49:27.914+0000] {dag.py:2690} INFO - Sync 1 DAGs
[2024-02-29T08:49:27.924+0000] {logging_mixin.py:137} INFO - [2024-02-29T08:49:27.924+0000] {dag.py:3441} INFO - Setting next_dagrun for example_dag_decorator to None, run_after=None
[2024-02-29T08:49:27.932+0000] {processor.py:175} INFO - Processing /home/airflow/.local/lib/python3.7/site-packages/airflow/example_dags/example_dag_decorator.py took 0.062 seconds
[2024-02-29T08:49:58.195+0000] {processor.py:153} INFO - Started process (PID=683) to work on /home/airflow/.local/lib/python3.7/site-packages/airflow/example_dags/example_dag_decorator.py
[2024-02-29T08:49:58.195+0000] {processor.py:743} INFO - Processing file /home/airflow/.local/lib/python3.7/site-packages/airflow/example_dags/example_dag_decorator.py for tasks to queue
[2024-02-29T08:49:58.195+0000] {logging_mixin.py:137} INFO - [2024-02-29T08:49:58.195+0000] {dagbag.py:538} INFO - Filling up the DagBag from /home/airflow/.local/lib/python3.7/site-packages/airflow/example_dags/example_dag_decorator.py
[2024-02-29T08:49:58.203+0000] {logging_mixin.py:137} INFO - [2024-02-29T08:49:58.203+0000] {taskmixin.py:205} WARNING - Dependency <Task(_PythonDecoratedOperator): prepare_email>, send_email already registered for DAG: example_dag_decorator
[2024-02-29T08:49:58.203+0000] {logging_mixin.py:137} INFO - [2024-02-29T08:49:58.203+0000] {taskmixin.py:205} WARNING - Dependency <Task(EmailOperator): send_email>, prepare_email already registered for DAG: example_dag_decorator
[2024-02-29T08:49:58.208+0000] {processor.py:753} INFO - DAG(s) dict_keys(['example_dag_decorator']) retrieved from /home/airflow/.local/lib/python3.7/site-packages/airflow/example_dags/example_dag_decorator.py
[2024-02-29T08:49:58.237+0000] {logging_mixin.py:137} INFO - [2024-02-29T08:49:58.237+0000] {dag.py:2690} INFO - Sync 1 DAGs
[2024-02-29T08:49:58.246+0000] {logging_mixin.py:137} INFO - [2024-02-29T08:49:58.246+0000] {dag.py:3441} INFO - Setting next_dagrun for example_dag_decorator to None, run_after=None
[2024-02-29T08:49:58.254+0000] {processor.py:175} INFO - Processing /home/airflow/.local/lib/python3.7/site-packages/airflow/example_dags/example_dag_decorator.py took 0.061 seconds
[2024-02-29T08:50:28.652+0000] {processor.py:153} INFO - Started process (PID=777) to work on /home/airflow/.local/lib/python3.7/site-packages/airflow/example_dags/example_dag_decorator.py
[2024-02-29T08:50:28.653+0000] {processor.py:743} INFO - Processing file /home/airflow/.local/lib/python3.7/site-packages/airflow/example_dags/example_dag_decorator.py for tasks to queue
[2024-02-29T08:50:28.653+0000] {logging_mixin.py:137} INFO - [2024-02-29T08:50:28.653+0000] {dagbag.py:538} INFO - Filling up the DagBag from /home/airflow/.local/lib/python3.7/site-packages/airflow/example_dags/example_dag_decorator.py
[2024-02-29T08:50:28.661+0000] {logging_mixin.py:137} INFO - [2024-02-29T08:50:28.661+0000] {taskmixin.py:205} WARNING - Dependency <Task(_PythonDecoratedOperator): prepare_email>, send_email already registered for DAG: example_dag_decorator
[2024-02-29T08:50:28.662+0000] {logging_mixin.py:137} INFO - [2024-02-29T08:50:28.662+0000] {taskmixin.py:205} WARNING - Dependency <Task(EmailOperator): send_email>, prepare_email already registered for DAG: example_dag_decorator
[2024-02-29T08:50:28.668+0000] {processor.py:753} INFO - DAG(s) dict_keys(['example_dag_decorator']) retrieved from /home/airflow/.local/lib/python3.7/site-packages/airflow/example_dags/example_dag_decorator.py
[2024-02-29T08:50:28.698+0000] {logging_mixin.py:137} INFO - [2024-02-29T08:50:28.698+0000] {dag.py:2690} INFO - Sync 1 DAGs
[2024-02-29T08:50:28.708+0000] {logging_mixin.py:137} INFO - [2024-02-29T08:50:28.708+0000] {dag.py:3441} INFO - Setting next_dagrun for example_dag_decorator to None, run_after=None
[2024-02-29T08:50:28.717+0000] {processor.py:175} INFO - Processing /home/airflow/.local/lib/python3.7/site-packages/airflow/example_dags/example_dag_decorator.py took 0.067 seconds
[2024-02-29T08:50:59.126+0000] {processor.py:153} INFO - Started process (PID=871) to work on /home/airflow/.local/lib/python3.7/site-packages/airflow/example_dags/example_dag_decorator.py
[2024-02-29T08:50:59.126+0000] {processor.py:743} INFO - Processing file /home/airflow/.local/lib/python3.7/site-packages/airflow/example_dags/example_dag_decorator.py for tasks to queue
[2024-02-29T08:50:59.126+0000] {logging_mixin.py:137} INFO - [2024-02-29T08:50:59.126+0000] {dagbag.py:538} INFO - Filling up the DagBag from /home/airflow/.local/lib/python3.7/site-packages/airflow/example_dags/example_dag_decorator.py
[2024-02-29T08:50:59.134+0000] {logging_mixin.py:137} INFO - [2024-02-29T08:50:59.134+0000] {taskmixin.py:205} WARNING - Dependency <Task(_PythonDecoratedOperator): prepare_email>, send_email already registered for DAG: example_dag_decorator
[2024-02-29T08:50:59.134+0000] {logging_mixin.py:137} INFO - [2024-02-29T08:50:59.134+0000] {taskmixin.py:205} WARNING - Dependency <Task(EmailOperator): send_email>, prepare_email already registered for DAG: example_dag_decorator
[2024-02-29T08:50:59.139+0000] {processor.py:753} INFO - DAG(s) dict_keys(['example_dag_decorator']) retrieved from /home/airflow/.local/lib/python3.7/site-packages/airflow/example_dags/example_dag_decorator.py
[2024-02-29T08:50:59.167+0000] {logging_mixin.py:137} INFO - [2024-02-29T08:50:59.167+0000] {dag.py:2690} INFO - Sync 1 DAGs
[2024-02-29T08:50:59.177+0000] {logging_mixin.py:137} INFO - [2024-02-29T08:50:59.177+0000] {dag.py:3441} INFO - Setting next_dagrun for example_dag_decorator to None, run_after=None
[2024-02-29T08:50:59.185+0000] {processor.py:175} INFO - Processing /home/airflow/.local/lib/python3.7/site-packages/airflow/example_dags/example_dag_decorator.py took 0.061 seconds
[2024-02-29T08:51:29.490+0000] {processor.py:153} INFO - Started process (PID=964) to work on /home/airflow/.local/lib/python3.7/site-packages/airflow/example_dags/example_dag_decorator.py
[2024-02-29T08:51:29.491+0000] {processor.py:743} INFO - Processing file /home/airflow/.local/lib/python3.7/site-packages/airflow/example_dags/example_dag_decorator.py for tasks to queue
[2024-02-29T08:51:29.491+0000] {logging_mixin.py:137} INFO - [2024-02-29T08:51:29.491+0000] {dagbag.py:538} INFO - Filling up the DagBag from /home/airflow/.local/lib/python3.7/site-packages/airflow/example_dags/example_dag_decorator.py
[2024-02-29T08:51:29.498+0000] {logging_mixin.py:137} INFO - [2024-02-29T08:51:29.498+0000] {taskmixin.py:205} WARNING - Dependency <Task(_PythonDecoratedOperator): prepare_email>, send_email already registered for DAG: example_dag_decorator
[2024-02-29T08:51:29.499+0000] {logging_mixin.py:137} INFO - [2024-02-29T08:51:29.499+0000] {taskmixin.py:205} WARNING - Dependency <Task(EmailOperator): send_email>, prepare_email already registered for DAG: example_dag_decorator
[2024-02-29T08:51:29.504+0000] {processor.py:753} INFO - DAG(s) dict_keys(['example_dag_decorator']) retrieved from /home/airflow/.local/lib/python3.7/site-packages/airflow/example_dags/example_dag_decorator.py
[2024-02-29T08:51:29.532+0000] {logging_mixin.py:137} INFO - [2024-02-29T08:51:29.532+0000] {dag.py:2690} INFO - Sync 1 DAGs
[2024-02-29T08:51:29.543+0000] {logging_mixin.py:137} INFO - [2024-02-29T08:51:29.543+0000] {dag.py:3441} INFO - Setting next_dagrun for example_dag_decorator to None, run_after=None
[2024-02-29T08:51:29.551+0000] {processor.py:175} INFO - Processing /home/airflow/.local/lib/python3.7/site-packages/airflow/example_dags/example_dag_decorator.py took 0.062 seconds
[2024-02-29T08:51:59.872+0000] {processor.py:153} INFO - Started process (PID=1040) to work on /home/airflow/.local/lib/python3.7/site-packages/airflow/example_dags/example_dag_decorator.py
[2024-02-29T08:51:59.873+0000] {processor.py:743} INFO - Processing file /home/airflow/.local/lib/python3.7/site-packages/airflow/example_dags/example_dag_decorator.py for tasks to queue
[2024-02-29T08:51:59.873+0000] {logging_mixin.py:137} INFO - [2024-02-29T08:51:59.873+0000] {dagbag.py:538} INFO - Filling up the DagBag from /home/airflow/.local/lib/python3.7/site-packages/airflow/example_dags/example_dag_decorator.py
[2024-02-29T08:51:59.880+0000] {logging_mixin.py:137} INFO - [2024-02-29T08:51:59.880+0000] {taskmixin.py:205} WARNING - Dependency <Task(_PythonDecoratedOperator): prepare_email>, send_email already registered for DAG: example_dag_decorator
[2024-02-29T08:51:59.881+0000] {logging_mixin.py:137} INFO - [2024-02-29T08:51:59.881+0000] {taskmixin.py:205} WARNING - Dependency <Task(EmailOperator): send_email>, prepare_email already registered for DAG: example_dag_decorator
[2024-02-29T08:51:59.886+0000] {processor.py:753} INFO - DAG(s) dict_keys(['example_dag_decorator']) retrieved from /home/airflow/.local/lib/python3.7/site-packages/airflow/example_dags/example_dag_decorator.py
[2024-02-29T08:51:59.914+0000] {logging_mixin.py:137} INFO - [2024-02-29T08:51:59.914+0000] {dag.py:2690} INFO - Sync 1 DAGs
[2024-02-29T08:51:59.924+0000] {logging_mixin.py:137} INFO - [2024-02-29T08:51:59.924+0000] {dag.py:3441} INFO - Setting next_dagrun for example_dag_decorator to None, run_after=None
[2024-02-29T08:51:59.932+0000] {processor.py:175} INFO - Processing /home/airflow/.local/lib/python3.7/site-packages/airflow/example_dags/example_dag_decorator.py took 0.062 seconds
[2024-02-29T08:52:30.200+0000] {processor.py:153} INFO - Started process (PID=1133) to work on /home/airflow/.local/lib/python3.7/site-packages/airflow/example_dags/example_dag_decorator.py
[2024-02-29T08:52:30.200+0000] {processor.py:743} INFO - Processing file /home/airflow/.local/lib/python3.7/site-packages/airflow/example_dags/example_dag_decorator.py for tasks to queue
[2024-02-29T08:52:30.200+0000] {logging_mixin.py:137} INFO - [2024-02-29T08:52:30.200+0000] {dagbag.py:538} INFO - Filling up the DagBag from /home/airflow/.local/lib/python3.7/site-packages/airflow/example_dags/example_dag_decorator.py
[2024-02-29T08:52:30.208+0000] {logging_mixin.py:137} INFO - [2024-02-29T08:52:30.208+0000] {taskmixin.py:205} WARNING - Dependency <Task(_PythonDecoratedOperator): prepare_email>, send_email already registered for DAG: example_dag_decorator
[2024-02-29T08:52:30.208+0000] {logging_mixin.py:137} INFO - [2024-02-29T08:52:30.208+0000] {taskmixin.py:205} WARNING - Dependency <Task(EmailOperator): send_email>, prepare_email already registered for DAG: example_dag_decorator
[2024-02-29T08:52:30.214+0000] {processor.py:753} INFO - DAG(s) dict_keys(['example_dag_decorator']) retrieved from /home/airflow/.local/lib/python3.7/site-packages/airflow/example_dags/example_dag_decorator.py
[2024-02-29T08:52:30.243+0000] {logging_mixin.py:137} INFO - [2024-02-29T08:52:30.243+0000] {dag.py:2690} INFO - Sync 1 DAGs
[2024-02-29T08:52:30.253+0000] {logging_mixin.py:137} INFO - [2024-02-29T08:52:30.253+0000] {dag.py:3441} INFO - Setting next_dagrun for example_dag_decorator to None, run_after=None
[2024-02-29T08:52:30.262+0000] {processor.py:175} INFO - Processing /home/airflow/.local/lib/python3.7/site-packages/airflow/example_dags/example_dag_decorator.py took 0.064 seconds
[2024-02-29T08:53:00.541+0000] {processor.py:153} INFO - Started process (PID=1226) to work on /home/airflow/.local/lib/python3.7/site-packages/airflow/example_dags/example_dag_decorator.py
[2024-02-29T08:53:00.541+0000] {processor.py:743} INFO - Processing file /home/airflow/.local/lib/python3.7/site-packages/airflow/example_dags/example_dag_decorator.py for tasks to queue
[2024-02-29T08:53:00.542+0000] {logging_mixin.py:137} INFO - [2024-02-29T08:53:00.542+0000] {dagbag.py:538} INFO - Filling up the DagBag from /home/airflow/.local/lib/python3.7/site-packages/airflow/example_dags/example_dag_decorator.py
[2024-02-29T08:53:00.549+0000] {logging_mixin.py:137} INFO - [2024-02-29T08:53:00.549+0000] {taskmixin.py:205} WARNING - Dependency <Task(_PythonDecoratedOperator): prepare_email>, send_email already registered for DAG: example_dag_decorator
[2024-02-29T08:53:00.549+0000] {logging_mixin.py:137} INFO - [2024-02-29T08:53:00.549+0000] {taskmixin.py:205} WARNING - Dependency <Task(EmailOperator): send_email>, prepare_email already registered for DAG: example_dag_decorator
[2024-02-29T08:53:00.555+0000] {processor.py:753} INFO - DAG(s) dict_keys(['example_dag_decorator']) retrieved from /home/airflow/.local/lib/python3.7/site-packages/airflow/example_dags/example_dag_decorator.py
[2024-02-29T08:53:00.584+0000] {logging_mixin.py:137} INFO - [2024-02-29T08:53:00.584+0000] {dag.py:2690} INFO - Sync 1 DAGs
[2024-02-29T08:53:00.593+0000] {logging_mixin.py:137} INFO - [2024-02-29T08:53:00.593+0000] {dag.py:3441} INFO - Setting next_dagrun for example_dag_decorator to None, run_after=None
[2024-02-29T08:53:00.601+0000] {processor.py:175} INFO - Processing /home/airflow/.local/lib/python3.7/site-packages/airflow/example_dags/example_dag_decorator.py took 0.062 seconds
[2024-02-29T08:53:30.938+0000] {processor.py:153} INFO - Started process (PID=1320) to work on /home/airflow/.local/lib/python3.7/site-packages/airflow/example_dags/example_dag_decorator.py
[2024-02-29T08:53:30.939+0000] {processor.py:743} INFO - Processing file /home/airflow/.local/lib/python3.7/site-packages/airflow/example_dags/example_dag_decorator.py for tasks to queue
[2024-02-29T08:53:30.939+0000] {logging_mixin.py:137} INFO - [2024-02-29T08:53:30.939+0000] {dagbag.py:538} INFO - Filling up the DagBag from /home/airflow/.local/lib/python3.7/site-packages/airflow/example_dags/example_dag_decorator.py
[2024-02-29T08:53:30.947+0000] {logging_mixin.py:137} INFO - [2024-02-29T08:53:30.947+0000] {taskmixin.py:205} WARNING - Dependency <Task(_PythonDecoratedOperator): prepare_email>, send_email already registered for DAG: example_dag_decorator
[2024-02-29T08:53:30.947+0000] {logging_mixin.py:137} INFO - [2024-02-29T08:53:30.947+0000] {taskmixin.py:205} WARNING - Dependency <Task(EmailOperator): send_email>, prepare_email already registered for DAG: example_dag_decorator
[2024-02-29T08:53:30.952+0000] {processor.py:753} INFO - DAG(s) dict_keys(['example_dag_decorator']) retrieved from /home/airflow/.local/lib/python3.7/site-packages/airflow/example_dags/example_dag_decorator.py
[2024-02-29T08:53:30.981+0000] {logging_mixin.py:137} INFO - [2024-02-29T08:53:30.980+0000] {dag.py:2690} INFO - Sync 1 DAGs
[2024-02-29T08:53:30.990+0000] {logging_mixin.py:137} INFO - [2024-02-29T08:53:30.990+0000] {dag.py:3441} INFO - Setting next_dagrun for example_dag_decorator to None, run_after=None
[2024-02-29T08:53:30.998+0000] {processor.py:175} INFO - Processing /home/airflow/.local/lib/python3.7/site-packages/airflow/example_dags/example_dag_decorator.py took 0.062 seconds
[2024-02-29T08:54:01.359+0000] {processor.py:153} INFO - Started process (PID=1396) to work on /home/airflow/.local/lib/python3.7/site-packages/airflow/example_dags/example_dag_decorator.py
[2024-02-29T08:54:01.360+0000] {processor.py:743} INFO - Processing file /home/airflow/.local/lib/python3.7/site-packages/airflow/example_dags/example_dag_decorator.py for tasks to queue
[2024-02-29T08:54:01.360+0000] {logging_mixin.py:137} INFO - [2024-02-29T08:54:01.360+0000] {dagbag.py:538} INFO - Filling up the DagBag from /home/airflow/.local/lib/python3.7/site-packages/airflow/example_dags/example_dag_decorator.py
[2024-02-29T08:54:01.368+0000] {logging_mixin.py:137} INFO - [2024-02-29T08:54:01.368+0000] {taskmixin.py:205} WARNING - Dependency <Task(_PythonDecoratedOperator): prepare_email>, send_email already registered for DAG: example_dag_decorator
[2024-02-29T08:54:01.368+0000] {logging_mixin.py:137} INFO - [2024-02-29T08:54:01.368+0000] {taskmixin.py:205} WARNING - Dependency <Task(EmailOperator): send_email>, prepare_email already registered for DAG: example_dag_decorator
[2024-02-29T08:54:01.374+0000] {processor.py:753} INFO - DAG(s) dict_keys(['example_dag_decorator']) retrieved from /home/airflow/.local/lib/python3.7/site-packages/airflow/example_dags/example_dag_decorator.py
[2024-02-29T08:54:01.403+0000] {logging_mixin.py:137} INFO - [2024-02-29T08:54:01.403+0000] {dag.py:2690} INFO - Sync 1 DAGs
[2024-02-29T08:54:01.413+0000] {logging_mixin.py:137} INFO - [2024-02-29T08:54:01.413+0000] {dag.py:3441} INFO - Setting next_dagrun for example_dag_decorator to None, run_after=None
[2024-02-29T08:54:01.421+0000] {processor.py:175} INFO - Processing /home/airflow/.local/lib/python3.7/site-packages/airflow/example_dags/example_dag_decorator.py took 0.063 seconds
[2024-02-29T08:54:31.756+0000] {processor.py:153} INFO - Started process (PID=1490) to work on /home/airflow/.local/lib/python3.7/site-packages/airflow/example_dags/example_dag_decorator.py
[2024-02-29T08:54:31.757+0000] {processor.py:743} INFO - Processing file /home/airflow/.local/lib/python3.7/site-packages/airflow/example_dags/example_dag_decorator.py for tasks to queue
[2024-02-29T08:54:31.757+0000] {logging_mixin.py:137} INFO - [2024-02-29T08:54:31.757+0000] {dagbag.py:538} INFO - Filling up the DagBag from /home/airflow/.local/lib/python3.7/site-packages/airflow/example_dags/example_dag_decorator.py
[2024-02-29T08:54:31.765+0000] {logging_mixin.py:137} INFO - [2024-02-29T08:54:31.765+0000] {taskmixin.py:205} WARNING - Dependency <Task(_PythonDecoratedOperator): prepare_email>, send_email already registered for DAG: example_dag_decorator
[2024-02-29T08:54:31.765+0000] {logging_mixin.py:137} INFO - [2024-02-29T08:54:31.765+0000] {taskmixin.py:205} WARNING - Dependency <Task(EmailOperator): send_email>, prepare_email already registered for DAG: example_dag_decorator
[2024-02-29T08:54:31.770+0000] {processor.py:753} INFO - DAG(s) dict_keys(['example_dag_decorator']) retrieved from /home/airflow/.local/lib/python3.7/site-packages/airflow/example_dags/example_dag_decorator.py
[2024-02-29T08:54:31.798+0000] {logging_mixin.py:137} INFO - [2024-02-29T08:54:31.798+0000] {dag.py:2690} INFO - Sync 1 DAGs
[2024-02-29T08:54:31.809+0000] {logging_mixin.py:137} INFO - [2024-02-29T08:54:31.809+0000] {dag.py:3441} INFO - Setting next_dagrun for example_dag_decorator to None, run_after=None
[2024-02-29T08:54:31.817+0000] {processor.py:175} INFO - Processing /home/airflow/.local/lib/python3.7/site-packages/airflow/example_dags/example_dag_decorator.py took 0.062 seconds
[2024-02-29T08:55:02.260+0000] {processor.py:153} INFO - Started process (PID=1584) to work on /home/airflow/.local/lib/python3.7/site-packages/airflow/example_dags/example_dag_decorator.py
[2024-02-29T08:55:02.260+0000] {processor.py:743} INFO - Processing file /home/airflow/.local/lib/python3.7/site-packages/airflow/example_dags/example_dag_decorator.py for tasks to queue
[2024-02-29T08:55:02.261+0000] {logging_mixin.py:137} INFO - [2024-02-29T08:55:02.261+0000] {dagbag.py:538} INFO - Filling up the DagBag from /home/airflow/.local/lib/python3.7/site-packages/airflow/example_dags/example_dag_decorator.py
[2024-02-29T08:55:02.268+0000] {logging_mixin.py:137} INFO - [2024-02-29T08:55:02.268+0000] {taskmixin.py:205} WARNING - Dependency <Task(_PythonDecoratedOperator): prepare_email>, send_email already registered for DAG: example_dag_decorator
[2024-02-29T08:55:02.268+0000] {logging_mixin.py:137} INFO - [2024-02-29T08:55:02.268+0000] {taskmixin.py:205} WARNING - Dependency <Task(EmailOperator): send_email>, prepare_email already registered for DAG: example_dag_decorator
[2024-02-29T08:55:02.274+0000] {processor.py:753} INFO - DAG(s) dict_keys(['example_dag_decorator']) retrieved from /home/airflow/.local/lib/python3.7/site-packages/airflow/example_dags/example_dag_decorator.py
[2024-02-29T08:55:02.303+0000] {logging_mixin.py:137} INFO - [2024-02-29T08:55:02.303+0000] {dag.py:2690} INFO - Sync 1 DAGs
[2024-02-29T08:55:02.313+0000] {logging_mixin.py:137} INFO - [2024-02-29T08:55:02.313+0000] {dag.py:3441} INFO - Setting next_dagrun for example_dag_decorator to None, run_after=None
[2024-02-29T08:55:02.321+0000] {processor.py:175} INFO - Processing /home/airflow/.local/lib/python3.7/site-packages/airflow/example_dags/example_dag_decorator.py took 0.062 seconds
[2024-02-29T08:55:32.651+0000] {processor.py:153} INFO - Started process (PID=1677) to work on /home/airflow/.local/lib/python3.7/site-packages/airflow/example_dags/example_dag_decorator.py
[2024-02-29T08:55:32.652+0000] {processor.py:743} INFO - Processing file /home/airflow/.local/lib/python3.7/site-packages/airflow/example_dags/example_dag_decorator.py for tasks to queue
[2024-02-29T08:55:32.652+0000] {logging_mixin.py:137} INFO - [2024-02-29T08:55:32.652+0000] {dagbag.py:538} INFO - Filling up the DagBag from /home/airflow/.local/lib/python3.7/site-packages/airflow/example_dags/example_dag_decorator.py
[2024-02-29T08:55:32.659+0000] {logging_mixin.py:137} INFO - [2024-02-29T08:55:32.659+0000] {taskmixin.py:205} WARNING - Dependency <Task(_PythonDecoratedOperator): prepare_email>, send_email already registered for DAG: example_dag_decorator
[2024-02-29T08:55:32.660+0000] {logging_mixin.py:137} INFO - [2024-02-29T08:55:32.659+0000] {taskmixin.py:205} WARNING - Dependency <Task(EmailOperator): send_email>, prepare_email already registered for DAG: example_dag_decorator
[2024-02-29T08:55:32.665+0000] {processor.py:753} INFO - DAG(s) dict_keys(['example_dag_decorator']) retrieved from /home/airflow/.local/lib/python3.7/site-packages/airflow/example_dags/example_dag_decorator.py
[2024-02-29T08:55:32.693+0000] {logging_mixin.py:137} INFO - [2024-02-29T08:55:32.693+0000] {dag.py:2690} INFO - Sync 1 DAGs
[2024-02-29T08:55:32.702+0000] {logging_mixin.py:137} INFO - [2024-02-29T08:55:32.702+0000] {dag.py:3441} INFO - Setting next_dagrun for example_dag_decorator to None, run_after=None
[2024-02-29T08:55:32.710+0000] {processor.py:175} INFO - Processing /home/airflow/.local/lib/python3.7/site-packages/airflow/example_dags/example_dag_decorator.py took 0.061 seconds
[2024-02-29T08:56:02.954+0000] {processor.py:153} INFO - Started process (PID=1753) to work on /home/airflow/.local/lib/python3.7/site-packages/airflow/example_dags/example_dag_decorator.py
[2024-02-29T08:56:02.955+0000] {processor.py:743} INFO - Processing file /home/airflow/.local/lib/python3.7/site-packages/airflow/example_dags/example_dag_decorator.py for tasks to queue
[2024-02-29T08:56:02.955+0000] {logging_mixin.py:137} INFO - [2024-02-29T08:56:02.955+0000] {dagbag.py:538} INFO - Filling up the DagBag from /home/airflow/.local/lib/python3.7/site-packages/airflow/example_dags/example_dag_decorator.py
[2024-02-29T08:56:02.963+0000] {logging_mixin.py:137} INFO - [2024-02-29T08:56:02.963+0000] {taskmixin.py:205} WARNING - Dependency <Task(_PythonDecoratedOperator): prepare_email>, send_email already registered for DAG: example_dag_decorator
[2024-02-29T08:56:02.963+0000] {logging_mixin.py:137} INFO - [2024-02-29T08:56:02.963+0000] {taskmixin.py:205} WARNING - Dependency <Task(EmailOperator): send_email>, prepare_email already registered for DAG: example_dag_decorator
[2024-02-29T08:56:02.969+0000] {processor.py:753} INFO - DAG(s) dict_keys(['example_dag_decorator']) retrieved from /home/airflow/.local/lib/python3.7/site-packages/airflow/example_dags/example_dag_decorator.py
[2024-02-29T08:56:02.997+0000] {logging_mixin.py:137} INFO - [2024-02-29T08:56:02.996+0000] {dag.py:2690} INFO - Sync 1 DAGs
[2024-02-29T08:56:03.007+0000] {logging_mixin.py:137} INFO - [2024-02-29T08:56:03.007+0000] {dag.py:3441} INFO - Setting next_dagrun for example_dag_decorator to None, run_after=None
[2024-02-29T08:56:03.015+0000] {processor.py:175} INFO - Processing /home/airflow/.local/lib/python3.7/site-packages/airflow/example_dags/example_dag_decorator.py took 0.062 seconds
[2024-02-29T08:56:33.398+0000] {processor.py:153} INFO - Started process (PID=1847) to work on /home/airflow/.local/lib/python3.7/site-packages/airflow/example_dags/example_dag_decorator.py
[2024-02-29T08:56:33.399+0000] {processor.py:743} INFO - Processing file /home/airflow/.local/lib/python3.7/site-packages/airflow/example_dags/example_dag_decorator.py for tasks to queue
[2024-02-29T08:56:33.399+0000] {logging_mixin.py:137} INFO - [2024-02-29T08:56:33.399+0000] {dagbag.py:538} INFO - Filling up the DagBag from /home/airflow/.local/lib/python3.7/site-packages/airflow/example_dags/example_dag_decorator.py
[2024-02-29T08:56:33.407+0000] {logging_mixin.py:137} INFO - [2024-02-29T08:56:33.407+0000] {taskmixin.py:205} WARNING - Dependency <Task(_PythonDecoratedOperator): prepare_email>, send_email already registered for DAG: example_dag_decorator
[2024-02-29T08:56:33.407+0000] {logging_mixin.py:137} INFO - [2024-02-29T08:56:33.407+0000] {taskmixin.py:205} WARNING - Dependency <Task(EmailOperator): send_email>, prepare_email already registered for DAG: example_dag_decorator
[2024-02-29T08:56:33.412+0000] {processor.py:753} INFO - DAG(s) dict_keys(['example_dag_decorator']) retrieved from /home/airflow/.local/lib/python3.7/site-packages/airflow/example_dags/example_dag_decorator.py
[2024-02-29T08:56:33.442+0000] {logging_mixin.py:137} INFO - [2024-02-29T08:56:33.442+0000] {dag.py:2690} INFO - Sync 1 DAGs
[2024-02-29T08:56:33.451+0000] {logging_mixin.py:137} INFO - [2024-02-29T08:56:33.451+0000] {dag.py:3441} INFO - Setting next_dagrun for example_dag_decorator to None, run_after=None
[2024-02-29T08:56:33.459+0000] {processor.py:175} INFO - Processing /home/airflow/.local/lib/python3.7/site-packages/airflow/example_dags/example_dag_decorator.py took 0.063 seconds
[2024-02-29T08:57:03.839+0000] {processor.py:153} INFO - Started process (PID=1941) to work on /home/airflow/.local/lib/python3.7/site-packages/airflow/example_dags/example_dag_decorator.py
[2024-02-29T08:57:03.840+0000] {processor.py:743} INFO - Processing file /home/airflow/.local/lib/python3.7/site-packages/airflow/example_dags/example_dag_decorator.py for tasks to queue
[2024-02-29T08:57:03.840+0000] {logging_mixin.py:137} INFO - [2024-02-29T08:57:03.840+0000] {dagbag.py:538} INFO - Filling up the DagBag from /home/airflow/.local/lib/python3.7/site-packages/airflow/example_dags/example_dag_decorator.py
[2024-02-29T08:57:03.848+0000] {logging_mixin.py:137} INFO - [2024-02-29T08:57:03.848+0000] {taskmixin.py:205} WARNING - Dependency <Task(_PythonDecoratedOperator): prepare_email>, send_email already registered for DAG: example_dag_decorator
[2024-02-29T08:57:03.848+0000] {logging_mixin.py:137} INFO - [2024-02-29T08:57:03.848+0000] {taskmixin.py:205} WARNING - Dependency <Task(EmailOperator): send_email>, prepare_email already registered for DAG: example_dag_decorator
[2024-02-29T08:57:03.853+0000] {processor.py:753} INFO - DAG(s) dict_keys(['example_dag_decorator']) retrieved from /home/airflow/.local/lib/python3.7/site-packages/airflow/example_dags/example_dag_decorator.py
[2024-02-29T08:57:03.881+0000] {logging_mixin.py:137} INFO - [2024-02-29T08:57:03.881+0000] {dag.py:2690} INFO - Sync 1 DAGs
[2024-02-29T08:57:03.891+0000] {logging_mixin.py:137} INFO - [2024-02-29T08:57:03.890+0000] {dag.py:3441} INFO - Setting next_dagrun for example_dag_decorator to None, run_after=None
[2024-02-29T08:57:03.898+0000] {processor.py:175} INFO - Processing /home/airflow/.local/lib/python3.7/site-packages/airflow/example_dags/example_dag_decorator.py took 0.060 seconds
[2024-02-29T08:57:34.257+0000] {processor.py:153} INFO - Started process (PID=2035) to work on /home/airflow/.local/lib/python3.7/site-packages/airflow/example_dags/example_dag_decorator.py
[2024-02-29T08:57:34.257+0000] {processor.py:743} INFO - Processing file /home/airflow/.local/lib/python3.7/site-packages/airflow/example_dags/example_dag_decorator.py for tasks to queue
[2024-02-29T08:57:34.258+0000] {logging_mixin.py:137} INFO - [2024-02-29T08:57:34.257+0000] {dagbag.py:538} INFO - Filling up the DagBag from /home/airflow/.local/lib/python3.7/site-packages/airflow/example_dags/example_dag_decorator.py
[2024-02-29T08:57:34.265+0000] {logging_mixin.py:137} INFO - [2024-02-29T08:57:34.265+0000] {taskmixin.py:205} WARNING - Dependency <Task(_PythonDecoratedOperator): prepare_email>, send_email already registered for DAG: example_dag_decorator
[2024-02-29T08:57:34.265+0000] {logging_mixin.py:137} INFO - [2024-02-29T08:57:34.265+0000] {taskmixin.py:205} WARNING - Dependency <Task(EmailOperator): send_email>, prepare_email already registered for DAG: example_dag_decorator
[2024-02-29T08:57:34.270+0000] {processor.py:753} INFO - DAG(s) dict_keys(['example_dag_decorator']) retrieved from /home/airflow/.local/lib/python3.7/site-packages/airflow/example_dags/example_dag_decorator.py
[2024-02-29T08:57:34.301+0000] {logging_mixin.py:137} INFO - [2024-02-29T08:57:34.301+0000] {dag.py:2690} INFO - Sync 1 DAGs
[2024-02-29T08:57:34.312+0000] {logging_mixin.py:137} INFO - [2024-02-29T08:57:34.312+0000] {dag.py:3441} INFO - Setting next_dagrun for example_dag_decorator to None, run_after=None
[2024-02-29T08:57:34.323+0000] {processor.py:175} INFO - Processing /home/airflow/.local/lib/python3.7/site-packages/airflow/example_dags/example_dag_decorator.py took 0.068 seconds
[2024-02-29T08:58:04.852+0000] {processor.py:153} INFO - Started process (PID=2111) to work on /home/airflow/.local/lib/python3.7/site-packages/airflow/example_dags/example_dag_decorator.py
[2024-02-29T08:58:04.853+0000] {processor.py:743} INFO - Processing file /home/airflow/.local/lib/python3.7/site-packages/airflow/example_dags/example_dag_decorator.py for tasks to queue
[2024-02-29T08:58:04.853+0000] {logging_mixin.py:137} INFO - [2024-02-29T08:58:04.853+0000] {dagbag.py:538} INFO - Filling up the DagBag from /home/airflow/.local/lib/python3.7/site-packages/airflow/example_dags/example_dag_decorator.py
[2024-02-29T08:58:04.861+0000] {logging_mixin.py:137} INFO - [2024-02-29T08:58:04.861+0000] {taskmixin.py:205} WARNING - Dependency <Task(_PythonDecoratedOperator): prepare_email>, send_email already registered for DAG: example_dag_decorator
[2024-02-29T08:58:04.862+0000] {logging_mixin.py:137} INFO - [2024-02-29T08:58:04.862+0000] {taskmixin.py:205} WARNING - Dependency <Task(EmailOperator): send_email>, prepare_email already registered for DAG: example_dag_decorator
[2024-02-29T08:58:04.868+0000] {processor.py:753} INFO - DAG(s) dict_keys(['example_dag_decorator']) retrieved from /home/airflow/.local/lib/python3.7/site-packages/airflow/example_dags/example_dag_decorator.py
[2024-02-29T08:58:04.898+0000] {logging_mixin.py:137} INFO - [2024-02-29T08:58:04.898+0000] {dag.py:2690} INFO - Sync 1 DAGs
[2024-02-29T08:58:04.909+0000] {logging_mixin.py:137} INFO - [2024-02-29T08:58:04.909+0000] {dag.py:3441} INFO - Setting next_dagrun for example_dag_decorator to None, run_after=None
[2024-02-29T08:58:04.919+0000] {processor.py:175} INFO - Processing /home/airflow/.local/lib/python3.7/site-packages/airflow/example_dags/example_dag_decorator.py took 0.068 seconds
[2024-02-29T08:58:35.405+0000] {processor.py:153} INFO - Started process (PID=2205) to work on /home/airflow/.local/lib/python3.7/site-packages/airflow/example_dags/example_dag_decorator.py
[2024-02-29T08:58:35.406+0000] {processor.py:743} INFO - Processing file /home/airflow/.local/lib/python3.7/site-packages/airflow/example_dags/example_dag_decorator.py for tasks to queue
[2024-02-29T08:58:35.406+0000] {logging_mixin.py:137} INFO - [2024-02-29T08:58:35.406+0000] {dagbag.py:538} INFO - Filling up the DagBag from /home/airflow/.local/lib/python3.7/site-packages/airflow/example_dags/example_dag_decorator.py
[2024-02-29T08:58:35.414+0000] {logging_mixin.py:137} INFO - [2024-02-29T08:58:35.414+0000] {taskmixin.py:205} WARNING - Dependency <Task(_PythonDecoratedOperator): prepare_email>, send_email already registered for DAG: example_dag_decorator
[2024-02-29T08:58:35.414+0000] {logging_mixin.py:137} INFO - [2024-02-29T08:58:35.414+0000] {taskmixin.py:205} WARNING - Dependency <Task(EmailOperator): send_email>, prepare_email already registered for DAG: example_dag_decorator
[2024-02-29T08:58:35.419+0000] {processor.py:753} INFO - DAG(s) dict_keys(['example_dag_decorator']) retrieved from /home/airflow/.local/lib/python3.7/site-packages/airflow/example_dags/example_dag_decorator.py
[2024-02-29T08:58:35.448+0000] {logging_mixin.py:137} INFO - [2024-02-29T08:58:35.448+0000] {dag.py:2690} INFO - Sync 1 DAGs
[2024-02-29T08:58:35.458+0000] {logging_mixin.py:137} INFO - [2024-02-29T08:58:35.458+0000] {dag.py:3441} INFO - Setting next_dagrun for example_dag_decorator to None, run_after=None
[2024-02-29T08:58:35.470+0000] {processor.py:175} INFO - Processing /home/airflow/.local/lib/python3.7/site-packages/airflow/example_dags/example_dag_decorator.py took 0.066 seconds
[2024-02-29T08:59:05.673+0000] {processor.py:153} INFO - Started process (PID=2298) to work on /home/airflow/.local/lib/python3.7/site-packages/airflow/example_dags/example_dag_decorator.py
[2024-02-29T08:59:05.673+0000] {processor.py:743} INFO - Processing file /home/airflow/.local/lib/python3.7/site-packages/airflow/example_dags/example_dag_decorator.py for tasks to queue
[2024-02-29T08:59:05.674+0000] {logging_mixin.py:137} INFO - [2024-02-29T08:59:05.674+0000] {dagbag.py:538} INFO - Filling up the DagBag from /home/airflow/.local/lib/python3.7/site-packages/airflow/example_dags/example_dag_decorator.py
[2024-02-29T08:59:05.681+0000] {logging_mixin.py:137} INFO - [2024-02-29T08:59:05.681+0000] {taskmixin.py:205} WARNING - Dependency <Task(_PythonDecoratedOperator): prepare_email>, send_email already registered for DAG: example_dag_decorator
[2024-02-29T08:59:05.681+0000] {logging_mixin.py:137} INFO - [2024-02-29T08:59:05.681+0000] {taskmixin.py:205} WARNING - Dependency <Task(EmailOperator): send_email>, prepare_email already registered for DAG: example_dag_decorator
[2024-02-29T08:59:05.687+0000] {processor.py:753} INFO - DAG(s) dict_keys(['example_dag_decorator']) retrieved from /home/airflow/.local/lib/python3.7/site-packages/airflow/example_dags/example_dag_decorator.py
[2024-02-29T08:59:05.715+0000] {logging_mixin.py:137} INFO - [2024-02-29T08:59:05.715+0000] {dag.py:2690} INFO - Sync 1 DAGs
[2024-02-29T08:59:05.725+0000] {logging_mixin.py:137} INFO - [2024-02-29T08:59:05.725+0000] {dag.py:3441} INFO - Setting next_dagrun for example_dag_decorator to None, run_after=None
[2024-02-29T08:59:05.733+0000] {processor.py:175} INFO - Processing /home/airflow/.local/lib/python3.7/site-packages/airflow/example_dags/example_dag_decorator.py took 0.062 seconds
[2024-02-29T08:59:36.296+0000] {processor.py:153} INFO - Started process (PID=2392) to work on /home/airflow/.local/lib/python3.7/site-packages/airflow/example_dags/example_dag_decorator.py
[2024-02-29T08:59:36.296+0000] {processor.py:743} INFO - Processing file /home/airflow/.local/lib/python3.7/site-packages/airflow/example_dags/example_dag_decorator.py for tasks to queue
[2024-02-29T08:59:36.297+0000] {logging_mixin.py:137} INFO - [2024-02-29T08:59:36.297+0000] {dagbag.py:538} INFO - Filling up the DagBag from /home/airflow/.local/lib/python3.7/site-packages/airflow/example_dags/example_dag_decorator.py
[2024-02-29T08:59:36.306+0000] {logging_mixin.py:137} INFO - [2024-02-29T08:59:36.306+0000] {taskmixin.py:205} WARNING - Dependency <Task(_PythonDecoratedOperator): prepare_email>, send_email already registered for DAG: example_dag_decorator
[2024-02-29T08:59:36.307+0000] {logging_mixin.py:137} INFO - [2024-02-29T08:59:36.307+0000] {taskmixin.py:205} WARNING - Dependency <Task(EmailOperator): send_email>, prepare_email already registered for DAG: example_dag_decorator
[2024-02-29T08:59:36.313+0000] {processor.py:753} INFO - DAG(s) dict_keys(['example_dag_decorator']) retrieved from /home/airflow/.local/lib/python3.7/site-packages/airflow/example_dags/example_dag_decorator.py
[2024-02-29T08:59:36.345+0000] {logging_mixin.py:137} INFO - [2024-02-29T08:59:36.345+0000] {dag.py:2690} INFO - Sync 1 DAGs
[2024-02-29T08:59:36.357+0000] {logging_mixin.py:137} INFO - [2024-02-29T08:59:36.357+0000] {dag.py:3441} INFO - Setting next_dagrun for example_dag_decorator to None, run_after=None
[2024-02-29T08:59:36.366+0000] {processor.py:175} INFO - Processing /home/airflow/.local/lib/python3.7/site-packages/airflow/example_dags/example_dag_decorator.py took 0.072 seconds
[2024-02-29T09:00:06.921+0000] {processor.py:153} INFO - Started process (PID=2468) to work on /home/airflow/.local/lib/python3.7/site-packages/airflow/example_dags/example_dag_decorator.py
[2024-02-29T09:00:06.921+0000] {processor.py:743} INFO - Processing file /home/airflow/.local/lib/python3.7/site-packages/airflow/example_dags/example_dag_decorator.py for tasks to queue
[2024-02-29T09:00:06.921+0000] {logging_mixin.py:137} INFO - [2024-02-29T09:00:06.921+0000] {dagbag.py:538} INFO - Filling up the DagBag from /home/airflow/.local/lib/python3.7/site-packages/airflow/example_dags/example_dag_decorator.py
[2024-02-29T09:00:06.929+0000] {logging_mixin.py:137} INFO - [2024-02-29T09:00:06.929+0000] {taskmixin.py:205} WARNING - Dependency <Task(_PythonDecoratedOperator): prepare_email>, send_email already registered for DAG: example_dag_decorator
[2024-02-29T09:00:06.930+0000] {logging_mixin.py:137} INFO - [2024-02-29T09:00:06.930+0000] {taskmixin.py:205} WARNING - Dependency <Task(EmailOperator): send_email>, prepare_email already registered for DAG: example_dag_decorator
[2024-02-29T09:00:06.936+0000] {processor.py:753} INFO - DAG(s) dict_keys(['example_dag_decorator']) retrieved from /home/airflow/.local/lib/python3.7/site-packages/airflow/example_dags/example_dag_decorator.py
[2024-02-29T09:00:06.967+0000] {logging_mixin.py:137} INFO - [2024-02-29T09:00:06.967+0000] {dag.py:2690} INFO - Sync 1 DAGs
[2024-02-29T09:00:06.977+0000] {logging_mixin.py:137} INFO - [2024-02-29T09:00:06.977+0000] {dag.py:3441} INFO - Setting next_dagrun for example_dag_decorator to None, run_after=None
[2024-02-29T09:00:06.986+0000] {processor.py:175} INFO - Processing /home/airflow/.local/lib/python3.7/site-packages/airflow/example_dags/example_dag_decorator.py took 0.067 seconds
[2024-02-29T09:00:37.456+0000] {processor.py:153} INFO - Started process (PID=2562) to work on /home/airflow/.local/lib/python3.7/site-packages/airflow/example_dags/example_dag_decorator.py
[2024-02-29T09:00:37.457+0000] {processor.py:743} INFO - Processing file /home/airflow/.local/lib/python3.7/site-packages/airflow/example_dags/example_dag_decorator.py for tasks to queue
[2024-02-29T09:00:37.457+0000] {logging_mixin.py:137} INFO - [2024-02-29T09:00:37.457+0000] {dagbag.py:538} INFO - Filling up the DagBag from /home/airflow/.local/lib/python3.7/site-packages/airflow/example_dags/example_dag_decorator.py
[2024-02-29T09:00:37.465+0000] {logging_mixin.py:137} INFO - [2024-02-29T09:00:37.465+0000] {taskmixin.py:205} WARNING - Dependency <Task(_PythonDecoratedOperator): prepare_email>, send_email already registered for DAG: example_dag_decorator
[2024-02-29T09:00:37.465+0000] {logging_mixin.py:137} INFO - [2024-02-29T09:00:37.465+0000] {taskmixin.py:205} WARNING - Dependency <Task(EmailOperator): send_email>, prepare_email already registered for DAG: example_dag_decorator
[2024-02-29T09:00:37.472+0000] {processor.py:753} INFO - DAG(s) dict_keys(['example_dag_decorator']) retrieved from /home/airflow/.local/lib/python3.7/site-packages/airflow/example_dags/example_dag_decorator.py
[2024-02-29T09:00:37.502+0000] {logging_mixin.py:137} INFO - [2024-02-29T09:00:37.502+0000] {dag.py:2690} INFO - Sync 1 DAGs
[2024-02-29T09:00:37.512+0000] {logging_mixin.py:137} INFO - [2024-02-29T09:00:37.511+0000] {dag.py:3441} INFO - Setting next_dagrun for example_dag_decorator to None, run_after=None
[2024-02-29T09:00:37.520+0000] {processor.py:175} INFO - Processing /home/airflow/.local/lib/python3.7/site-packages/airflow/example_dags/example_dag_decorator.py took 0.066 seconds
[2024-02-29T09:01:07.900+0000] {processor.py:153} INFO - Started process (PID=2656) to work on /home/airflow/.local/lib/python3.7/site-packages/airflow/example_dags/example_dag_decorator.py
[2024-02-29T09:01:07.901+0000] {processor.py:743} INFO - Processing file /home/airflow/.local/lib/python3.7/site-packages/airflow/example_dags/example_dag_decorator.py for tasks to queue
[2024-02-29T09:01:07.901+0000] {logging_mixin.py:137} INFO - [2024-02-29T09:01:07.901+0000] {dagbag.py:538} INFO - Filling up the DagBag from /home/airflow/.local/lib/python3.7/site-packages/airflow/example_dags/example_dag_decorator.py
[2024-02-29T09:01:07.910+0000] {logging_mixin.py:137} INFO - [2024-02-29T09:01:07.910+0000] {taskmixin.py:205} WARNING - Dependency <Task(_PythonDecoratedOperator): prepare_email>, send_email already registered for DAG: example_dag_decorator
[2024-02-29T09:01:07.910+0000] {logging_mixin.py:137} INFO - [2024-02-29T09:01:07.910+0000] {taskmixin.py:205} WARNING - Dependency <Task(EmailOperator): send_email>, prepare_email already registered for DAG: example_dag_decorator
[2024-02-29T09:01:07.917+0000] {processor.py:753} INFO - DAG(s) dict_keys(['example_dag_decorator']) retrieved from /home/airflow/.local/lib/python3.7/site-packages/airflow/example_dags/example_dag_decorator.py
[2024-02-29T09:01:07.948+0000] {logging_mixin.py:137} INFO - [2024-02-29T09:01:07.947+0000] {dag.py:2690} INFO - Sync 1 DAGs
[2024-02-29T09:01:07.957+0000] {logging_mixin.py:137} INFO - [2024-02-29T09:01:07.957+0000] {dag.py:3441} INFO - Setting next_dagrun for example_dag_decorator to None, run_after=None
[2024-02-29T09:01:07.966+0000] {processor.py:175} INFO - Processing /home/airflow/.local/lib/python3.7/site-packages/airflow/example_dags/example_dag_decorator.py took 0.067 seconds
[2024-02-29T09:01:38.550+0000] {processor.py:153} INFO - Started process (PID=2732) to work on /home/airflow/.local/lib/python3.7/site-packages/airflow/example_dags/example_dag_decorator.py
[2024-02-29T09:01:38.551+0000] {processor.py:743} INFO - Processing file /home/airflow/.local/lib/python3.7/site-packages/airflow/example_dags/example_dag_decorator.py for tasks to queue
[2024-02-29T09:01:38.551+0000] {logging_mixin.py:137} INFO - [2024-02-29T09:01:38.551+0000] {dagbag.py:538} INFO - Filling up the DagBag from /home/airflow/.local/lib/python3.7/site-packages/airflow/example_dags/example_dag_decorator.py
[2024-02-29T09:01:38.559+0000] {logging_mixin.py:137} INFO - [2024-02-29T09:01:38.559+0000] {taskmixin.py:205} WARNING - Dependency <Task(_PythonDecoratedOperator): prepare_email>, send_email already registered for DAG: example_dag_decorator
[2024-02-29T09:01:38.559+0000] {logging_mixin.py:137} INFO - [2024-02-29T09:01:38.559+0000] {taskmixin.py:205} WARNING - Dependency <Task(EmailOperator): send_email>, prepare_email already registered for DAG: example_dag_decorator
[2024-02-29T09:01:38.565+0000] {processor.py:753} INFO - DAG(s) dict_keys(['example_dag_decorator']) retrieved from /home/airflow/.local/lib/python3.7/site-packages/airflow/example_dags/example_dag_decorator.py
[2024-02-29T09:01:38.595+0000] {logging_mixin.py:137} INFO - [2024-02-29T09:01:38.595+0000] {dag.py:2690} INFO - Sync 1 DAGs
[2024-02-29T09:01:38.605+0000] {logging_mixin.py:137} INFO - [2024-02-29T09:01:38.605+0000] {dag.py:3441} INFO - Setting next_dagrun for example_dag_decorator to None, run_after=None
[2024-02-29T09:01:38.613+0000] {processor.py:175} INFO - Processing /home/airflow/.local/lib/python3.7/site-packages/airflow/example_dags/example_dag_decorator.py took 0.065 seconds
[2024-02-29T09:02:09.064+0000] {processor.py:153} INFO - Started process (PID=2825) to work on /home/airflow/.local/lib/python3.7/site-packages/airflow/example_dags/example_dag_decorator.py
[2024-02-29T09:02:09.065+0000] {processor.py:743} INFO - Processing file /home/airflow/.local/lib/python3.7/site-packages/airflow/example_dags/example_dag_decorator.py for tasks to queue
[2024-02-29T09:02:09.065+0000] {logging_mixin.py:137} INFO - [2024-02-29T09:02:09.065+0000] {dagbag.py:538} INFO - Filling up the DagBag from /home/airflow/.local/lib/python3.7/site-packages/airflow/example_dags/example_dag_decorator.py
[2024-02-29T09:02:09.073+0000] {logging_mixin.py:137} INFO - [2024-02-29T09:02:09.072+0000] {taskmixin.py:205} WARNING - Dependency <Task(_PythonDecoratedOperator): prepare_email>, send_email already registered for DAG: example_dag_decorator
[2024-02-29T09:02:09.073+0000] {logging_mixin.py:137} INFO - [2024-02-29T09:02:09.073+0000] {taskmixin.py:205} WARNING - Dependency <Task(EmailOperator): send_email>, prepare_email already registered for DAG: example_dag_decorator
[2024-02-29T09:02:09.079+0000] {processor.py:753} INFO - DAG(s) dict_keys(['example_dag_decorator']) retrieved from /home/airflow/.local/lib/python3.7/site-packages/airflow/example_dags/example_dag_decorator.py
[2024-02-29T09:02:09.108+0000] {logging_mixin.py:137} INFO - [2024-02-29T09:02:09.108+0000] {dag.py:2690} INFO - Sync 1 DAGs
[2024-02-29T09:02:09.118+0000] {logging_mixin.py:137} INFO - [2024-02-29T09:02:09.118+0000] {dag.py:3441} INFO - Setting next_dagrun for example_dag_decorator to None, run_after=None
[2024-02-29T09:02:09.126+0000] {processor.py:175} INFO - Processing /home/airflow/.local/lib/python3.7/site-packages/airflow/example_dags/example_dag_decorator.py took 0.064 seconds
[2024-02-29T09:02:39.578+0000] {processor.py:153} INFO - Started process (PID=2919) to work on /home/airflow/.local/lib/python3.7/site-packages/airflow/example_dags/example_dag_decorator.py
[2024-02-29T09:02:39.578+0000] {processor.py:743} INFO - Processing file /home/airflow/.local/lib/python3.7/site-packages/airflow/example_dags/example_dag_decorator.py for tasks to queue
[2024-02-29T09:02:39.578+0000] {logging_mixin.py:137} INFO - [2024-02-29T09:02:39.578+0000] {dagbag.py:538} INFO - Filling up the DagBag from /home/airflow/.local/lib/python3.7/site-packages/airflow/example_dags/example_dag_decorator.py
[2024-02-29T09:02:39.586+0000] {logging_mixin.py:137} INFO - [2024-02-29T09:02:39.586+0000] {taskmixin.py:205} WARNING - Dependency <Task(_PythonDecoratedOperator): prepare_email>, send_email already registered for DAG: example_dag_decorator
[2024-02-29T09:02:39.587+0000] {logging_mixin.py:137} INFO - [2024-02-29T09:02:39.587+0000] {taskmixin.py:205} WARNING - Dependency <Task(EmailOperator): send_email>, prepare_email already registered for DAG: example_dag_decorator
[2024-02-29T09:02:39.592+0000] {processor.py:753} INFO - DAG(s) dict_keys(['example_dag_decorator']) retrieved from /home/airflow/.local/lib/python3.7/site-packages/airflow/example_dags/example_dag_decorator.py
[2024-02-29T09:02:39.623+0000] {logging_mixin.py:137} INFO - [2024-02-29T09:02:39.623+0000] {dag.py:2690} INFO - Sync 1 DAGs
[2024-02-29T09:02:39.633+0000] {logging_mixin.py:137} INFO - [2024-02-29T09:02:39.633+0000] {dag.py:3441} INFO - Setting next_dagrun for example_dag_decorator to None, run_after=None
[2024-02-29T09:02:39.641+0000] {processor.py:175} INFO - Processing /home/airflow/.local/lib/python3.7/site-packages/airflow/example_dags/example_dag_decorator.py took 0.066 seconds
[2024-02-29T09:03:10.273+0000] {processor.py:153} INFO - Started process (PID=3012) to work on /home/airflow/.local/lib/python3.7/site-packages/airflow/example_dags/example_dag_decorator.py
[2024-02-29T09:03:10.274+0000] {processor.py:743} INFO - Processing file /home/airflow/.local/lib/python3.7/site-packages/airflow/example_dags/example_dag_decorator.py for tasks to queue
[2024-02-29T09:03:10.276+0000] {logging_mixin.py:137} INFO - [2024-02-29T09:03:10.276+0000] {dagbag.py:538} INFO - Filling up the DagBag from /home/airflow/.local/lib/python3.7/site-packages/airflow/example_dags/example_dag_decorator.py
[2024-02-29T09:03:10.286+0000] {logging_mixin.py:137} INFO - [2024-02-29T09:03:10.286+0000] {taskmixin.py:205} WARNING - Dependency <Task(_PythonDecoratedOperator): prepare_email>, send_email already registered for DAG: example_dag_decorator
[2024-02-29T09:03:10.287+0000] {logging_mixin.py:137} INFO - [2024-02-29T09:03:10.287+0000] {taskmixin.py:205} WARNING - Dependency <Task(EmailOperator): send_email>, prepare_email already registered for DAG: example_dag_decorator
[2024-02-29T09:03:10.299+0000] {processor.py:753} INFO - DAG(s) dict_keys(['example_dag_decorator']) retrieved from /home/airflow/.local/lib/python3.7/site-packages/airflow/example_dags/example_dag_decorator.py
[2024-02-29T09:03:10.349+0000] {logging_mixin.py:137} INFO - [2024-02-29T09:03:10.349+0000] {dag.py:2690} INFO - Sync 1 DAGs
[2024-02-29T09:03:10.368+0000] {logging_mixin.py:137} INFO - [2024-02-29T09:03:10.368+0000] {dag.py:3441} INFO - Setting next_dagrun for example_dag_decorator to None, run_after=None
[2024-02-29T09:03:10.401+0000] {processor.py:175} INFO - Processing /home/airflow/.local/lib/python3.7/site-packages/airflow/example_dags/example_dag_decorator.py took 0.130 seconds
