[2024-02-29T08:46:25.317+0000] {processor.py:153} INFO - Started process (PID=67) to work on /home/airflow/.local/lib/python3.7/site-packages/airflow/example_dags/example_bash_operator.py
[2024-02-29T08:46:25.318+0000] {processor.py:743} INFO - Processing file /home/airflow/.local/lib/python3.7/site-packages/airflow/example_dags/example_bash_operator.py for tasks to queue
[2024-02-29T08:46:25.318+0000] {logging_mixin.py:137} INFO - [2024-02-29T08:46:25.318+0000] {dagbag.py:538} INFO - Filling up the DagBag from /home/airflow/.local/lib/python3.7/site-packages/airflow/example_dags/example_bash_operator.py
[2024-02-29T08:46:25.334+0000] {processor.py:753} INFO - DAG(s) dict_keys(['example_bash_operator']) retrieved from /home/airflow/.local/lib/python3.7/site-packages/airflow/example_dags/example_bash_operator.py
[2024-02-29T08:46:25.354+0000] {logging_mixin.py:137} INFO - [2024-02-29T08:46:25.354+0000] {dag.py:2690} INFO - Sync 1 DAGs
[2024-02-29T08:46:25.371+0000] {logging_mixin.py:137} INFO - [2024-02-29T08:46:25.370+0000] {dag.py:3441} INFO - Setting next_dagrun for example_bash_operator to 2024-02-28T00:00:00+00:00, run_after=2024-02-29T00:00:00+00:00
[2024-02-29T08:46:25.381+0000] {processor.py:175} INFO - Processing /home/airflow/.local/lib/python3.7/site-packages/airflow/example_dags/example_bash_operator.py took 0.067 seconds
[2024-02-29T08:46:56.018+0000] {processor.py:153} INFO - Started process (PID=160) to work on /home/airflow/.local/lib/python3.7/site-packages/airflow/example_dags/example_bash_operator.py
[2024-02-29T08:46:56.018+0000] {processor.py:743} INFO - Processing file /home/airflow/.local/lib/python3.7/site-packages/airflow/example_dags/example_bash_operator.py for tasks to queue
[2024-02-29T08:46:56.018+0000] {logging_mixin.py:137} INFO - [2024-02-29T08:46:56.018+0000] {dagbag.py:538} INFO - Filling up the DagBag from /home/airflow/.local/lib/python3.7/site-packages/airflow/example_dags/example_bash_operator.py
[2024-02-29T08:46:56.028+0000] {processor.py:753} INFO - DAG(s) dict_keys(['example_bash_operator']) retrieved from /home/airflow/.local/lib/python3.7/site-packages/airflow/example_dags/example_bash_operator.py
[2024-02-29T08:46:56.044+0000] {logging_mixin.py:137} INFO - [2024-02-29T08:46:56.044+0000] {dag.py:2690} INFO - Sync 1 DAGs
[2024-02-29T08:46:56.055+0000] {logging_mixin.py:137} INFO - [2024-02-29T08:46:56.055+0000] {dag.py:3441} INFO - Setting next_dagrun for example_bash_operator to 2024-02-28T00:00:00+00:00, run_after=2024-02-29T00:00:00+00:00
[2024-02-29T08:46:56.063+0000] {processor.py:175} INFO - Processing /home/airflow/.local/lib/python3.7/site-packages/airflow/example_dags/example_bash_operator.py took 0.047 seconds
[2024-02-29T08:47:26.310+0000] {processor.py:153} INFO - Started process (PID=254) to work on /home/airflow/.local/lib/python3.7/site-packages/airflow/example_dags/example_bash_operator.py
[2024-02-29T08:47:26.311+0000] {processor.py:743} INFO - Processing file /home/airflow/.local/lib/python3.7/site-packages/airflow/example_dags/example_bash_operator.py for tasks to queue
[2024-02-29T08:47:26.311+0000] {logging_mixin.py:137} INFO - [2024-02-29T08:47:26.311+0000] {dagbag.py:538} INFO - Filling up the DagBag from /home/airflow/.local/lib/python3.7/site-packages/airflow/example_dags/example_bash_operator.py
[2024-02-29T08:47:26.321+0000] {processor.py:753} INFO - DAG(s) dict_keys(['example_bash_operator']) retrieved from /home/airflow/.local/lib/python3.7/site-packages/airflow/example_dags/example_bash_operator.py
[2024-02-29T08:47:26.336+0000] {logging_mixin.py:137} INFO - [2024-02-29T08:47:26.336+0000] {dag.py:2690} INFO - Sync 1 DAGs
[2024-02-29T08:47:26.347+0000] {logging_mixin.py:137} INFO - [2024-02-29T08:47:26.347+0000] {dag.py:3441} INFO - Setting next_dagrun for example_bash_operator to 2024-02-28T00:00:00+00:00, run_after=2024-02-29T00:00:00+00:00
[2024-02-29T08:47:26.355+0000] {processor.py:175} INFO - Processing /home/airflow/.local/lib/python3.7/site-packages/airflow/example_dags/example_bash_operator.py took 0.046 seconds
[2024-02-29T08:47:56.735+0000] {processor.py:153} INFO - Started process (PID=336) to work on /home/airflow/.local/lib/python3.7/site-packages/airflow/example_dags/example_bash_operator.py
[2024-02-29T08:47:56.735+0000] {processor.py:743} INFO - Processing file /home/airflow/.local/lib/python3.7/site-packages/airflow/example_dags/example_bash_operator.py for tasks to queue
[2024-02-29T08:47:56.736+0000] {logging_mixin.py:137} INFO - [2024-02-29T08:47:56.736+0000] {dagbag.py:538} INFO - Filling up the DagBag from /home/airflow/.local/lib/python3.7/site-packages/airflow/example_dags/example_bash_operator.py
[2024-02-29T08:47:56.746+0000] {processor.py:753} INFO - DAG(s) dict_keys(['example_bash_operator']) retrieved from /home/airflow/.local/lib/python3.7/site-packages/airflow/example_dags/example_bash_operator.py
[2024-02-29T08:47:56.764+0000] {logging_mixin.py:137} INFO - [2024-02-29T08:47:56.764+0000] {dag.py:2690} INFO - Sync 1 DAGs
[2024-02-29T08:47:56.777+0000] {logging_mixin.py:137} INFO - [2024-02-29T08:47:56.777+0000] {dag.py:3441} INFO - Setting next_dagrun for example_bash_operator to 2024-02-28T00:00:00+00:00, run_after=2024-02-29T00:00:00+00:00
[2024-02-29T08:47:56.785+0000] {processor.py:175} INFO - Processing /home/airflow/.local/lib/python3.7/site-packages/airflow/example_dags/example_bash_operator.py took 0.052 seconds
[2024-02-29T08:48:27.168+0000] {processor.py:153} INFO - Started process (PID=423) to work on /home/airflow/.local/lib/python3.7/site-packages/airflow/example_dags/example_bash_operator.py
[2024-02-29T08:48:27.168+0000] {processor.py:743} INFO - Processing file /home/airflow/.local/lib/python3.7/site-packages/airflow/example_dags/example_bash_operator.py for tasks to queue
[2024-02-29T08:48:27.169+0000] {logging_mixin.py:137} INFO - [2024-02-29T08:48:27.169+0000] {dagbag.py:538} INFO - Filling up the DagBag from /home/airflow/.local/lib/python3.7/site-packages/airflow/example_dags/example_bash_operator.py
[2024-02-29T08:48:27.178+0000] {processor.py:753} INFO - DAG(s) dict_keys(['example_bash_operator']) retrieved from /home/airflow/.local/lib/python3.7/site-packages/airflow/example_dags/example_bash_operator.py
[2024-02-29T08:48:27.193+0000] {logging_mixin.py:137} INFO - [2024-02-29T08:48:27.193+0000] {dag.py:2690} INFO - Sync 1 DAGs
[2024-02-29T08:48:27.205+0000] {logging_mixin.py:137} INFO - [2024-02-29T08:48:27.205+0000] {dag.py:3441} INFO - Setting next_dagrun for example_bash_operator to 2024-02-28T00:00:00+00:00, run_after=2024-02-29T00:00:00+00:00
[2024-02-29T08:48:27.212+0000] {processor.py:175} INFO - Processing /home/airflow/.local/lib/python3.7/site-packages/airflow/example_dags/example_bash_operator.py took 0.046 seconds
[2024-02-29T08:48:57.555+0000] {processor.py:153} INFO - Started process (PID=517) to work on /home/airflow/.local/lib/python3.7/site-packages/airflow/example_dags/example_bash_operator.py
[2024-02-29T08:48:57.555+0000] {processor.py:743} INFO - Processing file /home/airflow/.local/lib/python3.7/site-packages/airflow/example_dags/example_bash_operator.py for tasks to queue
[2024-02-29T08:48:57.556+0000] {logging_mixin.py:137} INFO - [2024-02-29T08:48:57.555+0000] {dagbag.py:538} INFO - Filling up the DagBag from /home/airflow/.local/lib/python3.7/site-packages/airflow/example_dags/example_bash_operator.py
[2024-02-29T08:48:57.565+0000] {processor.py:753} INFO - DAG(s) dict_keys(['example_bash_operator']) retrieved from /home/airflow/.local/lib/python3.7/site-packages/airflow/example_dags/example_bash_operator.py
[2024-02-29T08:48:57.581+0000] {logging_mixin.py:137} INFO - [2024-02-29T08:48:57.581+0000] {dag.py:2690} INFO - Sync 1 DAGs
[2024-02-29T08:48:57.591+0000] {logging_mixin.py:137} INFO - [2024-02-29T08:48:57.591+0000] {dag.py:3441} INFO - Setting next_dagrun for example_bash_operator to 2024-02-28T00:00:00+00:00, run_after=2024-02-29T00:00:00+00:00
[2024-02-29T08:48:57.599+0000] {processor.py:175} INFO - Processing /home/airflow/.local/lib/python3.7/site-packages/airflow/example_dags/example_bash_operator.py took 0.046 seconds
[2024-02-29T08:49:27.986+0000] {processor.py:153} INFO - Started process (PID=611) to work on /home/airflow/.local/lib/python3.7/site-packages/airflow/example_dags/example_bash_operator.py
[2024-02-29T08:49:27.987+0000] {processor.py:743} INFO - Processing file /home/airflow/.local/lib/python3.7/site-packages/airflow/example_dags/example_bash_operator.py for tasks to queue
[2024-02-29T08:49:27.987+0000] {logging_mixin.py:137} INFO - [2024-02-29T08:49:27.987+0000] {dagbag.py:538} INFO - Filling up the DagBag from /home/airflow/.local/lib/python3.7/site-packages/airflow/example_dags/example_bash_operator.py
[2024-02-29T08:49:27.997+0000] {processor.py:753} INFO - DAG(s) dict_keys(['example_bash_operator']) retrieved from /home/airflow/.local/lib/python3.7/site-packages/airflow/example_dags/example_bash_operator.py
[2024-02-29T08:49:28.013+0000] {logging_mixin.py:137} INFO - [2024-02-29T08:49:28.013+0000] {dag.py:2690} INFO - Sync 1 DAGs
[2024-02-29T08:49:28.023+0000] {logging_mixin.py:137} INFO - [2024-02-29T08:49:28.023+0000] {dag.py:3441} INFO - Setting next_dagrun for example_bash_operator to 2024-02-28T00:00:00+00:00, run_after=2024-02-29T00:00:00+00:00
[2024-02-29T08:49:28.032+0000] {processor.py:175} INFO - Processing /home/airflow/.local/lib/python3.7/site-packages/airflow/example_dags/example_bash_operator.py took 0.047 seconds
[2024-02-29T08:49:58.268+0000] {processor.py:153} INFO - Started process (PID=686) to work on /home/airflow/.local/lib/python3.7/site-packages/airflow/example_dags/example_bash_operator.py
[2024-02-29T08:49:58.268+0000] {processor.py:743} INFO - Processing file /home/airflow/.local/lib/python3.7/site-packages/airflow/example_dags/example_bash_operator.py for tasks to queue
[2024-02-29T08:49:58.269+0000] {logging_mixin.py:137} INFO - [2024-02-29T08:49:58.269+0000] {dagbag.py:538} INFO - Filling up the DagBag from /home/airflow/.local/lib/python3.7/site-packages/airflow/example_dags/example_bash_operator.py
[2024-02-29T08:49:58.278+0000] {processor.py:753} INFO - DAG(s) dict_keys(['example_bash_operator']) retrieved from /home/airflow/.local/lib/python3.7/site-packages/airflow/example_dags/example_bash_operator.py
[2024-02-29T08:49:58.293+0000] {logging_mixin.py:137} INFO - [2024-02-29T08:49:58.293+0000] {dag.py:2690} INFO - Sync 1 DAGs
[2024-02-29T08:49:58.304+0000] {logging_mixin.py:137} INFO - [2024-02-29T08:49:58.304+0000] {dag.py:3441} INFO - Setting next_dagrun for example_bash_operator to 2024-02-28T00:00:00+00:00, run_after=2024-02-29T00:00:00+00:00
[2024-02-29T08:49:58.311+0000] {processor.py:175} INFO - Processing /home/airflow/.local/lib/python3.7/site-packages/airflow/example_dags/example_bash_operator.py took 0.044 seconds
[2024-02-29T08:50:28.732+0000] {processor.py:153} INFO - Started process (PID=780) to work on /home/airflow/.local/lib/python3.7/site-packages/airflow/example_dags/example_bash_operator.py
[2024-02-29T08:50:28.733+0000] {processor.py:743} INFO - Processing file /home/airflow/.local/lib/python3.7/site-packages/airflow/example_dags/example_bash_operator.py for tasks to queue
[2024-02-29T08:50:28.733+0000] {logging_mixin.py:137} INFO - [2024-02-29T08:50:28.733+0000] {dagbag.py:538} INFO - Filling up the DagBag from /home/airflow/.local/lib/python3.7/site-packages/airflow/example_dags/example_bash_operator.py
[2024-02-29T08:50:28.744+0000] {processor.py:753} INFO - DAG(s) dict_keys(['example_bash_operator']) retrieved from /home/airflow/.local/lib/python3.7/site-packages/airflow/example_dags/example_bash_operator.py
[2024-02-29T08:50:28.762+0000] {logging_mixin.py:137} INFO - [2024-02-29T08:50:28.762+0000] {dag.py:2690} INFO - Sync 1 DAGs
[2024-02-29T08:50:28.774+0000] {logging_mixin.py:137} INFO - [2024-02-29T08:50:28.774+0000] {dag.py:3441} INFO - Setting next_dagrun for example_bash_operator to 2024-02-28T00:00:00+00:00, run_after=2024-02-29T00:00:00+00:00
[2024-02-29T08:50:28.782+0000] {processor.py:175} INFO - Processing /home/airflow/.local/lib/python3.7/site-packages/airflow/example_dags/example_bash_operator.py took 0.051 seconds
[2024-02-29T08:50:59.213+0000] {processor.py:153} INFO - Started process (PID=874) to work on /home/airflow/.local/lib/python3.7/site-packages/airflow/example_dags/example_bash_operator.py
[2024-02-29T08:50:59.214+0000] {processor.py:743} INFO - Processing file /home/airflow/.local/lib/python3.7/site-packages/airflow/example_dags/example_bash_operator.py for tasks to queue
[2024-02-29T08:50:59.214+0000] {logging_mixin.py:137} INFO - [2024-02-29T08:50:59.214+0000] {dagbag.py:538} INFO - Filling up the DagBag from /home/airflow/.local/lib/python3.7/site-packages/airflow/example_dags/example_bash_operator.py
[2024-02-29T08:50:59.224+0000] {processor.py:753} INFO - DAG(s) dict_keys(['example_bash_operator']) retrieved from /home/airflow/.local/lib/python3.7/site-packages/airflow/example_dags/example_bash_operator.py
[2024-02-29T08:50:59.239+0000] {logging_mixin.py:137} INFO - [2024-02-29T08:50:59.239+0000] {dag.py:2690} INFO - Sync 1 DAGs
[2024-02-29T08:50:59.251+0000] {logging_mixin.py:137} INFO - [2024-02-29T08:50:59.250+0000] {dag.py:3441} INFO - Setting next_dagrun for example_bash_operator to 2024-02-28T00:00:00+00:00, run_after=2024-02-29T00:00:00+00:00
[2024-02-29T08:50:59.260+0000] {processor.py:175} INFO - Processing /home/airflow/.local/lib/python3.7/site-packages/airflow/example_dags/example_bash_operator.py took 0.048 seconds
[2024-02-29T08:51:29.584+0000] {processor.py:153} INFO - Started process (PID=967) to work on /home/airflow/.local/lib/python3.7/site-packages/airflow/example_dags/example_bash_operator.py
[2024-02-29T08:51:29.585+0000] {processor.py:743} INFO - Processing file /home/airflow/.local/lib/python3.7/site-packages/airflow/example_dags/example_bash_operator.py for tasks to queue
[2024-02-29T08:51:29.585+0000] {logging_mixin.py:137} INFO - [2024-02-29T08:51:29.585+0000] {dagbag.py:538} INFO - Filling up the DagBag from /home/airflow/.local/lib/python3.7/site-packages/airflow/example_dags/example_bash_operator.py
[2024-02-29T08:51:29.594+0000] {processor.py:753} INFO - DAG(s) dict_keys(['example_bash_operator']) retrieved from /home/airflow/.local/lib/python3.7/site-packages/airflow/example_dags/example_bash_operator.py
[2024-02-29T08:51:29.610+0000] {logging_mixin.py:137} INFO - [2024-02-29T08:51:29.610+0000] {dag.py:2690} INFO - Sync 1 DAGs
[2024-02-29T08:51:29.623+0000] {logging_mixin.py:137} INFO - [2024-02-29T08:51:29.623+0000] {dag.py:3441} INFO - Setting next_dagrun for example_bash_operator to 2024-02-28T00:00:00+00:00, run_after=2024-02-29T00:00:00+00:00
[2024-02-29T08:51:29.630+0000] {processor.py:175} INFO - Processing /home/airflow/.local/lib/python3.7/site-packages/airflow/example_dags/example_bash_operator.py took 0.048 seconds
[2024-02-29T08:51:59.988+0000] {processor.py:153} INFO - Started process (PID=1043) to work on /home/airflow/.local/lib/python3.7/site-packages/airflow/example_dags/example_bash_operator.py
[2024-02-29T08:51:59.989+0000] {processor.py:743} INFO - Processing file /home/airflow/.local/lib/python3.7/site-packages/airflow/example_dags/example_bash_operator.py for tasks to queue
[2024-02-29T08:51:59.989+0000] {logging_mixin.py:137} INFO - [2024-02-29T08:51:59.989+0000] {dagbag.py:538} INFO - Filling up the DagBag from /home/airflow/.local/lib/python3.7/site-packages/airflow/example_dags/example_bash_operator.py
[2024-02-29T08:51:59.998+0000] {processor.py:753} INFO - DAG(s) dict_keys(['example_bash_operator']) retrieved from /home/airflow/.local/lib/python3.7/site-packages/airflow/example_dags/example_bash_operator.py
[2024-02-29T08:52:00.013+0000] {logging_mixin.py:137} INFO - [2024-02-29T08:52:00.013+0000] {dag.py:2690} INFO - Sync 1 DAGs
[2024-02-29T08:52:00.024+0000] {logging_mixin.py:137} INFO - [2024-02-29T08:52:00.023+0000] {dag.py:3441} INFO - Setting next_dagrun for example_bash_operator to 2024-02-28T00:00:00+00:00, run_after=2024-02-29T00:00:00+00:00
[2024-02-29T08:52:00.031+0000] {processor.py:175} INFO - Processing /home/airflow/.local/lib/python3.7/site-packages/airflow/example_dags/example_bash_operator.py took 0.044 seconds
[2024-02-29T08:52:30.282+0000] {processor.py:153} INFO - Started process (PID=1136) to work on /home/airflow/.local/lib/python3.7/site-packages/airflow/example_dags/example_bash_operator.py
[2024-02-29T08:52:30.282+0000] {processor.py:743} INFO - Processing file /home/airflow/.local/lib/python3.7/site-packages/airflow/example_dags/example_bash_operator.py for tasks to queue
[2024-02-29T08:52:30.282+0000] {logging_mixin.py:137} INFO - [2024-02-29T08:52:30.282+0000] {dagbag.py:538} INFO - Filling up the DagBag from /home/airflow/.local/lib/python3.7/site-packages/airflow/example_dags/example_bash_operator.py
[2024-02-29T08:52:30.292+0000] {processor.py:753} INFO - DAG(s) dict_keys(['example_bash_operator']) retrieved from /home/airflow/.local/lib/python3.7/site-packages/airflow/example_dags/example_bash_operator.py
[2024-02-29T08:52:30.309+0000] {logging_mixin.py:137} INFO - [2024-02-29T08:52:30.309+0000] {dag.py:2690} INFO - Sync 1 DAGs
[2024-02-29T08:52:30.320+0000] {logging_mixin.py:137} INFO - [2024-02-29T08:52:30.320+0000] {dag.py:3441} INFO - Setting next_dagrun for example_bash_operator to 2024-02-28T00:00:00+00:00, run_after=2024-02-29T00:00:00+00:00
[2024-02-29T08:52:30.328+0000] {processor.py:175} INFO - Processing /home/airflow/.local/lib/python3.7/site-packages/airflow/example_dags/example_bash_operator.py took 0.048 seconds
[2024-02-29T08:53:00.616+0000] {processor.py:153} INFO - Started process (PID=1229) to work on /home/airflow/.local/lib/python3.7/site-packages/airflow/example_dags/example_bash_operator.py
[2024-02-29T08:53:00.617+0000] {processor.py:743} INFO - Processing file /home/airflow/.local/lib/python3.7/site-packages/airflow/example_dags/example_bash_operator.py for tasks to queue
[2024-02-29T08:53:00.617+0000] {logging_mixin.py:137} INFO - [2024-02-29T08:53:00.617+0000] {dagbag.py:538} INFO - Filling up the DagBag from /home/airflow/.local/lib/python3.7/site-packages/airflow/example_dags/example_bash_operator.py
[2024-02-29T08:53:00.626+0000] {processor.py:753} INFO - DAG(s) dict_keys(['example_bash_operator']) retrieved from /home/airflow/.local/lib/python3.7/site-packages/airflow/example_dags/example_bash_operator.py
[2024-02-29T08:53:00.641+0000] {logging_mixin.py:137} INFO - [2024-02-29T08:53:00.641+0000] {dag.py:2690} INFO - Sync 1 DAGs
[2024-02-29T08:53:00.652+0000] {logging_mixin.py:137} INFO - [2024-02-29T08:53:00.652+0000] {dag.py:3441} INFO - Setting next_dagrun for example_bash_operator to 2024-02-28T00:00:00+00:00, run_after=2024-02-29T00:00:00+00:00
[2024-02-29T08:53:00.659+0000] {processor.py:175} INFO - Processing /home/airflow/.local/lib/python3.7/site-packages/airflow/example_dags/example_bash_operator.py took 0.045 seconds
[2024-02-29T08:53:31.007+0000] {processor.py:153} INFO - Started process (PID=1323) to work on /home/airflow/.local/lib/python3.7/site-packages/airflow/example_dags/example_bash_operator.py
[2024-02-29T08:53:31.007+0000] {processor.py:743} INFO - Processing file /home/airflow/.local/lib/python3.7/site-packages/airflow/example_dags/example_bash_operator.py for tasks to queue
[2024-02-29T08:53:31.008+0000] {logging_mixin.py:137} INFO - [2024-02-29T08:53:31.008+0000] {dagbag.py:538} INFO - Filling up the DagBag from /home/airflow/.local/lib/python3.7/site-packages/airflow/example_dags/example_bash_operator.py
[2024-02-29T08:53:31.017+0000] {processor.py:753} INFO - DAG(s) dict_keys(['example_bash_operator']) retrieved from /home/airflow/.local/lib/python3.7/site-packages/airflow/example_dags/example_bash_operator.py
[2024-02-29T08:53:31.032+0000] {logging_mixin.py:137} INFO - [2024-02-29T08:53:31.032+0000] {dag.py:2690} INFO - Sync 1 DAGs
[2024-02-29T08:53:31.043+0000] {logging_mixin.py:137} INFO - [2024-02-29T08:53:31.043+0000] {dag.py:3441} INFO - Setting next_dagrun for example_bash_operator to 2024-02-28T00:00:00+00:00, run_after=2024-02-29T00:00:00+00:00
[2024-02-29T08:53:31.051+0000] {processor.py:175} INFO - Processing /home/airflow/.local/lib/python3.7/site-packages/airflow/example_dags/example_bash_operator.py took 0.045 seconds
[2024-02-29T08:54:01.429+0000] {processor.py:153} INFO - Started process (PID=1399) to work on /home/airflow/.local/lib/python3.7/site-packages/airflow/example_dags/example_bash_operator.py
[2024-02-29T08:54:01.430+0000] {processor.py:743} INFO - Processing file /home/airflow/.local/lib/python3.7/site-packages/airflow/example_dags/example_bash_operator.py for tasks to queue
[2024-02-29T08:54:01.430+0000] {logging_mixin.py:137} INFO - [2024-02-29T08:54:01.430+0000] {dagbag.py:538} INFO - Filling up the DagBag from /home/airflow/.local/lib/python3.7/site-packages/airflow/example_dags/example_bash_operator.py
[2024-02-29T08:54:01.439+0000] {processor.py:753} INFO - DAG(s) dict_keys(['example_bash_operator']) retrieved from /home/airflow/.local/lib/python3.7/site-packages/airflow/example_dags/example_bash_operator.py
[2024-02-29T08:54:01.457+0000] {logging_mixin.py:137} INFO - [2024-02-29T08:54:01.457+0000] {dag.py:2690} INFO - Sync 1 DAGs
[2024-02-29T08:54:01.468+0000] {logging_mixin.py:137} INFO - [2024-02-29T08:54:01.468+0000] {dag.py:3441} INFO - Setting next_dagrun for example_bash_operator to 2024-02-28T00:00:00+00:00, run_after=2024-02-29T00:00:00+00:00
[2024-02-29T08:54:01.476+0000] {processor.py:175} INFO - Processing /home/airflow/.local/lib/python3.7/site-packages/airflow/example_dags/example_bash_operator.py took 0.048 seconds
[2024-02-29T08:54:31.872+0000] {processor.py:153} INFO - Started process (PID=1493) to work on /home/airflow/.local/lib/python3.7/site-packages/airflow/example_dags/example_bash_operator.py
[2024-02-29T08:54:31.872+0000] {processor.py:743} INFO - Processing file /home/airflow/.local/lib/python3.7/site-packages/airflow/example_dags/example_bash_operator.py for tasks to queue
[2024-02-29T08:54:31.872+0000] {logging_mixin.py:137} INFO - [2024-02-29T08:54:31.872+0000] {dagbag.py:538} INFO - Filling up the DagBag from /home/airflow/.local/lib/python3.7/site-packages/airflow/example_dags/example_bash_operator.py
[2024-02-29T08:54:31.882+0000] {processor.py:753} INFO - DAG(s) dict_keys(['example_bash_operator']) retrieved from /home/airflow/.local/lib/python3.7/site-packages/airflow/example_dags/example_bash_operator.py
[2024-02-29T08:54:31.898+0000] {logging_mixin.py:137} INFO - [2024-02-29T08:54:31.898+0000] {dag.py:2690} INFO - Sync 1 DAGs
[2024-02-29T08:54:31.909+0000] {logging_mixin.py:137} INFO - [2024-02-29T08:54:31.909+0000] {dag.py:3441} INFO - Setting next_dagrun for example_bash_operator to 2024-02-28T00:00:00+00:00, run_after=2024-02-29T00:00:00+00:00
[2024-02-29T08:54:31.916+0000] {processor.py:175} INFO - Processing /home/airflow/.local/lib/python3.7/site-packages/airflow/example_dags/example_bash_operator.py took 0.046 seconds
[2024-02-29T08:55:02.381+0000] {processor.py:153} INFO - Started process (PID=1587) to work on /home/airflow/.local/lib/python3.7/site-packages/airflow/example_dags/example_bash_operator.py
[2024-02-29T08:55:02.381+0000] {processor.py:743} INFO - Processing file /home/airflow/.local/lib/python3.7/site-packages/airflow/example_dags/example_bash_operator.py for tasks to queue
[2024-02-29T08:55:02.382+0000] {logging_mixin.py:137} INFO - [2024-02-29T08:55:02.382+0000] {dagbag.py:538} INFO - Filling up the DagBag from /home/airflow/.local/lib/python3.7/site-packages/airflow/example_dags/example_bash_operator.py
[2024-02-29T08:55:02.392+0000] {processor.py:753} INFO - DAG(s) dict_keys(['example_bash_operator']) retrieved from /home/airflow/.local/lib/python3.7/site-packages/airflow/example_dags/example_bash_operator.py
[2024-02-29T08:55:02.411+0000] {logging_mixin.py:137} INFO - [2024-02-29T08:55:02.411+0000] {dag.py:2690} INFO - Sync 1 DAGs
[2024-02-29T08:55:02.424+0000] {logging_mixin.py:137} INFO - [2024-02-29T08:55:02.424+0000] {dag.py:3441} INFO - Setting next_dagrun for example_bash_operator to 2024-02-28T00:00:00+00:00, run_after=2024-02-29T00:00:00+00:00
[2024-02-29T08:55:02.432+0000] {processor.py:175} INFO - Processing /home/airflow/.local/lib/python3.7/site-packages/airflow/example_dags/example_bash_operator.py took 0.053 seconds
[2024-02-29T08:55:32.765+0000] {processor.py:153} INFO - Started process (PID=1680) to work on /home/airflow/.local/lib/python3.7/site-packages/airflow/example_dags/example_bash_operator.py
[2024-02-29T08:55:32.765+0000] {processor.py:743} INFO - Processing file /home/airflow/.local/lib/python3.7/site-packages/airflow/example_dags/example_bash_operator.py for tasks to queue
[2024-02-29T08:55:32.765+0000] {logging_mixin.py:137} INFO - [2024-02-29T08:55:32.765+0000] {dagbag.py:538} INFO - Filling up the DagBag from /home/airflow/.local/lib/python3.7/site-packages/airflow/example_dags/example_bash_operator.py
[2024-02-29T08:55:32.775+0000] {processor.py:753} INFO - DAG(s) dict_keys(['example_bash_operator']) retrieved from /home/airflow/.local/lib/python3.7/site-packages/airflow/example_dags/example_bash_operator.py
[2024-02-29T08:55:32.791+0000] {logging_mixin.py:137} INFO - [2024-02-29T08:55:32.791+0000] {dag.py:2690} INFO - Sync 1 DAGs
[2024-02-29T08:55:32.802+0000] {logging_mixin.py:137} INFO - [2024-02-29T08:55:32.802+0000] {dag.py:3441} INFO - Setting next_dagrun for example_bash_operator to 2024-02-28T00:00:00+00:00, run_after=2024-02-29T00:00:00+00:00
[2024-02-29T08:55:32.810+0000] {processor.py:175} INFO - Processing /home/airflow/.local/lib/python3.7/site-packages/airflow/example_dags/example_bash_operator.py took 0.047 seconds
[2024-02-29T08:56:03.072+0000] {processor.py:153} INFO - Started process (PID=1756) to work on /home/airflow/.local/lib/python3.7/site-packages/airflow/example_dags/example_bash_operator.py
[2024-02-29T08:56:03.073+0000] {processor.py:743} INFO - Processing file /home/airflow/.local/lib/python3.7/site-packages/airflow/example_dags/example_bash_operator.py for tasks to queue
[2024-02-29T08:56:03.073+0000] {logging_mixin.py:137} INFO - [2024-02-29T08:56:03.073+0000] {dagbag.py:538} INFO - Filling up the DagBag from /home/airflow/.local/lib/python3.7/site-packages/airflow/example_dags/example_bash_operator.py
[2024-02-29T08:56:03.082+0000] {processor.py:753} INFO - DAG(s) dict_keys(['example_bash_operator']) retrieved from /home/airflow/.local/lib/python3.7/site-packages/airflow/example_dags/example_bash_operator.py
[2024-02-29T08:56:03.099+0000] {logging_mixin.py:137} INFO - [2024-02-29T08:56:03.099+0000] {dag.py:2690} INFO - Sync 1 DAGs
[2024-02-29T08:56:03.109+0000] {logging_mixin.py:137} INFO - [2024-02-29T08:56:03.109+0000] {dag.py:3441} INFO - Setting next_dagrun for example_bash_operator to 2024-02-28T00:00:00+00:00, run_after=2024-02-29T00:00:00+00:00
[2024-02-29T08:56:03.116+0000] {processor.py:175} INFO - Processing /home/airflow/.local/lib/python3.7/site-packages/airflow/example_dags/example_bash_operator.py took 0.046 seconds
[2024-02-29T08:56:33.518+0000] {processor.py:153} INFO - Started process (PID=1850) to work on /home/airflow/.local/lib/python3.7/site-packages/airflow/example_dags/example_bash_operator.py
[2024-02-29T08:56:33.518+0000] {processor.py:743} INFO - Processing file /home/airflow/.local/lib/python3.7/site-packages/airflow/example_dags/example_bash_operator.py for tasks to queue
[2024-02-29T08:56:33.518+0000] {logging_mixin.py:137} INFO - [2024-02-29T08:56:33.518+0000] {dagbag.py:538} INFO - Filling up the DagBag from /home/airflow/.local/lib/python3.7/site-packages/airflow/example_dags/example_bash_operator.py
[2024-02-29T08:56:33.528+0000] {processor.py:753} INFO - DAG(s) dict_keys(['example_bash_operator']) retrieved from /home/airflow/.local/lib/python3.7/site-packages/airflow/example_dags/example_bash_operator.py
[2024-02-29T08:56:33.543+0000] {logging_mixin.py:137} INFO - [2024-02-29T08:56:33.543+0000] {dag.py:2690} INFO - Sync 1 DAGs
[2024-02-29T08:56:33.554+0000] {logging_mixin.py:137} INFO - [2024-02-29T08:56:33.554+0000] {dag.py:3441} INFO - Setting next_dagrun for example_bash_operator to 2024-02-28T00:00:00+00:00, run_after=2024-02-29T00:00:00+00:00
[2024-02-29T08:56:33.561+0000] {processor.py:175} INFO - Processing /home/airflow/.local/lib/python3.7/site-packages/airflow/example_dags/example_bash_operator.py took 0.046 seconds
[2024-02-29T08:57:03.907+0000] {processor.py:153} INFO - Started process (PID=1944) to work on /home/airflow/.local/lib/python3.7/site-packages/airflow/example_dags/example_bash_operator.py
[2024-02-29T08:57:03.908+0000] {processor.py:743} INFO - Processing file /home/airflow/.local/lib/python3.7/site-packages/airflow/example_dags/example_bash_operator.py for tasks to queue
[2024-02-29T08:57:03.908+0000] {logging_mixin.py:137} INFO - [2024-02-29T08:57:03.908+0000] {dagbag.py:538} INFO - Filling up the DagBag from /home/airflow/.local/lib/python3.7/site-packages/airflow/example_dags/example_bash_operator.py
[2024-02-29T08:57:03.917+0000] {processor.py:753} INFO - DAG(s) dict_keys(['example_bash_operator']) retrieved from /home/airflow/.local/lib/python3.7/site-packages/airflow/example_dags/example_bash_operator.py
[2024-02-29T08:57:03.933+0000] {logging_mixin.py:137} INFO - [2024-02-29T08:57:03.933+0000] {dag.py:2690} INFO - Sync 1 DAGs
[2024-02-29T08:57:03.944+0000] {logging_mixin.py:137} INFO - [2024-02-29T08:57:03.944+0000] {dag.py:3441} INFO - Setting next_dagrun for example_bash_operator to 2024-02-28T00:00:00+00:00, run_after=2024-02-29T00:00:00+00:00
[2024-02-29T08:57:03.952+0000] {processor.py:175} INFO - Processing /home/airflow/.local/lib/python3.7/site-packages/airflow/example_dags/example_bash_operator.py took 0.046 seconds
[2024-02-29T08:57:34.387+0000] {processor.py:153} INFO - Started process (PID=2038) to work on /home/airflow/.local/lib/python3.7/site-packages/airflow/example_dags/example_bash_operator.py
[2024-02-29T08:57:34.388+0000] {processor.py:743} INFO - Processing file /home/airflow/.local/lib/python3.7/site-packages/airflow/example_dags/example_bash_operator.py for tasks to queue
[2024-02-29T08:57:34.388+0000] {logging_mixin.py:137} INFO - [2024-02-29T08:57:34.388+0000] {dagbag.py:538} INFO - Filling up the DagBag from /home/airflow/.local/lib/python3.7/site-packages/airflow/example_dags/example_bash_operator.py
[2024-02-29T08:57:34.398+0000] {processor.py:753} INFO - DAG(s) dict_keys(['example_bash_operator']) retrieved from /home/airflow/.local/lib/python3.7/site-packages/airflow/example_dags/example_bash_operator.py
[2024-02-29T08:57:34.416+0000] {logging_mixin.py:137} INFO - [2024-02-29T08:57:34.416+0000] {dag.py:2690} INFO - Sync 1 DAGs
[2024-02-29T08:57:34.429+0000] {logging_mixin.py:137} INFO - [2024-02-29T08:57:34.428+0000] {dag.py:3441} INFO - Setting next_dagrun for example_bash_operator to 2024-02-28T00:00:00+00:00, run_after=2024-02-29T00:00:00+00:00
[2024-02-29T08:57:34.437+0000] {processor.py:175} INFO - Processing /home/airflow/.local/lib/python3.7/site-packages/airflow/example_dags/example_bash_operator.py took 0.052 seconds
[2024-02-29T08:58:04.982+0000] {processor.py:153} INFO - Started process (PID=2114) to work on /home/airflow/.local/lib/python3.7/site-packages/airflow/example_dags/example_bash_operator.py
[2024-02-29T08:58:04.983+0000] {processor.py:743} INFO - Processing file /home/airflow/.local/lib/python3.7/site-packages/airflow/example_dags/example_bash_operator.py for tasks to queue
[2024-02-29T08:58:04.983+0000] {logging_mixin.py:137} INFO - [2024-02-29T08:58:04.983+0000] {dagbag.py:538} INFO - Filling up the DagBag from /home/airflow/.local/lib/python3.7/site-packages/airflow/example_dags/example_bash_operator.py
[2024-02-29T08:58:04.993+0000] {processor.py:753} INFO - DAG(s) dict_keys(['example_bash_operator']) retrieved from /home/airflow/.local/lib/python3.7/site-packages/airflow/example_dags/example_bash_operator.py
[2024-02-29T08:58:05.010+0000] {logging_mixin.py:137} INFO - [2024-02-29T08:58:05.010+0000] {dag.py:2690} INFO - Sync 1 DAGs
[2024-02-29T08:58:05.021+0000] {logging_mixin.py:137} INFO - [2024-02-29T08:58:05.021+0000] {dag.py:3441} INFO - Setting next_dagrun for example_bash_operator to 2024-02-28T00:00:00+00:00, run_after=2024-02-29T00:00:00+00:00
[2024-02-29T08:58:05.028+0000] {processor.py:175} INFO - Processing /home/airflow/.local/lib/python3.7/site-packages/airflow/example_dags/example_bash_operator.py took 0.048 seconds
[2024-02-29T08:58:35.479+0000] {processor.py:153} INFO - Started process (PID=2208) to work on /home/airflow/.local/lib/python3.7/site-packages/airflow/example_dags/example_bash_operator.py
[2024-02-29T08:58:35.479+0000] {processor.py:743} INFO - Processing file /home/airflow/.local/lib/python3.7/site-packages/airflow/example_dags/example_bash_operator.py for tasks to queue
[2024-02-29T08:58:35.479+0000] {logging_mixin.py:137} INFO - [2024-02-29T08:58:35.479+0000] {dagbag.py:538} INFO - Filling up the DagBag from /home/airflow/.local/lib/python3.7/site-packages/airflow/example_dags/example_bash_operator.py
[2024-02-29T08:58:35.489+0000] {processor.py:753} INFO - DAG(s) dict_keys(['example_bash_operator']) retrieved from /home/airflow/.local/lib/python3.7/site-packages/airflow/example_dags/example_bash_operator.py
[2024-02-29T08:58:35.505+0000] {logging_mixin.py:137} INFO - [2024-02-29T08:58:35.505+0000] {dag.py:2690} INFO - Sync 1 DAGs
[2024-02-29T08:58:35.517+0000] {logging_mixin.py:137} INFO - [2024-02-29T08:58:35.516+0000] {dag.py:3441} INFO - Setting next_dagrun for example_bash_operator to 2024-02-28T00:00:00+00:00, run_after=2024-02-29T00:00:00+00:00
[2024-02-29T08:58:35.524+0000] {processor.py:175} INFO - Processing /home/airflow/.local/lib/python3.7/site-packages/airflow/example_dags/example_bash_operator.py took 0.047 seconds
[2024-02-29T08:59:05.753+0000] {processor.py:153} INFO - Started process (PID=2301) to work on /home/airflow/.local/lib/python3.7/site-packages/airflow/example_dags/example_bash_operator.py
[2024-02-29T08:59:05.753+0000] {processor.py:743} INFO - Processing file /home/airflow/.local/lib/python3.7/site-packages/airflow/example_dags/example_bash_operator.py for tasks to queue
[2024-02-29T08:59:05.753+0000] {logging_mixin.py:137} INFO - [2024-02-29T08:59:05.753+0000] {dagbag.py:538} INFO - Filling up the DagBag from /home/airflow/.local/lib/python3.7/site-packages/airflow/example_dags/example_bash_operator.py
[2024-02-29T08:59:05.763+0000] {processor.py:753} INFO - DAG(s) dict_keys(['example_bash_operator']) retrieved from /home/airflow/.local/lib/python3.7/site-packages/airflow/example_dags/example_bash_operator.py
[2024-02-29T08:59:05.778+0000] {logging_mixin.py:137} INFO - [2024-02-29T08:59:05.778+0000] {dag.py:2690} INFO - Sync 1 DAGs
[2024-02-29T08:59:05.789+0000] {logging_mixin.py:137} INFO - [2024-02-29T08:59:05.789+0000] {dag.py:3441} INFO - Setting next_dagrun for example_bash_operator to 2024-02-28T00:00:00+00:00, run_after=2024-02-29T00:00:00+00:00
[2024-02-29T08:59:05.797+0000] {processor.py:175} INFO - Processing /home/airflow/.local/lib/python3.7/site-packages/airflow/example_dags/example_bash_operator.py took 0.046 seconds
[2024-02-29T08:59:36.392+0000] {processor.py:153} INFO - Started process (PID=2395) to work on /home/airflow/.local/lib/python3.7/site-packages/airflow/example_dags/example_bash_operator.py
[2024-02-29T08:59:36.393+0000] {processor.py:743} INFO - Processing file /home/airflow/.local/lib/python3.7/site-packages/airflow/example_dags/example_bash_operator.py for tasks to queue
[2024-02-29T08:59:36.393+0000] {logging_mixin.py:137} INFO - [2024-02-29T08:59:36.393+0000] {dagbag.py:538} INFO - Filling up the DagBag from /home/airflow/.local/lib/python3.7/site-packages/airflow/example_dags/example_bash_operator.py
[2024-02-29T08:59:36.410+0000] {processor.py:753} INFO - DAG(s) dict_keys(['example_bash_operator']) retrieved from /home/airflow/.local/lib/python3.7/site-packages/airflow/example_dags/example_bash_operator.py
[2024-02-29T08:59:36.433+0000] {logging_mixin.py:137} INFO - [2024-02-29T08:59:36.433+0000] {dag.py:2690} INFO - Sync 1 DAGs
[2024-02-29T08:59:36.451+0000] {logging_mixin.py:137} INFO - [2024-02-29T08:59:36.451+0000] {dag.py:3441} INFO - Setting next_dagrun for example_bash_operator to 2024-02-28T00:00:00+00:00, run_after=2024-02-29T00:00:00+00:00
[2024-02-29T08:59:36.463+0000] {processor.py:175} INFO - Processing /home/airflow/.local/lib/python3.7/site-packages/airflow/example_dags/example_bash_operator.py took 0.074 seconds
[2024-02-29T09:00:07.002+0000] {processor.py:153} INFO - Started process (PID=2471) to work on /home/airflow/.local/lib/python3.7/site-packages/airflow/example_dags/example_bash_operator.py
[2024-02-29T09:00:07.002+0000] {processor.py:743} INFO - Processing file /home/airflow/.local/lib/python3.7/site-packages/airflow/example_dags/example_bash_operator.py for tasks to queue
[2024-02-29T09:00:07.003+0000] {logging_mixin.py:137} INFO - [2024-02-29T09:00:07.003+0000] {dagbag.py:538} INFO - Filling up the DagBag from /home/airflow/.local/lib/python3.7/site-packages/airflow/example_dags/example_bash_operator.py
[2024-02-29T09:00:07.013+0000] {processor.py:753} INFO - DAG(s) dict_keys(['example_bash_operator']) retrieved from /home/airflow/.local/lib/python3.7/site-packages/airflow/example_dags/example_bash_operator.py
[2024-02-29T09:00:07.028+0000] {logging_mixin.py:137} INFO - [2024-02-29T09:00:07.028+0000] {dag.py:2690} INFO - Sync 1 DAGs
[2024-02-29T09:00:07.039+0000] {logging_mixin.py:137} INFO - [2024-02-29T09:00:07.039+0000] {dag.py:3441} INFO - Setting next_dagrun for example_bash_operator to 2024-02-28T00:00:00+00:00, run_after=2024-02-29T00:00:00+00:00
[2024-02-29T09:00:07.048+0000] {processor.py:175} INFO - Processing /home/airflow/.local/lib/python3.7/site-packages/airflow/example_dags/example_bash_operator.py took 0.048 seconds
[2024-02-29T09:00:37.533+0000] {processor.py:153} INFO - Started process (PID=2565) to work on /home/airflow/.local/lib/python3.7/site-packages/airflow/example_dags/example_bash_operator.py
[2024-02-29T09:00:37.533+0000] {processor.py:743} INFO - Processing file /home/airflow/.local/lib/python3.7/site-packages/airflow/example_dags/example_bash_operator.py for tasks to queue
[2024-02-29T09:00:37.534+0000] {logging_mixin.py:137} INFO - [2024-02-29T09:00:37.534+0000] {dagbag.py:538} INFO - Filling up the DagBag from /home/airflow/.local/lib/python3.7/site-packages/airflow/example_dags/example_bash_operator.py
[2024-02-29T09:00:37.543+0000] {processor.py:753} INFO - DAG(s) dict_keys(['example_bash_operator']) retrieved from /home/airflow/.local/lib/python3.7/site-packages/airflow/example_dags/example_bash_operator.py
[2024-02-29T09:00:37.558+0000] {logging_mixin.py:137} INFO - [2024-02-29T09:00:37.558+0000] {dag.py:2690} INFO - Sync 1 DAGs
[2024-02-29T09:00:37.569+0000] {logging_mixin.py:137} INFO - [2024-02-29T09:00:37.569+0000] {dag.py:3441} INFO - Setting next_dagrun for example_bash_operator to 2024-02-28T00:00:00+00:00, run_after=2024-02-29T00:00:00+00:00
[2024-02-29T09:00:37.577+0000] {processor.py:175} INFO - Processing /home/airflow/.local/lib/python3.7/site-packages/airflow/example_dags/example_bash_operator.py took 0.046 seconds
[2024-02-29T09:01:08.022+0000] {processor.py:153} INFO - Started process (PID=2659) to work on /home/airflow/.local/lib/python3.7/site-packages/airflow/example_dags/example_bash_operator.py
[2024-02-29T09:01:08.023+0000] {processor.py:743} INFO - Processing file /home/airflow/.local/lib/python3.7/site-packages/airflow/example_dags/example_bash_operator.py for tasks to queue
[2024-02-29T09:01:08.023+0000] {logging_mixin.py:137} INFO - [2024-02-29T09:01:08.023+0000] {dagbag.py:538} INFO - Filling up the DagBag from /home/airflow/.local/lib/python3.7/site-packages/airflow/example_dags/example_bash_operator.py
[2024-02-29T09:01:08.034+0000] {processor.py:753} INFO - DAG(s) dict_keys(['example_bash_operator']) retrieved from /home/airflow/.local/lib/python3.7/site-packages/airflow/example_dags/example_bash_operator.py
[2024-02-29T09:01:08.050+0000] {logging_mixin.py:137} INFO - [2024-02-29T09:01:08.050+0000] {dag.py:2690} INFO - Sync 1 DAGs
[2024-02-29T09:01:08.061+0000] {logging_mixin.py:137} INFO - [2024-02-29T09:01:08.061+0000] {dag.py:3441} INFO - Setting next_dagrun for example_bash_operator to 2024-02-28T00:00:00+00:00, run_after=2024-02-29T00:00:00+00:00
[2024-02-29T09:01:08.069+0000] {processor.py:175} INFO - Processing /home/airflow/.local/lib/python3.7/site-packages/airflow/example_dags/example_bash_operator.py took 0.048 seconds
[2024-02-29T09:01:38.672+0000] {processor.py:153} INFO - Started process (PID=2735) to work on /home/airflow/.local/lib/python3.7/site-packages/airflow/example_dags/example_bash_operator.py
[2024-02-29T09:01:38.672+0000] {processor.py:743} INFO - Processing file /home/airflow/.local/lib/python3.7/site-packages/airflow/example_dags/example_bash_operator.py for tasks to queue
[2024-02-29T09:01:38.673+0000] {logging_mixin.py:137} INFO - [2024-02-29T09:01:38.673+0000] {dagbag.py:538} INFO - Filling up the DagBag from /home/airflow/.local/lib/python3.7/site-packages/airflow/example_dags/example_bash_operator.py
[2024-02-29T09:01:38.683+0000] {processor.py:753} INFO - DAG(s) dict_keys(['example_bash_operator']) retrieved from /home/airflow/.local/lib/python3.7/site-packages/airflow/example_dags/example_bash_operator.py
[2024-02-29T09:01:38.699+0000] {logging_mixin.py:137} INFO - [2024-02-29T09:01:38.699+0000] {dag.py:2690} INFO - Sync 1 DAGs
[2024-02-29T09:01:38.710+0000] {logging_mixin.py:137} INFO - [2024-02-29T09:01:38.710+0000] {dag.py:3441} INFO - Setting next_dagrun for example_bash_operator to 2024-02-28T00:00:00+00:00, run_after=2024-02-29T00:00:00+00:00
[2024-02-29T09:01:38.717+0000] {processor.py:175} INFO - Processing /home/airflow/.local/lib/python3.7/site-packages/airflow/example_dags/example_bash_operator.py took 0.048 seconds
[2024-02-29T09:02:09.185+0000] {processor.py:153} INFO - Started process (PID=2828) to work on /home/airflow/.local/lib/python3.7/site-packages/airflow/example_dags/example_bash_operator.py
[2024-02-29T09:02:09.186+0000] {processor.py:743} INFO - Processing file /home/airflow/.local/lib/python3.7/site-packages/airflow/example_dags/example_bash_operator.py for tasks to queue
[2024-02-29T09:02:09.186+0000] {logging_mixin.py:137} INFO - [2024-02-29T09:02:09.186+0000] {dagbag.py:538} INFO - Filling up the DagBag from /home/airflow/.local/lib/python3.7/site-packages/airflow/example_dags/example_bash_operator.py
[2024-02-29T09:02:09.197+0000] {processor.py:753} INFO - DAG(s) dict_keys(['example_bash_operator']) retrieved from /home/airflow/.local/lib/python3.7/site-packages/airflow/example_dags/example_bash_operator.py
[2024-02-29T09:02:09.215+0000] {logging_mixin.py:137} INFO - [2024-02-29T09:02:09.215+0000] {dag.py:2690} INFO - Sync 1 DAGs
[2024-02-29T09:02:09.227+0000] {logging_mixin.py:137} INFO - [2024-02-29T09:02:09.227+0000] {dag.py:3441} INFO - Setting next_dagrun for example_bash_operator to 2024-02-28T00:00:00+00:00, run_after=2024-02-29T00:00:00+00:00
[2024-02-29T09:02:09.235+0000] {processor.py:175} INFO - Processing /home/airflow/.local/lib/python3.7/site-packages/airflow/example_dags/example_bash_operator.py took 0.051 seconds
[2024-02-29T09:02:39.706+0000] {processor.py:153} INFO - Started process (PID=2922) to work on /home/airflow/.local/lib/python3.7/site-packages/airflow/example_dags/example_bash_operator.py
[2024-02-29T09:02:39.707+0000] {processor.py:743} INFO - Processing file /home/airflow/.local/lib/python3.7/site-packages/airflow/example_dags/example_bash_operator.py for tasks to queue
[2024-02-29T09:02:39.707+0000] {logging_mixin.py:137} INFO - [2024-02-29T09:02:39.707+0000] {dagbag.py:538} INFO - Filling up the DagBag from /home/airflow/.local/lib/python3.7/site-packages/airflow/example_dags/example_bash_operator.py
[2024-02-29T09:02:39.719+0000] {processor.py:753} INFO - DAG(s) dict_keys(['example_bash_operator']) retrieved from /home/airflow/.local/lib/python3.7/site-packages/airflow/example_dags/example_bash_operator.py
[2024-02-29T09:02:39.737+0000] {logging_mixin.py:137} INFO - [2024-02-29T09:02:39.737+0000] {dag.py:2690} INFO - Sync 1 DAGs
[2024-02-29T09:02:39.750+0000] {logging_mixin.py:137} INFO - [2024-02-29T09:02:39.750+0000] {dag.py:3441} INFO - Setting next_dagrun for example_bash_operator to 2024-02-28T00:00:00+00:00, run_after=2024-02-29T00:00:00+00:00
[2024-02-29T09:02:39.759+0000] {processor.py:175} INFO - Processing /home/airflow/.local/lib/python3.7/site-packages/airflow/example_dags/example_bash_operator.py took 0.055 seconds
[2024-02-29T09:03:10.441+0000] {processor.py:153} INFO - Started process (PID=3015) to work on /home/airflow/.local/lib/python3.7/site-packages/airflow/example_dags/example_bash_operator.py
[2024-02-29T09:03:10.442+0000] {processor.py:743} INFO - Processing file /home/airflow/.local/lib/python3.7/site-packages/airflow/example_dags/example_bash_operator.py for tasks to queue
[2024-02-29T09:03:10.445+0000] {logging_mixin.py:137} INFO - [2024-02-29T09:03:10.445+0000] {dagbag.py:538} INFO - Filling up the DagBag from /home/airflow/.local/lib/python3.7/site-packages/airflow/example_dags/example_bash_operator.py
[2024-02-29T09:03:10.471+0000] {processor.py:753} INFO - DAG(s) dict_keys(['example_bash_operator']) retrieved from /home/airflow/.local/lib/python3.7/site-packages/airflow/example_dags/example_bash_operator.py
[2024-02-29T09:03:10.500+0000] {logging_mixin.py:137} INFO - [2024-02-29T09:03:10.500+0000] {dag.py:2690} INFO - Sync 1 DAGs
[2024-02-29T09:03:10.517+0000] {logging_mixin.py:137} INFO - [2024-02-29T09:03:10.517+0000] {dag.py:3441} INFO - Setting next_dagrun for example_bash_operator to 2024-02-28T00:00:00+00:00, run_after=2024-02-29T00:00:00+00:00
[2024-02-29T09:03:10.535+0000] {processor.py:175} INFO - Processing /home/airflow/.local/lib/python3.7/site-packages/airflow/example_dags/example_bash_operator.py took 0.097 seconds
