[2024-02-29T08:46:25.386+0000] {processor.py:153} INFO - Started process (PID=68) to work on /home/airflow/.local/lib/python3.7/site-packages/airflow/example_dags/example_short_circuit_decorator.py
[2024-02-29T08:46:25.386+0000] {processor.py:743} INFO - Processing file /home/airflow/.local/lib/python3.7/site-packages/airflow/example_dags/example_short_circuit_decorator.py for tasks to queue
[2024-02-29T08:46:25.387+0000] {logging_mixin.py:137} INFO - [2024-02-29T08:46:25.387+0000] {dagbag.py:538} INFO - Filling up the DagBag from /home/airflow/.local/lib/python3.7/site-packages/airflow/example_dags/example_short_circuit_decorator.py
[2024-02-29T08:46:25.402+0000] {processor.py:753} INFO - DAG(s) dict_keys(['example_short_circuit_decorator']) retrieved from /home/airflow/.local/lib/python3.7/site-packages/airflow/example_dags/example_short_circuit_decorator.py
[2024-02-29T08:46:25.418+0000] {logging_mixin.py:137} INFO - [2024-02-29T08:46:25.418+0000] {dag.py:2690} INFO - Sync 1 DAGs
[2024-02-29T08:46:25.436+0000] {logging_mixin.py:137} INFO - [2024-02-29T08:46:25.435+0000] {dag.py:3441} INFO - Setting next_dagrun for example_short_circuit_decorator to 2024-02-28T08:46:25.435734+00:00, run_after=2024-02-29T08:46:25.435734+00:00
[2024-02-29T08:46:25.449+0000] {processor.py:175} INFO - Processing /home/airflow/.local/lib/python3.7/site-packages/airflow/example_dags/example_short_circuit_decorator.py took 0.067 seconds
[2024-02-29T08:46:56.037+0000] {processor.py:153} INFO - Started process (PID=161) to work on /home/airflow/.local/lib/python3.7/site-packages/airflow/example_dags/example_short_circuit_decorator.py
[2024-02-29T08:46:56.037+0000] {processor.py:743} INFO - Processing file /home/airflow/.local/lib/python3.7/site-packages/airflow/example_dags/example_short_circuit_decorator.py for tasks to queue
[2024-02-29T08:46:56.037+0000] {logging_mixin.py:137} INFO - [2024-02-29T08:46:56.037+0000] {dagbag.py:538} INFO - Filling up the DagBag from /home/airflow/.local/lib/python3.7/site-packages/airflow/example_dags/example_short_circuit_decorator.py
[2024-02-29T08:46:56.048+0000] {processor.py:753} INFO - DAG(s) dict_keys(['example_short_circuit_decorator']) retrieved from /home/airflow/.local/lib/python3.7/site-packages/airflow/example_dags/example_short_circuit_decorator.py
[2024-02-29T08:46:56.060+0000] {logging_mixin.py:137} INFO - [2024-02-29T08:46:56.060+0000] {dag.py:2690} INFO - Sync 1 DAGs
[2024-02-29T08:46:56.071+0000] {logging_mixin.py:137} INFO - [2024-02-29T08:46:56.071+0000] {dag.py:3441} INFO - Setting next_dagrun for example_short_circuit_decorator to 2024-02-28T08:46:56.071269+00:00, run_after=2024-02-29T08:46:56.071269+00:00
[2024-02-29T08:46:56.078+0000] {processor.py:175} INFO - Processing /home/airflow/.local/lib/python3.7/site-packages/airflow/example_dags/example_short_circuit_decorator.py took 0.043 seconds
[2024-02-29T08:47:26.343+0000] {processor.py:153} INFO - Started process (PID=255) to work on /home/airflow/.local/lib/python3.7/site-packages/airflow/example_dags/example_short_circuit_decorator.py
[2024-02-29T08:47:26.343+0000] {processor.py:743} INFO - Processing file /home/airflow/.local/lib/python3.7/site-packages/airflow/example_dags/example_short_circuit_decorator.py for tasks to queue
[2024-02-29T08:47:26.343+0000] {logging_mixin.py:137} INFO - [2024-02-29T08:47:26.343+0000] {dagbag.py:538} INFO - Filling up the DagBag from /home/airflow/.local/lib/python3.7/site-packages/airflow/example_dags/example_short_circuit_decorator.py
[2024-02-29T08:47:26.354+0000] {processor.py:753} INFO - DAG(s) dict_keys(['example_short_circuit_decorator']) retrieved from /home/airflow/.local/lib/python3.7/site-packages/airflow/example_dags/example_short_circuit_decorator.py
[2024-02-29T08:47:26.366+0000] {logging_mixin.py:137} INFO - [2024-02-29T08:47:26.365+0000] {dag.py:2690} INFO - Sync 1 DAGs
[2024-02-29T08:47:26.376+0000] {logging_mixin.py:137} INFO - [2024-02-29T08:47:26.376+0000] {dag.py:3441} INFO - Setting next_dagrun for example_short_circuit_decorator to 2024-02-28T08:47:26.376559+00:00, run_after=2024-02-29T08:47:26.376559+00:00
[2024-02-29T08:47:26.385+0000] {processor.py:175} INFO - Processing /home/airflow/.local/lib/python3.7/site-packages/airflow/example_dags/example_short_circuit_decorator.py took 0.044 seconds
[2024-02-29T08:47:56.737+0000] {processor.py:153} INFO - Started process (PID=337) to work on /home/airflow/.local/lib/python3.7/site-packages/airflow/example_dags/example_short_circuit_decorator.py
[2024-02-29T08:47:56.737+0000] {processor.py:743} INFO - Processing file /home/airflow/.local/lib/python3.7/site-packages/airflow/example_dags/example_short_circuit_decorator.py for tasks to queue
[2024-02-29T08:47:56.738+0000] {logging_mixin.py:137} INFO - [2024-02-29T08:47:56.738+0000] {dagbag.py:538} INFO - Filling up the DagBag from /home/airflow/.local/lib/python3.7/site-packages/airflow/example_dags/example_short_circuit_decorator.py
[2024-02-29T08:47:56.749+0000] {processor.py:753} INFO - DAG(s) dict_keys(['example_short_circuit_decorator']) retrieved from /home/airflow/.local/lib/python3.7/site-packages/airflow/example_dags/example_short_circuit_decorator.py
[2024-02-29T08:47:56.762+0000] {logging_mixin.py:137} INFO - [2024-02-29T08:47:56.762+0000] {dag.py:2690} INFO - Sync 1 DAGs
[2024-02-29T08:47:56.775+0000] {logging_mixin.py:137} INFO - [2024-02-29T08:47:56.775+0000] {dag.py:3441} INFO - Setting next_dagrun for example_short_circuit_decorator to 2024-02-28T08:47:56.775739+00:00, run_after=2024-02-29T08:47:56.775739+00:00
[2024-02-29T08:47:56.784+0000] {processor.py:175} INFO - Processing /home/airflow/.local/lib/python3.7/site-packages/airflow/example_dags/example_short_circuit_decorator.py took 0.049 seconds
[2024-02-29T08:48:27.203+0000] {processor.py:153} INFO - Started process (PID=424) to work on /home/airflow/.local/lib/python3.7/site-packages/airflow/example_dags/example_short_circuit_decorator.py
[2024-02-29T08:48:27.203+0000] {processor.py:743} INFO - Processing file /home/airflow/.local/lib/python3.7/site-packages/airflow/example_dags/example_short_circuit_decorator.py for tasks to queue
[2024-02-29T08:48:27.204+0000] {logging_mixin.py:137} INFO - [2024-02-29T08:48:27.203+0000] {dagbag.py:538} INFO - Filling up the DagBag from /home/airflow/.local/lib/python3.7/site-packages/airflow/example_dags/example_short_circuit_decorator.py
[2024-02-29T08:48:27.215+0000] {processor.py:753} INFO - DAG(s) dict_keys(['example_short_circuit_decorator']) retrieved from /home/airflow/.local/lib/python3.7/site-packages/airflow/example_dags/example_short_circuit_decorator.py
[2024-02-29T08:48:27.226+0000] {logging_mixin.py:137} INFO - [2024-02-29T08:48:27.226+0000] {dag.py:2690} INFO - Sync 1 DAGs
[2024-02-29T08:48:27.237+0000] {logging_mixin.py:137} INFO - [2024-02-29T08:48:27.237+0000] {dag.py:3441} INFO - Setting next_dagrun for example_short_circuit_decorator to 2024-02-28T08:48:27.237516+00:00, run_after=2024-02-29T08:48:27.237516+00:00
[2024-02-29T08:48:27.245+0000] {processor.py:175} INFO - Processing /home/airflow/.local/lib/python3.7/site-packages/airflow/example_dags/example_short_circuit_decorator.py took 0.044 seconds
[2024-02-29T08:48:57.556+0000] {processor.py:153} INFO - Started process (PID=518) to work on /home/airflow/.local/lib/python3.7/site-packages/airflow/example_dags/example_short_circuit_decorator.py
[2024-02-29T08:48:57.556+0000] {processor.py:743} INFO - Processing file /home/airflow/.local/lib/python3.7/site-packages/airflow/example_dags/example_short_circuit_decorator.py for tasks to queue
[2024-02-29T08:48:57.557+0000] {logging_mixin.py:137} INFO - [2024-02-29T08:48:57.557+0000] {dagbag.py:538} INFO - Filling up the DagBag from /home/airflow/.local/lib/python3.7/site-packages/airflow/example_dags/example_short_circuit_decorator.py
[2024-02-29T08:48:57.567+0000] {processor.py:753} INFO - DAG(s) dict_keys(['example_short_circuit_decorator']) retrieved from /home/airflow/.local/lib/python3.7/site-packages/airflow/example_dags/example_short_circuit_decorator.py
[2024-02-29T08:48:57.578+0000] {logging_mixin.py:137} INFO - [2024-02-29T08:48:57.578+0000] {dag.py:2690} INFO - Sync 1 DAGs
[2024-02-29T08:48:57.589+0000] {logging_mixin.py:137} INFO - [2024-02-29T08:48:57.588+0000] {dag.py:3441} INFO - Setting next_dagrun for example_short_circuit_decorator to 2024-02-28T08:48:57.588844+00:00, run_after=2024-02-29T08:48:57.588844+00:00
[2024-02-29T08:48:57.596+0000] {processor.py:175} INFO - Processing /home/airflow/.local/lib/python3.7/site-packages/airflow/example_dags/example_short_circuit_decorator.py took 0.042 seconds
[2024-02-29T08:49:27.987+0000] {processor.py:153} INFO - Started process (PID=612) to work on /home/airflow/.local/lib/python3.7/site-packages/airflow/example_dags/example_short_circuit_decorator.py
[2024-02-29T08:49:27.987+0000] {processor.py:743} INFO - Processing file /home/airflow/.local/lib/python3.7/site-packages/airflow/example_dags/example_short_circuit_decorator.py for tasks to queue
[2024-02-29T08:49:27.988+0000] {logging_mixin.py:137} INFO - [2024-02-29T08:49:27.988+0000] {dagbag.py:538} INFO - Filling up the DagBag from /home/airflow/.local/lib/python3.7/site-packages/airflow/example_dags/example_short_circuit_decorator.py
[2024-02-29T08:49:27.998+0000] {processor.py:753} INFO - DAG(s) dict_keys(['example_short_circuit_decorator']) retrieved from /home/airflow/.local/lib/python3.7/site-packages/airflow/example_dags/example_short_circuit_decorator.py
[2024-02-29T08:49:28.009+0000] {logging_mixin.py:137} INFO - [2024-02-29T08:49:28.009+0000] {dag.py:2690} INFO - Sync 1 DAGs
[2024-02-29T08:49:28.020+0000] {logging_mixin.py:137} INFO - [2024-02-29T08:49:28.019+0000] {dag.py:3441} INFO - Setting next_dagrun for example_short_circuit_decorator to 2024-02-28T08:49:28.019879+00:00, run_after=2024-02-29T08:49:28.019879+00:00
[2024-02-29T08:49:28.029+0000] {processor.py:175} INFO - Processing /home/airflow/.local/lib/python3.7/site-packages/airflow/example_dags/example_short_circuit_decorator.py took 0.043 seconds
[2024-02-29T08:49:58.313+0000] {processor.py:153} INFO - Started process (PID=687) to work on /home/airflow/.local/lib/python3.7/site-packages/airflow/example_dags/example_short_circuit_decorator.py
[2024-02-29T08:49:58.313+0000] {processor.py:743} INFO - Processing file /home/airflow/.local/lib/python3.7/site-packages/airflow/example_dags/example_short_circuit_decorator.py for tasks to queue
[2024-02-29T08:49:58.313+0000] {logging_mixin.py:137} INFO - [2024-02-29T08:49:58.313+0000] {dagbag.py:538} INFO - Filling up the DagBag from /home/airflow/.local/lib/python3.7/site-packages/airflow/example_dags/example_short_circuit_decorator.py
[2024-02-29T08:49:58.324+0000] {processor.py:753} INFO - DAG(s) dict_keys(['example_short_circuit_decorator']) retrieved from /home/airflow/.local/lib/python3.7/site-packages/airflow/example_dags/example_short_circuit_decorator.py
[2024-02-29T08:49:58.336+0000] {logging_mixin.py:137} INFO - [2024-02-29T08:49:58.336+0000] {dag.py:2690} INFO - Sync 1 DAGs
[2024-02-29T08:49:58.347+0000] {logging_mixin.py:137} INFO - [2024-02-29T08:49:58.347+0000] {dag.py:3441} INFO - Setting next_dagrun for example_short_circuit_decorator to 2024-02-28T08:49:58.347422+00:00, run_after=2024-02-29T08:49:58.347422+00:00
[2024-02-29T08:49:58.355+0000] {processor.py:175} INFO - Processing /home/airflow/.local/lib/python3.7/site-packages/airflow/example_dags/example_short_circuit_decorator.py took 0.044 seconds
[2024-02-29T08:50:28.781+0000] {processor.py:153} INFO - Started process (PID=781) to work on /home/airflow/.local/lib/python3.7/site-packages/airflow/example_dags/example_short_circuit_decorator.py
[2024-02-29T08:50:28.781+0000] {processor.py:743} INFO - Processing file /home/airflow/.local/lib/python3.7/site-packages/airflow/example_dags/example_short_circuit_decorator.py for tasks to queue
[2024-02-29T08:50:28.782+0000] {logging_mixin.py:137} INFO - [2024-02-29T08:50:28.781+0000] {dagbag.py:538} INFO - Filling up the DagBag from /home/airflow/.local/lib/python3.7/site-packages/airflow/example_dags/example_short_circuit_decorator.py
[2024-02-29T08:50:28.793+0000] {processor.py:753} INFO - DAG(s) dict_keys(['example_short_circuit_decorator']) retrieved from /home/airflow/.local/lib/python3.7/site-packages/airflow/example_dags/example_short_circuit_decorator.py
[2024-02-29T08:50:28.806+0000] {logging_mixin.py:137} INFO - [2024-02-29T08:50:28.806+0000] {dag.py:2690} INFO - Sync 1 DAGs
[2024-02-29T08:50:28.817+0000] {logging_mixin.py:137} INFO - [2024-02-29T08:50:28.817+0000] {dag.py:3441} INFO - Setting next_dagrun for example_short_circuit_decorator to 2024-02-28T08:50:28.817402+00:00, run_after=2024-02-29T08:50:28.817402+00:00
[2024-02-29T08:50:28.826+0000] {processor.py:175} INFO - Processing /home/airflow/.local/lib/python3.7/site-packages/airflow/example_dags/example_short_circuit_decorator.py took 0.047 seconds
[2024-02-29T08:50:59.243+0000] {processor.py:153} INFO - Started process (PID=875) to work on /home/airflow/.local/lib/python3.7/site-packages/airflow/example_dags/example_short_circuit_decorator.py
[2024-02-29T08:50:59.243+0000] {processor.py:743} INFO - Processing file /home/airflow/.local/lib/python3.7/site-packages/airflow/example_dags/example_short_circuit_decorator.py for tasks to queue
[2024-02-29T08:50:59.244+0000] {logging_mixin.py:137} INFO - [2024-02-29T08:50:59.244+0000] {dagbag.py:538} INFO - Filling up the DagBag from /home/airflow/.local/lib/python3.7/site-packages/airflow/example_dags/example_short_circuit_decorator.py
[2024-02-29T08:50:59.255+0000] {processor.py:753} INFO - DAG(s) dict_keys(['example_short_circuit_decorator']) retrieved from /home/airflow/.local/lib/python3.7/site-packages/airflow/example_dags/example_short_circuit_decorator.py
[2024-02-29T08:50:59.268+0000] {logging_mixin.py:137} INFO - [2024-02-29T08:50:59.268+0000] {dag.py:2690} INFO - Sync 1 DAGs
[2024-02-29T08:50:59.279+0000] {logging_mixin.py:137} INFO - [2024-02-29T08:50:59.278+0000] {dag.py:3441} INFO - Setting next_dagrun for example_short_circuit_decorator to 2024-02-28T08:50:59.278833+00:00, run_after=2024-02-29T08:50:59.278833+00:00
[2024-02-29T08:50:59.288+0000] {processor.py:175} INFO - Processing /home/airflow/.local/lib/python3.7/site-packages/airflow/example_dags/example_short_circuit_decorator.py took 0.046 seconds
[2024-02-29T08:51:29.610+0000] {processor.py:153} INFO - Started process (PID=968) to work on /home/airflow/.local/lib/python3.7/site-packages/airflow/example_dags/example_short_circuit_decorator.py
[2024-02-29T08:51:29.611+0000] {processor.py:743} INFO - Processing file /home/airflow/.local/lib/python3.7/site-packages/airflow/example_dags/example_short_circuit_decorator.py for tasks to queue
[2024-02-29T08:51:29.611+0000] {logging_mixin.py:137} INFO - [2024-02-29T08:51:29.611+0000] {dagbag.py:538} INFO - Filling up the DagBag from /home/airflow/.local/lib/python3.7/site-packages/airflow/example_dags/example_short_circuit_decorator.py
[2024-02-29T08:51:29.622+0000] {processor.py:753} INFO - DAG(s) dict_keys(['example_short_circuit_decorator']) retrieved from /home/airflow/.local/lib/python3.7/site-packages/airflow/example_dags/example_short_circuit_decorator.py
[2024-02-29T08:51:29.633+0000] {logging_mixin.py:137} INFO - [2024-02-29T08:51:29.633+0000] {dag.py:2690} INFO - Sync 1 DAGs
[2024-02-29T08:51:29.644+0000] {logging_mixin.py:137} INFO - [2024-02-29T08:51:29.644+0000] {dag.py:3441} INFO - Setting next_dagrun for example_short_circuit_decorator to 2024-02-28T08:51:29.644628+00:00, run_after=2024-02-29T08:51:29.644628+00:00
[2024-02-29T08:51:29.652+0000] {processor.py:175} INFO - Processing /home/airflow/.local/lib/python3.7/site-packages/airflow/example_dags/example_short_circuit_decorator.py took 0.043 seconds
[2024-02-29T08:52:00.040+0000] {processor.py:153} INFO - Started process (PID=1044) to work on /home/airflow/.local/lib/python3.7/site-packages/airflow/example_dags/example_short_circuit_decorator.py
[2024-02-29T08:52:00.040+0000] {processor.py:743} INFO - Processing file /home/airflow/.local/lib/python3.7/site-packages/airflow/example_dags/example_short_circuit_decorator.py for tasks to queue
[2024-02-29T08:52:00.040+0000] {logging_mixin.py:137} INFO - [2024-02-29T08:52:00.040+0000] {dagbag.py:538} INFO - Filling up the DagBag from /home/airflow/.local/lib/python3.7/site-packages/airflow/example_dags/example_short_circuit_decorator.py
[2024-02-29T08:52:00.052+0000] {processor.py:753} INFO - DAG(s) dict_keys(['example_short_circuit_decorator']) retrieved from /home/airflow/.local/lib/python3.7/site-packages/airflow/example_dags/example_short_circuit_decorator.py
[2024-02-29T08:52:00.063+0000] {logging_mixin.py:137} INFO - [2024-02-29T08:52:00.063+0000] {dag.py:2690} INFO - Sync 1 DAGs
[2024-02-29T08:52:00.073+0000] {logging_mixin.py:137} INFO - [2024-02-29T08:52:00.073+0000] {dag.py:3441} INFO - Setting next_dagrun for example_short_circuit_decorator to 2024-02-28T08:52:00.073212+00:00, run_after=2024-02-29T08:52:00.073212+00:00
[2024-02-29T08:52:00.080+0000] {processor.py:175} INFO - Processing /home/airflow/.local/lib/python3.7/site-packages/airflow/example_dags/example_short_circuit_decorator.py took 0.042 seconds
[2024-02-29T08:52:30.323+0000] {processor.py:153} INFO - Started process (PID=1137) to work on /home/airflow/.local/lib/python3.7/site-packages/airflow/example_dags/example_short_circuit_decorator.py
[2024-02-29T08:52:30.323+0000] {processor.py:743} INFO - Processing file /home/airflow/.local/lib/python3.7/site-packages/airflow/example_dags/example_short_circuit_decorator.py for tasks to queue
[2024-02-29T08:52:30.324+0000] {logging_mixin.py:137} INFO - [2024-02-29T08:52:30.323+0000] {dagbag.py:538} INFO - Filling up the DagBag from /home/airflow/.local/lib/python3.7/site-packages/airflow/example_dags/example_short_circuit_decorator.py
[2024-02-29T08:52:30.334+0000] {processor.py:753} INFO - DAG(s) dict_keys(['example_short_circuit_decorator']) retrieved from /home/airflow/.local/lib/python3.7/site-packages/airflow/example_dags/example_short_circuit_decorator.py
[2024-02-29T08:52:30.346+0000] {logging_mixin.py:137} INFO - [2024-02-29T08:52:30.345+0000] {dag.py:2690} INFO - Sync 1 DAGs
[2024-02-29T08:52:30.356+0000] {logging_mixin.py:137} INFO - [2024-02-29T08:52:30.356+0000] {dag.py:3441} INFO - Setting next_dagrun for example_short_circuit_decorator to 2024-02-28T08:52:30.356650+00:00, run_after=2024-02-29T08:52:30.356650+00:00
[2024-02-29T08:52:30.363+0000] {processor.py:175} INFO - Processing /home/airflow/.local/lib/python3.7/site-packages/airflow/example_dags/example_short_circuit_decorator.py took 0.042 seconds
[2024-02-29T08:53:00.662+0000] {processor.py:153} INFO - Started process (PID=1230) to work on /home/airflow/.local/lib/python3.7/site-packages/airflow/example_dags/example_short_circuit_decorator.py
[2024-02-29T08:53:00.663+0000] {processor.py:743} INFO - Processing file /home/airflow/.local/lib/python3.7/site-packages/airflow/example_dags/example_short_circuit_decorator.py for tasks to queue
[2024-02-29T08:53:00.665+0000] {logging_mixin.py:137} INFO - [2024-02-29T08:53:00.665+0000] {dagbag.py:538} INFO - Filling up the DagBag from /home/airflow/.local/lib/python3.7/site-packages/airflow/example_dags/example_short_circuit_decorator.py
[2024-02-29T08:53:00.676+0000] {processor.py:753} INFO - DAG(s) dict_keys(['example_short_circuit_decorator']) retrieved from /home/airflow/.local/lib/python3.7/site-packages/airflow/example_dags/example_short_circuit_decorator.py
[2024-02-29T08:53:00.686+0000] {logging_mixin.py:137} INFO - [2024-02-29T08:53:00.686+0000] {dag.py:2690} INFO - Sync 1 DAGs
[2024-02-29T08:53:00.696+0000] {logging_mixin.py:137} INFO - [2024-02-29T08:53:00.696+0000] {dag.py:3441} INFO - Setting next_dagrun for example_short_circuit_decorator to 2024-02-28T08:53:00.696553+00:00, run_after=2024-02-29T08:53:00.696553+00:00
[2024-02-29T08:53:00.704+0000] {processor.py:175} INFO - Processing /home/airflow/.local/lib/python3.7/site-packages/airflow/example_dags/example_short_circuit_decorator.py took 0.044 seconds
[2024-02-29T08:53:31.048+0000] {processor.py:153} INFO - Started process (PID=1324) to work on /home/airflow/.local/lib/python3.7/site-packages/airflow/example_dags/example_short_circuit_decorator.py
[2024-02-29T08:53:31.048+0000] {processor.py:743} INFO - Processing file /home/airflow/.local/lib/python3.7/site-packages/airflow/example_dags/example_short_circuit_decorator.py for tasks to queue
[2024-02-29T08:53:31.049+0000] {logging_mixin.py:137} INFO - [2024-02-29T08:53:31.049+0000] {dagbag.py:538} INFO - Filling up the DagBag from /home/airflow/.local/lib/python3.7/site-packages/airflow/example_dags/example_short_circuit_decorator.py
[2024-02-29T08:53:31.060+0000] {processor.py:753} INFO - DAG(s) dict_keys(['example_short_circuit_decorator']) retrieved from /home/airflow/.local/lib/python3.7/site-packages/airflow/example_dags/example_short_circuit_decorator.py
[2024-02-29T08:53:31.072+0000] {logging_mixin.py:137} INFO - [2024-02-29T08:53:31.072+0000] {dag.py:2690} INFO - Sync 1 DAGs
[2024-02-29T08:53:31.083+0000] {logging_mixin.py:137} INFO - [2024-02-29T08:53:31.082+0000] {dag.py:3441} INFO - Setting next_dagrun for example_short_circuit_decorator to 2024-02-28T08:53:31.082875+00:00, run_after=2024-02-29T08:53:31.082875+00:00
[2024-02-29T08:53:31.091+0000] {processor.py:175} INFO - Processing /home/airflow/.local/lib/python3.7/site-packages/airflow/example_dags/example_short_circuit_decorator.py took 0.044 seconds
[2024-02-29T08:54:01.474+0000] {processor.py:153} INFO - Started process (PID=1400) to work on /home/airflow/.local/lib/python3.7/site-packages/airflow/example_dags/example_short_circuit_decorator.py
[2024-02-29T08:54:01.475+0000] {processor.py:743} INFO - Processing file /home/airflow/.local/lib/python3.7/site-packages/airflow/example_dags/example_short_circuit_decorator.py for tasks to queue
[2024-02-29T08:54:01.475+0000] {logging_mixin.py:137} INFO - [2024-02-29T08:54:01.475+0000] {dagbag.py:538} INFO - Filling up the DagBag from /home/airflow/.local/lib/python3.7/site-packages/airflow/example_dags/example_short_circuit_decorator.py
[2024-02-29T08:54:01.486+0000] {processor.py:753} INFO - DAG(s) dict_keys(['example_short_circuit_decorator']) retrieved from /home/airflow/.local/lib/python3.7/site-packages/airflow/example_dags/example_short_circuit_decorator.py
[2024-02-29T08:54:01.498+0000] {logging_mixin.py:137} INFO - [2024-02-29T08:54:01.498+0000] {dag.py:2690} INFO - Sync 1 DAGs
[2024-02-29T08:54:01.508+0000] {logging_mixin.py:137} INFO - [2024-02-29T08:54:01.508+0000] {dag.py:3441} INFO - Setting next_dagrun for example_short_circuit_decorator to 2024-02-28T08:54:01.508710+00:00, run_after=2024-02-29T08:54:01.508710+00:00
[2024-02-29T08:54:01.516+0000] {processor.py:175} INFO - Processing /home/airflow/.local/lib/python3.7/site-packages/airflow/example_dags/example_short_circuit_decorator.py took 0.043 seconds
[2024-02-29T08:54:31.873+0000] {processor.py:153} INFO - Started process (PID=1494) to work on /home/airflow/.local/lib/python3.7/site-packages/airflow/example_dags/example_short_circuit_decorator.py
[2024-02-29T08:54:31.873+0000] {processor.py:743} INFO - Processing file /home/airflow/.local/lib/python3.7/site-packages/airflow/example_dags/example_short_circuit_decorator.py for tasks to queue
[2024-02-29T08:54:31.873+0000] {logging_mixin.py:137} INFO - [2024-02-29T08:54:31.873+0000] {dagbag.py:538} INFO - Filling up the DagBag from /home/airflow/.local/lib/python3.7/site-packages/airflow/example_dags/example_short_circuit_decorator.py
[2024-02-29T08:54:31.884+0000] {processor.py:753} INFO - DAG(s) dict_keys(['example_short_circuit_decorator']) retrieved from /home/airflow/.local/lib/python3.7/site-packages/airflow/example_dags/example_short_circuit_decorator.py
[2024-02-29T08:54:31.894+0000] {logging_mixin.py:137} INFO - [2024-02-29T08:54:31.894+0000] {dag.py:2690} INFO - Sync 1 DAGs
[2024-02-29T08:54:31.905+0000] {logging_mixin.py:137} INFO - [2024-02-29T08:54:31.904+0000] {dag.py:3441} INFO - Setting next_dagrun for example_short_circuit_decorator to 2024-02-28T08:54:31.904850+00:00, run_after=2024-02-29T08:54:31.904850+00:00
[2024-02-29T08:54:31.912+0000] {processor.py:175} INFO - Processing /home/airflow/.local/lib/python3.7/site-packages/airflow/example_dags/example_short_circuit_decorator.py took 0.041 seconds
[2024-02-29T08:55:02.382+0000] {processor.py:153} INFO - Started process (PID=1588) to work on /home/airflow/.local/lib/python3.7/site-packages/airflow/example_dags/example_short_circuit_decorator.py
[2024-02-29T08:55:02.383+0000] {processor.py:743} INFO - Processing file /home/airflow/.local/lib/python3.7/site-packages/airflow/example_dags/example_short_circuit_decorator.py for tasks to queue
[2024-02-29T08:55:02.383+0000] {logging_mixin.py:137} INFO - [2024-02-29T08:55:02.383+0000] {dagbag.py:538} INFO - Filling up the DagBag from /home/airflow/.local/lib/python3.7/site-packages/airflow/example_dags/example_short_circuit_decorator.py
[2024-02-29T08:55:02.394+0000] {processor.py:753} INFO - DAG(s) dict_keys(['example_short_circuit_decorator']) retrieved from /home/airflow/.local/lib/python3.7/site-packages/airflow/example_dags/example_short_circuit_decorator.py
[2024-02-29T08:55:02.408+0000] {logging_mixin.py:137} INFO - [2024-02-29T08:55:02.407+0000] {dag.py:2690} INFO - Sync 1 DAGs
[2024-02-29T08:55:02.419+0000] {logging_mixin.py:137} INFO - [2024-02-29T08:55:02.419+0000] {dag.py:3441} INFO - Setting next_dagrun for example_short_circuit_decorator to 2024-02-28T08:55:02.419531+00:00, run_after=2024-02-29T08:55:02.419531+00:00
[2024-02-29T08:55:02.428+0000] {processor.py:175} INFO - Processing /home/airflow/.local/lib/python3.7/site-packages/airflow/example_dags/example_short_circuit_decorator.py took 0.047 seconds
[2024-02-29T08:55:32.765+0000] {processor.py:153} INFO - Started process (PID=1681) to work on /home/airflow/.local/lib/python3.7/site-packages/airflow/example_dags/example_short_circuit_decorator.py
[2024-02-29T08:55:32.766+0000] {processor.py:743} INFO - Processing file /home/airflow/.local/lib/python3.7/site-packages/airflow/example_dags/example_short_circuit_decorator.py for tasks to queue
[2024-02-29T08:55:32.766+0000] {logging_mixin.py:137} INFO - [2024-02-29T08:55:32.766+0000] {dagbag.py:538} INFO - Filling up the DagBag from /home/airflow/.local/lib/python3.7/site-packages/airflow/example_dags/example_short_circuit_decorator.py
[2024-02-29T08:55:32.776+0000] {processor.py:753} INFO - DAG(s) dict_keys(['example_short_circuit_decorator']) retrieved from /home/airflow/.local/lib/python3.7/site-packages/airflow/example_dags/example_short_circuit_decorator.py
[2024-02-29T08:55:32.787+0000] {logging_mixin.py:137} INFO - [2024-02-29T08:55:32.787+0000] {dag.py:2690} INFO - Sync 1 DAGs
[2024-02-29T08:55:32.798+0000] {logging_mixin.py:137} INFO - [2024-02-29T08:55:32.798+0000] {dag.py:3441} INFO - Setting next_dagrun for example_short_circuit_decorator to 2024-02-28T08:55:32.798175+00:00, run_after=2024-02-29T08:55:32.798175+00:00
[2024-02-29T08:55:32.805+0000] {processor.py:175} INFO - Processing /home/airflow/.local/lib/python3.7/site-packages/airflow/example_dags/example_short_circuit_decorator.py took 0.041 seconds
[2024-02-29T08:56:03.073+0000] {processor.py:153} INFO - Started process (PID=1757) to work on /home/airflow/.local/lib/python3.7/site-packages/airflow/example_dags/example_short_circuit_decorator.py
[2024-02-29T08:56:03.073+0000] {processor.py:743} INFO - Processing file /home/airflow/.local/lib/python3.7/site-packages/airflow/example_dags/example_short_circuit_decorator.py for tasks to queue
[2024-02-29T08:56:03.073+0000] {logging_mixin.py:137} INFO - [2024-02-29T08:56:03.073+0000] {dagbag.py:538} INFO - Filling up the DagBag from /home/airflow/.local/lib/python3.7/site-packages/airflow/example_dags/example_short_circuit_decorator.py
[2024-02-29T08:56:03.084+0000] {processor.py:753} INFO - DAG(s) dict_keys(['example_short_circuit_decorator']) retrieved from /home/airflow/.local/lib/python3.7/site-packages/airflow/example_dags/example_short_circuit_decorator.py
[2024-02-29T08:56:03.095+0000] {logging_mixin.py:137} INFO - [2024-02-29T08:56:03.095+0000] {dag.py:2690} INFO - Sync 1 DAGs
[2024-02-29T08:56:03.105+0000] {logging_mixin.py:137} INFO - [2024-02-29T08:56:03.105+0000] {dag.py:3441} INFO - Setting next_dagrun for example_short_circuit_decorator to 2024-02-28T08:56:03.105474+00:00, run_after=2024-02-29T08:56:03.105474+00:00
[2024-02-29T08:56:03.113+0000] {processor.py:175} INFO - Processing /home/airflow/.local/lib/python3.7/site-packages/airflow/example_dags/example_short_circuit_decorator.py took 0.042 seconds
[2024-02-29T08:56:33.518+0000] {processor.py:153} INFO - Started process (PID=1851) to work on /home/airflow/.local/lib/python3.7/site-packages/airflow/example_dags/example_short_circuit_decorator.py
[2024-02-29T08:56:33.519+0000] {processor.py:743} INFO - Processing file /home/airflow/.local/lib/python3.7/site-packages/airflow/example_dags/example_short_circuit_decorator.py for tasks to queue
[2024-02-29T08:56:33.519+0000] {logging_mixin.py:137} INFO - [2024-02-29T08:56:33.519+0000] {dagbag.py:538} INFO - Filling up the DagBag from /home/airflow/.local/lib/python3.7/site-packages/airflow/example_dags/example_short_circuit_decorator.py
[2024-02-29T08:56:33.529+0000] {processor.py:753} INFO - DAG(s) dict_keys(['example_short_circuit_decorator']) retrieved from /home/airflow/.local/lib/python3.7/site-packages/airflow/example_dags/example_short_circuit_decorator.py
[2024-02-29T08:56:33.540+0000] {logging_mixin.py:137} INFO - [2024-02-29T08:56:33.540+0000] {dag.py:2690} INFO - Sync 1 DAGs
[2024-02-29T08:56:33.551+0000] {logging_mixin.py:137} INFO - [2024-02-29T08:56:33.551+0000] {dag.py:3441} INFO - Setting next_dagrun for example_short_circuit_decorator to 2024-02-28T08:56:33.551002+00:00, run_after=2024-02-29T08:56:33.551002+00:00
[2024-02-29T08:56:33.559+0000] {processor.py:175} INFO - Processing /home/airflow/.local/lib/python3.7/site-packages/airflow/example_dags/example_short_circuit_decorator.py took 0.042 seconds
[2024-02-29T08:57:03.953+0000] {processor.py:153} INFO - Started process (PID=1945) to work on /home/airflow/.local/lib/python3.7/site-packages/airflow/example_dags/example_short_circuit_decorator.py
[2024-02-29T08:57:03.953+0000] {processor.py:743} INFO - Processing file /home/airflow/.local/lib/python3.7/site-packages/airflow/example_dags/example_short_circuit_decorator.py for tasks to queue
[2024-02-29T08:57:03.954+0000] {logging_mixin.py:137} INFO - [2024-02-29T08:57:03.953+0000] {dagbag.py:538} INFO - Filling up the DagBag from /home/airflow/.local/lib/python3.7/site-packages/airflow/example_dags/example_short_circuit_decorator.py
[2024-02-29T08:57:03.965+0000] {processor.py:753} INFO - DAG(s) dict_keys(['example_short_circuit_decorator']) retrieved from /home/airflow/.local/lib/python3.7/site-packages/airflow/example_dags/example_short_circuit_decorator.py
[2024-02-29T08:57:03.976+0000] {logging_mixin.py:137} INFO - [2024-02-29T08:57:03.976+0000] {dag.py:2690} INFO - Sync 1 DAGs
[2024-02-29T08:57:03.987+0000] {logging_mixin.py:137} INFO - [2024-02-29T08:57:03.987+0000] {dag.py:3441} INFO - Setting next_dagrun for example_short_circuit_decorator to 2024-02-28T08:57:03.987278+00:00, run_after=2024-02-29T08:57:03.987278+00:00
[2024-02-29T08:57:03.994+0000] {processor.py:175} INFO - Processing /home/airflow/.local/lib/python3.7/site-packages/airflow/example_dags/example_short_circuit_decorator.py took 0.043 seconds
[2024-02-29T08:57:34.389+0000] {processor.py:153} INFO - Started process (PID=2039) to work on /home/airflow/.local/lib/python3.7/site-packages/airflow/example_dags/example_short_circuit_decorator.py
[2024-02-29T08:57:34.389+0000] {processor.py:743} INFO - Processing file /home/airflow/.local/lib/python3.7/site-packages/airflow/example_dags/example_short_circuit_decorator.py for tasks to queue
[2024-02-29T08:57:34.393+0000] {logging_mixin.py:137} INFO - [2024-02-29T08:57:34.393+0000] {dagbag.py:538} INFO - Filling up the DagBag from /home/airflow/.local/lib/python3.7/site-packages/airflow/example_dags/example_short_circuit_decorator.py
[2024-02-29T08:57:34.405+0000] {processor.py:753} INFO - DAG(s) dict_keys(['example_short_circuit_decorator']) retrieved from /home/airflow/.local/lib/python3.7/site-packages/airflow/example_dags/example_short_circuit_decorator.py
[2024-02-29T08:57:34.417+0000] {logging_mixin.py:137} INFO - [2024-02-29T08:57:34.417+0000] {dag.py:2690} INFO - Sync 1 DAGs
[2024-02-29T08:57:34.429+0000] {logging_mixin.py:137} INFO - [2024-02-29T08:57:34.429+0000] {dag.py:3441} INFO - Setting next_dagrun for example_short_circuit_decorator to 2024-02-28T08:57:34.428924+00:00, run_after=2024-02-29T08:57:34.428924+00:00
[2024-02-29T08:57:34.437+0000] {processor.py:175} INFO - Processing /home/airflow/.local/lib/python3.7/site-packages/airflow/example_dags/example_short_circuit_decorator.py took 0.050 seconds
[2024-02-29T08:58:04.983+0000] {processor.py:153} INFO - Started process (PID=2115) to work on /home/airflow/.local/lib/python3.7/site-packages/airflow/example_dags/example_short_circuit_decorator.py
[2024-02-29T08:58:04.984+0000] {processor.py:743} INFO - Processing file /home/airflow/.local/lib/python3.7/site-packages/airflow/example_dags/example_short_circuit_decorator.py for tasks to queue
[2024-02-29T08:58:04.984+0000] {logging_mixin.py:137} INFO - [2024-02-29T08:58:04.984+0000] {dagbag.py:538} INFO - Filling up the DagBag from /home/airflow/.local/lib/python3.7/site-packages/airflow/example_dags/example_short_circuit_decorator.py
[2024-02-29T08:58:04.995+0000] {processor.py:753} INFO - DAG(s) dict_keys(['example_short_circuit_decorator']) retrieved from /home/airflow/.local/lib/python3.7/site-packages/airflow/example_dags/example_short_circuit_decorator.py
[2024-02-29T08:58:05.006+0000] {logging_mixin.py:137} INFO - [2024-02-29T08:58:05.006+0000] {dag.py:2690} INFO - Sync 1 DAGs
[2024-02-29T08:58:05.017+0000] {logging_mixin.py:137} INFO - [2024-02-29T08:58:05.017+0000] {dag.py:3441} INFO - Setting next_dagrun for example_short_circuit_decorator to 2024-02-28T08:58:05.017157+00:00, run_after=2024-02-29T08:58:05.017157+00:00
[2024-02-29T08:58:05.025+0000] {processor.py:175} INFO - Processing /home/airflow/.local/lib/python3.7/site-packages/airflow/example_dags/example_short_circuit_decorator.py took 0.043 seconds
[2024-02-29T08:58:35.503+0000] {processor.py:153} INFO - Started process (PID=2209) to work on /home/airflow/.local/lib/python3.7/site-packages/airflow/example_dags/example_short_circuit_decorator.py
[2024-02-29T08:58:35.503+0000] {processor.py:743} INFO - Processing file /home/airflow/.local/lib/python3.7/site-packages/airflow/example_dags/example_short_circuit_decorator.py for tasks to queue
[2024-02-29T08:58:35.504+0000] {logging_mixin.py:137} INFO - [2024-02-29T08:58:35.504+0000] {dagbag.py:538} INFO - Filling up the DagBag from /home/airflow/.local/lib/python3.7/site-packages/airflow/example_dags/example_short_circuit_decorator.py
[2024-02-29T08:58:35.515+0000] {processor.py:753} INFO - DAG(s) dict_keys(['example_short_circuit_decorator']) retrieved from /home/airflow/.local/lib/python3.7/site-packages/airflow/example_dags/example_short_circuit_decorator.py
[2024-02-29T08:58:35.526+0000] {logging_mixin.py:137} INFO - [2024-02-29T08:58:35.526+0000] {dag.py:2690} INFO - Sync 1 DAGs
[2024-02-29T08:58:35.538+0000] {logging_mixin.py:137} INFO - [2024-02-29T08:58:35.538+0000] {dag.py:3441} INFO - Setting next_dagrun for example_short_circuit_decorator to 2024-02-28T08:58:35.538030+00:00, run_after=2024-02-29T08:58:35.538030+00:00
[2024-02-29T08:58:35.546+0000] {processor.py:175} INFO - Processing /home/airflow/.local/lib/python3.7/site-packages/airflow/example_dags/example_short_circuit_decorator.py took 0.045 seconds
[2024-02-29T08:59:05.790+0000] {processor.py:153} INFO - Started process (PID=2302) to work on /home/airflow/.local/lib/python3.7/site-packages/airflow/example_dags/example_short_circuit_decorator.py
[2024-02-29T08:59:05.791+0000] {processor.py:743} INFO - Processing file /home/airflow/.local/lib/python3.7/site-packages/airflow/example_dags/example_short_circuit_decorator.py for tasks to queue
[2024-02-29T08:59:05.791+0000] {logging_mixin.py:137} INFO - [2024-02-29T08:59:05.791+0000] {dagbag.py:538} INFO - Filling up the DagBag from /home/airflow/.local/lib/python3.7/site-packages/airflow/example_dags/example_short_circuit_decorator.py
[2024-02-29T08:59:05.802+0000] {processor.py:753} INFO - DAG(s) dict_keys(['example_short_circuit_decorator']) retrieved from /home/airflow/.local/lib/python3.7/site-packages/airflow/example_dags/example_short_circuit_decorator.py
[2024-02-29T08:59:05.814+0000] {logging_mixin.py:137} INFO - [2024-02-29T08:59:05.813+0000] {dag.py:2690} INFO - Sync 1 DAGs
[2024-02-29T08:59:05.824+0000] {logging_mixin.py:137} INFO - [2024-02-29T08:59:05.824+0000] {dag.py:3441} INFO - Setting next_dagrun for example_short_circuit_decorator to 2024-02-28T08:59:05.824542+00:00, run_after=2024-02-29T08:59:05.824542+00:00
[2024-02-29T08:59:05.832+0000] {processor.py:175} INFO - Processing /home/airflow/.local/lib/python3.7/site-packages/airflow/example_dags/example_short_circuit_decorator.py took 0.043 seconds
[2024-02-29T08:59:36.448+0000] {processor.py:153} INFO - Started process (PID=2396) to work on /home/airflow/.local/lib/python3.7/site-packages/airflow/example_dags/example_short_circuit_decorator.py
[2024-02-29T08:59:36.450+0000] {processor.py:743} INFO - Processing file /home/airflow/.local/lib/python3.7/site-packages/airflow/example_dags/example_short_circuit_decorator.py for tasks to queue
[2024-02-29T08:59:36.454+0000] {logging_mixin.py:137} INFO - [2024-02-29T08:59:36.454+0000] {dagbag.py:538} INFO - Filling up the DagBag from /home/airflow/.local/lib/python3.7/site-packages/airflow/example_dags/example_short_circuit_decorator.py
[2024-02-29T08:59:36.475+0000] {processor.py:753} INFO - DAG(s) dict_keys(['example_short_circuit_decorator']) retrieved from /home/airflow/.local/lib/python3.7/site-packages/airflow/example_dags/example_short_circuit_decorator.py
[2024-02-29T08:59:36.495+0000] {logging_mixin.py:137} INFO - [2024-02-29T08:59:36.494+0000] {dag.py:2690} INFO - Sync 1 DAGs
[2024-02-29T08:59:36.511+0000] {logging_mixin.py:137} INFO - [2024-02-29T08:59:36.511+0000] {dag.py:3441} INFO - Setting next_dagrun for example_short_circuit_decorator to 2024-02-28T08:59:36.511671+00:00, run_after=2024-02-29T08:59:36.511671+00:00
[2024-02-29T08:59:36.522+0000] {processor.py:175} INFO - Processing /home/airflow/.local/lib/python3.7/site-packages/airflow/example_dags/example_short_circuit_decorator.py took 0.078 seconds
[2024-02-29T09:00:07.050+0000] {processor.py:153} INFO - Started process (PID=2472) to work on /home/airflow/.local/lib/python3.7/site-packages/airflow/example_dags/example_short_circuit_decorator.py
[2024-02-29T09:00:07.051+0000] {processor.py:743} INFO - Processing file /home/airflow/.local/lib/python3.7/site-packages/airflow/example_dags/example_short_circuit_decorator.py for tasks to queue
[2024-02-29T09:00:07.051+0000] {logging_mixin.py:137} INFO - [2024-02-29T09:00:07.051+0000] {dagbag.py:538} INFO - Filling up the DagBag from /home/airflow/.local/lib/python3.7/site-packages/airflow/example_dags/example_short_circuit_decorator.py
[2024-02-29T09:00:07.065+0000] {processor.py:753} INFO - DAG(s) dict_keys(['example_short_circuit_decorator']) retrieved from /home/airflow/.local/lib/python3.7/site-packages/airflow/example_dags/example_short_circuit_decorator.py
[2024-02-29T09:00:07.078+0000] {logging_mixin.py:137} INFO - [2024-02-29T09:00:07.078+0000] {dag.py:2690} INFO - Sync 1 DAGs
[2024-02-29T09:00:07.090+0000] {logging_mixin.py:137} INFO - [2024-02-29T09:00:07.090+0000] {dag.py:3441} INFO - Setting next_dagrun for example_short_circuit_decorator to 2024-02-28T09:00:07.090558+00:00, run_after=2024-02-29T09:00:07.090558+00:00
[2024-02-29T09:00:07.099+0000] {processor.py:175} INFO - Processing /home/airflow/.local/lib/python3.7/site-packages/airflow/example_dags/example_short_circuit_decorator.py took 0.051 seconds
[2024-02-29T09:00:37.579+0000] {processor.py:153} INFO - Started process (PID=2566) to work on /home/airflow/.local/lib/python3.7/site-packages/airflow/example_dags/example_short_circuit_decorator.py
[2024-02-29T09:00:37.580+0000] {processor.py:743} INFO - Processing file /home/airflow/.local/lib/python3.7/site-packages/airflow/example_dags/example_short_circuit_decorator.py for tasks to queue
[2024-02-29T09:00:37.580+0000] {logging_mixin.py:137} INFO - [2024-02-29T09:00:37.580+0000] {dagbag.py:538} INFO - Filling up the DagBag from /home/airflow/.local/lib/python3.7/site-packages/airflow/example_dags/example_short_circuit_decorator.py
[2024-02-29T09:00:37.592+0000] {processor.py:753} INFO - DAG(s) dict_keys(['example_short_circuit_decorator']) retrieved from /home/airflow/.local/lib/python3.7/site-packages/airflow/example_dags/example_short_circuit_decorator.py
[2024-02-29T09:00:37.604+0000] {logging_mixin.py:137} INFO - [2024-02-29T09:00:37.603+0000] {dag.py:2690} INFO - Sync 1 DAGs
[2024-02-29T09:00:37.614+0000] {logging_mixin.py:137} INFO - [2024-02-29T09:00:37.614+0000] {dag.py:3441} INFO - Setting next_dagrun for example_short_circuit_decorator to 2024-02-28T09:00:37.614629+00:00, run_after=2024-02-29T09:00:37.614629+00:00
[2024-02-29T09:00:37.622+0000] {processor.py:175} INFO - Processing /home/airflow/.local/lib/python3.7/site-packages/airflow/example_dags/example_short_circuit_decorator.py took 0.044 seconds
[2024-02-29T09:01:08.023+0000] {processor.py:153} INFO - Started process (PID=2660) to work on /home/airflow/.local/lib/python3.7/site-packages/airflow/example_dags/example_short_circuit_decorator.py
[2024-02-29T09:01:08.024+0000] {processor.py:743} INFO - Processing file /home/airflow/.local/lib/python3.7/site-packages/airflow/example_dags/example_short_circuit_decorator.py for tasks to queue
[2024-02-29T09:01:08.024+0000] {logging_mixin.py:137} INFO - [2024-02-29T09:01:08.024+0000] {dagbag.py:538} INFO - Filling up the DagBag from /home/airflow/.local/lib/python3.7/site-packages/airflow/example_dags/example_short_circuit_decorator.py
[2024-02-29T09:01:08.036+0000] {processor.py:753} INFO - DAG(s) dict_keys(['example_short_circuit_decorator']) retrieved from /home/airflow/.local/lib/python3.7/site-packages/airflow/example_dags/example_short_circuit_decorator.py
[2024-02-29T09:01:08.047+0000] {logging_mixin.py:137} INFO - [2024-02-29T09:01:08.047+0000] {dag.py:2690} INFO - Sync 1 DAGs
[2024-02-29T09:01:08.058+0000] {logging_mixin.py:137} INFO - [2024-02-29T09:01:08.058+0000] {dag.py:3441} INFO - Setting next_dagrun for example_short_circuit_decorator to 2024-02-28T09:01:08.058693+00:00, run_after=2024-02-29T09:01:08.058693+00:00
[2024-02-29T09:01:08.066+0000] {processor.py:175} INFO - Processing /home/airflow/.local/lib/python3.7/site-packages/airflow/example_dags/example_short_circuit_decorator.py took 0.044 seconds
[2024-02-29T09:01:38.673+0000] {processor.py:153} INFO - Started process (PID=2736) to work on /home/airflow/.local/lib/python3.7/site-packages/airflow/example_dags/example_short_circuit_decorator.py
[2024-02-29T09:01:38.673+0000] {processor.py:743} INFO - Processing file /home/airflow/.local/lib/python3.7/site-packages/airflow/example_dags/example_short_circuit_decorator.py for tasks to queue
[2024-02-29T09:01:38.674+0000] {logging_mixin.py:137} INFO - [2024-02-29T09:01:38.673+0000] {dagbag.py:538} INFO - Filling up the DagBag from /home/airflow/.local/lib/python3.7/site-packages/airflow/example_dags/example_short_circuit_decorator.py
[2024-02-29T09:01:38.685+0000] {processor.py:753} INFO - DAG(s) dict_keys(['example_short_circuit_decorator']) retrieved from /home/airflow/.local/lib/python3.7/site-packages/airflow/example_dags/example_short_circuit_decorator.py
[2024-02-29T09:01:38.696+0000] {logging_mixin.py:137} INFO - [2024-02-29T09:01:38.696+0000] {dag.py:2690} INFO - Sync 1 DAGs
[2024-02-29T09:01:38.706+0000] {logging_mixin.py:137} INFO - [2024-02-29T09:01:38.706+0000] {dag.py:3441} INFO - Setting next_dagrun for example_short_circuit_decorator to 2024-02-28T09:01:38.706657+00:00, run_after=2024-02-29T09:01:38.706657+00:00
[2024-02-29T09:01:38.714+0000] {processor.py:175} INFO - Processing /home/airflow/.local/lib/python3.7/site-packages/airflow/example_dags/example_short_circuit_decorator.py took 0.043 seconds
[2024-02-29T09:02:09.186+0000] {processor.py:153} INFO - Started process (PID=2829) to work on /home/airflow/.local/lib/python3.7/site-packages/airflow/example_dags/example_short_circuit_decorator.py
[2024-02-29T09:02:09.187+0000] {processor.py:743} INFO - Processing file /home/airflow/.local/lib/python3.7/site-packages/airflow/example_dags/example_short_circuit_decorator.py for tasks to queue
[2024-02-29T09:02:09.187+0000] {logging_mixin.py:137} INFO - [2024-02-29T09:02:09.187+0000] {dagbag.py:538} INFO - Filling up the DagBag from /home/airflow/.local/lib/python3.7/site-packages/airflow/example_dags/example_short_circuit_decorator.py
[2024-02-29T09:02:09.198+0000] {processor.py:753} INFO - DAG(s) dict_keys(['example_short_circuit_decorator']) retrieved from /home/airflow/.local/lib/python3.7/site-packages/airflow/example_dags/example_short_circuit_decorator.py
[2024-02-29T09:02:09.212+0000] {logging_mixin.py:137} INFO - [2024-02-29T09:02:09.211+0000] {dag.py:2690} INFO - Sync 1 DAGs
[2024-02-29T09:02:09.223+0000] {logging_mixin.py:137} INFO - [2024-02-29T09:02:09.223+0000] {dag.py:3441} INFO - Setting next_dagrun for example_short_circuit_decorator to 2024-02-28T09:02:09.223464+00:00, run_after=2024-02-29T09:02:09.223464+00:00
[2024-02-29T09:02:09.232+0000] {processor.py:175} INFO - Processing /home/airflow/.local/lib/python3.7/site-packages/airflow/example_dags/example_short_circuit_decorator.py took 0.047 seconds
[2024-02-29T09:02:39.707+0000] {processor.py:153} INFO - Started process (PID=2923) to work on /home/airflow/.local/lib/python3.7/site-packages/airflow/example_dags/example_short_circuit_decorator.py
[2024-02-29T09:02:39.708+0000] {processor.py:743} INFO - Processing file /home/airflow/.local/lib/python3.7/site-packages/airflow/example_dags/example_short_circuit_decorator.py for tasks to queue
[2024-02-29T09:02:39.709+0000] {logging_mixin.py:137} INFO - [2024-02-29T09:02:39.709+0000] {dagbag.py:538} INFO - Filling up the DagBag from /home/airflow/.local/lib/python3.7/site-packages/airflow/example_dags/example_short_circuit_decorator.py
[2024-02-29T09:02:39.722+0000] {processor.py:753} INFO - DAG(s) dict_keys(['example_short_circuit_decorator']) retrieved from /home/airflow/.local/lib/python3.7/site-packages/airflow/example_dags/example_short_circuit_decorator.py
[2024-02-29T09:02:39.735+0000] {logging_mixin.py:137} INFO - [2024-02-29T09:02:39.735+0000] {dag.py:2690} INFO - Sync 1 DAGs
[2024-02-29T09:02:39.750+0000] {logging_mixin.py:137} INFO - [2024-02-29T09:02:39.749+0000] {dag.py:3441} INFO - Setting next_dagrun for example_short_circuit_decorator to 2024-02-28T09:02:39.749779+00:00, run_after=2024-02-29T09:02:39.749779+00:00
[2024-02-29T09:02:39.759+0000] {processor.py:175} INFO - Processing /home/airflow/.local/lib/python3.7/site-packages/airflow/example_dags/example_short_circuit_decorator.py took 0.053 seconds
[2024-02-29T09:03:10.527+0000] {processor.py:153} INFO - Started process (PID=3016) to work on /home/airflow/.local/lib/python3.7/site-packages/airflow/example_dags/example_short_circuit_decorator.py
[2024-02-29T09:03:10.528+0000] {processor.py:743} INFO - Processing file /home/airflow/.local/lib/python3.7/site-packages/airflow/example_dags/example_short_circuit_decorator.py for tasks to queue
[2024-02-29T09:03:10.528+0000] {logging_mixin.py:137} INFO - [2024-02-29T09:03:10.528+0000] {dagbag.py:538} INFO - Filling up the DagBag from /home/airflow/.local/lib/python3.7/site-packages/airflow/example_dags/example_short_circuit_decorator.py
[2024-02-29T09:03:10.546+0000] {processor.py:753} INFO - DAG(s) dict_keys(['example_short_circuit_decorator']) retrieved from /home/airflow/.local/lib/python3.7/site-packages/airflow/example_dags/example_short_circuit_decorator.py
[2024-02-29T09:03:10.565+0000] {logging_mixin.py:137} INFO - [2024-02-29T09:03:10.565+0000] {dag.py:2690} INFO - Sync 1 DAGs
[2024-02-29T09:03:10.594+0000] {logging_mixin.py:137} INFO - [2024-02-29T09:03:10.594+0000] {dag.py:3441} INFO - Setting next_dagrun for example_short_circuit_decorator to 2024-02-28T09:03:10.594535+00:00, run_after=2024-02-29T09:03:10.594535+00:00
[2024-02-29T09:03:10.624+0000] {processor.py:175} INFO - Processing /home/airflow/.local/lib/python3.7/site-packages/airflow/example_dags/example_short_circuit_decorator.py took 0.099 seconds
