[2024-02-29T08:46:25.905+0000] {processor.py:153} INFO - Started process (PID=79) to work on /home/airflow/.local/lib/python3.7/site-packages/airflow/example_dags/example_sensors.py
[2024-02-29T08:46:25.907+0000] {processor.py:743} INFO - Processing file /home/airflow/.local/lib/python3.7/site-packages/airflow/example_dags/example_sensors.py for tasks to queue
[2024-02-29T08:46:25.907+0000] {logging_mixin.py:137} INFO - [2024-02-29T08:46:25.907+0000] {dagbag.py:538} INFO - Filling up the DagBag from /home/airflow/.local/lib/python3.7/site-packages/airflow/example_dags/example_sensors.py
[2024-02-29T08:46:25.923+0000] {processor.py:753} INFO - DAG(s) dict_keys(['example_sensors']) retrieved from /home/airflow/.local/lib/python3.7/site-packages/airflow/example_dags/example_sensors.py
[2024-02-29T08:46:25.953+0000] {logging_mixin.py:137} INFO - [2024-02-29T08:46:25.953+0000] {dag.py:2690} INFO - Sync 1 DAGs
[2024-02-29T08:46:25.981+0000] {logging_mixin.py:137} INFO - [2024-02-29T08:46:25.981+0000] {dag.py:3441} INFO - Setting next_dagrun for example_sensors to None, run_after=None
[2024-02-29T08:46:25.995+0000] {processor.py:175} INFO - Processing /home/airflow/.local/lib/python3.7/site-packages/airflow/example_dags/example_sensors.py took 0.094 seconds
[2024-02-29T08:46:56.313+0000] {processor.py:153} INFO - Started process (PID=172) to work on /home/airflow/.local/lib/python3.7/site-packages/airflow/example_dags/example_sensors.py
[2024-02-29T08:46:56.314+0000] {processor.py:743} INFO - Processing file /home/airflow/.local/lib/python3.7/site-packages/airflow/example_dags/example_sensors.py for tasks to queue
[2024-02-29T08:46:56.314+0000] {logging_mixin.py:137} INFO - [2024-02-29T08:46:56.314+0000] {dagbag.py:538} INFO - Filling up the DagBag from /home/airflow/.local/lib/python3.7/site-packages/airflow/example_dags/example_sensors.py
[2024-02-29T08:46:56.323+0000] {processor.py:753} INFO - DAG(s) dict_keys(['example_sensors']) retrieved from /home/airflow/.local/lib/python3.7/site-packages/airflow/example_dags/example_sensors.py
[2024-02-29T08:46:56.335+0000] {logging_mixin.py:137} INFO - [2024-02-29T08:46:56.335+0000] {dag.py:2690} INFO - Sync 1 DAGs
[2024-02-29T08:46:56.346+0000] {logging_mixin.py:137} INFO - [2024-02-29T08:46:56.346+0000] {dag.py:3441} INFO - Setting next_dagrun for example_sensors to None, run_after=None
[2024-02-29T08:46:56.354+0000] {processor.py:175} INFO - Processing /home/airflow/.local/lib/python3.7/site-packages/airflow/example_dags/example_sensors.py took 0.042 seconds
[2024-02-29T08:47:26.598+0000] {processor.py:153} INFO - Started process (PID=266) to work on /home/airflow/.local/lib/python3.7/site-packages/airflow/example_dags/example_sensors.py
[2024-02-29T08:47:26.599+0000] {processor.py:743} INFO - Processing file /home/airflow/.local/lib/python3.7/site-packages/airflow/example_dags/example_sensors.py for tasks to queue
[2024-02-29T08:47:26.599+0000] {logging_mixin.py:137} INFO - [2024-02-29T08:47:26.599+0000] {dagbag.py:538} INFO - Filling up the DagBag from /home/airflow/.local/lib/python3.7/site-packages/airflow/example_dags/example_sensors.py
[2024-02-29T08:47:26.607+0000] {processor.py:753} INFO - DAG(s) dict_keys(['example_sensors']) retrieved from /home/airflow/.local/lib/python3.7/site-packages/airflow/example_dags/example_sensors.py
[2024-02-29T08:47:26.618+0000] {logging_mixin.py:137} INFO - [2024-02-29T08:47:26.618+0000] {dag.py:2690} INFO - Sync 1 DAGs
[2024-02-29T08:47:26.628+0000] {logging_mixin.py:137} INFO - [2024-02-29T08:47:26.628+0000] {dag.py:3441} INFO - Setting next_dagrun for example_sensors to None, run_after=None
[2024-02-29T08:47:26.636+0000] {processor.py:175} INFO - Processing /home/airflow/.local/lib/python3.7/site-packages/airflow/example_dags/example_sensors.py took 0.040 seconds
[2024-02-29T08:47:57.128+0000] {processor.py:153} INFO - Started process (PID=359) to work on /home/airflow/.local/lib/python3.7/site-packages/airflow/example_dags/example_sensors.py
[2024-02-29T08:47:57.129+0000] {processor.py:743} INFO - Processing file /home/airflow/.local/lib/python3.7/site-packages/airflow/example_dags/example_sensors.py for tasks to queue
[2024-02-29T08:47:57.131+0000] {logging_mixin.py:137} INFO - [2024-02-29T08:47:57.130+0000] {dagbag.py:538} INFO - Filling up the DagBag from /home/airflow/.local/lib/python3.7/site-packages/airflow/example_dags/example_sensors.py
[2024-02-29T08:47:57.148+0000] {processor.py:753} INFO - DAG(s) dict_keys(['example_sensors']) retrieved from /home/airflow/.local/lib/python3.7/site-packages/airflow/example_dags/example_sensors.py
[2024-02-29T08:47:57.188+0000] {logging_mixin.py:137} INFO - [2024-02-29T08:47:57.188+0000] {dag.py:2690} INFO - Sync 1 DAGs
[2024-02-29T08:47:57.200+0000] {logging_mixin.py:137} INFO - [2024-02-29T08:47:57.200+0000] {dag.py:3441} INFO - Setting next_dagrun for example_sensors to None, run_after=None
[2024-02-29T08:47:57.208+0000] {processor.py:175} INFO - Processing /home/airflow/.local/lib/python3.7/site-packages/airflow/example_dags/example_sensors.py took 0.083 seconds
[2024-02-29T08:48:27.457+0000] {processor.py:153} INFO - Started process (PID=435) to work on /home/airflow/.local/lib/python3.7/site-packages/airflow/example_dags/example_sensors.py
[2024-02-29T08:48:27.458+0000] {processor.py:743} INFO - Processing file /home/airflow/.local/lib/python3.7/site-packages/airflow/example_dags/example_sensors.py for tasks to queue
[2024-02-29T08:48:27.458+0000] {logging_mixin.py:137} INFO - [2024-02-29T08:48:27.458+0000] {dagbag.py:538} INFO - Filling up the DagBag from /home/airflow/.local/lib/python3.7/site-packages/airflow/example_dags/example_sensors.py
[2024-02-29T08:48:27.466+0000] {processor.py:753} INFO - DAG(s) dict_keys(['example_sensors']) retrieved from /home/airflow/.local/lib/python3.7/site-packages/airflow/example_dags/example_sensors.py
[2024-02-29T08:48:27.477+0000] {logging_mixin.py:137} INFO - [2024-02-29T08:48:27.477+0000] {dag.py:2690} INFO - Sync 1 DAGs
[2024-02-29T08:48:27.487+0000] {logging_mixin.py:137} INFO - [2024-02-29T08:48:27.487+0000] {dag.py:3441} INFO - Setting next_dagrun for example_sensors to None, run_after=None
[2024-02-29T08:48:27.494+0000] {processor.py:175} INFO - Processing /home/airflow/.local/lib/python3.7/site-packages/airflow/example_dags/example_sensors.py took 0.039 seconds
[2024-02-29T08:48:57.887+0000] {processor.py:153} INFO - Started process (PID=529) to work on /home/airflow/.local/lib/python3.7/site-packages/airflow/example_dags/example_sensors.py
[2024-02-29T08:48:57.888+0000] {processor.py:743} INFO - Processing file /home/airflow/.local/lib/python3.7/site-packages/airflow/example_dags/example_sensors.py for tasks to queue
[2024-02-29T08:48:57.888+0000] {logging_mixin.py:137} INFO - [2024-02-29T08:48:57.888+0000] {dagbag.py:538} INFO - Filling up the DagBag from /home/airflow/.local/lib/python3.7/site-packages/airflow/example_dags/example_sensors.py
[2024-02-29T08:48:57.897+0000] {processor.py:753} INFO - DAG(s) dict_keys(['example_sensors']) retrieved from /home/airflow/.local/lib/python3.7/site-packages/airflow/example_dags/example_sensors.py
[2024-02-29T08:48:57.910+0000] {logging_mixin.py:137} INFO - [2024-02-29T08:48:57.909+0000] {dag.py:2690} INFO - Sync 1 DAGs
[2024-02-29T08:48:57.920+0000] {logging_mixin.py:137} INFO - [2024-02-29T08:48:57.920+0000] {dag.py:3441} INFO - Setting next_dagrun for example_sensors to None, run_after=None
[2024-02-29T08:48:57.928+0000] {processor.py:175} INFO - Processing /home/airflow/.local/lib/python3.7/site-packages/airflow/example_dags/example_sensors.py took 0.042 seconds
[2024-02-29T08:49:28.319+0000] {processor.py:153} INFO - Started process (PID=623) to work on /home/airflow/.local/lib/python3.7/site-packages/airflow/example_dags/example_sensors.py
[2024-02-29T08:49:28.319+0000] {processor.py:743} INFO - Processing file /home/airflow/.local/lib/python3.7/site-packages/airflow/example_dags/example_sensors.py for tasks to queue
[2024-02-29T08:49:28.320+0000] {logging_mixin.py:137} INFO - [2024-02-29T08:49:28.320+0000] {dagbag.py:538} INFO - Filling up the DagBag from /home/airflow/.local/lib/python3.7/site-packages/airflow/example_dags/example_sensors.py
[2024-02-29T08:49:28.328+0000] {processor.py:753} INFO - DAG(s) dict_keys(['example_sensors']) retrieved from /home/airflow/.local/lib/python3.7/site-packages/airflow/example_dags/example_sensors.py
[2024-02-29T08:49:28.340+0000] {logging_mixin.py:137} INFO - [2024-02-29T08:49:28.340+0000] {dag.py:2690} INFO - Sync 1 DAGs
[2024-02-29T08:49:28.350+0000] {logging_mixin.py:137} INFO - [2024-02-29T08:49:28.350+0000] {dag.py:3441} INFO - Setting next_dagrun for example_sensors to None, run_after=None
[2024-02-29T08:49:28.358+0000] {processor.py:175} INFO - Processing /home/airflow/.local/lib/python3.7/site-packages/airflow/example_dags/example_sensors.py took 0.041 seconds
[2024-02-29T08:49:58.658+0000] {processor.py:153} INFO - Started process (PID=707) to work on /home/airflow/.local/lib/python3.7/site-packages/airflow/example_dags/example_sensors.py
[2024-02-29T08:49:58.658+0000] {processor.py:743} INFO - Processing file /home/airflow/.local/lib/python3.7/site-packages/airflow/example_dags/example_sensors.py for tasks to queue
[2024-02-29T08:49:58.659+0000] {logging_mixin.py:137} INFO - [2024-02-29T08:49:58.659+0000] {dagbag.py:538} INFO - Filling up the DagBag from /home/airflow/.local/lib/python3.7/site-packages/airflow/example_dags/example_sensors.py
[2024-02-29T08:49:58.667+0000] {processor.py:753} INFO - DAG(s) dict_keys(['example_sensors']) retrieved from /home/airflow/.local/lib/python3.7/site-packages/airflow/example_dags/example_sensors.py
[2024-02-29T08:49:58.680+0000] {logging_mixin.py:137} INFO - [2024-02-29T08:49:58.680+0000] {dag.py:2690} INFO - Sync 1 DAGs
[2024-02-29T08:49:58.691+0000] {logging_mixin.py:137} INFO - [2024-02-29T08:49:58.691+0000] {dag.py:3441} INFO - Setting next_dagrun for example_sensors to None, run_after=None
[2024-02-29T08:49:58.699+0000] {processor.py:175} INFO - Processing /home/airflow/.local/lib/python3.7/site-packages/airflow/example_dags/example_sensors.py took 0.042 seconds
[2024-02-29T08:50:29.144+0000] {processor.py:153} INFO - Started process (PID=792) to work on /home/airflow/.local/lib/python3.7/site-packages/airflow/example_dags/example_sensors.py
[2024-02-29T08:50:29.145+0000] {processor.py:743} INFO - Processing file /home/airflow/.local/lib/python3.7/site-packages/airflow/example_dags/example_sensors.py for tasks to queue
[2024-02-29T08:50:29.145+0000] {logging_mixin.py:137} INFO - [2024-02-29T08:50:29.145+0000] {dagbag.py:538} INFO - Filling up the DagBag from /home/airflow/.local/lib/python3.7/site-packages/airflow/example_dags/example_sensors.py
[2024-02-29T08:50:29.154+0000] {processor.py:753} INFO - DAG(s) dict_keys(['example_sensors']) retrieved from /home/airflow/.local/lib/python3.7/site-packages/airflow/example_dags/example_sensors.py
[2024-02-29T08:50:29.166+0000] {logging_mixin.py:137} INFO - [2024-02-29T08:50:29.166+0000] {dag.py:2690} INFO - Sync 1 DAGs
[2024-02-29T08:50:29.176+0000] {logging_mixin.py:137} INFO - [2024-02-29T08:50:29.176+0000] {dag.py:3441} INFO - Setting next_dagrun for example_sensors to None, run_after=None
[2024-02-29T08:50:29.184+0000] {processor.py:175} INFO - Processing /home/airflow/.local/lib/python3.7/site-packages/airflow/example_dags/example_sensors.py took 0.041 seconds
[2024-02-29T08:50:59.509+0000] {processor.py:153} INFO - Started process (PID=886) to work on /home/airflow/.local/lib/python3.7/site-packages/airflow/example_dags/example_sensors.py
[2024-02-29T08:50:59.510+0000] {processor.py:743} INFO - Processing file /home/airflow/.local/lib/python3.7/site-packages/airflow/example_dags/example_sensors.py for tasks to queue
[2024-02-29T08:50:59.510+0000] {logging_mixin.py:137} INFO - [2024-02-29T08:50:59.510+0000] {dagbag.py:538} INFO - Filling up the DagBag from /home/airflow/.local/lib/python3.7/site-packages/airflow/example_dags/example_sensors.py
[2024-02-29T08:50:59.519+0000] {processor.py:753} INFO - DAG(s) dict_keys(['example_sensors']) retrieved from /home/airflow/.local/lib/python3.7/site-packages/airflow/example_dags/example_sensors.py
[2024-02-29T08:50:59.531+0000] {logging_mixin.py:137} INFO - [2024-02-29T08:50:59.531+0000] {dag.py:2690} INFO - Sync 1 DAGs
[2024-02-29T08:50:59.541+0000] {logging_mixin.py:137} INFO - [2024-02-29T08:50:59.541+0000] {dag.py:3441} INFO - Setting next_dagrun for example_sensors to None, run_after=None
[2024-02-29T08:50:59.549+0000] {processor.py:175} INFO - Processing /home/airflow/.local/lib/python3.7/site-packages/airflow/example_dags/example_sensors.py took 0.041 seconds
[2024-02-29T08:51:29.882+0000] {processor.py:153} INFO - Started process (PID=979) to work on /home/airflow/.local/lib/python3.7/site-packages/airflow/example_dags/example_sensors.py
[2024-02-29T08:51:29.882+0000] {processor.py:743} INFO - Processing file /home/airflow/.local/lib/python3.7/site-packages/airflow/example_dags/example_sensors.py for tasks to queue
[2024-02-29T08:51:29.883+0000] {logging_mixin.py:137} INFO - [2024-02-29T08:51:29.883+0000] {dagbag.py:538} INFO - Filling up the DagBag from /home/airflow/.local/lib/python3.7/site-packages/airflow/example_dags/example_sensors.py
[2024-02-29T08:51:29.891+0000] {processor.py:753} INFO - DAG(s) dict_keys(['example_sensors']) retrieved from /home/airflow/.local/lib/python3.7/site-packages/airflow/example_dags/example_sensors.py
[2024-02-29T08:51:29.903+0000] {logging_mixin.py:137} INFO - [2024-02-29T08:51:29.903+0000] {dag.py:2690} INFO - Sync 1 DAGs
[2024-02-29T08:51:29.914+0000] {logging_mixin.py:137} INFO - [2024-02-29T08:51:29.914+0000] {dag.py:3441} INFO - Setting next_dagrun for example_sensors to None, run_after=None
[2024-02-29T08:51:29.922+0000] {processor.py:175} INFO - Processing /home/airflow/.local/lib/python3.7/site-packages/airflow/example_dags/example_sensors.py took 0.042 seconds
[2024-02-29T08:52:00.322+0000] {processor.py:153} INFO - Started process (PID=1055) to work on /home/airflow/.local/lib/python3.7/site-packages/airflow/example_dags/example_sensors.py
[2024-02-29T08:52:00.323+0000] {processor.py:743} INFO - Processing file /home/airflow/.local/lib/python3.7/site-packages/airflow/example_dags/example_sensors.py for tasks to queue
[2024-02-29T08:52:00.323+0000] {logging_mixin.py:137} INFO - [2024-02-29T08:52:00.323+0000] {dagbag.py:538} INFO - Filling up the DagBag from /home/airflow/.local/lib/python3.7/site-packages/airflow/example_dags/example_sensors.py
[2024-02-29T08:52:00.332+0000] {processor.py:753} INFO - DAG(s) dict_keys(['example_sensors']) retrieved from /home/airflow/.local/lib/python3.7/site-packages/airflow/example_dags/example_sensors.py
[2024-02-29T08:52:00.344+0000] {logging_mixin.py:137} INFO - [2024-02-29T08:52:00.344+0000] {dag.py:2690} INFO - Sync 1 DAGs
[2024-02-29T08:52:00.355+0000] {logging_mixin.py:137} INFO - [2024-02-29T08:52:00.355+0000] {dag.py:3441} INFO - Setting next_dagrun for example_sensors to None, run_after=None
[2024-02-29T08:52:00.362+0000] {processor.py:175} INFO - Processing /home/airflow/.local/lib/python3.7/site-packages/airflow/example_dags/example_sensors.py took 0.041 seconds
[2024-02-29T08:52:30.573+0000] {processor.py:153} INFO - Started process (PID=1148) to work on /home/airflow/.local/lib/python3.7/site-packages/airflow/example_dags/example_sensors.py
[2024-02-29T08:52:30.574+0000] {processor.py:743} INFO - Processing file /home/airflow/.local/lib/python3.7/site-packages/airflow/example_dags/example_sensors.py for tasks to queue
[2024-02-29T08:52:30.574+0000] {logging_mixin.py:137} INFO - [2024-02-29T08:52:30.574+0000] {dagbag.py:538} INFO - Filling up the DagBag from /home/airflow/.local/lib/python3.7/site-packages/airflow/example_dags/example_sensors.py
[2024-02-29T08:52:30.582+0000] {processor.py:753} INFO - DAG(s) dict_keys(['example_sensors']) retrieved from /home/airflow/.local/lib/python3.7/site-packages/airflow/example_dags/example_sensors.py
[2024-02-29T08:52:30.594+0000] {logging_mixin.py:137} INFO - [2024-02-29T08:52:30.594+0000] {dag.py:2690} INFO - Sync 1 DAGs
[2024-02-29T08:52:30.605+0000] {logging_mixin.py:137} INFO - [2024-02-29T08:52:30.605+0000] {dag.py:3441} INFO - Setting next_dagrun for example_sensors to None, run_after=None
[2024-02-29T08:52:30.612+0000] {processor.py:175} INFO - Processing /home/airflow/.local/lib/python3.7/site-packages/airflow/example_dags/example_sensors.py took 0.041 seconds
[2024-02-29T08:53:00.990+0000] {processor.py:153} INFO - Started process (PID=1241) to work on /home/airflow/.local/lib/python3.7/site-packages/airflow/example_dags/example_sensors.py
[2024-02-29T08:53:00.991+0000] {processor.py:743} INFO - Processing file /home/airflow/.local/lib/python3.7/site-packages/airflow/example_dags/example_sensors.py for tasks to queue
[2024-02-29T08:53:00.991+0000] {logging_mixin.py:137} INFO - [2024-02-29T08:53:00.991+0000] {dagbag.py:538} INFO - Filling up the DagBag from /home/airflow/.local/lib/python3.7/site-packages/airflow/example_dags/example_sensors.py
[2024-02-29T08:53:00.999+0000] {processor.py:753} INFO - DAG(s) dict_keys(['example_sensors']) retrieved from /home/airflow/.local/lib/python3.7/site-packages/airflow/example_dags/example_sensors.py
[2024-02-29T08:53:01.012+0000] {logging_mixin.py:137} INFO - [2024-02-29T08:53:01.012+0000] {dag.py:2690} INFO - Sync 1 DAGs
[2024-02-29T08:53:01.022+0000] {logging_mixin.py:137} INFO - [2024-02-29T08:53:01.022+0000] {dag.py:3441} INFO - Setting next_dagrun for example_sensors to None, run_after=None
[2024-02-29T08:53:01.031+0000] {processor.py:175} INFO - Processing /home/airflow/.local/lib/python3.7/site-packages/airflow/example_dags/example_sensors.py took 0.042 seconds
[2024-02-29T08:53:31.382+0000] {processor.py:153} INFO - Started process (PID=1335) to work on /home/airflow/.local/lib/python3.7/site-packages/airflow/example_dags/example_sensors.py
[2024-02-29T08:53:31.382+0000] {processor.py:743} INFO - Processing file /home/airflow/.local/lib/python3.7/site-packages/airflow/example_dags/example_sensors.py for tasks to queue
[2024-02-29T08:53:31.383+0000] {logging_mixin.py:137} INFO - [2024-02-29T08:53:31.383+0000] {dagbag.py:538} INFO - Filling up the DagBag from /home/airflow/.local/lib/python3.7/site-packages/airflow/example_dags/example_sensors.py
[2024-02-29T08:53:31.391+0000] {processor.py:753} INFO - DAG(s) dict_keys(['example_sensors']) retrieved from /home/airflow/.local/lib/python3.7/site-packages/airflow/example_dags/example_sensors.py
[2024-02-29T08:53:31.403+0000] {logging_mixin.py:137} INFO - [2024-02-29T08:53:31.403+0000] {dag.py:2690} INFO - Sync 1 DAGs
[2024-02-29T08:53:31.414+0000] {logging_mixin.py:137} INFO - [2024-02-29T08:53:31.414+0000] {dag.py:3441} INFO - Setting next_dagrun for example_sensors to None, run_after=None
[2024-02-29T08:53:31.421+0000] {processor.py:175} INFO - Processing /home/airflow/.local/lib/python3.7/site-packages/airflow/example_dags/example_sensors.py took 0.040 seconds
[2024-02-29T08:54:01.802+0000] {processor.py:153} INFO - Started process (PID=1411) to work on /home/airflow/.local/lib/python3.7/site-packages/airflow/example_dags/example_sensors.py
[2024-02-29T08:54:01.802+0000] {processor.py:743} INFO - Processing file /home/airflow/.local/lib/python3.7/site-packages/airflow/example_dags/example_sensors.py for tasks to queue
[2024-02-29T08:54:01.803+0000] {logging_mixin.py:137} INFO - [2024-02-29T08:54:01.803+0000] {dagbag.py:538} INFO - Filling up the DagBag from /home/airflow/.local/lib/python3.7/site-packages/airflow/example_dags/example_sensors.py
[2024-02-29T08:54:01.812+0000] {processor.py:753} INFO - DAG(s) dict_keys(['example_sensors']) retrieved from /home/airflow/.local/lib/python3.7/site-packages/airflow/example_dags/example_sensors.py
[2024-02-29T08:54:01.823+0000] {logging_mixin.py:137} INFO - [2024-02-29T08:54:01.823+0000] {dag.py:2690} INFO - Sync 1 DAGs
[2024-02-29T08:54:01.834+0000] {logging_mixin.py:137} INFO - [2024-02-29T08:54:01.834+0000] {dag.py:3441} INFO - Setting next_dagrun for example_sensors to None, run_after=None
[2024-02-29T08:54:01.841+0000] {processor.py:175} INFO - Processing /home/airflow/.local/lib/python3.7/site-packages/airflow/example_dags/example_sensors.py took 0.041 seconds
[2024-02-29T08:54:32.202+0000] {processor.py:153} INFO - Started process (PID=1505) to work on /home/airflow/.local/lib/python3.7/site-packages/airflow/example_dags/example_sensors.py
[2024-02-29T08:54:32.203+0000] {processor.py:743} INFO - Processing file /home/airflow/.local/lib/python3.7/site-packages/airflow/example_dags/example_sensors.py for tasks to queue
[2024-02-29T08:54:32.203+0000] {logging_mixin.py:137} INFO - [2024-02-29T08:54:32.203+0000] {dagbag.py:538} INFO - Filling up the DagBag from /home/airflow/.local/lib/python3.7/site-packages/airflow/example_dags/example_sensors.py
[2024-02-29T08:54:32.212+0000] {processor.py:753} INFO - DAG(s) dict_keys(['example_sensors']) retrieved from /home/airflow/.local/lib/python3.7/site-packages/airflow/example_dags/example_sensors.py
[2024-02-29T08:54:32.224+0000] {logging_mixin.py:137} INFO - [2024-02-29T08:54:32.224+0000] {dag.py:2690} INFO - Sync 1 DAGs
[2024-02-29T08:54:32.234+0000] {logging_mixin.py:137} INFO - [2024-02-29T08:54:32.234+0000] {dag.py:3441} INFO - Setting next_dagrun for example_sensors to None, run_after=None
[2024-02-29T08:54:32.242+0000] {processor.py:175} INFO - Processing /home/airflow/.local/lib/python3.7/site-packages/airflow/example_dags/example_sensors.py took 0.041 seconds
[2024-02-29T08:55:02.774+0000] {processor.py:153} INFO - Started process (PID=1599) to work on /home/airflow/.local/lib/python3.7/site-packages/airflow/example_dags/example_sensors.py
[2024-02-29T08:55:02.774+0000] {processor.py:743} INFO - Processing file /home/airflow/.local/lib/python3.7/site-packages/airflow/example_dags/example_sensors.py for tasks to queue
[2024-02-29T08:55:02.775+0000] {logging_mixin.py:137} INFO - [2024-02-29T08:55:02.775+0000] {dagbag.py:538} INFO - Filling up the DagBag from /home/airflow/.local/lib/python3.7/site-packages/airflow/example_dags/example_sensors.py
[2024-02-29T08:55:02.783+0000] {processor.py:753} INFO - DAG(s) dict_keys(['example_sensors']) retrieved from /home/airflow/.local/lib/python3.7/site-packages/airflow/example_dags/example_sensors.py
[2024-02-29T08:55:02.795+0000] {logging_mixin.py:137} INFO - [2024-02-29T08:55:02.795+0000] {dag.py:2690} INFO - Sync 1 DAGs
[2024-02-29T08:55:02.806+0000] {logging_mixin.py:137} INFO - [2024-02-29T08:55:02.806+0000] {dag.py:3441} INFO - Setting next_dagrun for example_sensors to None, run_after=None
[2024-02-29T08:55:02.813+0000] {processor.py:175} INFO - Processing /home/airflow/.local/lib/python3.7/site-packages/airflow/example_dags/example_sensors.py took 0.041 seconds
[2024-02-29T08:55:33.104+0000] {processor.py:153} INFO - Started process (PID=1692) to work on /home/airflow/.local/lib/python3.7/site-packages/airflow/example_dags/example_sensors.py
[2024-02-29T08:55:33.104+0000] {processor.py:743} INFO - Processing file /home/airflow/.local/lib/python3.7/site-packages/airflow/example_dags/example_sensors.py for tasks to queue
[2024-02-29T08:55:33.105+0000] {logging_mixin.py:137} INFO - [2024-02-29T08:55:33.105+0000] {dagbag.py:538} INFO - Filling up the DagBag from /home/airflow/.local/lib/python3.7/site-packages/airflow/example_dags/example_sensors.py
[2024-02-29T08:55:33.113+0000] {processor.py:753} INFO - DAG(s) dict_keys(['example_sensors']) retrieved from /home/airflow/.local/lib/python3.7/site-packages/airflow/example_dags/example_sensors.py
[2024-02-29T08:55:33.125+0000] {logging_mixin.py:137} INFO - [2024-02-29T08:55:33.125+0000] {dag.py:2690} INFO - Sync 1 DAGs
[2024-02-29T08:55:33.136+0000] {logging_mixin.py:137} INFO - [2024-02-29T08:55:33.136+0000] {dag.py:3441} INFO - Setting next_dagrun for example_sensors to None, run_after=None
[2024-02-29T08:55:33.143+0000] {processor.py:175} INFO - Processing /home/airflow/.local/lib/python3.7/site-packages/airflow/example_dags/example_sensors.py took 0.041 seconds
[2024-02-29T08:56:03.402+0000] {processor.py:153} INFO - Started process (PID=1768) to work on /home/airflow/.local/lib/python3.7/site-packages/airflow/example_dags/example_sensors.py
[2024-02-29T08:56:03.402+0000] {processor.py:743} INFO - Processing file /home/airflow/.local/lib/python3.7/site-packages/airflow/example_dags/example_sensors.py for tasks to queue
[2024-02-29T08:56:03.402+0000] {logging_mixin.py:137} INFO - [2024-02-29T08:56:03.402+0000] {dagbag.py:538} INFO - Filling up the DagBag from /home/airflow/.local/lib/python3.7/site-packages/airflow/example_dags/example_sensors.py
[2024-02-29T08:56:03.411+0000] {processor.py:753} INFO - DAG(s) dict_keys(['example_sensors']) retrieved from /home/airflow/.local/lib/python3.7/site-packages/airflow/example_dags/example_sensors.py
[2024-02-29T08:56:03.424+0000] {logging_mixin.py:137} INFO - [2024-02-29T08:56:03.423+0000] {dag.py:2690} INFO - Sync 1 DAGs
[2024-02-29T08:56:03.434+0000] {logging_mixin.py:137} INFO - [2024-02-29T08:56:03.434+0000] {dag.py:3441} INFO - Setting next_dagrun for example_sensors to None, run_after=None
[2024-02-29T08:56:03.441+0000] {processor.py:175} INFO - Processing /home/airflow/.local/lib/python3.7/site-packages/airflow/example_dags/example_sensors.py took 0.041 seconds
[2024-02-29T08:56:33.854+0000] {processor.py:153} INFO - Started process (PID=1862) to work on /home/airflow/.local/lib/python3.7/site-packages/airflow/example_dags/example_sensors.py
[2024-02-29T08:56:33.854+0000] {processor.py:743} INFO - Processing file /home/airflow/.local/lib/python3.7/site-packages/airflow/example_dags/example_sensors.py for tasks to queue
[2024-02-29T08:56:33.855+0000] {logging_mixin.py:137} INFO - [2024-02-29T08:56:33.855+0000] {dagbag.py:538} INFO - Filling up the DagBag from /home/airflow/.local/lib/python3.7/site-packages/airflow/example_dags/example_sensors.py
[2024-02-29T08:56:33.864+0000] {processor.py:753} INFO - DAG(s) dict_keys(['example_sensors']) retrieved from /home/airflow/.local/lib/python3.7/site-packages/airflow/example_dags/example_sensors.py
[2024-02-29T08:56:33.875+0000] {logging_mixin.py:137} INFO - [2024-02-29T08:56:33.875+0000] {dag.py:2690} INFO - Sync 1 DAGs
[2024-02-29T08:56:33.886+0000] {logging_mixin.py:137} INFO - [2024-02-29T08:56:33.886+0000] {dag.py:3441} INFO - Setting next_dagrun for example_sensors to None, run_after=None
[2024-02-29T08:56:33.894+0000] {processor.py:175} INFO - Processing /home/airflow/.local/lib/python3.7/site-packages/airflow/example_dags/example_sensors.py took 0.042 seconds
[2024-02-29T08:57:04.242+0000] {processor.py:153} INFO - Started process (PID=1956) to work on /home/airflow/.local/lib/python3.7/site-packages/airflow/example_dags/example_sensors.py
[2024-02-29T08:57:04.242+0000] {processor.py:743} INFO - Processing file /home/airflow/.local/lib/python3.7/site-packages/airflow/example_dags/example_sensors.py for tasks to queue
[2024-02-29T08:57:04.243+0000] {logging_mixin.py:137} INFO - [2024-02-29T08:57:04.243+0000] {dagbag.py:538} INFO - Filling up the DagBag from /home/airflow/.local/lib/python3.7/site-packages/airflow/example_dags/example_sensors.py
[2024-02-29T08:57:04.251+0000] {processor.py:753} INFO - DAG(s) dict_keys(['example_sensors']) retrieved from /home/airflow/.local/lib/python3.7/site-packages/airflow/example_dags/example_sensors.py
[2024-02-29T08:57:04.263+0000] {logging_mixin.py:137} INFO - [2024-02-29T08:57:04.263+0000] {dag.py:2690} INFO - Sync 1 DAGs
[2024-02-29T08:57:04.274+0000] {logging_mixin.py:137} INFO - [2024-02-29T08:57:04.274+0000] {dag.py:3441} INFO - Setting next_dagrun for example_sensors to None, run_after=None
[2024-02-29T08:57:04.281+0000] {processor.py:175} INFO - Processing /home/airflow/.local/lib/python3.7/site-packages/airflow/example_dags/example_sensors.py took 0.041 seconds
[2024-02-29T08:57:34.751+0000] {processor.py:153} INFO - Started process (PID=2050) to work on /home/airflow/.local/lib/python3.7/site-packages/airflow/example_dags/example_sensors.py
[2024-02-29T08:57:34.751+0000] {processor.py:743} INFO - Processing file /home/airflow/.local/lib/python3.7/site-packages/airflow/example_dags/example_sensors.py for tasks to queue
[2024-02-29T08:57:34.751+0000] {logging_mixin.py:137} INFO - [2024-02-29T08:57:34.751+0000] {dagbag.py:538} INFO - Filling up the DagBag from /home/airflow/.local/lib/python3.7/site-packages/airflow/example_dags/example_sensors.py
[2024-02-29T08:57:34.760+0000] {processor.py:753} INFO - DAG(s) dict_keys(['example_sensors']) retrieved from /home/airflow/.local/lib/python3.7/site-packages/airflow/example_dags/example_sensors.py
[2024-02-29T08:57:34.773+0000] {logging_mixin.py:137} INFO - [2024-02-29T08:57:34.773+0000] {dag.py:2690} INFO - Sync 1 DAGs
[2024-02-29T08:57:34.784+0000] {logging_mixin.py:137} INFO - [2024-02-29T08:57:34.784+0000] {dag.py:3441} INFO - Setting next_dagrun for example_sensors to None, run_after=None
[2024-02-29T08:57:34.791+0000] {processor.py:175} INFO - Processing /home/airflow/.local/lib/python3.7/site-packages/airflow/example_dags/example_sensors.py took 0.042 seconds
[2024-02-29T08:58:05.319+0000] {processor.py:153} INFO - Started process (PID=2126) to work on /home/airflow/.local/lib/python3.7/site-packages/airflow/example_dags/example_sensors.py
[2024-02-29T08:58:05.319+0000] {processor.py:743} INFO - Processing file /home/airflow/.local/lib/python3.7/site-packages/airflow/example_dags/example_sensors.py for tasks to queue
[2024-02-29T08:58:05.320+0000] {logging_mixin.py:137} INFO - [2024-02-29T08:58:05.320+0000] {dagbag.py:538} INFO - Filling up the DagBag from /home/airflow/.local/lib/python3.7/site-packages/airflow/example_dags/example_sensors.py
[2024-02-29T08:58:05.328+0000] {processor.py:753} INFO - DAG(s) dict_keys(['example_sensors']) retrieved from /home/airflow/.local/lib/python3.7/site-packages/airflow/example_dags/example_sensors.py
[2024-02-29T08:58:05.341+0000] {logging_mixin.py:137} INFO - [2024-02-29T08:58:05.341+0000] {dag.py:2690} INFO - Sync 1 DAGs
[2024-02-29T08:58:05.351+0000] {logging_mixin.py:137} INFO - [2024-02-29T08:58:05.351+0000] {dag.py:3441} INFO - Setting next_dagrun for example_sensors to None, run_after=None
[2024-02-29T08:58:05.359+0000] {processor.py:175} INFO - Processing /home/airflow/.local/lib/python3.7/site-packages/airflow/example_dags/example_sensors.py took 0.042 seconds
[2024-02-29T08:58:35.776+0000] {processor.py:153} INFO - Started process (PID=2220) to work on /home/airflow/.local/lib/python3.7/site-packages/airflow/example_dags/example_sensors.py
[2024-02-29T08:58:35.777+0000] {processor.py:743} INFO - Processing file /home/airflow/.local/lib/python3.7/site-packages/airflow/example_dags/example_sensors.py for tasks to queue
[2024-02-29T08:58:35.777+0000] {logging_mixin.py:137} INFO - [2024-02-29T08:58:35.777+0000] {dagbag.py:538} INFO - Filling up the DagBag from /home/airflow/.local/lib/python3.7/site-packages/airflow/example_dags/example_sensors.py
[2024-02-29T08:58:35.785+0000] {processor.py:753} INFO - DAG(s) dict_keys(['example_sensors']) retrieved from /home/airflow/.local/lib/python3.7/site-packages/airflow/example_dags/example_sensors.py
[2024-02-29T08:58:35.798+0000] {logging_mixin.py:137} INFO - [2024-02-29T08:58:35.798+0000] {dag.py:2690} INFO - Sync 1 DAGs
[2024-02-29T08:58:35.809+0000] {logging_mixin.py:137} INFO - [2024-02-29T08:58:35.809+0000] {dag.py:3441} INFO - Setting next_dagrun for example_sensors to None, run_after=None
[2024-02-29T08:58:35.817+0000] {processor.py:175} INFO - Processing /home/airflow/.local/lib/python3.7/site-packages/airflow/example_dags/example_sensors.py took 0.042 seconds
[2024-02-29T08:59:06.048+0000] {processor.py:153} INFO - Started process (PID=2313) to work on /home/airflow/.local/lib/python3.7/site-packages/airflow/example_dags/example_sensors.py
[2024-02-29T08:59:06.049+0000] {processor.py:743} INFO - Processing file /home/airflow/.local/lib/python3.7/site-packages/airflow/example_dags/example_sensors.py for tasks to queue
[2024-02-29T08:59:06.049+0000] {logging_mixin.py:137} INFO - [2024-02-29T08:59:06.049+0000] {dagbag.py:538} INFO - Filling up the DagBag from /home/airflow/.local/lib/python3.7/site-packages/airflow/example_dags/example_sensors.py
[2024-02-29T08:59:06.058+0000] {processor.py:753} INFO - DAG(s) dict_keys(['example_sensors']) retrieved from /home/airflow/.local/lib/python3.7/site-packages/airflow/example_dags/example_sensors.py
[2024-02-29T08:59:06.070+0000] {logging_mixin.py:137} INFO - [2024-02-29T08:59:06.070+0000] {dag.py:2690} INFO - Sync 1 DAGs
[2024-02-29T08:59:06.081+0000] {logging_mixin.py:137} INFO - [2024-02-29T08:59:06.081+0000] {dag.py:3441} INFO - Setting next_dagrun for example_sensors to None, run_after=None
[2024-02-29T08:59:06.088+0000] {processor.py:175} INFO - Processing /home/airflow/.local/lib/python3.7/site-packages/airflow/example_dags/example_sensors.py took 0.042 seconds
[2024-02-29T08:59:36.846+0000] {processor.py:153} INFO - Started process (PID=2407) to work on /home/airflow/.local/lib/python3.7/site-packages/airflow/example_dags/example_sensors.py
[2024-02-29T08:59:36.846+0000] {processor.py:743} INFO - Processing file /home/airflow/.local/lib/python3.7/site-packages/airflow/example_dags/example_sensors.py for tasks to queue
[2024-02-29T08:59:36.847+0000] {logging_mixin.py:137} INFO - [2024-02-29T08:59:36.847+0000] {dagbag.py:538} INFO - Filling up the DagBag from /home/airflow/.local/lib/python3.7/site-packages/airflow/example_dags/example_sensors.py
[2024-02-29T08:59:36.855+0000] {processor.py:753} INFO - DAG(s) dict_keys(['example_sensors']) retrieved from /home/airflow/.local/lib/python3.7/site-packages/airflow/example_dags/example_sensors.py
[2024-02-29T08:59:36.869+0000] {logging_mixin.py:137} INFO - [2024-02-29T08:59:36.869+0000] {dag.py:2690} INFO - Sync 1 DAGs
[2024-02-29T08:59:36.881+0000] {logging_mixin.py:137} INFO - [2024-02-29T08:59:36.881+0000] {dag.py:3441} INFO - Setting next_dagrun for example_sensors to None, run_after=None
[2024-02-29T08:59:36.892+0000] {processor.py:175} INFO - Processing /home/airflow/.local/lib/python3.7/site-packages/airflow/example_dags/example_sensors.py took 0.048 seconds
[2024-02-29T09:00:07.427+0000] {processor.py:153} INFO - Started process (PID=2483) to work on /home/airflow/.local/lib/python3.7/site-packages/airflow/example_dags/example_sensors.py
[2024-02-29T09:00:07.428+0000] {processor.py:743} INFO - Processing file /home/airflow/.local/lib/python3.7/site-packages/airflow/example_dags/example_sensors.py for tasks to queue
[2024-02-29T09:00:07.428+0000] {logging_mixin.py:137} INFO - [2024-02-29T09:00:07.428+0000] {dagbag.py:538} INFO - Filling up the DagBag from /home/airflow/.local/lib/python3.7/site-packages/airflow/example_dags/example_sensors.py
[2024-02-29T09:00:07.437+0000] {processor.py:753} INFO - DAG(s) dict_keys(['example_sensors']) retrieved from /home/airflow/.local/lib/python3.7/site-packages/airflow/example_dags/example_sensors.py
[2024-02-29T09:00:07.451+0000] {logging_mixin.py:137} INFO - [2024-02-29T09:00:07.451+0000] {dag.py:2690} INFO - Sync 1 DAGs
[2024-02-29T09:00:07.461+0000] {logging_mixin.py:137} INFO - [2024-02-29T09:00:07.461+0000] {dag.py:3441} INFO - Setting next_dagrun for example_sensors to None, run_after=None
[2024-02-29T09:00:07.470+0000] {processor.py:175} INFO - Processing /home/airflow/.local/lib/python3.7/site-packages/airflow/example_dags/example_sensors.py took 0.044 seconds
[2024-02-29T09:00:37.919+0000] {processor.py:153} INFO - Started process (PID=2577) to work on /home/airflow/.local/lib/python3.7/site-packages/airflow/example_dags/example_sensors.py
[2024-02-29T09:00:37.919+0000] {processor.py:743} INFO - Processing file /home/airflow/.local/lib/python3.7/site-packages/airflow/example_dags/example_sensors.py for tasks to queue
[2024-02-29T09:00:37.920+0000] {logging_mixin.py:137} INFO - [2024-02-29T09:00:37.920+0000] {dagbag.py:538} INFO - Filling up the DagBag from /home/airflow/.local/lib/python3.7/site-packages/airflow/example_dags/example_sensors.py
[2024-02-29T09:00:37.929+0000] {processor.py:753} INFO - DAG(s) dict_keys(['example_sensors']) retrieved from /home/airflow/.local/lib/python3.7/site-packages/airflow/example_dags/example_sensors.py
[2024-02-29T09:00:37.941+0000] {logging_mixin.py:137} INFO - [2024-02-29T09:00:37.941+0000] {dag.py:2690} INFO - Sync 1 DAGs
[2024-02-29T09:00:37.953+0000] {logging_mixin.py:137} INFO - [2024-02-29T09:00:37.953+0000] {dag.py:3441} INFO - Setting next_dagrun for example_sensors to None, run_after=None
[2024-02-29T09:00:37.961+0000] {processor.py:175} INFO - Processing /home/airflow/.local/lib/python3.7/site-packages/airflow/example_dags/example_sensors.py took 0.044 seconds
[2024-02-29T09:01:08.557+0000] {processor.py:153} INFO - Started process (PID=2671) to work on /home/airflow/.local/lib/python3.7/site-packages/airflow/example_dags/example_sensors.py
[2024-02-29T09:01:08.557+0000] {processor.py:743} INFO - Processing file /home/airflow/.local/lib/python3.7/site-packages/airflow/example_dags/example_sensors.py for tasks to queue
[2024-02-29T09:01:08.558+0000] {logging_mixin.py:137} INFO - [2024-02-29T09:01:08.558+0000] {dagbag.py:538} INFO - Filling up the DagBag from /home/airflow/.local/lib/python3.7/site-packages/airflow/example_dags/example_sensors.py
[2024-02-29T09:01:08.567+0000] {processor.py:753} INFO - DAG(s) dict_keys(['example_sensors']) retrieved from /home/airflow/.local/lib/python3.7/site-packages/airflow/example_dags/example_sensors.py
[2024-02-29T09:01:08.581+0000] {logging_mixin.py:137} INFO - [2024-02-29T09:01:08.580+0000] {dag.py:2690} INFO - Sync 1 DAGs
[2024-02-29T09:01:08.593+0000] {logging_mixin.py:137} INFO - [2024-02-29T09:01:08.593+0000] {dag.py:3441} INFO - Setting next_dagrun for example_sensors to None, run_after=None
[2024-02-29T09:01:08.602+0000] {processor.py:175} INFO - Processing /home/airflow/.local/lib/python3.7/site-packages/airflow/example_dags/example_sensors.py took 0.047 seconds
[2024-02-29T09:01:39.053+0000] {processor.py:153} INFO - Started process (PID=2753) to work on /home/airflow/.local/lib/python3.7/site-packages/airflow/example_dags/example_sensors.py
[2024-02-29T09:01:39.054+0000] {processor.py:743} INFO - Processing file /home/airflow/.local/lib/python3.7/site-packages/airflow/example_dags/example_sensors.py for tasks to queue
[2024-02-29T09:01:39.054+0000] {logging_mixin.py:137} INFO - [2024-02-29T09:01:39.054+0000] {dagbag.py:538} INFO - Filling up the DagBag from /home/airflow/.local/lib/python3.7/site-packages/airflow/example_dags/example_sensors.py
[2024-02-29T09:01:39.063+0000] {processor.py:753} INFO - DAG(s) dict_keys(['example_sensors']) retrieved from /home/airflow/.local/lib/python3.7/site-packages/airflow/example_dags/example_sensors.py
[2024-02-29T09:01:39.076+0000] {logging_mixin.py:137} INFO - [2024-02-29T09:01:39.076+0000] {dag.py:2690} INFO - Sync 1 DAGs
[2024-02-29T09:01:39.087+0000] {logging_mixin.py:137} INFO - [2024-02-29T09:01:39.087+0000] {dag.py:3441} INFO - Setting next_dagrun for example_sensors to None, run_after=None
[2024-02-29T09:01:39.095+0000] {processor.py:175} INFO - Processing /home/airflow/.local/lib/python3.7/site-packages/airflow/example_dags/example_sensors.py took 0.043 seconds
[2024-02-29T09:02:09.555+0000] {processor.py:153} INFO - Started process (PID=2840) to work on /home/airflow/.local/lib/python3.7/site-packages/airflow/example_dags/example_sensors.py
[2024-02-29T09:02:09.555+0000] {processor.py:743} INFO - Processing file /home/airflow/.local/lib/python3.7/site-packages/airflow/example_dags/example_sensors.py for tasks to queue
[2024-02-29T09:02:09.556+0000] {logging_mixin.py:137} INFO - [2024-02-29T09:02:09.556+0000] {dagbag.py:538} INFO - Filling up the DagBag from /home/airflow/.local/lib/python3.7/site-packages/airflow/example_dags/example_sensors.py
[2024-02-29T09:02:09.564+0000] {processor.py:753} INFO - DAG(s) dict_keys(['example_sensors']) retrieved from /home/airflow/.local/lib/python3.7/site-packages/airflow/example_dags/example_sensors.py
[2024-02-29T09:02:09.576+0000] {logging_mixin.py:137} INFO - [2024-02-29T09:02:09.576+0000] {dag.py:2690} INFO - Sync 1 DAGs
[2024-02-29T09:02:09.588+0000] {logging_mixin.py:137} INFO - [2024-02-29T09:02:09.588+0000] {dag.py:3441} INFO - Setting next_dagrun for example_sensors to None, run_after=None
[2024-02-29T09:02:09.596+0000] {processor.py:175} INFO - Processing /home/airflow/.local/lib/python3.7/site-packages/airflow/example_dags/example_sensors.py took 0.042 seconds
[2024-02-29T09:02:40.080+0000] {processor.py:153} INFO - Started process (PID=2934) to work on /home/airflow/.local/lib/python3.7/site-packages/airflow/example_dags/example_sensors.py
[2024-02-29T09:02:40.081+0000] {processor.py:743} INFO - Processing file /home/airflow/.local/lib/python3.7/site-packages/airflow/example_dags/example_sensors.py for tasks to queue
[2024-02-29T09:02:40.081+0000] {logging_mixin.py:137} INFO - [2024-02-29T09:02:40.081+0000] {dagbag.py:538} INFO - Filling up the DagBag from /home/airflow/.local/lib/python3.7/site-packages/airflow/example_dags/example_sensors.py
[2024-02-29T09:02:40.090+0000] {processor.py:753} INFO - DAG(s) dict_keys(['example_sensors']) retrieved from /home/airflow/.local/lib/python3.7/site-packages/airflow/example_dags/example_sensors.py
[2024-02-29T09:02:40.103+0000] {logging_mixin.py:137} INFO - [2024-02-29T09:02:40.103+0000] {dag.py:2690} INFO - Sync 1 DAGs
[2024-02-29T09:02:40.114+0000] {logging_mixin.py:137} INFO - [2024-02-29T09:02:40.114+0000] {dag.py:3441} INFO - Setting next_dagrun for example_sensors to None, run_after=None
[2024-02-29T09:02:40.122+0000] {processor.py:175} INFO - Processing /home/airflow/.local/lib/python3.7/site-packages/airflow/example_dags/example_sensors.py took 0.043 seconds
[2024-02-29T09:03:11.106+0000] {processor.py:153} INFO - Started process (PID=3027) to work on /home/airflow/.local/lib/python3.7/site-packages/airflow/example_dags/example_sensors.py
[2024-02-29T09:03:11.107+0000] {processor.py:743} INFO - Processing file /home/airflow/.local/lib/python3.7/site-packages/airflow/example_dags/example_sensors.py for tasks to queue
[2024-02-29T09:03:11.107+0000] {logging_mixin.py:137} INFO - [2024-02-29T09:03:11.107+0000] {dagbag.py:538} INFO - Filling up the DagBag from /home/airflow/.local/lib/python3.7/site-packages/airflow/example_dags/example_sensors.py
[2024-02-29T09:03:11.117+0000] {processor.py:753} INFO - DAG(s) dict_keys(['example_sensors']) retrieved from /home/airflow/.local/lib/python3.7/site-packages/airflow/example_dags/example_sensors.py
[2024-02-29T09:03:11.132+0000] {logging_mixin.py:137} INFO - [2024-02-29T09:03:11.132+0000] {dag.py:2690} INFO - Sync 1 DAGs
[2024-02-29T09:03:11.144+0000] {logging_mixin.py:137} INFO - [2024-02-29T09:03:11.144+0000] {dag.py:3441} INFO - Setting next_dagrun for example_sensors to None, run_after=None
[2024-02-29T09:03:11.153+0000] {processor.py:175} INFO - Processing /home/airflow/.local/lib/python3.7/site-packages/airflow/example_dags/example_sensors.py took 0.048 seconds
