[2024-02-29T08:46:25.175+0000] {processor.py:153} INFO - Started process (PID=63) to work on /home/airflow/.local/lib/python3.7/site-packages/airflow/example_dags/example_xcomargs.py
[2024-02-29T08:46:25.176+0000] {processor.py:743} INFO - Processing file /home/airflow/.local/lib/python3.7/site-packages/airflow/example_dags/example_xcomargs.py for tasks to queue
[2024-02-29T08:46:25.176+0000] {logging_mixin.py:137} INFO - [2024-02-29T08:46:25.176+0000] {dagbag.py:538} INFO - Filling up the DagBag from /home/airflow/.local/lib/python3.7/site-packages/airflow/example_dags/example_xcomargs.py
[2024-02-29T08:46:25.193+0000] {processor.py:753} INFO - DAG(s) dict_keys(['example_xcom_args_with_operators', 'example_xcom_args']) retrieved from /home/airflow/.local/lib/python3.7/site-packages/airflow/example_dags/example_xcomargs.py
[2024-02-29T08:46:25.212+0000] {logging_mixin.py:137} INFO - [2024-02-29T08:46:25.212+0000] {dag.py:2690} INFO - Sync 2 DAGs
[2024-02-29T08:46:25.230+0000] {logging_mixin.py:137} INFO - [2024-02-29T08:46:25.230+0000] {dag.py:3441} INFO - Setting next_dagrun for example_xcom_args to None, run_after=None
[2024-02-29T08:46:25.232+0000] {logging_mixin.py:137} INFO - [2024-02-29T08:46:25.232+0000] {dag.py:3441} INFO - Setting next_dagrun for example_xcom_args_with_operators to None, run_after=None
[2024-02-29T08:46:25.243+0000] {processor.py:175} INFO - Processing /home/airflow/.local/lib/python3.7/site-packages/airflow/example_dags/example_xcomargs.py took 0.070 seconds
[2024-02-29T08:46:55.918+0000] {processor.py:153} INFO - Started process (PID=156) to work on /home/airflow/.local/lib/python3.7/site-packages/airflow/example_dags/example_xcomargs.py
[2024-02-29T08:46:55.919+0000] {processor.py:743} INFO - Processing file /home/airflow/.local/lib/python3.7/site-packages/airflow/example_dags/example_xcomargs.py for tasks to queue
[2024-02-29T08:46:55.919+0000] {logging_mixin.py:137} INFO - [2024-02-29T08:46:55.919+0000] {dagbag.py:538} INFO - Filling up the DagBag from /home/airflow/.local/lib/python3.7/site-packages/airflow/example_dags/example_xcomargs.py
[2024-02-29T08:46:55.930+0000] {processor.py:753} INFO - DAG(s) dict_keys(['example_xcom_args', 'example_xcom_args_with_operators']) retrieved from /home/airflow/.local/lib/python3.7/site-packages/airflow/example_dags/example_xcomargs.py
[2024-02-29T08:46:55.943+0000] {logging_mixin.py:137} INFO - [2024-02-29T08:46:55.943+0000] {dag.py:2690} INFO - Sync 2 DAGs
[2024-02-29T08:46:55.954+0000] {logging_mixin.py:137} INFO - [2024-02-29T08:46:55.954+0000] {dag.py:3441} INFO - Setting next_dagrun for example_xcom_args to None, run_after=None
[2024-02-29T08:46:55.955+0000] {logging_mixin.py:137} INFO - [2024-02-29T08:46:55.955+0000] {dag.py:3441} INFO - Setting next_dagrun for example_xcom_args_with_operators to None, run_after=None
[2024-02-29T08:46:55.962+0000] {processor.py:175} INFO - Processing /home/airflow/.local/lib/python3.7/site-packages/airflow/example_dags/example_xcomargs.py took 0.045 seconds
[2024-02-29T08:47:26.208+0000] {processor.py:153} INFO - Started process (PID=250) to work on /home/airflow/.local/lib/python3.7/site-packages/airflow/example_dags/example_xcomargs.py
[2024-02-29T08:47:26.208+0000] {processor.py:743} INFO - Processing file /home/airflow/.local/lib/python3.7/site-packages/airflow/example_dags/example_xcomargs.py for tasks to queue
[2024-02-29T08:47:26.208+0000] {logging_mixin.py:137} INFO - [2024-02-29T08:47:26.208+0000] {dagbag.py:538} INFO - Filling up the DagBag from /home/airflow/.local/lib/python3.7/site-packages/airflow/example_dags/example_xcomargs.py
[2024-02-29T08:47:26.219+0000] {processor.py:753} INFO - DAG(s) dict_keys(['example_xcom_args_with_operators', 'example_xcom_args']) retrieved from /home/airflow/.local/lib/python3.7/site-packages/airflow/example_dags/example_xcomargs.py
[2024-02-29T08:47:26.232+0000] {logging_mixin.py:137} INFO - [2024-02-29T08:47:26.232+0000] {dag.py:2690} INFO - Sync 2 DAGs
[2024-02-29T08:47:26.243+0000] {logging_mixin.py:137} INFO - [2024-02-29T08:47:26.243+0000] {dag.py:3441} INFO - Setting next_dagrun for example_xcom_args to None, run_after=None
[2024-02-29T08:47:26.246+0000] {logging_mixin.py:137} INFO - [2024-02-29T08:47:26.246+0000] {dag.py:3441} INFO - Setting next_dagrun for example_xcom_args_with_operators to None, run_after=None
[2024-02-29T08:47:26.255+0000] {processor.py:175} INFO - Processing /home/airflow/.local/lib/python3.7/site-packages/airflow/example_dags/example_xcomargs.py took 0.049 seconds
[2024-02-29T08:47:56.522+0000] {processor.py:153} INFO - Started process (PID=326) to work on /home/airflow/.local/lib/python3.7/site-packages/airflow/example_dags/example_xcomargs.py
[2024-02-29T08:47:56.523+0000] {processor.py:743} INFO - Processing file /home/airflow/.local/lib/python3.7/site-packages/airflow/example_dags/example_xcomargs.py for tasks to queue
[2024-02-29T08:47:56.523+0000] {logging_mixin.py:137} INFO - [2024-02-29T08:47:56.523+0000] {dagbag.py:538} INFO - Filling up the DagBag from /home/airflow/.local/lib/python3.7/site-packages/airflow/example_dags/example_xcomargs.py
[2024-02-29T08:47:56.533+0000] {processor.py:753} INFO - DAG(s) dict_keys(['example_xcom_args_with_operators', 'example_xcom_args']) retrieved from /home/airflow/.local/lib/python3.7/site-packages/airflow/example_dags/example_xcomargs.py
[2024-02-29T08:47:56.546+0000] {logging_mixin.py:137} INFO - [2024-02-29T08:47:56.546+0000] {dag.py:2690} INFO - Sync 2 DAGs
[2024-02-29T08:47:56.558+0000] {logging_mixin.py:137} INFO - [2024-02-29T08:47:56.558+0000] {dag.py:3441} INFO - Setting next_dagrun for example_xcom_args to None, run_after=None
[2024-02-29T08:47:56.559+0000] {logging_mixin.py:137} INFO - [2024-02-29T08:47:56.559+0000] {dag.py:3441} INFO - Setting next_dagrun for example_xcom_args_with_operators to None, run_after=None
[2024-02-29T08:47:56.566+0000] {processor.py:175} INFO - Processing /home/airflow/.local/lib/python3.7/site-packages/airflow/example_dags/example_xcomargs.py took 0.045 seconds
[2024-02-29T08:48:27.071+0000] {processor.py:153} INFO - Started process (PID=419) to work on /home/airflow/.local/lib/python3.7/site-packages/airflow/example_dags/example_xcomargs.py
[2024-02-29T08:48:27.071+0000] {processor.py:743} INFO - Processing file /home/airflow/.local/lib/python3.7/site-packages/airflow/example_dags/example_xcomargs.py for tasks to queue
[2024-02-29T08:48:27.071+0000] {logging_mixin.py:137} INFO - [2024-02-29T08:48:27.071+0000] {dagbag.py:538} INFO - Filling up the DagBag from /home/airflow/.local/lib/python3.7/site-packages/airflow/example_dags/example_xcomargs.py
[2024-02-29T08:48:27.082+0000] {processor.py:753} INFO - DAG(s) dict_keys(['example_xcom_args_with_operators', 'example_xcom_args']) retrieved from /home/airflow/.local/lib/python3.7/site-packages/airflow/example_dags/example_xcomargs.py
[2024-02-29T08:48:27.095+0000] {logging_mixin.py:137} INFO - [2024-02-29T08:48:27.095+0000] {dag.py:2690} INFO - Sync 2 DAGs
[2024-02-29T08:48:27.105+0000] {logging_mixin.py:137} INFO - [2024-02-29T08:48:27.105+0000] {dag.py:3441} INFO - Setting next_dagrun for example_xcom_args to None, run_after=None
[2024-02-29T08:48:27.107+0000] {logging_mixin.py:137} INFO - [2024-02-29T08:48:27.107+0000] {dag.py:3441} INFO - Setting next_dagrun for example_xcom_args_with_operators to None, run_after=None
[2024-02-29T08:48:27.114+0000] {processor.py:175} INFO - Processing /home/airflow/.local/lib/python3.7/site-packages/airflow/example_dags/example_xcomargs.py took 0.045 seconds
[2024-02-29T08:48:57.408+0000] {processor.py:153} INFO - Started process (PID=513) to work on /home/airflow/.local/lib/python3.7/site-packages/airflow/example_dags/example_xcomargs.py
[2024-02-29T08:48:57.408+0000] {processor.py:743} INFO - Processing file /home/airflow/.local/lib/python3.7/site-packages/airflow/example_dags/example_xcomargs.py for tasks to queue
[2024-02-29T08:48:57.409+0000] {logging_mixin.py:137} INFO - [2024-02-29T08:48:57.409+0000] {dagbag.py:538} INFO - Filling up the DagBag from /home/airflow/.local/lib/python3.7/site-packages/airflow/example_dags/example_xcomargs.py
[2024-02-29T08:48:57.420+0000] {processor.py:753} INFO - DAG(s) dict_keys(['example_xcom_args_with_operators', 'example_xcom_args']) retrieved from /home/airflow/.local/lib/python3.7/site-packages/airflow/example_dags/example_xcomargs.py
[2024-02-29T08:48:57.432+0000] {logging_mixin.py:137} INFO - [2024-02-29T08:48:57.432+0000] {dag.py:2690} INFO - Sync 2 DAGs
[2024-02-29T08:48:57.443+0000] {logging_mixin.py:137} INFO - [2024-02-29T08:48:57.443+0000] {dag.py:3441} INFO - Setting next_dagrun for example_xcom_args to None, run_after=None
[2024-02-29T08:48:57.445+0000] {logging_mixin.py:137} INFO - [2024-02-29T08:48:57.445+0000] {dag.py:3441} INFO - Setting next_dagrun for example_xcom_args_with_operators to None, run_after=None
[2024-02-29T08:48:57.451+0000] {processor.py:175} INFO - Processing /home/airflow/.local/lib/python3.7/site-packages/airflow/example_dags/example_xcomargs.py took 0.045 seconds
[2024-02-29T08:49:27.841+0000] {processor.py:153} INFO - Started process (PID=607) to work on /home/airflow/.local/lib/python3.7/site-packages/airflow/example_dags/example_xcomargs.py
[2024-02-29T08:49:27.841+0000] {processor.py:743} INFO - Processing file /home/airflow/.local/lib/python3.7/site-packages/airflow/example_dags/example_xcomargs.py for tasks to queue
[2024-02-29T08:49:27.842+0000] {logging_mixin.py:137} INFO - [2024-02-29T08:49:27.842+0000] {dagbag.py:538} INFO - Filling up the DagBag from /home/airflow/.local/lib/python3.7/site-packages/airflow/example_dags/example_xcomargs.py
[2024-02-29T08:49:27.852+0000] {processor.py:753} INFO - DAG(s) dict_keys(['example_xcom_args', 'example_xcom_args_with_operators']) retrieved from /home/airflow/.local/lib/python3.7/site-packages/airflow/example_dags/example_xcomargs.py
[2024-02-29T08:49:27.864+0000] {logging_mixin.py:137} INFO - [2024-02-29T08:49:27.864+0000] {dag.py:2690} INFO - Sync 2 DAGs
[2024-02-29T08:49:27.875+0000] {logging_mixin.py:137} INFO - [2024-02-29T08:49:27.875+0000] {dag.py:3441} INFO - Setting next_dagrun for example_xcom_args to None, run_after=None
[2024-02-29T08:49:27.877+0000] {logging_mixin.py:137} INFO - [2024-02-29T08:49:27.877+0000] {dag.py:3441} INFO - Setting next_dagrun for example_xcom_args_with_operators to None, run_after=None
[2024-02-29T08:49:27.884+0000] {processor.py:175} INFO - Processing /home/airflow/.local/lib/python3.7/site-packages/airflow/example_dags/example_xcomargs.py took 0.044 seconds
[2024-02-29T08:49:58.172+0000] {processor.py:153} INFO - Started process (PID=682) to work on /home/airflow/.local/lib/python3.7/site-packages/airflow/example_dags/example_xcomargs.py
[2024-02-29T08:49:58.172+0000] {processor.py:743} INFO - Processing file /home/airflow/.local/lib/python3.7/site-packages/airflow/example_dags/example_xcomargs.py for tasks to queue
[2024-02-29T08:49:58.173+0000] {logging_mixin.py:137} INFO - [2024-02-29T08:49:58.172+0000] {dagbag.py:538} INFO - Filling up the DagBag from /home/airflow/.local/lib/python3.7/site-packages/airflow/example_dags/example_xcomargs.py
[2024-02-29T08:49:58.183+0000] {processor.py:753} INFO - DAG(s) dict_keys(['example_xcom_args_with_operators', 'example_xcom_args']) retrieved from /home/airflow/.local/lib/python3.7/site-packages/airflow/example_dags/example_xcomargs.py
[2024-02-29T08:49:58.195+0000] {logging_mixin.py:137} INFO - [2024-02-29T08:49:58.195+0000] {dag.py:2690} INFO - Sync 2 DAGs
[2024-02-29T08:49:58.206+0000] {logging_mixin.py:137} INFO - [2024-02-29T08:49:58.206+0000] {dag.py:3441} INFO - Setting next_dagrun for example_xcom_args to None, run_after=None
[2024-02-29T08:49:58.208+0000] {logging_mixin.py:137} INFO - [2024-02-29T08:49:58.208+0000] {dag.py:3441} INFO - Setting next_dagrun for example_xcom_args_with_operators to None, run_after=None
[2024-02-29T08:49:58.214+0000] {processor.py:175} INFO - Processing /home/airflow/.local/lib/python3.7/site-packages/airflow/example_dags/example_xcomargs.py took 0.044 seconds
[2024-02-29T08:50:28.607+0000] {processor.py:153} INFO - Started process (PID=776) to work on /home/airflow/.local/lib/python3.7/site-packages/airflow/example_dags/example_xcomargs.py
[2024-02-29T08:50:28.608+0000] {processor.py:743} INFO - Processing file /home/airflow/.local/lib/python3.7/site-packages/airflow/example_dags/example_xcomargs.py for tasks to queue
[2024-02-29T08:50:28.608+0000] {logging_mixin.py:137} INFO - [2024-02-29T08:50:28.608+0000] {dagbag.py:538} INFO - Filling up the DagBag from /home/airflow/.local/lib/python3.7/site-packages/airflow/example_dags/example_xcomargs.py
[2024-02-29T08:50:28.623+0000] {processor.py:753} INFO - DAG(s) dict_keys(['example_xcom_args', 'example_xcom_args_with_operators']) retrieved from /home/airflow/.local/lib/python3.7/site-packages/airflow/example_dags/example_xcomargs.py
[2024-02-29T08:50:28.641+0000] {logging_mixin.py:137} INFO - [2024-02-29T08:50:28.641+0000] {dag.py:2690} INFO - Sync 2 DAGs
[2024-02-29T08:50:28.653+0000] {logging_mixin.py:137} INFO - [2024-02-29T08:50:28.653+0000] {dag.py:3441} INFO - Setting next_dagrun for example_xcom_args to None, run_after=None
[2024-02-29T08:50:28.654+0000] {logging_mixin.py:137} INFO - [2024-02-29T08:50:28.654+0000] {dag.py:3441} INFO - Setting next_dagrun for example_xcom_args_with_operators to None, run_after=None
[2024-02-29T08:50:28.662+0000] {processor.py:175} INFO - Processing /home/airflow/.local/lib/python3.7/site-packages/airflow/example_dags/example_xcomargs.py took 0.056 seconds
[2024-02-29T08:50:59.115+0000] {processor.py:153} INFO - Started process (PID=870) to work on /home/airflow/.local/lib/python3.7/site-packages/airflow/example_dags/example_xcomargs.py
[2024-02-29T08:50:59.115+0000] {processor.py:743} INFO - Processing file /home/airflow/.local/lib/python3.7/site-packages/airflow/example_dags/example_xcomargs.py for tasks to queue
[2024-02-29T08:50:59.116+0000] {logging_mixin.py:137} INFO - [2024-02-29T08:50:59.116+0000] {dagbag.py:538} INFO - Filling up the DagBag from /home/airflow/.local/lib/python3.7/site-packages/airflow/example_dags/example_xcomargs.py
[2024-02-29T08:50:59.126+0000] {processor.py:753} INFO - DAG(s) dict_keys(['example_xcom_args_with_operators', 'example_xcom_args']) retrieved from /home/airflow/.local/lib/python3.7/site-packages/airflow/example_dags/example_xcomargs.py
[2024-02-29T08:50:59.139+0000] {logging_mixin.py:137} INFO - [2024-02-29T08:50:59.139+0000] {dag.py:2690} INFO - Sync 2 DAGs
[2024-02-29T08:50:59.149+0000] {logging_mixin.py:137} INFO - [2024-02-29T08:50:59.149+0000] {dag.py:3441} INFO - Setting next_dagrun for example_xcom_args to None, run_after=None
[2024-02-29T08:50:59.151+0000] {logging_mixin.py:137} INFO - [2024-02-29T08:50:59.151+0000] {dag.py:3441} INFO - Setting next_dagrun for example_xcom_args_with_operators to None, run_after=None
[2024-02-29T08:50:59.158+0000] {processor.py:175} INFO - Processing /home/airflow/.local/lib/python3.7/site-packages/airflow/example_dags/example_xcomargs.py took 0.045 seconds
[2024-02-29T08:51:29.484+0000] {processor.py:153} INFO - Started process (PID=963) to work on /home/airflow/.local/lib/python3.7/site-packages/airflow/example_dags/example_xcomargs.py
[2024-02-29T08:51:29.485+0000] {processor.py:743} INFO - Processing file /home/airflow/.local/lib/python3.7/site-packages/airflow/example_dags/example_xcomargs.py for tasks to queue
[2024-02-29T08:51:29.485+0000] {logging_mixin.py:137} INFO - [2024-02-29T08:51:29.485+0000] {dagbag.py:538} INFO - Filling up the DagBag from /home/airflow/.local/lib/python3.7/site-packages/airflow/example_dags/example_xcomargs.py
[2024-02-29T08:51:29.496+0000] {processor.py:753} INFO - DAG(s) dict_keys(['example_xcom_args', 'example_xcom_args_with_operators']) retrieved from /home/airflow/.local/lib/python3.7/site-packages/airflow/example_dags/example_xcomargs.py
[2024-02-29T08:51:29.509+0000] {logging_mixin.py:137} INFO - [2024-02-29T08:51:29.509+0000] {dag.py:2690} INFO - Sync 2 DAGs
[2024-02-29T08:51:29.520+0000] {logging_mixin.py:137} INFO - [2024-02-29T08:51:29.520+0000] {dag.py:3441} INFO - Setting next_dagrun for example_xcom_args to None, run_after=None
[2024-02-29T08:51:29.522+0000] {logging_mixin.py:137} INFO - [2024-02-29T08:51:29.522+0000] {dag.py:3441} INFO - Setting next_dagrun for example_xcom_args_with_operators to None, run_after=None
[2024-02-29T08:51:29.528+0000] {processor.py:175} INFO - Processing /home/airflow/.local/lib/python3.7/site-packages/airflow/example_dags/example_xcomargs.py took 0.045 seconds
[2024-02-29T08:51:59.845+0000] {processor.py:153} INFO - Started process (PID=1039) to work on /home/airflow/.local/lib/python3.7/site-packages/airflow/example_dags/example_xcomargs.py
[2024-02-29T08:51:59.845+0000] {processor.py:743} INFO - Processing file /home/airflow/.local/lib/python3.7/site-packages/airflow/example_dags/example_xcomargs.py for tasks to queue
[2024-02-29T08:51:59.846+0000] {logging_mixin.py:137} INFO - [2024-02-29T08:51:59.846+0000] {dagbag.py:538} INFO - Filling up the DagBag from /home/airflow/.local/lib/python3.7/site-packages/airflow/example_dags/example_xcomargs.py
[2024-02-29T08:51:59.856+0000] {processor.py:753} INFO - DAG(s) dict_keys(['example_xcom_args_with_operators', 'example_xcom_args']) retrieved from /home/airflow/.local/lib/python3.7/site-packages/airflow/example_dags/example_xcomargs.py
[2024-02-29T08:51:59.869+0000] {logging_mixin.py:137} INFO - [2024-02-29T08:51:59.869+0000] {dag.py:2690} INFO - Sync 2 DAGs
[2024-02-29T08:51:59.880+0000] {logging_mixin.py:137} INFO - [2024-02-29T08:51:59.880+0000] {dag.py:3441} INFO - Setting next_dagrun for example_xcom_args to None, run_after=None
[2024-02-29T08:51:59.881+0000] {logging_mixin.py:137} INFO - [2024-02-29T08:51:59.881+0000] {dag.py:3441} INFO - Setting next_dagrun for example_xcom_args_with_operators to None, run_after=None
[2024-02-29T08:51:59.889+0000] {processor.py:175} INFO - Processing /home/airflow/.local/lib/python3.7/site-packages/airflow/example_dags/example_xcomargs.py took 0.046 seconds
[2024-02-29T08:52:30.182+0000] {processor.py:153} INFO - Started process (PID=1132) to work on /home/airflow/.local/lib/python3.7/site-packages/airflow/example_dags/example_xcomargs.py
[2024-02-29T08:52:30.183+0000] {processor.py:743} INFO - Processing file /home/airflow/.local/lib/python3.7/site-packages/airflow/example_dags/example_xcomargs.py for tasks to queue
[2024-02-29T08:52:30.184+0000] {logging_mixin.py:137} INFO - [2024-02-29T08:52:30.183+0000] {dagbag.py:538} INFO - Filling up the DagBag from /home/airflow/.local/lib/python3.7/site-packages/airflow/example_dags/example_xcomargs.py
[2024-02-29T08:52:30.194+0000] {processor.py:753} INFO - DAG(s) dict_keys(['example_xcom_args', 'example_xcom_args_with_operators']) retrieved from /home/airflow/.local/lib/python3.7/site-packages/airflow/example_dags/example_xcomargs.py
[2024-02-29T08:52:30.207+0000] {logging_mixin.py:137} INFO - [2024-02-29T08:52:30.206+0000] {dag.py:2690} INFO - Sync 2 DAGs
[2024-02-29T08:52:30.217+0000] {logging_mixin.py:137} INFO - [2024-02-29T08:52:30.217+0000] {dag.py:3441} INFO - Setting next_dagrun for example_xcom_args to None, run_after=None
[2024-02-29T08:52:30.219+0000] {logging_mixin.py:137} INFO - [2024-02-29T08:52:30.219+0000] {dag.py:3441} INFO - Setting next_dagrun for example_xcom_args_with_operators to None, run_after=None
[2024-02-29T08:52:30.225+0000] {processor.py:175} INFO - Processing /home/airflow/.local/lib/python3.7/site-packages/airflow/example_dags/example_xcomargs.py took 0.044 seconds
[2024-02-29T08:53:00.519+0000] {processor.py:153} INFO - Started process (PID=1225) to work on /home/airflow/.local/lib/python3.7/site-packages/airflow/example_dags/example_xcomargs.py
[2024-02-29T08:53:00.520+0000] {processor.py:743} INFO - Processing file /home/airflow/.local/lib/python3.7/site-packages/airflow/example_dags/example_xcomargs.py for tasks to queue
[2024-02-29T08:53:00.520+0000] {logging_mixin.py:137} INFO - [2024-02-29T08:53:00.520+0000] {dagbag.py:538} INFO - Filling up the DagBag from /home/airflow/.local/lib/python3.7/site-packages/airflow/example_dags/example_xcomargs.py
[2024-02-29T08:53:00.531+0000] {processor.py:753} INFO - DAG(s) dict_keys(['example_xcom_args_with_operators', 'example_xcom_args']) retrieved from /home/airflow/.local/lib/python3.7/site-packages/airflow/example_dags/example_xcomargs.py
[2024-02-29T08:53:00.543+0000] {logging_mixin.py:137} INFO - [2024-02-29T08:53:00.543+0000] {dag.py:2690} INFO - Sync 2 DAGs
[2024-02-29T08:53:00.554+0000] {logging_mixin.py:137} INFO - [2024-02-29T08:53:00.554+0000] {dag.py:3441} INFO - Setting next_dagrun for example_xcom_args to None, run_after=None
[2024-02-29T08:53:00.556+0000] {logging_mixin.py:137} INFO - [2024-02-29T08:53:00.556+0000] {dag.py:3441} INFO - Setting next_dagrun for example_xcom_args_with_operators to None, run_after=None
[2024-02-29T08:53:00.563+0000] {processor.py:175} INFO - Processing /home/airflow/.local/lib/python3.7/site-packages/airflow/example_dags/example_xcomargs.py took 0.045 seconds
[2024-02-29T08:53:30.904+0000] {processor.py:153} INFO - Started process (PID=1319) to work on /home/airflow/.local/lib/python3.7/site-packages/airflow/example_dags/example_xcomargs.py
[2024-02-29T08:53:30.905+0000] {processor.py:743} INFO - Processing file /home/airflow/.local/lib/python3.7/site-packages/airflow/example_dags/example_xcomargs.py for tasks to queue
[2024-02-29T08:53:30.905+0000] {logging_mixin.py:137} INFO - [2024-02-29T08:53:30.905+0000] {dagbag.py:538} INFO - Filling up the DagBag from /home/airflow/.local/lib/python3.7/site-packages/airflow/example_dags/example_xcomargs.py
[2024-02-29T08:53:30.915+0000] {processor.py:753} INFO - DAG(s) dict_keys(['example_xcom_args', 'example_xcom_args_with_operators']) retrieved from /home/airflow/.local/lib/python3.7/site-packages/airflow/example_dags/example_xcomargs.py
[2024-02-29T08:53:30.927+0000] {logging_mixin.py:137} INFO - [2024-02-29T08:53:30.927+0000] {dag.py:2690} INFO - Sync 2 DAGs
[2024-02-29T08:53:30.938+0000] {logging_mixin.py:137} INFO - [2024-02-29T08:53:30.938+0000] {dag.py:3441} INFO - Setting next_dagrun for example_xcom_args to None, run_after=None
[2024-02-29T08:53:30.940+0000] {logging_mixin.py:137} INFO - [2024-02-29T08:53:30.940+0000] {dag.py:3441} INFO - Setting next_dagrun for example_xcom_args_with_operators to None, run_after=None
[2024-02-29T08:53:30.946+0000] {processor.py:175} INFO - Processing /home/airflow/.local/lib/python3.7/site-packages/airflow/example_dags/example_xcomargs.py took 0.043 seconds
[2024-02-29T08:54:01.322+0000] {processor.py:153} INFO - Started process (PID=1395) to work on /home/airflow/.local/lib/python3.7/site-packages/airflow/example_dags/example_xcomargs.py
[2024-02-29T08:54:01.323+0000] {processor.py:743} INFO - Processing file /home/airflow/.local/lib/python3.7/site-packages/airflow/example_dags/example_xcomargs.py for tasks to queue
[2024-02-29T08:54:01.323+0000] {logging_mixin.py:137} INFO - [2024-02-29T08:54:01.323+0000] {dagbag.py:538} INFO - Filling up the DagBag from /home/airflow/.local/lib/python3.7/site-packages/airflow/example_dags/example_xcomargs.py
[2024-02-29T08:54:01.333+0000] {processor.py:753} INFO - DAG(s) dict_keys(['example_xcom_args', 'example_xcom_args_with_operators']) retrieved from /home/airflow/.local/lib/python3.7/site-packages/airflow/example_dags/example_xcomargs.py
[2024-02-29T08:54:01.346+0000] {logging_mixin.py:137} INFO - [2024-02-29T08:54:01.346+0000] {dag.py:2690} INFO - Sync 2 DAGs
[2024-02-29T08:54:01.358+0000] {logging_mixin.py:137} INFO - [2024-02-29T08:54:01.357+0000] {dag.py:3441} INFO - Setting next_dagrun for example_xcom_args to None, run_after=None
[2024-02-29T08:54:01.359+0000] {logging_mixin.py:137} INFO - [2024-02-29T08:54:01.359+0000] {dag.py:3441} INFO - Setting next_dagrun for example_xcom_args_with_operators to None, run_after=None
[2024-02-29T08:54:01.367+0000] {processor.py:175} INFO - Processing /home/airflow/.local/lib/python3.7/site-packages/airflow/example_dags/example_xcomargs.py took 0.047 seconds
[2024-02-29T08:54:31.729+0000] {processor.py:153} INFO - Started process (PID=1489) to work on /home/airflow/.local/lib/python3.7/site-packages/airflow/example_dags/example_xcomargs.py
[2024-02-29T08:54:31.729+0000] {processor.py:743} INFO - Processing file /home/airflow/.local/lib/python3.7/site-packages/airflow/example_dags/example_xcomargs.py for tasks to queue
[2024-02-29T08:54:31.730+0000] {logging_mixin.py:137} INFO - [2024-02-29T08:54:31.730+0000] {dagbag.py:538} INFO - Filling up the DagBag from /home/airflow/.local/lib/python3.7/site-packages/airflow/example_dags/example_xcomargs.py
[2024-02-29T08:54:31.740+0000] {processor.py:753} INFO - DAG(s) dict_keys(['example_xcom_args_with_operators', 'example_xcom_args']) retrieved from /home/airflow/.local/lib/python3.7/site-packages/airflow/example_dags/example_xcomargs.py
[2024-02-29T08:54:31.753+0000] {logging_mixin.py:137} INFO - [2024-02-29T08:54:31.753+0000] {dag.py:2690} INFO - Sync 2 DAGs
[2024-02-29T08:54:31.764+0000] {logging_mixin.py:137} INFO - [2024-02-29T08:54:31.764+0000] {dag.py:3441} INFO - Setting next_dagrun for example_xcom_args to None, run_after=None
[2024-02-29T08:54:31.765+0000] {logging_mixin.py:137} INFO - [2024-02-29T08:54:31.765+0000] {dag.py:3441} INFO - Setting next_dagrun for example_xcom_args_with_operators to None, run_after=None
[2024-02-29T08:54:31.773+0000] {processor.py:175} INFO - Processing /home/airflow/.local/lib/python3.7/site-packages/airflow/example_dags/example_xcomargs.py took 0.045 seconds
[2024-02-29T08:55:02.218+0000] {processor.py:153} INFO - Started process (PID=1583) to work on /home/airflow/.local/lib/python3.7/site-packages/airflow/example_dags/example_xcomargs.py
[2024-02-29T08:55:02.222+0000] {processor.py:743} INFO - Processing file /home/airflow/.local/lib/python3.7/site-packages/airflow/example_dags/example_xcomargs.py for tasks to queue
[2024-02-29T08:55:02.222+0000] {logging_mixin.py:137} INFO - [2024-02-29T08:55:02.222+0000] {dagbag.py:538} INFO - Filling up the DagBag from /home/airflow/.local/lib/python3.7/site-packages/airflow/example_dags/example_xcomargs.py
[2024-02-29T08:55:02.240+0000] {processor.py:753} INFO - DAG(s) dict_keys(['example_xcom_args_with_operators', 'example_xcom_args']) retrieved from /home/airflow/.local/lib/python3.7/site-packages/airflow/example_dags/example_xcomargs.py
[2024-02-29T08:55:02.256+0000] {logging_mixin.py:137} INFO - [2024-02-29T08:55:02.256+0000] {dag.py:2690} INFO - Sync 2 DAGs
[2024-02-29T08:55:02.267+0000] {logging_mixin.py:137} INFO - [2024-02-29T08:55:02.267+0000] {dag.py:3441} INFO - Setting next_dagrun for example_xcom_args to None, run_after=None
[2024-02-29T08:55:02.268+0000] {logging_mixin.py:137} INFO - [2024-02-29T08:55:02.268+0000] {dag.py:3441} INFO - Setting next_dagrun for example_xcom_args_with_operators to None, run_after=None
[2024-02-29T08:55:02.276+0000] {processor.py:175} INFO - Processing /home/airflow/.local/lib/python3.7/site-packages/airflow/example_dags/example_xcomargs.py took 0.060 seconds
[2024-02-29T08:55:32.620+0000] {processor.py:153} INFO - Started process (PID=1676) to work on /home/airflow/.local/lib/python3.7/site-packages/airflow/example_dags/example_xcomargs.py
[2024-02-29T08:55:32.620+0000] {processor.py:743} INFO - Processing file /home/airflow/.local/lib/python3.7/site-packages/airflow/example_dags/example_xcomargs.py for tasks to queue
[2024-02-29T08:55:32.621+0000] {logging_mixin.py:137} INFO - [2024-02-29T08:55:32.621+0000] {dagbag.py:538} INFO - Filling up the DagBag from /home/airflow/.local/lib/python3.7/site-packages/airflow/example_dags/example_xcomargs.py
[2024-02-29T08:55:32.631+0000] {processor.py:753} INFO - DAG(s) dict_keys(['example_xcom_args', 'example_xcom_args_with_operators']) retrieved from /home/airflow/.local/lib/python3.7/site-packages/airflow/example_dags/example_xcomargs.py
[2024-02-29T08:55:32.644+0000] {logging_mixin.py:137} INFO - [2024-02-29T08:55:32.644+0000] {dag.py:2690} INFO - Sync 2 DAGs
[2024-02-29T08:55:32.655+0000] {logging_mixin.py:137} INFO - [2024-02-29T08:55:32.654+0000] {dag.py:3441} INFO - Setting next_dagrun for example_xcom_args to None, run_after=None
[2024-02-29T08:55:32.656+0000] {logging_mixin.py:137} INFO - [2024-02-29T08:55:32.656+0000] {dag.py:3441} INFO - Setting next_dagrun for example_xcom_args_with_operators to None, run_after=None
[2024-02-29T08:55:32.663+0000] {processor.py:175} INFO - Processing /home/airflow/.local/lib/python3.7/site-packages/airflow/example_dags/example_xcomargs.py took 0.044 seconds
[2024-02-29T08:56:02.928+0000] {processor.py:153} INFO - Started process (PID=1752) to work on /home/airflow/.local/lib/python3.7/site-packages/airflow/example_dags/example_xcomargs.py
[2024-02-29T08:56:02.928+0000] {processor.py:743} INFO - Processing file /home/airflow/.local/lib/python3.7/site-packages/airflow/example_dags/example_xcomargs.py for tasks to queue
[2024-02-29T08:56:02.929+0000] {logging_mixin.py:137} INFO - [2024-02-29T08:56:02.929+0000] {dagbag.py:538} INFO - Filling up the DagBag from /home/airflow/.local/lib/python3.7/site-packages/airflow/example_dags/example_xcomargs.py
[2024-02-29T08:56:02.939+0000] {processor.py:753} INFO - DAG(s) dict_keys(['example_xcom_args', 'example_xcom_args_with_operators']) retrieved from /home/airflow/.local/lib/python3.7/site-packages/airflow/example_dags/example_xcomargs.py
[2024-02-29T08:56:02.952+0000] {logging_mixin.py:137} INFO - [2024-02-29T08:56:02.952+0000] {dag.py:2690} INFO - Sync 2 DAGs
[2024-02-29T08:56:02.963+0000] {logging_mixin.py:137} INFO - [2024-02-29T08:56:02.963+0000] {dag.py:3441} INFO - Setting next_dagrun for example_xcom_args to None, run_after=None
[2024-02-29T08:56:02.964+0000] {logging_mixin.py:137} INFO - [2024-02-29T08:56:02.964+0000] {dag.py:3441} INFO - Setting next_dagrun for example_xcom_args_with_operators to None, run_after=None
[2024-02-29T08:56:02.971+0000] {processor.py:175} INFO - Processing /home/airflow/.local/lib/python3.7/site-packages/airflow/example_dags/example_xcomargs.py took 0.045 seconds
[2024-02-29T08:56:33.374+0000] {processor.py:153} INFO - Started process (PID=1846) to work on /home/airflow/.local/lib/python3.7/site-packages/airflow/example_dags/example_xcomargs.py
[2024-02-29T08:56:33.375+0000] {processor.py:743} INFO - Processing file /home/airflow/.local/lib/python3.7/site-packages/airflow/example_dags/example_xcomargs.py for tasks to queue
[2024-02-29T08:56:33.375+0000] {logging_mixin.py:137} INFO - [2024-02-29T08:56:33.375+0000] {dagbag.py:538} INFO - Filling up the DagBag from /home/airflow/.local/lib/python3.7/site-packages/airflow/example_dags/example_xcomargs.py
[2024-02-29T08:56:33.385+0000] {processor.py:753} INFO - DAG(s) dict_keys(['example_xcom_args_with_operators', 'example_xcom_args']) retrieved from /home/airflow/.local/lib/python3.7/site-packages/airflow/example_dags/example_xcomargs.py
[2024-02-29T08:56:33.398+0000] {logging_mixin.py:137} INFO - [2024-02-29T08:56:33.398+0000] {dag.py:2690} INFO - Sync 2 DAGs
[2024-02-29T08:56:33.409+0000] {logging_mixin.py:137} INFO - [2024-02-29T08:56:33.409+0000] {dag.py:3441} INFO - Setting next_dagrun for example_xcom_args to None, run_after=None
[2024-02-29T08:56:33.411+0000] {logging_mixin.py:137} INFO - [2024-02-29T08:56:33.410+0000] {dag.py:3441} INFO - Setting next_dagrun for example_xcom_args_with_operators to None, run_after=None
[2024-02-29T08:56:33.417+0000] {processor.py:175} INFO - Processing /home/airflow/.local/lib/python3.7/site-packages/airflow/example_dags/example_xcomargs.py took 0.045 seconds
[2024-02-29T08:57:03.806+0000] {processor.py:153} INFO - Started process (PID=1940) to work on /home/airflow/.local/lib/python3.7/site-packages/airflow/example_dags/example_xcomargs.py
[2024-02-29T08:57:03.806+0000] {processor.py:743} INFO - Processing file /home/airflow/.local/lib/python3.7/site-packages/airflow/example_dags/example_xcomargs.py for tasks to queue
[2024-02-29T08:57:03.807+0000] {logging_mixin.py:137} INFO - [2024-02-29T08:57:03.806+0000] {dagbag.py:538} INFO - Filling up the DagBag from /home/airflow/.local/lib/python3.7/site-packages/airflow/example_dags/example_xcomargs.py
[2024-02-29T08:57:03.817+0000] {processor.py:753} INFO - DAG(s) dict_keys(['example_xcom_args_with_operators', 'example_xcom_args']) retrieved from /home/airflow/.local/lib/python3.7/site-packages/airflow/example_dags/example_xcomargs.py
[2024-02-29T08:57:03.830+0000] {logging_mixin.py:137} INFO - [2024-02-29T08:57:03.830+0000] {dag.py:2690} INFO - Sync 2 DAGs
[2024-02-29T08:57:03.841+0000] {logging_mixin.py:137} INFO - [2024-02-29T08:57:03.841+0000] {dag.py:3441} INFO - Setting next_dagrun for example_xcom_args to None, run_after=None
[2024-02-29T08:57:03.842+0000] {logging_mixin.py:137} INFO - [2024-02-29T08:57:03.842+0000] {dag.py:3441} INFO - Setting next_dagrun for example_xcom_args_with_operators to None, run_after=None
[2024-02-29T08:57:03.849+0000] {processor.py:175} INFO - Processing /home/airflow/.local/lib/python3.7/site-packages/airflow/example_dags/example_xcomargs.py took 0.044 seconds
[2024-02-29T08:57:34.227+0000] {processor.py:153} INFO - Started process (PID=2034) to work on /home/airflow/.local/lib/python3.7/site-packages/airflow/example_dags/example_xcomargs.py
[2024-02-29T08:57:34.230+0000] {processor.py:743} INFO - Processing file /home/airflow/.local/lib/python3.7/site-packages/airflow/example_dags/example_xcomargs.py for tasks to queue
[2024-02-29T08:57:34.230+0000] {logging_mixin.py:137} INFO - [2024-02-29T08:57:34.230+0000] {dagbag.py:538} INFO - Filling up the DagBag from /home/airflow/.local/lib/python3.7/site-packages/airflow/example_dags/example_xcomargs.py
[2024-02-29T08:57:34.240+0000] {processor.py:753} INFO - DAG(s) dict_keys(['example_xcom_args_with_operators', 'example_xcom_args']) retrieved from /home/airflow/.local/lib/python3.7/site-packages/airflow/example_dags/example_xcomargs.py
[2024-02-29T08:57:34.254+0000] {logging_mixin.py:137} INFO - [2024-02-29T08:57:34.253+0000] {dag.py:2690} INFO - Sync 2 DAGs
[2024-02-29T08:57:34.264+0000] {logging_mixin.py:137} INFO - [2024-02-29T08:57:34.264+0000] {dag.py:3441} INFO - Setting next_dagrun for example_xcom_args to None, run_after=None
[2024-02-29T08:57:34.266+0000] {logging_mixin.py:137} INFO - [2024-02-29T08:57:34.266+0000] {dag.py:3441} INFO - Setting next_dagrun for example_xcom_args_with_operators to None, run_after=None
[2024-02-29T08:57:34.273+0000] {processor.py:175} INFO - Processing /home/airflow/.local/lib/python3.7/site-packages/airflow/example_dags/example_xcomargs.py took 0.048 seconds
[2024-02-29T08:58:04.821+0000] {processor.py:153} INFO - Started process (PID=2110) to work on /home/airflow/.local/lib/python3.7/site-packages/airflow/example_dags/example_xcomargs.py
[2024-02-29T08:58:04.821+0000] {processor.py:743} INFO - Processing file /home/airflow/.local/lib/python3.7/site-packages/airflow/example_dags/example_xcomargs.py for tasks to queue
[2024-02-29T08:58:04.822+0000] {logging_mixin.py:137} INFO - [2024-02-29T08:58:04.822+0000] {dagbag.py:538} INFO - Filling up the DagBag from /home/airflow/.local/lib/python3.7/site-packages/airflow/example_dags/example_xcomargs.py
[2024-02-29T08:58:04.833+0000] {processor.py:753} INFO - DAG(s) dict_keys(['example_xcom_args_with_operators', 'example_xcom_args']) retrieved from /home/airflow/.local/lib/python3.7/site-packages/airflow/example_dags/example_xcomargs.py
[2024-02-29T08:58:04.847+0000] {logging_mixin.py:137} INFO - [2024-02-29T08:58:04.847+0000] {dag.py:2690} INFO - Sync 2 DAGs
[2024-02-29T08:58:04.859+0000] {logging_mixin.py:137} INFO - [2024-02-29T08:58:04.859+0000] {dag.py:3441} INFO - Setting next_dagrun for example_xcom_args to None, run_after=None
[2024-02-29T08:58:04.860+0000] {logging_mixin.py:137} INFO - [2024-02-29T08:58:04.860+0000] {dag.py:3441} INFO - Setting next_dagrun for example_xcom_args_with_operators to None, run_after=None
[2024-02-29T08:58:04.869+0000] {processor.py:175} INFO - Processing /home/airflow/.local/lib/python3.7/site-packages/airflow/example_dags/example_xcomargs.py took 0.050 seconds
[2024-02-29T08:58:35.354+0000] {processor.py:153} INFO - Started process (PID=2204) to work on /home/airflow/.local/lib/python3.7/site-packages/airflow/example_dags/example_xcomargs.py
[2024-02-29T08:58:35.354+0000] {processor.py:743} INFO - Processing file /home/airflow/.local/lib/python3.7/site-packages/airflow/example_dags/example_xcomargs.py for tasks to queue
[2024-02-29T08:58:35.355+0000] {logging_mixin.py:137} INFO - [2024-02-29T08:58:35.355+0000] {dagbag.py:538} INFO - Filling up the DagBag from /home/airflow/.local/lib/python3.7/site-packages/airflow/example_dags/example_xcomargs.py
[2024-02-29T08:58:35.365+0000] {processor.py:753} INFO - DAG(s) dict_keys(['example_xcom_args', 'example_xcom_args_with_operators']) retrieved from /home/airflow/.local/lib/python3.7/site-packages/airflow/example_dags/example_xcomargs.py
[2024-02-29T08:58:35.378+0000] {logging_mixin.py:137} INFO - [2024-02-29T08:58:35.378+0000] {dag.py:2690} INFO - Sync 2 DAGs
[2024-02-29T08:58:35.389+0000] {logging_mixin.py:137} INFO - [2024-02-29T08:58:35.389+0000] {dag.py:3441} INFO - Setting next_dagrun for example_xcom_args to None, run_after=None
[2024-02-29T08:58:35.391+0000] {logging_mixin.py:137} INFO - [2024-02-29T08:58:35.391+0000] {dag.py:3441} INFO - Setting next_dagrun for example_xcom_args_with_operators to None, run_after=None
[2024-02-29T08:58:35.397+0000] {processor.py:175} INFO - Processing /home/airflow/.local/lib/python3.7/site-packages/airflow/example_dags/example_xcomargs.py took 0.045 seconds
[2024-02-29T08:59:05.645+0000] {processor.py:153} INFO - Started process (PID=2297) to work on /home/airflow/.local/lib/python3.7/site-packages/airflow/example_dags/example_xcomargs.py
[2024-02-29T08:59:05.646+0000] {processor.py:743} INFO - Processing file /home/airflow/.local/lib/python3.7/site-packages/airflow/example_dags/example_xcomargs.py for tasks to queue
[2024-02-29T08:59:05.646+0000] {logging_mixin.py:137} INFO - [2024-02-29T08:59:05.646+0000] {dagbag.py:538} INFO - Filling up the DagBag from /home/airflow/.local/lib/python3.7/site-packages/airflow/example_dags/example_xcomargs.py
[2024-02-29T08:59:05.657+0000] {processor.py:753} INFO - DAG(s) dict_keys(['example_xcom_args', 'example_xcom_args_with_operators']) retrieved from /home/airflow/.local/lib/python3.7/site-packages/airflow/example_dags/example_xcomargs.py
[2024-02-29T08:59:05.670+0000] {logging_mixin.py:137} INFO - [2024-02-29T08:59:05.670+0000] {dag.py:2690} INFO - Sync 2 DAGs
[2024-02-29T08:59:05.680+0000] {logging_mixin.py:137} INFO - [2024-02-29T08:59:05.680+0000] {dag.py:3441} INFO - Setting next_dagrun for example_xcom_args to None, run_after=None
[2024-02-29T08:59:05.682+0000] {logging_mixin.py:137} INFO - [2024-02-29T08:59:05.682+0000] {dag.py:3441} INFO - Setting next_dagrun for example_xcom_args_with_operators to None, run_after=None
[2024-02-29T08:59:05.689+0000] {processor.py:175} INFO - Processing /home/airflow/.local/lib/python3.7/site-packages/airflow/example_dags/example_xcomargs.py took 0.045 seconds
[2024-02-29T08:59:36.273+0000] {processor.py:153} INFO - Started process (PID=2391) to work on /home/airflow/.local/lib/python3.7/site-packages/airflow/example_dags/example_xcomargs.py
[2024-02-29T08:59:36.273+0000] {processor.py:743} INFO - Processing file /home/airflow/.local/lib/python3.7/site-packages/airflow/example_dags/example_xcomargs.py for tasks to queue
[2024-02-29T08:59:36.273+0000] {logging_mixin.py:137} INFO - [2024-02-29T08:59:36.273+0000] {dagbag.py:538} INFO - Filling up the DagBag from /home/airflow/.local/lib/python3.7/site-packages/airflow/example_dags/example_xcomargs.py
[2024-02-29T08:59:36.284+0000] {processor.py:753} INFO - DAG(s) dict_keys(['example_xcom_args', 'example_xcom_args_with_operators']) retrieved from /home/airflow/.local/lib/python3.7/site-packages/airflow/example_dags/example_xcomargs.py
[2024-02-29T08:59:36.299+0000] {logging_mixin.py:137} INFO - [2024-02-29T08:59:36.299+0000] {dag.py:2690} INFO - Sync 2 DAGs
[2024-02-29T08:59:36.312+0000] {logging_mixin.py:137} INFO - [2024-02-29T08:59:36.312+0000] {dag.py:3441} INFO - Setting next_dagrun for example_xcom_args to None, run_after=None
[2024-02-29T08:59:36.314+0000] {logging_mixin.py:137} INFO - [2024-02-29T08:59:36.314+0000] {dag.py:3441} INFO - Setting next_dagrun for example_xcom_args_with_operators to None, run_after=None
[2024-02-29T08:59:36.322+0000] {processor.py:175} INFO - Processing /home/airflow/.local/lib/python3.7/site-packages/airflow/example_dags/example_xcomargs.py took 0.051 seconds
[2024-02-29T09:00:06.896+0000] {processor.py:153} INFO - Started process (PID=2467) to work on /home/airflow/.local/lib/python3.7/site-packages/airflow/example_dags/example_xcomargs.py
[2024-02-29T09:00:06.897+0000] {processor.py:743} INFO - Processing file /home/airflow/.local/lib/python3.7/site-packages/airflow/example_dags/example_xcomargs.py for tasks to queue
[2024-02-29T09:00:06.897+0000] {logging_mixin.py:137} INFO - [2024-02-29T09:00:06.897+0000] {dagbag.py:538} INFO - Filling up the DagBag from /home/airflow/.local/lib/python3.7/site-packages/airflow/example_dags/example_xcomargs.py
[2024-02-29T09:00:06.908+0000] {processor.py:753} INFO - DAG(s) dict_keys(['example_xcom_args_with_operators', 'example_xcom_args']) retrieved from /home/airflow/.local/lib/python3.7/site-packages/airflow/example_dags/example_xcomargs.py
[2024-02-29T09:00:06.922+0000] {logging_mixin.py:137} INFO - [2024-02-29T09:00:06.922+0000] {dag.py:2690} INFO - Sync 2 DAGs
[2024-02-29T09:00:06.934+0000] {logging_mixin.py:137} INFO - [2024-02-29T09:00:06.934+0000] {dag.py:3441} INFO - Setting next_dagrun for example_xcom_args to None, run_after=None
[2024-02-29T09:00:06.936+0000] {logging_mixin.py:137} INFO - [2024-02-29T09:00:06.935+0000] {dag.py:3441} INFO - Setting next_dagrun for example_xcom_args_with_operators to None, run_after=None
[2024-02-29T09:00:06.943+0000] {processor.py:175} INFO - Processing /home/airflow/.local/lib/python3.7/site-packages/airflow/example_dags/example_xcomargs.py took 0.048 seconds
[2024-02-29T09:00:37.426+0000] {processor.py:153} INFO - Started process (PID=2561) to work on /home/airflow/.local/lib/python3.7/site-packages/airflow/example_dags/example_xcomargs.py
[2024-02-29T09:00:37.427+0000] {processor.py:743} INFO - Processing file /home/airflow/.local/lib/python3.7/site-packages/airflow/example_dags/example_xcomargs.py for tasks to queue
[2024-02-29T09:00:37.427+0000] {logging_mixin.py:137} INFO - [2024-02-29T09:00:37.427+0000] {dagbag.py:538} INFO - Filling up the DagBag from /home/airflow/.local/lib/python3.7/site-packages/airflow/example_dags/example_xcomargs.py
[2024-02-29T09:00:37.437+0000] {processor.py:753} INFO - DAG(s) dict_keys(['example_xcom_args', 'example_xcom_args_with_operators']) retrieved from /home/airflow/.local/lib/python3.7/site-packages/airflow/example_dags/example_xcomargs.py
[2024-02-29T09:00:37.451+0000] {logging_mixin.py:137} INFO - [2024-02-29T09:00:37.450+0000] {dag.py:2690} INFO - Sync 2 DAGs
[2024-02-29T09:00:37.462+0000] {logging_mixin.py:137} INFO - [2024-02-29T09:00:37.462+0000] {dag.py:3441} INFO - Setting next_dagrun for example_xcom_args to None, run_after=None
[2024-02-29T09:00:37.464+0000] {logging_mixin.py:137} INFO - [2024-02-29T09:00:37.464+0000] {dag.py:3441} INFO - Setting next_dagrun for example_xcom_args_with_operators to None, run_after=None
[2024-02-29T09:00:37.472+0000] {processor.py:175} INFO - Processing /home/airflow/.local/lib/python3.7/site-packages/airflow/example_dags/example_xcomargs.py took 0.047 seconds
[2024-02-29T09:01:07.870+0000] {processor.py:153} INFO - Started process (PID=2655) to work on /home/airflow/.local/lib/python3.7/site-packages/airflow/example_dags/example_xcomargs.py
[2024-02-29T09:01:07.870+0000] {processor.py:743} INFO - Processing file /home/airflow/.local/lib/python3.7/site-packages/airflow/example_dags/example_xcomargs.py for tasks to queue
[2024-02-29T09:01:07.871+0000] {logging_mixin.py:137} INFO - [2024-02-29T09:01:07.871+0000] {dagbag.py:538} INFO - Filling up the DagBag from /home/airflow/.local/lib/python3.7/site-packages/airflow/example_dags/example_xcomargs.py
[2024-02-29T09:01:07.881+0000] {processor.py:753} INFO - DAG(s) dict_keys(['example_xcom_args', 'example_xcom_args_with_operators']) retrieved from /home/airflow/.local/lib/python3.7/site-packages/airflow/example_dags/example_xcomargs.py
[2024-02-29T09:01:07.894+0000] {logging_mixin.py:137} INFO - [2024-02-29T09:01:07.894+0000] {dag.py:2690} INFO - Sync 2 DAGs
[2024-02-29T09:01:07.906+0000] {logging_mixin.py:137} INFO - [2024-02-29T09:01:07.906+0000] {dag.py:3441} INFO - Setting next_dagrun for example_xcom_args to None, run_after=None
[2024-02-29T09:01:07.908+0000] {logging_mixin.py:137} INFO - [2024-02-29T09:01:07.908+0000] {dag.py:3441} INFO - Setting next_dagrun for example_xcom_args_with_operators to None, run_after=None
[2024-02-29T09:01:07.916+0000] {processor.py:175} INFO - Processing /home/airflow/.local/lib/python3.7/site-packages/airflow/example_dags/example_xcomargs.py took 0.048 seconds
[2024-02-29T09:01:38.524+0000] {processor.py:153} INFO - Started process (PID=2731) to work on /home/airflow/.local/lib/python3.7/site-packages/airflow/example_dags/example_xcomargs.py
[2024-02-29T09:01:38.525+0000] {processor.py:743} INFO - Processing file /home/airflow/.local/lib/python3.7/site-packages/airflow/example_dags/example_xcomargs.py for tasks to queue
[2024-02-29T09:01:38.525+0000] {logging_mixin.py:137} INFO - [2024-02-29T09:01:38.525+0000] {dagbag.py:538} INFO - Filling up the DagBag from /home/airflow/.local/lib/python3.7/site-packages/airflow/example_dags/example_xcomargs.py
[2024-02-29T09:01:38.536+0000] {processor.py:753} INFO - DAG(s) dict_keys(['example_xcom_args', 'example_xcom_args_with_operators']) retrieved from /home/airflow/.local/lib/python3.7/site-packages/airflow/example_dags/example_xcomargs.py
[2024-02-29T09:01:38.549+0000] {logging_mixin.py:137} INFO - [2024-02-29T09:01:38.549+0000] {dag.py:2690} INFO - Sync 2 DAGs
[2024-02-29T09:01:38.560+0000] {logging_mixin.py:137} INFO - [2024-02-29T09:01:38.560+0000] {dag.py:3441} INFO - Setting next_dagrun for example_xcom_args to None, run_after=None
[2024-02-29T09:01:38.561+0000] {logging_mixin.py:137} INFO - [2024-02-29T09:01:38.561+0000] {dag.py:3441} INFO - Setting next_dagrun for example_xcom_args_with_operators to None, run_after=None
[2024-02-29T09:01:38.568+0000] {processor.py:175} INFO - Processing /home/airflow/.local/lib/python3.7/site-packages/airflow/example_dags/example_xcomargs.py took 0.046 seconds
[2024-02-29T09:02:09.036+0000] {processor.py:153} INFO - Started process (PID=2824) to work on /home/airflow/.local/lib/python3.7/site-packages/airflow/example_dags/example_xcomargs.py
[2024-02-29T09:02:09.036+0000] {processor.py:743} INFO - Processing file /home/airflow/.local/lib/python3.7/site-packages/airflow/example_dags/example_xcomargs.py for tasks to queue
[2024-02-29T09:02:09.036+0000] {logging_mixin.py:137} INFO - [2024-02-29T09:02:09.036+0000] {dagbag.py:538} INFO - Filling up the DagBag from /home/airflow/.local/lib/python3.7/site-packages/airflow/example_dags/example_xcomargs.py
[2024-02-29T09:02:09.047+0000] {processor.py:753} INFO - DAG(s) dict_keys(['example_xcom_args', 'example_xcom_args_with_operators']) retrieved from /home/airflow/.local/lib/python3.7/site-packages/airflow/example_dags/example_xcomargs.py
[2024-02-29T09:02:09.060+0000] {logging_mixin.py:137} INFO - [2024-02-29T09:02:09.060+0000] {dag.py:2690} INFO - Sync 2 DAGs
[2024-02-29T09:02:09.071+0000] {logging_mixin.py:137} INFO - [2024-02-29T09:02:09.071+0000] {dag.py:3441} INFO - Setting next_dagrun for example_xcom_args to None, run_after=None
[2024-02-29T09:02:09.072+0000] {logging_mixin.py:137} INFO - [2024-02-29T09:02:09.072+0000] {dag.py:3441} INFO - Setting next_dagrun for example_xcom_args_with_operators to None, run_after=None
[2024-02-29T09:02:09.079+0000] {processor.py:175} INFO - Processing /home/airflow/.local/lib/python3.7/site-packages/airflow/example_dags/example_xcomargs.py took 0.045 seconds
[2024-02-29T09:02:39.549+0000] {processor.py:153} INFO - Started process (PID=2918) to work on /home/airflow/.local/lib/python3.7/site-packages/airflow/example_dags/example_xcomargs.py
[2024-02-29T09:02:39.550+0000] {processor.py:743} INFO - Processing file /home/airflow/.local/lib/python3.7/site-packages/airflow/example_dags/example_xcomargs.py for tasks to queue
[2024-02-29T09:02:39.551+0000] {logging_mixin.py:137} INFO - [2024-02-29T09:02:39.550+0000] {dagbag.py:538} INFO - Filling up the DagBag from /home/airflow/.local/lib/python3.7/site-packages/airflow/example_dags/example_xcomargs.py
[2024-02-29T09:02:39.562+0000] {processor.py:753} INFO - DAG(s) dict_keys(['example_xcom_args', 'example_xcom_args_with_operators']) retrieved from /home/airflow/.local/lib/python3.7/site-packages/airflow/example_dags/example_xcomargs.py
[2024-02-29T09:02:39.577+0000] {logging_mixin.py:137} INFO - [2024-02-29T09:02:39.577+0000] {dag.py:2690} INFO - Sync 2 DAGs
[2024-02-29T09:02:39.588+0000] {logging_mixin.py:137} INFO - [2024-02-29T09:02:39.588+0000] {dag.py:3441} INFO - Setting next_dagrun for example_xcom_args to None, run_after=None
[2024-02-29T09:02:39.590+0000] {logging_mixin.py:137} INFO - [2024-02-29T09:02:39.590+0000] {dag.py:3441} INFO - Setting next_dagrun for example_xcom_args_with_operators to None, run_after=None
[2024-02-29T09:02:39.597+0000] {processor.py:175} INFO - Processing /home/airflow/.local/lib/python3.7/site-packages/airflow/example_dags/example_xcomargs.py took 0.050 seconds
[2024-02-29T09:03:10.178+0000] {processor.py:153} INFO - Started process (PID=3011) to work on /home/airflow/.local/lib/python3.7/site-packages/airflow/example_dags/example_xcomargs.py
[2024-02-29T09:03:10.180+0000] {processor.py:743} INFO - Processing file /home/airflow/.local/lib/python3.7/site-packages/airflow/example_dags/example_xcomargs.py for tasks to queue
[2024-02-29T09:03:10.181+0000] {logging_mixin.py:137} INFO - [2024-02-29T09:03:10.181+0000] {dagbag.py:538} INFO - Filling up the DagBag from /home/airflow/.local/lib/python3.7/site-packages/airflow/example_dags/example_xcomargs.py
[2024-02-29T09:03:10.211+0000] {processor.py:753} INFO - DAG(s) dict_keys(['example_xcom_args_with_operators', 'example_xcom_args']) retrieved from /home/airflow/.local/lib/python3.7/site-packages/airflow/example_dags/example_xcomargs.py
[2024-02-29T09:03:10.234+0000] {logging_mixin.py:137} INFO - [2024-02-29T09:03:10.233+0000] {dag.py:2690} INFO - Sync 2 DAGs
[2024-02-29T09:03:10.255+0000] {logging_mixin.py:137} INFO - [2024-02-29T09:03:10.255+0000] {dag.py:3441} INFO - Setting next_dagrun for example_xcom_args to None, run_after=None
[2024-02-29T09:03:10.258+0000] {logging_mixin.py:137} INFO - [2024-02-29T09:03:10.258+0000] {dag.py:3441} INFO - Setting next_dagrun for example_xcom_args_with_operators to None, run_after=None
[2024-02-29T09:03:10.277+0000] {processor.py:175} INFO - Processing /home/airflow/.local/lib/python3.7/site-packages/airflow/example_dags/example_xcomargs.py took 0.101 seconds
