[2024-02-29T08:46:25.604+0000] {processor.py:153} INFO - Started process (PID=73) to work on /home/airflow/.local/lib/python3.7/site-packages/airflow/example_dags/example_latest_only.py
[2024-02-29T08:46:25.604+0000] {processor.py:743} INFO - Processing file /home/airflow/.local/lib/python3.7/site-packages/airflow/example_dags/example_latest_only.py for tasks to queue
[2024-02-29T08:46:25.605+0000] {logging_mixin.py:137} INFO - [2024-02-29T08:46:25.605+0000] {dagbag.py:538} INFO - Filling up the DagBag from /home/airflow/.local/lib/python3.7/site-packages/airflow/example_dags/example_latest_only.py
[2024-02-29T08:46:25.613+0000] {processor.py:753} INFO - DAG(s) dict_keys(['latest_only']) retrieved from /home/airflow/.local/lib/python3.7/site-packages/airflow/example_dags/example_latest_only.py
[2024-02-29T08:46:25.630+0000] {logging_mixin.py:137} INFO - [2024-02-29T08:46:25.630+0000] {dag.py:2690} INFO - Sync 1 DAGs
[2024-02-29T08:46:25.648+0000] {logging_mixin.py:137} INFO - [2024-02-29T08:46:25.648+0000] {dag.py:3441} INFO - Setting next_dagrun for latest_only to 2024-02-29T04:46:25.648091+00:00, run_after=2024-02-29T08:46:25.648091+00:00
[2024-02-29T08:46:25.659+0000] {processor.py:175} INFO - Processing /home/airflow/.local/lib/python3.7/site-packages/airflow/example_dags/example_latest_only.py took 0.057 seconds
[2024-02-29T08:46:56.167+0000] {processor.py:153} INFO - Started process (PID=166) to work on /home/airflow/.local/lib/python3.7/site-packages/airflow/example_dags/example_latest_only.py
[2024-02-29T08:46:56.168+0000] {processor.py:743} INFO - Processing file /home/airflow/.local/lib/python3.7/site-packages/airflow/example_dags/example_latest_only.py for tasks to queue
[2024-02-29T08:46:56.168+0000] {logging_mixin.py:137} INFO - [2024-02-29T08:46:56.168+0000] {dagbag.py:538} INFO - Filling up the DagBag from /home/airflow/.local/lib/python3.7/site-packages/airflow/example_dags/example_latest_only.py
[2024-02-29T08:46:56.175+0000] {processor.py:753} INFO - DAG(s) dict_keys(['latest_only']) retrieved from /home/airflow/.local/lib/python3.7/site-packages/airflow/example_dags/example_latest_only.py
[2024-02-29T08:46:56.186+0000] {logging_mixin.py:137} INFO - [2024-02-29T08:46:56.186+0000] {dag.py:2690} INFO - Sync 1 DAGs
[2024-02-29T08:46:56.196+0000] {logging_mixin.py:137} INFO - [2024-02-29T08:46:56.196+0000] {dag.py:3441} INFO - Setting next_dagrun for latest_only to 2024-02-29T04:46:56.196645+00:00, run_after=2024-02-29T08:46:56.196645+00:00
[2024-02-29T08:46:56.205+0000] {processor.py:175} INFO - Processing /home/airflow/.local/lib/python3.7/site-packages/airflow/example_dags/example_latest_only.py took 0.039 seconds
[2024-02-29T08:47:26.458+0000] {processor.py:153} INFO - Started process (PID=260) to work on /home/airflow/.local/lib/python3.7/site-packages/airflow/example_dags/example_latest_only.py
[2024-02-29T08:47:26.458+0000] {processor.py:743} INFO - Processing file /home/airflow/.local/lib/python3.7/site-packages/airflow/example_dags/example_latest_only.py for tasks to queue
[2024-02-29T08:47:26.459+0000] {logging_mixin.py:137} INFO - [2024-02-29T08:47:26.459+0000] {dagbag.py:538} INFO - Filling up the DagBag from /home/airflow/.local/lib/python3.7/site-packages/airflow/example_dags/example_latest_only.py
[2024-02-29T08:47:26.465+0000] {processor.py:753} INFO - DAG(s) dict_keys(['latest_only']) retrieved from /home/airflow/.local/lib/python3.7/site-packages/airflow/example_dags/example_latest_only.py
[2024-02-29T08:47:26.475+0000] {logging_mixin.py:137} INFO - [2024-02-29T08:47:26.475+0000] {dag.py:2690} INFO - Sync 1 DAGs
[2024-02-29T08:47:26.486+0000] {logging_mixin.py:137} INFO - [2024-02-29T08:47:26.486+0000] {dag.py:3441} INFO - Setting next_dagrun for latest_only to 2024-02-29T04:47:26.486202+00:00, run_after=2024-02-29T08:47:26.486202+00:00
[2024-02-29T08:47:26.494+0000] {processor.py:175} INFO - Processing /home/airflow/.local/lib/python3.7/site-packages/airflow/example_dags/example_latest_only.py took 0.037 seconds
[2024-02-29T08:47:56.951+0000] {processor.py:153} INFO - Started process (PID=344) to work on /home/airflow/.local/lib/python3.7/site-packages/airflow/example_dags/example_latest_only.py
[2024-02-29T08:47:56.952+0000] {processor.py:743} INFO - Processing file /home/airflow/.local/lib/python3.7/site-packages/airflow/example_dags/example_latest_only.py for tasks to queue
[2024-02-29T08:47:56.953+0000] {logging_mixin.py:137} INFO - [2024-02-29T08:47:56.953+0000] {dagbag.py:538} INFO - Filling up the DagBag from /home/airflow/.local/lib/python3.7/site-packages/airflow/example_dags/example_latest_only.py
[2024-02-29T08:47:56.960+0000] {processor.py:753} INFO - DAG(s) dict_keys(['latest_only']) retrieved from /home/airflow/.local/lib/python3.7/site-packages/airflow/example_dags/example_latest_only.py
[2024-02-29T08:47:56.972+0000] {logging_mixin.py:137} INFO - [2024-02-29T08:47:56.972+0000] {dag.py:2690} INFO - Sync 1 DAGs
[2024-02-29T08:47:56.985+0000] {logging_mixin.py:137} INFO - [2024-02-29T08:47:56.985+0000] {dag.py:3441} INFO - Setting next_dagrun for latest_only to 2024-02-29T04:47:56.985411+00:00, run_after=2024-02-29T08:47:56.985411+00:00
[2024-02-29T08:47:56.995+0000] {processor.py:175} INFO - Processing /home/airflow/.local/lib/python3.7/site-packages/airflow/example_dags/example_latest_only.py took 0.045 seconds
[2024-02-29T08:48:27.316+0000] {processor.py:153} INFO - Started process (PID=429) to work on /home/airflow/.local/lib/python3.7/site-packages/airflow/example_dags/example_latest_only.py
[2024-02-29T08:48:27.316+0000] {processor.py:743} INFO - Processing file /home/airflow/.local/lib/python3.7/site-packages/airflow/example_dags/example_latest_only.py for tasks to queue
[2024-02-29T08:48:27.316+0000] {logging_mixin.py:137} INFO - [2024-02-29T08:48:27.316+0000] {dagbag.py:538} INFO - Filling up the DagBag from /home/airflow/.local/lib/python3.7/site-packages/airflow/example_dags/example_latest_only.py
[2024-02-29T08:48:27.323+0000] {processor.py:753} INFO - DAG(s) dict_keys(['latest_only']) retrieved from /home/airflow/.local/lib/python3.7/site-packages/airflow/example_dags/example_latest_only.py
[2024-02-29T08:48:27.333+0000] {logging_mixin.py:137} INFO - [2024-02-29T08:48:27.333+0000] {dag.py:2690} INFO - Sync 1 DAGs
[2024-02-29T08:48:27.345+0000] {logging_mixin.py:137} INFO - [2024-02-29T08:48:27.344+0000] {dag.py:3441} INFO - Setting next_dagrun for latest_only to 2024-02-29T04:48:27.344832+00:00, run_after=2024-02-29T08:48:27.344832+00:00
[2024-02-29T08:48:27.352+0000] {processor.py:175} INFO - Processing /home/airflow/.local/lib/python3.7/site-packages/airflow/example_dags/example_latest_only.py took 0.038 seconds
[2024-02-29T08:48:57.699+0000] {processor.py:153} INFO - Started process (PID=523) to work on /home/airflow/.local/lib/python3.7/site-packages/airflow/example_dags/example_latest_only.py
[2024-02-29T08:48:57.699+0000] {processor.py:743} INFO - Processing file /home/airflow/.local/lib/python3.7/site-packages/airflow/example_dags/example_latest_only.py for tasks to queue
[2024-02-29T08:48:57.700+0000] {logging_mixin.py:137} INFO - [2024-02-29T08:48:57.700+0000] {dagbag.py:538} INFO - Filling up the DagBag from /home/airflow/.local/lib/python3.7/site-packages/airflow/example_dags/example_latest_only.py
[2024-02-29T08:48:57.705+0000] {processor.py:753} INFO - DAG(s) dict_keys(['latest_only']) retrieved from /home/airflow/.local/lib/python3.7/site-packages/airflow/example_dags/example_latest_only.py
[2024-02-29T08:48:57.716+0000] {logging_mixin.py:137} INFO - [2024-02-29T08:48:57.716+0000] {dag.py:2690} INFO - Sync 1 DAGs
[2024-02-29T08:48:57.726+0000] {logging_mixin.py:137} INFO - [2024-02-29T08:48:57.726+0000] {dag.py:3441} INFO - Setting next_dagrun for latest_only to 2024-02-29T04:48:57.726406+00:00, run_after=2024-02-29T08:48:57.726406+00:00
[2024-02-29T08:48:57.733+0000] {processor.py:175} INFO - Processing /home/airflow/.local/lib/python3.7/site-packages/airflow/example_dags/example_latest_only.py took 0.036 seconds
[2024-02-29T08:49:28.130+0000] {processor.py:153} INFO - Started process (PID=617) to work on /home/airflow/.local/lib/python3.7/site-packages/airflow/example_dags/example_latest_only.py
[2024-02-29T08:49:28.130+0000] {processor.py:743} INFO - Processing file /home/airflow/.local/lib/python3.7/site-packages/airflow/example_dags/example_latest_only.py for tasks to queue
[2024-02-29T08:49:28.131+0000] {logging_mixin.py:137} INFO - [2024-02-29T08:49:28.131+0000] {dagbag.py:538} INFO - Filling up the DagBag from /home/airflow/.local/lib/python3.7/site-packages/airflow/example_dags/example_latest_only.py
[2024-02-29T08:49:28.137+0000] {processor.py:753} INFO - DAG(s) dict_keys(['latest_only']) retrieved from /home/airflow/.local/lib/python3.7/site-packages/airflow/example_dags/example_latest_only.py
[2024-02-29T08:49:28.146+0000] {logging_mixin.py:137} INFO - [2024-02-29T08:49:28.146+0000] {dag.py:2690} INFO - Sync 1 DAGs
[2024-02-29T08:49:28.157+0000] {logging_mixin.py:137} INFO - [2024-02-29T08:49:28.157+0000] {dag.py:3441} INFO - Setting next_dagrun for latest_only to 2024-02-29T04:49:28.157267+00:00, run_after=2024-02-29T08:49:28.157267+00:00
[2024-02-29T08:49:28.164+0000] {processor.py:175} INFO - Processing /home/airflow/.local/lib/python3.7/site-packages/airflow/example_dags/example_latest_only.py took 0.036 seconds
[2024-02-29T08:49:58.456+0000] {processor.py:153} INFO - Started process (PID=692) to work on /home/airflow/.local/lib/python3.7/site-packages/airflow/example_dags/example_latest_only.py
[2024-02-29T08:49:58.456+0000] {processor.py:743} INFO - Processing file /home/airflow/.local/lib/python3.7/site-packages/airflow/example_dags/example_latest_only.py for tasks to queue
[2024-02-29T08:49:58.457+0000] {logging_mixin.py:137} INFO - [2024-02-29T08:49:58.457+0000] {dagbag.py:538} INFO - Filling up the DagBag from /home/airflow/.local/lib/python3.7/site-packages/airflow/example_dags/example_latest_only.py
[2024-02-29T08:49:58.465+0000] {processor.py:753} INFO - DAG(s) dict_keys(['latest_only']) retrieved from /home/airflow/.local/lib/python3.7/site-packages/airflow/example_dags/example_latest_only.py
[2024-02-29T08:49:58.477+0000] {logging_mixin.py:137} INFO - [2024-02-29T08:49:58.477+0000] {dag.py:2690} INFO - Sync 1 DAGs
[2024-02-29T08:49:58.489+0000] {logging_mixin.py:137} INFO - [2024-02-29T08:49:58.488+0000] {dag.py:3441} INFO - Setting next_dagrun for latest_only to 2024-02-29T04:49:58.488874+00:00, run_after=2024-02-29T08:49:58.488874+00:00
[2024-02-29T08:49:58.496+0000] {processor.py:175} INFO - Processing /home/airflow/.local/lib/python3.7/site-packages/airflow/example_dags/example_latest_only.py took 0.042 seconds
[2024-02-29T08:50:28.937+0000] {processor.py:153} INFO - Started process (PID=786) to work on /home/airflow/.local/lib/python3.7/site-packages/airflow/example_dags/example_latest_only.py
[2024-02-29T08:50:28.937+0000] {processor.py:743} INFO - Processing file /home/airflow/.local/lib/python3.7/site-packages/airflow/example_dags/example_latest_only.py for tasks to queue
[2024-02-29T08:50:28.938+0000] {logging_mixin.py:137} INFO - [2024-02-29T08:50:28.938+0000] {dagbag.py:538} INFO - Filling up the DagBag from /home/airflow/.local/lib/python3.7/site-packages/airflow/example_dags/example_latest_only.py
[2024-02-29T08:50:28.944+0000] {processor.py:753} INFO - DAG(s) dict_keys(['latest_only']) retrieved from /home/airflow/.local/lib/python3.7/site-packages/airflow/example_dags/example_latest_only.py
[2024-02-29T08:50:28.956+0000] {logging_mixin.py:137} INFO - [2024-02-29T08:50:28.956+0000] {dag.py:2690} INFO - Sync 1 DAGs
[2024-02-29T08:50:28.966+0000] {logging_mixin.py:137} INFO - [2024-02-29T08:50:28.966+0000] {dag.py:3441} INFO - Setting next_dagrun for latest_only to 2024-02-29T04:50:28.966790+00:00, run_after=2024-02-29T08:50:28.966790+00:00
[2024-02-29T08:50:28.974+0000] {processor.py:175} INFO - Processing /home/airflow/.local/lib/python3.7/site-packages/airflow/example_dags/example_latest_only.py took 0.039 seconds
[2024-02-29T08:50:59.368+0000] {processor.py:153} INFO - Started process (PID=880) to work on /home/airflow/.local/lib/python3.7/site-packages/airflow/example_dags/example_latest_only.py
[2024-02-29T08:50:59.368+0000] {processor.py:743} INFO - Processing file /home/airflow/.local/lib/python3.7/site-packages/airflow/example_dags/example_latest_only.py for tasks to queue
[2024-02-29T08:50:59.369+0000] {logging_mixin.py:137} INFO - [2024-02-29T08:50:59.369+0000] {dagbag.py:538} INFO - Filling up the DagBag from /home/airflow/.local/lib/python3.7/site-packages/airflow/example_dags/example_latest_only.py
[2024-02-29T08:50:59.375+0000] {processor.py:753} INFO - DAG(s) dict_keys(['latest_only']) retrieved from /home/airflow/.local/lib/python3.7/site-packages/airflow/example_dags/example_latest_only.py
[2024-02-29T08:50:59.386+0000] {logging_mixin.py:137} INFO - [2024-02-29T08:50:59.386+0000] {dag.py:2690} INFO - Sync 1 DAGs
[2024-02-29T08:50:59.397+0000] {logging_mixin.py:137} INFO - [2024-02-29T08:50:59.397+0000] {dag.py:3441} INFO - Setting next_dagrun for latest_only to 2024-02-29T04:50:59.397200+00:00, run_after=2024-02-29T08:50:59.397200+00:00
[2024-02-29T08:50:59.405+0000] {processor.py:175} INFO - Processing /home/airflow/.local/lib/python3.7/site-packages/airflow/example_dags/example_latest_only.py took 0.038 seconds
[2024-02-29T08:51:29.736+0000] {processor.py:153} INFO - Started process (PID=973) to work on /home/airflow/.local/lib/python3.7/site-packages/airflow/example_dags/example_latest_only.py
[2024-02-29T08:51:29.737+0000] {processor.py:743} INFO - Processing file /home/airflow/.local/lib/python3.7/site-packages/airflow/example_dags/example_latest_only.py for tasks to queue
[2024-02-29T08:51:29.737+0000] {logging_mixin.py:137} INFO - [2024-02-29T08:51:29.737+0000] {dagbag.py:538} INFO - Filling up the DagBag from /home/airflow/.local/lib/python3.7/site-packages/airflow/example_dags/example_latest_only.py
[2024-02-29T08:51:29.743+0000] {processor.py:753} INFO - DAG(s) dict_keys(['latest_only']) retrieved from /home/airflow/.local/lib/python3.7/site-packages/airflow/example_dags/example_latest_only.py
[2024-02-29T08:51:29.754+0000] {logging_mixin.py:137} INFO - [2024-02-29T08:51:29.754+0000] {dag.py:2690} INFO - Sync 1 DAGs
[2024-02-29T08:51:29.765+0000] {logging_mixin.py:137} INFO - [2024-02-29T08:51:29.765+0000] {dag.py:3441} INFO - Setting next_dagrun for latest_only to 2024-02-29T04:51:29.765291+00:00, run_after=2024-02-29T08:51:29.765291+00:00
[2024-02-29T08:51:29.774+0000] {processor.py:175} INFO - Processing /home/airflow/.local/lib/python3.7/site-packages/airflow/example_dags/example_latest_only.py took 0.039 seconds
[2024-02-29T08:52:00.138+0000] {processor.py:153} INFO - Started process (PID=1049) to work on /home/airflow/.local/lib/python3.7/site-packages/airflow/example_dags/example_latest_only.py
[2024-02-29T08:52:00.139+0000] {processor.py:743} INFO - Processing file /home/airflow/.local/lib/python3.7/site-packages/airflow/example_dags/example_latest_only.py for tasks to queue
[2024-02-29T08:52:00.139+0000] {logging_mixin.py:137} INFO - [2024-02-29T08:52:00.139+0000] {dagbag.py:538} INFO - Filling up the DagBag from /home/airflow/.local/lib/python3.7/site-packages/airflow/example_dags/example_latest_only.py
[2024-02-29T08:52:00.145+0000] {processor.py:753} INFO - DAG(s) dict_keys(['latest_only']) retrieved from /home/airflow/.local/lib/python3.7/site-packages/airflow/example_dags/example_latest_only.py
[2024-02-29T08:52:00.155+0000] {logging_mixin.py:137} INFO - [2024-02-29T08:52:00.155+0000] {dag.py:2690} INFO - Sync 1 DAGs
[2024-02-29T08:52:00.166+0000] {logging_mixin.py:137} INFO - [2024-02-29T08:52:00.166+0000] {dag.py:3441} INFO - Setting next_dagrun for latest_only to 2024-02-29T04:52:00.166033+00:00, run_after=2024-02-29T08:52:00.166033+00:00
[2024-02-29T08:52:00.173+0000] {processor.py:175} INFO - Processing /home/airflow/.local/lib/python3.7/site-packages/airflow/example_dags/example_latest_only.py took 0.036 seconds
[2024-02-29T08:52:30.433+0000] {processor.py:153} INFO - Started process (PID=1142) to work on /home/airflow/.local/lib/python3.7/site-packages/airflow/example_dags/example_latest_only.py
[2024-02-29T08:52:30.433+0000] {processor.py:743} INFO - Processing file /home/airflow/.local/lib/python3.7/site-packages/airflow/example_dags/example_latest_only.py for tasks to queue
[2024-02-29T08:52:30.434+0000] {logging_mixin.py:137} INFO - [2024-02-29T08:52:30.433+0000] {dagbag.py:538} INFO - Filling up the DagBag from /home/airflow/.local/lib/python3.7/site-packages/airflow/example_dags/example_latest_only.py
[2024-02-29T08:52:30.440+0000] {processor.py:753} INFO - DAG(s) dict_keys(['latest_only']) retrieved from /home/airflow/.local/lib/python3.7/site-packages/airflow/example_dags/example_latest_only.py
[2024-02-29T08:52:30.450+0000] {logging_mixin.py:137} INFO - [2024-02-29T08:52:30.450+0000] {dag.py:2690} INFO - Sync 1 DAGs
[2024-02-29T08:52:30.461+0000] {logging_mixin.py:137} INFO - [2024-02-29T08:52:30.461+0000] {dag.py:3441} INFO - Setting next_dagrun for latest_only to 2024-02-29T04:52:30.461153+00:00, run_after=2024-02-29T08:52:30.461153+00:00
[2024-02-29T08:52:30.469+0000] {processor.py:175} INFO - Processing /home/airflow/.local/lib/python3.7/site-packages/airflow/example_dags/example_latest_only.py took 0.037 seconds
[2024-02-29T08:53:00.803+0000] {processor.py:153} INFO - Started process (PID=1235) to work on /home/airflow/.local/lib/python3.7/site-packages/airflow/example_dags/example_latest_only.py
[2024-02-29T08:53:00.803+0000] {processor.py:743} INFO - Processing file /home/airflow/.local/lib/python3.7/site-packages/airflow/example_dags/example_latest_only.py for tasks to queue
[2024-02-29T08:53:00.803+0000] {logging_mixin.py:137} INFO - [2024-02-29T08:53:00.803+0000] {dagbag.py:538} INFO - Filling up the DagBag from /home/airflow/.local/lib/python3.7/site-packages/airflow/example_dags/example_latest_only.py
[2024-02-29T08:53:00.809+0000] {processor.py:753} INFO - DAG(s) dict_keys(['latest_only']) retrieved from /home/airflow/.local/lib/python3.7/site-packages/airflow/example_dags/example_latest_only.py
[2024-02-29T08:53:00.820+0000] {logging_mixin.py:137} INFO - [2024-02-29T08:53:00.820+0000] {dag.py:2690} INFO - Sync 1 DAGs
[2024-02-29T08:53:00.830+0000] {logging_mixin.py:137} INFO - [2024-02-29T08:53:00.830+0000] {dag.py:3441} INFO - Setting next_dagrun for latest_only to 2024-02-29T04:53:00.830352+00:00, run_after=2024-02-29T08:53:00.830352+00:00
[2024-02-29T08:53:00.837+0000] {processor.py:175} INFO - Processing /home/airflow/.local/lib/python3.7/site-packages/airflow/example_dags/example_latest_only.py took 0.036 seconds
[2024-02-29T08:53:31.195+0000] {processor.py:153} INFO - Started process (PID=1329) to work on /home/airflow/.local/lib/python3.7/site-packages/airflow/example_dags/example_latest_only.py
[2024-02-29T08:53:31.195+0000] {processor.py:743} INFO - Processing file /home/airflow/.local/lib/python3.7/site-packages/airflow/example_dags/example_latest_only.py for tasks to queue
[2024-02-29T08:53:31.195+0000] {logging_mixin.py:137} INFO - [2024-02-29T08:53:31.195+0000] {dagbag.py:538} INFO - Filling up the DagBag from /home/airflow/.local/lib/python3.7/site-packages/airflow/example_dags/example_latest_only.py
[2024-02-29T08:53:31.201+0000] {processor.py:753} INFO - DAG(s) dict_keys(['latest_only']) retrieved from /home/airflow/.local/lib/python3.7/site-packages/airflow/example_dags/example_latest_only.py
[2024-02-29T08:53:31.211+0000] {logging_mixin.py:137} INFO - [2024-02-29T08:53:31.211+0000] {dag.py:2690} INFO - Sync 1 DAGs
[2024-02-29T08:53:31.222+0000] {logging_mixin.py:137} INFO - [2024-02-29T08:53:31.221+0000] {dag.py:3441} INFO - Setting next_dagrun for latest_only to 2024-02-29T04:53:31.221874+00:00, run_after=2024-02-29T08:53:31.221874+00:00
[2024-02-29T08:53:31.229+0000] {processor.py:175} INFO - Processing /home/airflow/.local/lib/python3.7/site-packages/airflow/example_dags/example_latest_only.py took 0.036 seconds
[2024-02-29T08:54:01.615+0000] {processor.py:153} INFO - Started process (PID=1405) to work on /home/airflow/.local/lib/python3.7/site-packages/airflow/example_dags/example_latest_only.py
[2024-02-29T08:54:01.616+0000] {processor.py:743} INFO - Processing file /home/airflow/.local/lib/python3.7/site-packages/airflow/example_dags/example_latest_only.py for tasks to queue
[2024-02-29T08:54:01.616+0000] {logging_mixin.py:137} INFO - [2024-02-29T08:54:01.616+0000] {dagbag.py:538} INFO - Filling up the DagBag from /home/airflow/.local/lib/python3.7/site-packages/airflow/example_dags/example_latest_only.py
[2024-02-29T08:54:01.622+0000] {processor.py:753} INFO - DAG(s) dict_keys(['latest_only']) retrieved from /home/airflow/.local/lib/python3.7/site-packages/airflow/example_dags/example_latest_only.py
[2024-02-29T08:54:01.632+0000] {logging_mixin.py:137} INFO - [2024-02-29T08:54:01.632+0000] {dag.py:2690} INFO - Sync 1 DAGs
[2024-02-29T08:54:01.642+0000] {logging_mixin.py:137} INFO - [2024-02-29T08:54:01.642+0000] {dag.py:3441} INFO - Setting next_dagrun for latest_only to 2024-02-29T04:54:01.642772+00:00, run_after=2024-02-29T08:54:01.642772+00:00
[2024-02-29T08:54:01.650+0000] {processor.py:175} INFO - Processing /home/airflow/.local/lib/python3.7/site-packages/airflow/example_dags/example_latest_only.py took 0.036 seconds
[2024-02-29T08:54:32.014+0000] {processor.py:153} INFO - Started process (PID=1499) to work on /home/airflow/.local/lib/python3.7/site-packages/airflow/example_dags/example_latest_only.py
[2024-02-29T08:54:32.015+0000] {processor.py:743} INFO - Processing file /home/airflow/.local/lib/python3.7/site-packages/airflow/example_dags/example_latest_only.py for tasks to queue
[2024-02-29T08:54:32.015+0000] {logging_mixin.py:137} INFO - [2024-02-29T08:54:32.015+0000] {dagbag.py:538} INFO - Filling up the DagBag from /home/airflow/.local/lib/python3.7/site-packages/airflow/example_dags/example_latest_only.py
[2024-02-29T08:54:32.021+0000] {processor.py:753} INFO - DAG(s) dict_keys(['latest_only']) retrieved from /home/airflow/.local/lib/python3.7/site-packages/airflow/example_dags/example_latest_only.py
[2024-02-29T08:54:32.031+0000] {logging_mixin.py:137} INFO - [2024-02-29T08:54:32.031+0000] {dag.py:2690} INFO - Sync 1 DAGs
[2024-02-29T08:54:32.042+0000] {logging_mixin.py:137} INFO - [2024-02-29T08:54:32.042+0000] {dag.py:3441} INFO - Setting next_dagrun for latest_only to 2024-02-29T04:54:32.042025+00:00, run_after=2024-02-29T08:54:32.042025+00:00
[2024-02-29T08:54:32.049+0000] {processor.py:175} INFO - Processing /home/airflow/.local/lib/python3.7/site-packages/airflow/example_dags/example_latest_only.py took 0.036 seconds
[2024-02-29T08:55:02.587+0000] {processor.py:153} INFO - Started process (PID=1593) to work on /home/airflow/.local/lib/python3.7/site-packages/airflow/example_dags/example_latest_only.py
[2024-02-29T08:55:02.588+0000] {processor.py:743} INFO - Processing file /home/airflow/.local/lib/python3.7/site-packages/airflow/example_dags/example_latest_only.py for tasks to queue
[2024-02-29T08:55:02.588+0000] {logging_mixin.py:137} INFO - [2024-02-29T08:55:02.588+0000] {dagbag.py:538} INFO - Filling up the DagBag from /home/airflow/.local/lib/python3.7/site-packages/airflow/example_dags/example_latest_only.py
[2024-02-29T08:55:02.593+0000] {processor.py:753} INFO - DAG(s) dict_keys(['latest_only']) retrieved from /home/airflow/.local/lib/python3.7/site-packages/airflow/example_dags/example_latest_only.py
[2024-02-29T08:55:02.604+0000] {logging_mixin.py:137} INFO - [2024-02-29T08:55:02.603+0000] {dag.py:2690} INFO - Sync 1 DAGs
[2024-02-29T08:55:02.613+0000] {logging_mixin.py:137} INFO - [2024-02-29T08:55:02.613+0000] {dag.py:3441} INFO - Setting next_dagrun for latest_only to 2024-02-29T04:55:02.613679+00:00, run_after=2024-02-29T08:55:02.613679+00:00
[2024-02-29T08:55:02.621+0000] {processor.py:175} INFO - Processing /home/airflow/.local/lib/python3.7/site-packages/airflow/example_dags/example_latest_only.py took 0.035 seconds
[2024-02-29T08:55:32.911+0000] {processor.py:153} INFO - Started process (PID=1686) to work on /home/airflow/.local/lib/python3.7/site-packages/airflow/example_dags/example_latest_only.py
[2024-02-29T08:55:32.911+0000] {processor.py:743} INFO - Processing file /home/airflow/.local/lib/python3.7/site-packages/airflow/example_dags/example_latest_only.py for tasks to queue
[2024-02-29T08:55:32.911+0000] {logging_mixin.py:137} INFO - [2024-02-29T08:55:32.911+0000] {dagbag.py:538} INFO - Filling up the DagBag from /home/airflow/.local/lib/python3.7/site-packages/airflow/example_dags/example_latest_only.py
[2024-02-29T08:55:32.917+0000] {processor.py:753} INFO - DAG(s) dict_keys(['latest_only']) retrieved from /home/airflow/.local/lib/python3.7/site-packages/airflow/example_dags/example_latest_only.py
[2024-02-29T08:55:32.928+0000] {logging_mixin.py:137} INFO - [2024-02-29T08:55:32.928+0000] {dag.py:2690} INFO - Sync 1 DAGs
[2024-02-29T08:55:32.939+0000] {logging_mixin.py:137} INFO - [2024-02-29T08:55:32.939+0000] {dag.py:3441} INFO - Setting next_dagrun for latest_only to 2024-02-29T04:55:32.939520+00:00, run_after=2024-02-29T08:55:32.939520+00:00
[2024-02-29T08:55:32.947+0000] {processor.py:175} INFO - Processing /home/airflow/.local/lib/python3.7/site-packages/airflow/example_dags/example_latest_only.py took 0.038 seconds
[2024-02-29T08:56:03.215+0000] {processor.py:153} INFO - Started process (PID=1762) to work on /home/airflow/.local/lib/python3.7/site-packages/airflow/example_dags/example_latest_only.py
[2024-02-29T08:56:03.216+0000] {processor.py:743} INFO - Processing file /home/airflow/.local/lib/python3.7/site-packages/airflow/example_dags/example_latest_only.py for tasks to queue
[2024-02-29T08:56:03.216+0000] {logging_mixin.py:137} INFO - [2024-02-29T08:56:03.216+0000] {dagbag.py:538} INFO - Filling up the DagBag from /home/airflow/.local/lib/python3.7/site-packages/airflow/example_dags/example_latest_only.py
[2024-02-29T08:56:03.221+0000] {processor.py:753} INFO - DAG(s) dict_keys(['latest_only']) retrieved from /home/airflow/.local/lib/python3.7/site-packages/airflow/example_dags/example_latest_only.py
[2024-02-29T08:56:03.232+0000] {logging_mixin.py:137} INFO - [2024-02-29T08:56:03.232+0000] {dag.py:2690} INFO - Sync 1 DAGs
[2024-02-29T08:56:03.242+0000] {logging_mixin.py:137} INFO - [2024-02-29T08:56:03.242+0000] {dag.py:3441} INFO - Setting next_dagrun for latest_only to 2024-02-29T04:56:03.242505+00:00, run_after=2024-02-29T08:56:03.242505+00:00
[2024-02-29T08:56:03.250+0000] {processor.py:175} INFO - Processing /home/airflow/.local/lib/python3.7/site-packages/airflow/example_dags/example_latest_only.py took 0.036 seconds
[2024-02-29T08:56:33.660+0000] {processor.py:153} INFO - Started process (PID=1856) to work on /home/airflow/.local/lib/python3.7/site-packages/airflow/example_dags/example_latest_only.py
[2024-02-29T08:56:33.660+0000] {processor.py:743} INFO - Processing file /home/airflow/.local/lib/python3.7/site-packages/airflow/example_dags/example_latest_only.py for tasks to queue
[2024-02-29T08:56:33.661+0000] {logging_mixin.py:137} INFO - [2024-02-29T08:56:33.661+0000] {dagbag.py:538} INFO - Filling up the DagBag from /home/airflow/.local/lib/python3.7/site-packages/airflow/example_dags/example_latest_only.py
[2024-02-29T08:56:33.667+0000] {processor.py:753} INFO - DAG(s) dict_keys(['latest_only']) retrieved from /home/airflow/.local/lib/python3.7/site-packages/airflow/example_dags/example_latest_only.py
[2024-02-29T08:56:33.677+0000] {logging_mixin.py:137} INFO - [2024-02-29T08:56:33.677+0000] {dag.py:2690} INFO - Sync 1 DAGs
[2024-02-29T08:56:33.687+0000] {logging_mixin.py:137} INFO - [2024-02-29T08:56:33.687+0000] {dag.py:3441} INFO - Setting next_dagrun for latest_only to 2024-02-29T04:56:33.687602+00:00, run_after=2024-02-29T08:56:33.687602+00:00
[2024-02-29T08:56:33.695+0000] {processor.py:175} INFO - Processing /home/airflow/.local/lib/python3.7/site-packages/airflow/example_dags/example_latest_only.py took 0.037 seconds
[2024-02-29T08:57:04.054+0000] {processor.py:153} INFO - Started process (PID=1950) to work on /home/airflow/.local/lib/python3.7/site-packages/airflow/example_dags/example_latest_only.py
[2024-02-29T08:57:04.055+0000] {processor.py:743} INFO - Processing file /home/airflow/.local/lib/python3.7/site-packages/airflow/example_dags/example_latest_only.py for tasks to queue
[2024-02-29T08:57:04.055+0000] {logging_mixin.py:137} INFO - [2024-02-29T08:57:04.055+0000] {dagbag.py:538} INFO - Filling up the DagBag from /home/airflow/.local/lib/python3.7/site-packages/airflow/example_dags/example_latest_only.py
[2024-02-29T08:57:04.061+0000] {processor.py:753} INFO - DAG(s) dict_keys(['latest_only']) retrieved from /home/airflow/.local/lib/python3.7/site-packages/airflow/example_dags/example_latest_only.py
[2024-02-29T08:57:04.071+0000] {logging_mixin.py:137} INFO - [2024-02-29T08:57:04.071+0000] {dag.py:2690} INFO - Sync 1 DAGs
[2024-02-29T08:57:04.082+0000] {logging_mixin.py:137} INFO - [2024-02-29T08:57:04.082+0000] {dag.py:3441} INFO - Setting next_dagrun for latest_only to 2024-02-29T04:57:04.082397+00:00, run_after=2024-02-29T08:57:04.082397+00:00
[2024-02-29T08:57:04.089+0000] {processor.py:175} INFO - Processing /home/airflow/.local/lib/python3.7/site-packages/airflow/example_dags/example_latest_only.py took 0.037 seconds
[2024-02-29T08:57:34.551+0000] {processor.py:153} INFO - Started process (PID=2044) to work on /home/airflow/.local/lib/python3.7/site-packages/airflow/example_dags/example_latest_only.py
[2024-02-29T08:57:34.552+0000] {processor.py:743} INFO - Processing file /home/airflow/.local/lib/python3.7/site-packages/airflow/example_dags/example_latest_only.py for tasks to queue
[2024-02-29T08:57:34.552+0000] {logging_mixin.py:137} INFO - [2024-02-29T08:57:34.552+0000] {dagbag.py:538} INFO - Filling up the DagBag from /home/airflow/.local/lib/python3.7/site-packages/airflow/example_dags/example_latest_only.py
[2024-02-29T08:57:34.558+0000] {processor.py:753} INFO - DAG(s) dict_keys(['latest_only']) retrieved from /home/airflow/.local/lib/python3.7/site-packages/airflow/example_dags/example_latest_only.py
[2024-02-29T08:57:34.569+0000] {logging_mixin.py:137} INFO - [2024-02-29T08:57:34.569+0000] {dag.py:2690} INFO - Sync 1 DAGs
[2024-02-29T08:57:34.580+0000] {logging_mixin.py:137} INFO - [2024-02-29T08:57:34.579+0000] {dag.py:3441} INFO - Setting next_dagrun for latest_only to 2024-02-29T04:57:34.579854+00:00, run_after=2024-02-29T08:57:34.579854+00:00
[2024-02-29T08:57:34.587+0000] {processor.py:175} INFO - Processing /home/airflow/.local/lib/python3.7/site-packages/airflow/example_dags/example_latest_only.py took 0.038 seconds
[2024-02-29T08:58:05.130+0000] {processor.py:153} INFO - Started process (PID=2120) to work on /home/airflow/.local/lib/python3.7/site-packages/airflow/example_dags/example_latest_only.py
[2024-02-29T08:58:05.130+0000] {processor.py:743} INFO - Processing file /home/airflow/.local/lib/python3.7/site-packages/airflow/example_dags/example_latest_only.py for tasks to queue
[2024-02-29T08:58:05.130+0000] {logging_mixin.py:137} INFO - [2024-02-29T08:58:05.130+0000] {dagbag.py:538} INFO - Filling up the DagBag from /home/airflow/.local/lib/python3.7/site-packages/airflow/example_dags/example_latest_only.py
[2024-02-29T08:58:05.136+0000] {processor.py:753} INFO - DAG(s) dict_keys(['latest_only']) retrieved from /home/airflow/.local/lib/python3.7/site-packages/airflow/example_dags/example_latest_only.py
[2024-02-29T08:58:05.147+0000] {logging_mixin.py:137} INFO - [2024-02-29T08:58:05.147+0000] {dag.py:2690} INFO - Sync 1 DAGs
[2024-02-29T08:58:05.158+0000] {logging_mixin.py:137} INFO - [2024-02-29T08:58:05.158+0000] {dag.py:3441} INFO - Setting next_dagrun for latest_only to 2024-02-29T04:58:05.158276+00:00, run_after=2024-02-29T08:58:05.158276+00:00
[2024-02-29T08:58:05.166+0000] {processor.py:175} INFO - Processing /home/airflow/.local/lib/python3.7/site-packages/airflow/example_dags/example_latest_only.py took 0.037 seconds
[2024-02-29T08:58:35.630+0000] {processor.py:153} INFO - Started process (PID=2214) to work on /home/airflow/.local/lib/python3.7/site-packages/airflow/example_dags/example_latest_only.py
[2024-02-29T08:58:35.631+0000] {processor.py:743} INFO - Processing file /home/airflow/.local/lib/python3.7/site-packages/airflow/example_dags/example_latest_only.py for tasks to queue
[2024-02-29T08:58:35.631+0000] {logging_mixin.py:137} INFO - [2024-02-29T08:58:35.631+0000] {dagbag.py:538} INFO - Filling up the DagBag from /home/airflow/.local/lib/python3.7/site-packages/airflow/example_dags/example_latest_only.py
[2024-02-29T08:58:35.637+0000] {processor.py:753} INFO - DAG(s) dict_keys(['latest_only']) retrieved from /home/airflow/.local/lib/python3.7/site-packages/airflow/example_dags/example_latest_only.py
[2024-02-29T08:58:35.648+0000] {logging_mixin.py:137} INFO - [2024-02-29T08:58:35.648+0000] {dag.py:2690} INFO - Sync 1 DAGs
[2024-02-29T08:58:35.659+0000] {logging_mixin.py:137} INFO - [2024-02-29T08:58:35.659+0000] {dag.py:3441} INFO - Setting next_dagrun for latest_only to 2024-02-29T04:58:35.658904+00:00, run_after=2024-02-29T08:58:35.658904+00:00
[2024-02-29T08:58:35.668+0000] {processor.py:175} INFO - Processing /home/airflow/.local/lib/python3.7/site-packages/airflow/example_dags/example_latest_only.py took 0.039 seconds
[2024-02-29T08:59:05.901+0000] {processor.py:153} INFO - Started process (PID=2307) to work on /home/airflow/.local/lib/python3.7/site-packages/airflow/example_dags/example_latest_only.py
[2024-02-29T08:59:05.902+0000] {processor.py:743} INFO - Processing file /home/airflow/.local/lib/python3.7/site-packages/airflow/example_dags/example_latest_only.py for tasks to queue
[2024-02-29T08:59:05.902+0000] {logging_mixin.py:137} INFO - [2024-02-29T08:59:05.902+0000] {dagbag.py:538} INFO - Filling up the DagBag from /home/airflow/.local/lib/python3.7/site-packages/airflow/example_dags/example_latest_only.py
[2024-02-29T08:59:05.908+0000] {processor.py:753} INFO - DAG(s) dict_keys(['latest_only']) retrieved from /home/airflow/.local/lib/python3.7/site-packages/airflow/example_dags/example_latest_only.py
[2024-02-29T08:59:05.919+0000] {logging_mixin.py:137} INFO - [2024-02-29T08:59:05.918+0000] {dag.py:2690} INFO - Sync 1 DAGs
[2024-02-29T08:59:05.930+0000] {logging_mixin.py:137} INFO - [2024-02-29T08:59:05.930+0000] {dag.py:3441} INFO - Setting next_dagrun for latest_only to 2024-02-29T04:59:05.929899+00:00, run_after=2024-02-29T08:59:05.929899+00:00
[2024-02-29T08:59:05.937+0000] {processor.py:175} INFO - Processing /home/airflow/.local/lib/python3.7/site-packages/airflow/example_dags/example_latest_only.py took 0.038 seconds
[2024-02-29T08:59:36.622+0000] {processor.py:153} INFO - Started process (PID=2401) to work on /home/airflow/.local/lib/python3.7/site-packages/airflow/example_dags/example_latest_only.py
[2024-02-29T08:59:36.623+0000] {processor.py:743} INFO - Processing file /home/airflow/.local/lib/python3.7/site-packages/airflow/example_dags/example_latest_only.py for tasks to queue
[2024-02-29T08:59:36.623+0000] {logging_mixin.py:137} INFO - [2024-02-29T08:59:36.623+0000] {dagbag.py:538} INFO - Filling up the DagBag from /home/airflow/.local/lib/python3.7/site-packages/airflow/example_dags/example_latest_only.py
[2024-02-29T08:59:36.630+0000] {processor.py:753} INFO - DAG(s) dict_keys(['latest_only']) retrieved from /home/airflow/.local/lib/python3.7/site-packages/airflow/example_dags/example_latest_only.py
[2024-02-29T08:59:36.643+0000] {logging_mixin.py:137} INFO - [2024-02-29T08:59:36.643+0000] {dag.py:2690} INFO - Sync 1 DAGs
[2024-02-29T08:59:36.654+0000] {logging_mixin.py:137} INFO - [2024-02-29T08:59:36.654+0000] {dag.py:3441} INFO - Setting next_dagrun for latest_only to 2024-02-29T04:59:36.654647+00:00, run_after=2024-02-29T08:59:36.654647+00:00
[2024-02-29T08:59:36.663+0000] {processor.py:175} INFO - Processing /home/airflow/.local/lib/python3.7/site-packages/airflow/example_dags/example_latest_only.py took 0.043 seconds
[2024-02-29T09:00:07.215+0000] {processor.py:153} INFO - Started process (PID=2477) to work on /home/airflow/.local/lib/python3.7/site-packages/airflow/example_dags/example_latest_only.py
[2024-02-29T09:00:07.216+0000] {processor.py:743} INFO - Processing file /home/airflow/.local/lib/python3.7/site-packages/airflow/example_dags/example_latest_only.py for tasks to queue
[2024-02-29T09:00:07.216+0000] {logging_mixin.py:137} INFO - [2024-02-29T09:00:07.216+0000] {dagbag.py:538} INFO - Filling up the DagBag from /home/airflow/.local/lib/python3.7/site-packages/airflow/example_dags/example_latest_only.py
[2024-02-29T09:00:07.223+0000] {processor.py:753} INFO - DAG(s) dict_keys(['latest_only']) retrieved from /home/airflow/.local/lib/python3.7/site-packages/airflow/example_dags/example_latest_only.py
[2024-02-29T09:00:07.235+0000] {logging_mixin.py:137} INFO - [2024-02-29T09:00:07.235+0000] {dag.py:2690} INFO - Sync 1 DAGs
[2024-02-29T09:00:07.246+0000] {logging_mixin.py:137} INFO - [2024-02-29T09:00:07.246+0000] {dag.py:3441} INFO - Setting next_dagrun for latest_only to 2024-02-29T05:00:07.246612+00:00, run_after=2024-02-29T09:00:07.246612+00:00
[2024-02-29T09:00:07.254+0000] {processor.py:175} INFO - Processing /home/airflow/.local/lib/python3.7/site-packages/airflow/example_dags/example_latest_only.py took 0.040 seconds
[2024-02-29T09:00:37.726+0000] {processor.py:153} INFO - Started process (PID=2571) to work on /home/airflow/.local/lib/python3.7/site-packages/airflow/example_dags/example_latest_only.py
[2024-02-29T09:00:37.726+0000] {processor.py:743} INFO - Processing file /home/airflow/.local/lib/python3.7/site-packages/airflow/example_dags/example_latest_only.py for tasks to queue
[2024-02-29T09:00:37.727+0000] {logging_mixin.py:137} INFO - [2024-02-29T09:00:37.727+0000] {dagbag.py:538} INFO - Filling up the DagBag from /home/airflow/.local/lib/python3.7/site-packages/airflow/example_dags/example_latest_only.py
[2024-02-29T09:00:37.733+0000] {processor.py:753} INFO - DAG(s) dict_keys(['latest_only']) retrieved from /home/airflow/.local/lib/python3.7/site-packages/airflow/example_dags/example_latest_only.py
[2024-02-29T09:00:37.743+0000] {logging_mixin.py:137} INFO - [2024-02-29T09:00:37.743+0000] {dag.py:2690} INFO - Sync 1 DAGs
[2024-02-29T09:00:37.754+0000] {logging_mixin.py:137} INFO - [2024-02-29T09:00:37.754+0000] {dag.py:3441} INFO - Setting next_dagrun for latest_only to 2024-02-29T05:00:37.754038+00:00, run_after=2024-02-29T09:00:37.754038+00:00
[2024-02-29T09:00:37.761+0000] {processor.py:175} INFO - Processing /home/airflow/.local/lib/python3.7/site-packages/airflow/example_dags/example_latest_only.py took 0.037 seconds
[2024-02-29T09:01:08.302+0000] {processor.py:153} INFO - Started process (PID=2665) to work on /home/airflow/.local/lib/python3.7/site-packages/airflow/example_dags/example_latest_only.py
[2024-02-29T09:01:08.303+0000] {processor.py:743} INFO - Processing file /home/airflow/.local/lib/python3.7/site-packages/airflow/example_dags/example_latest_only.py for tasks to queue
[2024-02-29T09:01:08.304+0000] {logging_mixin.py:137} INFO - [2024-02-29T09:01:08.304+0000] {dagbag.py:538} INFO - Filling up the DagBag from /home/airflow/.local/lib/python3.7/site-packages/airflow/example_dags/example_latest_only.py
[2024-02-29T09:01:08.312+0000] {processor.py:753} INFO - DAG(s) dict_keys(['latest_only']) retrieved from /home/airflow/.local/lib/python3.7/site-packages/airflow/example_dags/example_latest_only.py
[2024-02-29T09:01:08.327+0000] {logging_mixin.py:137} INFO - [2024-02-29T09:01:08.327+0000] {dag.py:2690} INFO - Sync 1 DAGs
[2024-02-29T09:01:08.339+0000] {logging_mixin.py:137} INFO - [2024-02-29T09:01:08.339+0000] {dag.py:3441} INFO - Setting next_dagrun for latest_only to 2024-02-29T05:01:08.339716+00:00, run_after=2024-02-29T09:01:08.339716+00:00
[2024-02-29T09:01:08.348+0000] {processor.py:175} INFO - Processing /home/airflow/.local/lib/python3.7/site-packages/airflow/example_dags/example_latest_only.py took 0.048 seconds
[2024-02-29T09:01:38.819+0000] {processor.py:153} INFO - Started process (PID=2741) to work on /home/airflow/.local/lib/python3.7/site-packages/airflow/example_dags/example_latest_only.py
[2024-02-29T09:01:38.820+0000] {processor.py:743} INFO - Processing file /home/airflow/.local/lib/python3.7/site-packages/airflow/example_dags/example_latest_only.py for tasks to queue
[2024-02-29T09:01:38.820+0000] {logging_mixin.py:137} INFO - [2024-02-29T09:01:38.820+0000] {dagbag.py:538} INFO - Filling up the DagBag from /home/airflow/.local/lib/python3.7/site-packages/airflow/example_dags/example_latest_only.py
[2024-02-29T09:01:38.826+0000] {processor.py:753} INFO - DAG(s) dict_keys(['latest_only']) retrieved from /home/airflow/.local/lib/python3.7/site-packages/airflow/example_dags/example_latest_only.py
[2024-02-29T09:01:38.837+0000] {logging_mixin.py:137} INFO - [2024-02-29T09:01:38.837+0000] {dag.py:2690} INFO - Sync 1 DAGs
[2024-02-29T09:01:38.847+0000] {logging_mixin.py:137} INFO - [2024-02-29T09:01:38.847+0000] {dag.py:3441} INFO - Setting next_dagrun for latest_only to 2024-02-29T05:01:38.847681+00:00, run_after=2024-02-29T09:01:38.847681+00:00
[2024-02-29T09:01:38.855+0000] {processor.py:175} INFO - Processing /home/airflow/.local/lib/python3.7/site-packages/airflow/example_dags/example_latest_only.py took 0.037 seconds
[2024-02-29T09:02:09.351+0000] {processor.py:153} INFO - Started process (PID=2834) to work on /home/airflow/.local/lib/python3.7/site-packages/airflow/example_dags/example_latest_only.py
[2024-02-29T09:02:09.351+0000] {processor.py:743} INFO - Processing file /home/airflow/.local/lib/python3.7/site-packages/airflow/example_dags/example_latest_only.py for tasks to queue
[2024-02-29T09:02:09.352+0000] {logging_mixin.py:137} INFO - [2024-02-29T09:02:09.352+0000] {dagbag.py:538} INFO - Filling up the DagBag from /home/airflow/.local/lib/python3.7/site-packages/airflow/example_dags/example_latest_only.py
[2024-02-29T09:02:09.359+0000] {processor.py:753} INFO - DAG(s) dict_keys(['latest_only']) retrieved from /home/airflow/.local/lib/python3.7/site-packages/airflow/example_dags/example_latest_only.py
[2024-02-29T09:02:09.370+0000] {logging_mixin.py:137} INFO - [2024-02-29T09:02:09.370+0000] {dag.py:2690} INFO - Sync 1 DAGs
[2024-02-29T09:02:09.380+0000] {logging_mixin.py:137} INFO - [2024-02-29T09:02:09.380+0000] {dag.py:3441} INFO - Setting next_dagrun for latest_only to 2024-02-29T05:02:09.380037+00:00, run_after=2024-02-29T09:02:09.380037+00:00
[2024-02-29T09:02:09.388+0000] {processor.py:175} INFO - Processing /home/airflow/.local/lib/python3.7/site-packages/airflow/example_dags/example_latest_only.py took 0.039 seconds
[2024-02-29T09:02:39.876+0000] {processor.py:153} INFO - Started process (PID=2928) to work on /home/airflow/.local/lib/python3.7/site-packages/airflow/example_dags/example_latest_only.py
[2024-02-29T09:02:39.877+0000] {processor.py:743} INFO - Processing file /home/airflow/.local/lib/python3.7/site-packages/airflow/example_dags/example_latest_only.py for tasks to queue
[2024-02-29T09:02:39.877+0000] {logging_mixin.py:137} INFO - [2024-02-29T09:02:39.877+0000] {dagbag.py:538} INFO - Filling up the DagBag from /home/airflow/.local/lib/python3.7/site-packages/airflow/example_dags/example_latest_only.py
[2024-02-29T09:02:39.883+0000] {processor.py:753} INFO - DAG(s) dict_keys(['latest_only']) retrieved from /home/airflow/.local/lib/python3.7/site-packages/airflow/example_dags/example_latest_only.py
[2024-02-29T09:02:39.896+0000] {logging_mixin.py:137} INFO - [2024-02-29T09:02:39.896+0000] {dag.py:2690} INFO - Sync 1 DAGs
[2024-02-29T09:02:39.907+0000] {logging_mixin.py:137} INFO - [2024-02-29T09:02:39.907+0000] {dag.py:3441} INFO - Setting next_dagrun for latest_only to 2024-02-29T05:02:39.907468+00:00, run_after=2024-02-29T09:02:39.907468+00:00
[2024-02-29T09:02:39.916+0000] {processor.py:175} INFO - Processing /home/airflow/.local/lib/python3.7/site-packages/airflow/example_dags/example_latest_only.py took 0.041 seconds
[2024-02-29T09:03:10.769+0000] {processor.py:153} INFO - Started process (PID=3021) to work on /home/airflow/.local/lib/python3.7/site-packages/airflow/example_dags/example_latest_only.py
[2024-02-29T09:03:10.769+0000] {processor.py:743} INFO - Processing file /home/airflow/.local/lib/python3.7/site-packages/airflow/example_dags/example_latest_only.py for tasks to queue
[2024-02-29T09:03:10.770+0000] {logging_mixin.py:137} INFO - [2024-02-29T09:03:10.770+0000] {dagbag.py:538} INFO - Filling up the DagBag from /home/airflow/.local/lib/python3.7/site-packages/airflow/example_dags/example_latest_only.py
[2024-02-29T09:03:10.777+0000] {processor.py:753} INFO - DAG(s) dict_keys(['latest_only']) retrieved from /home/airflow/.local/lib/python3.7/site-packages/airflow/example_dags/example_latest_only.py
[2024-02-29T09:03:10.791+0000] {logging_mixin.py:137} INFO - [2024-02-29T09:03:10.791+0000] {dag.py:2690} INFO - Sync 1 DAGs
[2024-02-29T09:03:10.805+0000] {logging_mixin.py:137} INFO - [2024-02-29T09:03:10.805+0000] {dag.py:3441} INFO - Setting next_dagrun for latest_only to 2024-02-29T05:03:10.805084+00:00, run_after=2024-02-29T09:03:10.805084+00:00
[2024-02-29T09:03:10.814+0000] {processor.py:175} INFO - Processing /home/airflow/.local/lib/python3.7/site-packages/airflow/example_dags/example_latest_only.py took 0.048 seconds
