[2024-02-29T08:46:24.725+0000] {processor.py:153} INFO - Started process (PID=51) to work on /home/airflow/.local/lib/python3.7/site-packages/airflow/example_dags/example_task_group.py
[2024-02-29T08:46:24.726+0000] {processor.py:743} INFO - Processing file /home/airflow/.local/lib/python3.7/site-packages/airflow/example_dags/example_task_group.py for tasks to queue
[2024-02-29T08:46:24.727+0000] {logging_mixin.py:137} INFO - [2024-02-29T08:46:24.726+0000] {dagbag.py:538} INFO - Filling up the DagBag from /home/airflow/.local/lib/python3.7/site-packages/airflow/example_dags/example_task_group.py
[2024-02-29T08:46:24.738+0000] {processor.py:753} INFO - DAG(s) dict_keys(['example_task_group']) retrieved from /home/airflow/.local/lib/python3.7/site-packages/airflow/example_dags/example_task_group.py
[2024-02-29T08:46:24.753+0000] {logging_mixin.py:137} INFO - [2024-02-29T08:46:24.753+0000] {dag.py:2690} INFO - Sync 1 DAGs
[2024-02-29T08:46:24.767+0000] {logging_mixin.py:137} INFO - [2024-02-29T08:46:24.767+0000] {dag.py:3441} INFO - Setting next_dagrun for example_task_group to 2024-02-28T08:46:24.767246+00:00, run_after=2024-02-29T08:46:24.767246+00:00
[2024-02-29T08:46:24.778+0000] {processor.py:175} INFO - Processing /home/airflow/.local/lib/python3.7/site-packages/airflow/example_dags/example_task_group.py took 0.055 seconds
[2024-02-29T08:46:55.576+0000] {processor.py:153} INFO - Started process (PID=144) to work on /home/airflow/.local/lib/python3.7/site-packages/airflow/example_dags/example_task_group.py
[2024-02-29T08:46:55.576+0000] {processor.py:743} INFO - Processing file /home/airflow/.local/lib/python3.7/site-packages/airflow/example_dags/example_task_group.py for tasks to queue
[2024-02-29T08:46:55.577+0000] {logging_mixin.py:137} INFO - [2024-02-29T08:46:55.577+0000] {dagbag.py:538} INFO - Filling up the DagBag from /home/airflow/.local/lib/python3.7/site-packages/airflow/example_dags/example_task_group.py
[2024-02-29T08:46:55.584+0000] {processor.py:753} INFO - DAG(s) dict_keys(['example_task_group']) retrieved from /home/airflow/.local/lib/python3.7/site-packages/airflow/example_dags/example_task_group.py
[2024-02-29T08:46:55.595+0000] {logging_mixin.py:137} INFO - [2024-02-29T08:46:55.595+0000] {dag.py:2690} INFO - Sync 1 DAGs
[2024-02-29T08:46:55.605+0000] {logging_mixin.py:137} INFO - [2024-02-29T08:46:55.605+0000] {dag.py:3441} INFO - Setting next_dagrun for example_task_group to 2024-02-28T08:46:55.605264+00:00, run_after=2024-02-29T08:46:55.605264+00:00
[2024-02-29T08:46:55.612+0000] {processor.py:175} INFO - Processing /home/airflow/.local/lib/python3.7/site-packages/airflow/example_dags/example_task_group.py took 0.038 seconds
[2024-02-29T08:47:25.918+0000] {processor.py:153} INFO - Started process (PID=238) to work on /home/airflow/.local/lib/python3.7/site-packages/airflow/example_dags/example_task_group.py
[2024-02-29T08:47:25.918+0000] {processor.py:743} INFO - Processing file /home/airflow/.local/lib/python3.7/site-packages/airflow/example_dags/example_task_group.py for tasks to queue
[2024-02-29T08:47:25.919+0000] {logging_mixin.py:137} INFO - [2024-02-29T08:47:25.919+0000] {dagbag.py:538} INFO - Filling up the DagBag from /home/airflow/.local/lib/python3.7/site-packages/airflow/example_dags/example_task_group.py
[2024-02-29T08:47:25.926+0000] {processor.py:753} INFO - DAG(s) dict_keys(['example_task_group']) retrieved from /home/airflow/.local/lib/python3.7/site-packages/airflow/example_dags/example_task_group.py
[2024-02-29T08:47:25.936+0000] {logging_mixin.py:137} INFO - [2024-02-29T08:47:25.936+0000] {dag.py:2690} INFO - Sync 1 DAGs
[2024-02-29T08:47:25.947+0000] {logging_mixin.py:137} INFO - [2024-02-29T08:47:25.947+0000] {dag.py:3441} INFO - Setting next_dagrun for example_task_group to 2024-02-28T08:47:25.947708+00:00, run_after=2024-02-29T08:47:25.947708+00:00
[2024-02-29T08:47:25.955+0000] {processor.py:175} INFO - Processing /home/airflow/.local/lib/python3.7/site-packages/airflow/example_dags/example_task_group.py took 0.039 seconds
[2024-02-29T08:47:56.219+0000] {processor.py:153} INFO - Started process (PID=314) to work on /home/airflow/.local/lib/python3.7/site-packages/airflow/example_dags/example_task_group.py
[2024-02-29T08:47:56.220+0000] {processor.py:743} INFO - Processing file /home/airflow/.local/lib/python3.7/site-packages/airflow/example_dags/example_task_group.py for tasks to queue
[2024-02-29T08:47:56.220+0000] {logging_mixin.py:137} INFO - [2024-02-29T08:47:56.220+0000] {dagbag.py:538} INFO - Filling up the DagBag from /home/airflow/.local/lib/python3.7/site-packages/airflow/example_dags/example_task_group.py
[2024-02-29T08:47:56.227+0000] {processor.py:753} INFO - DAG(s) dict_keys(['example_task_group']) retrieved from /home/airflow/.local/lib/python3.7/site-packages/airflow/example_dags/example_task_group.py
[2024-02-29T08:47:56.239+0000] {logging_mixin.py:137} INFO - [2024-02-29T08:47:56.238+0000] {dag.py:2690} INFO - Sync 1 DAGs
[2024-02-29T08:47:56.250+0000] {logging_mixin.py:137} INFO - [2024-02-29T08:47:56.250+0000] {dag.py:3441} INFO - Setting next_dagrun for example_task_group to 2024-02-28T08:47:56.249982+00:00, run_after=2024-02-29T08:47:56.249982+00:00
[2024-02-29T08:47:56.258+0000] {processor.py:175} INFO - Processing /home/airflow/.local/lib/python3.7/site-packages/airflow/example_dags/example_task_group.py took 0.040 seconds
[2024-02-29T08:48:26.781+0000] {processor.py:153} INFO - Started process (PID=407) to work on /home/airflow/.local/lib/python3.7/site-packages/airflow/example_dags/example_task_group.py
[2024-02-29T08:48:26.781+0000] {processor.py:743} INFO - Processing file /home/airflow/.local/lib/python3.7/site-packages/airflow/example_dags/example_task_group.py for tasks to queue
[2024-02-29T08:48:26.782+0000] {logging_mixin.py:137} INFO - [2024-02-29T08:48:26.781+0000] {dagbag.py:538} INFO - Filling up the DagBag from /home/airflow/.local/lib/python3.7/site-packages/airflow/example_dags/example_task_group.py
[2024-02-29T08:48:26.789+0000] {processor.py:753} INFO - DAG(s) dict_keys(['example_task_group']) retrieved from /home/airflow/.local/lib/python3.7/site-packages/airflow/example_dags/example_task_group.py
[2024-02-29T08:48:26.799+0000] {logging_mixin.py:137} INFO - [2024-02-29T08:48:26.799+0000] {dag.py:2690} INFO - Sync 1 DAGs
[2024-02-29T08:48:26.810+0000] {logging_mixin.py:137} INFO - [2024-02-29T08:48:26.810+0000] {dag.py:3441} INFO - Setting next_dagrun for example_task_group to 2024-02-28T08:48:26.810802+00:00, run_after=2024-02-29T08:48:26.810802+00:00
[2024-02-29T08:48:26.818+0000] {processor.py:175} INFO - Processing /home/airflow/.local/lib/python3.7/site-packages/airflow/example_dags/example_task_group.py took 0.039 seconds
[2024-02-29T08:48:57.112+0000] {processor.py:153} INFO - Started process (PID=501) to work on /home/airflow/.local/lib/python3.7/site-packages/airflow/example_dags/example_task_group.py
[2024-02-29T08:48:57.112+0000] {processor.py:743} INFO - Processing file /home/airflow/.local/lib/python3.7/site-packages/airflow/example_dags/example_task_group.py for tasks to queue
[2024-02-29T08:48:57.112+0000] {logging_mixin.py:137} INFO - [2024-02-29T08:48:57.112+0000] {dagbag.py:538} INFO - Filling up the DagBag from /home/airflow/.local/lib/python3.7/site-packages/airflow/example_dags/example_task_group.py
[2024-02-29T08:48:57.120+0000] {processor.py:753} INFO - DAG(s) dict_keys(['example_task_group']) retrieved from /home/airflow/.local/lib/python3.7/site-packages/airflow/example_dags/example_task_group.py
[2024-02-29T08:48:57.131+0000] {logging_mixin.py:137} INFO - [2024-02-29T08:48:57.131+0000] {dag.py:2690} INFO - Sync 1 DAGs
[2024-02-29T08:48:57.142+0000] {logging_mixin.py:137} INFO - [2024-02-29T08:48:57.142+0000] {dag.py:3441} INFO - Setting next_dagrun for example_task_group to 2024-02-28T08:48:57.141989+00:00, run_after=2024-02-29T08:48:57.141989+00:00
[2024-02-29T08:48:57.150+0000] {processor.py:175} INFO - Processing /home/airflow/.local/lib/python3.7/site-packages/airflow/example_dags/example_task_group.py took 0.040 seconds
[2024-02-29T08:49:27.551+0000] {processor.py:153} INFO - Started process (PID=595) to work on /home/airflow/.local/lib/python3.7/site-packages/airflow/example_dags/example_task_group.py
[2024-02-29T08:49:27.552+0000] {processor.py:743} INFO - Processing file /home/airflow/.local/lib/python3.7/site-packages/airflow/example_dags/example_task_group.py for tasks to queue
[2024-02-29T08:49:27.552+0000] {logging_mixin.py:137} INFO - [2024-02-29T08:49:27.552+0000] {dagbag.py:538} INFO - Filling up the DagBag from /home/airflow/.local/lib/python3.7/site-packages/airflow/example_dags/example_task_group.py
[2024-02-29T08:49:27.559+0000] {processor.py:753} INFO - DAG(s) dict_keys(['example_task_group']) retrieved from /home/airflow/.local/lib/python3.7/site-packages/airflow/example_dags/example_task_group.py
[2024-02-29T08:49:27.570+0000] {logging_mixin.py:137} INFO - [2024-02-29T08:49:27.570+0000] {dag.py:2690} INFO - Sync 1 DAGs
[2024-02-29T08:49:27.581+0000] {logging_mixin.py:137} INFO - [2024-02-29T08:49:27.581+0000] {dag.py:3441} INFO - Setting next_dagrun for example_task_group to 2024-02-28T08:49:27.581366+00:00, run_after=2024-02-29T08:49:27.581366+00:00
[2024-02-29T08:49:27.588+0000] {processor.py:175} INFO - Processing /home/airflow/.local/lib/python3.7/site-packages/airflow/example_dags/example_task_group.py took 0.038 seconds
[2024-02-29T08:49:57.882+0000] {processor.py:153} INFO - Started process (PID=670) to work on /home/airflow/.local/lib/python3.7/site-packages/airflow/example_dags/example_task_group.py
[2024-02-29T08:49:57.882+0000] {processor.py:743} INFO - Processing file /home/airflow/.local/lib/python3.7/site-packages/airflow/example_dags/example_task_group.py for tasks to queue
[2024-02-29T08:49:57.883+0000] {logging_mixin.py:137} INFO - [2024-02-29T08:49:57.883+0000] {dagbag.py:538} INFO - Filling up the DagBag from /home/airflow/.local/lib/python3.7/site-packages/airflow/example_dags/example_task_group.py
[2024-02-29T08:49:57.890+0000] {processor.py:753} INFO - DAG(s) dict_keys(['example_task_group']) retrieved from /home/airflow/.local/lib/python3.7/site-packages/airflow/example_dags/example_task_group.py
[2024-02-29T08:49:57.901+0000] {logging_mixin.py:137} INFO - [2024-02-29T08:49:57.901+0000] {dag.py:2690} INFO - Sync 1 DAGs
[2024-02-29T08:49:57.912+0000] {logging_mixin.py:137} INFO - [2024-02-29T08:49:57.912+0000] {dag.py:3441} INFO - Setting next_dagrun for example_task_group to 2024-02-28T08:49:57.912296+00:00, run_after=2024-02-29T08:49:57.912296+00:00
[2024-02-29T08:49:57.920+0000] {processor.py:175} INFO - Processing /home/airflow/.local/lib/python3.7/site-packages/airflow/example_dags/example_task_group.py took 0.039 seconds
[2024-02-29T08:50:28.229+0000] {processor.py:153} INFO - Started process (PID=764) to work on /home/airflow/.local/lib/python3.7/site-packages/airflow/example_dags/example_task_group.py
[2024-02-29T08:50:28.230+0000] {processor.py:743} INFO - Processing file /home/airflow/.local/lib/python3.7/site-packages/airflow/example_dags/example_task_group.py for tasks to queue
[2024-02-29T08:50:28.230+0000] {logging_mixin.py:137} INFO - [2024-02-29T08:50:28.230+0000] {dagbag.py:538} INFO - Filling up the DagBag from /home/airflow/.local/lib/python3.7/site-packages/airflow/example_dags/example_task_group.py
[2024-02-29T08:50:28.237+0000] {processor.py:753} INFO - DAG(s) dict_keys(['example_task_group']) retrieved from /home/airflow/.local/lib/python3.7/site-packages/airflow/example_dags/example_task_group.py
[2024-02-29T08:50:28.248+0000] {logging_mixin.py:137} INFO - [2024-02-29T08:50:28.248+0000] {dag.py:2690} INFO - Sync 1 DAGs
[2024-02-29T08:50:28.259+0000] {logging_mixin.py:137} INFO - [2024-02-29T08:50:28.259+0000] {dag.py:3441} INFO - Setting next_dagrun for example_task_group to 2024-02-28T08:50:28.259661+00:00, run_after=2024-02-29T08:50:28.259661+00:00
[2024-02-29T08:50:28.267+0000] {processor.py:175} INFO - Processing /home/airflow/.local/lib/python3.7/site-packages/airflow/example_dags/example_task_group.py took 0.040 seconds
[2024-02-29T08:50:58.813+0000] {processor.py:153} INFO - Started process (PID=858) to work on /home/airflow/.local/lib/python3.7/site-packages/airflow/example_dags/example_task_group.py
[2024-02-29T08:50:58.813+0000] {processor.py:743} INFO - Processing file /home/airflow/.local/lib/python3.7/site-packages/airflow/example_dags/example_task_group.py for tasks to queue
[2024-02-29T08:50:58.813+0000] {logging_mixin.py:137} INFO - [2024-02-29T08:50:58.813+0000] {dagbag.py:538} INFO - Filling up the DagBag from /home/airflow/.local/lib/python3.7/site-packages/airflow/example_dags/example_task_group.py
[2024-02-29T08:50:58.820+0000] {processor.py:753} INFO - DAG(s) dict_keys(['example_task_group']) retrieved from /home/airflow/.local/lib/python3.7/site-packages/airflow/example_dags/example_task_group.py
[2024-02-29T08:50:58.832+0000] {logging_mixin.py:137} INFO - [2024-02-29T08:50:58.832+0000] {dag.py:2690} INFO - Sync 1 DAGs
[2024-02-29T08:50:58.842+0000] {logging_mixin.py:137} INFO - [2024-02-29T08:50:58.842+0000] {dag.py:3441} INFO - Setting next_dagrun for example_task_group to 2024-02-28T08:50:58.842760+00:00, run_after=2024-02-29T08:50:58.842760+00:00
[2024-02-29T08:50:58.851+0000] {processor.py:175} INFO - Processing /home/airflow/.local/lib/python3.7/site-packages/airflow/example_dags/example_task_group.py took 0.040 seconds
[2024-02-29T08:51:29.180+0000] {processor.py:153} INFO - Started process (PID=951) to work on /home/airflow/.local/lib/python3.7/site-packages/airflow/example_dags/example_task_group.py
[2024-02-29T08:51:29.181+0000] {processor.py:743} INFO - Processing file /home/airflow/.local/lib/python3.7/site-packages/airflow/example_dags/example_task_group.py for tasks to queue
[2024-02-29T08:51:29.181+0000] {logging_mixin.py:137} INFO - [2024-02-29T08:51:29.181+0000] {dagbag.py:538} INFO - Filling up the DagBag from /home/airflow/.local/lib/python3.7/site-packages/airflow/example_dags/example_task_group.py
[2024-02-29T08:51:29.188+0000] {processor.py:753} INFO - DAG(s) dict_keys(['example_task_group']) retrieved from /home/airflow/.local/lib/python3.7/site-packages/airflow/example_dags/example_task_group.py
[2024-02-29T08:51:29.199+0000] {logging_mixin.py:137} INFO - [2024-02-29T08:51:29.199+0000] {dag.py:2690} INFO - Sync 1 DAGs
[2024-02-29T08:51:29.210+0000] {logging_mixin.py:137} INFO - [2024-02-29T08:51:29.210+0000] {dag.py:3441} INFO - Setting next_dagrun for example_task_group to 2024-02-28T08:51:29.210162+00:00, run_after=2024-02-29T08:51:29.210162+00:00
[2024-02-29T08:51:29.218+0000] {processor.py:175} INFO - Processing /home/airflow/.local/lib/python3.7/site-packages/airflow/example_dags/example_task_group.py took 0.039 seconds
[2024-02-29T08:51:59.551+0000] {processor.py:153} INFO - Started process (PID=1027) to work on /home/airflow/.local/lib/python3.7/site-packages/airflow/example_dags/example_task_group.py
[2024-02-29T08:51:59.551+0000] {processor.py:743} INFO - Processing file /home/airflow/.local/lib/python3.7/site-packages/airflow/example_dags/example_task_group.py for tasks to queue
[2024-02-29T08:51:59.552+0000] {logging_mixin.py:137} INFO - [2024-02-29T08:51:59.552+0000] {dagbag.py:538} INFO - Filling up the DagBag from /home/airflow/.local/lib/python3.7/site-packages/airflow/example_dags/example_task_group.py
[2024-02-29T08:51:59.558+0000] {processor.py:753} INFO - DAG(s) dict_keys(['example_task_group']) retrieved from /home/airflow/.local/lib/python3.7/site-packages/airflow/example_dags/example_task_group.py
[2024-02-29T08:51:59.569+0000] {logging_mixin.py:137} INFO - [2024-02-29T08:51:59.569+0000] {dag.py:2690} INFO - Sync 1 DAGs
[2024-02-29T08:51:59.581+0000] {logging_mixin.py:137} INFO - [2024-02-29T08:51:59.581+0000] {dag.py:3441} INFO - Setting next_dagrun for example_task_group to 2024-02-28T08:51:59.581231+00:00, run_after=2024-02-29T08:51:59.581231+00:00
[2024-02-29T08:51:59.589+0000] {processor.py:175} INFO - Processing /home/airflow/.local/lib/python3.7/site-packages/airflow/example_dags/example_task_group.py took 0.040 seconds
[2024-02-29T08:52:29.893+0000] {processor.py:153} INFO - Started process (PID=1120) to work on /home/airflow/.local/lib/python3.7/site-packages/airflow/example_dags/example_task_group.py
[2024-02-29T08:52:29.894+0000] {processor.py:743} INFO - Processing file /home/airflow/.local/lib/python3.7/site-packages/airflow/example_dags/example_task_group.py for tasks to queue
[2024-02-29T08:52:29.894+0000] {logging_mixin.py:137} INFO - [2024-02-29T08:52:29.894+0000] {dagbag.py:538} INFO - Filling up the DagBag from /home/airflow/.local/lib/python3.7/site-packages/airflow/example_dags/example_task_group.py
[2024-02-29T08:52:29.901+0000] {processor.py:753} INFO - DAG(s) dict_keys(['example_task_group']) retrieved from /home/airflow/.local/lib/python3.7/site-packages/airflow/example_dags/example_task_group.py
[2024-02-29T08:52:29.912+0000] {logging_mixin.py:137} INFO - [2024-02-29T08:52:29.912+0000] {dag.py:2690} INFO - Sync 1 DAGs
[2024-02-29T08:52:29.923+0000] {logging_mixin.py:137} INFO - [2024-02-29T08:52:29.923+0000] {dag.py:3441} INFO - Setting next_dagrun for example_task_group to 2024-02-28T08:52:29.923583+00:00, run_after=2024-02-29T08:52:29.923583+00:00
[2024-02-29T08:52:29.932+0000] {processor.py:175} INFO - Processing /home/airflow/.local/lib/python3.7/site-packages/airflow/example_dags/example_task_group.py took 0.040 seconds
[2024-02-29T08:53:00.225+0000] {processor.py:153} INFO - Started process (PID=1213) to work on /home/airflow/.local/lib/python3.7/site-packages/airflow/example_dags/example_task_group.py
[2024-02-29T08:53:00.226+0000] {processor.py:743} INFO - Processing file /home/airflow/.local/lib/python3.7/site-packages/airflow/example_dags/example_task_group.py for tasks to queue
[2024-02-29T08:53:00.226+0000] {logging_mixin.py:137} INFO - [2024-02-29T08:53:00.226+0000] {dagbag.py:538} INFO - Filling up the DagBag from /home/airflow/.local/lib/python3.7/site-packages/airflow/example_dags/example_task_group.py
[2024-02-29T08:53:00.233+0000] {processor.py:753} INFO - DAG(s) dict_keys(['example_task_group']) retrieved from /home/airflow/.local/lib/python3.7/site-packages/airflow/example_dags/example_task_group.py
[2024-02-29T08:53:00.244+0000] {logging_mixin.py:137} INFO - [2024-02-29T08:53:00.244+0000] {dag.py:2690} INFO - Sync 1 DAGs
[2024-02-29T08:53:00.255+0000] {logging_mixin.py:137} INFO - [2024-02-29T08:53:00.255+0000] {dag.py:3441} INFO - Setting next_dagrun for example_task_group to 2024-02-28T08:53:00.254905+00:00, run_after=2024-02-29T08:53:00.254905+00:00
[2024-02-29T08:53:00.262+0000] {processor.py:175} INFO - Processing /home/airflow/.local/lib/python3.7/site-packages/airflow/example_dags/example_task_group.py took 0.038 seconds
[2024-02-29T08:53:30.615+0000] {processor.py:153} INFO - Started process (PID=1307) to work on /home/airflow/.local/lib/python3.7/site-packages/airflow/example_dags/example_task_group.py
[2024-02-29T08:53:30.615+0000] {processor.py:743} INFO - Processing file /home/airflow/.local/lib/python3.7/site-packages/airflow/example_dags/example_task_group.py for tasks to queue
[2024-02-29T08:53:30.615+0000] {logging_mixin.py:137} INFO - [2024-02-29T08:53:30.615+0000] {dagbag.py:538} INFO - Filling up the DagBag from /home/airflow/.local/lib/python3.7/site-packages/airflow/example_dags/example_task_group.py
[2024-02-29T08:53:30.622+0000] {processor.py:753} INFO - DAG(s) dict_keys(['example_task_group']) retrieved from /home/airflow/.local/lib/python3.7/site-packages/airflow/example_dags/example_task_group.py
[2024-02-29T08:53:30.633+0000] {logging_mixin.py:137} INFO - [2024-02-29T08:53:30.633+0000] {dag.py:2690} INFO - Sync 1 DAGs
[2024-02-29T08:53:30.644+0000] {logging_mixin.py:137} INFO - [2024-02-29T08:53:30.644+0000] {dag.py:3441} INFO - Setting next_dagrun for example_task_group to 2024-02-28T08:53:30.644775+00:00, run_after=2024-02-29T08:53:30.644775+00:00
[2024-02-29T08:53:30.652+0000] {processor.py:175} INFO - Processing /home/airflow/.local/lib/python3.7/site-packages/airflow/example_dags/example_task_group.py took 0.039 seconds
[2024-02-29T08:54:01.023+0000] {processor.py:153} INFO - Started process (PID=1383) to work on /home/airflow/.local/lib/python3.7/site-packages/airflow/example_dags/example_task_group.py
[2024-02-29T08:54:01.024+0000] {processor.py:743} INFO - Processing file /home/airflow/.local/lib/python3.7/site-packages/airflow/example_dags/example_task_group.py for tasks to queue
[2024-02-29T08:54:01.024+0000] {logging_mixin.py:137} INFO - [2024-02-29T08:54:01.024+0000] {dagbag.py:538} INFO - Filling up the DagBag from /home/airflow/.local/lib/python3.7/site-packages/airflow/example_dags/example_task_group.py
[2024-02-29T08:54:01.031+0000] {processor.py:753} INFO - DAG(s) dict_keys(['example_task_group']) retrieved from /home/airflow/.local/lib/python3.7/site-packages/airflow/example_dags/example_task_group.py
[2024-02-29T08:54:01.042+0000] {logging_mixin.py:137} INFO - [2024-02-29T08:54:01.042+0000] {dag.py:2690} INFO - Sync 1 DAGs
[2024-02-29T08:54:01.053+0000] {logging_mixin.py:137} INFO - [2024-02-29T08:54:01.053+0000] {dag.py:3441} INFO - Setting next_dagrun for example_task_group to 2024-02-28T08:54:01.053312+00:00, run_after=2024-02-29T08:54:01.053312+00:00
[2024-02-29T08:54:01.060+0000] {processor.py:175} INFO - Processing /home/airflow/.local/lib/python3.7/site-packages/airflow/example_dags/example_task_group.py took 0.039 seconds
[2024-02-29T08:54:31.435+0000] {processor.py:153} INFO - Started process (PID=1477) to work on /home/airflow/.local/lib/python3.7/site-packages/airflow/example_dags/example_task_group.py
[2024-02-29T08:54:31.435+0000] {processor.py:743} INFO - Processing file /home/airflow/.local/lib/python3.7/site-packages/airflow/example_dags/example_task_group.py for tasks to queue
[2024-02-29T08:54:31.435+0000] {logging_mixin.py:137} INFO - [2024-02-29T08:54:31.435+0000] {dagbag.py:538} INFO - Filling up the DagBag from /home/airflow/.local/lib/python3.7/site-packages/airflow/example_dags/example_task_group.py
[2024-02-29T08:54:31.442+0000] {processor.py:753} INFO - DAG(s) dict_keys(['example_task_group']) retrieved from /home/airflow/.local/lib/python3.7/site-packages/airflow/example_dags/example_task_group.py
[2024-02-29T08:54:31.453+0000] {logging_mixin.py:137} INFO - [2024-02-29T08:54:31.453+0000] {dag.py:2690} INFO - Sync 1 DAGs
[2024-02-29T08:54:31.464+0000] {logging_mixin.py:137} INFO - [2024-02-29T08:54:31.464+0000] {dag.py:3441} INFO - Setting next_dagrun for example_task_group to 2024-02-28T08:54:31.464233+00:00, run_after=2024-02-29T08:54:31.464233+00:00
[2024-02-29T08:54:31.472+0000] {processor.py:175} INFO - Processing /home/airflow/.local/lib/python3.7/site-packages/airflow/example_dags/example_task_group.py took 0.039 seconds
[2024-02-29T08:55:01.875+0000] {processor.py:153} INFO - Started process (PID=1571) to work on /home/airflow/.local/lib/python3.7/site-packages/airflow/example_dags/example_task_group.py
[2024-02-29T08:55:01.876+0000] {processor.py:743} INFO - Processing file /home/airflow/.local/lib/python3.7/site-packages/airflow/example_dags/example_task_group.py for tasks to queue
[2024-02-29T08:55:01.876+0000] {logging_mixin.py:137} INFO - [2024-02-29T08:55:01.876+0000] {dagbag.py:538} INFO - Filling up the DagBag from /home/airflow/.local/lib/python3.7/site-packages/airflow/example_dags/example_task_group.py
[2024-02-29T08:55:01.883+0000] {processor.py:753} INFO - DAG(s) dict_keys(['example_task_group']) retrieved from /home/airflow/.local/lib/python3.7/site-packages/airflow/example_dags/example_task_group.py
[2024-02-29T08:55:01.895+0000] {logging_mixin.py:137} INFO - [2024-02-29T08:55:01.894+0000] {dag.py:2690} INFO - Sync 1 DAGs
[2024-02-29T08:55:01.905+0000] {logging_mixin.py:137} INFO - [2024-02-29T08:55:01.905+0000] {dag.py:3441} INFO - Setting next_dagrun for example_task_group to 2024-02-28T08:55:01.905493+00:00, run_after=2024-02-29T08:55:01.905493+00:00
[2024-02-29T08:55:01.914+0000] {processor.py:175} INFO - Processing /home/airflow/.local/lib/python3.7/site-packages/airflow/example_dags/example_task_group.py took 0.040 seconds
[2024-02-29T08:55:32.328+0000] {processor.py:153} INFO - Started process (PID=1664) to work on /home/airflow/.local/lib/python3.7/site-packages/airflow/example_dags/example_task_group.py
[2024-02-29T08:55:32.329+0000] {processor.py:743} INFO - Processing file /home/airflow/.local/lib/python3.7/site-packages/airflow/example_dags/example_task_group.py for tasks to queue
[2024-02-29T08:55:32.329+0000] {logging_mixin.py:137} INFO - [2024-02-29T08:55:32.329+0000] {dagbag.py:538} INFO - Filling up the DagBag from /home/airflow/.local/lib/python3.7/site-packages/airflow/example_dags/example_task_group.py
[2024-02-29T08:55:32.336+0000] {processor.py:753} INFO - DAG(s) dict_keys(['example_task_group']) retrieved from /home/airflow/.local/lib/python3.7/site-packages/airflow/example_dags/example_task_group.py
[2024-02-29T08:55:32.347+0000] {logging_mixin.py:137} INFO - [2024-02-29T08:55:32.347+0000] {dag.py:2690} INFO - Sync 1 DAGs
[2024-02-29T08:55:32.358+0000] {logging_mixin.py:137} INFO - [2024-02-29T08:55:32.358+0000] {dag.py:3441} INFO - Setting next_dagrun for example_task_group to 2024-02-28T08:55:32.358559+00:00, run_after=2024-02-29T08:55:32.358559+00:00
[2024-02-29T08:55:32.366+0000] {processor.py:175} INFO - Processing /home/airflow/.local/lib/python3.7/site-packages/airflow/example_dags/example_task_group.py took 0.039 seconds
[2024-02-29T08:56:02.634+0000] {processor.py:153} INFO - Started process (PID=1740) to work on /home/airflow/.local/lib/python3.7/site-packages/airflow/example_dags/example_task_group.py
[2024-02-29T08:56:02.635+0000] {processor.py:743} INFO - Processing file /home/airflow/.local/lib/python3.7/site-packages/airflow/example_dags/example_task_group.py for tasks to queue
[2024-02-29T08:56:02.635+0000] {logging_mixin.py:137} INFO - [2024-02-29T08:56:02.635+0000] {dagbag.py:538} INFO - Filling up the DagBag from /home/airflow/.local/lib/python3.7/site-packages/airflow/example_dags/example_task_group.py
[2024-02-29T08:56:02.642+0000] {processor.py:753} INFO - DAG(s) dict_keys(['example_task_group']) retrieved from /home/airflow/.local/lib/python3.7/site-packages/airflow/example_dags/example_task_group.py
[2024-02-29T08:56:02.654+0000] {logging_mixin.py:137} INFO - [2024-02-29T08:56:02.654+0000] {dag.py:2690} INFO - Sync 1 DAGs
[2024-02-29T08:56:02.665+0000] {logging_mixin.py:137} INFO - [2024-02-29T08:56:02.664+0000] {dag.py:3441} INFO - Setting next_dagrun for example_task_group to 2024-02-28T08:56:02.664797+00:00, run_after=2024-02-29T08:56:02.664797+00:00
[2024-02-29T08:56:02.673+0000] {processor.py:175} INFO - Processing /home/airflow/.local/lib/python3.7/site-packages/airflow/example_dags/example_task_group.py took 0.040 seconds
[2024-02-29T08:56:33.082+0000] {processor.py:153} INFO - Started process (PID=1834) to work on /home/airflow/.local/lib/python3.7/site-packages/airflow/example_dags/example_task_group.py
[2024-02-29T08:56:33.083+0000] {processor.py:743} INFO - Processing file /home/airflow/.local/lib/python3.7/site-packages/airflow/example_dags/example_task_group.py for tasks to queue
[2024-02-29T08:56:33.083+0000] {logging_mixin.py:137} INFO - [2024-02-29T08:56:33.083+0000] {dagbag.py:538} INFO - Filling up the DagBag from /home/airflow/.local/lib/python3.7/site-packages/airflow/example_dags/example_task_group.py
[2024-02-29T08:56:33.090+0000] {processor.py:753} INFO - DAG(s) dict_keys(['example_task_group']) retrieved from /home/airflow/.local/lib/python3.7/site-packages/airflow/example_dags/example_task_group.py
[2024-02-29T08:56:33.102+0000] {logging_mixin.py:137} INFO - [2024-02-29T08:56:33.101+0000] {dag.py:2690} INFO - Sync 1 DAGs
[2024-02-29T08:56:33.113+0000] {logging_mixin.py:137} INFO - [2024-02-29T08:56:33.113+0000] {dag.py:3441} INFO - Setting next_dagrun for example_task_group to 2024-02-28T08:56:33.112938+00:00, run_after=2024-02-29T08:56:33.112938+00:00
[2024-02-29T08:56:33.120+0000] {processor.py:175} INFO - Processing /home/airflow/.local/lib/python3.7/site-packages/airflow/example_dags/example_task_group.py took 0.040 seconds
[2024-02-29T08:57:03.512+0000] {processor.py:153} INFO - Started process (PID=1928) to work on /home/airflow/.local/lib/python3.7/site-packages/airflow/example_dags/example_task_group.py
[2024-02-29T08:57:03.512+0000] {processor.py:743} INFO - Processing file /home/airflow/.local/lib/python3.7/site-packages/airflow/example_dags/example_task_group.py for tasks to queue
[2024-02-29T08:57:03.513+0000] {logging_mixin.py:137} INFO - [2024-02-29T08:57:03.513+0000] {dagbag.py:538} INFO - Filling up the DagBag from /home/airflow/.local/lib/python3.7/site-packages/airflow/example_dags/example_task_group.py
[2024-02-29T08:57:03.520+0000] {processor.py:753} INFO - DAG(s) dict_keys(['example_task_group']) retrieved from /home/airflow/.local/lib/python3.7/site-packages/airflow/example_dags/example_task_group.py
[2024-02-29T08:57:03.531+0000] {logging_mixin.py:137} INFO - [2024-02-29T08:57:03.531+0000] {dag.py:2690} INFO - Sync 1 DAGs
[2024-02-29T08:57:03.542+0000] {logging_mixin.py:137} INFO - [2024-02-29T08:57:03.542+0000] {dag.py:3441} INFO - Setting next_dagrun for example_task_group to 2024-02-28T08:57:03.542408+00:00, run_after=2024-02-29T08:57:03.542408+00:00
[2024-02-29T08:57:03.550+0000] {processor.py:175} INFO - Processing /home/airflow/.local/lib/python3.7/site-packages/airflow/example_dags/example_task_group.py took 0.040 seconds
[2024-02-29T08:57:33.915+0000] {processor.py:153} INFO - Started process (PID=2022) to work on /home/airflow/.local/lib/python3.7/site-packages/airflow/example_dags/example_task_group.py
[2024-02-29T08:57:33.915+0000] {processor.py:743} INFO - Processing file /home/airflow/.local/lib/python3.7/site-packages/airflow/example_dags/example_task_group.py for tasks to queue
[2024-02-29T08:57:33.916+0000] {logging_mixin.py:137} INFO - [2024-02-29T08:57:33.916+0000] {dagbag.py:538} INFO - Filling up the DagBag from /home/airflow/.local/lib/python3.7/site-packages/airflow/example_dags/example_task_group.py
[2024-02-29T08:57:33.925+0000] {processor.py:753} INFO - DAG(s) dict_keys(['example_task_group']) retrieved from /home/airflow/.local/lib/python3.7/site-packages/airflow/example_dags/example_task_group.py
[2024-02-29T08:57:33.940+0000] {logging_mixin.py:137} INFO - [2024-02-29T08:57:33.940+0000] {dag.py:2690} INFO - Sync 1 DAGs
[2024-02-29T08:57:33.952+0000] {logging_mixin.py:137} INFO - [2024-02-29T08:57:33.952+0000] {dag.py:3441} INFO - Setting next_dagrun for example_task_group to 2024-02-28T08:57:33.952662+00:00, run_after=2024-02-29T08:57:33.952662+00:00
[2024-02-29T08:57:33.961+0000] {processor.py:175} INFO - Processing /home/airflow/.local/lib/python3.7/site-packages/airflow/example_dags/example_task_group.py took 0.049 seconds
[2024-02-29T08:58:04.497+0000] {processor.py:153} INFO - Started process (PID=2098) to work on /home/airflow/.local/lib/python3.7/site-packages/airflow/example_dags/example_task_group.py
[2024-02-29T08:58:04.498+0000] {processor.py:743} INFO - Processing file /home/airflow/.local/lib/python3.7/site-packages/airflow/example_dags/example_task_group.py for tasks to queue
[2024-02-29T08:58:04.498+0000] {logging_mixin.py:137} INFO - [2024-02-29T08:58:04.498+0000] {dagbag.py:538} INFO - Filling up the DagBag from /home/airflow/.local/lib/python3.7/site-packages/airflow/example_dags/example_task_group.py
[2024-02-29T08:58:04.506+0000] {processor.py:753} INFO - DAG(s) dict_keys(['example_task_group']) retrieved from /home/airflow/.local/lib/python3.7/site-packages/airflow/example_dags/example_task_group.py
[2024-02-29T08:58:04.518+0000] {logging_mixin.py:137} INFO - [2024-02-29T08:58:04.518+0000] {dag.py:2690} INFO - Sync 1 DAGs
[2024-02-29T08:58:04.529+0000] {logging_mixin.py:137} INFO - [2024-02-29T08:58:04.529+0000] {dag.py:3441} INFO - Setting next_dagrun for example_task_group to 2024-02-28T08:58:04.529675+00:00, run_after=2024-02-29T08:58:04.529675+00:00
[2024-02-29T08:58:04.538+0000] {processor.py:175} INFO - Processing /home/airflow/.local/lib/python3.7/site-packages/airflow/example_dags/example_task_group.py took 0.042 seconds
[2024-02-29T08:58:34.993+0000] {processor.py:153} INFO - Started process (PID=2192) to work on /home/airflow/.local/lib/python3.7/site-packages/airflow/example_dags/example_task_group.py
[2024-02-29T08:58:34.993+0000] {processor.py:743} INFO - Processing file /home/airflow/.local/lib/python3.7/site-packages/airflow/example_dags/example_task_group.py for tasks to queue
[2024-02-29T08:58:34.993+0000] {logging_mixin.py:137} INFO - [2024-02-29T08:58:34.993+0000] {dagbag.py:538} INFO - Filling up the DagBag from /home/airflow/.local/lib/python3.7/site-packages/airflow/example_dags/example_task_group.py
[2024-02-29T08:58:35.001+0000] {processor.py:753} INFO - DAG(s) dict_keys(['example_task_group']) retrieved from /home/airflow/.local/lib/python3.7/site-packages/airflow/example_dags/example_task_group.py
[2024-02-29T08:58:35.012+0000] {logging_mixin.py:137} INFO - [2024-02-29T08:58:35.012+0000] {dag.py:2690} INFO - Sync 1 DAGs
[2024-02-29T08:58:35.023+0000] {logging_mixin.py:137} INFO - [2024-02-29T08:58:35.023+0000] {dag.py:3441} INFO - Setting next_dagrun for example_task_group to 2024-02-28T08:58:35.023395+00:00, run_after=2024-02-29T08:58:35.023395+00:00
[2024-02-29T08:58:35.033+0000] {processor.py:175} INFO - Processing /home/airflow/.local/lib/python3.7/site-packages/airflow/example_dags/example_task_group.py took 0.042 seconds
[2024-02-29T08:59:05.351+0000] {processor.py:153} INFO - Started process (PID=2285) to work on /home/airflow/.local/lib/python3.7/site-packages/airflow/example_dags/example_task_group.py
[2024-02-29T08:59:05.352+0000] {processor.py:743} INFO - Processing file /home/airflow/.local/lib/python3.7/site-packages/airflow/example_dags/example_task_group.py for tasks to queue
[2024-02-29T08:59:05.352+0000] {logging_mixin.py:137} INFO - [2024-02-29T08:59:05.352+0000] {dagbag.py:538} INFO - Filling up the DagBag from /home/airflow/.local/lib/python3.7/site-packages/airflow/example_dags/example_task_group.py
[2024-02-29T08:59:05.359+0000] {processor.py:753} INFO - DAG(s) dict_keys(['example_task_group']) retrieved from /home/airflow/.local/lib/python3.7/site-packages/airflow/example_dags/example_task_group.py
[2024-02-29T08:59:05.370+0000] {logging_mixin.py:137} INFO - [2024-02-29T08:59:05.370+0000] {dag.py:2690} INFO - Sync 1 DAGs
[2024-02-29T08:59:05.381+0000] {logging_mixin.py:137} INFO - [2024-02-29T08:59:05.381+0000] {dag.py:3441} INFO - Setting next_dagrun for example_task_group to 2024-02-28T08:59:05.381421+00:00, run_after=2024-02-29T08:59:05.381421+00:00
[2024-02-29T08:59:05.389+0000] {processor.py:175} INFO - Processing /home/airflow/.local/lib/python3.7/site-packages/airflow/example_dags/example_task_group.py took 0.039 seconds
[2024-02-29T08:59:35.888+0000] {processor.py:153} INFO - Started process (PID=2379) to work on /home/airflow/.local/lib/python3.7/site-packages/airflow/example_dags/example_task_group.py
[2024-02-29T08:59:35.897+0000] {processor.py:743} INFO - Processing file /home/airflow/.local/lib/python3.7/site-packages/airflow/example_dags/example_task_group.py for tasks to queue
[2024-02-29T08:59:35.898+0000] {logging_mixin.py:137} INFO - [2024-02-29T08:59:35.898+0000] {dagbag.py:538} INFO - Filling up the DagBag from /home/airflow/.local/lib/python3.7/site-packages/airflow/example_dags/example_task_group.py
[2024-02-29T08:59:35.925+0000] {processor.py:753} INFO - DAG(s) dict_keys(['example_task_group']) retrieved from /home/airflow/.local/lib/python3.7/site-packages/airflow/example_dags/example_task_group.py
[2024-02-29T08:59:35.944+0000] {logging_mixin.py:137} INFO - [2024-02-29T08:59:35.944+0000] {dag.py:2690} INFO - Sync 1 DAGs
[2024-02-29T08:59:35.957+0000] {logging_mixin.py:137} INFO - [2024-02-29T08:59:35.956+0000] {dag.py:3441} INFO - Setting next_dagrun for example_task_group to 2024-02-28T08:59:35.956790+00:00, run_after=2024-02-29T08:59:35.956790+00:00
[2024-02-29T08:59:35.966+0000] {processor.py:175} INFO - Processing /home/airflow/.local/lib/python3.7/site-packages/airflow/example_dags/example_task_group.py took 0.085 seconds
[2024-02-29T09:00:06.581+0000] {processor.py:153} INFO - Started process (PID=2455) to work on /home/airflow/.local/lib/python3.7/site-packages/airflow/example_dags/example_task_group.py
[2024-02-29T09:00:06.581+0000] {processor.py:743} INFO - Processing file /home/airflow/.local/lib/python3.7/site-packages/airflow/example_dags/example_task_group.py for tasks to queue
[2024-02-29T09:00:06.581+0000] {logging_mixin.py:137} INFO - [2024-02-29T09:00:06.581+0000] {dagbag.py:538} INFO - Filling up the DagBag from /home/airflow/.local/lib/python3.7/site-packages/airflow/example_dags/example_task_group.py
[2024-02-29T09:00:06.589+0000] {processor.py:753} INFO - DAG(s) dict_keys(['example_task_group']) retrieved from /home/airflow/.local/lib/python3.7/site-packages/airflow/example_dags/example_task_group.py
[2024-02-29T09:00:06.601+0000] {logging_mixin.py:137} INFO - [2024-02-29T09:00:06.601+0000] {dag.py:2690} INFO - Sync 1 DAGs
[2024-02-29T09:00:06.612+0000] {logging_mixin.py:137} INFO - [2024-02-29T09:00:06.612+0000] {dag.py:3441} INFO - Setting next_dagrun for example_task_group to 2024-02-28T09:00:06.612696+00:00, run_after=2024-02-29T09:00:06.612696+00:00
[2024-02-29T09:00:06.621+0000] {processor.py:175} INFO - Processing /home/airflow/.local/lib/python3.7/site-packages/airflow/example_dags/example_task_group.py took 0.042 seconds
[2024-02-29T09:00:37.120+0000] {processor.py:153} INFO - Started process (PID=2549) to work on /home/airflow/.local/lib/python3.7/site-packages/airflow/example_dags/example_task_group.py
[2024-02-29T09:00:37.121+0000] {processor.py:743} INFO - Processing file /home/airflow/.local/lib/python3.7/site-packages/airflow/example_dags/example_task_group.py for tasks to queue
[2024-02-29T09:00:37.121+0000] {logging_mixin.py:137} INFO - [2024-02-29T09:00:37.121+0000] {dagbag.py:538} INFO - Filling up the DagBag from /home/airflow/.local/lib/python3.7/site-packages/airflow/example_dags/example_task_group.py
[2024-02-29T09:00:37.129+0000] {processor.py:753} INFO - DAG(s) dict_keys(['example_task_group']) retrieved from /home/airflow/.local/lib/python3.7/site-packages/airflow/example_dags/example_task_group.py
[2024-02-29T09:00:37.142+0000] {logging_mixin.py:137} INFO - [2024-02-29T09:00:37.142+0000] {dag.py:2690} INFO - Sync 1 DAGs
[2024-02-29T09:00:37.155+0000] {logging_mixin.py:137} INFO - [2024-02-29T09:00:37.155+0000] {dag.py:3441} INFO - Setting next_dagrun for example_task_group to 2024-02-28T09:00:37.155210+00:00, run_after=2024-02-29T09:00:37.155210+00:00
[2024-02-29T09:00:37.164+0000] {processor.py:175} INFO - Processing /home/airflow/.local/lib/python3.7/site-packages/airflow/example_dags/example_task_group.py took 0.045 seconds
[2024-02-29T09:01:07.562+0000] {processor.py:153} INFO - Started process (PID=2643) to work on /home/airflow/.local/lib/python3.7/site-packages/airflow/example_dags/example_task_group.py
[2024-02-29T09:01:07.562+0000] {processor.py:743} INFO - Processing file /home/airflow/.local/lib/python3.7/site-packages/airflow/example_dags/example_task_group.py for tasks to queue
[2024-02-29T09:01:07.563+0000] {logging_mixin.py:137} INFO - [2024-02-29T09:01:07.562+0000] {dagbag.py:538} INFO - Filling up the DagBag from /home/airflow/.local/lib/python3.7/site-packages/airflow/example_dags/example_task_group.py
[2024-02-29T09:01:07.570+0000] {processor.py:753} INFO - DAG(s) dict_keys(['example_task_group']) retrieved from /home/airflow/.local/lib/python3.7/site-packages/airflow/example_dags/example_task_group.py
[2024-02-29T09:01:07.581+0000] {logging_mixin.py:137} INFO - [2024-02-29T09:01:07.581+0000] {dag.py:2690} INFO - Sync 1 DAGs
[2024-02-29T09:01:07.593+0000] {logging_mixin.py:137} INFO - [2024-02-29T09:01:07.593+0000] {dag.py:3441} INFO - Setting next_dagrun for example_task_group to 2024-02-28T09:01:07.593093+00:00, run_after=2024-02-29T09:01:07.593093+00:00
[2024-02-29T09:01:07.601+0000] {processor.py:175} INFO - Processing /home/airflow/.local/lib/python3.7/site-packages/airflow/example_dags/example_task_group.py took 0.041 seconds
[2024-02-29T09:01:38.217+0000] {processor.py:153} INFO - Started process (PID=2719) to work on /home/airflow/.local/lib/python3.7/site-packages/airflow/example_dags/example_task_group.py
[2024-02-29T09:01:38.217+0000] {processor.py:743} INFO - Processing file /home/airflow/.local/lib/python3.7/site-packages/airflow/example_dags/example_task_group.py for tasks to queue
[2024-02-29T09:01:38.217+0000] {logging_mixin.py:137} INFO - [2024-02-29T09:01:38.217+0000] {dagbag.py:538} INFO - Filling up the DagBag from /home/airflow/.local/lib/python3.7/site-packages/airflow/example_dags/example_task_group.py
[2024-02-29T09:01:38.225+0000] {processor.py:753} INFO - DAG(s) dict_keys(['example_task_group']) retrieved from /home/airflow/.local/lib/python3.7/site-packages/airflow/example_dags/example_task_group.py
[2024-02-29T09:01:38.237+0000] {logging_mixin.py:137} INFO - [2024-02-29T09:01:38.237+0000] {dag.py:2690} INFO - Sync 1 DAGs
[2024-02-29T09:01:38.249+0000] {logging_mixin.py:137} INFO - [2024-02-29T09:01:38.248+0000] {dag.py:3441} INFO - Setting next_dagrun for example_task_group to 2024-02-28T09:01:38.248843+00:00, run_after=2024-02-29T09:01:38.248843+00:00
[2024-02-29T09:01:38.257+0000] {processor.py:175} INFO - Processing /home/airflow/.local/lib/python3.7/site-packages/airflow/example_dags/example_task_group.py took 0.042 seconds
[2024-02-29T09:02:08.729+0000] {processor.py:153} INFO - Started process (PID=2812) to work on /home/airflow/.local/lib/python3.7/site-packages/airflow/example_dags/example_task_group.py
[2024-02-29T09:02:08.730+0000] {processor.py:743} INFO - Processing file /home/airflow/.local/lib/python3.7/site-packages/airflow/example_dags/example_task_group.py for tasks to queue
[2024-02-29T09:02:08.730+0000] {logging_mixin.py:137} INFO - [2024-02-29T09:02:08.730+0000] {dagbag.py:538} INFO - Filling up the DagBag from /home/airflow/.local/lib/python3.7/site-packages/airflow/example_dags/example_task_group.py
[2024-02-29T09:02:08.738+0000] {processor.py:753} INFO - DAG(s) dict_keys(['example_task_group']) retrieved from /home/airflow/.local/lib/python3.7/site-packages/airflow/example_dags/example_task_group.py
[2024-02-29T09:02:08.749+0000] {logging_mixin.py:137} INFO - [2024-02-29T09:02:08.749+0000] {dag.py:2690} INFO - Sync 1 DAGs
[2024-02-29T09:02:08.760+0000] {logging_mixin.py:137} INFO - [2024-02-29T09:02:08.760+0000] {dag.py:3441} INFO - Setting next_dagrun for example_task_group to 2024-02-28T09:02:08.760316+00:00, run_after=2024-02-29T09:02:08.760316+00:00
[2024-02-29T09:02:08.768+0000] {processor.py:175} INFO - Processing /home/airflow/.local/lib/python3.7/site-packages/airflow/example_dags/example_task_group.py took 0.040 seconds
[2024-02-29T09:02:39.247+0000] {processor.py:153} INFO - Started process (PID=2906) to work on /home/airflow/.local/lib/python3.7/site-packages/airflow/example_dags/example_task_group.py
[2024-02-29T09:02:39.247+0000] {processor.py:743} INFO - Processing file /home/airflow/.local/lib/python3.7/site-packages/airflow/example_dags/example_task_group.py for tasks to queue
[2024-02-29T09:02:39.248+0000] {logging_mixin.py:137} INFO - [2024-02-29T09:02:39.248+0000] {dagbag.py:538} INFO - Filling up the DagBag from /home/airflow/.local/lib/python3.7/site-packages/airflow/example_dags/example_task_group.py
[2024-02-29T09:02:39.255+0000] {processor.py:753} INFO - DAG(s) dict_keys(['example_task_group']) retrieved from /home/airflow/.local/lib/python3.7/site-packages/airflow/example_dags/example_task_group.py
[2024-02-29T09:02:39.267+0000] {logging_mixin.py:137} INFO - [2024-02-29T09:02:39.267+0000] {dag.py:2690} INFO - Sync 1 DAGs
[2024-02-29T09:02:39.278+0000] {logging_mixin.py:137} INFO - [2024-02-29T09:02:39.278+0000] {dag.py:3441} INFO - Setting next_dagrun for example_task_group to 2024-02-28T09:02:39.278429+00:00, run_after=2024-02-29T09:02:39.278429+00:00
[2024-02-29T09:02:39.286+0000] {processor.py:175} INFO - Processing /home/airflow/.local/lib/python3.7/site-packages/airflow/example_dags/example_task_group.py took 0.041 seconds
[2024-02-29T09:03:09.761+0000] {processor.py:153} INFO - Started process (PID=2999) to work on /home/airflow/.local/lib/python3.7/site-packages/airflow/example_dags/example_task_group.py
[2024-02-29T09:03:09.762+0000] {processor.py:743} INFO - Processing file /home/airflow/.local/lib/python3.7/site-packages/airflow/example_dags/example_task_group.py for tasks to queue
[2024-02-29T09:03:09.763+0000] {logging_mixin.py:137} INFO - [2024-02-29T09:03:09.763+0000] {dagbag.py:538} INFO - Filling up the DagBag from /home/airflow/.local/lib/python3.7/site-packages/airflow/example_dags/example_task_group.py
[2024-02-29T09:03:09.770+0000] {processor.py:753} INFO - DAG(s) dict_keys(['example_task_group']) retrieved from /home/airflow/.local/lib/python3.7/site-packages/airflow/example_dags/example_task_group.py
[2024-02-29T09:03:09.784+0000] {logging_mixin.py:137} INFO - [2024-02-29T09:03:09.784+0000] {dag.py:2690} INFO - Sync 1 DAGs
[2024-02-29T09:03:09.796+0000] {logging_mixin.py:137} INFO - [2024-02-29T09:03:09.796+0000] {dag.py:3441} INFO - Setting next_dagrun for example_task_group to 2024-02-28T09:03:09.796596+00:00, run_after=2024-02-29T09:03:09.796596+00:00
[2024-02-29T09:03:09.806+0000] {processor.py:175} INFO - Processing /home/airflow/.local/lib/python3.7/site-packages/airflow/example_dags/example_task_group.py took 0.047 seconds
