[2024-02-29T08:46:25.143+0000] {processor.py:153} INFO - Started process (PID=62) to work on /home/airflow/.local/lib/python3.7/site-packages/airflow/example_dags/example_complex.py
[2024-02-29T08:46:25.144+0000] {processor.py:743} INFO - Processing file /home/airflow/.local/lib/python3.7/site-packages/airflow/example_dags/example_complex.py for tasks to queue
[2024-02-29T08:46:25.144+0000] {logging_mixin.py:137} INFO - [2024-02-29T08:46:25.144+0000] {dagbag.py:538} INFO - Filling up the DagBag from /home/airflow/.local/lib/python3.7/site-packages/airflow/example_dags/example_complex.py
[2024-02-29T08:46:25.152+0000] {logging_mixin.py:137} INFO - [2024-02-29T08:46:25.152+0000] {taskmixin.py:205} WARNING - Dependency <Task(BashOperator): create_entry_group>, delete_entry_group already registered for DAG: example_complex
[2024-02-29T08:46:25.152+0000] {logging_mixin.py:137} INFO - [2024-02-29T08:46:25.152+0000] {taskmixin.py:205} WARNING - Dependency <Task(BashOperator): delete_entry_group>, create_entry_group already registered for DAG: example_complex
[2024-02-29T08:46:25.152+0000] {logging_mixin.py:137} INFO - [2024-02-29T08:46:25.152+0000] {taskmixin.py:205} WARNING - Dependency <Task(BashOperator): create_entry_gcs>, delete_entry already registered for DAG: example_complex
[2024-02-29T08:46:25.153+0000] {logging_mixin.py:137} INFO - [2024-02-29T08:46:25.153+0000] {taskmixin.py:205} WARNING - Dependency <Task(BashOperator): delete_entry>, create_entry_gcs already registered for DAG: example_complex
[2024-02-29T08:46:25.153+0000] {logging_mixin.py:137} INFO - [2024-02-29T08:46:25.153+0000] {taskmixin.py:205} WARNING - Dependency <Task(BashOperator): create_tag>, delete_tag already registered for DAG: example_complex
[2024-02-29T08:46:25.153+0000] {logging_mixin.py:137} INFO - [2024-02-29T08:46:25.153+0000] {taskmixin.py:205} WARNING - Dependency <Task(BashOperator): delete_tag>, create_tag already registered for DAG: example_complex
[2024-02-29T08:46:25.157+0000] {processor.py:753} INFO - DAG(s) dict_keys(['example_complex']) retrieved from /home/airflow/.local/lib/python3.7/site-packages/airflow/example_dags/example_complex.py
[2024-02-29T08:46:25.173+0000] {logging_mixin.py:137} INFO - [2024-02-29T08:46:25.173+0000] {dag.py:2690} INFO - Sync 1 DAGs
[2024-02-29T08:46:25.188+0000] {logging_mixin.py:137} INFO - [2024-02-29T08:46:25.188+0000] {dag.py:3441} INFO - Setting next_dagrun for example_complex to None, run_after=None
[2024-02-29T08:46:25.198+0000] {processor.py:175} INFO - Processing /home/airflow/.local/lib/python3.7/site-packages/airflow/example_dags/example_complex.py took 0.057 seconds
[2024-02-29T08:46:55.869+0000] {processor.py:153} INFO - Started process (PID=155) to work on /home/airflow/.local/lib/python3.7/site-packages/airflow/example_dags/example_complex.py
[2024-02-29T08:46:55.869+0000] {processor.py:743} INFO - Processing file /home/airflow/.local/lib/python3.7/site-packages/airflow/example_dags/example_complex.py for tasks to queue
[2024-02-29T08:46:55.869+0000] {logging_mixin.py:137} INFO - [2024-02-29T08:46:55.869+0000] {dagbag.py:538} INFO - Filling up the DagBag from /home/airflow/.local/lib/python3.7/site-packages/airflow/example_dags/example_complex.py
[2024-02-29T08:46:55.875+0000] {logging_mixin.py:137} INFO - [2024-02-29T08:46:55.874+0000] {taskmixin.py:205} WARNING - Dependency <Task(BashOperator): create_entry_group>, delete_entry_group already registered for DAG: example_complex
[2024-02-29T08:46:55.875+0000] {logging_mixin.py:137} INFO - [2024-02-29T08:46:55.875+0000] {taskmixin.py:205} WARNING - Dependency <Task(BashOperator): delete_entry_group>, create_entry_group already registered for DAG: example_complex
[2024-02-29T08:46:55.875+0000] {logging_mixin.py:137} INFO - [2024-02-29T08:46:55.875+0000] {taskmixin.py:205} WARNING - Dependency <Task(BashOperator): create_entry_gcs>, delete_entry already registered for DAG: example_complex
[2024-02-29T08:46:55.875+0000] {logging_mixin.py:137} INFO - [2024-02-29T08:46:55.875+0000] {taskmixin.py:205} WARNING - Dependency <Task(BashOperator): delete_entry>, create_entry_gcs already registered for DAG: example_complex
[2024-02-29T08:46:55.875+0000] {logging_mixin.py:137} INFO - [2024-02-29T08:46:55.875+0000] {taskmixin.py:205} WARNING - Dependency <Task(BashOperator): create_tag>, delete_tag already registered for DAG: example_complex
[2024-02-29T08:46:55.876+0000] {logging_mixin.py:137} INFO - [2024-02-29T08:46:55.876+0000] {taskmixin.py:205} WARNING - Dependency <Task(BashOperator): delete_tag>, create_tag already registered for DAG: example_complex
[2024-02-29T08:46:55.879+0000] {processor.py:753} INFO - DAG(s) dict_keys(['example_complex']) retrieved from /home/airflow/.local/lib/python3.7/site-packages/airflow/example_dags/example_complex.py
[2024-02-29T08:46:55.893+0000] {logging_mixin.py:137} INFO - [2024-02-29T08:46:55.893+0000] {dag.py:2690} INFO - Sync 1 DAGs
[2024-02-29T08:46:55.903+0000] {logging_mixin.py:137} INFO - [2024-02-29T08:46:55.903+0000] {dag.py:3441} INFO - Setting next_dagrun for example_complex to None, run_after=None
[2024-02-29T08:46:55.910+0000] {processor.py:175} INFO - Processing /home/airflow/.local/lib/python3.7/site-packages/airflow/example_dags/example_complex.py took 0.043 seconds
[2024-02-29T08:47:26.176+0000] {processor.py:153} INFO - Started process (PID=249) to work on /home/airflow/.local/lib/python3.7/site-packages/airflow/example_dags/example_complex.py
[2024-02-29T08:47:26.176+0000] {processor.py:743} INFO - Processing file /home/airflow/.local/lib/python3.7/site-packages/airflow/example_dags/example_complex.py for tasks to queue
[2024-02-29T08:47:26.177+0000] {logging_mixin.py:137} INFO - [2024-02-29T08:47:26.176+0000] {dagbag.py:538} INFO - Filling up the DagBag from /home/airflow/.local/lib/python3.7/site-packages/airflow/example_dags/example_complex.py
[2024-02-29T08:47:26.181+0000] {logging_mixin.py:137} INFO - [2024-02-29T08:47:26.181+0000] {taskmixin.py:205} WARNING - Dependency <Task(BashOperator): create_entry_group>, delete_entry_group already registered for DAG: example_complex
[2024-02-29T08:47:26.182+0000] {logging_mixin.py:137} INFO - [2024-02-29T08:47:26.182+0000] {taskmixin.py:205} WARNING - Dependency <Task(BashOperator): delete_entry_group>, create_entry_group already registered for DAG: example_complex
[2024-02-29T08:47:26.182+0000] {logging_mixin.py:137} INFO - [2024-02-29T08:47:26.182+0000] {taskmixin.py:205} WARNING - Dependency <Task(BashOperator): create_entry_gcs>, delete_entry already registered for DAG: example_complex
[2024-02-29T08:47:26.182+0000] {logging_mixin.py:137} INFO - [2024-02-29T08:47:26.182+0000] {taskmixin.py:205} WARNING - Dependency <Task(BashOperator): delete_entry>, create_entry_gcs already registered for DAG: example_complex
[2024-02-29T08:47:26.182+0000] {logging_mixin.py:137} INFO - [2024-02-29T08:47:26.182+0000] {taskmixin.py:205} WARNING - Dependency <Task(BashOperator): create_tag>, delete_tag already registered for DAG: example_complex
[2024-02-29T08:47:26.182+0000] {logging_mixin.py:137} INFO - [2024-02-29T08:47:26.182+0000] {taskmixin.py:205} WARNING - Dependency <Task(BashOperator): delete_tag>, create_tag already registered for DAG: example_complex
[2024-02-29T08:47:26.186+0000] {processor.py:753} INFO - DAG(s) dict_keys(['example_complex']) retrieved from /home/airflow/.local/lib/python3.7/site-packages/airflow/example_dags/example_complex.py
[2024-02-29T08:47:26.199+0000] {logging_mixin.py:137} INFO - [2024-02-29T08:47:26.199+0000] {dag.py:2690} INFO - Sync 1 DAGs
[2024-02-29T08:47:26.210+0000] {logging_mixin.py:137} INFO - [2024-02-29T08:47:26.210+0000] {dag.py:3441} INFO - Setting next_dagrun for example_complex to None, run_after=None
[2024-02-29T08:47:26.217+0000] {processor.py:175} INFO - Processing /home/airflow/.local/lib/python3.7/site-packages/airflow/example_dags/example_complex.py took 0.043 seconds
[2024-02-29T08:47:56.498+0000] {processor.py:153} INFO - Started process (PID=325) to work on /home/airflow/.local/lib/python3.7/site-packages/airflow/example_dags/example_complex.py
[2024-02-29T08:47:56.499+0000] {processor.py:743} INFO - Processing file /home/airflow/.local/lib/python3.7/site-packages/airflow/example_dags/example_complex.py for tasks to queue
[2024-02-29T08:47:56.499+0000] {logging_mixin.py:137} INFO - [2024-02-29T08:47:56.499+0000] {dagbag.py:538} INFO - Filling up the DagBag from /home/airflow/.local/lib/python3.7/site-packages/airflow/example_dags/example_complex.py
[2024-02-29T08:47:56.505+0000] {logging_mixin.py:137} INFO - [2024-02-29T08:47:56.504+0000] {taskmixin.py:205} WARNING - Dependency <Task(BashOperator): create_entry_group>, delete_entry_group already registered for DAG: example_complex
[2024-02-29T08:47:56.505+0000] {logging_mixin.py:137} INFO - [2024-02-29T08:47:56.505+0000] {taskmixin.py:205} WARNING - Dependency <Task(BashOperator): delete_entry_group>, create_entry_group already registered for DAG: example_complex
[2024-02-29T08:47:56.506+0000] {logging_mixin.py:137} INFO - [2024-02-29T08:47:56.506+0000] {taskmixin.py:205} WARNING - Dependency <Task(BashOperator): create_entry_gcs>, delete_entry already registered for DAG: example_complex
[2024-02-29T08:47:56.506+0000] {logging_mixin.py:137} INFO - [2024-02-29T08:47:56.506+0000] {taskmixin.py:205} WARNING - Dependency <Task(BashOperator): delete_entry>, create_entry_gcs already registered for DAG: example_complex
[2024-02-29T08:47:56.506+0000] {logging_mixin.py:137} INFO - [2024-02-29T08:47:56.506+0000] {taskmixin.py:205} WARNING - Dependency <Task(BashOperator): create_tag>, delete_tag already registered for DAG: example_complex
[2024-02-29T08:47:56.506+0000] {logging_mixin.py:137} INFO - [2024-02-29T08:47:56.506+0000] {taskmixin.py:205} WARNING - Dependency <Task(BashOperator): delete_tag>, create_tag already registered for DAG: example_complex
[2024-02-29T08:47:56.510+0000] {processor.py:753} INFO - DAG(s) dict_keys(['example_complex']) retrieved from /home/airflow/.local/lib/python3.7/site-packages/airflow/example_dags/example_complex.py
[2024-02-29T08:47:56.524+0000] {logging_mixin.py:137} INFO - [2024-02-29T08:47:56.524+0000] {dag.py:2690} INFO - Sync 1 DAGs
[2024-02-29T08:47:56.535+0000] {logging_mixin.py:137} INFO - [2024-02-29T08:47:56.534+0000] {dag.py:3441} INFO - Setting next_dagrun for example_complex to None, run_after=None
[2024-02-29T08:47:56.543+0000] {processor.py:175} INFO - Processing /home/airflow/.local/lib/python3.7/site-packages/airflow/example_dags/example_complex.py took 0.047 seconds
[2024-02-29T08:48:27.034+0000] {processor.py:153} INFO - Started process (PID=418) to work on /home/airflow/.local/lib/python3.7/site-packages/airflow/example_dags/example_complex.py
[2024-02-29T08:48:27.035+0000] {processor.py:743} INFO - Processing file /home/airflow/.local/lib/python3.7/site-packages/airflow/example_dags/example_complex.py for tasks to queue
[2024-02-29T08:48:27.035+0000] {logging_mixin.py:137} INFO - [2024-02-29T08:48:27.035+0000] {dagbag.py:538} INFO - Filling up the DagBag from /home/airflow/.local/lib/python3.7/site-packages/airflow/example_dags/example_complex.py
[2024-02-29T08:48:27.040+0000] {logging_mixin.py:137} INFO - [2024-02-29T08:48:27.040+0000] {taskmixin.py:205} WARNING - Dependency <Task(BashOperator): create_entry_group>, delete_entry_group already registered for DAG: example_complex
[2024-02-29T08:48:27.040+0000] {logging_mixin.py:137} INFO - [2024-02-29T08:48:27.040+0000] {taskmixin.py:205} WARNING - Dependency <Task(BashOperator): delete_entry_group>, create_entry_group already registered for DAG: example_complex
[2024-02-29T08:48:27.040+0000] {logging_mixin.py:137} INFO - [2024-02-29T08:48:27.040+0000] {taskmixin.py:205} WARNING - Dependency <Task(BashOperator): create_entry_gcs>, delete_entry already registered for DAG: example_complex
[2024-02-29T08:48:27.041+0000] {logging_mixin.py:137} INFO - [2024-02-29T08:48:27.041+0000] {taskmixin.py:205} WARNING - Dependency <Task(BashOperator): delete_entry>, create_entry_gcs already registered for DAG: example_complex
[2024-02-29T08:48:27.041+0000] {logging_mixin.py:137} INFO - [2024-02-29T08:48:27.041+0000] {taskmixin.py:205} WARNING - Dependency <Task(BashOperator): create_tag>, delete_tag already registered for DAG: example_complex
[2024-02-29T08:48:27.041+0000] {logging_mixin.py:137} INFO - [2024-02-29T08:48:27.041+0000] {taskmixin.py:205} WARNING - Dependency <Task(BashOperator): delete_tag>, create_tag already registered for DAG: example_complex
[2024-02-29T08:48:27.044+0000] {processor.py:753} INFO - DAG(s) dict_keys(['example_complex']) retrieved from /home/airflow/.local/lib/python3.7/site-packages/airflow/example_dags/example_complex.py
[2024-02-29T08:48:27.058+0000] {logging_mixin.py:137} INFO - [2024-02-29T08:48:27.057+0000] {dag.py:2690} INFO - Sync 1 DAGs
[2024-02-29T08:48:27.069+0000] {logging_mixin.py:137} INFO - [2024-02-29T08:48:27.069+0000] {dag.py:3441} INFO - Setting next_dagrun for example_complex to None, run_after=None
[2024-02-29T08:48:27.076+0000] {processor.py:175} INFO - Processing /home/airflow/.local/lib/python3.7/site-packages/airflow/example_dags/example_complex.py took 0.043 seconds
[2024-02-29T08:48:57.386+0000] {processor.py:153} INFO - Started process (PID=512) to work on /home/airflow/.local/lib/python3.7/site-packages/airflow/example_dags/example_complex.py
[2024-02-29T08:48:57.387+0000] {processor.py:743} INFO - Processing file /home/airflow/.local/lib/python3.7/site-packages/airflow/example_dags/example_complex.py for tasks to queue
[2024-02-29T08:48:57.387+0000] {logging_mixin.py:137} INFO - [2024-02-29T08:48:57.387+0000] {dagbag.py:538} INFO - Filling up the DagBag from /home/airflow/.local/lib/python3.7/site-packages/airflow/example_dags/example_complex.py
[2024-02-29T08:48:57.392+0000] {logging_mixin.py:137} INFO - [2024-02-29T08:48:57.392+0000] {taskmixin.py:205} WARNING - Dependency <Task(BashOperator): create_entry_group>, delete_entry_group already registered for DAG: example_complex
[2024-02-29T08:48:57.392+0000] {logging_mixin.py:137} INFO - [2024-02-29T08:48:57.392+0000] {taskmixin.py:205} WARNING - Dependency <Task(BashOperator): delete_entry_group>, create_entry_group already registered for DAG: example_complex
[2024-02-29T08:48:57.393+0000] {logging_mixin.py:137} INFO - [2024-02-29T08:48:57.393+0000] {taskmixin.py:205} WARNING - Dependency <Task(BashOperator): create_entry_gcs>, delete_entry already registered for DAG: example_complex
[2024-02-29T08:48:57.393+0000] {logging_mixin.py:137} INFO - [2024-02-29T08:48:57.393+0000] {taskmixin.py:205} WARNING - Dependency <Task(BashOperator): delete_entry>, create_entry_gcs already registered for DAG: example_complex
[2024-02-29T08:48:57.393+0000] {logging_mixin.py:137} INFO - [2024-02-29T08:48:57.393+0000] {taskmixin.py:205} WARNING - Dependency <Task(BashOperator): create_tag>, delete_tag already registered for DAG: example_complex
[2024-02-29T08:48:57.393+0000] {logging_mixin.py:137} INFO - [2024-02-29T08:48:57.393+0000] {taskmixin.py:205} WARNING - Dependency <Task(BashOperator): delete_tag>, create_tag already registered for DAG: example_complex
[2024-02-29T08:48:57.396+0000] {processor.py:753} INFO - DAG(s) dict_keys(['example_complex']) retrieved from /home/airflow/.local/lib/python3.7/site-packages/airflow/example_dags/example_complex.py
[2024-02-29T08:48:57.410+0000] {logging_mixin.py:137} INFO - [2024-02-29T08:48:57.410+0000] {dag.py:2690} INFO - Sync 1 DAGs
[2024-02-29T08:48:57.421+0000] {logging_mixin.py:137} INFO - [2024-02-29T08:48:57.421+0000] {dag.py:3441} INFO - Setting next_dagrun for example_complex to None, run_after=None
[2024-02-29T08:48:57.429+0000] {processor.py:175} INFO - Processing /home/airflow/.local/lib/python3.7/site-packages/airflow/example_dags/example_complex.py took 0.044 seconds
[2024-02-29T08:49:27.820+0000] {processor.py:153} INFO - Started process (PID=606) to work on /home/airflow/.local/lib/python3.7/site-packages/airflow/example_dags/example_complex.py
[2024-02-29T08:49:27.821+0000] {processor.py:743} INFO - Processing file /home/airflow/.local/lib/python3.7/site-packages/airflow/example_dags/example_complex.py for tasks to queue
[2024-02-29T08:49:27.821+0000] {logging_mixin.py:137} INFO - [2024-02-29T08:49:27.821+0000] {dagbag.py:538} INFO - Filling up the DagBag from /home/airflow/.local/lib/python3.7/site-packages/airflow/example_dags/example_complex.py
[2024-02-29T08:49:27.826+0000] {logging_mixin.py:137} INFO - [2024-02-29T08:49:27.826+0000] {taskmixin.py:205} WARNING - Dependency <Task(BashOperator): create_entry_group>, delete_entry_group already registered for DAG: example_complex
[2024-02-29T08:49:27.826+0000] {logging_mixin.py:137} INFO - [2024-02-29T08:49:27.826+0000] {taskmixin.py:205} WARNING - Dependency <Task(BashOperator): delete_entry_group>, create_entry_group already registered for DAG: example_complex
[2024-02-29T08:49:27.826+0000] {logging_mixin.py:137} INFO - [2024-02-29T08:49:27.826+0000] {taskmixin.py:205} WARNING - Dependency <Task(BashOperator): create_entry_gcs>, delete_entry already registered for DAG: example_complex
[2024-02-29T08:49:27.827+0000] {logging_mixin.py:137} INFO - [2024-02-29T08:49:27.827+0000] {taskmixin.py:205} WARNING - Dependency <Task(BashOperator): delete_entry>, create_entry_gcs already registered for DAG: example_complex
[2024-02-29T08:49:27.827+0000] {logging_mixin.py:137} INFO - [2024-02-29T08:49:27.827+0000] {taskmixin.py:205} WARNING - Dependency <Task(BashOperator): create_tag>, delete_tag already registered for DAG: example_complex
[2024-02-29T08:49:27.827+0000] {logging_mixin.py:137} INFO - [2024-02-29T08:49:27.827+0000] {taskmixin.py:205} WARNING - Dependency <Task(BashOperator): delete_tag>, create_tag already registered for DAG: example_complex
[2024-02-29T08:49:27.830+0000] {processor.py:753} INFO - DAG(s) dict_keys(['example_complex']) retrieved from /home/airflow/.local/lib/python3.7/site-packages/airflow/example_dags/example_complex.py
[2024-02-29T08:49:27.844+0000] {logging_mixin.py:137} INFO - [2024-02-29T08:49:27.844+0000] {dag.py:2690} INFO - Sync 1 DAGs
[2024-02-29T08:49:27.855+0000] {logging_mixin.py:137} INFO - [2024-02-29T08:49:27.855+0000] {dag.py:3441} INFO - Setting next_dagrun for example_complex to None, run_after=None
[2024-02-29T08:49:27.863+0000] {processor.py:175} INFO - Processing /home/airflow/.local/lib/python3.7/site-packages/airflow/example_dags/example_complex.py took 0.045 seconds
[2024-02-29T08:49:58.143+0000] {processor.py:153} INFO - Started process (PID=681) to work on /home/airflow/.local/lib/python3.7/site-packages/airflow/example_dags/example_complex.py
[2024-02-29T08:49:58.144+0000] {processor.py:743} INFO - Processing file /home/airflow/.local/lib/python3.7/site-packages/airflow/example_dags/example_complex.py for tasks to queue
[2024-02-29T08:49:58.144+0000] {logging_mixin.py:137} INFO - [2024-02-29T08:49:58.144+0000] {dagbag.py:538} INFO - Filling up the DagBag from /home/airflow/.local/lib/python3.7/site-packages/airflow/example_dags/example_complex.py
[2024-02-29T08:49:58.149+0000] {logging_mixin.py:137} INFO - [2024-02-29T08:49:58.149+0000] {taskmixin.py:205} WARNING - Dependency <Task(BashOperator): create_entry_group>, delete_entry_group already registered for DAG: example_complex
[2024-02-29T08:49:58.149+0000] {logging_mixin.py:137} INFO - [2024-02-29T08:49:58.149+0000] {taskmixin.py:205} WARNING - Dependency <Task(BashOperator): delete_entry_group>, create_entry_group already registered for DAG: example_complex
[2024-02-29T08:49:58.149+0000] {logging_mixin.py:137} INFO - [2024-02-29T08:49:58.149+0000] {taskmixin.py:205} WARNING - Dependency <Task(BashOperator): create_entry_gcs>, delete_entry already registered for DAG: example_complex
[2024-02-29T08:49:58.149+0000] {logging_mixin.py:137} INFO - [2024-02-29T08:49:58.149+0000] {taskmixin.py:205} WARNING - Dependency <Task(BashOperator): delete_entry>, create_entry_gcs already registered for DAG: example_complex
[2024-02-29T08:49:58.150+0000] {logging_mixin.py:137} INFO - [2024-02-29T08:49:58.150+0000] {taskmixin.py:205} WARNING - Dependency <Task(BashOperator): create_tag>, delete_tag already registered for DAG: example_complex
[2024-02-29T08:49:58.150+0000] {logging_mixin.py:137} INFO - [2024-02-29T08:49:58.150+0000] {taskmixin.py:205} WARNING - Dependency <Task(BashOperator): delete_tag>, create_tag already registered for DAG: example_complex
[2024-02-29T08:49:58.153+0000] {processor.py:753} INFO - DAG(s) dict_keys(['example_complex']) retrieved from /home/airflow/.local/lib/python3.7/site-packages/airflow/example_dags/example_complex.py
[2024-02-29T08:49:58.167+0000] {logging_mixin.py:137} INFO - [2024-02-29T08:49:58.166+0000] {dag.py:2690} INFO - Sync 1 DAGs
[2024-02-29T08:49:58.178+0000] {logging_mixin.py:137} INFO - [2024-02-29T08:49:58.178+0000] {dag.py:3441} INFO - Setting next_dagrun for example_complex to None, run_after=None
[2024-02-29T08:49:58.185+0000] {processor.py:175} INFO - Processing /home/airflow/.local/lib/python3.7/site-packages/airflow/example_dags/example_complex.py took 0.044 seconds
[2024-02-29T08:50:28.590+0000] {processor.py:153} INFO - Started process (PID=775) to work on /home/airflow/.local/lib/python3.7/site-packages/airflow/example_dags/example_complex.py
[2024-02-29T08:50:28.591+0000] {processor.py:743} INFO - Processing file /home/airflow/.local/lib/python3.7/site-packages/airflow/example_dags/example_complex.py for tasks to queue
[2024-02-29T08:50:28.591+0000] {logging_mixin.py:137} INFO - [2024-02-29T08:50:28.591+0000] {dagbag.py:538} INFO - Filling up the DagBag from /home/airflow/.local/lib/python3.7/site-packages/airflow/example_dags/example_complex.py
[2024-02-29T08:50:28.597+0000] {logging_mixin.py:137} INFO - [2024-02-29T08:50:28.597+0000] {taskmixin.py:205} WARNING - Dependency <Task(BashOperator): create_entry_group>, delete_entry_group already registered for DAG: example_complex
[2024-02-29T08:50:28.597+0000] {logging_mixin.py:137} INFO - [2024-02-29T08:50:28.597+0000] {taskmixin.py:205} WARNING - Dependency <Task(BashOperator): delete_entry_group>, create_entry_group already registered for DAG: example_complex
[2024-02-29T08:50:28.597+0000] {logging_mixin.py:137} INFO - [2024-02-29T08:50:28.597+0000] {taskmixin.py:205} WARNING - Dependency <Task(BashOperator): create_entry_gcs>, delete_entry already registered for DAG: example_complex
[2024-02-29T08:50:28.597+0000] {logging_mixin.py:137} INFO - [2024-02-29T08:50:28.597+0000] {taskmixin.py:205} WARNING - Dependency <Task(BashOperator): delete_entry>, create_entry_gcs already registered for DAG: example_complex
[2024-02-29T08:50:28.598+0000] {logging_mixin.py:137} INFO - [2024-02-29T08:50:28.598+0000] {taskmixin.py:205} WARNING - Dependency <Task(BashOperator): create_tag>, delete_tag already registered for DAG: example_complex
[2024-02-29T08:50:28.598+0000] {logging_mixin.py:137} INFO - [2024-02-29T08:50:28.598+0000] {taskmixin.py:205} WARNING - Dependency <Task(BashOperator): delete_tag>, create_tag already registered for DAG: example_complex
[2024-02-29T08:50:28.602+0000] {processor.py:753} INFO - DAG(s) dict_keys(['example_complex']) retrieved from /home/airflow/.local/lib/python3.7/site-packages/airflow/example_dags/example_complex.py
[2024-02-29T08:50:28.622+0000] {logging_mixin.py:137} INFO - [2024-02-29T08:50:28.622+0000] {dag.py:2690} INFO - Sync 1 DAGs
[2024-02-29T08:50:28.634+0000] {logging_mixin.py:137} INFO - [2024-02-29T08:50:28.634+0000] {dag.py:3441} INFO - Setting next_dagrun for example_complex to None, run_after=None
[2024-02-29T08:50:28.643+0000] {processor.py:175} INFO - Processing /home/airflow/.local/lib/python3.7/site-packages/airflow/example_dags/example_complex.py took 0.054 seconds
[2024-02-29T08:50:59.075+0000] {processor.py:153} INFO - Started process (PID=869) to work on /home/airflow/.local/lib/python3.7/site-packages/airflow/example_dags/example_complex.py
[2024-02-29T08:50:59.076+0000] {processor.py:743} INFO - Processing file /home/airflow/.local/lib/python3.7/site-packages/airflow/example_dags/example_complex.py for tasks to queue
[2024-02-29T08:50:59.076+0000] {logging_mixin.py:137} INFO - [2024-02-29T08:50:59.076+0000] {dagbag.py:538} INFO - Filling up the DagBag from /home/airflow/.local/lib/python3.7/site-packages/airflow/example_dags/example_complex.py
[2024-02-29T08:50:59.081+0000] {logging_mixin.py:137} INFO - [2024-02-29T08:50:59.081+0000] {taskmixin.py:205} WARNING - Dependency <Task(BashOperator): create_entry_group>, delete_entry_group already registered for DAG: example_complex
[2024-02-29T08:50:59.081+0000] {logging_mixin.py:137} INFO - [2024-02-29T08:50:59.081+0000] {taskmixin.py:205} WARNING - Dependency <Task(BashOperator): delete_entry_group>, create_entry_group already registered for DAG: example_complex
[2024-02-29T08:50:59.081+0000] {logging_mixin.py:137} INFO - [2024-02-29T08:50:59.081+0000] {taskmixin.py:205} WARNING - Dependency <Task(BashOperator): create_entry_gcs>, delete_entry already registered for DAG: example_complex
[2024-02-29T08:50:59.082+0000] {logging_mixin.py:137} INFO - [2024-02-29T08:50:59.082+0000] {taskmixin.py:205} WARNING - Dependency <Task(BashOperator): delete_entry>, create_entry_gcs already registered for DAG: example_complex
[2024-02-29T08:50:59.082+0000] {logging_mixin.py:137} INFO - [2024-02-29T08:50:59.082+0000] {taskmixin.py:205} WARNING - Dependency <Task(BashOperator): create_tag>, delete_tag already registered for DAG: example_complex
[2024-02-29T08:50:59.082+0000] {logging_mixin.py:137} INFO - [2024-02-29T08:50:59.082+0000] {taskmixin.py:205} WARNING - Dependency <Task(BashOperator): delete_tag>, create_tag already registered for DAG: example_complex
[2024-02-29T08:50:59.085+0000] {processor.py:753} INFO - DAG(s) dict_keys(['example_complex']) retrieved from /home/airflow/.local/lib/python3.7/site-packages/airflow/example_dags/example_complex.py
[2024-02-29T08:50:59.099+0000] {logging_mixin.py:137} INFO - [2024-02-29T08:50:59.099+0000] {dag.py:2690} INFO - Sync 1 DAGs
[2024-02-29T08:50:59.109+0000] {logging_mixin.py:137} INFO - [2024-02-29T08:50:59.109+0000] {dag.py:3441} INFO - Setting next_dagrun for example_complex to None, run_after=None
[2024-02-29T08:50:59.116+0000] {processor.py:175} INFO - Processing /home/airflow/.local/lib/python3.7/site-packages/airflow/example_dags/example_complex.py took 0.043 seconds
[2024-02-29T08:51:29.440+0000] {processor.py:153} INFO - Started process (PID=962) to work on /home/airflow/.local/lib/python3.7/site-packages/airflow/example_dags/example_complex.py
[2024-02-29T08:51:29.440+0000] {processor.py:743} INFO - Processing file /home/airflow/.local/lib/python3.7/site-packages/airflow/example_dags/example_complex.py for tasks to queue
[2024-02-29T08:51:29.441+0000] {logging_mixin.py:137} INFO - [2024-02-29T08:51:29.441+0000] {dagbag.py:538} INFO - Filling up the DagBag from /home/airflow/.local/lib/python3.7/site-packages/airflow/example_dags/example_complex.py
[2024-02-29T08:51:29.447+0000] {logging_mixin.py:137} INFO - [2024-02-29T08:51:29.447+0000] {taskmixin.py:205} WARNING - Dependency <Task(BashOperator): create_entry_group>, delete_entry_group already registered for DAG: example_complex
[2024-02-29T08:51:29.447+0000] {logging_mixin.py:137} INFO - [2024-02-29T08:51:29.447+0000] {taskmixin.py:205} WARNING - Dependency <Task(BashOperator): delete_entry_group>, create_entry_group already registered for DAG: example_complex
[2024-02-29T08:51:29.447+0000] {logging_mixin.py:137} INFO - [2024-02-29T08:51:29.447+0000] {taskmixin.py:205} WARNING - Dependency <Task(BashOperator): create_entry_gcs>, delete_entry already registered for DAG: example_complex
[2024-02-29T08:51:29.447+0000] {logging_mixin.py:137} INFO - [2024-02-29T08:51:29.447+0000] {taskmixin.py:205} WARNING - Dependency <Task(BashOperator): delete_entry>, create_entry_gcs already registered for DAG: example_complex
[2024-02-29T08:51:29.447+0000] {logging_mixin.py:137} INFO - [2024-02-29T08:51:29.447+0000] {taskmixin.py:205} WARNING - Dependency <Task(BashOperator): create_tag>, delete_tag already registered for DAG: example_complex
[2024-02-29T08:51:29.447+0000] {logging_mixin.py:137} INFO - [2024-02-29T08:51:29.447+0000] {taskmixin.py:205} WARNING - Dependency <Task(BashOperator): delete_tag>, create_tag already registered for DAG: example_complex
[2024-02-29T08:51:29.450+0000] {processor.py:753} INFO - DAG(s) dict_keys(['example_complex']) retrieved from /home/airflow/.local/lib/python3.7/site-packages/airflow/example_dags/example_complex.py
[2024-02-29T08:51:29.463+0000] {logging_mixin.py:137} INFO - [2024-02-29T08:51:29.463+0000] {dag.py:2690} INFO - Sync 1 DAGs
[2024-02-29T08:51:29.474+0000] {logging_mixin.py:137} INFO - [2024-02-29T08:51:29.474+0000] {dag.py:3441} INFO - Setting next_dagrun for example_complex to None, run_after=None
[2024-02-29T08:51:29.482+0000] {processor.py:175} INFO - Processing /home/airflow/.local/lib/python3.7/site-packages/airflow/example_dags/example_complex.py took 0.044 seconds
[2024-02-29T08:51:59.821+0000] {processor.py:153} INFO - Started process (PID=1038) to work on /home/airflow/.local/lib/python3.7/site-packages/airflow/example_dags/example_complex.py
[2024-02-29T08:51:59.822+0000] {processor.py:743} INFO - Processing file /home/airflow/.local/lib/python3.7/site-packages/airflow/example_dags/example_complex.py for tasks to queue
[2024-02-29T08:51:59.822+0000] {logging_mixin.py:137} INFO - [2024-02-29T08:51:59.822+0000] {dagbag.py:538} INFO - Filling up the DagBag from /home/airflow/.local/lib/python3.7/site-packages/airflow/example_dags/example_complex.py
[2024-02-29T08:51:59.827+0000] {logging_mixin.py:137} INFO - [2024-02-29T08:51:59.827+0000] {taskmixin.py:205} WARNING - Dependency <Task(BashOperator): create_entry_group>, delete_entry_group already registered for DAG: example_complex
[2024-02-29T08:51:59.828+0000] {logging_mixin.py:137} INFO - [2024-02-29T08:51:59.827+0000] {taskmixin.py:205} WARNING - Dependency <Task(BashOperator): delete_entry_group>, create_entry_group already registered for DAG: example_complex
[2024-02-29T08:51:59.828+0000] {logging_mixin.py:137} INFO - [2024-02-29T08:51:59.828+0000] {taskmixin.py:205} WARNING - Dependency <Task(BashOperator): create_entry_gcs>, delete_entry already registered for DAG: example_complex
[2024-02-29T08:51:59.828+0000] {logging_mixin.py:137} INFO - [2024-02-29T08:51:59.828+0000] {taskmixin.py:205} WARNING - Dependency <Task(BashOperator): delete_entry>, create_entry_gcs already registered for DAG: example_complex
[2024-02-29T08:51:59.828+0000] {logging_mixin.py:137} INFO - [2024-02-29T08:51:59.828+0000] {taskmixin.py:205} WARNING - Dependency <Task(BashOperator): create_tag>, delete_tag already registered for DAG: example_complex
[2024-02-29T08:51:59.828+0000] {logging_mixin.py:137} INFO - [2024-02-29T08:51:59.828+0000] {taskmixin.py:205} WARNING - Dependency <Task(BashOperator): delete_tag>, create_tag already registered for DAG: example_complex
[2024-02-29T08:51:59.832+0000] {processor.py:753} INFO - DAG(s) dict_keys(['example_complex']) retrieved from /home/airflow/.local/lib/python3.7/site-packages/airflow/example_dags/example_complex.py
[2024-02-29T08:51:59.845+0000] {logging_mixin.py:137} INFO - [2024-02-29T08:51:59.845+0000] {dag.py:2690} INFO - Sync 1 DAGs
[2024-02-29T08:51:59.856+0000] {logging_mixin.py:137} INFO - [2024-02-29T08:51:59.856+0000] {dag.py:3441} INFO - Setting next_dagrun for example_complex to None, run_after=None
[2024-02-29T08:51:59.864+0000] {processor.py:175} INFO - Processing /home/airflow/.local/lib/python3.7/site-packages/airflow/example_dags/example_complex.py took 0.044 seconds
[2024-02-29T08:52:30.147+0000] {processor.py:153} INFO - Started process (PID=1131) to work on /home/airflow/.local/lib/python3.7/site-packages/airflow/example_dags/example_complex.py
[2024-02-29T08:52:30.148+0000] {processor.py:743} INFO - Processing file /home/airflow/.local/lib/python3.7/site-packages/airflow/example_dags/example_complex.py for tasks to queue
[2024-02-29T08:52:30.148+0000] {logging_mixin.py:137} INFO - [2024-02-29T08:52:30.148+0000] {dagbag.py:538} INFO - Filling up the DagBag from /home/airflow/.local/lib/python3.7/site-packages/airflow/example_dags/example_complex.py
[2024-02-29T08:52:30.154+0000] {logging_mixin.py:137} INFO - [2024-02-29T08:52:30.153+0000] {taskmixin.py:205} WARNING - Dependency <Task(BashOperator): create_entry_group>, delete_entry_group already registered for DAG: example_complex
[2024-02-29T08:52:30.154+0000] {logging_mixin.py:137} INFO - [2024-02-29T08:52:30.154+0000] {taskmixin.py:205} WARNING - Dependency <Task(BashOperator): delete_entry_group>, create_entry_group already registered for DAG: example_complex
[2024-02-29T08:52:30.154+0000] {logging_mixin.py:137} INFO - [2024-02-29T08:52:30.154+0000] {taskmixin.py:205} WARNING - Dependency <Task(BashOperator): create_entry_gcs>, delete_entry already registered for DAG: example_complex
[2024-02-29T08:52:30.154+0000] {logging_mixin.py:137} INFO - [2024-02-29T08:52:30.154+0000] {taskmixin.py:205} WARNING - Dependency <Task(BashOperator): delete_entry>, create_entry_gcs already registered for DAG: example_complex
[2024-02-29T08:52:30.154+0000] {logging_mixin.py:137} INFO - [2024-02-29T08:52:30.154+0000] {taskmixin.py:205} WARNING - Dependency <Task(BashOperator): create_tag>, delete_tag already registered for DAG: example_complex
[2024-02-29T08:52:30.155+0000] {logging_mixin.py:137} INFO - [2024-02-29T08:52:30.155+0000] {taskmixin.py:205} WARNING - Dependency <Task(BashOperator): delete_tag>, create_tag already registered for DAG: example_complex
[2024-02-29T08:52:30.158+0000] {processor.py:753} INFO - DAG(s) dict_keys(['example_complex']) retrieved from /home/airflow/.local/lib/python3.7/site-packages/airflow/example_dags/example_complex.py
[2024-02-29T08:52:30.171+0000] {logging_mixin.py:137} INFO - [2024-02-29T08:52:30.171+0000] {dag.py:2690} INFO - Sync 1 DAGs
[2024-02-29T08:52:30.182+0000] {logging_mixin.py:137} INFO - [2024-02-29T08:52:30.182+0000] {dag.py:3441} INFO - Setting next_dagrun for example_complex to None, run_after=None
[2024-02-29T08:52:30.190+0000] {processor.py:175} INFO - Processing /home/airflow/.local/lib/python3.7/site-packages/airflow/example_dags/example_complex.py took 0.044 seconds
[2024-02-29T08:53:00.491+0000] {processor.py:153} INFO - Started process (PID=1224) to work on /home/airflow/.local/lib/python3.7/site-packages/airflow/example_dags/example_complex.py
[2024-02-29T08:53:00.491+0000] {processor.py:743} INFO - Processing file /home/airflow/.local/lib/python3.7/site-packages/airflow/example_dags/example_complex.py for tasks to queue
[2024-02-29T08:53:00.491+0000] {logging_mixin.py:137} INFO - [2024-02-29T08:53:00.491+0000] {dagbag.py:538} INFO - Filling up the DagBag from /home/airflow/.local/lib/python3.7/site-packages/airflow/example_dags/example_complex.py
[2024-02-29T08:53:00.496+0000] {logging_mixin.py:137} INFO - [2024-02-29T08:53:00.496+0000] {taskmixin.py:205} WARNING - Dependency <Task(BashOperator): create_entry_group>, delete_entry_group already registered for DAG: example_complex
[2024-02-29T08:53:00.497+0000] {logging_mixin.py:137} INFO - [2024-02-29T08:53:00.496+0000] {taskmixin.py:205} WARNING - Dependency <Task(BashOperator): delete_entry_group>, create_entry_group already registered for DAG: example_complex
[2024-02-29T08:53:00.497+0000] {logging_mixin.py:137} INFO - [2024-02-29T08:53:00.497+0000] {taskmixin.py:205} WARNING - Dependency <Task(BashOperator): create_entry_gcs>, delete_entry already registered for DAG: example_complex
[2024-02-29T08:53:00.497+0000] {logging_mixin.py:137} INFO - [2024-02-29T08:53:00.497+0000] {taskmixin.py:205} WARNING - Dependency <Task(BashOperator): delete_entry>, create_entry_gcs already registered for DAG: example_complex
[2024-02-29T08:53:00.497+0000] {logging_mixin.py:137} INFO - [2024-02-29T08:53:00.497+0000] {taskmixin.py:205} WARNING - Dependency <Task(BashOperator): create_tag>, delete_tag already registered for DAG: example_complex
[2024-02-29T08:53:00.497+0000] {logging_mixin.py:137} INFO - [2024-02-29T08:53:00.497+0000] {taskmixin.py:205} WARNING - Dependency <Task(BashOperator): delete_tag>, create_tag already registered for DAG: example_complex
[2024-02-29T08:53:00.500+0000] {processor.py:753} INFO - DAG(s) dict_keys(['example_complex']) retrieved from /home/airflow/.local/lib/python3.7/site-packages/airflow/example_dags/example_complex.py
[2024-02-29T08:53:00.514+0000] {logging_mixin.py:137} INFO - [2024-02-29T08:53:00.514+0000] {dag.py:2690} INFO - Sync 1 DAGs
[2024-02-29T08:53:00.525+0000] {logging_mixin.py:137} INFO - [2024-02-29T08:53:00.525+0000] {dag.py:3441} INFO - Setting next_dagrun for example_complex to None, run_after=None
[2024-02-29T08:53:00.532+0000] {processor.py:175} INFO - Processing /home/airflow/.local/lib/python3.7/site-packages/airflow/example_dags/example_complex.py took 0.043 seconds
[2024-02-29T08:53:30.887+0000] {processor.py:153} INFO - Started process (PID=1318) to work on /home/airflow/.local/lib/python3.7/site-packages/airflow/example_dags/example_complex.py
[2024-02-29T08:53:30.887+0000] {processor.py:743} INFO - Processing file /home/airflow/.local/lib/python3.7/site-packages/airflow/example_dags/example_complex.py for tasks to queue
[2024-02-29T08:53:30.888+0000] {logging_mixin.py:137} INFO - [2024-02-29T08:53:30.888+0000] {dagbag.py:538} INFO - Filling up the DagBag from /home/airflow/.local/lib/python3.7/site-packages/airflow/example_dags/example_complex.py
[2024-02-29T08:53:30.893+0000] {logging_mixin.py:137} INFO - [2024-02-29T08:53:30.893+0000] {taskmixin.py:205} WARNING - Dependency <Task(BashOperator): create_entry_group>, delete_entry_group already registered for DAG: example_complex
[2024-02-29T08:53:30.893+0000] {logging_mixin.py:137} INFO - [2024-02-29T08:53:30.893+0000] {taskmixin.py:205} WARNING - Dependency <Task(BashOperator): delete_entry_group>, create_entry_group already registered for DAG: example_complex
[2024-02-29T08:53:30.893+0000] {logging_mixin.py:137} INFO - [2024-02-29T08:53:30.893+0000] {taskmixin.py:205} WARNING - Dependency <Task(BashOperator): create_entry_gcs>, delete_entry already registered for DAG: example_complex
[2024-02-29T08:53:30.893+0000] {logging_mixin.py:137} INFO - [2024-02-29T08:53:30.893+0000] {taskmixin.py:205} WARNING - Dependency <Task(BashOperator): delete_entry>, create_entry_gcs already registered for DAG: example_complex
[2024-02-29T08:53:30.894+0000] {logging_mixin.py:137} INFO - [2024-02-29T08:53:30.894+0000] {taskmixin.py:205} WARNING - Dependency <Task(BashOperator): create_tag>, delete_tag already registered for DAG: example_complex
[2024-02-29T08:53:30.894+0000] {logging_mixin.py:137} INFO - [2024-02-29T08:53:30.894+0000] {taskmixin.py:205} WARNING - Dependency <Task(BashOperator): delete_tag>, create_tag already registered for DAG: example_complex
[2024-02-29T08:53:30.897+0000] {processor.py:753} INFO - DAG(s) dict_keys(['example_complex']) retrieved from /home/airflow/.local/lib/python3.7/site-packages/airflow/example_dags/example_complex.py
[2024-02-29T08:53:30.910+0000] {logging_mixin.py:137} INFO - [2024-02-29T08:53:30.910+0000] {dag.py:2690} INFO - Sync 1 DAGs
[2024-02-29T08:53:30.921+0000] {logging_mixin.py:137} INFO - [2024-02-29T08:53:30.921+0000] {dag.py:3441} INFO - Setting next_dagrun for example_complex to None, run_after=None
[2024-02-29T08:53:30.929+0000] {processor.py:175} INFO - Processing /home/airflow/.local/lib/python3.7/site-packages/airflow/example_dags/example_complex.py took 0.044 seconds
[2024-02-29T08:54:01.299+0000] {processor.py:153} INFO - Started process (PID=1394) to work on /home/airflow/.local/lib/python3.7/site-packages/airflow/example_dags/example_complex.py
[2024-02-29T08:54:01.300+0000] {processor.py:743} INFO - Processing file /home/airflow/.local/lib/python3.7/site-packages/airflow/example_dags/example_complex.py for tasks to queue
[2024-02-29T08:54:01.304+0000] {logging_mixin.py:137} INFO - [2024-02-29T08:54:01.303+0000] {dagbag.py:538} INFO - Filling up the DagBag from /home/airflow/.local/lib/python3.7/site-packages/airflow/example_dags/example_complex.py
[2024-02-29T08:54:01.309+0000] {logging_mixin.py:137} INFO - [2024-02-29T08:54:01.309+0000] {taskmixin.py:205} WARNING - Dependency <Task(BashOperator): create_entry_group>, delete_entry_group already registered for DAG: example_complex
[2024-02-29T08:54:01.310+0000] {logging_mixin.py:137} INFO - [2024-02-29T08:54:01.310+0000] {taskmixin.py:205} WARNING - Dependency <Task(BashOperator): delete_entry_group>, create_entry_group already registered for DAG: example_complex
[2024-02-29T08:54:01.310+0000] {logging_mixin.py:137} INFO - [2024-02-29T08:54:01.310+0000] {taskmixin.py:205} WARNING - Dependency <Task(BashOperator): create_entry_gcs>, delete_entry already registered for DAG: example_complex
[2024-02-29T08:54:01.311+0000] {logging_mixin.py:137} INFO - [2024-02-29T08:54:01.311+0000] {taskmixin.py:205} WARNING - Dependency <Task(BashOperator): delete_entry>, create_entry_gcs already registered for DAG: example_complex
[2024-02-29T08:54:01.311+0000] {logging_mixin.py:137} INFO - [2024-02-29T08:54:01.311+0000] {taskmixin.py:205} WARNING - Dependency <Task(BashOperator): create_tag>, delete_tag already registered for DAG: example_complex
[2024-02-29T08:54:01.311+0000] {logging_mixin.py:137} INFO - [2024-02-29T08:54:01.311+0000] {taskmixin.py:205} WARNING - Dependency <Task(BashOperator): delete_tag>, create_tag already registered for DAG: example_complex
[2024-02-29T08:54:01.314+0000] {processor.py:753} INFO - DAG(s) dict_keys(['example_complex']) retrieved from /home/airflow/.local/lib/python3.7/site-packages/airflow/example_dags/example_complex.py
[2024-02-29T08:54:01.329+0000] {logging_mixin.py:137} INFO - [2024-02-29T08:54:01.329+0000] {dag.py:2690} INFO - Sync 1 DAGs
[2024-02-29T08:54:01.340+0000] {logging_mixin.py:137} INFO - [2024-02-29T08:54:01.340+0000] {dag.py:3441} INFO - Setting next_dagrun for example_complex to None, run_after=None
[2024-02-29T08:54:01.350+0000] {processor.py:175} INFO - Processing /home/airflow/.local/lib/python3.7/site-packages/airflow/example_dags/example_complex.py took 0.052 seconds
[2024-02-29T08:54:31.706+0000] {processor.py:153} INFO - Started process (PID=1488) to work on /home/airflow/.local/lib/python3.7/site-packages/airflow/example_dags/example_complex.py
[2024-02-29T08:54:31.706+0000] {processor.py:743} INFO - Processing file /home/airflow/.local/lib/python3.7/site-packages/airflow/example_dags/example_complex.py for tasks to queue
[2024-02-29T08:54:31.706+0000] {logging_mixin.py:137} INFO - [2024-02-29T08:54:31.706+0000] {dagbag.py:538} INFO - Filling up the DagBag from /home/airflow/.local/lib/python3.7/site-packages/airflow/example_dags/example_complex.py
[2024-02-29T08:54:31.711+0000] {logging_mixin.py:137} INFO - [2024-02-29T08:54:31.711+0000] {taskmixin.py:205} WARNING - Dependency <Task(BashOperator): create_entry_group>, delete_entry_group already registered for DAG: example_complex
[2024-02-29T08:54:31.712+0000] {logging_mixin.py:137} INFO - [2024-02-29T08:54:31.712+0000] {taskmixin.py:205} WARNING - Dependency <Task(BashOperator): delete_entry_group>, create_entry_group already registered for DAG: example_complex
[2024-02-29T08:54:31.712+0000] {logging_mixin.py:137} INFO - [2024-02-29T08:54:31.712+0000] {taskmixin.py:205} WARNING - Dependency <Task(BashOperator): create_entry_gcs>, delete_entry already registered for DAG: example_complex
[2024-02-29T08:54:31.712+0000] {logging_mixin.py:137} INFO - [2024-02-29T08:54:31.712+0000] {taskmixin.py:205} WARNING - Dependency <Task(BashOperator): delete_entry>, create_entry_gcs already registered for DAG: example_complex
[2024-02-29T08:54:31.712+0000] {logging_mixin.py:137} INFO - [2024-02-29T08:54:31.712+0000] {taskmixin.py:205} WARNING - Dependency <Task(BashOperator): create_tag>, delete_tag already registered for DAG: example_complex
[2024-02-29T08:54:31.712+0000] {logging_mixin.py:137} INFO - [2024-02-29T08:54:31.712+0000] {taskmixin.py:205} WARNING - Dependency <Task(BashOperator): delete_tag>, create_tag already registered for DAG: example_complex
[2024-02-29T08:54:31.716+0000] {processor.py:753} INFO - DAG(s) dict_keys(['example_complex']) retrieved from /home/airflow/.local/lib/python3.7/site-packages/airflow/example_dags/example_complex.py
[2024-02-29T08:54:31.730+0000] {logging_mixin.py:137} INFO - [2024-02-29T08:54:31.729+0000] {dag.py:2690} INFO - Sync 1 DAGs
[2024-02-29T08:54:31.740+0000] {logging_mixin.py:137} INFO - [2024-02-29T08:54:31.740+0000] {dag.py:3441} INFO - Setting next_dagrun for example_complex to None, run_after=None
[2024-02-29T08:54:31.748+0000] {processor.py:175} INFO - Processing /home/airflow/.local/lib/python3.7/site-packages/airflow/example_dags/example_complex.py took 0.044 seconds
[2024-02-29T08:55:02.153+0000] {processor.py:153} INFO - Started process (PID=1582) to work on /home/airflow/.local/lib/python3.7/site-packages/airflow/example_dags/example_complex.py
[2024-02-29T08:55:02.154+0000] {processor.py:743} INFO - Processing file /home/airflow/.local/lib/python3.7/site-packages/airflow/example_dags/example_complex.py for tasks to queue
[2024-02-29T08:55:02.154+0000] {logging_mixin.py:137} INFO - [2024-02-29T08:55:02.154+0000] {dagbag.py:538} INFO - Filling up the DagBag from /home/airflow/.local/lib/python3.7/site-packages/airflow/example_dags/example_complex.py
[2024-02-29T08:55:02.159+0000] {logging_mixin.py:137} INFO - [2024-02-29T08:55:02.159+0000] {taskmixin.py:205} WARNING - Dependency <Task(BashOperator): create_entry_group>, delete_entry_group already registered for DAG: example_complex
[2024-02-29T08:55:02.161+0000] {logging_mixin.py:137} INFO - [2024-02-29T08:55:02.161+0000] {taskmixin.py:205} WARNING - Dependency <Task(BashOperator): delete_entry_group>, create_entry_group already registered for DAG: example_complex
[2024-02-29T08:55:02.166+0000] {logging_mixin.py:137} INFO - [2024-02-29T08:55:02.166+0000] {taskmixin.py:205} WARNING - Dependency <Task(BashOperator): create_entry_gcs>, delete_entry already registered for DAG: example_complex
[2024-02-29T08:55:02.166+0000] {logging_mixin.py:137} INFO - [2024-02-29T08:55:02.166+0000] {taskmixin.py:205} WARNING - Dependency <Task(BashOperator): delete_entry>, create_entry_gcs already registered for DAG: example_complex
[2024-02-29T08:55:02.167+0000] {logging_mixin.py:137} INFO - [2024-02-29T08:55:02.167+0000] {taskmixin.py:205} WARNING - Dependency <Task(BashOperator): create_tag>, delete_tag already registered for DAG: example_complex
[2024-02-29T08:55:02.167+0000] {logging_mixin.py:137} INFO - [2024-02-29T08:55:02.167+0000] {taskmixin.py:205} WARNING - Dependency <Task(BashOperator): delete_tag>, create_tag already registered for DAG: example_complex
[2024-02-29T08:55:02.179+0000] {processor.py:753} INFO - DAG(s) dict_keys(['example_complex']) retrieved from /home/airflow/.local/lib/python3.7/site-packages/airflow/example_dags/example_complex.py
[2024-02-29T08:55:02.209+0000] {logging_mixin.py:137} INFO - [2024-02-29T08:55:02.209+0000] {dag.py:2690} INFO - Sync 1 DAGs
[2024-02-29T08:55:02.237+0000] {logging_mixin.py:137} INFO - [2024-02-29T08:55:02.236+0000] {dag.py:3441} INFO - Setting next_dagrun for example_complex to None, run_after=None
[2024-02-29T08:55:02.249+0000] {processor.py:175} INFO - Processing /home/airflow/.local/lib/python3.7/site-packages/airflow/example_dags/example_complex.py took 0.098 seconds
[2024-02-29T08:55:32.600+0000] {processor.py:153} INFO - Started process (PID=1675) to work on /home/airflow/.local/lib/python3.7/site-packages/airflow/example_dags/example_complex.py
[2024-02-29T08:55:32.600+0000] {processor.py:743} INFO - Processing file /home/airflow/.local/lib/python3.7/site-packages/airflow/example_dags/example_complex.py for tasks to queue
[2024-02-29T08:55:32.601+0000] {logging_mixin.py:137} INFO - [2024-02-29T08:55:32.601+0000] {dagbag.py:538} INFO - Filling up the DagBag from /home/airflow/.local/lib/python3.7/site-packages/airflow/example_dags/example_complex.py
[2024-02-29T08:55:32.606+0000] {logging_mixin.py:137} INFO - [2024-02-29T08:55:32.606+0000] {taskmixin.py:205} WARNING - Dependency <Task(BashOperator): create_entry_group>, delete_entry_group already registered for DAG: example_complex
[2024-02-29T08:55:32.606+0000] {logging_mixin.py:137} INFO - [2024-02-29T08:55:32.606+0000] {taskmixin.py:205} WARNING - Dependency <Task(BashOperator): delete_entry_group>, create_entry_group already registered for DAG: example_complex
[2024-02-29T08:55:32.606+0000] {logging_mixin.py:137} INFO - [2024-02-29T08:55:32.606+0000] {taskmixin.py:205} WARNING - Dependency <Task(BashOperator): create_entry_gcs>, delete_entry already registered for DAG: example_complex
[2024-02-29T08:55:32.606+0000] {logging_mixin.py:137} INFO - [2024-02-29T08:55:32.606+0000] {taskmixin.py:205} WARNING - Dependency <Task(BashOperator): delete_entry>, create_entry_gcs already registered for DAG: example_complex
[2024-02-29T08:55:32.607+0000] {logging_mixin.py:137} INFO - [2024-02-29T08:55:32.607+0000] {taskmixin.py:205} WARNING - Dependency <Task(BashOperator): create_tag>, delete_tag already registered for DAG: example_complex
[2024-02-29T08:55:32.607+0000] {logging_mixin.py:137} INFO - [2024-02-29T08:55:32.607+0000] {taskmixin.py:205} WARNING - Dependency <Task(BashOperator): delete_tag>, create_tag already registered for DAG: example_complex
[2024-02-29T08:55:32.610+0000] {processor.py:753} INFO - DAG(s) dict_keys(['example_complex']) retrieved from /home/airflow/.local/lib/python3.7/site-packages/airflow/example_dags/example_complex.py
[2024-02-29T08:55:32.624+0000] {logging_mixin.py:137} INFO - [2024-02-29T08:55:32.624+0000] {dag.py:2690} INFO - Sync 1 DAGs
[2024-02-29T08:55:32.635+0000] {logging_mixin.py:137} INFO - [2024-02-29T08:55:32.635+0000] {dag.py:3441} INFO - Setting next_dagrun for example_complex to None, run_after=None
[2024-02-29T08:55:32.642+0000] {processor.py:175} INFO - Processing /home/airflow/.local/lib/python3.7/site-packages/airflow/example_dags/example_complex.py took 0.044 seconds
[2024-02-29T08:56:02.903+0000] {processor.py:153} INFO - Started process (PID=1751) to work on /home/airflow/.local/lib/python3.7/site-packages/airflow/example_dags/example_complex.py
[2024-02-29T08:56:02.904+0000] {processor.py:743} INFO - Processing file /home/airflow/.local/lib/python3.7/site-packages/airflow/example_dags/example_complex.py for tasks to queue
[2024-02-29T08:56:02.904+0000] {logging_mixin.py:137} INFO - [2024-02-29T08:56:02.904+0000] {dagbag.py:538} INFO - Filling up the DagBag from /home/airflow/.local/lib/python3.7/site-packages/airflow/example_dags/example_complex.py
[2024-02-29T08:56:02.909+0000] {logging_mixin.py:137} INFO - [2024-02-29T08:56:02.909+0000] {taskmixin.py:205} WARNING - Dependency <Task(BashOperator): create_entry_group>, delete_entry_group already registered for DAG: example_complex
[2024-02-29T08:56:02.909+0000] {logging_mixin.py:137} INFO - [2024-02-29T08:56:02.909+0000] {taskmixin.py:205} WARNING - Dependency <Task(BashOperator): delete_entry_group>, create_entry_group already registered for DAG: example_complex
[2024-02-29T08:56:02.909+0000] {logging_mixin.py:137} INFO - [2024-02-29T08:56:02.909+0000] {taskmixin.py:205} WARNING - Dependency <Task(BashOperator): create_entry_gcs>, delete_entry already registered for DAG: example_complex
[2024-02-29T08:56:02.910+0000] {logging_mixin.py:137} INFO - [2024-02-29T08:56:02.910+0000] {taskmixin.py:205} WARNING - Dependency <Task(BashOperator): delete_entry>, create_entry_gcs already registered for DAG: example_complex
[2024-02-29T08:56:02.910+0000] {logging_mixin.py:137} INFO - [2024-02-29T08:56:02.910+0000] {taskmixin.py:205} WARNING - Dependency <Task(BashOperator): create_tag>, delete_tag already registered for DAG: example_complex
[2024-02-29T08:56:02.910+0000] {logging_mixin.py:137} INFO - [2024-02-29T08:56:02.910+0000] {taskmixin.py:205} WARNING - Dependency <Task(BashOperator): delete_tag>, create_tag already registered for DAG: example_complex
[2024-02-29T08:56:02.913+0000] {processor.py:753} INFO - DAG(s) dict_keys(['example_complex']) retrieved from /home/airflow/.local/lib/python3.7/site-packages/airflow/example_dags/example_complex.py
[2024-02-29T08:56:02.927+0000] {logging_mixin.py:137} INFO - [2024-02-29T08:56:02.927+0000] {dag.py:2690} INFO - Sync 1 DAGs
[2024-02-29T08:56:02.938+0000] {logging_mixin.py:137} INFO - [2024-02-29T08:56:02.938+0000] {dag.py:3441} INFO - Setting next_dagrun for example_complex to None, run_after=None
[2024-02-29T08:56:02.945+0000] {processor.py:175} INFO - Processing /home/airflow/.local/lib/python3.7/site-packages/airflow/example_dags/example_complex.py took 0.044 seconds
[2024-02-29T08:56:33.347+0000] {processor.py:153} INFO - Started process (PID=1845) to work on /home/airflow/.local/lib/python3.7/site-packages/airflow/example_dags/example_complex.py
[2024-02-29T08:56:33.348+0000] {processor.py:743} INFO - Processing file /home/airflow/.local/lib/python3.7/site-packages/airflow/example_dags/example_complex.py for tasks to queue
[2024-02-29T08:56:33.348+0000] {logging_mixin.py:137} INFO - [2024-02-29T08:56:33.348+0000] {dagbag.py:538} INFO - Filling up the DagBag from /home/airflow/.local/lib/python3.7/site-packages/airflow/example_dags/example_complex.py
[2024-02-29T08:56:33.353+0000] {logging_mixin.py:137} INFO - [2024-02-29T08:56:33.353+0000] {taskmixin.py:205} WARNING - Dependency <Task(BashOperator): create_entry_group>, delete_entry_group already registered for DAG: example_complex
[2024-02-29T08:56:33.353+0000] {logging_mixin.py:137} INFO - [2024-02-29T08:56:33.353+0000] {taskmixin.py:205} WARNING - Dependency <Task(BashOperator): delete_entry_group>, create_entry_group already registered for DAG: example_complex
[2024-02-29T08:56:33.354+0000] {logging_mixin.py:137} INFO - [2024-02-29T08:56:33.354+0000] {taskmixin.py:205} WARNING - Dependency <Task(BashOperator): create_entry_gcs>, delete_entry already registered for DAG: example_complex
[2024-02-29T08:56:33.354+0000] {logging_mixin.py:137} INFO - [2024-02-29T08:56:33.354+0000] {taskmixin.py:205} WARNING - Dependency <Task(BashOperator): delete_entry>, create_entry_gcs already registered for DAG: example_complex
[2024-02-29T08:56:33.354+0000] {logging_mixin.py:137} INFO - [2024-02-29T08:56:33.354+0000] {taskmixin.py:205} WARNING - Dependency <Task(BashOperator): create_tag>, delete_tag already registered for DAG: example_complex
[2024-02-29T08:56:33.354+0000] {logging_mixin.py:137} INFO - [2024-02-29T08:56:33.354+0000] {taskmixin.py:205} WARNING - Dependency <Task(BashOperator): delete_tag>, create_tag already registered for DAG: example_complex
[2024-02-29T08:56:33.357+0000] {processor.py:753} INFO - DAG(s) dict_keys(['example_complex']) retrieved from /home/airflow/.local/lib/python3.7/site-packages/airflow/example_dags/example_complex.py
[2024-02-29T08:56:33.371+0000] {logging_mixin.py:137} INFO - [2024-02-29T08:56:33.371+0000] {dag.py:2690} INFO - Sync 1 DAGs
[2024-02-29T08:56:33.382+0000] {logging_mixin.py:137} INFO - [2024-02-29T08:56:33.382+0000] {dag.py:3441} INFO - Setting next_dagrun for example_complex to None, run_after=None
[2024-02-29T08:56:33.390+0000] {processor.py:175} INFO - Processing /home/airflow/.local/lib/python3.7/site-packages/airflow/example_dags/example_complex.py took 0.044 seconds
[2024-02-29T08:57:03.787+0000] {processor.py:153} INFO - Started process (PID=1939) to work on /home/airflow/.local/lib/python3.7/site-packages/airflow/example_dags/example_complex.py
[2024-02-29T08:57:03.788+0000] {processor.py:743} INFO - Processing file /home/airflow/.local/lib/python3.7/site-packages/airflow/example_dags/example_complex.py for tasks to queue
[2024-02-29T08:57:03.788+0000] {logging_mixin.py:137} INFO - [2024-02-29T08:57:03.788+0000] {dagbag.py:538} INFO - Filling up the DagBag from /home/airflow/.local/lib/python3.7/site-packages/airflow/example_dags/example_complex.py
[2024-02-29T08:57:03.793+0000] {logging_mixin.py:137} INFO - [2024-02-29T08:57:03.793+0000] {taskmixin.py:205} WARNING - Dependency <Task(BashOperator): create_entry_group>, delete_entry_group already registered for DAG: example_complex
[2024-02-29T08:57:03.794+0000] {logging_mixin.py:137} INFO - [2024-02-29T08:57:03.793+0000] {taskmixin.py:205} WARNING - Dependency <Task(BashOperator): delete_entry_group>, create_entry_group already registered for DAG: example_complex
[2024-02-29T08:57:03.794+0000] {logging_mixin.py:137} INFO - [2024-02-29T08:57:03.794+0000] {taskmixin.py:205} WARNING - Dependency <Task(BashOperator): create_entry_gcs>, delete_entry already registered for DAG: example_complex
[2024-02-29T08:57:03.794+0000] {logging_mixin.py:137} INFO - [2024-02-29T08:57:03.794+0000] {taskmixin.py:205} WARNING - Dependency <Task(BashOperator): delete_entry>, create_entry_gcs already registered for DAG: example_complex
[2024-02-29T08:57:03.794+0000] {logging_mixin.py:137} INFO - [2024-02-29T08:57:03.794+0000] {taskmixin.py:205} WARNING - Dependency <Task(BashOperator): create_tag>, delete_tag already registered for DAG: example_complex
[2024-02-29T08:57:03.794+0000] {logging_mixin.py:137} INFO - [2024-02-29T08:57:03.794+0000] {taskmixin.py:205} WARNING - Dependency <Task(BashOperator): delete_tag>, create_tag already registered for DAG: example_complex
[2024-02-29T08:57:03.798+0000] {processor.py:753} INFO - DAG(s) dict_keys(['example_complex']) retrieved from /home/airflow/.local/lib/python3.7/site-packages/airflow/example_dags/example_complex.py
[2024-02-29T08:57:03.811+0000] {logging_mixin.py:137} INFO - [2024-02-29T08:57:03.811+0000] {dag.py:2690} INFO - Sync 1 DAGs
[2024-02-29T08:57:03.823+0000] {logging_mixin.py:137} INFO - [2024-02-29T08:57:03.823+0000] {dag.py:3441} INFO - Setting next_dagrun for example_complex to None, run_after=None
[2024-02-29T08:57:03.831+0000] {processor.py:175} INFO - Processing /home/airflow/.local/lib/python3.7/site-packages/airflow/example_dags/example_complex.py took 0.045 seconds
[2024-02-29T08:57:34.195+0000] {processor.py:153} INFO - Started process (PID=2033) to work on /home/airflow/.local/lib/python3.7/site-packages/airflow/example_dags/example_complex.py
[2024-02-29T08:57:34.196+0000] {processor.py:743} INFO - Processing file /home/airflow/.local/lib/python3.7/site-packages/airflow/example_dags/example_complex.py for tasks to queue
[2024-02-29T08:57:34.196+0000] {logging_mixin.py:137} INFO - [2024-02-29T08:57:34.196+0000] {dagbag.py:538} INFO - Filling up the DagBag from /home/airflow/.local/lib/python3.7/site-packages/airflow/example_dags/example_complex.py
[2024-02-29T08:57:34.202+0000] {logging_mixin.py:137} INFO - [2024-02-29T08:57:34.202+0000] {taskmixin.py:205} WARNING - Dependency <Task(BashOperator): create_entry_group>, delete_entry_group already registered for DAG: example_complex
[2024-02-29T08:57:34.202+0000] {logging_mixin.py:137} INFO - [2024-02-29T08:57:34.202+0000] {taskmixin.py:205} WARNING - Dependency <Task(BashOperator): delete_entry_group>, create_entry_group already registered for DAG: example_complex
[2024-02-29T08:57:34.203+0000] {logging_mixin.py:137} INFO - [2024-02-29T08:57:34.203+0000] {taskmixin.py:205} WARNING - Dependency <Task(BashOperator): create_entry_gcs>, delete_entry already registered for DAG: example_complex
[2024-02-29T08:57:34.203+0000] {logging_mixin.py:137} INFO - [2024-02-29T08:57:34.203+0000] {taskmixin.py:205} WARNING - Dependency <Task(BashOperator): delete_entry>, create_entry_gcs already registered for DAG: example_complex
[2024-02-29T08:57:34.203+0000] {logging_mixin.py:137} INFO - [2024-02-29T08:57:34.203+0000] {taskmixin.py:205} WARNING - Dependency <Task(BashOperator): create_tag>, delete_tag already registered for DAG: example_complex
[2024-02-29T08:57:34.204+0000] {logging_mixin.py:137} INFO - [2024-02-29T08:57:34.203+0000] {taskmixin.py:205} WARNING - Dependency <Task(BashOperator): delete_tag>, create_tag already registered for DAG: example_complex
[2024-02-29T08:57:34.207+0000] {processor.py:753} INFO - DAG(s) dict_keys(['example_complex']) retrieved from /home/airflow/.local/lib/python3.7/site-packages/airflow/example_dags/example_complex.py
[2024-02-29T08:57:34.228+0000] {logging_mixin.py:137} INFO - [2024-02-29T08:57:34.228+0000] {dag.py:2690} INFO - Sync 1 DAGs
[2024-02-29T08:57:34.240+0000] {logging_mixin.py:137} INFO - [2024-02-29T08:57:34.240+0000] {dag.py:3441} INFO - Setting next_dagrun for example_complex to None, run_after=None
[2024-02-29T08:57:34.248+0000] {processor.py:175} INFO - Processing /home/airflow/.local/lib/python3.7/site-packages/airflow/example_dags/example_complex.py took 0.054 seconds
[2024-02-29T08:58:04.794+0000] {processor.py:153} INFO - Started process (PID=2109) to work on /home/airflow/.local/lib/python3.7/site-packages/airflow/example_dags/example_complex.py
[2024-02-29T08:58:04.795+0000] {processor.py:743} INFO - Processing file /home/airflow/.local/lib/python3.7/site-packages/airflow/example_dags/example_complex.py for tasks to queue
[2024-02-29T08:58:04.795+0000] {logging_mixin.py:137} INFO - [2024-02-29T08:58:04.795+0000] {dagbag.py:538} INFO - Filling up the DagBag from /home/airflow/.local/lib/python3.7/site-packages/airflow/example_dags/example_complex.py
[2024-02-29T08:58:04.801+0000] {logging_mixin.py:137} INFO - [2024-02-29T08:58:04.801+0000] {taskmixin.py:205} WARNING - Dependency <Task(BashOperator): create_entry_group>, delete_entry_group already registered for DAG: example_complex
[2024-02-29T08:58:04.801+0000] {logging_mixin.py:137} INFO - [2024-02-29T08:58:04.801+0000] {taskmixin.py:205} WARNING - Dependency <Task(BashOperator): delete_entry_group>, create_entry_group already registered for DAG: example_complex
[2024-02-29T08:58:04.802+0000] {logging_mixin.py:137} INFO - [2024-02-29T08:58:04.801+0000] {taskmixin.py:205} WARNING - Dependency <Task(BashOperator): create_entry_gcs>, delete_entry already registered for DAG: example_complex
[2024-02-29T08:58:04.802+0000] {logging_mixin.py:137} INFO - [2024-02-29T08:58:04.802+0000] {taskmixin.py:205} WARNING - Dependency <Task(BashOperator): delete_entry>, create_entry_gcs already registered for DAG: example_complex
[2024-02-29T08:58:04.802+0000] {logging_mixin.py:137} INFO - [2024-02-29T08:58:04.802+0000] {taskmixin.py:205} WARNING - Dependency <Task(BashOperator): create_tag>, delete_tag already registered for DAG: example_complex
[2024-02-29T08:58:04.802+0000] {logging_mixin.py:137} INFO - [2024-02-29T08:58:04.802+0000] {taskmixin.py:205} WARNING - Dependency <Task(BashOperator): delete_tag>, create_tag already registered for DAG: example_complex
[2024-02-29T08:58:04.806+0000] {processor.py:753} INFO - DAG(s) dict_keys(['example_complex']) retrieved from /home/airflow/.local/lib/python3.7/site-packages/airflow/example_dags/example_complex.py
[2024-02-29T08:58:04.821+0000] {logging_mixin.py:137} INFO - [2024-02-29T08:58:04.821+0000] {dag.py:2690} INFO - Sync 1 DAGs
[2024-02-29T08:58:04.832+0000] {logging_mixin.py:137} INFO - [2024-02-29T08:58:04.832+0000] {dag.py:3441} INFO - Setting next_dagrun for example_complex to None, run_after=None
[2024-02-29T08:58:04.842+0000] {processor.py:175} INFO - Processing /home/airflow/.local/lib/python3.7/site-packages/airflow/example_dags/example_complex.py took 0.049 seconds
[2024-02-29T08:58:35.303+0000] {processor.py:153} INFO - Started process (PID=2203) to work on /home/airflow/.local/lib/python3.7/site-packages/airflow/example_dags/example_complex.py
[2024-02-29T08:58:35.303+0000] {processor.py:743} INFO - Processing file /home/airflow/.local/lib/python3.7/site-packages/airflow/example_dags/example_complex.py for tasks to queue
[2024-02-29T08:58:35.303+0000] {logging_mixin.py:137} INFO - [2024-02-29T08:58:35.303+0000] {dagbag.py:538} INFO - Filling up the DagBag from /home/airflow/.local/lib/python3.7/site-packages/airflow/example_dags/example_complex.py
[2024-02-29T08:58:35.309+0000] {logging_mixin.py:137} INFO - [2024-02-29T08:58:35.309+0000] {taskmixin.py:205} WARNING - Dependency <Task(BashOperator): create_entry_group>, delete_entry_group already registered for DAG: example_complex
[2024-02-29T08:58:35.309+0000] {logging_mixin.py:137} INFO - [2024-02-29T08:58:35.309+0000] {taskmixin.py:205} WARNING - Dependency <Task(BashOperator): delete_entry_group>, create_entry_group already registered for DAG: example_complex
[2024-02-29T08:58:35.309+0000] {logging_mixin.py:137} INFO - [2024-02-29T08:58:35.309+0000] {taskmixin.py:205} WARNING - Dependency <Task(BashOperator): create_entry_gcs>, delete_entry already registered for DAG: example_complex
[2024-02-29T08:58:35.309+0000] {logging_mixin.py:137} INFO - [2024-02-29T08:58:35.309+0000] {taskmixin.py:205} WARNING - Dependency <Task(BashOperator): delete_entry>, create_entry_gcs already registered for DAG: example_complex
[2024-02-29T08:58:35.309+0000] {logging_mixin.py:137} INFO - [2024-02-29T08:58:35.309+0000] {taskmixin.py:205} WARNING - Dependency <Task(BashOperator): create_tag>, delete_tag already registered for DAG: example_complex
[2024-02-29T08:58:35.310+0000] {logging_mixin.py:137} INFO - [2024-02-29T08:58:35.310+0000] {taskmixin.py:205} WARNING - Dependency <Task(BashOperator): delete_tag>, create_tag already registered for DAG: example_complex
[2024-02-29T08:58:35.313+0000] {processor.py:753} INFO - DAG(s) dict_keys(['example_complex']) retrieved from /home/airflow/.local/lib/python3.7/site-packages/airflow/example_dags/example_complex.py
[2024-02-29T08:58:35.327+0000] {logging_mixin.py:137} INFO - [2024-02-29T08:58:35.327+0000] {dag.py:2690} INFO - Sync 1 DAGs
[2024-02-29T08:58:35.338+0000] {logging_mixin.py:137} INFO - [2024-02-29T08:58:35.337+0000] {dag.py:3441} INFO - Setting next_dagrun for example_complex to None, run_after=None
[2024-02-29T08:58:35.346+0000] {processor.py:175} INFO - Processing /home/airflow/.local/lib/python3.7/site-packages/airflow/example_dags/example_complex.py took 0.045 seconds
[2024-02-29T08:59:05.620+0000] {processor.py:153} INFO - Started process (PID=2296) to work on /home/airflow/.local/lib/python3.7/site-packages/airflow/example_dags/example_complex.py
[2024-02-29T08:59:05.621+0000] {processor.py:743} INFO - Processing file /home/airflow/.local/lib/python3.7/site-packages/airflow/example_dags/example_complex.py for tasks to queue
[2024-02-29T08:59:05.621+0000] {logging_mixin.py:137} INFO - [2024-02-29T08:59:05.621+0000] {dagbag.py:538} INFO - Filling up the DagBag from /home/airflow/.local/lib/python3.7/site-packages/airflow/example_dags/example_complex.py
[2024-02-29T08:59:05.626+0000] {logging_mixin.py:137} INFO - [2024-02-29T08:59:05.626+0000] {taskmixin.py:205} WARNING - Dependency <Task(BashOperator): create_entry_group>, delete_entry_group already registered for DAG: example_complex
[2024-02-29T08:59:05.627+0000] {logging_mixin.py:137} INFO - [2024-02-29T08:59:05.627+0000] {taskmixin.py:205} WARNING - Dependency <Task(BashOperator): delete_entry_group>, create_entry_group already registered for DAG: example_complex
[2024-02-29T08:59:05.627+0000] {logging_mixin.py:137} INFO - [2024-02-29T08:59:05.627+0000] {taskmixin.py:205} WARNING - Dependency <Task(BashOperator): create_entry_gcs>, delete_entry already registered for DAG: example_complex
[2024-02-29T08:59:05.627+0000] {logging_mixin.py:137} INFO - [2024-02-29T08:59:05.627+0000] {taskmixin.py:205} WARNING - Dependency <Task(BashOperator): delete_entry>, create_entry_gcs already registered for DAG: example_complex
[2024-02-29T08:59:05.627+0000] {logging_mixin.py:137} INFO - [2024-02-29T08:59:05.627+0000] {taskmixin.py:205} WARNING - Dependency <Task(BashOperator): create_tag>, delete_tag already registered for DAG: example_complex
[2024-02-29T08:59:05.627+0000] {logging_mixin.py:137} INFO - [2024-02-29T08:59:05.627+0000] {taskmixin.py:205} WARNING - Dependency <Task(BashOperator): delete_tag>, create_tag already registered for DAG: example_complex
[2024-02-29T08:59:05.631+0000] {processor.py:753} INFO - DAG(s) dict_keys(['example_complex']) retrieved from /home/airflow/.local/lib/python3.7/site-packages/airflow/example_dags/example_complex.py
[2024-02-29T08:59:05.644+0000] {logging_mixin.py:137} INFO - [2024-02-29T08:59:05.644+0000] {dag.py:2690} INFO - Sync 1 DAGs
[2024-02-29T08:59:05.655+0000] {logging_mixin.py:137} INFO - [2024-02-29T08:59:05.655+0000] {dag.py:3441} INFO - Setting next_dagrun for example_complex to None, run_after=None
[2024-02-29T08:59:05.664+0000] {processor.py:175} INFO - Processing /home/airflow/.local/lib/python3.7/site-packages/airflow/example_dags/example_complex.py took 0.045 seconds
[2024-02-29T08:59:36.236+0000] {processor.py:153} INFO - Started process (PID=2390) to work on /home/airflow/.local/lib/python3.7/site-packages/airflow/example_dags/example_complex.py
[2024-02-29T08:59:36.237+0000] {processor.py:743} INFO - Processing file /home/airflow/.local/lib/python3.7/site-packages/airflow/example_dags/example_complex.py for tasks to queue
[2024-02-29T08:59:36.237+0000] {logging_mixin.py:137} INFO - [2024-02-29T08:59:36.237+0000] {dagbag.py:538} INFO - Filling up the DagBag from /home/airflow/.local/lib/python3.7/site-packages/airflow/example_dags/example_complex.py
[2024-02-29T08:59:36.243+0000] {logging_mixin.py:137} INFO - [2024-02-29T08:59:36.243+0000] {taskmixin.py:205} WARNING - Dependency <Task(BashOperator): create_entry_group>, delete_entry_group already registered for DAG: example_complex
[2024-02-29T08:59:36.243+0000] {logging_mixin.py:137} INFO - [2024-02-29T08:59:36.243+0000] {taskmixin.py:205} WARNING - Dependency <Task(BashOperator): delete_entry_group>, create_entry_group already registered for DAG: example_complex
[2024-02-29T08:59:36.244+0000] {logging_mixin.py:137} INFO - [2024-02-29T08:59:36.244+0000] {taskmixin.py:205} WARNING - Dependency <Task(BashOperator): create_entry_gcs>, delete_entry already registered for DAG: example_complex
[2024-02-29T08:59:36.244+0000] {logging_mixin.py:137} INFO - [2024-02-29T08:59:36.244+0000] {taskmixin.py:205} WARNING - Dependency <Task(BashOperator): delete_entry>, create_entry_gcs already registered for DAG: example_complex
[2024-02-29T08:59:36.244+0000] {logging_mixin.py:137} INFO - [2024-02-29T08:59:36.244+0000] {taskmixin.py:205} WARNING - Dependency <Task(BashOperator): create_tag>, delete_tag already registered for DAG: example_complex
[2024-02-29T08:59:36.244+0000] {logging_mixin.py:137} INFO - [2024-02-29T08:59:36.244+0000] {taskmixin.py:205} WARNING - Dependency <Task(BashOperator): delete_tag>, create_tag already registered for DAG: example_complex
[2024-02-29T08:59:36.248+0000] {processor.py:753} INFO - DAG(s) dict_keys(['example_complex']) retrieved from /home/airflow/.local/lib/python3.7/site-packages/airflow/example_dags/example_complex.py
[2024-02-29T08:59:36.264+0000] {logging_mixin.py:137} INFO - [2024-02-29T08:59:36.264+0000] {dag.py:2690} INFO - Sync 1 DAGs
[2024-02-29T08:59:36.277+0000] {logging_mixin.py:137} INFO - [2024-02-29T08:59:36.276+0000] {dag.py:3441} INFO - Setting next_dagrun for example_complex to None, run_after=None
[2024-02-29T08:59:36.285+0000] {processor.py:175} INFO - Processing /home/airflow/.local/lib/python3.7/site-packages/airflow/example_dags/example_complex.py took 0.051 seconds
[2024-02-29T09:00:06.865+0000] {processor.py:153} INFO - Started process (PID=2466) to work on /home/airflow/.local/lib/python3.7/site-packages/airflow/example_dags/example_complex.py
[2024-02-29T09:00:06.866+0000] {processor.py:743} INFO - Processing file /home/airflow/.local/lib/python3.7/site-packages/airflow/example_dags/example_complex.py for tasks to queue
[2024-02-29T09:00:06.866+0000] {logging_mixin.py:137} INFO - [2024-02-29T09:00:06.866+0000] {dagbag.py:538} INFO - Filling up the DagBag from /home/airflow/.local/lib/python3.7/site-packages/airflow/example_dags/example_complex.py
[2024-02-29T09:00:06.871+0000] {logging_mixin.py:137} INFO - [2024-02-29T09:00:06.871+0000] {taskmixin.py:205} WARNING - Dependency <Task(BashOperator): create_entry_group>, delete_entry_group already registered for DAG: example_complex
[2024-02-29T09:00:06.872+0000] {logging_mixin.py:137} INFO - [2024-02-29T09:00:06.872+0000] {taskmixin.py:205} WARNING - Dependency <Task(BashOperator): delete_entry_group>, create_entry_group already registered for DAG: example_complex
[2024-02-29T09:00:06.872+0000] {logging_mixin.py:137} INFO - [2024-02-29T09:00:06.872+0000] {taskmixin.py:205} WARNING - Dependency <Task(BashOperator): create_entry_gcs>, delete_entry already registered for DAG: example_complex
[2024-02-29T09:00:06.872+0000] {logging_mixin.py:137} INFO - [2024-02-29T09:00:06.872+0000] {taskmixin.py:205} WARNING - Dependency <Task(BashOperator): delete_entry>, create_entry_gcs already registered for DAG: example_complex
[2024-02-29T09:00:06.872+0000] {logging_mixin.py:137} INFO - [2024-02-29T09:00:06.872+0000] {taskmixin.py:205} WARNING - Dependency <Task(BashOperator): create_tag>, delete_tag already registered for DAG: example_complex
[2024-02-29T09:00:06.872+0000] {logging_mixin.py:137} INFO - [2024-02-29T09:00:06.872+0000] {taskmixin.py:205} WARNING - Dependency <Task(BashOperator): delete_tag>, create_tag already registered for DAG: example_complex
[2024-02-29T09:00:06.876+0000] {processor.py:753} INFO - DAG(s) dict_keys(['example_complex']) retrieved from /home/airflow/.local/lib/python3.7/site-packages/airflow/example_dags/example_complex.py
[2024-02-29T09:00:06.891+0000] {logging_mixin.py:137} INFO - [2024-02-29T09:00:06.890+0000] {dag.py:2690} INFO - Sync 1 DAGs
[2024-02-29T09:00:06.902+0000] {logging_mixin.py:137} INFO - [2024-02-29T09:00:06.902+0000] {dag.py:3441} INFO - Setting next_dagrun for example_complex to None, run_after=None
[2024-02-29T09:00:06.911+0000] {processor.py:175} INFO - Processing /home/airflow/.local/lib/python3.7/site-packages/airflow/example_dags/example_complex.py took 0.048 seconds
[2024-02-29T09:00:37.403+0000] {processor.py:153} INFO - Started process (PID=2560) to work on /home/airflow/.local/lib/python3.7/site-packages/airflow/example_dags/example_complex.py
[2024-02-29T09:00:37.404+0000] {processor.py:743} INFO - Processing file /home/airflow/.local/lib/python3.7/site-packages/airflow/example_dags/example_complex.py for tasks to queue
[2024-02-29T09:00:37.404+0000] {logging_mixin.py:137} INFO - [2024-02-29T09:00:37.404+0000] {dagbag.py:538} INFO - Filling up the DagBag from /home/airflow/.local/lib/python3.7/site-packages/airflow/example_dags/example_complex.py
[2024-02-29T09:00:37.409+0000] {logging_mixin.py:137} INFO - [2024-02-29T09:00:37.409+0000] {taskmixin.py:205} WARNING - Dependency <Task(BashOperator): create_entry_group>, delete_entry_group already registered for DAG: example_complex
[2024-02-29T09:00:37.409+0000] {logging_mixin.py:137} INFO - [2024-02-29T09:00:37.409+0000] {taskmixin.py:205} WARNING - Dependency <Task(BashOperator): delete_entry_group>, create_entry_group already registered for DAG: example_complex
[2024-02-29T09:00:37.410+0000] {logging_mixin.py:137} INFO - [2024-02-29T09:00:37.410+0000] {taskmixin.py:205} WARNING - Dependency <Task(BashOperator): create_entry_gcs>, delete_entry already registered for DAG: example_complex
[2024-02-29T09:00:37.410+0000] {logging_mixin.py:137} INFO - [2024-02-29T09:00:37.410+0000] {taskmixin.py:205} WARNING - Dependency <Task(BashOperator): delete_entry>, create_entry_gcs already registered for DAG: example_complex
[2024-02-29T09:00:37.410+0000] {logging_mixin.py:137} INFO - [2024-02-29T09:00:37.410+0000] {taskmixin.py:205} WARNING - Dependency <Task(BashOperator): create_tag>, delete_tag already registered for DAG: example_complex
[2024-02-29T09:00:37.410+0000] {logging_mixin.py:137} INFO - [2024-02-29T09:00:37.410+0000] {taskmixin.py:205} WARNING - Dependency <Task(BashOperator): delete_tag>, create_tag already registered for DAG: example_complex
[2024-02-29T09:00:37.413+0000] {processor.py:753} INFO - DAG(s) dict_keys(['example_complex']) retrieved from /home/airflow/.local/lib/python3.7/site-packages/airflow/example_dags/example_complex.py
[2024-02-29T09:00:37.427+0000] {logging_mixin.py:137} INFO - [2024-02-29T09:00:37.427+0000] {dag.py:2690} INFO - Sync 1 DAGs
[2024-02-29T09:00:37.438+0000] {logging_mixin.py:137} INFO - [2024-02-29T09:00:37.438+0000] {dag.py:3441} INFO - Setting next_dagrun for example_complex to None, run_after=None
[2024-02-29T09:00:37.447+0000] {processor.py:175} INFO - Processing /home/airflow/.local/lib/python3.7/site-packages/airflow/example_dags/example_complex.py took 0.045 seconds
[2024-02-29T09:01:07.847+0000] {processor.py:153} INFO - Started process (PID=2654) to work on /home/airflow/.local/lib/python3.7/site-packages/airflow/example_dags/example_complex.py
[2024-02-29T09:01:07.847+0000] {processor.py:743} INFO - Processing file /home/airflow/.local/lib/python3.7/site-packages/airflow/example_dags/example_complex.py for tasks to queue
[2024-02-29T09:01:07.848+0000] {logging_mixin.py:137} INFO - [2024-02-29T09:01:07.848+0000] {dagbag.py:538} INFO - Filling up the DagBag from /home/airflow/.local/lib/python3.7/site-packages/airflow/example_dags/example_complex.py
[2024-02-29T09:01:07.853+0000] {logging_mixin.py:137} INFO - [2024-02-29T09:01:07.853+0000] {taskmixin.py:205} WARNING - Dependency <Task(BashOperator): create_entry_group>, delete_entry_group already registered for DAG: example_complex
[2024-02-29T09:01:07.853+0000] {logging_mixin.py:137} INFO - [2024-02-29T09:01:07.853+0000] {taskmixin.py:205} WARNING - Dependency <Task(BashOperator): delete_entry_group>, create_entry_group already registered for DAG: example_complex
[2024-02-29T09:01:07.853+0000] {logging_mixin.py:137} INFO - [2024-02-29T09:01:07.853+0000] {taskmixin.py:205} WARNING - Dependency <Task(BashOperator): create_entry_gcs>, delete_entry already registered for DAG: example_complex
[2024-02-29T09:01:07.854+0000] {logging_mixin.py:137} INFO - [2024-02-29T09:01:07.853+0000] {taskmixin.py:205} WARNING - Dependency <Task(BashOperator): delete_entry>, create_entry_gcs already registered for DAG: example_complex
[2024-02-29T09:01:07.854+0000] {logging_mixin.py:137} INFO - [2024-02-29T09:01:07.854+0000] {taskmixin.py:205} WARNING - Dependency <Task(BashOperator): create_tag>, delete_tag already registered for DAG: example_complex
[2024-02-29T09:01:07.854+0000] {logging_mixin.py:137} INFO - [2024-02-29T09:01:07.854+0000] {taskmixin.py:205} WARNING - Dependency <Task(BashOperator): delete_tag>, create_tag already registered for DAG: example_complex
[2024-02-29T09:01:07.857+0000] {processor.py:753} INFO - DAG(s) dict_keys(['example_complex']) retrieved from /home/airflow/.local/lib/python3.7/site-packages/airflow/example_dags/example_complex.py
[2024-02-29T09:01:07.871+0000] {logging_mixin.py:137} INFO - [2024-02-29T09:01:07.871+0000] {dag.py:2690} INFO - Sync 1 DAGs
[2024-02-29T09:01:07.882+0000] {logging_mixin.py:137} INFO - [2024-02-29T09:01:07.882+0000] {dag.py:3441} INFO - Setting next_dagrun for example_complex to None, run_after=None
[2024-02-29T09:01:07.890+0000] {processor.py:175} INFO - Processing /home/airflow/.local/lib/python3.7/site-packages/airflow/example_dags/example_complex.py took 0.045 seconds
[2024-02-29T09:01:38.498+0000] {processor.py:153} INFO - Started process (PID=2730) to work on /home/airflow/.local/lib/python3.7/site-packages/airflow/example_dags/example_complex.py
[2024-02-29T09:01:38.498+0000] {processor.py:743} INFO - Processing file /home/airflow/.local/lib/python3.7/site-packages/airflow/example_dags/example_complex.py for tasks to queue
[2024-02-29T09:01:38.499+0000] {logging_mixin.py:137} INFO - [2024-02-29T09:01:38.499+0000] {dagbag.py:538} INFO - Filling up the DagBag from /home/airflow/.local/lib/python3.7/site-packages/airflow/example_dags/example_complex.py
[2024-02-29T09:01:38.504+0000] {logging_mixin.py:137} INFO - [2024-02-29T09:01:38.504+0000] {taskmixin.py:205} WARNING - Dependency <Task(BashOperator): create_entry_group>, delete_entry_group already registered for DAG: example_complex
[2024-02-29T09:01:38.504+0000] {logging_mixin.py:137} INFO - [2024-02-29T09:01:38.504+0000] {taskmixin.py:205} WARNING - Dependency <Task(BashOperator): delete_entry_group>, create_entry_group already registered for DAG: example_complex
[2024-02-29T09:01:38.504+0000] {logging_mixin.py:137} INFO - [2024-02-29T09:01:38.504+0000] {taskmixin.py:205} WARNING - Dependency <Task(BashOperator): create_entry_gcs>, delete_entry already registered for DAG: example_complex
[2024-02-29T09:01:38.504+0000] {logging_mixin.py:137} INFO - [2024-02-29T09:01:38.504+0000] {taskmixin.py:205} WARNING - Dependency <Task(BashOperator): delete_entry>, create_entry_gcs already registered for DAG: example_complex
[2024-02-29T09:01:38.505+0000] {logging_mixin.py:137} INFO - [2024-02-29T09:01:38.505+0000] {taskmixin.py:205} WARNING - Dependency <Task(BashOperator): create_tag>, delete_tag already registered for DAG: example_complex
[2024-02-29T09:01:38.505+0000] {logging_mixin.py:137} INFO - [2024-02-29T09:01:38.505+0000] {taskmixin.py:205} WARNING - Dependency <Task(BashOperator): delete_tag>, create_tag already registered for DAG: example_complex
[2024-02-29T09:01:38.508+0000] {processor.py:753} INFO - DAG(s) dict_keys(['example_complex']) retrieved from /home/airflow/.local/lib/python3.7/site-packages/airflow/example_dags/example_complex.py
[2024-02-29T09:01:38.523+0000] {logging_mixin.py:137} INFO - [2024-02-29T09:01:38.523+0000] {dag.py:2690} INFO - Sync 1 DAGs
[2024-02-29T09:01:38.533+0000] {logging_mixin.py:137} INFO - [2024-02-29T09:01:38.533+0000] {dag.py:3441} INFO - Setting next_dagrun for example_complex to None, run_after=None
[2024-02-29T09:01:38.541+0000] {processor.py:175} INFO - Processing /home/airflow/.local/lib/python3.7/site-packages/airflow/example_dags/example_complex.py took 0.045 seconds
[2024-02-29T09:02:09.010+0000] {processor.py:153} INFO - Started process (PID=2823) to work on /home/airflow/.local/lib/python3.7/site-packages/airflow/example_dags/example_complex.py
[2024-02-29T09:02:09.010+0000] {processor.py:743} INFO - Processing file /home/airflow/.local/lib/python3.7/site-packages/airflow/example_dags/example_complex.py for tasks to queue
[2024-02-29T09:02:09.011+0000] {logging_mixin.py:137} INFO - [2024-02-29T09:02:09.011+0000] {dagbag.py:538} INFO - Filling up the DagBag from /home/airflow/.local/lib/python3.7/site-packages/airflow/example_dags/example_complex.py
[2024-02-29T09:02:09.016+0000] {logging_mixin.py:137} INFO - [2024-02-29T09:02:09.016+0000] {taskmixin.py:205} WARNING - Dependency <Task(BashOperator): create_entry_group>, delete_entry_group already registered for DAG: example_complex
[2024-02-29T09:02:09.016+0000] {logging_mixin.py:137} INFO - [2024-02-29T09:02:09.016+0000] {taskmixin.py:205} WARNING - Dependency <Task(BashOperator): delete_entry_group>, create_entry_group already registered for DAG: example_complex
[2024-02-29T09:02:09.016+0000] {logging_mixin.py:137} INFO - [2024-02-29T09:02:09.016+0000] {taskmixin.py:205} WARNING - Dependency <Task(BashOperator): create_entry_gcs>, delete_entry already registered for DAG: example_complex
[2024-02-29T09:02:09.017+0000] {logging_mixin.py:137} INFO - [2024-02-29T09:02:09.017+0000] {taskmixin.py:205} WARNING - Dependency <Task(BashOperator): delete_entry>, create_entry_gcs already registered for DAG: example_complex
[2024-02-29T09:02:09.017+0000] {logging_mixin.py:137} INFO - [2024-02-29T09:02:09.017+0000] {taskmixin.py:205} WARNING - Dependency <Task(BashOperator): create_tag>, delete_tag already registered for DAG: example_complex
[2024-02-29T09:02:09.017+0000] {logging_mixin.py:137} INFO - [2024-02-29T09:02:09.017+0000] {taskmixin.py:205} WARNING - Dependency <Task(BashOperator): delete_tag>, create_tag already registered for DAG: example_complex
[2024-02-29T09:02:09.020+0000] {processor.py:753} INFO - DAG(s) dict_keys(['example_complex']) retrieved from /home/airflow/.local/lib/python3.7/site-packages/airflow/example_dags/example_complex.py
[2024-02-29T09:02:09.035+0000] {logging_mixin.py:137} INFO - [2024-02-29T09:02:09.035+0000] {dag.py:2690} INFO - Sync 1 DAGs
[2024-02-29T09:02:09.046+0000] {logging_mixin.py:137} INFO - [2024-02-29T09:02:09.046+0000] {dag.py:3441} INFO - Setting next_dagrun for example_complex to None, run_after=None
[2024-02-29T09:02:09.055+0000] {processor.py:175} INFO - Processing /home/airflow/.local/lib/python3.7/site-packages/airflow/example_dags/example_complex.py took 0.047 seconds
[2024-02-29T09:02:39.521+0000] {processor.py:153} INFO - Started process (PID=2917) to work on /home/airflow/.local/lib/python3.7/site-packages/airflow/example_dags/example_complex.py
[2024-02-29T09:02:39.521+0000] {processor.py:743} INFO - Processing file /home/airflow/.local/lib/python3.7/site-packages/airflow/example_dags/example_complex.py for tasks to queue
[2024-02-29T09:02:39.521+0000] {logging_mixin.py:137} INFO - [2024-02-29T09:02:39.521+0000] {dagbag.py:538} INFO - Filling up the DagBag from /home/airflow/.local/lib/python3.7/site-packages/airflow/example_dags/example_complex.py
[2024-02-29T09:02:39.527+0000] {logging_mixin.py:137} INFO - [2024-02-29T09:02:39.526+0000] {taskmixin.py:205} WARNING - Dependency <Task(BashOperator): create_entry_group>, delete_entry_group already registered for DAG: example_complex
[2024-02-29T09:02:39.527+0000] {logging_mixin.py:137} INFO - [2024-02-29T09:02:39.527+0000] {taskmixin.py:205} WARNING - Dependency <Task(BashOperator): delete_entry_group>, create_entry_group already registered for DAG: example_complex
[2024-02-29T09:02:39.527+0000] {logging_mixin.py:137} INFO - [2024-02-29T09:02:39.527+0000] {taskmixin.py:205} WARNING - Dependency <Task(BashOperator): create_entry_gcs>, delete_entry already registered for DAG: example_complex
[2024-02-29T09:02:39.527+0000] {logging_mixin.py:137} INFO - [2024-02-29T09:02:39.527+0000] {taskmixin.py:205} WARNING - Dependency <Task(BashOperator): delete_entry>, create_entry_gcs already registered for DAG: example_complex
[2024-02-29T09:02:39.527+0000] {logging_mixin.py:137} INFO - [2024-02-29T09:02:39.527+0000] {taskmixin.py:205} WARNING - Dependency <Task(BashOperator): create_tag>, delete_tag already registered for DAG: example_complex
[2024-02-29T09:02:39.527+0000] {logging_mixin.py:137} INFO - [2024-02-29T09:02:39.527+0000] {taskmixin.py:205} WARNING - Dependency <Task(BashOperator): delete_tag>, create_tag already registered for DAG: example_complex
[2024-02-29T09:02:39.531+0000] {processor.py:753} INFO - DAG(s) dict_keys(['example_complex']) retrieved from /home/airflow/.local/lib/python3.7/site-packages/airflow/example_dags/example_complex.py
[2024-02-29T09:02:39.545+0000] {logging_mixin.py:137} INFO - [2024-02-29T09:02:39.545+0000] {dag.py:2690} INFO - Sync 1 DAGs
[2024-02-29T09:02:39.559+0000] {logging_mixin.py:137} INFO - [2024-02-29T09:02:39.559+0000] {dag.py:3441} INFO - Setting next_dagrun for example_complex to None, run_after=None
[2024-02-29T09:02:39.568+0000] {processor.py:175} INFO - Processing /home/airflow/.local/lib/python3.7/site-packages/airflow/example_dags/example_complex.py took 0.049 seconds
[2024-02-29T09:03:10.088+0000] {processor.py:153} INFO - Started process (PID=3010) to work on /home/airflow/.local/lib/python3.7/site-packages/airflow/example_dags/example_complex.py
[2024-02-29T09:03:10.098+0000] {processor.py:743} INFO - Processing file /home/airflow/.local/lib/python3.7/site-packages/airflow/example_dags/example_complex.py for tasks to queue
[2024-02-29T09:03:10.098+0000] {logging_mixin.py:137} INFO - [2024-02-29T09:03:10.098+0000] {dagbag.py:538} INFO - Filling up the DagBag from /home/airflow/.local/lib/python3.7/site-packages/airflow/example_dags/example_complex.py
[2024-02-29T09:03:10.104+0000] {logging_mixin.py:137} INFO - [2024-02-29T09:03:10.104+0000] {taskmixin.py:205} WARNING - Dependency <Task(BashOperator): create_entry_group>, delete_entry_group already registered for DAG: example_complex
[2024-02-29T09:03:10.105+0000] {logging_mixin.py:137} INFO - [2024-02-29T09:03:10.105+0000] {taskmixin.py:205} WARNING - Dependency <Task(BashOperator): delete_entry_group>, create_entry_group already registered for DAG: example_complex
[2024-02-29T09:03:10.111+0000] {logging_mixin.py:137} INFO - [2024-02-29T09:03:10.110+0000] {taskmixin.py:205} WARNING - Dependency <Task(BashOperator): create_entry_gcs>, delete_entry already registered for DAG: example_complex
[2024-02-29T09:03:10.119+0000] {logging_mixin.py:137} INFO - [2024-02-29T09:03:10.114+0000] {taskmixin.py:205} WARNING - Dependency <Task(BashOperator): delete_entry>, create_entry_gcs already registered for DAG: example_complex
[2024-02-29T09:03:10.125+0000] {logging_mixin.py:137} INFO - [2024-02-29T09:03:10.125+0000] {taskmixin.py:205} WARNING - Dependency <Task(BashOperator): create_tag>, delete_tag already registered for DAG: example_complex
[2024-02-29T09:03:10.131+0000] {logging_mixin.py:137} INFO - [2024-02-29T09:03:10.130+0000] {taskmixin.py:205} WARNING - Dependency <Task(BashOperator): delete_tag>, create_tag already registered for DAG: example_complex
[2024-02-29T09:03:10.143+0000] {processor.py:753} INFO - DAG(s) dict_keys(['example_complex']) retrieved from /home/airflow/.local/lib/python3.7/site-packages/airflow/example_dags/example_complex.py
[2024-02-29T09:03:10.210+0000] {logging_mixin.py:137} INFO - [2024-02-29T09:03:10.209+0000] {dag.py:2690} INFO - Sync 1 DAGs
[2024-02-29T09:03:10.234+0000] {logging_mixin.py:137} INFO - [2024-02-29T09:03:10.233+0000] {dag.py:3441} INFO - Setting next_dagrun for example_complex to None, run_after=None
[2024-02-29T09:03:10.255+0000] {processor.py:175} INFO - Processing /home/airflow/.local/lib/python3.7/site-packages/airflow/example_dags/example_complex.py took 0.169 seconds
