[2024-02-29T08:46:24.643+0000] {processor.py:153} INFO - Started process (PID=49) to work on /home/airflow/.local/lib/python3.7/site-packages/airflow/example_dags/example_branch_datetime_operator.py
[2024-02-29T08:46:24.644+0000] {processor.py:743} INFO - Processing file /home/airflow/.local/lib/python3.7/site-packages/airflow/example_dags/example_branch_datetime_operator.py for tasks to queue
[2024-02-29T08:46:24.644+0000] {logging_mixin.py:137} INFO - [2024-02-29T08:46:24.644+0000] {dagbag.py:538} INFO - Filling up the DagBag from /home/airflow/.local/lib/python3.7/site-packages/airflow/example_dags/example_branch_datetime_operator.py
[2024-02-29T08:46:24.653+0000] {processor.py:753} INFO - DAG(s) dict_keys(['example_branch_datetime_operator', 'example_branch_datetime_operator_2', 'example_branch_datetime_operator_3']) retrieved from /home/airflow/.local/lib/python3.7/site-packages/airflow/example_dags/example_branch_datetime_operator.py
[2024-02-29T08:46:24.669+0000] {logging_mixin.py:137} INFO - [2024-02-29T08:46:24.669+0000] {dag.py:2690} INFO - Sync 3 DAGs
[2024-02-29T08:46:24.685+0000] {logging_mixin.py:137} INFO - [2024-02-29T08:46:24.685+0000] {dag.py:3441} INFO - Setting next_dagrun for example_branch_datetime_operator to 2024-02-28T00:00:00+00:00, run_after=2024-02-29T00:00:00+00:00
[2024-02-29T08:46:24.690+0000] {logging_mixin.py:137} INFO - [2024-02-29T08:46:24.690+0000] {dag.py:3441} INFO - Setting next_dagrun for example_branch_datetime_operator_2 to 2024-02-28T00:00:00+00:00, run_after=2024-02-29T00:00:00+00:00
[2024-02-29T08:46:24.692+0000] {logging_mixin.py:137} INFO - [2024-02-29T08:46:24.692+0000] {dag.py:3441} INFO - Setting next_dagrun for example_branch_datetime_operator_3 to 2024-02-28T00:00:00+00:00, run_after=2024-02-29T00:00:00+00:00
[2024-02-29T08:46:24.702+0000] {processor.py:175} INFO - Processing /home/airflow/.local/lib/python3.7/site-packages/airflow/example_dags/example_branch_datetime_operator.py took 0.060 seconds
[2024-02-29T08:46:55.525+0000] {processor.py:153} INFO - Started process (PID=142) to work on /home/airflow/.local/lib/python3.7/site-packages/airflow/example_dags/example_branch_datetime_operator.py
[2024-02-29T08:46:55.525+0000] {processor.py:743} INFO - Processing file /home/airflow/.local/lib/python3.7/site-packages/airflow/example_dags/example_branch_datetime_operator.py for tasks to queue
[2024-02-29T08:46:55.525+0000] {logging_mixin.py:137} INFO - [2024-02-29T08:46:55.525+0000] {dagbag.py:538} INFO - Filling up the DagBag from /home/airflow/.local/lib/python3.7/site-packages/airflow/example_dags/example_branch_datetime_operator.py
[2024-02-29T08:46:55.533+0000] {processor.py:753} INFO - DAG(s) dict_keys(['example_branch_datetime_operator_2', 'example_branch_datetime_operator', 'example_branch_datetime_operator_3']) retrieved from /home/airflow/.local/lib/python3.7/site-packages/airflow/example_dags/example_branch_datetime_operator.py
[2024-02-29T08:46:55.546+0000] {logging_mixin.py:137} INFO - [2024-02-29T08:46:55.546+0000] {dag.py:2690} INFO - Sync 3 DAGs
[2024-02-29T08:46:55.558+0000] {logging_mixin.py:137} INFO - [2024-02-29T08:46:55.558+0000] {dag.py:3441} INFO - Setting next_dagrun for example_branch_datetime_operator to 2024-02-28T00:00:00+00:00, run_after=2024-02-29T00:00:00+00:00
[2024-02-29T08:46:55.560+0000] {logging_mixin.py:137} INFO - [2024-02-29T08:46:55.560+0000] {dag.py:3441} INFO - Setting next_dagrun for example_branch_datetime_operator_2 to 2024-02-28T00:00:00+00:00, run_after=2024-02-29T00:00:00+00:00
[2024-02-29T08:46:55.561+0000] {logging_mixin.py:137} INFO - [2024-02-29T08:46:55.561+0000] {dag.py:3441} INFO - Setting next_dagrun for example_branch_datetime_operator_3 to 2024-02-28T00:00:00+00:00, run_after=2024-02-29T00:00:00+00:00
[2024-02-29T08:46:55.568+0000] {processor.py:175} INFO - Processing /home/airflow/.local/lib/python3.7/site-packages/airflow/example_dags/example_branch_datetime_operator.py took 0.045 seconds
[2024-02-29T08:47:25.866+0000] {processor.py:153} INFO - Started process (PID=236) to work on /home/airflow/.local/lib/python3.7/site-packages/airflow/example_dags/example_branch_datetime_operator.py
[2024-02-29T08:47:25.866+0000] {processor.py:743} INFO - Processing file /home/airflow/.local/lib/python3.7/site-packages/airflow/example_dags/example_branch_datetime_operator.py for tasks to queue
[2024-02-29T08:47:25.866+0000] {logging_mixin.py:137} INFO - [2024-02-29T08:47:25.866+0000] {dagbag.py:538} INFO - Filling up the DagBag from /home/airflow/.local/lib/python3.7/site-packages/airflow/example_dags/example_branch_datetime_operator.py
[2024-02-29T08:47:25.874+0000] {processor.py:753} INFO - DAG(s) dict_keys(['example_branch_datetime_operator_2', 'example_branch_datetime_operator', 'example_branch_datetime_operator_3']) retrieved from /home/airflow/.local/lib/python3.7/site-packages/airflow/example_dags/example_branch_datetime_operator.py
[2024-02-29T08:47:25.888+0000] {logging_mixin.py:137} INFO - [2024-02-29T08:47:25.888+0000] {dag.py:2690} INFO - Sync 3 DAGs
[2024-02-29T08:47:25.900+0000] {logging_mixin.py:137} INFO - [2024-02-29T08:47:25.900+0000] {dag.py:3441} INFO - Setting next_dagrun for example_branch_datetime_operator to 2024-02-28T00:00:00+00:00, run_after=2024-02-29T00:00:00+00:00
[2024-02-29T08:47:25.902+0000] {logging_mixin.py:137} INFO - [2024-02-29T08:47:25.902+0000] {dag.py:3441} INFO - Setting next_dagrun for example_branch_datetime_operator_2 to 2024-02-28T00:00:00+00:00, run_after=2024-02-29T00:00:00+00:00
[2024-02-29T08:47:25.903+0000] {logging_mixin.py:137} INFO - [2024-02-29T08:47:25.903+0000] {dag.py:3441} INFO - Setting next_dagrun for example_branch_datetime_operator_3 to 2024-02-28T00:00:00+00:00, run_after=2024-02-29T00:00:00+00:00
[2024-02-29T08:47:25.910+0000] {processor.py:175} INFO - Processing /home/airflow/.local/lib/python3.7/site-packages/airflow/example_dags/example_branch_datetime_operator.py took 0.046 seconds
[2024-02-29T08:47:56.161+0000] {processor.py:153} INFO - Started process (PID=312) to work on /home/airflow/.local/lib/python3.7/site-packages/airflow/example_dags/example_branch_datetime_operator.py
[2024-02-29T08:47:56.161+0000] {processor.py:743} INFO - Processing file /home/airflow/.local/lib/python3.7/site-packages/airflow/example_dags/example_branch_datetime_operator.py for tasks to queue
[2024-02-29T08:47:56.161+0000] {logging_mixin.py:137} INFO - [2024-02-29T08:47:56.161+0000] {dagbag.py:538} INFO - Filling up the DagBag from /home/airflow/.local/lib/python3.7/site-packages/airflow/example_dags/example_branch_datetime_operator.py
[2024-02-29T08:47:56.169+0000] {processor.py:753} INFO - DAG(s) dict_keys(['example_branch_datetime_operator_3', 'example_branch_datetime_operator', 'example_branch_datetime_operator_2']) retrieved from /home/airflow/.local/lib/python3.7/site-packages/airflow/example_dags/example_branch_datetime_operator.py
[2024-02-29T08:47:56.187+0000] {logging_mixin.py:137} INFO - [2024-02-29T08:47:56.186+0000] {dag.py:2690} INFO - Sync 3 DAGs
[2024-02-29T08:47:56.199+0000] {logging_mixin.py:137} INFO - [2024-02-29T08:47:56.199+0000] {dag.py:3441} INFO - Setting next_dagrun for example_branch_datetime_operator to 2024-02-28T00:00:00+00:00, run_after=2024-02-29T00:00:00+00:00
[2024-02-29T08:47:56.202+0000] {logging_mixin.py:137} INFO - [2024-02-29T08:47:56.202+0000] {dag.py:3441} INFO - Setting next_dagrun for example_branch_datetime_operator_2 to 2024-02-28T00:00:00+00:00, run_after=2024-02-29T00:00:00+00:00
[2024-02-29T08:47:56.203+0000] {logging_mixin.py:137} INFO - [2024-02-29T08:47:56.203+0000] {dag.py:3441} INFO - Setting next_dagrun for example_branch_datetime_operator_3 to 2024-02-28T00:00:00+00:00, run_after=2024-02-29T00:00:00+00:00
[2024-02-29T08:47:56.211+0000] {processor.py:175} INFO - Processing /home/airflow/.local/lib/python3.7/site-packages/airflow/example_dags/example_branch_datetime_operator.py took 0.052 seconds
[2024-02-29T08:48:26.727+0000] {processor.py:153} INFO - Started process (PID=405) to work on /home/airflow/.local/lib/python3.7/site-packages/airflow/example_dags/example_branch_datetime_operator.py
[2024-02-29T08:48:26.728+0000] {processor.py:743} INFO - Processing file /home/airflow/.local/lib/python3.7/site-packages/airflow/example_dags/example_branch_datetime_operator.py for tasks to queue
[2024-02-29T08:48:26.728+0000] {logging_mixin.py:137} INFO - [2024-02-29T08:48:26.728+0000] {dagbag.py:538} INFO - Filling up the DagBag from /home/airflow/.local/lib/python3.7/site-packages/airflow/example_dags/example_branch_datetime_operator.py
[2024-02-29T08:48:26.736+0000] {processor.py:753} INFO - DAG(s) dict_keys(['example_branch_datetime_operator_2', 'example_branch_datetime_operator', 'example_branch_datetime_operator_3']) retrieved from /home/airflow/.local/lib/python3.7/site-packages/airflow/example_dags/example_branch_datetime_operator.py
[2024-02-29T08:48:26.750+0000] {logging_mixin.py:137} INFO - [2024-02-29T08:48:26.750+0000] {dag.py:2690} INFO - Sync 3 DAGs
[2024-02-29T08:48:26.762+0000] {logging_mixin.py:137} INFO - [2024-02-29T08:48:26.762+0000] {dag.py:3441} INFO - Setting next_dagrun for example_branch_datetime_operator to 2024-02-28T00:00:00+00:00, run_after=2024-02-29T00:00:00+00:00
[2024-02-29T08:48:26.764+0000] {logging_mixin.py:137} INFO - [2024-02-29T08:48:26.764+0000] {dag.py:3441} INFO - Setting next_dagrun for example_branch_datetime_operator_2 to 2024-02-28T00:00:00+00:00, run_after=2024-02-29T00:00:00+00:00
[2024-02-29T08:48:26.765+0000] {logging_mixin.py:137} INFO - [2024-02-29T08:48:26.765+0000] {dag.py:3441} INFO - Setting next_dagrun for example_branch_datetime_operator_3 to 2024-02-28T00:00:00+00:00, run_after=2024-02-29T00:00:00+00:00
[2024-02-29T08:48:26.772+0000] {processor.py:175} INFO - Processing /home/airflow/.local/lib/python3.7/site-packages/airflow/example_dags/example_branch_datetime_operator.py took 0.047 seconds
[2024-02-29T08:48:57.057+0000] {processor.py:153} INFO - Started process (PID=499) to work on /home/airflow/.local/lib/python3.7/site-packages/airflow/example_dags/example_branch_datetime_operator.py
[2024-02-29T08:48:57.058+0000] {processor.py:743} INFO - Processing file /home/airflow/.local/lib/python3.7/site-packages/airflow/example_dags/example_branch_datetime_operator.py for tasks to queue
[2024-02-29T08:48:57.058+0000] {logging_mixin.py:137} INFO - [2024-02-29T08:48:57.058+0000] {dagbag.py:538} INFO - Filling up the DagBag from /home/airflow/.local/lib/python3.7/site-packages/airflow/example_dags/example_branch_datetime_operator.py
[2024-02-29T08:48:57.066+0000] {processor.py:753} INFO - DAG(s) dict_keys(['example_branch_datetime_operator_3', 'example_branch_datetime_operator', 'example_branch_datetime_operator_2']) retrieved from /home/airflow/.local/lib/python3.7/site-packages/airflow/example_dags/example_branch_datetime_operator.py
[2024-02-29T08:48:57.080+0000] {logging_mixin.py:137} INFO - [2024-02-29T08:48:57.080+0000] {dag.py:2690} INFO - Sync 3 DAGs
[2024-02-29T08:48:57.092+0000] {logging_mixin.py:137} INFO - [2024-02-29T08:48:57.092+0000] {dag.py:3441} INFO - Setting next_dagrun for example_branch_datetime_operator to 2024-02-28T00:00:00+00:00, run_after=2024-02-29T00:00:00+00:00
[2024-02-29T08:48:57.094+0000] {logging_mixin.py:137} INFO - [2024-02-29T08:48:57.094+0000] {dag.py:3441} INFO - Setting next_dagrun for example_branch_datetime_operator_2 to 2024-02-28T00:00:00+00:00, run_after=2024-02-29T00:00:00+00:00
[2024-02-29T08:48:57.095+0000] {logging_mixin.py:137} INFO - [2024-02-29T08:48:57.095+0000] {dag.py:3441} INFO - Setting next_dagrun for example_branch_datetime_operator_3 to 2024-02-28T00:00:00+00:00, run_after=2024-02-29T00:00:00+00:00
[2024-02-29T08:48:57.103+0000] {processor.py:175} INFO - Processing /home/airflow/.local/lib/python3.7/site-packages/airflow/example_dags/example_branch_datetime_operator.py took 0.048 seconds
[2024-02-29T08:49:27.500+0000] {processor.py:153} INFO - Started process (PID=593) to work on /home/airflow/.local/lib/python3.7/site-packages/airflow/example_dags/example_branch_datetime_operator.py
[2024-02-29T08:49:27.500+0000] {processor.py:743} INFO - Processing file /home/airflow/.local/lib/python3.7/site-packages/airflow/example_dags/example_branch_datetime_operator.py for tasks to queue
[2024-02-29T08:49:27.500+0000] {logging_mixin.py:137} INFO - [2024-02-29T08:49:27.500+0000] {dagbag.py:538} INFO - Filling up the DagBag from /home/airflow/.local/lib/python3.7/site-packages/airflow/example_dags/example_branch_datetime_operator.py
[2024-02-29T08:49:27.508+0000] {processor.py:753} INFO - DAG(s) dict_keys(['example_branch_datetime_operator_2', 'example_branch_datetime_operator_3', 'example_branch_datetime_operator']) retrieved from /home/airflow/.local/lib/python3.7/site-packages/airflow/example_dags/example_branch_datetime_operator.py
[2024-02-29T08:49:27.522+0000] {logging_mixin.py:137} INFO - [2024-02-29T08:49:27.522+0000] {dag.py:2690} INFO - Sync 3 DAGs
[2024-02-29T08:49:27.533+0000] {logging_mixin.py:137} INFO - [2024-02-29T08:49:27.533+0000] {dag.py:3441} INFO - Setting next_dagrun for example_branch_datetime_operator to 2024-02-28T00:00:00+00:00, run_after=2024-02-29T00:00:00+00:00
[2024-02-29T08:49:27.535+0000] {logging_mixin.py:137} INFO - [2024-02-29T08:49:27.535+0000] {dag.py:3441} INFO - Setting next_dagrun for example_branch_datetime_operator_2 to 2024-02-28T00:00:00+00:00, run_after=2024-02-29T00:00:00+00:00
[2024-02-29T08:49:27.536+0000] {logging_mixin.py:137} INFO - [2024-02-29T08:49:27.536+0000] {dag.py:3441} INFO - Setting next_dagrun for example_branch_datetime_operator_3 to 2024-02-28T00:00:00+00:00, run_after=2024-02-29T00:00:00+00:00
[2024-02-29T08:49:27.543+0000] {processor.py:175} INFO - Processing /home/airflow/.local/lib/python3.7/site-packages/airflow/example_dags/example_branch_datetime_operator.py took 0.045 seconds
[2024-02-29T08:49:57.828+0000] {processor.py:153} INFO - Started process (PID=668) to work on /home/airflow/.local/lib/python3.7/site-packages/airflow/example_dags/example_branch_datetime_operator.py
[2024-02-29T08:49:57.828+0000] {processor.py:743} INFO - Processing file /home/airflow/.local/lib/python3.7/site-packages/airflow/example_dags/example_branch_datetime_operator.py for tasks to queue
[2024-02-29T08:49:57.829+0000] {logging_mixin.py:137} INFO - [2024-02-29T08:49:57.829+0000] {dagbag.py:538} INFO - Filling up the DagBag from /home/airflow/.local/lib/python3.7/site-packages/airflow/example_dags/example_branch_datetime_operator.py
[2024-02-29T08:49:57.836+0000] {processor.py:753} INFO - DAG(s) dict_keys(['example_branch_datetime_operator_2', 'example_branch_datetime_operator', 'example_branch_datetime_operator_3']) retrieved from /home/airflow/.local/lib/python3.7/site-packages/airflow/example_dags/example_branch_datetime_operator.py
[2024-02-29T08:49:57.850+0000] {logging_mixin.py:137} INFO - [2024-02-29T08:49:57.850+0000] {dag.py:2690} INFO - Sync 3 DAGs
[2024-02-29T08:49:57.862+0000] {logging_mixin.py:137} INFO - [2024-02-29T08:49:57.862+0000] {dag.py:3441} INFO - Setting next_dagrun for example_branch_datetime_operator to 2024-02-28T00:00:00+00:00, run_after=2024-02-29T00:00:00+00:00
[2024-02-29T08:49:57.865+0000] {logging_mixin.py:137} INFO - [2024-02-29T08:49:57.865+0000] {dag.py:3441} INFO - Setting next_dagrun for example_branch_datetime_operator_2 to 2024-02-28T00:00:00+00:00, run_after=2024-02-29T00:00:00+00:00
[2024-02-29T08:49:57.866+0000] {logging_mixin.py:137} INFO - [2024-02-29T08:49:57.866+0000] {dag.py:3441} INFO - Setting next_dagrun for example_branch_datetime_operator_3 to 2024-02-28T00:00:00+00:00, run_after=2024-02-29T00:00:00+00:00
[2024-02-29T08:49:57.873+0000] {processor.py:175} INFO - Processing /home/airflow/.local/lib/python3.7/site-packages/airflow/example_dags/example_branch_datetime_operator.py took 0.047 seconds
[2024-02-29T08:50:28.176+0000] {processor.py:153} INFO - Started process (PID=762) to work on /home/airflow/.local/lib/python3.7/site-packages/airflow/example_dags/example_branch_datetime_operator.py
[2024-02-29T08:50:28.176+0000] {processor.py:743} INFO - Processing file /home/airflow/.local/lib/python3.7/site-packages/airflow/example_dags/example_branch_datetime_operator.py for tasks to queue
[2024-02-29T08:50:28.177+0000] {logging_mixin.py:137} INFO - [2024-02-29T08:50:28.177+0000] {dagbag.py:538} INFO - Filling up the DagBag from /home/airflow/.local/lib/python3.7/site-packages/airflow/example_dags/example_branch_datetime_operator.py
[2024-02-29T08:50:28.184+0000] {processor.py:753} INFO - DAG(s) dict_keys(['example_branch_datetime_operator', 'example_branch_datetime_operator_3', 'example_branch_datetime_operator_2']) retrieved from /home/airflow/.local/lib/python3.7/site-packages/airflow/example_dags/example_branch_datetime_operator.py
[2024-02-29T08:50:28.198+0000] {logging_mixin.py:137} INFO - [2024-02-29T08:50:28.198+0000] {dag.py:2690} INFO - Sync 3 DAGs
[2024-02-29T08:50:28.210+0000] {logging_mixin.py:137} INFO - [2024-02-29T08:50:28.210+0000] {dag.py:3441} INFO - Setting next_dagrun for example_branch_datetime_operator to 2024-02-28T00:00:00+00:00, run_after=2024-02-29T00:00:00+00:00
[2024-02-29T08:50:28.212+0000] {logging_mixin.py:137} INFO - [2024-02-29T08:50:28.212+0000] {dag.py:3441} INFO - Setting next_dagrun for example_branch_datetime_operator_2 to 2024-02-28T00:00:00+00:00, run_after=2024-02-29T00:00:00+00:00
[2024-02-29T08:50:28.213+0000] {logging_mixin.py:137} INFO - [2024-02-29T08:50:28.213+0000] {dag.py:3441} INFO - Setting next_dagrun for example_branch_datetime_operator_3 to 2024-02-28T00:00:00+00:00, run_after=2024-02-29T00:00:00+00:00
[2024-02-29T08:50:28.221+0000] {processor.py:175} INFO - Processing /home/airflow/.local/lib/python3.7/site-packages/airflow/example_dags/example_branch_datetime_operator.py took 0.047 seconds
[2024-02-29T08:50:58.761+0000] {processor.py:153} INFO - Started process (PID=856) to work on /home/airflow/.local/lib/python3.7/site-packages/airflow/example_dags/example_branch_datetime_operator.py
[2024-02-29T08:50:58.761+0000] {processor.py:743} INFO - Processing file /home/airflow/.local/lib/python3.7/site-packages/airflow/example_dags/example_branch_datetime_operator.py for tasks to queue
[2024-02-29T08:50:58.761+0000] {logging_mixin.py:137} INFO - [2024-02-29T08:50:58.761+0000] {dagbag.py:538} INFO - Filling up the DagBag from /home/airflow/.local/lib/python3.7/site-packages/airflow/example_dags/example_branch_datetime_operator.py
[2024-02-29T08:50:58.769+0000] {processor.py:753} INFO - DAG(s) dict_keys(['example_branch_datetime_operator', 'example_branch_datetime_operator_3', 'example_branch_datetime_operator_2']) retrieved from /home/airflow/.local/lib/python3.7/site-packages/airflow/example_dags/example_branch_datetime_operator.py
[2024-02-29T08:50:58.783+0000] {logging_mixin.py:137} INFO - [2024-02-29T08:50:58.783+0000] {dag.py:2690} INFO - Sync 3 DAGs
[2024-02-29T08:50:58.795+0000] {logging_mixin.py:137} INFO - [2024-02-29T08:50:58.795+0000] {dag.py:3441} INFO - Setting next_dagrun for example_branch_datetime_operator to 2024-02-28T00:00:00+00:00, run_after=2024-02-29T00:00:00+00:00
[2024-02-29T08:50:58.797+0000] {logging_mixin.py:137} INFO - [2024-02-29T08:50:58.797+0000] {dag.py:3441} INFO - Setting next_dagrun for example_branch_datetime_operator_2 to 2024-02-28T00:00:00+00:00, run_after=2024-02-29T00:00:00+00:00
[2024-02-29T08:50:58.798+0000] {logging_mixin.py:137} INFO - [2024-02-29T08:50:58.798+0000] {dag.py:3441} INFO - Setting next_dagrun for example_branch_datetime_operator_3 to 2024-02-28T00:00:00+00:00, run_after=2024-02-29T00:00:00+00:00
[2024-02-29T08:50:58.805+0000] {processor.py:175} INFO - Processing /home/airflow/.local/lib/python3.7/site-packages/airflow/example_dags/example_branch_datetime_operator.py took 0.046 seconds
[2024-02-29T08:51:29.125+0000] {processor.py:153} INFO - Started process (PID=949) to work on /home/airflow/.local/lib/python3.7/site-packages/airflow/example_dags/example_branch_datetime_operator.py
[2024-02-29T08:51:29.126+0000] {processor.py:743} INFO - Processing file /home/airflow/.local/lib/python3.7/site-packages/airflow/example_dags/example_branch_datetime_operator.py for tasks to queue
[2024-02-29T08:51:29.126+0000] {logging_mixin.py:137} INFO - [2024-02-29T08:51:29.126+0000] {dagbag.py:538} INFO - Filling up the DagBag from /home/airflow/.local/lib/python3.7/site-packages/airflow/example_dags/example_branch_datetime_operator.py
[2024-02-29T08:51:29.134+0000] {processor.py:753} INFO - DAG(s) dict_keys(['example_branch_datetime_operator', 'example_branch_datetime_operator_2', 'example_branch_datetime_operator_3']) retrieved from /home/airflow/.local/lib/python3.7/site-packages/airflow/example_dags/example_branch_datetime_operator.py
[2024-02-29T08:51:29.148+0000] {logging_mixin.py:137} INFO - [2024-02-29T08:51:29.148+0000] {dag.py:2690} INFO - Sync 3 DAGs
[2024-02-29T08:51:29.160+0000] {logging_mixin.py:137} INFO - [2024-02-29T08:51:29.160+0000] {dag.py:3441} INFO - Setting next_dagrun for example_branch_datetime_operator to 2024-02-28T00:00:00+00:00, run_after=2024-02-29T00:00:00+00:00
[2024-02-29T08:51:29.163+0000] {logging_mixin.py:137} INFO - [2024-02-29T08:51:29.162+0000] {dag.py:3441} INFO - Setting next_dagrun for example_branch_datetime_operator_2 to 2024-02-28T00:00:00+00:00, run_after=2024-02-29T00:00:00+00:00
[2024-02-29T08:51:29.164+0000] {logging_mixin.py:137} INFO - [2024-02-29T08:51:29.164+0000] {dag.py:3441} INFO - Setting next_dagrun for example_branch_datetime_operator_3 to 2024-02-28T00:00:00+00:00, run_after=2024-02-29T00:00:00+00:00
[2024-02-29T08:51:29.172+0000] {processor.py:175} INFO - Processing /home/airflow/.local/lib/python3.7/site-packages/airflow/example_dags/example_branch_datetime_operator.py took 0.048 seconds
[2024-02-29T08:51:59.495+0000] {processor.py:153} INFO - Started process (PID=1025) to work on /home/airflow/.local/lib/python3.7/site-packages/airflow/example_dags/example_branch_datetime_operator.py
[2024-02-29T08:51:59.496+0000] {processor.py:743} INFO - Processing file /home/airflow/.local/lib/python3.7/site-packages/airflow/example_dags/example_branch_datetime_operator.py for tasks to queue
[2024-02-29T08:51:59.497+0000] {logging_mixin.py:137} INFO - [2024-02-29T08:51:59.497+0000] {dagbag.py:538} INFO - Filling up the DagBag from /home/airflow/.local/lib/python3.7/site-packages/airflow/example_dags/example_branch_datetime_operator.py
[2024-02-29T08:51:59.504+0000] {processor.py:753} INFO - DAG(s) dict_keys(['example_branch_datetime_operator', 'example_branch_datetime_operator_3', 'example_branch_datetime_operator_2']) retrieved from /home/airflow/.local/lib/python3.7/site-packages/airflow/example_dags/example_branch_datetime_operator.py
[2024-02-29T08:51:59.519+0000] {logging_mixin.py:137} INFO - [2024-02-29T08:51:59.519+0000] {dag.py:2690} INFO - Sync 3 DAGs
[2024-02-29T08:51:59.532+0000] {logging_mixin.py:137} INFO - [2024-02-29T08:51:59.532+0000] {dag.py:3441} INFO - Setting next_dagrun for example_branch_datetime_operator to 2024-02-28T00:00:00+00:00, run_after=2024-02-29T00:00:00+00:00
[2024-02-29T08:51:59.534+0000] {logging_mixin.py:137} INFO - [2024-02-29T08:51:59.534+0000] {dag.py:3441} INFO - Setting next_dagrun for example_branch_datetime_operator_2 to 2024-02-28T00:00:00+00:00, run_after=2024-02-29T00:00:00+00:00
[2024-02-29T08:51:59.535+0000] {logging_mixin.py:137} INFO - [2024-02-29T08:51:59.535+0000] {dag.py:3441} INFO - Setting next_dagrun for example_branch_datetime_operator_3 to 2024-02-28T00:00:00+00:00, run_after=2024-02-29T00:00:00+00:00
[2024-02-29T08:51:59.542+0000] {processor.py:175} INFO - Processing /home/airflow/.local/lib/python3.7/site-packages/airflow/example_dags/example_branch_datetime_operator.py took 0.049 seconds
[2024-02-29T08:52:29.841+0000] {processor.py:153} INFO - Started process (PID=1118) to work on /home/airflow/.local/lib/python3.7/site-packages/airflow/example_dags/example_branch_datetime_operator.py
[2024-02-29T08:52:29.841+0000] {processor.py:743} INFO - Processing file /home/airflow/.local/lib/python3.7/site-packages/airflow/example_dags/example_branch_datetime_operator.py for tasks to queue
[2024-02-29T08:52:29.842+0000] {logging_mixin.py:137} INFO - [2024-02-29T08:52:29.842+0000] {dagbag.py:538} INFO - Filling up the DagBag from /home/airflow/.local/lib/python3.7/site-packages/airflow/example_dags/example_branch_datetime_operator.py
[2024-02-29T08:52:29.849+0000] {processor.py:753} INFO - DAG(s) dict_keys(['example_branch_datetime_operator_2', 'example_branch_datetime_operator_3', 'example_branch_datetime_operator']) retrieved from /home/airflow/.local/lib/python3.7/site-packages/airflow/example_dags/example_branch_datetime_operator.py
[2024-02-29T08:52:29.864+0000] {logging_mixin.py:137} INFO - [2024-02-29T08:52:29.864+0000] {dag.py:2690} INFO - Sync 3 DAGs
[2024-02-29T08:52:29.875+0000] {logging_mixin.py:137} INFO - [2024-02-29T08:52:29.875+0000] {dag.py:3441} INFO - Setting next_dagrun for example_branch_datetime_operator to 2024-02-28T00:00:00+00:00, run_after=2024-02-29T00:00:00+00:00
[2024-02-29T08:52:29.877+0000] {logging_mixin.py:137} INFO - [2024-02-29T08:52:29.877+0000] {dag.py:3441} INFO - Setting next_dagrun for example_branch_datetime_operator_2 to 2024-02-28T00:00:00+00:00, run_after=2024-02-29T00:00:00+00:00
[2024-02-29T08:52:29.878+0000] {logging_mixin.py:137} INFO - [2024-02-29T08:52:29.878+0000] {dag.py:3441} INFO - Setting next_dagrun for example_branch_datetime_operator_3 to 2024-02-28T00:00:00+00:00, run_after=2024-02-29T00:00:00+00:00
[2024-02-29T08:52:29.885+0000] {processor.py:175} INFO - Processing /home/airflow/.local/lib/python3.7/site-packages/airflow/example_dags/example_branch_datetime_operator.py took 0.046 seconds
[2024-02-29T08:53:00.173+0000] {processor.py:153} INFO - Started process (PID=1211) to work on /home/airflow/.local/lib/python3.7/site-packages/airflow/example_dags/example_branch_datetime_operator.py
[2024-02-29T08:53:00.174+0000] {processor.py:743} INFO - Processing file /home/airflow/.local/lib/python3.7/site-packages/airflow/example_dags/example_branch_datetime_operator.py for tasks to queue
[2024-02-29T08:53:00.174+0000] {logging_mixin.py:137} INFO - [2024-02-29T08:53:00.174+0000] {dagbag.py:538} INFO - Filling up the DagBag from /home/airflow/.local/lib/python3.7/site-packages/airflow/example_dags/example_branch_datetime_operator.py
[2024-02-29T08:53:00.182+0000] {processor.py:753} INFO - DAG(s) dict_keys(['example_branch_datetime_operator', 'example_branch_datetime_operator_3', 'example_branch_datetime_operator_2']) retrieved from /home/airflow/.local/lib/python3.7/site-packages/airflow/example_dags/example_branch_datetime_operator.py
[2024-02-29T08:53:00.195+0000] {logging_mixin.py:137} INFO - [2024-02-29T08:53:00.195+0000] {dag.py:2690} INFO - Sync 3 DAGs
[2024-02-29T08:53:00.207+0000] {logging_mixin.py:137} INFO - [2024-02-29T08:53:00.207+0000] {dag.py:3441} INFO - Setting next_dagrun for example_branch_datetime_operator to 2024-02-28T00:00:00+00:00, run_after=2024-02-29T00:00:00+00:00
[2024-02-29T08:53:00.209+0000] {logging_mixin.py:137} INFO - [2024-02-29T08:53:00.209+0000] {dag.py:3441} INFO - Setting next_dagrun for example_branch_datetime_operator_2 to 2024-02-28T00:00:00+00:00, run_after=2024-02-29T00:00:00+00:00
[2024-02-29T08:53:00.210+0000] {logging_mixin.py:137} INFO - [2024-02-29T08:53:00.210+0000] {dag.py:3441} INFO - Setting next_dagrun for example_branch_datetime_operator_3 to 2024-02-28T00:00:00+00:00, run_after=2024-02-29T00:00:00+00:00
[2024-02-29T08:53:00.217+0000] {processor.py:175} INFO - Processing /home/airflow/.local/lib/python3.7/site-packages/airflow/example_dags/example_branch_datetime_operator.py took 0.045 seconds
[2024-02-29T08:53:30.562+0000] {processor.py:153} INFO - Started process (PID=1305) to work on /home/airflow/.local/lib/python3.7/site-packages/airflow/example_dags/example_branch_datetime_operator.py
[2024-02-29T08:53:30.563+0000] {processor.py:743} INFO - Processing file /home/airflow/.local/lib/python3.7/site-packages/airflow/example_dags/example_branch_datetime_operator.py for tasks to queue
[2024-02-29T08:53:30.563+0000] {logging_mixin.py:137} INFO - [2024-02-29T08:53:30.563+0000] {dagbag.py:538} INFO - Filling up the DagBag from /home/airflow/.local/lib/python3.7/site-packages/airflow/example_dags/example_branch_datetime_operator.py
[2024-02-29T08:53:30.570+0000] {processor.py:753} INFO - DAG(s) dict_keys(['example_branch_datetime_operator', 'example_branch_datetime_operator_3', 'example_branch_datetime_operator_2']) retrieved from /home/airflow/.local/lib/python3.7/site-packages/airflow/example_dags/example_branch_datetime_operator.py
[2024-02-29T08:53:30.584+0000] {logging_mixin.py:137} INFO - [2024-02-29T08:53:30.584+0000] {dag.py:2690} INFO - Sync 3 DAGs
[2024-02-29T08:53:30.596+0000] {logging_mixin.py:137} INFO - [2024-02-29T08:53:30.596+0000] {dag.py:3441} INFO - Setting next_dagrun for example_branch_datetime_operator to 2024-02-28T00:00:00+00:00, run_after=2024-02-29T00:00:00+00:00
[2024-02-29T08:53:30.598+0000] {logging_mixin.py:137} INFO - [2024-02-29T08:53:30.598+0000] {dag.py:3441} INFO - Setting next_dagrun for example_branch_datetime_operator_2 to 2024-02-28T00:00:00+00:00, run_after=2024-02-29T00:00:00+00:00
[2024-02-29T08:53:30.599+0000] {logging_mixin.py:137} INFO - [2024-02-29T08:53:30.599+0000] {dag.py:3441} INFO - Setting next_dagrun for example_branch_datetime_operator_3 to 2024-02-28T00:00:00+00:00, run_after=2024-02-29T00:00:00+00:00
[2024-02-29T08:53:30.607+0000] {processor.py:175} INFO - Processing /home/airflow/.local/lib/python3.7/site-packages/airflow/example_dags/example_branch_datetime_operator.py took 0.046 seconds
[2024-02-29T08:54:00.972+0000] {processor.py:153} INFO - Started process (PID=1381) to work on /home/airflow/.local/lib/python3.7/site-packages/airflow/example_dags/example_branch_datetime_operator.py
[2024-02-29T08:54:00.972+0000] {processor.py:743} INFO - Processing file /home/airflow/.local/lib/python3.7/site-packages/airflow/example_dags/example_branch_datetime_operator.py for tasks to queue
[2024-02-29T08:54:00.973+0000] {logging_mixin.py:137} INFO - [2024-02-29T08:54:00.973+0000] {dagbag.py:538} INFO - Filling up the DagBag from /home/airflow/.local/lib/python3.7/site-packages/airflow/example_dags/example_branch_datetime_operator.py
[2024-02-29T08:54:00.980+0000] {processor.py:753} INFO - DAG(s) dict_keys(['example_branch_datetime_operator_3', 'example_branch_datetime_operator_2', 'example_branch_datetime_operator']) retrieved from /home/airflow/.local/lib/python3.7/site-packages/airflow/example_dags/example_branch_datetime_operator.py
[2024-02-29T08:54:00.993+0000] {logging_mixin.py:137} INFO - [2024-02-29T08:54:00.993+0000] {dag.py:2690} INFO - Sync 3 DAGs
[2024-02-29T08:54:01.005+0000] {logging_mixin.py:137} INFO - [2024-02-29T08:54:01.005+0000] {dag.py:3441} INFO - Setting next_dagrun for example_branch_datetime_operator to 2024-02-28T00:00:00+00:00, run_after=2024-02-29T00:00:00+00:00
[2024-02-29T08:54:01.007+0000] {logging_mixin.py:137} INFO - [2024-02-29T08:54:01.007+0000] {dag.py:3441} INFO - Setting next_dagrun for example_branch_datetime_operator_2 to 2024-02-28T00:00:00+00:00, run_after=2024-02-29T00:00:00+00:00
[2024-02-29T08:54:01.008+0000] {logging_mixin.py:137} INFO - [2024-02-29T08:54:01.008+0000] {dag.py:3441} INFO - Setting next_dagrun for example_branch_datetime_operator_3 to 2024-02-28T00:00:00+00:00, run_after=2024-02-29T00:00:00+00:00
[2024-02-29T08:54:01.015+0000] {processor.py:175} INFO - Processing /home/airflow/.local/lib/python3.7/site-packages/airflow/example_dags/example_branch_datetime_operator.py took 0.045 seconds
[2024-02-29T08:54:31.381+0000] {processor.py:153} INFO - Started process (PID=1475) to work on /home/airflow/.local/lib/python3.7/site-packages/airflow/example_dags/example_branch_datetime_operator.py
[2024-02-29T08:54:31.381+0000] {processor.py:743} INFO - Processing file /home/airflow/.local/lib/python3.7/site-packages/airflow/example_dags/example_branch_datetime_operator.py for tasks to queue
[2024-02-29T08:54:31.381+0000] {logging_mixin.py:137} INFO - [2024-02-29T08:54:31.381+0000] {dagbag.py:538} INFO - Filling up the DagBag from /home/airflow/.local/lib/python3.7/site-packages/airflow/example_dags/example_branch_datetime_operator.py
[2024-02-29T08:54:31.389+0000] {processor.py:753} INFO - DAG(s) dict_keys(['example_branch_datetime_operator_3', 'example_branch_datetime_operator_2', 'example_branch_datetime_operator']) retrieved from /home/airflow/.local/lib/python3.7/site-packages/airflow/example_dags/example_branch_datetime_operator.py
[2024-02-29T08:54:31.403+0000] {logging_mixin.py:137} INFO - [2024-02-29T08:54:31.403+0000] {dag.py:2690} INFO - Sync 3 DAGs
[2024-02-29T08:54:31.416+0000] {logging_mixin.py:137} INFO - [2024-02-29T08:54:31.416+0000] {dag.py:3441} INFO - Setting next_dagrun for example_branch_datetime_operator to 2024-02-28T00:00:00+00:00, run_after=2024-02-29T00:00:00+00:00
[2024-02-29T08:54:31.418+0000] {logging_mixin.py:137} INFO - [2024-02-29T08:54:31.418+0000] {dag.py:3441} INFO - Setting next_dagrun for example_branch_datetime_operator_2 to 2024-02-28T00:00:00+00:00, run_after=2024-02-29T00:00:00+00:00
[2024-02-29T08:54:31.419+0000] {logging_mixin.py:137} INFO - [2024-02-29T08:54:31.419+0000] {dag.py:3441} INFO - Setting next_dagrun for example_branch_datetime_operator_3 to 2024-02-28T00:00:00+00:00, run_after=2024-02-29T00:00:00+00:00
[2024-02-29T08:54:31.426+0000] {processor.py:175} INFO - Processing /home/airflow/.local/lib/python3.7/site-packages/airflow/example_dags/example_branch_datetime_operator.py took 0.047 seconds
[2024-02-29T08:55:01.817+0000] {processor.py:153} INFO - Started process (PID=1569) to work on /home/airflow/.local/lib/python3.7/site-packages/airflow/example_dags/example_branch_datetime_operator.py
[2024-02-29T08:55:01.817+0000] {processor.py:743} INFO - Processing file /home/airflow/.local/lib/python3.7/site-packages/airflow/example_dags/example_branch_datetime_operator.py for tasks to queue
[2024-02-29T08:55:01.818+0000] {logging_mixin.py:137} INFO - [2024-02-29T08:55:01.818+0000] {dagbag.py:538} INFO - Filling up the DagBag from /home/airflow/.local/lib/python3.7/site-packages/airflow/example_dags/example_branch_datetime_operator.py
[2024-02-29T08:55:01.825+0000] {processor.py:753} INFO - DAG(s) dict_keys(['example_branch_datetime_operator_3', 'example_branch_datetime_operator_2', 'example_branch_datetime_operator']) retrieved from /home/airflow/.local/lib/python3.7/site-packages/airflow/example_dags/example_branch_datetime_operator.py
[2024-02-29T08:55:01.839+0000] {logging_mixin.py:137} INFO - [2024-02-29T08:55:01.839+0000] {dag.py:2690} INFO - Sync 3 DAGs
[2024-02-29T08:55:01.851+0000] {logging_mixin.py:137} INFO - [2024-02-29T08:55:01.851+0000] {dag.py:3441} INFO - Setting next_dagrun for example_branch_datetime_operator to 2024-02-28T00:00:00+00:00, run_after=2024-02-29T00:00:00+00:00
[2024-02-29T08:55:01.853+0000] {logging_mixin.py:137} INFO - [2024-02-29T08:55:01.853+0000] {dag.py:3441} INFO - Setting next_dagrun for example_branch_datetime_operator_2 to 2024-02-28T00:00:00+00:00, run_after=2024-02-29T00:00:00+00:00
[2024-02-29T08:55:01.856+0000] {logging_mixin.py:137} INFO - [2024-02-29T08:55:01.855+0000] {dag.py:3441} INFO - Setting next_dagrun for example_branch_datetime_operator_3 to 2024-02-28T00:00:00+00:00, run_after=2024-02-29T00:00:00+00:00
[2024-02-29T08:55:01.865+0000] {processor.py:175} INFO - Processing /home/airflow/.local/lib/python3.7/site-packages/airflow/example_dags/example_branch_datetime_operator.py took 0.050 seconds
[2024-02-29T08:55:32.276+0000] {processor.py:153} INFO - Started process (PID=1662) to work on /home/airflow/.local/lib/python3.7/site-packages/airflow/example_dags/example_branch_datetime_operator.py
[2024-02-29T08:55:32.276+0000] {processor.py:743} INFO - Processing file /home/airflow/.local/lib/python3.7/site-packages/airflow/example_dags/example_branch_datetime_operator.py for tasks to queue
[2024-02-29T08:55:32.276+0000] {logging_mixin.py:137} INFO - [2024-02-29T08:55:32.276+0000] {dagbag.py:538} INFO - Filling up the DagBag from /home/airflow/.local/lib/python3.7/site-packages/airflow/example_dags/example_branch_datetime_operator.py
[2024-02-29T08:55:32.284+0000] {processor.py:753} INFO - DAG(s) dict_keys(['example_branch_datetime_operator_2', 'example_branch_datetime_operator_3', 'example_branch_datetime_operator']) retrieved from /home/airflow/.local/lib/python3.7/site-packages/airflow/example_dags/example_branch_datetime_operator.py
[2024-02-29T08:55:32.298+0000] {logging_mixin.py:137} INFO - [2024-02-29T08:55:32.298+0000] {dag.py:2690} INFO - Sync 3 DAGs
[2024-02-29T08:55:32.310+0000] {logging_mixin.py:137} INFO - [2024-02-29T08:55:32.310+0000] {dag.py:3441} INFO - Setting next_dagrun for example_branch_datetime_operator to 2024-02-28T00:00:00+00:00, run_after=2024-02-29T00:00:00+00:00
[2024-02-29T08:55:32.312+0000] {logging_mixin.py:137} INFO - [2024-02-29T08:55:32.312+0000] {dag.py:3441} INFO - Setting next_dagrun for example_branch_datetime_operator_2 to 2024-02-28T00:00:00+00:00, run_after=2024-02-29T00:00:00+00:00
[2024-02-29T08:55:32.313+0000] {logging_mixin.py:137} INFO - [2024-02-29T08:55:32.313+0000] {dag.py:3441} INFO - Setting next_dagrun for example_branch_datetime_operator_3 to 2024-02-28T00:00:00+00:00, run_after=2024-02-29T00:00:00+00:00
[2024-02-29T08:55:32.320+0000] {processor.py:175} INFO - Processing /home/airflow/.local/lib/python3.7/site-packages/airflow/example_dags/example_branch_datetime_operator.py took 0.046 seconds
[2024-02-29T08:56:02.582+0000] {processor.py:153} INFO - Started process (PID=1738) to work on /home/airflow/.local/lib/python3.7/site-packages/airflow/example_dags/example_branch_datetime_operator.py
[2024-02-29T08:56:02.583+0000] {processor.py:743} INFO - Processing file /home/airflow/.local/lib/python3.7/site-packages/airflow/example_dags/example_branch_datetime_operator.py for tasks to queue
[2024-02-29T08:56:02.583+0000] {logging_mixin.py:137} INFO - [2024-02-29T08:56:02.583+0000] {dagbag.py:538} INFO - Filling up the DagBag from /home/airflow/.local/lib/python3.7/site-packages/airflow/example_dags/example_branch_datetime_operator.py
[2024-02-29T08:56:02.590+0000] {processor.py:753} INFO - DAG(s) dict_keys(['example_branch_datetime_operator_3', 'example_branch_datetime_operator', 'example_branch_datetime_operator_2']) retrieved from /home/airflow/.local/lib/python3.7/site-packages/airflow/example_dags/example_branch_datetime_operator.py
[2024-02-29T08:56:02.604+0000] {logging_mixin.py:137} INFO - [2024-02-29T08:56:02.604+0000] {dag.py:2690} INFO - Sync 3 DAGs
[2024-02-29T08:56:02.615+0000] {logging_mixin.py:137} INFO - [2024-02-29T08:56:02.615+0000] {dag.py:3441} INFO - Setting next_dagrun for example_branch_datetime_operator to 2024-02-28T00:00:00+00:00, run_after=2024-02-29T00:00:00+00:00
[2024-02-29T08:56:02.617+0000] {logging_mixin.py:137} INFO - [2024-02-29T08:56:02.617+0000] {dag.py:3441} INFO - Setting next_dagrun for example_branch_datetime_operator_2 to 2024-02-28T00:00:00+00:00, run_after=2024-02-29T00:00:00+00:00
[2024-02-29T08:56:02.619+0000] {logging_mixin.py:137} INFO - [2024-02-29T08:56:02.619+0000] {dag.py:3441} INFO - Setting next_dagrun for example_branch_datetime_operator_3 to 2024-02-28T00:00:00+00:00, run_after=2024-02-29T00:00:00+00:00
[2024-02-29T08:56:02.626+0000] {processor.py:175} INFO - Processing /home/airflow/.local/lib/python3.7/site-packages/airflow/example_dags/example_branch_datetime_operator.py took 0.045 seconds
[2024-02-29T08:56:33.030+0000] {processor.py:153} INFO - Started process (PID=1832) to work on /home/airflow/.local/lib/python3.7/site-packages/airflow/example_dags/example_branch_datetime_operator.py
[2024-02-29T08:56:33.031+0000] {processor.py:743} INFO - Processing file /home/airflow/.local/lib/python3.7/site-packages/airflow/example_dags/example_branch_datetime_operator.py for tasks to queue
[2024-02-29T08:56:33.031+0000] {logging_mixin.py:137} INFO - [2024-02-29T08:56:33.031+0000] {dagbag.py:538} INFO - Filling up the DagBag from /home/airflow/.local/lib/python3.7/site-packages/airflow/example_dags/example_branch_datetime_operator.py
[2024-02-29T08:56:33.039+0000] {processor.py:753} INFO - DAG(s) dict_keys(['example_branch_datetime_operator_2', 'example_branch_datetime_operator', 'example_branch_datetime_operator_3']) retrieved from /home/airflow/.local/lib/python3.7/site-packages/airflow/example_dags/example_branch_datetime_operator.py
[2024-02-29T08:56:33.052+0000] {logging_mixin.py:137} INFO - [2024-02-29T08:56:33.052+0000] {dag.py:2690} INFO - Sync 3 DAGs
[2024-02-29T08:56:33.064+0000] {logging_mixin.py:137} INFO - [2024-02-29T08:56:33.064+0000] {dag.py:3441} INFO - Setting next_dagrun for example_branch_datetime_operator to 2024-02-28T00:00:00+00:00, run_after=2024-02-29T00:00:00+00:00
[2024-02-29T08:56:33.066+0000] {logging_mixin.py:137} INFO - [2024-02-29T08:56:33.066+0000] {dag.py:3441} INFO - Setting next_dagrun for example_branch_datetime_operator_2 to 2024-02-28T00:00:00+00:00, run_after=2024-02-29T00:00:00+00:00
[2024-02-29T08:56:33.067+0000] {logging_mixin.py:137} INFO - [2024-02-29T08:56:33.067+0000] {dag.py:3441} INFO - Setting next_dagrun for example_branch_datetime_operator_3 to 2024-02-28T00:00:00+00:00, run_after=2024-02-29T00:00:00+00:00
[2024-02-29T08:56:33.074+0000] {processor.py:175} INFO - Processing /home/airflow/.local/lib/python3.7/site-packages/airflow/example_dags/example_branch_datetime_operator.py took 0.046 seconds
[2024-02-29T08:57:03.458+0000] {processor.py:153} INFO - Started process (PID=1926) to work on /home/airflow/.local/lib/python3.7/site-packages/airflow/example_dags/example_branch_datetime_operator.py
[2024-02-29T08:57:03.459+0000] {processor.py:743} INFO - Processing file /home/airflow/.local/lib/python3.7/site-packages/airflow/example_dags/example_branch_datetime_operator.py for tasks to queue
[2024-02-29T08:57:03.459+0000] {logging_mixin.py:137} INFO - [2024-02-29T08:57:03.459+0000] {dagbag.py:538} INFO - Filling up the DagBag from /home/airflow/.local/lib/python3.7/site-packages/airflow/example_dags/example_branch_datetime_operator.py
[2024-02-29T08:57:03.466+0000] {processor.py:753} INFO - DAG(s) dict_keys(['example_branch_datetime_operator_3', 'example_branch_datetime_operator_2', 'example_branch_datetime_operator']) retrieved from /home/airflow/.local/lib/python3.7/site-packages/airflow/example_dags/example_branch_datetime_operator.py
[2024-02-29T08:57:03.481+0000] {logging_mixin.py:137} INFO - [2024-02-29T08:57:03.481+0000] {dag.py:2690} INFO - Sync 3 DAGs
[2024-02-29T08:57:03.493+0000] {logging_mixin.py:137} INFO - [2024-02-29T08:57:03.493+0000] {dag.py:3441} INFO - Setting next_dagrun for example_branch_datetime_operator to 2024-02-28T00:00:00+00:00, run_after=2024-02-29T00:00:00+00:00
[2024-02-29T08:57:03.495+0000] {logging_mixin.py:137} INFO - [2024-02-29T08:57:03.495+0000] {dag.py:3441} INFO - Setting next_dagrun for example_branch_datetime_operator_2 to 2024-02-28T00:00:00+00:00, run_after=2024-02-29T00:00:00+00:00
[2024-02-29T08:57:03.497+0000] {logging_mixin.py:137} INFO - [2024-02-29T08:57:03.497+0000] {dag.py:3441} INFO - Setting next_dagrun for example_branch_datetime_operator_3 to 2024-02-28T00:00:00+00:00, run_after=2024-02-29T00:00:00+00:00
[2024-02-29T08:57:03.504+0000] {processor.py:175} INFO - Processing /home/airflow/.local/lib/python3.7/site-packages/airflow/example_dags/example_branch_datetime_operator.py took 0.047 seconds
[2024-02-29T08:57:33.844+0000] {processor.py:153} INFO - Started process (PID=2020) to work on /home/airflow/.local/lib/python3.7/site-packages/airflow/example_dags/example_branch_datetime_operator.py
[2024-02-29T08:57:33.844+0000] {processor.py:743} INFO - Processing file /home/airflow/.local/lib/python3.7/site-packages/airflow/example_dags/example_branch_datetime_operator.py for tasks to queue
[2024-02-29T08:57:33.845+0000] {logging_mixin.py:137} INFO - [2024-02-29T08:57:33.845+0000] {dagbag.py:538} INFO - Filling up the DagBag from /home/airflow/.local/lib/python3.7/site-packages/airflow/example_dags/example_branch_datetime_operator.py
[2024-02-29T08:57:33.855+0000] {processor.py:753} INFO - DAG(s) dict_keys(['example_branch_datetime_operator_3', 'example_branch_datetime_operator', 'example_branch_datetime_operator_2']) retrieved from /home/airflow/.local/lib/python3.7/site-packages/airflow/example_dags/example_branch_datetime_operator.py
[2024-02-29T08:57:33.874+0000] {logging_mixin.py:137} INFO - [2024-02-29T08:57:33.874+0000] {dag.py:2690} INFO - Sync 3 DAGs
[2024-02-29T08:57:33.889+0000] {logging_mixin.py:137} INFO - [2024-02-29T08:57:33.889+0000] {dag.py:3441} INFO - Setting next_dagrun for example_branch_datetime_operator to 2024-02-28T00:00:00+00:00, run_after=2024-02-29T00:00:00+00:00
[2024-02-29T08:57:33.891+0000] {logging_mixin.py:137} INFO - [2024-02-29T08:57:33.891+0000] {dag.py:3441} INFO - Setting next_dagrun for example_branch_datetime_operator_2 to 2024-02-28T00:00:00+00:00, run_after=2024-02-29T00:00:00+00:00
[2024-02-29T08:57:33.893+0000] {logging_mixin.py:137} INFO - [2024-02-29T08:57:33.893+0000] {dag.py:3441} INFO - Setting next_dagrun for example_branch_datetime_operator_3 to 2024-02-28T00:00:00+00:00, run_after=2024-02-29T00:00:00+00:00
[2024-02-29T08:57:33.901+0000] {processor.py:175} INFO - Processing /home/airflow/.local/lib/python3.7/site-packages/airflow/example_dags/example_branch_datetime_operator.py took 0.059 seconds
[2024-02-29T08:58:04.438+0000] {processor.py:153} INFO - Started process (PID=2096) to work on /home/airflow/.local/lib/python3.7/site-packages/airflow/example_dags/example_branch_datetime_operator.py
[2024-02-29T08:58:04.439+0000] {processor.py:743} INFO - Processing file /home/airflow/.local/lib/python3.7/site-packages/airflow/example_dags/example_branch_datetime_operator.py for tasks to queue
[2024-02-29T08:58:04.439+0000] {logging_mixin.py:137} INFO - [2024-02-29T08:58:04.439+0000] {dagbag.py:538} INFO - Filling up the DagBag from /home/airflow/.local/lib/python3.7/site-packages/airflow/example_dags/example_branch_datetime_operator.py
[2024-02-29T08:58:04.447+0000] {processor.py:753} INFO - DAG(s) dict_keys(['example_branch_datetime_operator', 'example_branch_datetime_operator_2', 'example_branch_datetime_operator_3']) retrieved from /home/airflow/.local/lib/python3.7/site-packages/airflow/example_dags/example_branch_datetime_operator.py
[2024-02-29T08:58:04.463+0000] {logging_mixin.py:137} INFO - [2024-02-29T08:58:04.463+0000] {dag.py:2690} INFO - Sync 3 DAGs
[2024-02-29T08:58:04.475+0000] {logging_mixin.py:137} INFO - [2024-02-29T08:58:04.475+0000] {dag.py:3441} INFO - Setting next_dagrun for example_branch_datetime_operator to 2024-02-28T00:00:00+00:00, run_after=2024-02-29T00:00:00+00:00
[2024-02-29T08:58:04.478+0000] {logging_mixin.py:137} INFO - [2024-02-29T08:58:04.478+0000] {dag.py:3441} INFO - Setting next_dagrun for example_branch_datetime_operator_2 to 2024-02-28T00:00:00+00:00, run_after=2024-02-29T00:00:00+00:00
[2024-02-29T08:58:04.479+0000] {logging_mixin.py:137} INFO - [2024-02-29T08:58:04.479+0000] {dag.py:3441} INFO - Setting next_dagrun for example_branch_datetime_operator_3 to 2024-02-28T00:00:00+00:00, run_after=2024-02-29T00:00:00+00:00
[2024-02-29T08:58:04.488+0000] {processor.py:175} INFO - Processing /home/airflow/.local/lib/python3.7/site-packages/airflow/example_dags/example_branch_datetime_operator.py took 0.051 seconds
[2024-02-29T08:58:34.923+0000] {processor.py:153} INFO - Started process (PID=2190) to work on /home/airflow/.local/lib/python3.7/site-packages/airflow/example_dags/example_branch_datetime_operator.py
[2024-02-29T08:58:34.923+0000] {processor.py:743} INFO - Processing file /home/airflow/.local/lib/python3.7/site-packages/airflow/example_dags/example_branch_datetime_operator.py for tasks to queue
[2024-02-29T08:58:34.924+0000] {logging_mixin.py:137} INFO - [2024-02-29T08:58:34.924+0000] {dagbag.py:538} INFO - Filling up the DagBag from /home/airflow/.local/lib/python3.7/site-packages/airflow/example_dags/example_branch_datetime_operator.py
[2024-02-29T08:58:34.931+0000] {processor.py:753} INFO - DAG(s) dict_keys(['example_branch_datetime_operator_3', 'example_branch_datetime_operator_2', 'example_branch_datetime_operator']) retrieved from /home/airflow/.local/lib/python3.7/site-packages/airflow/example_dags/example_branch_datetime_operator.py
[2024-02-29T08:58:34.946+0000] {logging_mixin.py:137} INFO - [2024-02-29T08:58:34.946+0000] {dag.py:2690} INFO - Sync 3 DAGs
[2024-02-29T08:58:34.958+0000] {logging_mixin.py:137} INFO - [2024-02-29T08:58:34.958+0000] {dag.py:3441} INFO - Setting next_dagrun for example_branch_datetime_operator to 2024-02-28T00:00:00+00:00, run_after=2024-02-29T00:00:00+00:00
[2024-02-29T08:58:34.961+0000] {logging_mixin.py:137} INFO - [2024-02-29T08:58:34.961+0000] {dag.py:3441} INFO - Setting next_dagrun for example_branch_datetime_operator_2 to 2024-02-28T00:00:00+00:00, run_after=2024-02-29T00:00:00+00:00
[2024-02-29T08:58:34.962+0000] {logging_mixin.py:137} INFO - [2024-02-29T08:58:34.962+0000] {dag.py:3441} INFO - Setting next_dagrun for example_branch_datetime_operator_3 to 2024-02-28T00:00:00+00:00, run_after=2024-02-29T00:00:00+00:00
[2024-02-29T08:58:34.970+0000] {processor.py:175} INFO - Processing /home/airflow/.local/lib/python3.7/site-packages/airflow/example_dags/example_branch_datetime_operator.py took 0.049 seconds
[2024-02-29T08:59:05.297+0000] {processor.py:153} INFO - Started process (PID=2283) to work on /home/airflow/.local/lib/python3.7/site-packages/airflow/example_dags/example_branch_datetime_operator.py
[2024-02-29T08:59:05.298+0000] {processor.py:743} INFO - Processing file /home/airflow/.local/lib/python3.7/site-packages/airflow/example_dags/example_branch_datetime_operator.py for tasks to queue
[2024-02-29T08:59:05.298+0000] {logging_mixin.py:137} INFO - [2024-02-29T08:59:05.298+0000] {dagbag.py:538} INFO - Filling up the DagBag from /home/airflow/.local/lib/python3.7/site-packages/airflow/example_dags/example_branch_datetime_operator.py
[2024-02-29T08:59:05.306+0000] {processor.py:753} INFO - DAG(s) dict_keys(['example_branch_datetime_operator', 'example_branch_datetime_operator_3', 'example_branch_datetime_operator_2']) retrieved from /home/airflow/.local/lib/python3.7/site-packages/airflow/example_dags/example_branch_datetime_operator.py
[2024-02-29T08:59:05.320+0000] {logging_mixin.py:137} INFO - [2024-02-29T08:59:05.320+0000] {dag.py:2690} INFO - Sync 3 DAGs
[2024-02-29T08:59:05.332+0000] {logging_mixin.py:137} INFO - [2024-02-29T08:59:05.332+0000] {dag.py:3441} INFO - Setting next_dagrun for example_branch_datetime_operator to 2024-02-28T00:00:00+00:00, run_after=2024-02-29T00:00:00+00:00
[2024-02-29T08:59:05.334+0000] {logging_mixin.py:137} INFO - [2024-02-29T08:59:05.334+0000] {dag.py:3441} INFO - Setting next_dagrun for example_branch_datetime_operator_2 to 2024-02-28T00:00:00+00:00, run_after=2024-02-29T00:00:00+00:00
[2024-02-29T08:59:05.336+0000] {logging_mixin.py:137} INFO - [2024-02-29T08:59:05.336+0000] {dag.py:3441} INFO - Setting next_dagrun for example_branch_datetime_operator_3 to 2024-02-28T00:00:00+00:00, run_after=2024-02-29T00:00:00+00:00
[2024-02-29T08:59:05.343+0000] {processor.py:175} INFO - Processing /home/airflow/.local/lib/python3.7/site-packages/airflow/example_dags/example_branch_datetime_operator.py took 0.047 seconds
[2024-02-29T08:59:35.736+0000] {processor.py:153} INFO - Started process (PID=2368) to work on /home/airflow/.local/lib/python3.7/site-packages/airflow/example_dags/example_branch_datetime_operator.py
[2024-02-29T08:59:35.737+0000] {processor.py:743} INFO - Processing file /home/airflow/.local/lib/python3.7/site-packages/airflow/example_dags/example_branch_datetime_operator.py for tasks to queue
[2024-02-29T08:59:35.739+0000] {logging_mixin.py:137} INFO - [2024-02-29T08:59:35.739+0000] {dagbag.py:538} INFO - Filling up the DagBag from /home/airflow/.local/lib/python3.7/site-packages/airflow/example_dags/example_branch_datetime_operator.py
[2024-02-29T08:59:35.747+0000] {processor.py:753} INFO - DAG(s) dict_keys(['example_branch_datetime_operator_2', 'example_branch_datetime_operator_3', 'example_branch_datetime_operator']) retrieved from /home/airflow/.local/lib/python3.7/site-packages/airflow/example_dags/example_branch_datetime_operator.py
[2024-02-29T08:59:35.766+0000] {logging_mixin.py:137} INFO - [2024-02-29T08:59:35.766+0000] {dag.py:2690} INFO - Sync 3 DAGs
[2024-02-29T08:59:35.782+0000] {logging_mixin.py:137} INFO - [2024-02-29T08:59:35.782+0000] {dag.py:3441} INFO - Setting next_dagrun for example_branch_datetime_operator to 2024-02-28T00:00:00+00:00, run_after=2024-02-29T00:00:00+00:00
[2024-02-29T08:59:35.788+0000] {logging_mixin.py:137} INFO - [2024-02-29T08:59:35.788+0000] {dag.py:3441} INFO - Setting next_dagrun for example_branch_datetime_operator_2 to 2024-02-28T00:00:00+00:00, run_after=2024-02-29T00:00:00+00:00
[2024-02-29T08:59:35.816+0000] {logging_mixin.py:137} INFO - [2024-02-29T08:59:35.816+0000] {dag.py:3441} INFO - Setting next_dagrun for example_branch_datetime_operator_3 to 2024-02-28T00:00:00+00:00, run_after=2024-02-29T00:00:00+00:00
[2024-02-29T08:59:35.829+0000] {processor.py:175} INFO - Processing /home/airflow/.local/lib/python3.7/site-packages/airflow/example_dags/example_branch_datetime_operator.py took 0.094 seconds
[2024-02-29T09:00:06.523+0000] {processor.py:153} INFO - Started process (PID=2453) to work on /home/airflow/.local/lib/python3.7/site-packages/airflow/example_dags/example_branch_datetime_operator.py
[2024-02-29T09:00:06.524+0000] {processor.py:743} INFO - Processing file /home/airflow/.local/lib/python3.7/site-packages/airflow/example_dags/example_branch_datetime_operator.py for tasks to queue
[2024-02-29T09:00:06.524+0000] {logging_mixin.py:137} INFO - [2024-02-29T09:00:06.524+0000] {dagbag.py:538} INFO - Filling up the DagBag from /home/airflow/.local/lib/python3.7/site-packages/airflow/example_dags/example_branch_datetime_operator.py
[2024-02-29T09:00:06.532+0000] {processor.py:753} INFO - DAG(s) dict_keys(['example_branch_datetime_operator', 'example_branch_datetime_operator_3', 'example_branch_datetime_operator_2']) retrieved from /home/airflow/.local/lib/python3.7/site-packages/airflow/example_dags/example_branch_datetime_operator.py
[2024-02-29T09:00:06.547+0000] {logging_mixin.py:137} INFO - [2024-02-29T09:00:06.547+0000] {dag.py:2690} INFO - Sync 3 DAGs
[2024-02-29T09:00:06.561+0000] {logging_mixin.py:137} INFO - [2024-02-29T09:00:06.560+0000] {dag.py:3441} INFO - Setting next_dagrun for example_branch_datetime_operator to 2024-02-28T00:00:00+00:00, run_after=2024-02-29T00:00:00+00:00
[2024-02-29T09:00:06.563+0000] {logging_mixin.py:137} INFO - [2024-02-29T09:00:06.563+0000] {dag.py:3441} INFO - Setting next_dagrun for example_branch_datetime_operator_2 to 2024-02-28T00:00:00+00:00, run_after=2024-02-29T00:00:00+00:00
[2024-02-29T09:00:06.564+0000] {logging_mixin.py:137} INFO - [2024-02-29T09:00:06.564+0000] {dag.py:3441} INFO - Setting next_dagrun for example_branch_datetime_operator_3 to 2024-02-28T00:00:00+00:00, run_after=2024-02-29T00:00:00+00:00
[2024-02-29T09:00:06.572+0000] {processor.py:175} INFO - Processing /home/airflow/.local/lib/python3.7/site-packages/airflow/example_dags/example_branch_datetime_operator.py took 0.050 seconds
[2024-02-29T09:00:37.062+0000] {processor.py:153} INFO - Started process (PID=2547) to work on /home/airflow/.local/lib/python3.7/site-packages/airflow/example_dags/example_branch_datetime_operator.py
[2024-02-29T09:00:37.063+0000] {processor.py:743} INFO - Processing file /home/airflow/.local/lib/python3.7/site-packages/airflow/example_dags/example_branch_datetime_operator.py for tasks to queue
[2024-02-29T09:00:37.063+0000] {logging_mixin.py:137} INFO - [2024-02-29T09:00:37.063+0000] {dagbag.py:538} INFO - Filling up the DagBag from /home/airflow/.local/lib/python3.7/site-packages/airflow/example_dags/example_branch_datetime_operator.py
[2024-02-29T09:00:37.071+0000] {processor.py:753} INFO - DAG(s) dict_keys(['example_branch_datetime_operator_2', 'example_branch_datetime_operator', 'example_branch_datetime_operator_3']) retrieved from /home/airflow/.local/lib/python3.7/site-packages/airflow/example_dags/example_branch_datetime_operator.py
[2024-02-29T09:00:37.085+0000] {logging_mixin.py:137} INFO - [2024-02-29T09:00:37.085+0000] {dag.py:2690} INFO - Sync 3 DAGs
[2024-02-29T09:00:37.097+0000] {logging_mixin.py:137} INFO - [2024-02-29T09:00:37.097+0000] {dag.py:3441} INFO - Setting next_dagrun for example_branch_datetime_operator to 2024-02-28T00:00:00+00:00, run_after=2024-02-29T00:00:00+00:00
[2024-02-29T09:00:37.099+0000] {logging_mixin.py:137} INFO - [2024-02-29T09:00:37.099+0000] {dag.py:3441} INFO - Setting next_dagrun for example_branch_datetime_operator_2 to 2024-02-28T00:00:00+00:00, run_after=2024-02-29T00:00:00+00:00
[2024-02-29T09:00:37.101+0000] {logging_mixin.py:137} INFO - [2024-02-29T09:00:37.101+0000] {dag.py:3441} INFO - Setting next_dagrun for example_branch_datetime_operator_3 to 2024-02-28T00:00:00+00:00, run_after=2024-02-29T00:00:00+00:00
[2024-02-29T09:00:37.109+0000] {processor.py:175} INFO - Processing /home/airflow/.local/lib/python3.7/site-packages/airflow/example_dags/example_branch_datetime_operator.py took 0.049 seconds
[2024-02-29T09:01:07.505+0000] {processor.py:153} INFO - Started process (PID=2641) to work on /home/airflow/.local/lib/python3.7/site-packages/airflow/example_dags/example_branch_datetime_operator.py
[2024-02-29T09:01:07.505+0000] {processor.py:743} INFO - Processing file /home/airflow/.local/lib/python3.7/site-packages/airflow/example_dags/example_branch_datetime_operator.py for tasks to queue
[2024-02-29T09:01:07.505+0000] {logging_mixin.py:137} INFO - [2024-02-29T09:01:07.505+0000] {dagbag.py:538} INFO - Filling up the DagBag from /home/airflow/.local/lib/python3.7/site-packages/airflow/example_dags/example_branch_datetime_operator.py
[2024-02-29T09:01:07.513+0000] {processor.py:753} INFO - DAG(s) dict_keys(['example_branch_datetime_operator_3', 'example_branch_datetime_operator_2', 'example_branch_datetime_operator']) retrieved from /home/airflow/.local/lib/python3.7/site-packages/airflow/example_dags/example_branch_datetime_operator.py
[2024-02-29T09:01:07.528+0000] {logging_mixin.py:137} INFO - [2024-02-29T09:01:07.528+0000] {dag.py:2690} INFO - Sync 3 DAGs
[2024-02-29T09:01:07.541+0000] {logging_mixin.py:137} INFO - [2024-02-29T09:01:07.541+0000] {dag.py:3441} INFO - Setting next_dagrun for example_branch_datetime_operator to 2024-02-28T00:00:00+00:00, run_after=2024-02-29T00:00:00+00:00
[2024-02-29T09:01:07.543+0000] {logging_mixin.py:137} INFO - [2024-02-29T09:01:07.543+0000] {dag.py:3441} INFO - Setting next_dagrun for example_branch_datetime_operator_2 to 2024-02-28T00:00:00+00:00, run_after=2024-02-29T00:00:00+00:00
[2024-02-29T09:01:07.544+0000] {logging_mixin.py:137} INFO - [2024-02-29T09:01:07.544+0000] {dag.py:3441} INFO - Setting next_dagrun for example_branch_datetime_operator_3 to 2024-02-28T00:00:00+00:00, run_after=2024-02-29T00:00:00+00:00
[2024-02-29T09:01:07.552+0000] {processor.py:175} INFO - Processing /home/airflow/.local/lib/python3.7/site-packages/airflow/example_dags/example_branch_datetime_operator.py took 0.049 seconds
[2024-02-29T09:01:38.160+0000] {processor.py:153} INFO - Started process (PID=2717) to work on /home/airflow/.local/lib/python3.7/site-packages/airflow/example_dags/example_branch_datetime_operator.py
[2024-02-29T09:01:38.161+0000] {processor.py:743} INFO - Processing file /home/airflow/.local/lib/python3.7/site-packages/airflow/example_dags/example_branch_datetime_operator.py for tasks to queue
[2024-02-29T09:01:38.161+0000] {logging_mixin.py:137} INFO - [2024-02-29T09:01:38.161+0000] {dagbag.py:538} INFO - Filling up the DagBag from /home/airflow/.local/lib/python3.7/site-packages/airflow/example_dags/example_branch_datetime_operator.py
[2024-02-29T09:01:38.169+0000] {processor.py:753} INFO - DAG(s) dict_keys(['example_branch_datetime_operator', 'example_branch_datetime_operator_2', 'example_branch_datetime_operator_3']) retrieved from /home/airflow/.local/lib/python3.7/site-packages/airflow/example_dags/example_branch_datetime_operator.py
[2024-02-29T09:01:38.185+0000] {logging_mixin.py:137} INFO - [2024-02-29T09:01:38.185+0000] {dag.py:2690} INFO - Sync 3 DAGs
[2024-02-29T09:01:38.197+0000] {logging_mixin.py:137} INFO - [2024-02-29T09:01:38.197+0000] {dag.py:3441} INFO - Setting next_dagrun for example_branch_datetime_operator to 2024-02-28T00:00:00+00:00, run_after=2024-02-29T00:00:00+00:00
[2024-02-29T09:01:38.199+0000] {logging_mixin.py:137} INFO - [2024-02-29T09:01:38.199+0000] {dag.py:3441} INFO - Setting next_dagrun for example_branch_datetime_operator_2 to 2024-02-28T00:00:00+00:00, run_after=2024-02-29T00:00:00+00:00
[2024-02-29T09:01:38.200+0000] {logging_mixin.py:137} INFO - [2024-02-29T09:01:38.200+0000] {dag.py:3441} INFO - Setting next_dagrun for example_branch_datetime_operator_3 to 2024-02-28T00:00:00+00:00, run_after=2024-02-29T00:00:00+00:00
[2024-02-29T09:01:38.208+0000] {processor.py:175} INFO - Processing /home/airflow/.local/lib/python3.7/site-packages/airflow/example_dags/example_branch_datetime_operator.py took 0.049 seconds
[2024-02-29T09:02:08.673+0000] {processor.py:153} INFO - Started process (PID=2810) to work on /home/airflow/.local/lib/python3.7/site-packages/airflow/example_dags/example_branch_datetime_operator.py
[2024-02-29T09:02:08.674+0000] {processor.py:743} INFO - Processing file /home/airflow/.local/lib/python3.7/site-packages/airflow/example_dags/example_branch_datetime_operator.py for tasks to queue
[2024-02-29T09:02:08.674+0000] {logging_mixin.py:137} INFO - [2024-02-29T09:02:08.674+0000] {dagbag.py:538} INFO - Filling up the DagBag from /home/airflow/.local/lib/python3.7/site-packages/airflow/example_dags/example_branch_datetime_operator.py
[2024-02-29T09:02:08.682+0000] {processor.py:753} INFO - DAG(s) dict_keys(['example_branch_datetime_operator_3', 'example_branch_datetime_operator_2', 'example_branch_datetime_operator']) retrieved from /home/airflow/.local/lib/python3.7/site-packages/airflow/example_dags/example_branch_datetime_operator.py
[2024-02-29T09:02:08.697+0000] {logging_mixin.py:137} INFO - [2024-02-29T09:02:08.696+0000] {dag.py:2690} INFO - Sync 3 DAGs
[2024-02-29T09:02:08.709+0000] {logging_mixin.py:137} INFO - [2024-02-29T09:02:08.709+0000] {dag.py:3441} INFO - Setting next_dagrun for example_branch_datetime_operator to 2024-02-28T00:00:00+00:00, run_after=2024-02-29T00:00:00+00:00
[2024-02-29T09:02:08.711+0000] {logging_mixin.py:137} INFO - [2024-02-29T09:02:08.711+0000] {dag.py:3441} INFO - Setting next_dagrun for example_branch_datetime_operator_2 to 2024-02-28T00:00:00+00:00, run_after=2024-02-29T00:00:00+00:00
[2024-02-29T09:02:08.712+0000] {logging_mixin.py:137} INFO - [2024-02-29T09:02:08.712+0000] {dag.py:3441} INFO - Setting next_dagrun for example_branch_datetime_operator_3 to 2024-02-28T00:00:00+00:00, run_after=2024-02-29T00:00:00+00:00
[2024-02-29T09:02:08.720+0000] {processor.py:175} INFO - Processing /home/airflow/.local/lib/python3.7/site-packages/airflow/example_dags/example_branch_datetime_operator.py took 0.048 seconds
[2024-02-29T09:02:39.191+0000] {processor.py:153} INFO - Started process (PID=2904) to work on /home/airflow/.local/lib/python3.7/site-packages/airflow/example_dags/example_branch_datetime_operator.py
[2024-02-29T09:02:39.191+0000] {processor.py:743} INFO - Processing file /home/airflow/.local/lib/python3.7/site-packages/airflow/example_dags/example_branch_datetime_operator.py for tasks to queue
[2024-02-29T09:02:39.192+0000] {logging_mixin.py:137} INFO - [2024-02-29T09:02:39.192+0000] {dagbag.py:538} INFO - Filling up the DagBag from /home/airflow/.local/lib/python3.7/site-packages/airflow/example_dags/example_branch_datetime_operator.py
[2024-02-29T09:02:39.200+0000] {processor.py:753} INFO - DAG(s) dict_keys(['example_branch_datetime_operator_2', 'example_branch_datetime_operator', 'example_branch_datetime_operator_3']) retrieved from /home/airflow/.local/lib/python3.7/site-packages/airflow/example_dags/example_branch_datetime_operator.py
[2024-02-29T09:02:39.215+0000] {logging_mixin.py:137} INFO - [2024-02-29T09:02:39.215+0000] {dag.py:2690} INFO - Sync 3 DAGs
[2024-02-29T09:02:39.227+0000] {logging_mixin.py:137} INFO - [2024-02-29T09:02:39.227+0000] {dag.py:3441} INFO - Setting next_dagrun for example_branch_datetime_operator to 2024-02-28T00:00:00+00:00, run_after=2024-02-29T00:00:00+00:00
[2024-02-29T09:02:39.229+0000] {logging_mixin.py:137} INFO - [2024-02-29T09:02:39.229+0000] {dag.py:3441} INFO - Setting next_dagrun for example_branch_datetime_operator_2 to 2024-02-28T00:00:00+00:00, run_after=2024-02-29T00:00:00+00:00
[2024-02-29T09:02:39.230+0000] {logging_mixin.py:137} INFO - [2024-02-29T09:02:39.230+0000] {dag.py:3441} INFO - Setting next_dagrun for example_branch_datetime_operator_3 to 2024-02-28T00:00:00+00:00, run_after=2024-02-29T00:00:00+00:00
[2024-02-29T09:02:39.238+0000] {processor.py:175} INFO - Processing /home/airflow/.local/lib/python3.7/site-packages/airflow/example_dags/example_branch_datetime_operator.py took 0.048 seconds
[2024-02-29T09:03:09.694+0000] {processor.py:153} INFO - Started process (PID=2997) to work on /home/airflow/.local/lib/python3.7/site-packages/airflow/example_dags/example_branch_datetime_operator.py
[2024-02-29T09:03:09.695+0000] {processor.py:743} INFO - Processing file /home/airflow/.local/lib/python3.7/site-packages/airflow/example_dags/example_branch_datetime_operator.py for tasks to queue
[2024-02-29T09:03:09.695+0000] {logging_mixin.py:137} INFO - [2024-02-29T09:03:09.695+0000] {dagbag.py:538} INFO - Filling up the DagBag from /home/airflow/.local/lib/python3.7/site-packages/airflow/example_dags/example_branch_datetime_operator.py
[2024-02-29T09:03:09.705+0000] {processor.py:753} INFO - DAG(s) dict_keys(['example_branch_datetime_operator_2', 'example_branch_datetime_operator', 'example_branch_datetime_operator_3']) retrieved from /home/airflow/.local/lib/python3.7/site-packages/airflow/example_dags/example_branch_datetime_operator.py
[2024-02-29T09:03:09.721+0000] {logging_mixin.py:137} INFO - [2024-02-29T09:03:09.721+0000] {dag.py:2690} INFO - Sync 3 DAGs
[2024-02-29T09:03:09.736+0000] {logging_mixin.py:137} INFO - [2024-02-29T09:03:09.736+0000] {dag.py:3441} INFO - Setting next_dagrun for example_branch_datetime_operator to 2024-02-28T00:00:00+00:00, run_after=2024-02-29T00:00:00+00:00
[2024-02-29T09:03:09.739+0000] {logging_mixin.py:137} INFO - [2024-02-29T09:03:09.739+0000] {dag.py:3441} INFO - Setting next_dagrun for example_branch_datetime_operator_2 to 2024-02-28T00:00:00+00:00, run_after=2024-02-29T00:00:00+00:00
[2024-02-29T09:03:09.741+0000] {logging_mixin.py:137} INFO - [2024-02-29T09:03:09.741+0000] {dag.py:3441} INFO - Setting next_dagrun for example_branch_datetime_operator_3 to 2024-02-28T00:00:00+00:00, run_after=2024-02-29T00:00:00+00:00
[2024-02-29T09:03:09.750+0000] {processor.py:175} INFO - Processing /home/airflow/.local/lib/python3.7/site-packages/airflow/example_dags/example_branch_datetime_operator.py took 0.058 seconds
