[2024-02-29T08:46:25.824+0000] {processor.py:153} INFO - Started process (PID=78) to work on /home/airflow/.local/lib/python3.7/site-packages/airflow/example_dags/example_task_group_decorator.py
[2024-02-29T08:46:25.825+0000] {processor.py:743} INFO - Processing file /home/airflow/.local/lib/python3.7/site-packages/airflow/example_dags/example_task_group_decorator.py for tasks to queue
[2024-02-29T08:46:25.826+0000] {logging_mixin.py:137} INFO - [2024-02-29T08:46:25.826+0000] {dagbag.py:538} INFO - Filling up the DagBag from /home/airflow/.local/lib/python3.7/site-packages/airflow/example_dags/example_task_group_decorator.py
[2024-02-29T08:46:25.848+0000] {processor.py:753} INFO - DAG(s) dict_keys(['example_task_group_decorator']) retrieved from /home/airflow/.local/lib/python3.7/site-packages/airflow/example_dags/example_task_group_decorator.py
[2024-02-29T08:46:25.867+0000] {logging_mixin.py:137} INFO - [2024-02-29T08:46:25.867+0000] {dag.py:2690} INFO - Sync 1 DAGs
[2024-02-29T08:46:25.884+0000] {logging_mixin.py:137} INFO - [2024-02-29T08:46:25.884+0000] {dag.py:3441} INFO - Setting next_dagrun for example_task_group_decorator to 2024-02-28T08:46:25.884062+00:00, run_after=2024-02-29T08:46:25.884062+00:00
[2024-02-29T08:46:25.895+0000] {processor.py:175} INFO - Processing /home/airflow/.local/lib/python3.7/site-packages/airflow/example_dags/example_task_group_decorator.py took 0.074 seconds
[2024-02-29T08:46:56.289+0000] {processor.py:153} INFO - Started process (PID=171) to work on /home/airflow/.local/lib/python3.7/site-packages/airflow/example_dags/example_task_group_decorator.py
[2024-02-29T08:46:56.289+0000] {processor.py:743} INFO - Processing file /home/airflow/.local/lib/python3.7/site-packages/airflow/example_dags/example_task_group_decorator.py for tasks to queue
[2024-02-29T08:46:56.289+0000] {logging_mixin.py:137} INFO - [2024-02-29T08:46:56.289+0000] {dagbag.py:538} INFO - Filling up the DagBag from /home/airflow/.local/lib/python3.7/site-packages/airflow/example_dags/example_task_group_decorator.py
[2024-02-29T08:46:56.302+0000] {processor.py:753} INFO - DAG(s) dict_keys(['example_task_group_decorator']) retrieved from /home/airflow/.local/lib/python3.7/site-packages/airflow/example_dags/example_task_group_decorator.py
[2024-02-29T08:46:56.314+0000] {logging_mixin.py:137} INFO - [2024-02-29T08:46:56.314+0000] {dag.py:2690} INFO - Sync 1 DAGs
[2024-02-29T08:46:56.325+0000] {logging_mixin.py:137} INFO - [2024-02-29T08:46:56.325+0000] {dag.py:3441} INFO - Setting next_dagrun for example_task_group_decorator to 2024-02-28T08:46:56.325384+00:00, run_after=2024-02-29T08:46:56.325384+00:00
[2024-02-29T08:46:56.333+0000] {processor.py:175} INFO - Processing /home/airflow/.local/lib/python3.7/site-packages/airflow/example_dags/example_task_group_decorator.py took 0.046 seconds
[2024-02-29T08:47:26.588+0000] {processor.py:153} INFO - Started process (PID=265) to work on /home/airflow/.local/lib/python3.7/site-packages/airflow/example_dags/example_task_group_decorator.py
[2024-02-29T08:47:26.588+0000] {processor.py:743} INFO - Processing file /home/airflow/.local/lib/python3.7/site-packages/airflow/example_dags/example_task_group_decorator.py for tasks to queue
[2024-02-29T08:47:26.588+0000] {logging_mixin.py:137} INFO - [2024-02-29T08:47:26.588+0000] {dagbag.py:538} INFO - Filling up the DagBag from /home/airflow/.local/lib/python3.7/site-packages/airflow/example_dags/example_task_group_decorator.py
[2024-02-29T08:47:26.601+0000] {processor.py:753} INFO - DAG(s) dict_keys(['example_task_group_decorator']) retrieved from /home/airflow/.local/lib/python3.7/site-packages/airflow/example_dags/example_task_group_decorator.py
[2024-02-29T08:47:26.613+0000] {logging_mixin.py:137} INFO - [2024-02-29T08:47:26.613+0000] {dag.py:2690} INFO - Sync 1 DAGs
[2024-02-29T08:47:26.623+0000] {logging_mixin.py:137} INFO - [2024-02-29T08:47:26.623+0000] {dag.py:3441} INFO - Setting next_dagrun for example_task_group_decorator to 2024-02-28T08:47:26.623627+00:00, run_after=2024-02-29T08:47:26.623627+00:00
[2024-02-29T08:47:26.632+0000] {processor.py:175} INFO - Processing /home/airflow/.local/lib/python3.7/site-packages/airflow/example_dags/example_task_group_decorator.py took 0.046 seconds
[2024-02-29T08:47:57.074+0000] {processor.py:153} INFO - Started process (PID=349) to work on /home/airflow/.local/lib/python3.7/site-packages/airflow/example_dags/example_task_group_decorator.py
[2024-02-29T08:47:57.074+0000] {processor.py:743} INFO - Processing file /home/airflow/.local/lib/python3.7/site-packages/airflow/example_dags/example_task_group_decorator.py for tasks to queue
[2024-02-29T08:47:57.074+0000] {logging_mixin.py:137} INFO - [2024-02-29T08:47:57.074+0000] {dagbag.py:538} INFO - Filling up the DagBag from /home/airflow/.local/lib/python3.7/site-packages/airflow/example_dags/example_task_group_decorator.py
[2024-02-29T08:47:57.087+0000] {processor.py:753} INFO - DAG(s) dict_keys(['example_task_group_decorator']) retrieved from /home/airflow/.local/lib/python3.7/site-packages/airflow/example_dags/example_task_group_decorator.py
[2024-02-29T08:47:57.099+0000] {logging_mixin.py:137} INFO - [2024-02-29T08:47:57.099+0000] {dag.py:2690} INFO - Sync 1 DAGs
[2024-02-29T08:47:57.117+0000] {logging_mixin.py:137} INFO - [2024-02-29T08:47:57.116+0000] {dag.py:3441} INFO - Setting next_dagrun for example_task_group_decorator to 2024-02-28T08:47:57.116603+00:00, run_after=2024-02-29T08:47:57.116603+00:00
[2024-02-29T08:47:57.138+0000] {processor.py:175} INFO - Processing /home/airflow/.local/lib/python3.7/site-packages/airflow/example_dags/example_task_group_decorator.py took 0.066 seconds
[2024-02-29T08:48:27.448+0000] {processor.py:153} INFO - Started process (PID=434) to work on /home/airflow/.local/lib/python3.7/site-packages/airflow/example_dags/example_task_group_decorator.py
[2024-02-29T08:48:27.449+0000] {processor.py:743} INFO - Processing file /home/airflow/.local/lib/python3.7/site-packages/airflow/example_dags/example_task_group_decorator.py for tasks to queue
[2024-02-29T08:48:27.449+0000] {logging_mixin.py:137} INFO - [2024-02-29T08:48:27.449+0000] {dagbag.py:538} INFO - Filling up the DagBag from /home/airflow/.local/lib/python3.7/site-packages/airflow/example_dags/example_task_group_decorator.py
[2024-02-29T08:48:27.462+0000] {processor.py:753} INFO - DAG(s) dict_keys(['example_task_group_decorator']) retrieved from /home/airflow/.local/lib/python3.7/site-packages/airflow/example_dags/example_task_group_decorator.py
[2024-02-29T08:48:27.474+0000] {logging_mixin.py:137} INFO - [2024-02-29T08:48:27.474+0000] {dag.py:2690} INFO - Sync 1 DAGs
[2024-02-29T08:48:27.484+0000] {logging_mixin.py:137} INFO - [2024-02-29T08:48:27.484+0000] {dag.py:3441} INFO - Setting next_dagrun for example_task_group_decorator to 2024-02-28T08:48:27.484757+00:00, run_after=2024-02-29T08:48:27.484757+00:00
[2024-02-29T08:48:27.492+0000] {processor.py:175} INFO - Processing /home/airflow/.local/lib/python3.7/site-packages/airflow/example_dags/example_task_group_decorator.py took 0.046 seconds
[2024-02-29T08:48:57.886+0000] {processor.py:153} INFO - Started process (PID=528) to work on /home/airflow/.local/lib/python3.7/site-packages/airflow/example_dags/example_task_group_decorator.py
[2024-02-29T08:48:57.887+0000] {processor.py:743} INFO - Processing file /home/airflow/.local/lib/python3.7/site-packages/airflow/example_dags/example_task_group_decorator.py for tasks to queue
[2024-02-29T08:48:57.887+0000] {logging_mixin.py:137} INFO - [2024-02-29T08:48:57.887+0000] {dagbag.py:538} INFO - Filling up the DagBag from /home/airflow/.local/lib/python3.7/site-packages/airflow/example_dags/example_task_group_decorator.py
[2024-02-29T08:48:57.900+0000] {processor.py:753} INFO - DAG(s) dict_keys(['example_task_group_decorator']) retrieved from /home/airflow/.local/lib/python3.7/site-packages/airflow/example_dags/example_task_group_decorator.py
[2024-02-29T08:48:57.912+0000] {logging_mixin.py:137} INFO - [2024-02-29T08:48:57.912+0000] {dag.py:2690} INFO - Sync 1 DAGs
[2024-02-29T08:48:57.922+0000] {logging_mixin.py:137} INFO - [2024-02-29T08:48:57.922+0000] {dag.py:3441} INFO - Setting next_dagrun for example_task_group_decorator to 2024-02-28T08:48:57.922029+00:00, run_after=2024-02-29T08:48:57.922029+00:00
[2024-02-29T08:48:57.929+0000] {processor.py:175} INFO - Processing /home/airflow/.local/lib/python3.7/site-packages/airflow/example_dags/example_task_group_decorator.py took 0.045 seconds
[2024-02-29T08:49:28.274+0000] {processor.py:153} INFO - Started process (PID=622) to work on /home/airflow/.local/lib/python3.7/site-packages/airflow/example_dags/example_task_group_decorator.py
[2024-02-29T08:49:28.274+0000] {processor.py:743} INFO - Processing file /home/airflow/.local/lib/python3.7/site-packages/airflow/example_dags/example_task_group_decorator.py for tasks to queue
[2024-02-29T08:49:28.275+0000] {logging_mixin.py:137} INFO - [2024-02-29T08:49:28.274+0000] {dagbag.py:538} INFO - Filling up the DagBag from /home/airflow/.local/lib/python3.7/site-packages/airflow/example_dags/example_task_group_decorator.py
[2024-02-29T08:49:28.287+0000] {processor.py:753} INFO - DAG(s) dict_keys(['example_task_group_decorator']) retrieved from /home/airflow/.local/lib/python3.7/site-packages/airflow/example_dags/example_task_group_decorator.py
[2024-02-29T08:49:28.298+0000] {logging_mixin.py:137} INFO - [2024-02-29T08:49:28.298+0000] {dag.py:2690} INFO - Sync 1 DAGs
[2024-02-29T08:49:28.309+0000] {logging_mixin.py:137} INFO - [2024-02-29T08:49:28.309+0000] {dag.py:3441} INFO - Setting next_dagrun for example_task_group_decorator to 2024-02-28T08:49:28.308435+00:00, run_after=2024-02-29T08:49:28.308435+00:00
[2024-02-29T08:49:28.316+0000] {processor.py:175} INFO - Processing /home/airflow/.local/lib/python3.7/site-packages/airflow/example_dags/example_task_group_decorator.py took 0.044 seconds
[2024-02-29T08:49:58.606+0000] {processor.py:153} INFO - Started process (PID=706) to work on /home/airflow/.local/lib/python3.7/site-packages/airflow/example_dags/example_task_group_decorator.py
[2024-02-29T08:49:58.607+0000] {processor.py:743} INFO - Processing file /home/airflow/.local/lib/python3.7/site-packages/airflow/example_dags/example_task_group_decorator.py for tasks to queue
[2024-02-29T08:49:58.607+0000] {logging_mixin.py:137} INFO - [2024-02-29T08:49:58.607+0000] {dagbag.py:538} INFO - Filling up the DagBag from /home/airflow/.local/lib/python3.7/site-packages/airflow/example_dags/example_task_group_decorator.py
[2024-02-29T08:49:58.620+0000] {processor.py:753} INFO - DAG(s) dict_keys(['example_task_group_decorator']) retrieved from /home/airflow/.local/lib/python3.7/site-packages/airflow/example_dags/example_task_group_decorator.py
[2024-02-29T08:49:58.631+0000] {logging_mixin.py:137} INFO - [2024-02-29T08:49:58.631+0000] {dag.py:2690} INFO - Sync 1 DAGs
[2024-02-29T08:49:58.641+0000] {logging_mixin.py:137} INFO - [2024-02-29T08:49:58.641+0000] {dag.py:3441} INFO - Setting next_dagrun for example_task_group_decorator to 2024-02-28T08:49:58.641598+00:00, run_after=2024-02-29T08:49:58.641598+00:00
[2024-02-29T08:49:58.650+0000] {processor.py:175} INFO - Processing /home/airflow/.local/lib/python3.7/site-packages/airflow/example_dags/example_task_group_decorator.py took 0.045 seconds
[2024-02-29T08:50:29.089+0000] {processor.py:153} INFO - Started process (PID=791) to work on /home/airflow/.local/lib/python3.7/site-packages/airflow/example_dags/example_task_group_decorator.py
[2024-02-29T08:50:29.090+0000] {processor.py:743} INFO - Processing file /home/airflow/.local/lib/python3.7/site-packages/airflow/example_dags/example_task_group_decorator.py for tasks to queue
[2024-02-29T08:50:29.090+0000] {logging_mixin.py:137} INFO - [2024-02-29T08:50:29.090+0000] {dagbag.py:538} INFO - Filling up the DagBag from /home/airflow/.local/lib/python3.7/site-packages/airflow/example_dags/example_task_group_decorator.py
[2024-02-29T08:50:29.102+0000] {processor.py:753} INFO - DAG(s) dict_keys(['example_task_group_decorator']) retrieved from /home/airflow/.local/lib/python3.7/site-packages/airflow/example_dags/example_task_group_decorator.py
[2024-02-29T08:50:29.117+0000] {logging_mixin.py:137} INFO - [2024-02-29T08:50:29.117+0000] {dag.py:2690} INFO - Sync 1 DAGs
[2024-02-29T08:50:29.128+0000] {logging_mixin.py:137} INFO - [2024-02-29T08:50:29.128+0000] {dag.py:3441} INFO - Setting next_dagrun for example_task_group_decorator to 2024-02-28T08:50:29.128274+00:00, run_after=2024-02-29T08:50:29.128274+00:00
[2024-02-29T08:50:29.137+0000] {processor.py:175} INFO - Processing /home/airflow/.local/lib/python3.7/site-packages/airflow/example_dags/example_task_group_decorator.py took 0.049 seconds
[2024-02-29T08:50:59.495+0000] {processor.py:153} INFO - Started process (PID=885) to work on /home/airflow/.local/lib/python3.7/site-packages/airflow/example_dags/example_task_group_decorator.py
[2024-02-29T08:50:59.495+0000] {processor.py:743} INFO - Processing file /home/airflow/.local/lib/python3.7/site-packages/airflow/example_dags/example_task_group_decorator.py for tasks to queue
[2024-02-29T08:50:59.496+0000] {logging_mixin.py:137} INFO - [2024-02-29T08:50:59.495+0000] {dagbag.py:538} INFO - Filling up the DagBag from /home/airflow/.local/lib/python3.7/site-packages/airflow/example_dags/example_task_group_decorator.py
[2024-02-29T08:50:59.508+0000] {processor.py:753} INFO - DAG(s) dict_keys(['example_task_group_decorator']) retrieved from /home/airflow/.local/lib/python3.7/site-packages/airflow/example_dags/example_task_group_decorator.py
[2024-02-29T08:50:59.520+0000] {logging_mixin.py:137} INFO - [2024-02-29T08:50:59.520+0000] {dag.py:2690} INFO - Sync 1 DAGs
[2024-02-29T08:50:59.531+0000] {logging_mixin.py:137} INFO - [2024-02-29T08:50:59.530+0000] {dag.py:3441} INFO - Setting next_dagrun for example_task_group_decorator to 2024-02-28T08:50:59.530870+00:00, run_after=2024-02-29T08:50:59.530870+00:00
[2024-02-29T08:50:59.538+0000] {processor.py:175} INFO - Processing /home/airflow/.local/lib/python3.7/site-packages/airflow/example_dags/example_task_group_decorator.py took 0.045 seconds
[2024-02-29T08:51:29.857+0000] {processor.py:153} INFO - Started process (PID=978) to work on /home/airflow/.local/lib/python3.7/site-packages/airflow/example_dags/example_task_group_decorator.py
[2024-02-29T08:51:29.857+0000] {processor.py:743} INFO - Processing file /home/airflow/.local/lib/python3.7/site-packages/airflow/example_dags/example_task_group_decorator.py for tasks to queue
[2024-02-29T08:51:29.857+0000] {logging_mixin.py:137} INFO - [2024-02-29T08:51:29.857+0000] {dagbag.py:538} INFO - Filling up the DagBag from /home/airflow/.local/lib/python3.7/site-packages/airflow/example_dags/example_task_group_decorator.py
[2024-02-29T08:51:29.870+0000] {processor.py:753} INFO - DAG(s) dict_keys(['example_task_group_decorator']) retrieved from /home/airflow/.local/lib/python3.7/site-packages/airflow/example_dags/example_task_group_decorator.py
[2024-02-29T08:51:29.882+0000] {logging_mixin.py:137} INFO - [2024-02-29T08:51:29.882+0000] {dag.py:2690} INFO - Sync 1 DAGs
[2024-02-29T08:51:29.893+0000] {logging_mixin.py:137} INFO - [2024-02-29T08:51:29.893+0000] {dag.py:3441} INFO - Setting next_dagrun for example_task_group_decorator to 2024-02-28T08:51:29.893616+00:00, run_after=2024-02-29T08:51:29.893616+00:00
[2024-02-29T08:51:29.901+0000] {processor.py:175} INFO - Processing /home/airflow/.local/lib/python3.7/site-packages/airflow/example_dags/example_task_group_decorator.py took 0.046 seconds
[2024-02-29T08:52:00.277+0000] {processor.py:153} INFO - Started process (PID=1054) to work on /home/airflow/.local/lib/python3.7/site-packages/airflow/example_dags/example_task_group_decorator.py
[2024-02-29T08:52:00.277+0000] {processor.py:743} INFO - Processing file /home/airflow/.local/lib/python3.7/site-packages/airflow/example_dags/example_task_group_decorator.py for tasks to queue
[2024-02-29T08:52:00.277+0000] {logging_mixin.py:137} INFO - [2024-02-29T08:52:00.277+0000] {dagbag.py:538} INFO - Filling up the DagBag from /home/airflow/.local/lib/python3.7/site-packages/airflow/example_dags/example_task_group_decorator.py
[2024-02-29T08:52:00.289+0000] {processor.py:753} INFO - DAG(s) dict_keys(['example_task_group_decorator']) retrieved from /home/airflow/.local/lib/python3.7/site-packages/airflow/example_dags/example_task_group_decorator.py
[2024-02-29T08:52:00.301+0000] {logging_mixin.py:137} INFO - [2024-02-29T08:52:00.301+0000] {dag.py:2690} INFO - Sync 1 DAGs
[2024-02-29T08:52:00.312+0000] {logging_mixin.py:137} INFO - [2024-02-29T08:52:00.311+0000] {dag.py:3441} INFO - Setting next_dagrun for example_task_group_decorator to 2024-02-28T08:52:00.311853+00:00, run_after=2024-02-29T08:52:00.311853+00:00
[2024-02-29T08:52:00.319+0000] {processor.py:175} INFO - Processing /home/airflow/.local/lib/python3.7/site-packages/airflow/example_dags/example_task_group_decorator.py took 0.044 seconds
[2024-02-29T08:52:30.569+0000] {processor.py:153} INFO - Started process (PID=1147) to work on /home/airflow/.local/lib/python3.7/site-packages/airflow/example_dags/example_task_group_decorator.py
[2024-02-29T08:52:30.569+0000] {processor.py:743} INFO - Processing file /home/airflow/.local/lib/python3.7/site-packages/airflow/example_dags/example_task_group_decorator.py for tasks to queue
[2024-02-29T08:52:30.570+0000] {logging_mixin.py:137} INFO - [2024-02-29T08:52:30.569+0000] {dagbag.py:538} INFO - Filling up the DagBag from /home/airflow/.local/lib/python3.7/site-packages/airflow/example_dags/example_task_group_decorator.py
[2024-02-29T08:52:30.582+0000] {processor.py:753} INFO - DAG(s) dict_keys(['example_task_group_decorator']) retrieved from /home/airflow/.local/lib/python3.7/site-packages/airflow/example_dags/example_task_group_decorator.py
[2024-02-29T08:52:30.594+0000] {logging_mixin.py:137} INFO - [2024-02-29T08:52:30.594+0000] {dag.py:2690} INFO - Sync 1 DAGs
[2024-02-29T08:52:30.605+0000] {logging_mixin.py:137} INFO - [2024-02-29T08:52:30.605+0000] {dag.py:3441} INFO - Setting next_dagrun for example_task_group_decorator to 2024-02-28T08:52:30.604901+00:00, run_after=2024-02-29T08:52:30.604901+00:00
[2024-02-29T08:52:30.612+0000] {processor.py:175} INFO - Processing /home/airflow/.local/lib/python3.7/site-packages/airflow/example_dags/example_task_group_decorator.py took 0.045 seconds
[2024-02-29T08:53:00.989+0000] {processor.py:153} INFO - Started process (PID=1240) to work on /home/airflow/.local/lib/python3.7/site-packages/airflow/example_dags/example_task_group_decorator.py
[2024-02-29T08:53:00.990+0000] {processor.py:743} INFO - Processing file /home/airflow/.local/lib/python3.7/site-packages/airflow/example_dags/example_task_group_decorator.py for tasks to queue
[2024-02-29T08:53:00.990+0000] {logging_mixin.py:137} INFO - [2024-02-29T08:53:00.990+0000] {dagbag.py:538} INFO - Filling up the DagBag from /home/airflow/.local/lib/python3.7/site-packages/airflow/example_dags/example_task_group_decorator.py
[2024-02-29T08:53:01.002+0000] {processor.py:753} INFO - DAG(s) dict_keys(['example_task_group_decorator']) retrieved from /home/airflow/.local/lib/python3.7/site-packages/airflow/example_dags/example_task_group_decorator.py
[2024-02-29T08:53:01.014+0000] {logging_mixin.py:137} INFO - [2024-02-29T08:53:01.014+0000] {dag.py:2690} INFO - Sync 1 DAGs
[2024-02-29T08:53:01.024+0000] {logging_mixin.py:137} INFO - [2024-02-29T08:53:01.024+0000] {dag.py:3441} INFO - Setting next_dagrun for example_task_group_decorator to 2024-02-28T08:53:01.024416+00:00, run_after=2024-02-29T08:53:01.024416+00:00
[2024-02-29T08:53:01.031+0000] {processor.py:175} INFO - Processing /home/airflow/.local/lib/python3.7/site-packages/airflow/example_dags/example_task_group_decorator.py took 0.043 seconds
[2024-02-29T08:53:31.337+0000] {processor.py:153} INFO - Started process (PID=1334) to work on /home/airflow/.local/lib/python3.7/site-packages/airflow/example_dags/example_task_group_decorator.py
[2024-02-29T08:53:31.338+0000] {processor.py:743} INFO - Processing file /home/airflow/.local/lib/python3.7/site-packages/airflow/example_dags/example_task_group_decorator.py for tasks to queue
[2024-02-29T08:53:31.338+0000] {logging_mixin.py:137} INFO - [2024-02-29T08:53:31.338+0000] {dagbag.py:538} INFO - Filling up the DagBag from /home/airflow/.local/lib/python3.7/site-packages/airflow/example_dags/example_task_group_decorator.py
[2024-02-29T08:53:31.350+0000] {processor.py:753} INFO - DAG(s) dict_keys(['example_task_group_decorator']) retrieved from /home/airflow/.local/lib/python3.7/site-packages/airflow/example_dags/example_task_group_decorator.py
[2024-02-29T08:53:31.361+0000] {logging_mixin.py:137} INFO - [2024-02-29T08:53:31.361+0000] {dag.py:2690} INFO - Sync 1 DAGs
[2024-02-29T08:53:31.372+0000] {logging_mixin.py:137} INFO - [2024-02-29T08:53:31.372+0000] {dag.py:3441} INFO - Setting next_dagrun for example_task_group_decorator to 2024-02-28T08:53:31.372153+00:00, run_after=2024-02-29T08:53:31.372153+00:00
[2024-02-29T08:53:31.379+0000] {processor.py:175} INFO - Processing /home/airflow/.local/lib/python3.7/site-packages/airflow/example_dags/example_task_group_decorator.py took 0.043 seconds
[2024-02-29T08:54:01.757+0000] {processor.py:153} INFO - Started process (PID=1410) to work on /home/airflow/.local/lib/python3.7/site-packages/airflow/example_dags/example_task_group_decorator.py
[2024-02-29T08:54:01.757+0000] {processor.py:743} INFO - Processing file /home/airflow/.local/lib/python3.7/site-packages/airflow/example_dags/example_task_group_decorator.py for tasks to queue
[2024-02-29T08:54:01.758+0000] {logging_mixin.py:137} INFO - [2024-02-29T08:54:01.757+0000] {dagbag.py:538} INFO - Filling up the DagBag from /home/airflow/.local/lib/python3.7/site-packages/airflow/example_dags/example_task_group_decorator.py
[2024-02-29T08:54:01.769+0000] {processor.py:753} INFO - DAG(s) dict_keys(['example_task_group_decorator']) retrieved from /home/airflow/.local/lib/python3.7/site-packages/airflow/example_dags/example_task_group_decorator.py
[2024-02-29T08:54:01.781+0000] {logging_mixin.py:137} INFO - [2024-02-29T08:54:01.781+0000] {dag.py:2690} INFO - Sync 1 DAGs
[2024-02-29T08:54:01.791+0000] {logging_mixin.py:137} INFO - [2024-02-29T08:54:01.791+0000] {dag.py:3441} INFO - Setting next_dagrun for example_task_group_decorator to 2024-02-28T08:54:01.791322+00:00, run_after=2024-02-29T08:54:01.791322+00:00
[2024-02-29T08:54:01.798+0000] {processor.py:175} INFO - Processing /home/airflow/.local/lib/python3.7/site-packages/airflow/example_dags/example_task_group_decorator.py took 0.043 seconds
[2024-02-29T08:54:32.201+0000] {processor.py:153} INFO - Started process (PID=1504) to work on /home/airflow/.local/lib/python3.7/site-packages/airflow/example_dags/example_task_group_decorator.py
[2024-02-29T08:54:32.202+0000] {processor.py:743} INFO - Processing file /home/airflow/.local/lib/python3.7/site-packages/airflow/example_dags/example_task_group_decorator.py for tasks to queue
[2024-02-29T08:54:32.202+0000] {logging_mixin.py:137} INFO - [2024-02-29T08:54:32.202+0000] {dagbag.py:538} INFO - Filling up the DagBag from /home/airflow/.local/lib/python3.7/site-packages/airflow/example_dags/example_task_group_decorator.py
[2024-02-29T08:54:32.214+0000] {processor.py:753} INFO - DAG(s) dict_keys(['example_task_group_decorator']) retrieved from /home/airflow/.local/lib/python3.7/site-packages/airflow/example_dags/example_task_group_decorator.py
[2024-02-29T08:54:32.225+0000] {logging_mixin.py:137} INFO - [2024-02-29T08:54:32.225+0000] {dag.py:2690} INFO - Sync 1 DAGs
[2024-02-29T08:54:32.235+0000] {logging_mixin.py:137} INFO - [2024-02-29T08:54:32.235+0000] {dag.py:3441} INFO - Setting next_dagrun for example_task_group_decorator to 2024-02-28T08:54:32.235481+00:00, run_after=2024-02-29T08:54:32.235481+00:00
[2024-02-29T08:54:32.243+0000] {processor.py:175} INFO - Processing /home/airflow/.local/lib/python3.7/site-packages/airflow/example_dags/example_task_group_decorator.py took 0.043 seconds
[2024-02-29T08:55:02.727+0000] {processor.py:153} INFO - Started process (PID=1598) to work on /home/airflow/.local/lib/python3.7/site-packages/airflow/example_dags/example_task_group_decorator.py
[2024-02-29T08:55:02.728+0000] {processor.py:743} INFO - Processing file /home/airflow/.local/lib/python3.7/site-packages/airflow/example_dags/example_task_group_decorator.py for tasks to queue
[2024-02-29T08:55:02.728+0000] {logging_mixin.py:137} INFO - [2024-02-29T08:55:02.728+0000] {dagbag.py:538} INFO - Filling up the DagBag from /home/airflow/.local/lib/python3.7/site-packages/airflow/example_dags/example_task_group_decorator.py
[2024-02-29T08:55:02.740+0000] {processor.py:753} INFO - DAG(s) dict_keys(['example_task_group_decorator']) retrieved from /home/airflow/.local/lib/python3.7/site-packages/airflow/example_dags/example_task_group_decorator.py
[2024-02-29T08:55:02.752+0000] {logging_mixin.py:137} INFO - [2024-02-29T08:55:02.751+0000] {dag.py:2690} INFO - Sync 1 DAGs
[2024-02-29T08:55:02.762+0000] {logging_mixin.py:137} INFO - [2024-02-29T08:55:02.762+0000] {dag.py:3441} INFO - Setting next_dagrun for example_task_group_decorator to 2024-02-28T08:55:02.762370+00:00, run_after=2024-02-29T08:55:02.762370+00:00
[2024-02-29T08:55:02.769+0000] {processor.py:175} INFO - Processing /home/airflow/.local/lib/python3.7/site-packages/airflow/example_dags/example_task_group_decorator.py took 0.043 seconds
[2024-02-29T08:55:33.057+0000] {processor.py:153} INFO - Started process (PID=1691) to work on /home/airflow/.local/lib/python3.7/site-packages/airflow/example_dags/example_task_group_decorator.py
[2024-02-29T08:55:33.058+0000] {processor.py:743} INFO - Processing file /home/airflow/.local/lib/python3.7/site-packages/airflow/example_dags/example_task_group_decorator.py for tasks to queue
[2024-02-29T08:55:33.058+0000] {logging_mixin.py:137} INFO - [2024-02-29T08:55:33.058+0000] {dagbag.py:538} INFO - Filling up the DagBag from /home/airflow/.local/lib/python3.7/site-packages/airflow/example_dags/example_task_group_decorator.py
[2024-02-29T08:55:33.070+0000] {processor.py:753} INFO - DAG(s) dict_keys(['example_task_group_decorator']) retrieved from /home/airflow/.local/lib/python3.7/site-packages/airflow/example_dags/example_task_group_decorator.py
[2024-02-29T08:55:33.082+0000] {logging_mixin.py:137} INFO - [2024-02-29T08:55:33.082+0000] {dag.py:2690} INFO - Sync 1 DAGs
[2024-02-29T08:55:33.092+0000] {logging_mixin.py:137} INFO - [2024-02-29T08:55:33.092+0000] {dag.py:3441} INFO - Setting next_dagrun for example_task_group_decorator to 2024-02-28T08:55:33.092743+00:00, run_after=2024-02-29T08:55:33.092743+00:00
[2024-02-29T08:55:33.100+0000] {processor.py:175} INFO - Processing /home/airflow/.local/lib/python3.7/site-packages/airflow/example_dags/example_task_group_decorator.py took 0.045 seconds
[2024-02-29T08:56:03.401+0000] {processor.py:153} INFO - Started process (PID=1767) to work on /home/airflow/.local/lib/python3.7/site-packages/airflow/example_dags/example_task_group_decorator.py
[2024-02-29T08:56:03.402+0000] {processor.py:743} INFO - Processing file /home/airflow/.local/lib/python3.7/site-packages/airflow/example_dags/example_task_group_decorator.py for tasks to queue
[2024-02-29T08:56:03.402+0000] {logging_mixin.py:137} INFO - [2024-02-29T08:56:03.402+0000] {dagbag.py:538} INFO - Filling up the DagBag from /home/airflow/.local/lib/python3.7/site-packages/airflow/example_dags/example_task_group_decorator.py
[2024-02-29T08:56:03.414+0000] {processor.py:753} INFO - DAG(s) dict_keys(['example_task_group_decorator']) retrieved from /home/airflow/.local/lib/python3.7/site-packages/airflow/example_dags/example_task_group_decorator.py
[2024-02-29T08:56:03.425+0000] {logging_mixin.py:137} INFO - [2024-02-29T08:56:03.425+0000] {dag.py:2690} INFO - Sync 1 DAGs
[2024-02-29T08:56:03.435+0000] {logging_mixin.py:137} INFO - [2024-02-29T08:56:03.435+0000] {dag.py:3441} INFO - Setting next_dagrun for example_task_group_decorator to 2024-02-28T08:56:03.435633+00:00, run_after=2024-02-29T08:56:03.435633+00:00
[2024-02-29T08:56:03.442+0000] {processor.py:175} INFO - Processing /home/airflow/.local/lib/python3.7/site-packages/airflow/example_dags/example_task_group_decorator.py took 0.043 seconds
[2024-02-29T08:56:33.813+0000] {processor.py:153} INFO - Started process (PID=1861) to work on /home/airflow/.local/lib/python3.7/site-packages/airflow/example_dags/example_task_group_decorator.py
[2024-02-29T08:56:33.813+0000] {processor.py:743} INFO - Processing file /home/airflow/.local/lib/python3.7/site-packages/airflow/example_dags/example_task_group_decorator.py for tasks to queue
[2024-02-29T08:56:33.814+0000] {logging_mixin.py:137} INFO - [2024-02-29T08:56:33.814+0000] {dagbag.py:538} INFO - Filling up the DagBag from /home/airflow/.local/lib/python3.7/site-packages/airflow/example_dags/example_task_group_decorator.py
[2024-02-29T08:56:33.826+0000] {processor.py:753} INFO - DAG(s) dict_keys(['example_task_group_decorator']) retrieved from /home/airflow/.local/lib/python3.7/site-packages/airflow/example_dags/example_task_group_decorator.py
[2024-02-29T08:56:33.838+0000] {logging_mixin.py:137} INFO - [2024-02-29T08:56:33.838+0000] {dag.py:2690} INFO - Sync 1 DAGs
[2024-02-29T08:56:33.849+0000] {logging_mixin.py:137} INFO - [2024-02-29T08:56:33.849+0000] {dag.py:3441} INFO - Setting next_dagrun for example_task_group_decorator to 2024-02-28T08:56:33.849206+00:00, run_after=2024-02-29T08:56:33.849206+00:00
[2024-02-29T08:56:33.856+0000] {processor.py:175} INFO - Processing /home/airflow/.local/lib/python3.7/site-packages/airflow/example_dags/example_task_group_decorator.py took 0.045 seconds
[2024-02-29T08:57:04.241+0000] {processor.py:153} INFO - Started process (PID=1955) to work on /home/airflow/.local/lib/python3.7/site-packages/airflow/example_dags/example_task_group_decorator.py
[2024-02-29T08:57:04.241+0000] {processor.py:743} INFO - Processing file /home/airflow/.local/lib/python3.7/site-packages/airflow/example_dags/example_task_group_decorator.py for tasks to queue
[2024-02-29T08:57:04.242+0000] {logging_mixin.py:137} INFO - [2024-02-29T08:57:04.242+0000] {dagbag.py:538} INFO - Filling up the DagBag from /home/airflow/.local/lib/python3.7/site-packages/airflow/example_dags/example_task_group_decorator.py
[2024-02-29T08:57:04.254+0000] {processor.py:753} INFO - DAG(s) dict_keys(['example_task_group_decorator']) retrieved from /home/airflow/.local/lib/python3.7/site-packages/airflow/example_dags/example_task_group_decorator.py
[2024-02-29T08:57:04.265+0000] {logging_mixin.py:137} INFO - [2024-02-29T08:57:04.265+0000] {dag.py:2690} INFO - Sync 1 DAGs
[2024-02-29T08:57:04.275+0000] {logging_mixin.py:137} INFO - [2024-02-29T08:57:04.275+0000] {dag.py:3441} INFO - Setting next_dagrun for example_task_group_decorator to 2024-02-28T08:57:04.275240+00:00, run_after=2024-02-29T08:57:04.275240+00:00
[2024-02-29T08:57:04.282+0000] {processor.py:175} INFO - Processing /home/airflow/.local/lib/python3.7/site-packages/airflow/example_dags/example_task_group_decorator.py took 0.043 seconds
[2024-02-29T08:57:34.749+0000] {processor.py:153} INFO - Started process (PID=2049) to work on /home/airflow/.local/lib/python3.7/site-packages/airflow/example_dags/example_task_group_decorator.py
[2024-02-29T08:57:34.750+0000] {processor.py:743} INFO - Processing file /home/airflow/.local/lib/python3.7/site-packages/airflow/example_dags/example_task_group_decorator.py for tasks to queue
[2024-02-29T08:57:34.750+0000] {logging_mixin.py:137} INFO - [2024-02-29T08:57:34.750+0000] {dagbag.py:538} INFO - Filling up the DagBag from /home/airflow/.local/lib/python3.7/site-packages/airflow/example_dags/example_task_group_decorator.py
[2024-02-29T08:57:34.763+0000] {processor.py:753} INFO - DAG(s) dict_keys(['example_task_group_decorator']) retrieved from /home/airflow/.local/lib/python3.7/site-packages/airflow/example_dags/example_task_group_decorator.py
[2024-02-29T08:57:34.775+0000] {logging_mixin.py:137} INFO - [2024-02-29T08:57:34.775+0000] {dag.py:2690} INFO - Sync 1 DAGs
[2024-02-29T08:57:34.786+0000] {logging_mixin.py:137} INFO - [2024-02-29T08:57:34.786+0000] {dag.py:3441} INFO - Setting next_dagrun for example_task_group_decorator to 2024-02-28T08:57:34.785876+00:00, run_after=2024-02-29T08:57:34.785876+00:00
[2024-02-29T08:57:34.793+0000] {processor.py:175} INFO - Processing /home/airflow/.local/lib/python3.7/site-packages/airflow/example_dags/example_task_group_decorator.py took 0.046 seconds
[2024-02-29T08:58:05.318+0000] {processor.py:153} INFO - Started process (PID=2125) to work on /home/airflow/.local/lib/python3.7/site-packages/airflow/example_dags/example_task_group_decorator.py
[2024-02-29T08:58:05.318+0000] {processor.py:743} INFO - Processing file /home/airflow/.local/lib/python3.7/site-packages/airflow/example_dags/example_task_group_decorator.py for tasks to queue
[2024-02-29T08:58:05.319+0000] {logging_mixin.py:137} INFO - [2024-02-29T08:58:05.319+0000] {dagbag.py:538} INFO - Filling up the DagBag from /home/airflow/.local/lib/python3.7/site-packages/airflow/example_dags/example_task_group_decorator.py
[2024-02-29T08:58:05.331+0000] {processor.py:753} INFO - DAG(s) dict_keys(['example_task_group_decorator']) retrieved from /home/airflow/.local/lib/python3.7/site-packages/airflow/example_dags/example_task_group_decorator.py
[2024-02-29T08:58:05.342+0000] {logging_mixin.py:137} INFO - [2024-02-29T08:58:05.342+0000] {dag.py:2690} INFO - Sync 1 DAGs
[2024-02-29T08:58:05.352+0000] {logging_mixin.py:137} INFO - [2024-02-29T08:58:05.352+0000] {dag.py:3441} INFO - Setting next_dagrun for example_task_group_decorator to 2024-02-28T08:58:05.352104+00:00, run_after=2024-02-29T08:58:05.352104+00:00
[2024-02-29T08:58:05.359+0000] {processor.py:175} INFO - Processing /home/airflow/.local/lib/python3.7/site-packages/airflow/example_dags/example_task_group_decorator.py took 0.043 seconds
[2024-02-29T08:58:35.753+0000] {processor.py:153} INFO - Started process (PID=2219) to work on /home/airflow/.local/lib/python3.7/site-packages/airflow/example_dags/example_task_group_decorator.py
[2024-02-29T08:58:35.754+0000] {processor.py:743} INFO - Processing file /home/airflow/.local/lib/python3.7/site-packages/airflow/example_dags/example_task_group_decorator.py for tasks to queue
[2024-02-29T08:58:35.754+0000] {logging_mixin.py:137} INFO - [2024-02-29T08:58:35.754+0000] {dagbag.py:538} INFO - Filling up the DagBag from /home/airflow/.local/lib/python3.7/site-packages/airflow/example_dags/example_task_group_decorator.py
[2024-02-29T08:58:35.767+0000] {processor.py:753} INFO - DAG(s) dict_keys(['example_task_group_decorator']) retrieved from /home/airflow/.local/lib/python3.7/site-packages/airflow/example_dags/example_task_group_decorator.py
[2024-02-29T08:58:35.779+0000] {logging_mixin.py:137} INFO - [2024-02-29T08:58:35.778+0000] {dag.py:2690} INFO - Sync 1 DAGs
[2024-02-29T08:58:35.791+0000] {logging_mixin.py:137} INFO - [2024-02-29T08:58:35.791+0000] {dag.py:3441} INFO - Setting next_dagrun for example_task_group_decorator to 2024-02-28T08:58:35.790910+00:00, run_after=2024-02-29T08:58:35.790910+00:00
[2024-02-29T08:58:35.799+0000] {processor.py:175} INFO - Processing /home/airflow/.local/lib/python3.7/site-packages/airflow/example_dags/example_task_group_decorator.py took 0.047 seconds
[2024-02-29T08:59:06.043+0000] {processor.py:153} INFO - Started process (PID=2312) to work on /home/airflow/.local/lib/python3.7/site-packages/airflow/example_dags/example_task_group_decorator.py
[2024-02-29T08:59:06.044+0000] {processor.py:743} INFO - Processing file /home/airflow/.local/lib/python3.7/site-packages/airflow/example_dags/example_task_group_decorator.py for tasks to queue
[2024-02-29T08:59:06.044+0000] {logging_mixin.py:137} INFO - [2024-02-29T08:59:06.044+0000] {dagbag.py:538} INFO - Filling up the DagBag from /home/airflow/.local/lib/python3.7/site-packages/airflow/example_dags/example_task_group_decorator.py
[2024-02-29T08:59:06.057+0000] {processor.py:753} INFO - DAG(s) dict_keys(['example_task_group_decorator']) retrieved from /home/airflow/.local/lib/python3.7/site-packages/airflow/example_dags/example_task_group_decorator.py
[2024-02-29T08:59:06.069+0000] {logging_mixin.py:137} INFO - [2024-02-29T08:59:06.069+0000] {dag.py:2690} INFO - Sync 1 DAGs
[2024-02-29T08:59:06.080+0000] {logging_mixin.py:137} INFO - [2024-02-29T08:59:06.080+0000] {dag.py:3441} INFO - Setting next_dagrun for example_task_group_decorator to 2024-02-28T08:59:06.080151+00:00, run_after=2024-02-29T08:59:06.080151+00:00
[2024-02-29T08:59:06.088+0000] {processor.py:175} INFO - Processing /home/airflow/.local/lib/python3.7/site-packages/airflow/example_dags/example_task_group_decorator.py took 0.046 seconds
[2024-02-29T08:59:36.840+0000] {processor.py:153} INFO - Started process (PID=2406) to work on /home/airflow/.local/lib/python3.7/site-packages/airflow/example_dags/example_task_group_decorator.py
[2024-02-29T08:59:36.840+0000] {processor.py:743} INFO - Processing file /home/airflow/.local/lib/python3.7/site-packages/airflow/example_dags/example_task_group_decorator.py for tasks to queue
[2024-02-29T08:59:36.841+0000] {logging_mixin.py:137} INFO - [2024-02-29T08:59:36.841+0000] {dagbag.py:538} INFO - Filling up the DagBag from /home/airflow/.local/lib/python3.7/site-packages/airflow/example_dags/example_task_group_decorator.py
[2024-02-29T08:59:36.855+0000] {processor.py:753} INFO - DAG(s) dict_keys(['example_task_group_decorator']) retrieved from /home/airflow/.local/lib/python3.7/site-packages/airflow/example_dags/example_task_group_decorator.py
[2024-02-29T08:59:36.869+0000] {logging_mixin.py:137} INFO - [2024-02-29T08:59:36.869+0000] {dag.py:2690} INFO - Sync 1 DAGs
[2024-02-29T08:59:36.881+0000] {logging_mixin.py:137} INFO - [2024-02-29T08:59:36.881+0000] {dag.py:3441} INFO - Setting next_dagrun for example_task_group_decorator to 2024-02-28T08:59:36.881010+00:00, run_after=2024-02-29T08:59:36.881010+00:00
[2024-02-29T08:59:36.892+0000] {processor.py:175} INFO - Processing /home/airflow/.local/lib/python3.7/site-packages/airflow/example_dags/example_task_group_decorator.py took 0.054 seconds
[2024-02-29T09:00:07.426+0000] {processor.py:153} INFO - Started process (PID=2482) to work on /home/airflow/.local/lib/python3.7/site-packages/airflow/example_dags/example_task_group_decorator.py
[2024-02-29T09:00:07.427+0000] {processor.py:743} INFO - Processing file /home/airflow/.local/lib/python3.7/site-packages/airflow/example_dags/example_task_group_decorator.py for tasks to queue
[2024-02-29T09:00:07.427+0000] {logging_mixin.py:137} INFO - [2024-02-29T09:00:07.427+0000] {dagbag.py:538} INFO - Filling up the DagBag from /home/airflow/.local/lib/python3.7/site-packages/airflow/example_dags/example_task_group_decorator.py
[2024-02-29T09:00:07.440+0000] {processor.py:753} INFO - DAG(s) dict_keys(['example_task_group_decorator']) retrieved from /home/airflow/.local/lib/python3.7/site-packages/airflow/example_dags/example_task_group_decorator.py
[2024-02-29T09:00:07.452+0000] {logging_mixin.py:137} INFO - [2024-02-29T09:00:07.452+0000] {dag.py:2690} INFO - Sync 1 DAGs
[2024-02-29T09:00:07.463+0000] {logging_mixin.py:137} INFO - [2024-02-29T09:00:07.463+0000] {dag.py:3441} INFO - Setting next_dagrun for example_task_group_decorator to 2024-02-28T09:00:07.463703+00:00, run_after=2024-02-29T09:00:07.463703+00:00
[2024-02-29T09:00:07.471+0000] {processor.py:175} INFO - Processing /home/airflow/.local/lib/python3.7/site-packages/airflow/example_dags/example_task_group_decorator.py took 0.047 seconds
[2024-02-29T09:00:37.871+0000] {processor.py:153} INFO - Started process (PID=2576) to work on /home/airflow/.local/lib/python3.7/site-packages/airflow/example_dags/example_task_group_decorator.py
[2024-02-29T09:00:37.872+0000] {processor.py:743} INFO - Processing file /home/airflow/.local/lib/python3.7/site-packages/airflow/example_dags/example_task_group_decorator.py for tasks to queue
[2024-02-29T09:00:37.872+0000] {logging_mixin.py:137} INFO - [2024-02-29T09:00:37.872+0000] {dagbag.py:538} INFO - Filling up the DagBag from /home/airflow/.local/lib/python3.7/site-packages/airflow/example_dags/example_task_group_decorator.py
[2024-02-29T09:00:37.884+0000] {processor.py:753} INFO - DAG(s) dict_keys(['example_task_group_decorator']) retrieved from /home/airflow/.local/lib/python3.7/site-packages/airflow/example_dags/example_task_group_decorator.py
[2024-02-29T09:00:37.896+0000] {logging_mixin.py:137} INFO - [2024-02-29T09:00:37.896+0000] {dag.py:2690} INFO - Sync 1 DAGs
[2024-02-29T09:00:37.906+0000] {logging_mixin.py:137} INFO - [2024-02-29T09:00:37.906+0000] {dag.py:3441} INFO - Setting next_dagrun for example_task_group_decorator to 2024-02-28T09:00:37.906752+00:00, run_after=2024-02-29T09:00:37.906752+00:00
[2024-02-29T09:00:37.914+0000] {processor.py:175} INFO - Processing /home/airflow/.local/lib/python3.7/site-packages/airflow/example_dags/example_task_group_decorator.py took 0.045 seconds
[2024-02-29T09:01:08.481+0000] {processor.py:153} INFO - Started process (PID=2670) to work on /home/airflow/.local/lib/python3.7/site-packages/airflow/example_dags/example_task_group_decorator.py
[2024-02-29T09:01:08.482+0000] {processor.py:743} INFO - Processing file /home/airflow/.local/lib/python3.7/site-packages/airflow/example_dags/example_task_group_decorator.py for tasks to queue
[2024-02-29T09:01:08.483+0000] {logging_mixin.py:137} INFO - [2024-02-29T09:01:08.483+0000] {dagbag.py:538} INFO - Filling up the DagBag from /home/airflow/.local/lib/python3.7/site-packages/airflow/example_dags/example_task_group_decorator.py
[2024-02-29T09:01:08.498+0000] {processor.py:753} INFO - DAG(s) dict_keys(['example_task_group_decorator']) retrieved from /home/airflow/.local/lib/python3.7/site-packages/airflow/example_dags/example_task_group_decorator.py
[2024-02-29T09:01:08.516+0000] {logging_mixin.py:137} INFO - [2024-02-29T09:01:08.516+0000] {dag.py:2690} INFO - Sync 1 DAGs
[2024-02-29T09:01:08.541+0000] {logging_mixin.py:137} INFO - [2024-02-29T09:01:08.541+0000] {dag.py:3441} INFO - Setting next_dagrun for example_task_group_decorator to 2024-02-28T09:01:08.541178+00:00, run_after=2024-02-29T09:01:08.541178+00:00
[2024-02-29T09:01:08.552+0000] {processor.py:175} INFO - Processing /home/airflow/.local/lib/python3.7/site-packages/airflow/example_dags/example_task_group_decorator.py took 0.073 seconds
[2024-02-29T09:01:39.052+0000] {processor.py:153} INFO - Started process (PID=2752) to work on /home/airflow/.local/lib/python3.7/site-packages/airflow/example_dags/example_task_group_decorator.py
[2024-02-29T09:01:39.052+0000] {processor.py:743} INFO - Processing file /home/airflow/.local/lib/python3.7/site-packages/airflow/example_dags/example_task_group_decorator.py for tasks to queue
[2024-02-29T09:01:39.052+0000] {logging_mixin.py:137} INFO - [2024-02-29T09:01:39.052+0000] {dagbag.py:538} INFO - Filling up the DagBag from /home/airflow/.local/lib/python3.7/site-packages/airflow/example_dags/example_task_group_decorator.py
[2024-02-29T09:01:39.065+0000] {processor.py:753} INFO - DAG(s) dict_keys(['example_task_group_decorator']) retrieved from /home/airflow/.local/lib/python3.7/site-packages/airflow/example_dags/example_task_group_decorator.py
[2024-02-29T09:01:39.077+0000] {logging_mixin.py:137} INFO - [2024-02-29T09:01:39.077+0000] {dag.py:2690} INFO - Sync 1 DAGs
[2024-02-29T09:01:39.087+0000] {logging_mixin.py:137} INFO - [2024-02-29T09:01:39.087+0000] {dag.py:3441} INFO - Setting next_dagrun for example_task_group_decorator to 2024-02-28T09:01:39.087790+00:00, run_after=2024-02-29T09:01:39.087790+00:00
[2024-02-29T09:01:39.096+0000] {processor.py:175} INFO - Processing /home/airflow/.local/lib/python3.7/site-packages/airflow/example_dags/example_task_group_decorator.py took 0.046 seconds
[2024-02-29T09:02:09.554+0000] {processor.py:153} INFO - Started process (PID=2839) to work on /home/airflow/.local/lib/python3.7/site-packages/airflow/example_dags/example_task_group_decorator.py
[2024-02-29T09:02:09.554+0000] {processor.py:743} INFO - Processing file /home/airflow/.local/lib/python3.7/site-packages/airflow/example_dags/example_task_group_decorator.py for tasks to queue
[2024-02-29T09:02:09.555+0000] {logging_mixin.py:137} INFO - [2024-02-29T09:02:09.555+0000] {dagbag.py:538} INFO - Filling up the DagBag from /home/airflow/.local/lib/python3.7/site-packages/airflow/example_dags/example_task_group_decorator.py
[2024-02-29T09:02:09.567+0000] {processor.py:753} INFO - DAG(s) dict_keys(['example_task_group_decorator']) retrieved from /home/airflow/.local/lib/python3.7/site-packages/airflow/example_dags/example_task_group_decorator.py
[2024-02-29T09:02:09.578+0000] {logging_mixin.py:137} INFO - [2024-02-29T09:02:09.578+0000] {dag.py:2690} INFO - Sync 1 DAGs
[2024-02-29T09:02:09.589+0000] {logging_mixin.py:137} INFO - [2024-02-29T09:02:09.589+0000] {dag.py:3441} INFO - Setting next_dagrun for example_task_group_decorator to 2024-02-28T09:02:09.589280+00:00, run_after=2024-02-29T09:02:09.589280+00:00
[2024-02-29T09:02:09.597+0000] {processor.py:175} INFO - Processing /home/airflow/.local/lib/python3.7/site-packages/airflow/example_dags/example_task_group_decorator.py took 0.045 seconds
[2024-02-29T09:02:40.079+0000] {processor.py:153} INFO - Started process (PID=2933) to work on /home/airflow/.local/lib/python3.7/site-packages/airflow/example_dags/example_task_group_decorator.py
[2024-02-29T09:02:40.080+0000] {processor.py:743} INFO - Processing file /home/airflow/.local/lib/python3.7/site-packages/airflow/example_dags/example_task_group_decorator.py for tasks to queue
[2024-02-29T09:02:40.080+0000] {logging_mixin.py:137} INFO - [2024-02-29T09:02:40.080+0000] {dagbag.py:538} INFO - Filling up the DagBag from /home/airflow/.local/lib/python3.7/site-packages/airflow/example_dags/example_task_group_decorator.py
[2024-02-29T09:02:40.093+0000] {processor.py:753} INFO - DAG(s) dict_keys(['example_task_group_decorator']) retrieved from /home/airflow/.local/lib/python3.7/site-packages/airflow/example_dags/example_task_group_decorator.py
[2024-02-29T09:02:40.105+0000] {logging_mixin.py:137} INFO - [2024-02-29T09:02:40.105+0000] {dag.py:2690} INFO - Sync 1 DAGs
[2024-02-29T09:02:40.116+0000] {logging_mixin.py:137} INFO - [2024-02-29T09:02:40.115+0000] {dag.py:3441} INFO - Setting next_dagrun for example_task_group_decorator to 2024-02-28T09:02:40.115835+00:00, run_after=2024-02-29T09:02:40.115835+00:00
[2024-02-29T09:02:40.123+0000] {processor.py:175} INFO - Processing /home/airflow/.local/lib/python3.7/site-packages/airflow/example_dags/example_task_group_decorator.py took 0.045 seconds
[2024-02-29T09:03:11.105+0000] {processor.py:153} INFO - Started process (PID=3026) to work on /home/airflow/.local/lib/python3.7/site-packages/airflow/example_dags/example_task_group_decorator.py
[2024-02-29T09:03:11.106+0000] {processor.py:743} INFO - Processing file /home/airflow/.local/lib/python3.7/site-packages/airflow/example_dags/example_task_group_decorator.py for tasks to queue
[2024-02-29T09:03:11.106+0000] {logging_mixin.py:137} INFO - [2024-02-29T09:03:11.106+0000] {dagbag.py:538} INFO - Filling up the DagBag from /home/airflow/.local/lib/python3.7/site-packages/airflow/example_dags/example_task_group_decorator.py
[2024-02-29T09:03:11.120+0000] {processor.py:753} INFO - DAG(s) dict_keys(['example_task_group_decorator']) retrieved from /home/airflow/.local/lib/python3.7/site-packages/airflow/example_dags/example_task_group_decorator.py
[2024-02-29T09:03:11.133+0000] {logging_mixin.py:137} INFO - [2024-02-29T09:03:11.133+0000] {dag.py:2690} INFO - Sync 1 DAGs
[2024-02-29T09:03:11.144+0000] {logging_mixin.py:137} INFO - [2024-02-29T09:03:11.144+0000] {dag.py:3441} INFO - Setting next_dagrun for example_task_group_decorator to 2024-02-28T09:03:11.144600+00:00, run_after=2024-02-29T09:03:11.144600+00:00
[2024-02-29T09:03:11.153+0000] {processor.py:175} INFO - Processing /home/airflow/.local/lib/python3.7/site-packages/airflow/example_dags/example_task_group_decorator.py took 0.050 seconds
