[2024-02-29T08:46:24.617+0000] {processor.py:153} INFO - Started process (PID=48) to work on /home/airflow/.local/lib/python3.7/site-packages/airflow/example_dags/example_datasets.py
[2024-02-29T08:46:24.618+0000] {processor.py:743} INFO - Processing file /home/airflow/.local/lib/python3.7/site-packages/airflow/example_dags/example_datasets.py for tasks to queue
[2024-02-29T08:46:24.618+0000] {logging_mixin.py:137} INFO - [2024-02-29T08:46:24.618+0000] {dagbag.py:538} INFO - Filling up the DagBag from /home/airflow/.local/lib/python3.7/site-packages/airflow/example_dags/example_datasets.py
[2024-02-29T08:46:24.629+0000] {processor.py:753} INFO - DAG(s) dict_keys(['dataset_produces_1', 'dataset_consumes_1', 'dataset_produces_2', 'dataset_consumes_1_never_scheduled', 'dataset_consumes_1_and_2', 'dataset_consumes_unknown_never_scheduled']) retrieved from /home/airflow/.local/lib/python3.7/site-packages/airflow/example_dags/example_datasets.py
[2024-02-29T08:46:24.673+0000] {logging_mixin.py:137} INFO - [2024-02-29T08:46:24.673+0000] {dag.py:2690} INFO - Sync 6 DAGs
[2024-02-29T08:46:24.686+0000] {logging_mixin.py:137} INFO - [2024-02-29T08:46:24.686+0000] {dag.py:3441} INFO - Setting next_dagrun for dataset_consumes_1 to None, run_after=None
[2024-02-29T08:46:24.689+0000] {logging_mixin.py:137} INFO - [2024-02-29T08:46:24.689+0000] {dag.py:3441} INFO - Setting next_dagrun for dataset_consumes_1_and_2 to None, run_after=None
[2024-02-29T08:46:24.690+0000] {logging_mixin.py:137} INFO - [2024-02-29T08:46:24.689+0000] {dag.py:3441} INFO - Setting next_dagrun for dataset_consumes_1_never_scheduled to None, run_after=None
[2024-02-29T08:46:24.690+0000] {logging_mixin.py:137} INFO - [2024-02-29T08:46:24.690+0000] {dag.py:3441} INFO - Setting next_dagrun for dataset_consumes_unknown_never_scheduled to None, run_after=None
[2024-02-29T08:46:24.692+0000] {logging_mixin.py:137} INFO - [2024-02-29T08:46:24.692+0000] {dag.py:3441} INFO - Setting next_dagrun for dataset_produces_1 to 2024-02-28T00:00:00+00:00, run_after=2024-02-29T00:00:00+00:00
[2024-02-29T08:46:24.693+0000] {logging_mixin.py:137} INFO - [2024-02-29T08:46:24.693+0000] {dag.py:3441} INFO - Setting next_dagrun for dataset_produces_2 to None, run_after=None
[2024-02-29T08:46:24.712+0000] {processor.py:175} INFO - Processing /home/airflow/.local/lib/python3.7/site-packages/airflow/example_dags/example_datasets.py took 0.097 seconds
[2024-02-29T08:46:55.495+0000] {processor.py:153} INFO - Started process (PID=141) to work on /home/airflow/.local/lib/python3.7/site-packages/airflow/example_dags/example_datasets.py
[2024-02-29T08:46:55.496+0000] {processor.py:743} INFO - Processing file /home/airflow/.local/lib/python3.7/site-packages/airflow/example_dags/example_datasets.py for tasks to queue
[2024-02-29T08:46:55.496+0000] {logging_mixin.py:137} INFO - [2024-02-29T08:46:55.496+0000] {dagbag.py:538} INFO - Filling up the DagBag from /home/airflow/.local/lib/python3.7/site-packages/airflow/example_dags/example_datasets.py
[2024-02-29T08:46:55.503+0000] {processor.py:753} INFO - DAG(s) dict_keys(['dataset_produces_2', 'dataset_consumes_unknown_never_scheduled', 'dataset_produces_1', 'dataset_consumes_1', 'dataset_consumes_1_never_scheduled', 'dataset_consumes_1_and_2']) retrieved from /home/airflow/.local/lib/python3.7/site-packages/airflow/example_dags/example_datasets.py
[2024-02-29T08:46:55.520+0000] {logging_mixin.py:137} INFO - [2024-02-29T08:46:55.520+0000] {dag.py:2690} INFO - Sync 6 DAGs
[2024-02-29T08:46:55.531+0000] {logging_mixin.py:137} INFO - [2024-02-29T08:46:55.531+0000] {dag.py:3441} INFO - Setting next_dagrun for dataset_consumes_1 to None, run_after=None
[2024-02-29T08:46:55.534+0000] {logging_mixin.py:137} INFO - [2024-02-29T08:46:55.534+0000] {dag.py:3441} INFO - Setting next_dagrun for dataset_consumes_1_and_2 to None, run_after=None
[2024-02-29T08:46:55.535+0000] {logging_mixin.py:137} INFO - [2024-02-29T08:46:55.535+0000] {dag.py:3441} INFO - Setting next_dagrun for dataset_consumes_1_never_scheduled to None, run_after=None
[2024-02-29T08:46:55.536+0000] {logging_mixin.py:137} INFO - [2024-02-29T08:46:55.536+0000] {dag.py:3441} INFO - Setting next_dagrun for dataset_consumes_unknown_never_scheduled to None, run_after=None
[2024-02-29T08:46:55.537+0000] {logging_mixin.py:137} INFO - [2024-02-29T08:46:55.537+0000] {dag.py:3441} INFO - Setting next_dagrun for dataset_produces_1 to 2024-02-28T00:00:00+00:00, run_after=2024-02-29T00:00:00+00:00
[2024-02-29T08:46:55.538+0000] {logging_mixin.py:137} INFO - [2024-02-29T08:46:55.538+0000] {dag.py:3441} INFO - Setting next_dagrun for dataset_produces_2 to None, run_after=None
[2024-02-29T08:46:55.555+0000] {processor.py:175} INFO - Processing /home/airflow/.local/lib/python3.7/site-packages/airflow/example_dags/example_datasets.py took 0.061 seconds
[2024-02-29T08:47:25.831+0000] {processor.py:153} INFO - Started process (PID=235) to work on /home/airflow/.local/lib/python3.7/site-packages/airflow/example_dags/example_datasets.py
[2024-02-29T08:47:25.831+0000] {processor.py:743} INFO - Processing file /home/airflow/.local/lib/python3.7/site-packages/airflow/example_dags/example_datasets.py for tasks to queue
[2024-02-29T08:47:25.832+0000] {logging_mixin.py:137} INFO - [2024-02-29T08:47:25.832+0000] {dagbag.py:538} INFO - Filling up the DagBag from /home/airflow/.local/lib/python3.7/site-packages/airflow/example_dags/example_datasets.py
[2024-02-29T08:47:25.839+0000] {processor.py:753} INFO - DAG(s) dict_keys(['dataset_consumes_unknown_never_scheduled', 'dataset_consumes_1_and_2', 'dataset_consumes_1', 'dataset_consumes_1_never_scheduled', 'dataset_produces_1', 'dataset_produces_2']) retrieved from /home/airflow/.local/lib/python3.7/site-packages/airflow/example_dags/example_datasets.py
[2024-02-29T08:47:25.855+0000] {logging_mixin.py:137} INFO - [2024-02-29T08:47:25.855+0000] {dag.py:2690} INFO - Sync 6 DAGs
[2024-02-29T08:47:25.866+0000] {logging_mixin.py:137} INFO - [2024-02-29T08:47:25.866+0000] {dag.py:3441} INFO - Setting next_dagrun for dataset_consumes_1 to None, run_after=None
[2024-02-29T08:47:25.868+0000] {logging_mixin.py:137} INFO - [2024-02-29T08:47:25.867+0000] {dag.py:3441} INFO - Setting next_dagrun for dataset_consumes_1_and_2 to None, run_after=None
[2024-02-29T08:47:25.868+0000] {logging_mixin.py:137} INFO - [2024-02-29T08:47:25.868+0000] {dag.py:3441} INFO - Setting next_dagrun for dataset_consumes_1_never_scheduled to None, run_after=None
[2024-02-29T08:47:25.868+0000] {logging_mixin.py:137} INFO - [2024-02-29T08:47:25.868+0000] {dag.py:3441} INFO - Setting next_dagrun for dataset_consumes_unknown_never_scheduled to None, run_after=None
[2024-02-29T08:47:25.870+0000] {logging_mixin.py:137} INFO - [2024-02-29T08:47:25.870+0000] {dag.py:3441} INFO - Setting next_dagrun for dataset_produces_1 to 2024-02-28T00:00:00+00:00, run_after=2024-02-29T00:00:00+00:00
[2024-02-29T08:47:25.870+0000] {logging_mixin.py:137} INFO - [2024-02-29T08:47:25.870+0000] {dag.py:3441} INFO - Setting next_dagrun for dataset_produces_2 to None, run_after=None
[2024-02-29T08:47:25.883+0000] {processor.py:175} INFO - Processing /home/airflow/.local/lib/python3.7/site-packages/airflow/example_dags/example_datasets.py took 0.054 seconds
[2024-02-29T08:47:56.124+0000] {processor.py:153} INFO - Started process (PID=311) to work on /home/airflow/.local/lib/python3.7/site-packages/airflow/example_dags/example_datasets.py
[2024-02-29T08:47:56.124+0000] {processor.py:743} INFO - Processing file /home/airflow/.local/lib/python3.7/site-packages/airflow/example_dags/example_datasets.py for tasks to queue
[2024-02-29T08:47:56.125+0000] {logging_mixin.py:137} INFO - [2024-02-29T08:47:56.125+0000] {dagbag.py:538} INFO - Filling up the DagBag from /home/airflow/.local/lib/python3.7/site-packages/airflow/example_dags/example_datasets.py
[2024-02-29T08:47:56.132+0000] {processor.py:753} INFO - DAG(s) dict_keys(['dataset_consumes_unknown_never_scheduled', 'dataset_consumes_1_and_2', 'dataset_consumes_1', 'dataset_produces_1', 'dataset_produces_2', 'dataset_consumes_1_never_scheduled']) retrieved from /home/airflow/.local/lib/python3.7/site-packages/airflow/example_dags/example_datasets.py
[2024-02-29T08:47:56.149+0000] {logging_mixin.py:137} INFO - [2024-02-29T08:47:56.149+0000] {dag.py:2690} INFO - Sync 6 DAGs
[2024-02-29T08:47:56.161+0000] {logging_mixin.py:137} INFO - [2024-02-29T08:47:56.161+0000] {dag.py:3441} INFO - Setting next_dagrun for dataset_consumes_1 to None, run_after=None
[2024-02-29T08:47:56.164+0000] {logging_mixin.py:137} INFO - [2024-02-29T08:47:56.164+0000] {dag.py:3441} INFO - Setting next_dagrun for dataset_consumes_1_and_2 to None, run_after=None
[2024-02-29T08:47:56.164+0000] {logging_mixin.py:137} INFO - [2024-02-29T08:47:56.164+0000] {dag.py:3441} INFO - Setting next_dagrun for dataset_consumes_1_never_scheduled to None, run_after=None
[2024-02-29T08:47:56.165+0000] {logging_mixin.py:137} INFO - [2024-02-29T08:47:56.165+0000] {dag.py:3441} INFO - Setting next_dagrun for dataset_consumes_unknown_never_scheduled to None, run_after=None
[2024-02-29T08:47:56.166+0000] {logging_mixin.py:137} INFO - [2024-02-29T08:47:56.166+0000] {dag.py:3441} INFO - Setting next_dagrun for dataset_produces_1 to 2024-02-28T00:00:00+00:00, run_after=2024-02-29T00:00:00+00:00
[2024-02-29T08:47:56.167+0000] {logging_mixin.py:137} INFO - [2024-02-29T08:47:56.167+0000] {dag.py:3441} INFO - Setting next_dagrun for dataset_produces_2 to None, run_after=None
[2024-02-29T08:47:56.184+0000] {processor.py:175} INFO - Processing /home/airflow/.local/lib/python3.7/site-packages/airflow/example_dags/example_datasets.py took 0.062 seconds
[2024-02-29T08:48:26.682+0000] {processor.py:153} INFO - Started process (PID=404) to work on /home/airflow/.local/lib/python3.7/site-packages/airflow/example_dags/example_datasets.py
[2024-02-29T08:48:26.683+0000] {processor.py:743} INFO - Processing file /home/airflow/.local/lib/python3.7/site-packages/airflow/example_dags/example_datasets.py for tasks to queue
[2024-02-29T08:48:26.683+0000] {logging_mixin.py:137} INFO - [2024-02-29T08:48:26.683+0000] {dagbag.py:538} INFO - Filling up the DagBag from /home/airflow/.local/lib/python3.7/site-packages/airflow/example_dags/example_datasets.py
[2024-02-29T08:48:26.690+0000] {processor.py:753} INFO - DAG(s) dict_keys(['dataset_produces_1', 'dataset_produces_2', 'dataset_consumes_1_never_scheduled', 'dataset_consumes_1', 'dataset_consumes_unknown_never_scheduled', 'dataset_consumes_1_and_2']) retrieved from /home/airflow/.local/lib/python3.7/site-packages/airflow/example_dags/example_datasets.py
[2024-02-29T08:48:26.707+0000] {logging_mixin.py:137} INFO - [2024-02-29T08:48:26.707+0000] {dag.py:2690} INFO - Sync 6 DAGs
[2024-02-29T08:48:26.720+0000] {logging_mixin.py:137} INFO - [2024-02-29T08:48:26.720+0000] {dag.py:3441} INFO - Setting next_dagrun for dataset_consumes_1 to None, run_after=None
[2024-02-29T08:48:26.722+0000] {logging_mixin.py:137} INFO - [2024-02-29T08:48:26.722+0000] {dag.py:3441} INFO - Setting next_dagrun for dataset_consumes_1_and_2 to None, run_after=None
[2024-02-29T08:48:26.723+0000] {logging_mixin.py:137} INFO - [2024-02-29T08:48:26.723+0000] {dag.py:3441} INFO - Setting next_dagrun for dataset_consumes_1_never_scheduled to None, run_after=None
[2024-02-29T08:48:26.723+0000] {logging_mixin.py:137} INFO - [2024-02-29T08:48:26.723+0000] {dag.py:3441} INFO - Setting next_dagrun for dataset_consumes_unknown_never_scheduled to None, run_after=None
[2024-02-29T08:48:26.725+0000] {logging_mixin.py:137} INFO - [2024-02-29T08:48:26.724+0000] {dag.py:3441} INFO - Setting next_dagrun for dataset_produces_1 to 2024-02-28T00:00:00+00:00, run_after=2024-02-29T00:00:00+00:00
[2024-02-29T08:48:26.725+0000] {logging_mixin.py:137} INFO - [2024-02-29T08:48:26.725+0000] {dag.py:3441} INFO - Setting next_dagrun for dataset_produces_2 to None, run_after=None
[2024-02-29T08:48:26.738+0000] {processor.py:175} INFO - Processing /home/airflow/.local/lib/python3.7/site-packages/airflow/example_dags/example_datasets.py took 0.058 seconds
[2024-02-29T08:48:57.024+0000] {processor.py:153} INFO - Started process (PID=498) to work on /home/airflow/.local/lib/python3.7/site-packages/airflow/example_dags/example_datasets.py
[2024-02-29T08:48:57.025+0000] {processor.py:743} INFO - Processing file /home/airflow/.local/lib/python3.7/site-packages/airflow/example_dags/example_datasets.py for tasks to queue
[2024-02-29T08:48:57.025+0000] {logging_mixin.py:137} INFO - [2024-02-29T08:48:57.025+0000] {dagbag.py:538} INFO - Filling up the DagBag from /home/airflow/.local/lib/python3.7/site-packages/airflow/example_dags/example_datasets.py
[2024-02-29T08:48:57.032+0000] {processor.py:753} INFO - DAG(s) dict_keys(['dataset_consumes_unknown_never_scheduled', 'dataset_consumes_1_never_scheduled', 'dataset_consumes_1', 'dataset_produces_1', 'dataset_consumes_1_and_2', 'dataset_produces_2']) retrieved from /home/airflow/.local/lib/python3.7/site-packages/airflow/example_dags/example_datasets.py
[2024-02-29T08:48:57.049+0000] {logging_mixin.py:137} INFO - [2024-02-29T08:48:57.049+0000] {dag.py:2690} INFO - Sync 6 DAGs
[2024-02-29T08:48:57.060+0000] {logging_mixin.py:137} INFO - [2024-02-29T08:48:57.060+0000] {dag.py:3441} INFO - Setting next_dagrun for dataset_consumes_1 to None, run_after=None
[2024-02-29T08:48:57.062+0000] {logging_mixin.py:137} INFO - [2024-02-29T08:48:57.062+0000] {dag.py:3441} INFO - Setting next_dagrun for dataset_consumes_1_and_2 to None, run_after=None
[2024-02-29T08:48:57.062+0000] {logging_mixin.py:137} INFO - [2024-02-29T08:48:57.062+0000] {dag.py:3441} INFO - Setting next_dagrun for dataset_consumes_1_never_scheduled to None, run_after=None
[2024-02-29T08:48:57.063+0000] {logging_mixin.py:137} INFO - [2024-02-29T08:48:57.063+0000] {dag.py:3441} INFO - Setting next_dagrun for dataset_consumes_unknown_never_scheduled to None, run_after=None
[2024-02-29T08:48:57.064+0000] {logging_mixin.py:137} INFO - [2024-02-29T08:48:57.064+0000] {dag.py:3441} INFO - Setting next_dagrun for dataset_produces_1 to 2024-02-28T00:00:00+00:00, run_after=2024-02-29T00:00:00+00:00
[2024-02-29T08:48:57.065+0000] {logging_mixin.py:137} INFO - [2024-02-29T08:48:57.065+0000] {dag.py:3441} INFO - Setting next_dagrun for dataset_produces_2 to None, run_after=None
[2024-02-29T08:48:57.079+0000] {processor.py:175} INFO - Processing /home/airflow/.local/lib/python3.7/site-packages/airflow/example_dags/example_datasets.py took 0.057 seconds
[2024-02-29T08:49:27.466+0000] {processor.py:153} INFO - Started process (PID=592) to work on /home/airflow/.local/lib/python3.7/site-packages/airflow/example_dags/example_datasets.py
[2024-02-29T08:49:27.467+0000] {processor.py:743} INFO - Processing file /home/airflow/.local/lib/python3.7/site-packages/airflow/example_dags/example_datasets.py for tasks to queue
[2024-02-29T08:49:27.467+0000] {logging_mixin.py:137} INFO - [2024-02-29T08:49:27.467+0000] {dagbag.py:538} INFO - Filling up the DagBag from /home/airflow/.local/lib/python3.7/site-packages/airflow/example_dags/example_datasets.py
[2024-02-29T08:49:27.474+0000] {processor.py:753} INFO - DAG(s) dict_keys(['dataset_produces_1', 'dataset_consumes_unknown_never_scheduled', 'dataset_consumes_1', 'dataset_consumes_1_never_scheduled', 'dataset_produces_2', 'dataset_consumes_1_and_2']) retrieved from /home/airflow/.local/lib/python3.7/site-packages/airflow/example_dags/example_datasets.py
[2024-02-29T08:49:27.490+0000] {logging_mixin.py:137} INFO - [2024-02-29T08:49:27.490+0000] {dag.py:2690} INFO - Sync 6 DAGs
[2024-02-29T08:49:27.501+0000] {logging_mixin.py:137} INFO - [2024-02-29T08:49:27.501+0000] {dag.py:3441} INFO - Setting next_dagrun for dataset_consumes_1 to None, run_after=None
[2024-02-29T08:49:27.503+0000] {logging_mixin.py:137} INFO - [2024-02-29T08:49:27.503+0000] {dag.py:3441} INFO - Setting next_dagrun for dataset_consumes_1_and_2 to None, run_after=None
[2024-02-29T08:49:27.503+0000] {logging_mixin.py:137} INFO - [2024-02-29T08:49:27.503+0000] {dag.py:3441} INFO - Setting next_dagrun for dataset_consumes_1_never_scheduled to None, run_after=None
[2024-02-29T08:49:27.504+0000] {logging_mixin.py:137} INFO - [2024-02-29T08:49:27.504+0000] {dag.py:3441} INFO - Setting next_dagrun for dataset_consumes_unknown_never_scheduled to None, run_after=None
[2024-02-29T08:49:27.505+0000] {logging_mixin.py:137} INFO - [2024-02-29T08:49:27.505+0000] {dag.py:3441} INFO - Setting next_dagrun for dataset_produces_1 to 2024-02-28T00:00:00+00:00, run_after=2024-02-29T00:00:00+00:00
[2024-02-29T08:49:27.506+0000] {logging_mixin.py:137} INFO - [2024-02-29T08:49:27.506+0000] {dag.py:3441} INFO - Setting next_dagrun for dataset_produces_2 to None, run_after=None
[2024-02-29T08:49:27.520+0000] {processor.py:175} INFO - Processing /home/airflow/.local/lib/python3.7/site-packages/airflow/example_dags/example_datasets.py took 0.055 seconds
[2024-02-29T08:49:57.791+0000] {processor.py:153} INFO - Started process (PID=667) to work on /home/airflow/.local/lib/python3.7/site-packages/airflow/example_dags/example_datasets.py
[2024-02-29T08:49:57.791+0000] {processor.py:743} INFO - Processing file /home/airflow/.local/lib/python3.7/site-packages/airflow/example_dags/example_datasets.py for tasks to queue
[2024-02-29T08:49:57.791+0000] {logging_mixin.py:137} INFO - [2024-02-29T08:49:57.791+0000] {dagbag.py:538} INFO - Filling up the DagBag from /home/airflow/.local/lib/python3.7/site-packages/airflow/example_dags/example_datasets.py
[2024-02-29T08:49:57.798+0000] {processor.py:753} INFO - DAG(s) dict_keys(['dataset_consumes_unknown_never_scheduled', 'dataset_consumes_1', 'dataset_produces_1', 'dataset_produces_2', 'dataset_consumes_1_and_2', 'dataset_consumes_1_never_scheduled']) retrieved from /home/airflow/.local/lib/python3.7/site-packages/airflow/example_dags/example_datasets.py
[2024-02-29T08:49:57.815+0000] {logging_mixin.py:137} INFO - [2024-02-29T08:49:57.815+0000] {dag.py:2690} INFO - Sync 6 DAGs
[2024-02-29T08:49:57.827+0000] {logging_mixin.py:137} INFO - [2024-02-29T08:49:57.827+0000] {dag.py:3441} INFO - Setting next_dagrun for dataset_consumes_1 to None, run_after=None
[2024-02-29T08:49:57.828+0000] {logging_mixin.py:137} INFO - [2024-02-29T08:49:57.828+0000] {dag.py:3441} INFO - Setting next_dagrun for dataset_consumes_1_and_2 to None, run_after=None
[2024-02-29T08:49:57.829+0000] {logging_mixin.py:137} INFO - [2024-02-29T08:49:57.829+0000] {dag.py:3441} INFO - Setting next_dagrun for dataset_consumes_1_never_scheduled to None, run_after=None
[2024-02-29T08:49:57.829+0000] {logging_mixin.py:137} INFO - [2024-02-29T08:49:57.829+0000] {dag.py:3441} INFO - Setting next_dagrun for dataset_consumes_unknown_never_scheduled to None, run_after=None
[2024-02-29T08:49:57.830+0000] {logging_mixin.py:137} INFO - [2024-02-29T08:49:57.830+0000] {dag.py:3441} INFO - Setting next_dagrun for dataset_produces_1 to 2024-02-28T00:00:00+00:00, run_after=2024-02-29T00:00:00+00:00
[2024-02-29T08:49:57.831+0000] {logging_mixin.py:137} INFO - [2024-02-29T08:49:57.831+0000] {dag.py:3441} INFO - Setting next_dagrun for dataset_produces_2 to None, run_after=None
[2024-02-29T08:49:57.844+0000] {processor.py:175} INFO - Processing /home/airflow/.local/lib/python3.7/site-packages/airflow/example_dags/example_datasets.py took 0.055 seconds
[2024-02-29T08:50:28.142+0000] {processor.py:153} INFO - Started process (PID=761) to work on /home/airflow/.local/lib/python3.7/site-packages/airflow/example_dags/example_datasets.py
[2024-02-29T08:50:28.143+0000] {processor.py:743} INFO - Processing file /home/airflow/.local/lib/python3.7/site-packages/airflow/example_dags/example_datasets.py for tasks to queue
[2024-02-29T08:50:28.143+0000] {logging_mixin.py:137} INFO - [2024-02-29T08:50:28.143+0000] {dagbag.py:538} INFO - Filling up the DagBag from /home/airflow/.local/lib/python3.7/site-packages/airflow/example_dags/example_datasets.py
[2024-02-29T08:50:28.150+0000] {processor.py:753} INFO - DAG(s) dict_keys(['dataset_produces_1', 'dataset_consumes_1_never_scheduled', 'dataset_consumes_1_and_2', 'dataset_consumes_unknown_never_scheduled', 'dataset_produces_2', 'dataset_consumes_1']) retrieved from /home/airflow/.local/lib/python3.7/site-packages/airflow/example_dags/example_datasets.py
[2024-02-29T08:50:28.166+0000] {logging_mixin.py:137} INFO - [2024-02-29T08:50:28.166+0000] {dag.py:2690} INFO - Sync 6 DAGs
[2024-02-29T08:50:28.178+0000] {logging_mixin.py:137} INFO - [2024-02-29T08:50:28.178+0000] {dag.py:3441} INFO - Setting next_dagrun for dataset_consumes_1 to None, run_after=None
[2024-02-29T08:50:28.179+0000] {logging_mixin.py:137} INFO - [2024-02-29T08:50:28.179+0000] {dag.py:3441} INFO - Setting next_dagrun for dataset_consumes_1_and_2 to None, run_after=None
[2024-02-29T08:50:28.180+0000] {logging_mixin.py:137} INFO - [2024-02-29T08:50:28.180+0000] {dag.py:3441} INFO - Setting next_dagrun for dataset_consumes_1_never_scheduled to None, run_after=None
[2024-02-29T08:50:28.180+0000] {logging_mixin.py:137} INFO - [2024-02-29T08:50:28.180+0000] {dag.py:3441} INFO - Setting next_dagrun for dataset_consumes_unknown_never_scheduled to None, run_after=None
[2024-02-29T08:50:28.182+0000] {logging_mixin.py:137} INFO - [2024-02-29T08:50:28.182+0000] {dag.py:3441} INFO - Setting next_dagrun for dataset_produces_1 to 2024-02-28T00:00:00+00:00, run_after=2024-02-29T00:00:00+00:00
[2024-02-29T08:50:28.182+0000] {logging_mixin.py:137} INFO - [2024-02-29T08:50:28.182+0000] {dag.py:3441} INFO - Setting next_dagrun for dataset_produces_2 to None, run_after=None
[2024-02-29T08:50:28.197+0000] {processor.py:175} INFO - Processing /home/airflow/.local/lib/python3.7/site-packages/airflow/example_dags/example_datasets.py took 0.056 seconds
[2024-02-29T08:50:58.725+0000] {processor.py:153} INFO - Started process (PID=855) to work on /home/airflow/.local/lib/python3.7/site-packages/airflow/example_dags/example_datasets.py
[2024-02-29T08:50:58.725+0000] {processor.py:743} INFO - Processing file /home/airflow/.local/lib/python3.7/site-packages/airflow/example_dags/example_datasets.py for tasks to queue
[2024-02-29T08:50:58.725+0000] {logging_mixin.py:137} INFO - [2024-02-29T08:50:58.725+0000] {dagbag.py:538} INFO - Filling up the DagBag from /home/airflow/.local/lib/python3.7/site-packages/airflow/example_dags/example_datasets.py
[2024-02-29T08:50:58.732+0000] {processor.py:753} INFO - DAG(s) dict_keys(['dataset_consumes_1_and_2', 'dataset_produces_1', 'dataset_consumes_unknown_never_scheduled', 'dataset_consumes_1_never_scheduled', 'dataset_produces_2', 'dataset_consumes_1']) retrieved from /home/airflow/.local/lib/python3.7/site-packages/airflow/example_dags/example_datasets.py
[2024-02-29T08:50:58.749+0000] {logging_mixin.py:137} INFO - [2024-02-29T08:50:58.749+0000] {dag.py:2690} INFO - Sync 6 DAGs
[2024-02-29T08:50:58.761+0000] {logging_mixin.py:137} INFO - [2024-02-29T08:50:58.761+0000] {dag.py:3441} INFO - Setting next_dagrun for dataset_consumes_1 to None, run_after=None
[2024-02-29T08:50:58.762+0000] {logging_mixin.py:137} INFO - [2024-02-29T08:50:58.762+0000] {dag.py:3441} INFO - Setting next_dagrun for dataset_consumes_1_and_2 to None, run_after=None
[2024-02-29T08:50:58.763+0000] {logging_mixin.py:137} INFO - [2024-02-29T08:50:58.763+0000] {dag.py:3441} INFO - Setting next_dagrun for dataset_consumes_1_never_scheduled to None, run_after=None
[2024-02-29T08:50:58.763+0000] {logging_mixin.py:137} INFO - [2024-02-29T08:50:58.763+0000] {dag.py:3441} INFO - Setting next_dagrun for dataset_consumes_unknown_never_scheduled to None, run_after=None
[2024-02-29T08:50:58.764+0000] {logging_mixin.py:137} INFO - [2024-02-29T08:50:58.764+0000] {dag.py:3441} INFO - Setting next_dagrun for dataset_produces_1 to 2024-02-28T00:00:00+00:00, run_after=2024-02-29T00:00:00+00:00
[2024-02-29T08:50:58.765+0000] {logging_mixin.py:137} INFO - [2024-02-29T08:50:58.765+0000] {dag.py:3441} INFO - Setting next_dagrun for dataset_produces_2 to None, run_after=None
[2024-02-29T08:50:58.779+0000] {processor.py:175} INFO - Processing /home/airflow/.local/lib/python3.7/site-packages/airflow/example_dags/example_datasets.py took 0.056 seconds
[2024-02-29T08:51:29.086+0000] {processor.py:153} INFO - Started process (PID=948) to work on /home/airflow/.local/lib/python3.7/site-packages/airflow/example_dags/example_datasets.py
[2024-02-29T08:51:29.087+0000] {processor.py:743} INFO - Processing file /home/airflow/.local/lib/python3.7/site-packages/airflow/example_dags/example_datasets.py for tasks to queue
[2024-02-29T08:51:29.087+0000] {logging_mixin.py:137} INFO - [2024-02-29T08:51:29.087+0000] {dagbag.py:538} INFO - Filling up the DagBag from /home/airflow/.local/lib/python3.7/site-packages/airflow/example_dags/example_datasets.py
[2024-02-29T08:51:29.094+0000] {processor.py:753} INFO - DAG(s) dict_keys(['dataset_consumes_1_never_scheduled', 'dataset_consumes_unknown_never_scheduled', 'dataset_consumes_1', 'dataset_produces_1', 'dataset_consumes_1_and_2', 'dataset_produces_2']) retrieved from /home/airflow/.local/lib/python3.7/site-packages/airflow/example_dags/example_datasets.py
[2024-02-29T08:51:29.111+0000] {logging_mixin.py:137} INFO - [2024-02-29T08:51:29.111+0000] {dag.py:2690} INFO - Sync 6 DAGs
[2024-02-29T08:51:29.122+0000] {logging_mixin.py:137} INFO - [2024-02-29T08:51:29.122+0000] {dag.py:3441} INFO - Setting next_dagrun for dataset_consumes_1 to None, run_after=None
[2024-02-29T08:51:29.124+0000] {logging_mixin.py:137} INFO - [2024-02-29T08:51:29.124+0000] {dag.py:3441} INFO - Setting next_dagrun for dataset_consumes_1_and_2 to None, run_after=None
[2024-02-29T08:51:29.124+0000] {logging_mixin.py:137} INFO - [2024-02-29T08:51:29.124+0000] {dag.py:3441} INFO - Setting next_dagrun for dataset_consumes_1_never_scheduled to None, run_after=None
[2024-02-29T08:51:29.125+0000] {logging_mixin.py:137} INFO - [2024-02-29T08:51:29.125+0000] {dag.py:3441} INFO - Setting next_dagrun for dataset_consumes_unknown_never_scheduled to None, run_after=None
[2024-02-29T08:51:29.126+0000] {logging_mixin.py:137} INFO - [2024-02-29T08:51:29.126+0000] {dag.py:3441} INFO - Setting next_dagrun for dataset_produces_1 to 2024-02-28T00:00:00+00:00, run_after=2024-02-29T00:00:00+00:00
[2024-02-29T08:51:29.127+0000] {logging_mixin.py:137} INFO - [2024-02-29T08:51:29.127+0000] {dag.py:3441} INFO - Setting next_dagrun for dataset_produces_2 to None, run_after=None
[2024-02-29T08:51:29.141+0000] {processor.py:175} INFO - Processing /home/airflow/.local/lib/python3.7/site-packages/airflow/example_dags/example_datasets.py took 0.056 seconds
[2024-02-29T08:51:59.457+0000] {processor.py:153} INFO - Started process (PID=1024) to work on /home/airflow/.local/lib/python3.7/site-packages/airflow/example_dags/example_datasets.py
[2024-02-29T08:51:59.457+0000] {processor.py:743} INFO - Processing file /home/airflow/.local/lib/python3.7/site-packages/airflow/example_dags/example_datasets.py for tasks to queue
[2024-02-29T08:51:59.457+0000] {logging_mixin.py:137} INFO - [2024-02-29T08:51:59.457+0000] {dagbag.py:538} INFO - Filling up the DagBag from /home/airflow/.local/lib/python3.7/site-packages/airflow/example_dags/example_datasets.py
[2024-02-29T08:51:59.464+0000] {processor.py:753} INFO - DAG(s) dict_keys(['dataset_consumes_1', 'dataset_consumes_1_never_scheduled', 'dataset_consumes_unknown_never_scheduled', 'dataset_produces_2', 'dataset_consumes_1_and_2', 'dataset_produces_1']) retrieved from /home/airflow/.local/lib/python3.7/site-packages/airflow/example_dags/example_datasets.py
[2024-02-29T08:51:59.481+0000] {logging_mixin.py:137} INFO - [2024-02-29T08:51:59.481+0000] {dag.py:2690} INFO - Sync 6 DAGs
[2024-02-29T08:51:59.493+0000] {logging_mixin.py:137} INFO - [2024-02-29T08:51:59.493+0000] {dag.py:3441} INFO - Setting next_dagrun for dataset_consumes_1 to None, run_after=None
[2024-02-29T08:51:59.495+0000] {logging_mixin.py:137} INFO - [2024-02-29T08:51:59.495+0000] {dag.py:3441} INFO - Setting next_dagrun for dataset_consumes_1_and_2 to None, run_after=None
[2024-02-29T08:51:59.496+0000] {logging_mixin.py:137} INFO - [2024-02-29T08:51:59.496+0000] {dag.py:3441} INFO - Setting next_dagrun for dataset_consumes_1_never_scheduled to None, run_after=None
[2024-02-29T08:51:59.497+0000] {logging_mixin.py:137} INFO - [2024-02-29T08:51:59.497+0000] {dag.py:3441} INFO - Setting next_dagrun for dataset_consumes_unknown_never_scheduled to None, run_after=None
[2024-02-29T08:51:59.498+0000] {logging_mixin.py:137} INFO - [2024-02-29T08:51:59.498+0000] {dag.py:3441} INFO - Setting next_dagrun for dataset_produces_1 to 2024-02-28T00:00:00+00:00, run_after=2024-02-29T00:00:00+00:00
[2024-02-29T08:51:59.499+0000] {logging_mixin.py:137} INFO - [2024-02-29T08:51:59.499+0000] {dag.py:3441} INFO - Setting next_dagrun for dataset_produces_2 to None, run_after=None
[2024-02-29T08:51:59.513+0000] {processor.py:175} INFO - Processing /home/airflow/.local/lib/python3.7/site-packages/airflow/example_dags/example_datasets.py took 0.058 seconds
[2024-02-29T08:52:29.800+0000] {processor.py:153} INFO - Started process (PID=1117) to work on /home/airflow/.local/lib/python3.7/site-packages/airflow/example_dags/example_datasets.py
[2024-02-29T08:52:29.801+0000] {processor.py:743} INFO - Processing file /home/airflow/.local/lib/python3.7/site-packages/airflow/example_dags/example_datasets.py for tasks to queue
[2024-02-29T08:52:29.801+0000] {logging_mixin.py:137} INFO - [2024-02-29T08:52:29.801+0000] {dagbag.py:538} INFO - Filling up the DagBag from /home/airflow/.local/lib/python3.7/site-packages/airflow/example_dags/example_datasets.py
[2024-02-29T08:52:29.808+0000] {processor.py:753} INFO - DAG(s) dict_keys(['dataset_consumes_1_never_scheduled', 'dataset_consumes_1', 'dataset_produces_2', 'dataset_consumes_unknown_never_scheduled', 'dataset_consumes_1_and_2', 'dataset_produces_1']) retrieved from /home/airflow/.local/lib/python3.7/site-packages/airflow/example_dags/example_datasets.py
[2024-02-29T08:52:29.825+0000] {logging_mixin.py:137} INFO - [2024-02-29T08:52:29.825+0000] {dag.py:2690} INFO - Sync 6 DAGs
[2024-02-29T08:52:29.836+0000] {logging_mixin.py:137} INFO - [2024-02-29T08:52:29.836+0000] {dag.py:3441} INFO - Setting next_dagrun for dataset_consumes_1 to None, run_after=None
[2024-02-29T08:52:29.838+0000] {logging_mixin.py:137} INFO - [2024-02-29T08:52:29.838+0000] {dag.py:3441} INFO - Setting next_dagrun for dataset_consumes_1_and_2 to None, run_after=None
[2024-02-29T08:52:29.839+0000] {logging_mixin.py:137} INFO - [2024-02-29T08:52:29.839+0000] {dag.py:3441} INFO - Setting next_dagrun for dataset_consumes_1_never_scheduled to None, run_after=None
[2024-02-29T08:52:29.839+0000] {logging_mixin.py:137} INFO - [2024-02-29T08:52:29.839+0000] {dag.py:3441} INFO - Setting next_dagrun for dataset_consumes_unknown_never_scheduled to None, run_after=None
[2024-02-29T08:52:29.841+0000] {logging_mixin.py:137} INFO - [2024-02-29T08:52:29.841+0000] {dag.py:3441} INFO - Setting next_dagrun for dataset_produces_1 to 2024-02-28T00:00:00+00:00, run_after=2024-02-29T00:00:00+00:00
[2024-02-29T08:52:29.841+0000] {logging_mixin.py:137} INFO - [2024-02-29T08:52:29.841+0000] {dag.py:3441} INFO - Setting next_dagrun for dataset_produces_2 to None, run_after=None
[2024-02-29T08:52:29.854+0000] {processor.py:175} INFO - Processing /home/airflow/.local/lib/python3.7/site-packages/airflow/example_dags/example_datasets.py took 0.055 seconds
[2024-02-29T08:53:00.140+0000] {processor.py:153} INFO - Started process (PID=1210) to work on /home/airflow/.local/lib/python3.7/site-packages/airflow/example_dags/example_datasets.py
[2024-02-29T08:53:00.140+0000] {processor.py:743} INFO - Processing file /home/airflow/.local/lib/python3.7/site-packages/airflow/example_dags/example_datasets.py for tasks to queue
[2024-02-29T08:53:00.141+0000] {logging_mixin.py:137} INFO - [2024-02-29T08:53:00.141+0000] {dagbag.py:538} INFO - Filling up the DagBag from /home/airflow/.local/lib/python3.7/site-packages/airflow/example_dags/example_datasets.py
[2024-02-29T08:53:00.148+0000] {processor.py:753} INFO - DAG(s) dict_keys(['dataset_consumes_unknown_never_scheduled', 'dataset_produces_2', 'dataset_consumes_1_and_2', 'dataset_produces_1', 'dataset_consumes_1', 'dataset_consumes_1_never_scheduled']) retrieved from /home/airflow/.local/lib/python3.7/site-packages/airflow/example_dags/example_datasets.py
[2024-02-29T08:53:00.164+0000] {logging_mixin.py:137} INFO - [2024-02-29T08:53:00.164+0000] {dag.py:2690} INFO - Sync 6 DAGs
[2024-02-29T08:53:00.175+0000] {logging_mixin.py:137} INFO - [2024-02-29T08:53:00.175+0000] {dag.py:3441} INFO - Setting next_dagrun for dataset_consumes_1 to None, run_after=None
[2024-02-29T08:53:00.177+0000] {logging_mixin.py:137} INFO - [2024-02-29T08:53:00.177+0000] {dag.py:3441} INFO - Setting next_dagrun for dataset_consumes_1_and_2 to None, run_after=None
[2024-02-29T08:53:00.177+0000] {logging_mixin.py:137} INFO - [2024-02-29T08:53:00.177+0000] {dag.py:3441} INFO - Setting next_dagrun for dataset_consumes_1_never_scheduled to None, run_after=None
[2024-02-29T08:53:00.178+0000] {logging_mixin.py:137} INFO - [2024-02-29T08:53:00.178+0000] {dag.py:3441} INFO - Setting next_dagrun for dataset_consumes_unknown_never_scheduled to None, run_after=None
[2024-02-29T08:53:00.179+0000] {logging_mixin.py:137} INFO - [2024-02-29T08:53:00.179+0000] {dag.py:3441} INFO - Setting next_dagrun for dataset_produces_1 to 2024-02-28T00:00:00+00:00, run_after=2024-02-29T00:00:00+00:00
[2024-02-29T08:53:00.180+0000] {logging_mixin.py:137} INFO - [2024-02-29T08:53:00.180+0000] {dag.py:3441} INFO - Setting next_dagrun for dataset_produces_2 to None, run_after=None
[2024-02-29T08:53:00.194+0000] {processor.py:175} INFO - Processing /home/airflow/.local/lib/python3.7/site-packages/airflow/example_dags/example_datasets.py took 0.056 seconds
[2024-02-29T08:53:30.529+0000] {processor.py:153} INFO - Started process (PID=1304) to work on /home/airflow/.local/lib/python3.7/site-packages/airflow/example_dags/example_datasets.py
[2024-02-29T08:53:30.530+0000] {processor.py:743} INFO - Processing file /home/airflow/.local/lib/python3.7/site-packages/airflow/example_dags/example_datasets.py for tasks to queue
[2024-02-29T08:53:30.530+0000] {logging_mixin.py:137} INFO - [2024-02-29T08:53:30.530+0000] {dagbag.py:538} INFO - Filling up the DagBag from /home/airflow/.local/lib/python3.7/site-packages/airflow/example_dags/example_datasets.py
[2024-02-29T08:53:30.537+0000] {processor.py:753} INFO - DAG(s) dict_keys(['dataset_consumes_unknown_never_scheduled', 'dataset_produces_2', 'dataset_consumes_1_and_2', 'dataset_produces_1', 'dataset_consumes_1', 'dataset_consumes_1_never_scheduled']) retrieved from /home/airflow/.local/lib/python3.7/site-packages/airflow/example_dags/example_datasets.py
[2024-02-29T08:53:30.554+0000] {logging_mixin.py:137} INFO - [2024-02-29T08:53:30.554+0000] {dag.py:2690} INFO - Sync 6 DAGs
[2024-02-29T08:53:30.566+0000] {logging_mixin.py:137} INFO - [2024-02-29T08:53:30.566+0000] {dag.py:3441} INFO - Setting next_dagrun for dataset_consumes_1 to None, run_after=None
[2024-02-29T08:53:30.567+0000] {logging_mixin.py:137} INFO - [2024-02-29T08:53:30.567+0000] {dag.py:3441} INFO - Setting next_dagrun for dataset_consumes_1_and_2 to None, run_after=None
[2024-02-29T08:53:30.568+0000] {logging_mixin.py:137} INFO - [2024-02-29T08:53:30.568+0000] {dag.py:3441} INFO - Setting next_dagrun for dataset_consumes_1_never_scheduled to None, run_after=None
[2024-02-29T08:53:30.568+0000] {logging_mixin.py:137} INFO - [2024-02-29T08:53:30.568+0000] {dag.py:3441} INFO - Setting next_dagrun for dataset_consumes_unknown_never_scheduled to None, run_after=None
[2024-02-29T08:53:30.570+0000] {logging_mixin.py:137} INFO - [2024-02-29T08:53:30.570+0000] {dag.py:3441} INFO - Setting next_dagrun for dataset_produces_1 to 2024-02-28T00:00:00+00:00, run_after=2024-02-29T00:00:00+00:00
[2024-02-29T08:53:30.570+0000] {logging_mixin.py:137} INFO - [2024-02-29T08:53:30.570+0000] {dag.py:3441} INFO - Setting next_dagrun for dataset_produces_2 to None, run_after=None
[2024-02-29T08:53:30.584+0000] {processor.py:175} INFO - Processing /home/airflow/.local/lib/python3.7/site-packages/airflow/example_dags/example_datasets.py took 0.057 seconds
[2024-02-29T08:54:00.939+0000] {processor.py:153} INFO - Started process (PID=1380) to work on /home/airflow/.local/lib/python3.7/site-packages/airflow/example_dags/example_datasets.py
[2024-02-29T08:54:00.939+0000] {processor.py:743} INFO - Processing file /home/airflow/.local/lib/python3.7/site-packages/airflow/example_dags/example_datasets.py for tasks to queue
[2024-02-29T08:54:00.940+0000] {logging_mixin.py:137} INFO - [2024-02-29T08:54:00.940+0000] {dagbag.py:538} INFO - Filling up the DagBag from /home/airflow/.local/lib/python3.7/site-packages/airflow/example_dags/example_datasets.py
[2024-02-29T08:54:00.947+0000] {processor.py:753} INFO - DAG(s) dict_keys(['dataset_produces_2', 'dataset_consumes_1_never_scheduled', 'dataset_produces_1', 'dataset_consumes_1_and_2', 'dataset_consumes_unknown_never_scheduled', 'dataset_consumes_1']) retrieved from /home/airflow/.local/lib/python3.7/site-packages/airflow/example_dags/example_datasets.py
[2024-02-29T08:54:00.963+0000] {logging_mixin.py:137} INFO - [2024-02-29T08:54:00.963+0000] {dag.py:2690} INFO - Sync 6 DAGs
[2024-02-29T08:54:00.975+0000] {logging_mixin.py:137} INFO - [2024-02-29T08:54:00.975+0000] {dag.py:3441} INFO - Setting next_dagrun for dataset_consumes_1 to None, run_after=None
[2024-02-29T08:54:00.976+0000] {logging_mixin.py:137} INFO - [2024-02-29T08:54:00.976+0000] {dag.py:3441} INFO - Setting next_dagrun for dataset_consumes_1_and_2 to None, run_after=None
[2024-02-29T08:54:00.977+0000] {logging_mixin.py:137} INFO - [2024-02-29T08:54:00.977+0000] {dag.py:3441} INFO - Setting next_dagrun for dataset_consumes_1_never_scheduled to None, run_after=None
[2024-02-29T08:54:00.977+0000] {logging_mixin.py:137} INFO - [2024-02-29T08:54:00.977+0000] {dag.py:3441} INFO - Setting next_dagrun for dataset_consumes_unknown_never_scheduled to None, run_after=None
[2024-02-29T08:54:00.979+0000] {logging_mixin.py:137} INFO - [2024-02-29T08:54:00.979+0000] {dag.py:3441} INFO - Setting next_dagrun for dataset_produces_1 to 2024-02-28T00:00:00+00:00, run_after=2024-02-29T00:00:00+00:00
[2024-02-29T08:54:00.979+0000] {logging_mixin.py:137} INFO - [2024-02-29T08:54:00.979+0000] {dag.py:3441} INFO - Setting next_dagrun for dataset_produces_2 to None, run_after=None
[2024-02-29T08:54:00.992+0000] {processor.py:175} INFO - Processing /home/airflow/.local/lib/python3.7/site-packages/airflow/example_dags/example_datasets.py took 0.055 seconds
[2024-02-29T08:54:31.348+0000] {processor.py:153} INFO - Started process (PID=1474) to work on /home/airflow/.local/lib/python3.7/site-packages/airflow/example_dags/example_datasets.py
[2024-02-29T08:54:31.349+0000] {processor.py:743} INFO - Processing file /home/airflow/.local/lib/python3.7/site-packages/airflow/example_dags/example_datasets.py for tasks to queue
[2024-02-29T08:54:31.349+0000] {logging_mixin.py:137} INFO - [2024-02-29T08:54:31.349+0000] {dagbag.py:538} INFO - Filling up the DagBag from /home/airflow/.local/lib/python3.7/site-packages/airflow/example_dags/example_datasets.py
[2024-02-29T08:54:31.356+0000] {processor.py:753} INFO - DAG(s) dict_keys(['dataset_consumes_1', 'dataset_produces_2', 'dataset_produces_1', 'dataset_consumes_1_never_scheduled', 'dataset_consumes_unknown_never_scheduled', 'dataset_consumes_1_and_2']) retrieved from /home/airflow/.local/lib/python3.7/site-packages/airflow/example_dags/example_datasets.py
[2024-02-29T08:54:31.372+0000] {logging_mixin.py:137} INFO - [2024-02-29T08:54:31.372+0000] {dag.py:2690} INFO - Sync 6 DAGs
[2024-02-29T08:54:31.384+0000] {logging_mixin.py:137} INFO - [2024-02-29T08:54:31.384+0000] {dag.py:3441} INFO - Setting next_dagrun for dataset_consumes_1 to None, run_after=None
[2024-02-29T08:54:31.385+0000] {logging_mixin.py:137} INFO - [2024-02-29T08:54:31.385+0000] {dag.py:3441} INFO - Setting next_dagrun for dataset_consumes_1_and_2 to None, run_after=None
[2024-02-29T08:54:31.386+0000] {logging_mixin.py:137} INFO - [2024-02-29T08:54:31.386+0000] {dag.py:3441} INFO - Setting next_dagrun for dataset_consumes_1_never_scheduled to None, run_after=None
[2024-02-29T08:54:31.387+0000] {logging_mixin.py:137} INFO - [2024-02-29T08:54:31.387+0000] {dag.py:3441} INFO - Setting next_dagrun for dataset_consumes_unknown_never_scheduled to None, run_after=None
[2024-02-29T08:54:31.388+0000] {logging_mixin.py:137} INFO - [2024-02-29T08:54:31.388+0000] {dag.py:3441} INFO - Setting next_dagrun for dataset_produces_1 to 2024-02-28T00:00:00+00:00, run_after=2024-02-29T00:00:00+00:00
[2024-02-29T08:54:31.388+0000] {logging_mixin.py:137} INFO - [2024-02-29T08:54:31.388+0000] {dag.py:3441} INFO - Setting next_dagrun for dataset_produces_2 to None, run_after=None
[2024-02-29T08:54:31.403+0000] {processor.py:175} INFO - Processing /home/airflow/.local/lib/python3.7/site-packages/airflow/example_dags/example_datasets.py took 0.056 seconds
[2024-02-29T08:55:01.783+0000] {processor.py:153} INFO - Started process (PID=1568) to work on /home/airflow/.local/lib/python3.7/site-packages/airflow/example_dags/example_datasets.py
[2024-02-29T08:55:01.784+0000] {processor.py:743} INFO - Processing file /home/airflow/.local/lib/python3.7/site-packages/airflow/example_dags/example_datasets.py for tasks to queue
[2024-02-29T08:55:01.784+0000] {logging_mixin.py:137} INFO - [2024-02-29T08:55:01.784+0000] {dagbag.py:538} INFO - Filling up the DagBag from /home/airflow/.local/lib/python3.7/site-packages/airflow/example_dags/example_datasets.py
[2024-02-29T08:55:01.791+0000] {processor.py:753} INFO - DAG(s) dict_keys(['dataset_consumes_1_and_2', 'dataset_produces_1', 'dataset_consumes_1_never_scheduled', 'dataset_consumes_unknown_never_scheduled', 'dataset_produces_2', 'dataset_consumes_1']) retrieved from /home/airflow/.local/lib/python3.7/site-packages/airflow/example_dags/example_datasets.py
[2024-02-29T08:55:01.808+0000] {logging_mixin.py:137} INFO - [2024-02-29T08:55:01.808+0000] {dag.py:2690} INFO - Sync 6 DAGs
[2024-02-29T08:55:01.821+0000] {logging_mixin.py:137} INFO - [2024-02-29T08:55:01.821+0000] {dag.py:3441} INFO - Setting next_dagrun for dataset_consumes_1 to None, run_after=None
[2024-02-29T08:55:01.823+0000] {logging_mixin.py:137} INFO - [2024-02-29T08:55:01.823+0000] {dag.py:3441} INFO - Setting next_dagrun for dataset_consumes_1_and_2 to None, run_after=None
[2024-02-29T08:55:01.823+0000] {logging_mixin.py:137} INFO - [2024-02-29T08:55:01.823+0000] {dag.py:3441} INFO - Setting next_dagrun for dataset_consumes_1_never_scheduled to None, run_after=None
[2024-02-29T08:55:01.824+0000] {logging_mixin.py:137} INFO - [2024-02-29T08:55:01.824+0000] {dag.py:3441} INFO - Setting next_dagrun for dataset_consumes_unknown_never_scheduled to None, run_after=None
[2024-02-29T08:55:01.825+0000] {logging_mixin.py:137} INFO - [2024-02-29T08:55:01.825+0000] {dag.py:3441} INFO - Setting next_dagrun for dataset_produces_1 to 2024-02-28T00:00:00+00:00, run_after=2024-02-29T00:00:00+00:00
[2024-02-29T08:55:01.826+0000] {logging_mixin.py:137} INFO - [2024-02-29T08:55:01.826+0000] {dag.py:3441} INFO - Setting next_dagrun for dataset_produces_2 to None, run_after=None
[2024-02-29T08:55:01.840+0000] {processor.py:175} INFO - Processing /home/airflow/.local/lib/python3.7/site-packages/airflow/example_dags/example_datasets.py took 0.058 seconds
[2024-02-29T08:55:32.244+0000] {processor.py:153} INFO - Started process (PID=1661) to work on /home/airflow/.local/lib/python3.7/site-packages/airflow/example_dags/example_datasets.py
[2024-02-29T08:55:32.245+0000] {processor.py:743} INFO - Processing file /home/airflow/.local/lib/python3.7/site-packages/airflow/example_dags/example_datasets.py for tasks to queue
[2024-02-29T08:55:32.245+0000] {logging_mixin.py:137} INFO - [2024-02-29T08:55:32.245+0000] {dagbag.py:538} INFO - Filling up the DagBag from /home/airflow/.local/lib/python3.7/site-packages/airflow/example_dags/example_datasets.py
[2024-02-29T08:55:32.252+0000] {processor.py:753} INFO - DAG(s) dict_keys(['dataset_consumes_1_never_scheduled', 'dataset_consumes_unknown_never_scheduled', 'dataset_produces_2', 'dataset_consumes_1', 'dataset_produces_1', 'dataset_consumes_1_and_2']) retrieved from /home/airflow/.local/lib/python3.7/site-packages/airflow/example_dags/example_datasets.py
[2024-02-29T08:55:32.269+0000] {logging_mixin.py:137} INFO - [2024-02-29T08:55:32.269+0000] {dag.py:2690} INFO - Sync 6 DAGs
[2024-02-29T08:55:32.281+0000] {logging_mixin.py:137} INFO - [2024-02-29T08:55:32.281+0000] {dag.py:3441} INFO - Setting next_dagrun for dataset_consumes_1 to None, run_after=None
[2024-02-29T08:55:32.282+0000] {logging_mixin.py:137} INFO - [2024-02-29T08:55:32.282+0000] {dag.py:3441} INFO - Setting next_dagrun for dataset_consumes_1_and_2 to None, run_after=None
[2024-02-29T08:55:32.283+0000] {logging_mixin.py:137} INFO - [2024-02-29T08:55:32.283+0000] {dag.py:3441} INFO - Setting next_dagrun for dataset_consumes_1_never_scheduled to None, run_after=None
[2024-02-29T08:55:32.283+0000] {logging_mixin.py:137} INFO - [2024-02-29T08:55:32.283+0000] {dag.py:3441} INFO - Setting next_dagrun for dataset_consumes_unknown_never_scheduled to None, run_after=None
[2024-02-29T08:55:32.284+0000] {logging_mixin.py:137} INFO - [2024-02-29T08:55:32.284+0000] {dag.py:3441} INFO - Setting next_dagrun for dataset_produces_1 to 2024-02-28T00:00:00+00:00, run_after=2024-02-29T00:00:00+00:00
[2024-02-29T08:55:32.285+0000] {logging_mixin.py:137} INFO - [2024-02-29T08:55:32.285+0000] {dag.py:3441} INFO - Setting next_dagrun for dataset_produces_2 to None, run_after=None
[2024-02-29T08:55:32.298+0000] {processor.py:175} INFO - Processing /home/airflow/.local/lib/python3.7/site-packages/airflow/example_dags/example_datasets.py took 0.055 seconds
[2024-02-29T08:56:02.550+0000] {processor.py:153} INFO - Started process (PID=1737) to work on /home/airflow/.local/lib/python3.7/site-packages/airflow/example_dags/example_datasets.py
[2024-02-29T08:56:02.550+0000] {processor.py:743} INFO - Processing file /home/airflow/.local/lib/python3.7/site-packages/airflow/example_dags/example_datasets.py for tasks to queue
[2024-02-29T08:56:02.550+0000] {logging_mixin.py:137} INFO - [2024-02-29T08:56:02.550+0000] {dagbag.py:538} INFO - Filling up the DagBag from /home/airflow/.local/lib/python3.7/site-packages/airflow/example_dags/example_datasets.py
[2024-02-29T08:56:02.557+0000] {processor.py:753} INFO - DAG(s) dict_keys(['dataset_produces_1', 'dataset_produces_2', 'dataset_consumes_1', 'dataset_consumes_1_and_2', 'dataset_consumes_1_never_scheduled', 'dataset_consumes_unknown_never_scheduled']) retrieved from /home/airflow/.local/lib/python3.7/site-packages/airflow/example_dags/example_datasets.py
[2024-02-29T08:56:02.575+0000] {logging_mixin.py:137} INFO - [2024-02-29T08:56:02.575+0000] {dag.py:2690} INFO - Sync 6 DAGs
[2024-02-29T08:56:02.586+0000] {logging_mixin.py:137} INFO - [2024-02-29T08:56:02.586+0000] {dag.py:3441} INFO - Setting next_dagrun for dataset_consumes_1 to None, run_after=None
[2024-02-29T08:56:02.587+0000] {logging_mixin.py:137} INFO - [2024-02-29T08:56:02.587+0000] {dag.py:3441} INFO - Setting next_dagrun for dataset_consumes_1_and_2 to None, run_after=None
[2024-02-29T08:56:02.588+0000] {logging_mixin.py:137} INFO - [2024-02-29T08:56:02.588+0000] {dag.py:3441} INFO - Setting next_dagrun for dataset_consumes_1_never_scheduled to None, run_after=None
[2024-02-29T08:56:02.589+0000] {logging_mixin.py:137} INFO - [2024-02-29T08:56:02.589+0000] {dag.py:3441} INFO - Setting next_dagrun for dataset_consumes_unknown_never_scheduled to None, run_after=None
[2024-02-29T08:56:02.590+0000] {logging_mixin.py:137} INFO - [2024-02-29T08:56:02.590+0000] {dag.py:3441} INFO - Setting next_dagrun for dataset_produces_1 to 2024-02-28T00:00:00+00:00, run_after=2024-02-29T00:00:00+00:00
[2024-02-29T08:56:02.590+0000] {logging_mixin.py:137} INFO - [2024-02-29T08:56:02.590+0000] {dag.py:3441} INFO - Setting next_dagrun for dataset_produces_2 to None, run_after=None
[2024-02-29T08:56:02.604+0000] {processor.py:175} INFO - Processing /home/airflow/.local/lib/python3.7/site-packages/airflow/example_dags/example_datasets.py took 0.056 seconds
[2024-02-29T08:56:32.995+0000] {processor.py:153} INFO - Started process (PID=1831) to work on /home/airflow/.local/lib/python3.7/site-packages/airflow/example_dags/example_datasets.py
[2024-02-29T08:56:32.995+0000] {processor.py:743} INFO - Processing file /home/airflow/.local/lib/python3.7/site-packages/airflow/example_dags/example_datasets.py for tasks to queue
[2024-02-29T08:56:32.996+0000] {logging_mixin.py:137} INFO - [2024-02-29T08:56:32.996+0000] {dagbag.py:538} INFO - Filling up the DagBag from /home/airflow/.local/lib/python3.7/site-packages/airflow/example_dags/example_datasets.py
[2024-02-29T08:56:33.003+0000] {processor.py:753} INFO - DAG(s) dict_keys(['dataset_consumes_unknown_never_scheduled', 'dataset_produces_2', 'dataset_produces_1', 'dataset_consumes_1', 'dataset_consumes_1_never_scheduled', 'dataset_consumes_1_and_2']) retrieved from /home/airflow/.local/lib/python3.7/site-packages/airflow/example_dags/example_datasets.py
[2024-02-29T08:56:33.021+0000] {logging_mixin.py:137} INFO - [2024-02-29T08:56:33.020+0000] {dag.py:2690} INFO - Sync 6 DAGs
[2024-02-29T08:56:33.032+0000] {logging_mixin.py:137} INFO - [2024-02-29T08:56:33.032+0000] {dag.py:3441} INFO - Setting next_dagrun for dataset_consumes_1 to None, run_after=None
[2024-02-29T08:56:33.034+0000] {logging_mixin.py:137} INFO - [2024-02-29T08:56:33.034+0000] {dag.py:3441} INFO - Setting next_dagrun for dataset_consumes_1_and_2 to None, run_after=None
[2024-02-29T08:56:33.034+0000] {logging_mixin.py:137} INFO - [2024-02-29T08:56:33.034+0000] {dag.py:3441} INFO - Setting next_dagrun for dataset_consumes_1_never_scheduled to None, run_after=None
[2024-02-29T08:56:33.035+0000] {logging_mixin.py:137} INFO - [2024-02-29T08:56:33.035+0000] {dag.py:3441} INFO - Setting next_dagrun for dataset_consumes_unknown_never_scheduled to None, run_after=None
[2024-02-29T08:56:33.036+0000] {logging_mixin.py:137} INFO - [2024-02-29T08:56:33.036+0000] {dag.py:3441} INFO - Setting next_dagrun for dataset_produces_1 to 2024-02-28T00:00:00+00:00, run_after=2024-02-29T00:00:00+00:00
[2024-02-29T08:56:33.037+0000] {logging_mixin.py:137} INFO - [2024-02-29T08:56:33.036+0000] {dag.py:3441} INFO - Setting next_dagrun for dataset_produces_2 to None, run_after=None
[2024-02-29T08:56:33.050+0000] {processor.py:175} INFO - Processing /home/airflow/.local/lib/python3.7/site-packages/airflow/example_dags/example_datasets.py took 0.057 seconds
[2024-02-29T08:57:03.424+0000] {processor.py:153} INFO - Started process (PID=1925) to work on /home/airflow/.local/lib/python3.7/site-packages/airflow/example_dags/example_datasets.py
[2024-02-29T08:57:03.425+0000] {processor.py:743} INFO - Processing file /home/airflow/.local/lib/python3.7/site-packages/airflow/example_dags/example_datasets.py for tasks to queue
[2024-02-29T08:57:03.425+0000] {logging_mixin.py:137} INFO - [2024-02-29T08:57:03.425+0000] {dagbag.py:538} INFO - Filling up the DagBag from /home/airflow/.local/lib/python3.7/site-packages/airflow/example_dags/example_datasets.py
[2024-02-29T08:57:03.431+0000] {processor.py:753} INFO - DAG(s) dict_keys(['dataset_consumes_1_never_scheduled', 'dataset_produces_2', 'dataset_consumes_1_and_2', 'dataset_consumes_1', 'dataset_produces_1', 'dataset_consumes_unknown_never_scheduled']) retrieved from /home/airflow/.local/lib/python3.7/site-packages/airflow/example_dags/example_datasets.py
[2024-02-29T08:57:03.448+0000] {logging_mixin.py:137} INFO - [2024-02-29T08:57:03.448+0000] {dag.py:2690} INFO - Sync 6 DAGs
[2024-02-29T08:57:03.460+0000] {logging_mixin.py:137} INFO - [2024-02-29T08:57:03.460+0000] {dag.py:3441} INFO - Setting next_dagrun for dataset_consumes_1 to None, run_after=None
[2024-02-29T08:57:03.462+0000] {logging_mixin.py:137} INFO - [2024-02-29T08:57:03.462+0000] {dag.py:3441} INFO - Setting next_dagrun for dataset_consumes_1_and_2 to None, run_after=None
[2024-02-29T08:57:03.462+0000] {logging_mixin.py:137} INFO - [2024-02-29T08:57:03.462+0000] {dag.py:3441} INFO - Setting next_dagrun for dataset_consumes_1_never_scheduled to None, run_after=None
[2024-02-29T08:57:03.463+0000] {logging_mixin.py:137} INFO - [2024-02-29T08:57:03.463+0000] {dag.py:3441} INFO - Setting next_dagrun for dataset_consumes_unknown_never_scheduled to None, run_after=None
[2024-02-29T08:57:03.464+0000] {logging_mixin.py:137} INFO - [2024-02-29T08:57:03.464+0000] {dag.py:3441} INFO - Setting next_dagrun for dataset_produces_1 to 2024-02-28T00:00:00+00:00, run_after=2024-02-29T00:00:00+00:00
[2024-02-29T08:57:03.465+0000] {logging_mixin.py:137} INFO - [2024-02-29T08:57:03.465+0000] {dag.py:3441} INFO - Setting next_dagrun for dataset_produces_2 to None, run_after=None
[2024-02-29T08:57:03.479+0000] {processor.py:175} INFO - Processing /home/airflow/.local/lib/python3.7/site-packages/airflow/example_dags/example_datasets.py took 0.056 seconds
[2024-02-29T08:57:33.796+0000] {processor.py:153} INFO - Started process (PID=2019) to work on /home/airflow/.local/lib/python3.7/site-packages/airflow/example_dags/example_datasets.py
[2024-02-29T08:57:33.797+0000] {processor.py:743} INFO - Processing file /home/airflow/.local/lib/python3.7/site-packages/airflow/example_dags/example_datasets.py for tasks to queue
[2024-02-29T08:57:33.798+0000] {logging_mixin.py:137} INFO - [2024-02-29T08:57:33.798+0000] {dagbag.py:538} INFO - Filling up the DagBag from /home/airflow/.local/lib/python3.7/site-packages/airflow/example_dags/example_datasets.py
[2024-02-29T08:57:33.808+0000] {processor.py:753} INFO - DAG(s) dict_keys(['dataset_consumes_1', 'dataset_consumes_unknown_never_scheduled', 'dataset_produces_1', 'dataset_consumes_1_and_2', 'dataset_consumes_1_never_scheduled', 'dataset_produces_2']) retrieved from /home/airflow/.local/lib/python3.7/site-packages/airflow/example_dags/example_datasets.py
[2024-02-29T08:57:33.828+0000] {logging_mixin.py:137} INFO - [2024-02-29T08:57:33.828+0000] {dag.py:2690} INFO - Sync 6 DAGs
[2024-02-29T08:57:33.842+0000] {logging_mixin.py:137} INFO - [2024-02-29T08:57:33.841+0000] {dag.py:3441} INFO - Setting next_dagrun for dataset_consumes_1 to None, run_after=None
[2024-02-29T08:57:33.843+0000] {logging_mixin.py:137} INFO - [2024-02-29T08:57:33.843+0000] {dag.py:3441} INFO - Setting next_dagrun for dataset_consumes_1_and_2 to None, run_after=None
[2024-02-29T08:57:33.844+0000] {logging_mixin.py:137} INFO - [2024-02-29T08:57:33.844+0000] {dag.py:3441} INFO - Setting next_dagrun for dataset_consumes_1_never_scheduled to None, run_after=None
[2024-02-29T08:57:33.845+0000] {logging_mixin.py:137} INFO - [2024-02-29T08:57:33.845+0000] {dag.py:3441} INFO - Setting next_dagrun for dataset_consumes_unknown_never_scheduled to None, run_after=None
[2024-02-29T08:57:33.846+0000] {logging_mixin.py:137} INFO - [2024-02-29T08:57:33.846+0000] {dag.py:3441} INFO - Setting next_dagrun for dataset_produces_1 to 2024-02-28T00:00:00+00:00, run_after=2024-02-29T00:00:00+00:00
[2024-02-29T08:57:33.847+0000] {logging_mixin.py:137} INFO - [2024-02-29T08:57:33.847+0000] {dag.py:3441} INFO - Setting next_dagrun for dataset_produces_2 to None, run_after=None
[2024-02-29T08:57:33.864+0000] {processor.py:175} INFO - Processing /home/airflow/.local/lib/python3.7/site-packages/airflow/example_dags/example_datasets.py took 0.071 seconds
[2024-02-29T08:58:04.398+0000] {processor.py:153} INFO - Started process (PID=2095) to work on /home/airflow/.local/lib/python3.7/site-packages/airflow/example_dags/example_datasets.py
[2024-02-29T08:58:04.399+0000] {processor.py:743} INFO - Processing file /home/airflow/.local/lib/python3.7/site-packages/airflow/example_dags/example_datasets.py for tasks to queue
[2024-02-29T08:58:04.399+0000] {logging_mixin.py:137} INFO - [2024-02-29T08:58:04.399+0000] {dagbag.py:538} INFO - Filling up the DagBag from /home/airflow/.local/lib/python3.7/site-packages/airflow/example_dags/example_datasets.py
[2024-02-29T08:58:04.406+0000] {processor.py:753} INFO - DAG(s) dict_keys(['dataset_consumes_1_never_scheduled', 'dataset_produces_2', 'dataset_produces_1', 'dataset_consumes_unknown_never_scheduled', 'dataset_consumes_1', 'dataset_consumes_1_and_2']) retrieved from /home/airflow/.local/lib/python3.7/site-packages/airflow/example_dags/example_datasets.py
[2024-02-29T08:58:04.425+0000] {logging_mixin.py:137} INFO - [2024-02-29T08:58:04.425+0000] {dag.py:2690} INFO - Sync 6 DAGs
[2024-02-29T08:58:04.438+0000] {logging_mixin.py:137} INFO - [2024-02-29T08:58:04.438+0000] {dag.py:3441} INFO - Setting next_dagrun for dataset_consumes_1 to None, run_after=None
[2024-02-29T08:58:04.440+0000] {logging_mixin.py:137} INFO - [2024-02-29T08:58:04.439+0000] {dag.py:3441} INFO - Setting next_dagrun for dataset_consumes_1_and_2 to None, run_after=None
[2024-02-29T08:58:04.440+0000] {logging_mixin.py:137} INFO - [2024-02-29T08:58:04.440+0000] {dag.py:3441} INFO - Setting next_dagrun for dataset_consumes_1_never_scheduled to None, run_after=None
[2024-02-29T08:58:04.441+0000] {logging_mixin.py:137} INFO - [2024-02-29T08:58:04.441+0000] {dag.py:3441} INFO - Setting next_dagrun for dataset_consumes_unknown_never_scheduled to None, run_after=None
[2024-02-29T08:58:04.442+0000] {logging_mixin.py:137} INFO - [2024-02-29T08:58:04.442+0000] {dag.py:3441} INFO - Setting next_dagrun for dataset_produces_1 to 2024-02-28T00:00:00+00:00, run_after=2024-02-29T00:00:00+00:00
[2024-02-29T08:58:04.443+0000] {logging_mixin.py:137} INFO - [2024-02-29T08:58:04.443+0000] {dag.py:3441} INFO - Setting next_dagrun for dataset_produces_2 to None, run_after=None
[2024-02-29T08:58:04.458+0000] {processor.py:175} INFO - Processing /home/airflow/.local/lib/python3.7/site-packages/airflow/example_dags/example_datasets.py took 0.062 seconds
[2024-02-29T08:58:34.922+0000] {processor.py:153} INFO - Started process (PID=2189) to work on /home/airflow/.local/lib/python3.7/site-packages/airflow/example_dags/example_datasets.py
[2024-02-29T08:58:34.923+0000] {processor.py:743} INFO - Processing file /home/airflow/.local/lib/python3.7/site-packages/airflow/example_dags/example_datasets.py for tasks to queue
[2024-02-29T08:58:34.923+0000] {logging_mixin.py:137} INFO - [2024-02-29T08:58:34.923+0000] {dagbag.py:538} INFO - Filling up the DagBag from /home/airflow/.local/lib/python3.7/site-packages/airflow/example_dags/example_datasets.py
[2024-02-29T08:58:34.930+0000] {processor.py:753} INFO - DAG(s) dict_keys(['dataset_consumes_unknown_never_scheduled', 'dataset_consumes_1_and_2', 'dataset_produces_2', 'dataset_produces_1', 'dataset_consumes_1', 'dataset_consumes_1_never_scheduled']) retrieved from /home/airflow/.local/lib/python3.7/site-packages/airflow/example_dags/example_datasets.py
[2024-02-29T08:58:34.950+0000] {logging_mixin.py:137} INFO - [2024-02-29T08:58:34.950+0000] {dag.py:2690} INFO - Sync 6 DAGs
[2024-02-29T08:58:34.962+0000] {logging_mixin.py:137} INFO - [2024-02-29T08:58:34.962+0000] {dag.py:3441} INFO - Setting next_dagrun for dataset_consumes_1 to None, run_after=None
[2024-02-29T08:58:34.964+0000] {logging_mixin.py:137} INFO - [2024-02-29T08:58:34.964+0000] {dag.py:3441} INFO - Setting next_dagrun for dataset_consumes_1_and_2 to None, run_after=None
[2024-02-29T08:58:34.964+0000] {logging_mixin.py:137} INFO - [2024-02-29T08:58:34.964+0000] {dag.py:3441} INFO - Setting next_dagrun for dataset_consumes_1_never_scheduled to None, run_after=None
[2024-02-29T08:58:34.965+0000] {logging_mixin.py:137} INFO - [2024-02-29T08:58:34.965+0000] {dag.py:3441} INFO - Setting next_dagrun for dataset_consumes_unknown_never_scheduled to None, run_after=None
[2024-02-29T08:58:34.966+0000] {logging_mixin.py:137} INFO - [2024-02-29T08:58:34.966+0000] {dag.py:3441} INFO - Setting next_dagrun for dataset_produces_1 to 2024-02-28T00:00:00+00:00, run_after=2024-02-29T00:00:00+00:00
[2024-02-29T08:58:34.967+0000] {logging_mixin.py:137} INFO - [2024-02-29T08:58:34.967+0000] {dag.py:3441} INFO - Setting next_dagrun for dataset_produces_2 to None, run_after=None
[2024-02-29T08:58:34.982+0000] {processor.py:175} INFO - Processing /home/airflow/.local/lib/python3.7/site-packages/airflow/example_dags/example_datasets.py took 0.063 seconds
[2024-02-29T08:59:05.262+0000] {processor.py:153} INFO - Started process (PID=2282) to work on /home/airflow/.local/lib/python3.7/site-packages/airflow/example_dags/example_datasets.py
[2024-02-29T08:59:05.262+0000] {processor.py:743} INFO - Processing file /home/airflow/.local/lib/python3.7/site-packages/airflow/example_dags/example_datasets.py for tasks to queue
[2024-02-29T08:59:05.263+0000] {logging_mixin.py:137} INFO - [2024-02-29T08:59:05.263+0000] {dagbag.py:538} INFO - Filling up the DagBag from /home/airflow/.local/lib/python3.7/site-packages/airflow/example_dags/example_datasets.py
[2024-02-29T08:59:05.270+0000] {processor.py:753} INFO - DAG(s) dict_keys(['dataset_consumes_1_and_2', 'dataset_consumes_1', 'dataset_consumes_1_never_scheduled', 'dataset_produces_2', 'dataset_produces_1', 'dataset_consumes_unknown_never_scheduled']) retrieved from /home/airflow/.local/lib/python3.7/site-packages/airflow/example_dags/example_datasets.py
[2024-02-29T08:59:05.287+0000] {logging_mixin.py:137} INFO - [2024-02-29T08:59:05.287+0000] {dag.py:2690} INFO - Sync 6 DAGs
[2024-02-29T08:59:05.299+0000] {logging_mixin.py:137} INFO - [2024-02-29T08:59:05.299+0000] {dag.py:3441} INFO - Setting next_dagrun for dataset_consumes_1 to None, run_after=None
[2024-02-29T08:59:05.300+0000] {logging_mixin.py:137} INFO - [2024-02-29T08:59:05.300+0000] {dag.py:3441} INFO - Setting next_dagrun for dataset_consumes_1_and_2 to None, run_after=None
[2024-02-29T08:59:05.300+0000] {logging_mixin.py:137} INFO - [2024-02-29T08:59:05.300+0000] {dag.py:3441} INFO - Setting next_dagrun for dataset_consumes_1_never_scheduled to None, run_after=None
[2024-02-29T08:59:05.301+0000] {logging_mixin.py:137} INFO - [2024-02-29T08:59:05.301+0000] {dag.py:3441} INFO - Setting next_dagrun for dataset_consumes_unknown_never_scheduled to None, run_after=None
[2024-02-29T08:59:05.302+0000] {logging_mixin.py:137} INFO - [2024-02-29T08:59:05.302+0000] {dag.py:3441} INFO - Setting next_dagrun for dataset_produces_1 to 2024-02-28T00:00:00+00:00, run_after=2024-02-29T00:00:00+00:00
[2024-02-29T08:59:05.303+0000] {logging_mixin.py:137} INFO - [2024-02-29T08:59:05.303+0000] {dag.py:3441} INFO - Setting next_dagrun for dataset_produces_2 to None, run_after=None
[2024-02-29T08:59:05.316+0000] {processor.py:175} INFO - Processing /home/airflow/.local/lib/python3.7/site-packages/airflow/example_dags/example_datasets.py took 0.056 seconds
[2024-02-29T08:59:35.698+0000] {processor.py:153} INFO - Started process (PID=2367) to work on /home/airflow/.local/lib/python3.7/site-packages/airflow/example_dags/example_datasets.py
[2024-02-29T08:59:35.698+0000] {processor.py:743} INFO - Processing file /home/airflow/.local/lib/python3.7/site-packages/airflow/example_dags/example_datasets.py for tasks to queue
[2024-02-29T08:59:35.699+0000] {logging_mixin.py:137} INFO - [2024-02-29T08:59:35.699+0000] {dagbag.py:538} INFO - Filling up the DagBag from /home/airflow/.local/lib/python3.7/site-packages/airflow/example_dags/example_datasets.py
[2024-02-29T08:59:35.707+0000] {processor.py:753} INFO - DAG(s) dict_keys(['dataset_produces_1', 'dataset_consumes_1_and_2', 'dataset_consumes_1', 'dataset_produces_2', 'dataset_consumes_unknown_never_scheduled', 'dataset_consumes_1_never_scheduled']) retrieved from /home/airflow/.local/lib/python3.7/site-packages/airflow/example_dags/example_datasets.py
[2024-02-29T08:59:35.726+0000] {logging_mixin.py:137} INFO - [2024-02-29T08:59:35.726+0000] {dag.py:2690} INFO - Sync 6 DAGs
[2024-02-29T08:59:35.739+0000] {logging_mixin.py:137} INFO - [2024-02-29T08:59:35.739+0000] {dag.py:3441} INFO - Setting next_dagrun for dataset_consumes_1 to None, run_after=None
[2024-02-29T08:59:35.741+0000] {logging_mixin.py:137} INFO - [2024-02-29T08:59:35.741+0000] {dag.py:3441} INFO - Setting next_dagrun for dataset_consumes_1_and_2 to None, run_after=None
[2024-02-29T08:59:35.741+0000] {logging_mixin.py:137} INFO - [2024-02-29T08:59:35.741+0000] {dag.py:3441} INFO - Setting next_dagrun for dataset_consumes_1_never_scheduled to None, run_after=None
[2024-02-29T08:59:35.742+0000] {logging_mixin.py:137} INFO - [2024-02-29T08:59:35.742+0000] {dag.py:3441} INFO - Setting next_dagrun for dataset_consumes_unknown_never_scheduled to None, run_after=None
[2024-02-29T08:59:35.743+0000] {logging_mixin.py:137} INFO - [2024-02-29T08:59:35.743+0000] {dag.py:3441} INFO - Setting next_dagrun for dataset_produces_1 to 2024-02-28T00:00:00+00:00, run_after=2024-02-29T00:00:00+00:00
[2024-02-29T08:59:35.744+0000] {logging_mixin.py:137} INFO - [2024-02-29T08:59:35.744+0000] {dag.py:3441} INFO - Setting next_dagrun for dataset_produces_2 to None, run_after=None
[2024-02-29T08:59:35.759+0000] {processor.py:175} INFO - Processing /home/airflow/.local/lib/python3.7/site-packages/airflow/example_dags/example_datasets.py took 0.064 seconds
[2024-02-29T09:00:06.478+0000] {processor.py:153} INFO - Started process (PID=2452) to work on /home/airflow/.local/lib/python3.7/site-packages/airflow/example_dags/example_datasets.py
[2024-02-29T09:00:06.480+0000] {processor.py:743} INFO - Processing file /home/airflow/.local/lib/python3.7/site-packages/airflow/example_dags/example_datasets.py for tasks to queue
[2024-02-29T09:00:06.482+0000] {logging_mixin.py:137} INFO - [2024-02-29T09:00:06.482+0000] {dagbag.py:538} INFO - Filling up the DagBag from /home/airflow/.local/lib/python3.7/site-packages/airflow/example_dags/example_datasets.py
[2024-02-29T09:00:06.490+0000] {processor.py:753} INFO - DAG(s) dict_keys(['dataset_produces_2', 'dataset_produces_1', 'dataset_consumes_unknown_never_scheduled', 'dataset_consumes_1_never_scheduled', 'dataset_consumes_1', 'dataset_consumes_1_and_2']) retrieved from /home/airflow/.local/lib/python3.7/site-packages/airflow/example_dags/example_datasets.py
[2024-02-29T09:00:06.508+0000] {logging_mixin.py:137} INFO - [2024-02-29T09:00:06.508+0000] {dag.py:2690} INFO - Sync 6 DAGs
[2024-02-29T09:00:06.520+0000] {logging_mixin.py:137} INFO - [2024-02-29T09:00:06.519+0000] {dag.py:3441} INFO - Setting next_dagrun for dataset_consumes_1 to None, run_after=None
[2024-02-29T09:00:06.521+0000] {logging_mixin.py:137} INFO - [2024-02-29T09:00:06.521+0000] {dag.py:3441} INFO - Setting next_dagrun for dataset_consumes_1_and_2 to None, run_after=None
[2024-02-29T09:00:06.522+0000] {logging_mixin.py:137} INFO - [2024-02-29T09:00:06.522+0000] {dag.py:3441} INFO - Setting next_dagrun for dataset_consumes_1_never_scheduled to None, run_after=None
[2024-02-29T09:00:06.522+0000] {logging_mixin.py:137} INFO - [2024-02-29T09:00:06.522+0000] {dag.py:3441} INFO - Setting next_dagrun for dataset_consumes_unknown_never_scheduled to None, run_after=None
[2024-02-29T09:00:06.524+0000] {logging_mixin.py:137} INFO - [2024-02-29T09:00:06.524+0000] {dag.py:3441} INFO - Setting next_dagrun for dataset_produces_1 to 2024-02-28T00:00:00+00:00, run_after=2024-02-29T00:00:00+00:00
[2024-02-29T09:00:06.524+0000] {logging_mixin.py:137} INFO - [2024-02-29T09:00:06.524+0000] {dag.py:3441} INFO - Setting next_dagrun for dataset_produces_2 to None, run_after=None
[2024-02-29T09:00:06.540+0000] {processor.py:175} INFO - Processing /home/airflow/.local/lib/python3.7/site-packages/airflow/example_dags/example_datasets.py took 0.064 seconds
[2024-02-29T09:00:37.025+0000] {processor.py:153} INFO - Started process (PID=2546) to work on /home/airflow/.local/lib/python3.7/site-packages/airflow/example_dags/example_datasets.py
[2024-02-29T09:00:37.025+0000] {processor.py:743} INFO - Processing file /home/airflow/.local/lib/python3.7/site-packages/airflow/example_dags/example_datasets.py for tasks to queue
[2024-02-29T09:00:37.026+0000] {logging_mixin.py:137} INFO - [2024-02-29T09:00:37.026+0000] {dagbag.py:538} INFO - Filling up the DagBag from /home/airflow/.local/lib/python3.7/site-packages/airflow/example_dags/example_datasets.py
[2024-02-29T09:00:37.033+0000] {processor.py:753} INFO - DAG(s) dict_keys(['dataset_produces_2', 'dataset_consumes_1_never_scheduled', 'dataset_consumes_1', 'dataset_consumes_unknown_never_scheduled', 'dataset_produces_1', 'dataset_consumes_1_and_2']) retrieved from /home/airflow/.local/lib/python3.7/site-packages/airflow/example_dags/example_datasets.py
[2024-02-29T09:00:37.050+0000] {logging_mixin.py:137} INFO - [2024-02-29T09:00:37.050+0000] {dag.py:2690} INFO - Sync 6 DAGs
[2024-02-29T09:00:37.062+0000] {logging_mixin.py:137} INFO - [2024-02-29T09:00:37.062+0000] {dag.py:3441} INFO - Setting next_dagrun for dataset_consumes_1 to None, run_after=None
[2024-02-29T09:00:37.064+0000] {logging_mixin.py:137} INFO - [2024-02-29T09:00:37.064+0000] {dag.py:3441} INFO - Setting next_dagrun for dataset_consumes_1_and_2 to None, run_after=None
[2024-02-29T09:00:37.064+0000] {logging_mixin.py:137} INFO - [2024-02-29T09:00:37.064+0000] {dag.py:3441} INFO - Setting next_dagrun for dataset_consumes_1_never_scheduled to None, run_after=None
[2024-02-29T09:00:37.065+0000] {logging_mixin.py:137} INFO - [2024-02-29T09:00:37.065+0000] {dag.py:3441} INFO - Setting next_dagrun for dataset_consumes_unknown_never_scheduled to None, run_after=None
[2024-02-29T09:00:37.066+0000] {logging_mixin.py:137} INFO - [2024-02-29T09:00:37.066+0000] {dag.py:3441} INFO - Setting next_dagrun for dataset_produces_1 to 2024-02-28T00:00:00+00:00, run_after=2024-02-29T00:00:00+00:00
[2024-02-29T09:00:37.067+0000] {logging_mixin.py:137} INFO - [2024-02-29T09:00:37.067+0000] {dag.py:3441} INFO - Setting next_dagrun for dataset_produces_2 to None, run_after=None
[2024-02-29T09:00:37.082+0000] {processor.py:175} INFO - Processing /home/airflow/.local/lib/python3.7/site-packages/airflow/example_dags/example_datasets.py took 0.059 seconds
[2024-02-29T09:01:07.458+0000] {processor.py:153} INFO - Started process (PID=2640) to work on /home/airflow/.local/lib/python3.7/site-packages/airflow/example_dags/example_datasets.py
[2024-02-29T09:01:07.459+0000] {processor.py:743} INFO - Processing file /home/airflow/.local/lib/python3.7/site-packages/airflow/example_dags/example_datasets.py for tasks to queue
[2024-02-29T09:01:07.459+0000] {logging_mixin.py:137} INFO - [2024-02-29T09:01:07.459+0000] {dagbag.py:538} INFO - Filling up the DagBag from /home/airflow/.local/lib/python3.7/site-packages/airflow/example_dags/example_datasets.py
[2024-02-29T09:01:07.467+0000] {processor.py:753} INFO - DAG(s) dict_keys(['dataset_consumes_1', 'dataset_produces_2', 'dataset_consumes_1_never_scheduled', 'dataset_consumes_unknown_never_scheduled', 'dataset_produces_1', 'dataset_consumes_1_and_2']) retrieved from /home/airflow/.local/lib/python3.7/site-packages/airflow/example_dags/example_datasets.py
[2024-02-29T09:01:07.485+0000] {logging_mixin.py:137} INFO - [2024-02-29T09:01:07.485+0000] {dag.py:2690} INFO - Sync 6 DAGs
[2024-02-29T09:01:07.498+0000] {logging_mixin.py:137} INFO - [2024-02-29T09:01:07.498+0000] {dag.py:3441} INFO - Setting next_dagrun for dataset_consumes_1 to None, run_after=None
[2024-02-29T09:01:07.500+0000] {logging_mixin.py:137} INFO - [2024-02-29T09:01:07.500+0000] {dag.py:3441} INFO - Setting next_dagrun for dataset_consumes_1_and_2 to None, run_after=None
[2024-02-29T09:01:07.502+0000] {logging_mixin.py:137} INFO - [2024-02-29T09:01:07.502+0000] {dag.py:3441} INFO - Setting next_dagrun for dataset_consumes_1_never_scheduled to None, run_after=None
[2024-02-29T09:01:07.502+0000] {logging_mixin.py:137} INFO - [2024-02-29T09:01:07.502+0000] {dag.py:3441} INFO - Setting next_dagrun for dataset_consumes_unknown_never_scheduled to None, run_after=None
[2024-02-29T09:01:07.504+0000] {logging_mixin.py:137} INFO - [2024-02-29T09:01:07.504+0000] {dag.py:3441} INFO - Setting next_dagrun for dataset_produces_1 to 2024-02-28T00:00:00+00:00, run_after=2024-02-29T00:00:00+00:00
[2024-02-29T09:01:07.504+0000] {logging_mixin.py:137} INFO - [2024-02-29T09:01:07.504+0000] {dag.py:3441} INFO - Setting next_dagrun for dataset_produces_2 to None, run_after=None
[2024-02-29T09:01:07.518+0000] {processor.py:175} INFO - Processing /home/airflow/.local/lib/python3.7/site-packages/airflow/example_dags/example_datasets.py took 0.062 seconds
[2024-02-29T09:01:38.123+0000] {processor.py:153} INFO - Started process (PID=2716) to work on /home/airflow/.local/lib/python3.7/site-packages/airflow/example_dags/example_datasets.py
[2024-02-29T09:01:38.123+0000] {processor.py:743} INFO - Processing file /home/airflow/.local/lib/python3.7/site-packages/airflow/example_dags/example_datasets.py for tasks to queue
[2024-02-29T09:01:38.124+0000] {logging_mixin.py:137} INFO - [2024-02-29T09:01:38.123+0000] {dagbag.py:538} INFO - Filling up the DagBag from /home/airflow/.local/lib/python3.7/site-packages/airflow/example_dags/example_datasets.py
[2024-02-29T09:01:38.131+0000] {processor.py:753} INFO - DAG(s) dict_keys(['dataset_consumes_1_and_2', 'dataset_consumes_1_never_scheduled', 'dataset_produces_1', 'dataset_consumes_unknown_never_scheduled', 'dataset_produces_2', 'dataset_consumes_1']) retrieved from /home/airflow/.local/lib/python3.7/site-packages/airflow/example_dags/example_datasets.py
[2024-02-29T09:01:38.148+0000] {logging_mixin.py:137} INFO - [2024-02-29T09:01:38.148+0000] {dag.py:2690} INFO - Sync 6 DAGs
[2024-02-29T09:01:38.160+0000] {logging_mixin.py:137} INFO - [2024-02-29T09:01:38.160+0000] {dag.py:3441} INFO - Setting next_dagrun for dataset_consumes_1 to None, run_after=None
[2024-02-29T09:01:38.162+0000] {logging_mixin.py:137} INFO - [2024-02-29T09:01:38.162+0000] {dag.py:3441} INFO - Setting next_dagrun for dataset_consumes_1_and_2 to None, run_after=None
[2024-02-29T09:01:38.162+0000] {logging_mixin.py:137} INFO - [2024-02-29T09:01:38.162+0000] {dag.py:3441} INFO - Setting next_dagrun for dataset_consumes_1_never_scheduled to None, run_after=None
[2024-02-29T09:01:38.163+0000] {logging_mixin.py:137} INFO - [2024-02-29T09:01:38.163+0000] {dag.py:3441} INFO - Setting next_dagrun for dataset_consumes_unknown_never_scheduled to None, run_after=None
[2024-02-29T09:01:38.164+0000] {logging_mixin.py:137} INFO - [2024-02-29T09:01:38.164+0000] {dag.py:3441} INFO - Setting next_dagrun for dataset_produces_1 to 2024-02-28T00:00:00+00:00, run_after=2024-02-29T00:00:00+00:00
[2024-02-29T09:01:38.165+0000] {logging_mixin.py:137} INFO - [2024-02-29T09:01:38.165+0000] {dag.py:3441} INFO - Setting next_dagrun for dataset_produces_2 to None, run_after=None
[2024-02-29T09:01:38.180+0000] {processor.py:175} INFO - Processing /home/airflow/.local/lib/python3.7/site-packages/airflow/example_dags/example_datasets.py took 0.059 seconds
[2024-02-29T09:02:08.634+0000] {processor.py:153} INFO - Started process (PID=2809) to work on /home/airflow/.local/lib/python3.7/site-packages/airflow/example_dags/example_datasets.py
[2024-02-29T09:02:08.635+0000] {processor.py:743} INFO - Processing file /home/airflow/.local/lib/python3.7/site-packages/airflow/example_dags/example_datasets.py for tasks to queue
[2024-02-29T09:02:08.635+0000] {logging_mixin.py:137} INFO - [2024-02-29T09:02:08.635+0000] {dagbag.py:538} INFO - Filling up the DagBag from /home/airflow/.local/lib/python3.7/site-packages/airflow/example_dags/example_datasets.py
[2024-02-29T09:02:08.642+0000] {processor.py:753} INFO - DAG(s) dict_keys(['dataset_produces_1', 'dataset_consumes_unknown_never_scheduled', 'dataset_consumes_1', 'dataset_consumes_1_and_2', 'dataset_consumes_1_never_scheduled', 'dataset_produces_2']) retrieved from /home/airflow/.local/lib/python3.7/site-packages/airflow/example_dags/example_datasets.py
[2024-02-29T09:02:08.659+0000] {logging_mixin.py:137} INFO - [2024-02-29T09:02:08.659+0000] {dag.py:2690} INFO - Sync 6 DAGs
[2024-02-29T09:02:08.671+0000] {logging_mixin.py:137} INFO - [2024-02-29T09:02:08.670+0000] {dag.py:3441} INFO - Setting next_dagrun for dataset_consumes_1 to None, run_after=None
[2024-02-29T09:02:08.673+0000] {logging_mixin.py:137} INFO - [2024-02-29T09:02:08.673+0000] {dag.py:3441} INFO - Setting next_dagrun for dataset_consumes_1_and_2 to None, run_after=None
[2024-02-29T09:02:08.673+0000] {logging_mixin.py:137} INFO - [2024-02-29T09:02:08.673+0000] {dag.py:3441} INFO - Setting next_dagrun for dataset_consumes_1_never_scheduled to None, run_after=None
[2024-02-29T09:02:08.674+0000] {logging_mixin.py:137} INFO - [2024-02-29T09:02:08.674+0000] {dag.py:3441} INFO - Setting next_dagrun for dataset_consumes_unknown_never_scheduled to None, run_after=None
[2024-02-29T09:02:08.675+0000] {logging_mixin.py:137} INFO - [2024-02-29T09:02:08.675+0000] {dag.py:3441} INFO - Setting next_dagrun for dataset_produces_1 to 2024-02-28T00:00:00+00:00, run_after=2024-02-29T00:00:00+00:00
[2024-02-29T09:02:08.675+0000] {logging_mixin.py:137} INFO - [2024-02-29T09:02:08.675+0000] {dag.py:3441} INFO - Setting next_dagrun for dataset_produces_2 to None, run_after=None
[2024-02-29T09:02:08.689+0000] {processor.py:175} INFO - Processing /home/airflow/.local/lib/python3.7/site-packages/airflow/example_dags/example_datasets.py took 0.057 seconds
[2024-02-29T09:02:39.152+0000] {processor.py:153} INFO - Started process (PID=2903) to work on /home/airflow/.local/lib/python3.7/site-packages/airflow/example_dags/example_datasets.py
[2024-02-29T09:02:39.153+0000] {processor.py:743} INFO - Processing file /home/airflow/.local/lib/python3.7/site-packages/airflow/example_dags/example_datasets.py for tasks to queue
[2024-02-29T09:02:39.153+0000] {logging_mixin.py:137} INFO - [2024-02-29T09:02:39.153+0000] {dagbag.py:538} INFO - Filling up the DagBag from /home/airflow/.local/lib/python3.7/site-packages/airflow/example_dags/example_datasets.py
[2024-02-29T09:02:39.160+0000] {processor.py:753} INFO - DAG(s) dict_keys(['dataset_consumes_unknown_never_scheduled', 'dataset_produces_2', 'dataset_consumes_1', 'dataset_consumes_1_never_scheduled', 'dataset_consumes_1_and_2', 'dataset_produces_1']) retrieved from /home/airflow/.local/lib/python3.7/site-packages/airflow/example_dags/example_datasets.py
[2024-02-29T09:02:39.178+0000] {logging_mixin.py:137} INFO - [2024-02-29T09:02:39.178+0000] {dag.py:2690} INFO - Sync 6 DAGs
[2024-02-29T09:02:39.190+0000] {logging_mixin.py:137} INFO - [2024-02-29T09:02:39.190+0000] {dag.py:3441} INFO - Setting next_dagrun for dataset_consumes_1 to None, run_after=None
[2024-02-29T09:02:39.191+0000] {logging_mixin.py:137} INFO - [2024-02-29T09:02:39.191+0000] {dag.py:3441} INFO - Setting next_dagrun for dataset_consumes_1_and_2 to None, run_after=None
[2024-02-29T09:02:39.192+0000] {logging_mixin.py:137} INFO - [2024-02-29T09:02:39.192+0000] {dag.py:3441} INFO - Setting next_dagrun for dataset_consumes_1_never_scheduled to None, run_after=None
[2024-02-29T09:02:39.192+0000] {logging_mixin.py:137} INFO - [2024-02-29T09:02:39.192+0000] {dag.py:3441} INFO - Setting next_dagrun for dataset_consumes_unknown_never_scheduled to None, run_after=None
[2024-02-29T09:02:39.193+0000] {logging_mixin.py:137} INFO - [2024-02-29T09:02:39.193+0000] {dag.py:3441} INFO - Setting next_dagrun for dataset_produces_1 to 2024-02-28T00:00:00+00:00, run_after=2024-02-29T00:00:00+00:00
[2024-02-29T09:02:39.194+0000] {logging_mixin.py:137} INFO - [2024-02-29T09:02:39.194+0000] {dag.py:3441} INFO - Setting next_dagrun for dataset_produces_2 to None, run_after=None
[2024-02-29T09:02:39.208+0000] {processor.py:175} INFO - Processing /home/airflow/.local/lib/python3.7/site-packages/airflow/example_dags/example_datasets.py took 0.058 seconds
[2024-02-29T09:03:09.648+0000] {processor.py:153} INFO - Started process (PID=2996) to work on /home/airflow/.local/lib/python3.7/site-packages/airflow/example_dags/example_datasets.py
[2024-02-29T09:03:09.649+0000] {processor.py:743} INFO - Processing file /home/airflow/.local/lib/python3.7/site-packages/airflow/example_dags/example_datasets.py for tasks to queue
[2024-02-29T09:03:09.649+0000] {logging_mixin.py:137} INFO - [2024-02-29T09:03:09.649+0000] {dagbag.py:538} INFO - Filling up the DagBag from /home/airflow/.local/lib/python3.7/site-packages/airflow/example_dags/example_datasets.py
[2024-02-29T09:03:09.658+0000] {processor.py:753} INFO - DAG(s) dict_keys(['dataset_produces_2', 'dataset_consumes_1_never_scheduled', 'dataset_produces_1', 'dataset_consumes_unknown_never_scheduled', 'dataset_consumes_1', 'dataset_consumes_1_and_2']) retrieved from /home/airflow/.local/lib/python3.7/site-packages/airflow/example_dags/example_datasets.py
[2024-02-29T09:03:09.679+0000] {logging_mixin.py:137} INFO - [2024-02-29T09:03:09.679+0000] {dag.py:2690} INFO - Sync 6 DAGs
[2024-02-29T09:03:09.693+0000] {logging_mixin.py:137} INFO - [2024-02-29T09:03:09.692+0000] {dag.py:3441} INFO - Setting next_dagrun for dataset_consumes_1 to None, run_after=None
[2024-02-29T09:03:09.695+0000] {logging_mixin.py:137} INFO - [2024-02-29T09:03:09.694+0000] {dag.py:3441} INFO - Setting next_dagrun for dataset_consumes_1_and_2 to None, run_after=None
[2024-02-29T09:03:09.695+0000] {logging_mixin.py:137} INFO - [2024-02-29T09:03:09.695+0000] {dag.py:3441} INFO - Setting next_dagrun for dataset_consumes_1_never_scheduled to None, run_after=None
[2024-02-29T09:03:09.696+0000] {logging_mixin.py:137} INFO - [2024-02-29T09:03:09.696+0000] {dag.py:3441} INFO - Setting next_dagrun for dataset_consumes_unknown_never_scheduled to None, run_after=None
[2024-02-29T09:03:09.699+0000] {logging_mixin.py:137} INFO - [2024-02-29T09:03:09.698+0000] {dag.py:3441} INFO - Setting next_dagrun for dataset_produces_1 to 2024-02-28T00:00:00+00:00, run_after=2024-02-29T00:00:00+00:00
[2024-02-29T09:03:09.700+0000] {logging_mixin.py:137} INFO - [2024-02-29T09:03:09.700+0000] {dag.py:3441} INFO - Setting next_dagrun for dataset_produces_2 to None, run_after=None
[2024-02-29T09:03:09.718+0000] {processor.py:175} INFO - Processing /home/airflow/.local/lib/python3.7/site-packages/airflow/example_dags/example_datasets.py took 0.071 seconds
