[2024-02-29T08:46:25.460+0000] {processor.py:153} INFO - Started process (PID=70) to work on /home/airflow/.local/lib/python3.7/site-packages/airflow/example_dags/tutorial.py
[2024-02-29T08:46:25.461+0000] {processor.py:743} INFO - Processing file /home/airflow/.local/lib/python3.7/site-packages/airflow/example_dags/tutorial.py for tasks to queue
[2024-02-29T08:46:25.461+0000] {logging_mixin.py:137} INFO - [2024-02-29T08:46:25.461+0000] {dagbag.py:538} INFO - Filling up the DagBag from /home/airflow/.local/lib/python3.7/site-packages/airflow/example_dags/tutorial.py
[2024-02-29T08:46:25.468+0000] {processor.py:753} INFO - DAG(s) dict_keys(['tutorial']) retrieved from /home/airflow/.local/lib/python3.7/site-packages/airflow/example_dags/tutorial.py
[2024-02-29T08:46:25.483+0000] {logging_mixin.py:137} INFO - [2024-02-29T08:46:25.483+0000] {dag.py:2690} INFO - Sync 1 DAGs
[2024-02-29T08:46:25.497+0000] {logging_mixin.py:137} INFO - [2024-02-29T08:46:25.497+0000] {dag.py:3441} INFO - Setting next_dagrun for tutorial to 2024-02-28T08:46:25.497149+00:00, run_after=2024-02-29T08:46:25.497149+00:00
[2024-02-29T08:46:25.507+0000] {processor.py:175} INFO - Processing /home/airflow/.local/lib/python3.7/site-packages/airflow/example_dags/tutorial.py took 0.049 seconds
[2024-02-29T08:46:56.086+0000] {processor.py:153} INFO - Started process (PID=163) to work on /home/airflow/.local/lib/python3.7/site-packages/airflow/example_dags/tutorial.py
[2024-02-29T08:46:56.087+0000] {processor.py:743} INFO - Processing file /home/airflow/.local/lib/python3.7/site-packages/airflow/example_dags/tutorial.py for tasks to queue
[2024-02-29T08:46:56.087+0000] {logging_mixin.py:137} INFO - [2024-02-29T08:46:56.087+0000] {dagbag.py:538} INFO - Filling up the DagBag from /home/airflow/.local/lib/python3.7/site-packages/airflow/example_dags/tutorial.py
[2024-02-29T08:46:56.094+0000] {processor.py:753} INFO - DAG(s) dict_keys(['tutorial']) retrieved from /home/airflow/.local/lib/python3.7/site-packages/airflow/example_dags/tutorial.py
[2024-02-29T08:46:56.105+0000] {logging_mixin.py:137} INFO - [2024-02-29T08:46:56.105+0000] {dag.py:2690} INFO - Sync 1 DAGs
[2024-02-29T08:46:56.115+0000] {logging_mixin.py:137} INFO - [2024-02-29T08:46:56.115+0000] {dag.py:3441} INFO - Setting next_dagrun for tutorial to 2024-02-28T08:46:56.115764+00:00, run_after=2024-02-29T08:46:56.115764+00:00
[2024-02-29T08:46:56.123+0000] {processor.py:175} INFO - Processing /home/airflow/.local/lib/python3.7/site-packages/airflow/example_dags/tutorial.py took 0.038 seconds
[2024-02-29T08:47:26.393+0000] {processor.py:153} INFO - Started process (PID=257) to work on /home/airflow/.local/lib/python3.7/site-packages/airflow/example_dags/tutorial.py
[2024-02-29T08:47:26.394+0000] {processor.py:743} INFO - Processing file /home/airflow/.local/lib/python3.7/site-packages/airflow/example_dags/tutorial.py for tasks to queue
[2024-02-29T08:47:26.394+0000] {logging_mixin.py:137} INFO - [2024-02-29T08:47:26.394+0000] {dagbag.py:538} INFO - Filling up the DagBag from /home/airflow/.local/lib/python3.7/site-packages/airflow/example_dags/tutorial.py
[2024-02-29T08:47:26.400+0000] {processor.py:753} INFO - DAG(s) dict_keys(['tutorial']) retrieved from /home/airflow/.local/lib/python3.7/site-packages/airflow/example_dags/tutorial.py
[2024-02-29T08:47:26.411+0000] {logging_mixin.py:137} INFO - [2024-02-29T08:47:26.411+0000] {dag.py:2690} INFO - Sync 1 DAGs
[2024-02-29T08:47:26.422+0000] {logging_mixin.py:137} INFO - [2024-02-29T08:47:26.422+0000] {dag.py:3441} INFO - Setting next_dagrun for tutorial to 2024-02-28T08:47:26.422139+00:00, run_after=2024-02-29T08:47:26.422139+00:00
[2024-02-29T08:47:26.430+0000] {processor.py:175} INFO - Processing /home/airflow/.local/lib/python3.7/site-packages/airflow/example_dags/tutorial.py took 0.038 seconds
[2024-02-29T08:47:56.838+0000] {processor.py:153} INFO - Started process (PID=341) to work on /home/airflow/.local/lib/python3.7/site-packages/airflow/example_dags/tutorial.py
[2024-02-29T08:47:56.838+0000] {processor.py:743} INFO - Processing file /home/airflow/.local/lib/python3.7/site-packages/airflow/example_dags/tutorial.py for tasks to queue
[2024-02-29T08:47:56.839+0000] {logging_mixin.py:137} INFO - [2024-02-29T08:47:56.839+0000] {dagbag.py:538} INFO - Filling up the DagBag from /home/airflow/.local/lib/python3.7/site-packages/airflow/example_dags/tutorial.py
[2024-02-29T08:47:56.845+0000] {processor.py:753} INFO - DAG(s) dict_keys(['tutorial']) retrieved from /home/airflow/.local/lib/python3.7/site-packages/airflow/example_dags/tutorial.py
[2024-02-29T08:47:56.858+0000] {logging_mixin.py:137} INFO - [2024-02-29T08:47:56.858+0000] {dag.py:2690} INFO - Sync 1 DAGs
[2024-02-29T08:47:56.871+0000] {logging_mixin.py:137} INFO - [2024-02-29T08:47:56.871+0000] {dag.py:3441} INFO - Setting next_dagrun for tutorial to 2024-02-28T08:47:56.871152+00:00, run_after=2024-02-29T08:47:56.871152+00:00
[2024-02-29T08:47:56.880+0000] {processor.py:175} INFO - Processing /home/airflow/.local/lib/python3.7/site-packages/airflow/example_dags/tutorial.py took 0.044 seconds
[2024-02-29T08:48:27.253+0000] {processor.py:153} INFO - Started process (PID=426) to work on /home/airflow/.local/lib/python3.7/site-packages/airflow/example_dags/tutorial.py
[2024-02-29T08:48:27.254+0000] {processor.py:743} INFO - Processing file /home/airflow/.local/lib/python3.7/site-packages/airflow/example_dags/tutorial.py for tasks to queue
[2024-02-29T08:48:27.254+0000] {logging_mixin.py:137} INFO - [2024-02-29T08:48:27.254+0000] {dagbag.py:538} INFO - Filling up the DagBag from /home/airflow/.local/lib/python3.7/site-packages/airflow/example_dags/tutorial.py
[2024-02-29T08:48:27.261+0000] {processor.py:753} INFO - DAG(s) dict_keys(['tutorial']) retrieved from /home/airflow/.local/lib/python3.7/site-packages/airflow/example_dags/tutorial.py
[2024-02-29T08:48:27.271+0000] {logging_mixin.py:137} INFO - [2024-02-29T08:48:27.271+0000] {dag.py:2690} INFO - Sync 1 DAGs
[2024-02-29T08:48:27.282+0000] {logging_mixin.py:137} INFO - [2024-02-29T08:48:27.282+0000] {dag.py:3441} INFO - Setting next_dagrun for tutorial to 2024-02-28T08:48:27.282618+00:00, run_after=2024-02-29T08:48:27.282618+00:00
[2024-02-29T08:48:27.290+0000] {processor.py:175} INFO - Processing /home/airflow/.local/lib/python3.7/site-packages/airflow/example_dags/tutorial.py took 0.038 seconds
[2024-02-29T08:48:57.648+0000] {processor.py:153} INFO - Started process (PID=520) to work on /home/airflow/.local/lib/python3.7/site-packages/airflow/example_dags/tutorial.py
[2024-02-29T08:48:57.648+0000] {processor.py:743} INFO - Processing file /home/airflow/.local/lib/python3.7/site-packages/airflow/example_dags/tutorial.py for tasks to queue
[2024-02-29T08:48:57.649+0000] {logging_mixin.py:137} INFO - [2024-02-29T08:48:57.649+0000] {dagbag.py:538} INFO - Filling up the DagBag from /home/airflow/.local/lib/python3.7/site-packages/airflow/example_dags/tutorial.py
[2024-02-29T08:48:57.655+0000] {processor.py:753} INFO - DAG(s) dict_keys(['tutorial']) retrieved from /home/airflow/.local/lib/python3.7/site-packages/airflow/example_dags/tutorial.py
[2024-02-29T08:48:57.666+0000] {logging_mixin.py:137} INFO - [2024-02-29T08:48:57.666+0000] {dag.py:2690} INFO - Sync 1 DAGs
[2024-02-29T08:48:57.677+0000] {logging_mixin.py:137} INFO - [2024-02-29T08:48:57.677+0000] {dag.py:3441} INFO - Setting next_dagrun for tutorial to 2024-02-28T08:48:57.676974+00:00, run_after=2024-02-29T08:48:57.676974+00:00
[2024-02-29T08:48:57.684+0000] {processor.py:175} INFO - Processing /home/airflow/.local/lib/python3.7/site-packages/airflow/example_dags/tutorial.py took 0.038 seconds
[2024-02-29T08:49:28.079+0000] {processor.py:153} INFO - Started process (PID=614) to work on /home/airflow/.local/lib/python3.7/site-packages/airflow/example_dags/tutorial.py
[2024-02-29T08:49:28.079+0000] {processor.py:743} INFO - Processing file /home/airflow/.local/lib/python3.7/site-packages/airflow/example_dags/tutorial.py for tasks to queue
[2024-02-29T08:49:28.080+0000] {logging_mixin.py:137} INFO - [2024-02-29T08:49:28.080+0000] {dagbag.py:538} INFO - Filling up the DagBag from /home/airflow/.local/lib/python3.7/site-packages/airflow/example_dags/tutorial.py
[2024-02-29T08:49:28.086+0000] {processor.py:753} INFO - DAG(s) dict_keys(['tutorial']) retrieved from /home/airflow/.local/lib/python3.7/site-packages/airflow/example_dags/tutorial.py
[2024-02-29T08:49:28.097+0000] {logging_mixin.py:137} INFO - [2024-02-29T08:49:28.097+0000] {dag.py:2690} INFO - Sync 1 DAGs
[2024-02-29T08:49:28.108+0000] {logging_mixin.py:137} INFO - [2024-02-29T08:49:28.108+0000] {dag.py:3441} INFO - Setting next_dagrun for tutorial to 2024-02-28T08:49:28.108241+00:00, run_after=2024-02-29T08:49:28.108241+00:00
[2024-02-29T08:49:28.116+0000] {processor.py:175} INFO - Processing /home/airflow/.local/lib/python3.7/site-packages/airflow/example_dags/tutorial.py took 0.039 seconds
[2024-02-29T08:49:58.365+0000] {processor.py:153} INFO - Started process (PID=689) to work on /home/airflow/.local/lib/python3.7/site-packages/airflow/example_dags/tutorial.py
[2024-02-29T08:49:58.365+0000] {processor.py:743} INFO - Processing file /home/airflow/.local/lib/python3.7/site-packages/airflow/example_dags/tutorial.py for tasks to queue
[2024-02-29T08:49:58.366+0000] {logging_mixin.py:137} INFO - [2024-02-29T08:49:58.366+0000] {dagbag.py:538} INFO - Filling up the DagBag from /home/airflow/.local/lib/python3.7/site-packages/airflow/example_dags/tutorial.py
[2024-02-29T08:49:58.372+0000] {processor.py:753} INFO - DAG(s) dict_keys(['tutorial']) retrieved from /home/airflow/.local/lib/python3.7/site-packages/airflow/example_dags/tutorial.py
[2024-02-29T08:49:58.382+0000] {logging_mixin.py:137} INFO - [2024-02-29T08:49:58.382+0000] {dag.py:2690} INFO - Sync 1 DAGs
[2024-02-29T08:49:58.393+0000] {logging_mixin.py:137} INFO - [2024-02-29T08:49:58.393+0000] {dag.py:3441} INFO - Setting next_dagrun for tutorial to 2024-02-28T08:49:58.393344+00:00, run_after=2024-02-29T08:49:58.393344+00:00
[2024-02-29T08:49:58.401+0000] {processor.py:175} INFO - Processing /home/airflow/.local/lib/python3.7/site-packages/airflow/example_dags/tutorial.py took 0.037 seconds
[2024-02-29T08:50:28.836+0000] {processor.py:153} INFO - Started process (PID=783) to work on /home/airflow/.local/lib/python3.7/site-packages/airflow/example_dags/tutorial.py
[2024-02-29T08:50:28.836+0000] {processor.py:743} INFO - Processing file /home/airflow/.local/lib/python3.7/site-packages/airflow/example_dags/tutorial.py for tasks to queue
[2024-02-29T08:50:28.836+0000] {logging_mixin.py:137} INFO - [2024-02-29T08:50:28.836+0000] {dagbag.py:538} INFO - Filling up the DagBag from /home/airflow/.local/lib/python3.7/site-packages/airflow/example_dags/tutorial.py
[2024-02-29T08:50:28.843+0000] {processor.py:753} INFO - DAG(s) dict_keys(['tutorial']) retrieved from /home/airflow/.local/lib/python3.7/site-packages/airflow/example_dags/tutorial.py
[2024-02-29T08:50:28.855+0000] {logging_mixin.py:137} INFO - [2024-02-29T08:50:28.855+0000] {dag.py:2690} INFO - Sync 1 DAGs
[2024-02-29T08:50:28.866+0000] {logging_mixin.py:137} INFO - [2024-02-29T08:50:28.865+0000] {dag.py:3441} INFO - Setting next_dagrun for tutorial to 2024-02-28T08:50:28.865850+00:00, run_after=2024-02-29T08:50:28.865850+00:00
[2024-02-29T08:50:28.873+0000] {processor.py:175} INFO - Processing /home/airflow/.local/lib/python3.7/site-packages/airflow/example_dags/tutorial.py took 0.039 seconds
[2024-02-29T08:50:59.297+0000] {processor.py:153} INFO - Started process (PID=877) to work on /home/airflow/.local/lib/python3.7/site-packages/airflow/example_dags/tutorial.py
[2024-02-29T08:50:59.297+0000] {processor.py:743} INFO - Processing file /home/airflow/.local/lib/python3.7/site-packages/airflow/example_dags/tutorial.py for tasks to queue
[2024-02-29T08:50:59.298+0000] {logging_mixin.py:137} INFO - [2024-02-29T08:50:59.298+0000] {dagbag.py:538} INFO - Filling up the DagBag from /home/airflow/.local/lib/python3.7/site-packages/airflow/example_dags/tutorial.py
[2024-02-29T08:50:59.304+0000] {processor.py:753} INFO - DAG(s) dict_keys(['tutorial']) retrieved from /home/airflow/.local/lib/python3.7/site-packages/airflow/example_dags/tutorial.py
[2024-02-29T08:50:59.315+0000] {logging_mixin.py:137} INFO - [2024-02-29T08:50:59.315+0000] {dag.py:2690} INFO - Sync 1 DAGs
[2024-02-29T08:50:59.326+0000] {logging_mixin.py:137} INFO - [2024-02-29T08:50:59.326+0000] {dag.py:3441} INFO - Setting next_dagrun for tutorial to 2024-02-28T08:50:59.326239+00:00, run_after=2024-02-29T08:50:59.326239+00:00
[2024-02-29T08:50:59.334+0000] {processor.py:175} INFO - Processing /home/airflow/.local/lib/python3.7/site-packages/airflow/example_dags/tutorial.py took 0.038 seconds
[2024-02-29T08:51:29.660+0000] {processor.py:153} INFO - Started process (PID=970) to work on /home/airflow/.local/lib/python3.7/site-packages/airflow/example_dags/tutorial.py
[2024-02-29T08:51:29.661+0000] {processor.py:743} INFO - Processing file /home/airflow/.local/lib/python3.7/site-packages/airflow/example_dags/tutorial.py for tasks to queue
[2024-02-29T08:51:29.661+0000] {logging_mixin.py:137} INFO - [2024-02-29T08:51:29.661+0000] {dagbag.py:538} INFO - Filling up the DagBag from /home/airflow/.local/lib/python3.7/site-packages/airflow/example_dags/tutorial.py
[2024-02-29T08:51:29.667+0000] {processor.py:753} INFO - DAG(s) dict_keys(['tutorial']) retrieved from /home/airflow/.local/lib/python3.7/site-packages/airflow/example_dags/tutorial.py
[2024-02-29T08:51:29.678+0000] {logging_mixin.py:137} INFO - [2024-02-29T08:51:29.678+0000] {dag.py:2690} INFO - Sync 1 DAGs
[2024-02-29T08:51:29.689+0000] {logging_mixin.py:137} INFO - [2024-02-29T08:51:29.689+0000] {dag.py:3441} INFO - Setting next_dagrun for tutorial to 2024-02-28T08:51:29.689300+00:00, run_after=2024-02-29T08:51:29.689300+00:00
[2024-02-29T08:51:29.697+0000] {processor.py:175} INFO - Processing /home/airflow/.local/lib/python3.7/site-packages/airflow/example_dags/tutorial.py took 0.038 seconds
[2024-02-29T08:52:00.085+0000] {processor.py:153} INFO - Started process (PID=1046) to work on /home/airflow/.local/lib/python3.7/site-packages/airflow/example_dags/tutorial.py
[2024-02-29T08:52:00.085+0000] {processor.py:743} INFO - Processing file /home/airflow/.local/lib/python3.7/site-packages/airflow/example_dags/tutorial.py for tasks to queue
[2024-02-29T08:52:00.086+0000] {logging_mixin.py:137} INFO - [2024-02-29T08:52:00.086+0000] {dagbag.py:538} INFO - Filling up the DagBag from /home/airflow/.local/lib/python3.7/site-packages/airflow/example_dags/tutorial.py
[2024-02-29T08:52:00.092+0000] {processor.py:753} INFO - DAG(s) dict_keys(['tutorial']) retrieved from /home/airflow/.local/lib/python3.7/site-packages/airflow/example_dags/tutorial.py
[2024-02-29T08:52:00.103+0000] {logging_mixin.py:137} INFO - [2024-02-29T08:52:00.103+0000] {dag.py:2690} INFO - Sync 1 DAGs
[2024-02-29T08:52:00.114+0000] {logging_mixin.py:137} INFO - [2024-02-29T08:52:00.114+0000] {dag.py:3441} INFO - Setting next_dagrun for tutorial to 2024-02-28T08:52:00.114084+00:00, run_after=2024-02-29T08:52:00.114084+00:00
[2024-02-29T08:52:00.121+0000] {processor.py:175} INFO - Processing /home/airflow/.local/lib/python3.7/site-packages/airflow/example_dags/tutorial.py took 0.038 seconds
[2024-02-29T08:52:30.372+0000] {processor.py:153} INFO - Started process (PID=1139) to work on /home/airflow/.local/lib/python3.7/site-packages/airflow/example_dags/tutorial.py
[2024-02-29T08:52:30.373+0000] {processor.py:743} INFO - Processing file /home/airflow/.local/lib/python3.7/site-packages/airflow/example_dags/tutorial.py for tasks to queue
[2024-02-29T08:52:30.373+0000] {logging_mixin.py:137} INFO - [2024-02-29T08:52:30.373+0000] {dagbag.py:538} INFO - Filling up the DagBag from /home/airflow/.local/lib/python3.7/site-packages/airflow/example_dags/tutorial.py
[2024-02-29T08:52:30.380+0000] {processor.py:753} INFO - DAG(s) dict_keys(['tutorial']) retrieved from /home/airflow/.local/lib/python3.7/site-packages/airflow/example_dags/tutorial.py
[2024-02-29T08:52:30.391+0000] {logging_mixin.py:137} INFO - [2024-02-29T08:52:30.391+0000] {dag.py:2690} INFO - Sync 1 DAGs
[2024-02-29T08:52:30.401+0000] {logging_mixin.py:137} INFO - [2024-02-29T08:52:30.401+0000] {dag.py:3441} INFO - Setting next_dagrun for tutorial to 2024-02-28T08:52:30.401744+00:00, run_after=2024-02-29T08:52:30.401744+00:00
[2024-02-29T08:52:30.409+0000] {processor.py:175} INFO - Processing /home/airflow/.local/lib/python3.7/site-packages/airflow/example_dags/tutorial.py took 0.039 seconds
[2024-02-29T08:53:00.711+0000] {processor.py:153} INFO - Started process (PID=1232) to work on /home/airflow/.local/lib/python3.7/site-packages/airflow/example_dags/tutorial.py
[2024-02-29T08:53:00.711+0000] {processor.py:743} INFO - Processing file /home/airflow/.local/lib/python3.7/site-packages/airflow/example_dags/tutorial.py for tasks to queue
[2024-02-29T08:53:00.712+0000] {logging_mixin.py:137} INFO - [2024-02-29T08:53:00.711+0000] {dagbag.py:538} INFO - Filling up the DagBag from /home/airflow/.local/lib/python3.7/site-packages/airflow/example_dags/tutorial.py
[2024-02-29T08:53:00.718+0000] {processor.py:753} INFO - DAG(s) dict_keys(['tutorial']) retrieved from /home/airflow/.local/lib/python3.7/site-packages/airflow/example_dags/tutorial.py
[2024-02-29T08:53:00.728+0000] {logging_mixin.py:137} INFO - [2024-02-29T08:53:00.728+0000] {dag.py:2690} INFO - Sync 1 DAGs
[2024-02-29T08:53:00.738+0000] {logging_mixin.py:137} INFO - [2024-02-29T08:53:00.738+0000] {dag.py:3441} INFO - Setting next_dagrun for tutorial to 2024-02-28T08:53:00.738256+00:00, run_after=2024-02-29T08:53:00.738256+00:00
[2024-02-29T08:53:00.745+0000] {processor.py:175} INFO - Processing /home/airflow/.local/lib/python3.7/site-packages/airflow/example_dags/tutorial.py took 0.036 seconds
[2024-02-29T08:53:31.099+0000] {processor.py:153} INFO - Started process (PID=1326) to work on /home/airflow/.local/lib/python3.7/site-packages/airflow/example_dags/tutorial.py
[2024-02-29T08:53:31.099+0000] {processor.py:743} INFO - Processing file /home/airflow/.local/lib/python3.7/site-packages/airflow/example_dags/tutorial.py for tasks to queue
[2024-02-29T08:53:31.100+0000] {logging_mixin.py:137} INFO - [2024-02-29T08:53:31.100+0000] {dagbag.py:538} INFO - Filling up the DagBag from /home/airflow/.local/lib/python3.7/site-packages/airflow/example_dags/tutorial.py
[2024-02-29T08:53:31.106+0000] {processor.py:753} INFO - DAG(s) dict_keys(['tutorial']) retrieved from /home/airflow/.local/lib/python3.7/site-packages/airflow/example_dags/tutorial.py
[2024-02-29T08:53:31.116+0000] {logging_mixin.py:137} INFO - [2024-02-29T08:53:31.116+0000] {dag.py:2690} INFO - Sync 1 DAGs
[2024-02-29T08:53:31.127+0000] {logging_mixin.py:137} INFO - [2024-02-29T08:53:31.127+0000] {dag.py:3441} INFO - Setting next_dagrun for tutorial to 2024-02-28T08:53:31.127047+00:00, run_after=2024-02-29T08:53:31.127047+00:00
[2024-02-29T08:53:31.135+0000] {processor.py:175} INFO - Processing /home/airflow/.local/lib/python3.7/site-packages/airflow/example_dags/tutorial.py took 0.037 seconds
[2024-02-29T08:54:01.524+0000] {processor.py:153} INFO - Started process (PID=1402) to work on /home/airflow/.local/lib/python3.7/site-packages/airflow/example_dags/tutorial.py
[2024-02-29T08:54:01.525+0000] {processor.py:743} INFO - Processing file /home/airflow/.local/lib/python3.7/site-packages/airflow/example_dags/tutorial.py for tasks to queue
[2024-02-29T08:54:01.525+0000] {logging_mixin.py:137} INFO - [2024-02-29T08:54:01.525+0000] {dagbag.py:538} INFO - Filling up the DagBag from /home/airflow/.local/lib/python3.7/site-packages/airflow/example_dags/tutorial.py
[2024-02-29T08:54:01.531+0000] {processor.py:753} INFO - DAG(s) dict_keys(['tutorial']) retrieved from /home/airflow/.local/lib/python3.7/site-packages/airflow/example_dags/tutorial.py
[2024-02-29T08:54:01.542+0000] {logging_mixin.py:137} INFO - [2024-02-29T08:54:01.542+0000] {dag.py:2690} INFO - Sync 1 DAGs
[2024-02-29T08:54:01.552+0000] {logging_mixin.py:137} INFO - [2024-02-29T08:54:01.552+0000] {dag.py:3441} INFO - Setting next_dagrun for tutorial to 2024-02-28T08:54:01.552111+00:00, run_after=2024-02-29T08:54:01.552111+00:00
[2024-02-29T08:54:01.559+0000] {processor.py:175} INFO - Processing /home/airflow/.local/lib/python3.7/site-packages/airflow/example_dags/tutorial.py took 0.036 seconds
[2024-02-29T08:54:31.924+0000] {processor.py:153} INFO - Started process (PID=1496) to work on /home/airflow/.local/lib/python3.7/site-packages/airflow/example_dags/tutorial.py
[2024-02-29T08:54:31.925+0000] {processor.py:743} INFO - Processing file /home/airflow/.local/lib/python3.7/site-packages/airflow/example_dags/tutorial.py for tasks to queue
[2024-02-29T08:54:31.925+0000] {logging_mixin.py:137} INFO - [2024-02-29T08:54:31.925+0000] {dagbag.py:538} INFO - Filling up the DagBag from /home/airflow/.local/lib/python3.7/site-packages/airflow/example_dags/tutorial.py
[2024-02-29T08:54:31.931+0000] {processor.py:753} INFO - DAG(s) dict_keys(['tutorial']) retrieved from /home/airflow/.local/lib/python3.7/site-packages/airflow/example_dags/tutorial.py
[2024-02-29T08:54:31.942+0000] {logging_mixin.py:137} INFO - [2024-02-29T08:54:31.942+0000] {dag.py:2690} INFO - Sync 1 DAGs
[2024-02-29T08:54:31.952+0000] {logging_mixin.py:137} INFO - [2024-02-29T08:54:31.952+0000] {dag.py:3441} INFO - Setting next_dagrun for tutorial to 2024-02-28T08:54:31.952302+00:00, run_after=2024-02-29T08:54:31.952302+00:00
[2024-02-29T08:54:31.959+0000] {processor.py:175} INFO - Processing /home/airflow/.local/lib/python3.7/site-packages/airflow/example_dags/tutorial.py took 0.037 seconds
[2024-02-29T08:55:02.492+0000] {processor.py:153} INFO - Started process (PID=1590) to work on /home/airflow/.local/lib/python3.7/site-packages/airflow/example_dags/tutorial.py
[2024-02-29T08:55:02.492+0000] {processor.py:743} INFO - Processing file /home/airflow/.local/lib/python3.7/site-packages/airflow/example_dags/tutorial.py for tasks to queue
[2024-02-29T08:55:02.493+0000] {logging_mixin.py:137} INFO - [2024-02-29T08:55:02.493+0000] {dagbag.py:538} INFO - Filling up the DagBag from /home/airflow/.local/lib/python3.7/site-packages/airflow/example_dags/tutorial.py
[2024-02-29T08:55:02.499+0000] {processor.py:753} INFO - DAG(s) dict_keys(['tutorial']) retrieved from /home/airflow/.local/lib/python3.7/site-packages/airflow/example_dags/tutorial.py
[2024-02-29T08:55:02.513+0000] {logging_mixin.py:137} INFO - [2024-02-29T08:55:02.513+0000] {dag.py:2690} INFO - Sync 1 DAGs
[2024-02-29T08:55:02.524+0000] {logging_mixin.py:137} INFO - [2024-02-29T08:55:02.524+0000] {dag.py:3441} INFO - Setting next_dagrun for tutorial to 2024-02-28T08:55:02.524521+00:00, run_after=2024-02-29T08:55:02.524521+00:00
[2024-02-29T08:55:02.533+0000] {processor.py:175} INFO - Processing /home/airflow/.local/lib/python3.7/site-packages/airflow/example_dags/tutorial.py took 0.043 seconds
[2024-02-29T08:55:32.818+0000] {processor.py:153} INFO - Started process (PID=1683) to work on /home/airflow/.local/lib/python3.7/site-packages/airflow/example_dags/tutorial.py
[2024-02-29T08:55:32.818+0000] {processor.py:743} INFO - Processing file /home/airflow/.local/lib/python3.7/site-packages/airflow/example_dags/tutorial.py for tasks to queue
[2024-02-29T08:55:32.819+0000] {logging_mixin.py:137} INFO - [2024-02-29T08:55:32.819+0000] {dagbag.py:538} INFO - Filling up the DagBag from /home/airflow/.local/lib/python3.7/site-packages/airflow/example_dags/tutorial.py
[2024-02-29T08:55:32.825+0000] {processor.py:753} INFO - DAG(s) dict_keys(['tutorial']) retrieved from /home/airflow/.local/lib/python3.7/site-packages/airflow/example_dags/tutorial.py
[2024-02-29T08:55:32.836+0000] {logging_mixin.py:137} INFO - [2024-02-29T08:55:32.836+0000] {dag.py:2690} INFO - Sync 1 DAGs
[2024-02-29T08:55:32.846+0000] {logging_mixin.py:137} INFO - [2024-02-29T08:55:32.846+0000] {dag.py:3441} INFO - Setting next_dagrun for tutorial to 2024-02-28T08:55:32.846296+00:00, run_after=2024-02-29T08:55:32.846296+00:00
[2024-02-29T08:55:32.854+0000] {processor.py:175} INFO - Processing /home/airflow/.local/lib/python3.7/site-packages/airflow/example_dags/tutorial.py took 0.037 seconds
[2024-02-29T08:56:03.164+0000] {processor.py:153} INFO - Started process (PID=1759) to work on /home/airflow/.local/lib/python3.7/site-packages/airflow/example_dags/tutorial.py
[2024-02-29T08:56:03.164+0000] {processor.py:743} INFO - Processing file /home/airflow/.local/lib/python3.7/site-packages/airflow/example_dags/tutorial.py for tasks to queue
[2024-02-29T08:56:03.165+0000] {logging_mixin.py:137} INFO - [2024-02-29T08:56:03.165+0000] {dagbag.py:538} INFO - Filling up the DagBag from /home/airflow/.local/lib/python3.7/site-packages/airflow/example_dags/tutorial.py
[2024-02-29T08:56:03.171+0000] {processor.py:753} INFO - DAG(s) dict_keys(['tutorial']) retrieved from /home/airflow/.local/lib/python3.7/site-packages/airflow/example_dags/tutorial.py
[2024-02-29T08:56:03.182+0000] {logging_mixin.py:137} INFO - [2024-02-29T08:56:03.182+0000] {dag.py:2690} INFO - Sync 1 DAGs
[2024-02-29T08:56:03.193+0000] {logging_mixin.py:137} INFO - [2024-02-29T08:56:03.193+0000] {dag.py:3441} INFO - Setting next_dagrun for tutorial to 2024-02-28T08:56:03.193297+00:00, run_after=2024-02-29T08:56:03.193297+00:00
[2024-02-29T08:56:03.200+0000] {processor.py:175} INFO - Processing /home/airflow/.local/lib/python3.7/site-packages/airflow/example_dags/tutorial.py took 0.038 seconds
[2024-02-29T08:56:33.610+0000] {processor.py:153} INFO - Started process (PID=1853) to work on /home/airflow/.local/lib/python3.7/site-packages/airflow/example_dags/tutorial.py
[2024-02-29T08:56:33.610+0000] {processor.py:743} INFO - Processing file /home/airflow/.local/lib/python3.7/site-packages/airflow/example_dags/tutorial.py for tasks to queue
[2024-02-29T08:56:33.611+0000] {logging_mixin.py:137} INFO - [2024-02-29T08:56:33.611+0000] {dagbag.py:538} INFO - Filling up the DagBag from /home/airflow/.local/lib/python3.7/site-packages/airflow/example_dags/tutorial.py
[2024-02-29T08:56:33.617+0000] {processor.py:753} INFO - DAG(s) dict_keys(['tutorial']) retrieved from /home/airflow/.local/lib/python3.7/site-packages/airflow/example_dags/tutorial.py
[2024-02-29T08:56:33.628+0000] {logging_mixin.py:137} INFO - [2024-02-29T08:56:33.628+0000] {dag.py:2690} INFO - Sync 1 DAGs
[2024-02-29T08:56:33.639+0000] {logging_mixin.py:137} INFO - [2024-02-29T08:56:33.639+0000] {dag.py:3441} INFO - Setting next_dagrun for tutorial to 2024-02-28T08:56:33.639312+00:00, run_after=2024-02-29T08:56:33.639312+00:00
[2024-02-29T08:56:33.646+0000] {processor.py:175} INFO - Processing /home/airflow/.local/lib/python3.7/site-packages/airflow/example_dags/tutorial.py took 0.038 seconds
[2024-02-29T08:57:04.003+0000] {processor.py:153} INFO - Started process (PID=1947) to work on /home/airflow/.local/lib/python3.7/site-packages/airflow/example_dags/tutorial.py
[2024-02-29T08:57:04.004+0000] {processor.py:743} INFO - Processing file /home/airflow/.local/lib/python3.7/site-packages/airflow/example_dags/tutorial.py for tasks to queue
[2024-02-29T08:57:04.004+0000] {logging_mixin.py:137} INFO - [2024-02-29T08:57:04.004+0000] {dagbag.py:538} INFO - Filling up the DagBag from /home/airflow/.local/lib/python3.7/site-packages/airflow/example_dags/tutorial.py
[2024-02-29T08:57:04.010+0000] {processor.py:753} INFO - DAG(s) dict_keys(['tutorial']) retrieved from /home/airflow/.local/lib/python3.7/site-packages/airflow/example_dags/tutorial.py
[2024-02-29T08:57:04.022+0000] {logging_mixin.py:137} INFO - [2024-02-29T08:57:04.022+0000] {dag.py:2690} INFO - Sync 1 DAGs
[2024-02-29T08:57:04.034+0000] {logging_mixin.py:137} INFO - [2024-02-29T08:57:04.034+0000] {dag.py:3441} INFO - Setting next_dagrun for tutorial to 2024-02-28T08:57:04.034085+00:00, run_after=2024-02-29T08:57:04.034085+00:00
[2024-02-29T08:57:04.042+0000] {processor.py:175} INFO - Processing /home/airflow/.local/lib/python3.7/site-packages/airflow/example_dags/tutorial.py took 0.040 seconds
[2024-02-29T08:57:34.496+0000] {processor.py:153} INFO - Started process (PID=2041) to work on /home/airflow/.local/lib/python3.7/site-packages/airflow/example_dags/tutorial.py
[2024-02-29T08:57:34.496+0000] {processor.py:743} INFO - Processing file /home/airflow/.local/lib/python3.7/site-packages/airflow/example_dags/tutorial.py for tasks to queue
[2024-02-29T08:57:34.497+0000] {logging_mixin.py:137} INFO - [2024-02-29T08:57:34.496+0000] {dagbag.py:538} INFO - Filling up the DagBag from /home/airflow/.local/lib/python3.7/site-packages/airflow/example_dags/tutorial.py
[2024-02-29T08:57:34.503+0000] {processor.py:753} INFO - DAG(s) dict_keys(['tutorial']) retrieved from /home/airflow/.local/lib/python3.7/site-packages/airflow/example_dags/tutorial.py
[2024-02-29T08:57:34.516+0000] {logging_mixin.py:137} INFO - [2024-02-29T08:57:34.516+0000] {dag.py:2690} INFO - Sync 1 DAGs
[2024-02-29T08:57:34.527+0000] {logging_mixin.py:137} INFO - [2024-02-29T08:57:34.527+0000] {dag.py:3441} INFO - Setting next_dagrun for tutorial to 2024-02-28T08:57:34.526951+00:00, run_after=2024-02-29T08:57:34.526951+00:00
[2024-02-29T08:57:34.534+0000] {processor.py:175} INFO - Processing /home/airflow/.local/lib/python3.7/site-packages/airflow/example_dags/tutorial.py took 0.040 seconds
[2024-02-29T08:58:05.037+0000] {processor.py:153} INFO - Started process (PID=2117) to work on /home/airflow/.local/lib/python3.7/site-packages/airflow/example_dags/tutorial.py
[2024-02-29T08:58:05.037+0000] {processor.py:743} INFO - Processing file /home/airflow/.local/lib/python3.7/site-packages/airflow/example_dags/tutorial.py for tasks to queue
[2024-02-29T08:58:05.038+0000] {logging_mixin.py:137} INFO - [2024-02-29T08:58:05.038+0000] {dagbag.py:538} INFO - Filling up the DagBag from /home/airflow/.local/lib/python3.7/site-packages/airflow/example_dags/tutorial.py
[2024-02-29T08:58:05.044+0000] {processor.py:753} INFO - DAG(s) dict_keys(['tutorial']) retrieved from /home/airflow/.local/lib/python3.7/site-packages/airflow/example_dags/tutorial.py
[2024-02-29T08:58:05.055+0000] {logging_mixin.py:137} INFO - [2024-02-29T08:58:05.055+0000] {dag.py:2690} INFO - Sync 1 DAGs
[2024-02-29T08:58:05.065+0000] {logging_mixin.py:137} INFO - [2024-02-29T08:58:05.065+0000] {dag.py:3441} INFO - Setting next_dagrun for tutorial to 2024-02-28T08:58:05.065077+00:00, run_after=2024-02-29T08:58:05.065077+00:00
[2024-02-29T08:58:05.072+0000] {processor.py:175} INFO - Processing /home/airflow/.local/lib/python3.7/site-packages/airflow/example_dags/tutorial.py took 0.036 seconds
[2024-02-29T08:58:35.555+0000] {processor.py:153} INFO - Started process (PID=2211) to work on /home/airflow/.local/lib/python3.7/site-packages/airflow/example_dags/tutorial.py
[2024-02-29T08:58:35.555+0000] {processor.py:743} INFO - Processing file /home/airflow/.local/lib/python3.7/site-packages/airflow/example_dags/tutorial.py for tasks to queue
[2024-02-29T08:58:35.555+0000] {logging_mixin.py:137} INFO - [2024-02-29T08:58:35.555+0000] {dagbag.py:538} INFO - Filling up the DagBag from /home/airflow/.local/lib/python3.7/site-packages/airflow/example_dags/tutorial.py
[2024-02-29T08:58:35.562+0000] {processor.py:753} INFO - DAG(s) dict_keys(['tutorial']) retrieved from /home/airflow/.local/lib/python3.7/site-packages/airflow/example_dags/tutorial.py
[2024-02-29T08:58:35.573+0000] {logging_mixin.py:137} INFO - [2024-02-29T08:58:35.573+0000] {dag.py:2690} INFO - Sync 1 DAGs
[2024-02-29T08:58:35.584+0000] {logging_mixin.py:137} INFO - [2024-02-29T08:58:35.584+0000] {dag.py:3441} INFO - Setting next_dagrun for tutorial to 2024-02-28T08:58:35.584288+00:00, run_after=2024-02-29T08:58:35.584288+00:00
[2024-02-29T08:58:35.593+0000] {processor.py:175} INFO - Processing /home/airflow/.local/lib/python3.7/site-packages/airflow/example_dags/tutorial.py took 0.040 seconds
[2024-02-29T08:59:05.841+0000] {processor.py:153} INFO - Started process (PID=2304) to work on /home/airflow/.local/lib/python3.7/site-packages/airflow/example_dags/tutorial.py
[2024-02-29T08:59:05.841+0000] {processor.py:743} INFO - Processing file /home/airflow/.local/lib/python3.7/site-packages/airflow/example_dags/tutorial.py for tasks to queue
[2024-02-29T08:59:05.841+0000] {logging_mixin.py:137} INFO - [2024-02-29T08:59:05.841+0000] {dagbag.py:538} INFO - Filling up the DagBag from /home/airflow/.local/lib/python3.7/site-packages/airflow/example_dags/tutorial.py
[2024-02-29T08:59:05.848+0000] {processor.py:753} INFO - DAG(s) dict_keys(['tutorial']) retrieved from /home/airflow/.local/lib/python3.7/site-packages/airflow/example_dags/tutorial.py
[2024-02-29T08:59:05.859+0000] {logging_mixin.py:137} INFO - [2024-02-29T08:59:05.859+0000] {dag.py:2690} INFO - Sync 1 DAGs
[2024-02-29T08:59:05.870+0000] {logging_mixin.py:137} INFO - [2024-02-29T08:59:05.870+0000] {dag.py:3441} INFO - Setting next_dagrun for tutorial to 2024-02-28T08:59:05.870527+00:00, run_after=2024-02-29T08:59:05.870527+00:00
[2024-02-29T08:59:05.878+0000] {processor.py:175} INFO - Processing /home/airflow/.local/lib/python3.7/site-packages/airflow/example_dags/tutorial.py took 0.039 seconds
[2024-02-29T08:59:36.536+0000] {processor.py:153} INFO - Started process (PID=2398) to work on /home/airflow/.local/lib/python3.7/site-packages/airflow/example_dags/tutorial.py
[2024-02-29T08:59:36.536+0000] {processor.py:743} INFO - Processing file /home/airflow/.local/lib/python3.7/site-packages/airflow/example_dags/tutorial.py for tasks to queue
[2024-02-29T08:59:36.537+0000] {logging_mixin.py:137} INFO - [2024-02-29T08:59:36.536+0000] {dagbag.py:538} INFO - Filling up the DagBag from /home/airflow/.local/lib/python3.7/site-packages/airflow/example_dags/tutorial.py
[2024-02-29T08:59:36.548+0000] {processor.py:753} INFO - DAG(s) dict_keys(['tutorial']) retrieved from /home/airflow/.local/lib/python3.7/site-packages/airflow/example_dags/tutorial.py
[2024-02-29T08:59:36.562+0000] {logging_mixin.py:137} INFO - [2024-02-29T08:59:36.562+0000] {dag.py:2690} INFO - Sync 1 DAGs
[2024-02-29T08:59:36.579+0000] {logging_mixin.py:137} INFO - [2024-02-29T08:59:36.579+0000] {dag.py:3441} INFO - Setting next_dagrun for tutorial to 2024-02-28T08:59:36.579645+00:00, run_after=2024-02-29T08:59:36.579645+00:00
[2024-02-29T08:59:36.592+0000] {processor.py:175} INFO - Processing /home/airflow/.local/lib/python3.7/site-packages/airflow/example_dags/tutorial.py took 0.058 seconds
[2024-02-29T09:00:07.112+0000] {processor.py:153} INFO - Started process (PID=2474) to work on /home/airflow/.local/lib/python3.7/site-packages/airflow/example_dags/tutorial.py
[2024-02-29T09:00:07.112+0000] {processor.py:743} INFO - Processing file /home/airflow/.local/lib/python3.7/site-packages/airflow/example_dags/tutorial.py for tasks to queue
[2024-02-29T09:00:07.113+0000] {logging_mixin.py:137} INFO - [2024-02-29T09:00:07.113+0000] {dagbag.py:538} INFO - Filling up the DagBag from /home/airflow/.local/lib/python3.7/site-packages/airflow/example_dags/tutorial.py
[2024-02-29T09:00:07.120+0000] {processor.py:753} INFO - DAG(s) dict_keys(['tutorial']) retrieved from /home/airflow/.local/lib/python3.7/site-packages/airflow/example_dags/tutorial.py
[2024-02-29T09:00:07.132+0000] {logging_mixin.py:137} INFO - [2024-02-29T09:00:07.132+0000] {dag.py:2690} INFO - Sync 1 DAGs
[2024-02-29T09:00:07.144+0000] {logging_mixin.py:137} INFO - [2024-02-29T09:00:07.143+0000] {dag.py:3441} INFO - Setting next_dagrun for tutorial to 2024-02-28T09:00:07.143857+00:00, run_after=2024-02-29T09:00:07.143857+00:00
[2024-02-29T09:00:07.151+0000] {processor.py:175} INFO - Processing /home/airflow/.local/lib/python3.7/site-packages/airflow/example_dags/tutorial.py took 0.042 seconds
[2024-02-29T09:00:37.631+0000] {processor.py:153} INFO - Started process (PID=2568) to work on /home/airflow/.local/lib/python3.7/site-packages/airflow/example_dags/tutorial.py
[2024-02-29T09:00:37.631+0000] {processor.py:743} INFO - Processing file /home/airflow/.local/lib/python3.7/site-packages/airflow/example_dags/tutorial.py for tasks to queue
[2024-02-29T09:00:37.632+0000] {logging_mixin.py:137} INFO - [2024-02-29T09:00:37.632+0000] {dagbag.py:538} INFO - Filling up the DagBag from /home/airflow/.local/lib/python3.7/site-packages/airflow/example_dags/tutorial.py
[2024-02-29T09:00:37.638+0000] {processor.py:753} INFO - DAG(s) dict_keys(['tutorial']) retrieved from /home/airflow/.local/lib/python3.7/site-packages/airflow/example_dags/tutorial.py
[2024-02-29T09:00:37.648+0000] {logging_mixin.py:137} INFO - [2024-02-29T09:00:37.648+0000] {dag.py:2690} INFO - Sync 1 DAGs
[2024-02-29T09:00:37.659+0000] {logging_mixin.py:137} INFO - [2024-02-29T09:00:37.659+0000] {dag.py:3441} INFO - Setting next_dagrun for tutorial to 2024-02-28T09:00:37.659223+00:00, run_after=2024-02-29T09:00:37.659223+00:00
[2024-02-29T09:00:37.666+0000] {processor.py:175} INFO - Processing /home/airflow/.local/lib/python3.7/site-packages/airflow/example_dags/tutorial.py took 0.037 seconds
[2024-02-29T09:01:08.135+0000] {processor.py:153} INFO - Started process (PID=2662) to work on /home/airflow/.local/lib/python3.7/site-packages/airflow/example_dags/tutorial.py
[2024-02-29T09:01:08.135+0000] {processor.py:743} INFO - Processing file /home/airflow/.local/lib/python3.7/site-packages/airflow/example_dags/tutorial.py for tasks to queue
[2024-02-29T09:01:08.136+0000] {logging_mixin.py:137} INFO - [2024-02-29T09:01:08.136+0000] {dagbag.py:538} INFO - Filling up the DagBag from /home/airflow/.local/lib/python3.7/site-packages/airflow/example_dags/tutorial.py
[2024-02-29T09:01:08.143+0000] {processor.py:753} INFO - DAG(s) dict_keys(['tutorial']) retrieved from /home/airflow/.local/lib/python3.7/site-packages/airflow/example_dags/tutorial.py
[2024-02-29T09:01:08.156+0000] {logging_mixin.py:137} INFO - [2024-02-29T09:01:08.156+0000] {dag.py:2690} INFO - Sync 1 DAGs
[2024-02-29T09:01:08.168+0000] {logging_mixin.py:137} INFO - [2024-02-29T09:01:08.167+0000] {dag.py:3441} INFO - Setting next_dagrun for tutorial to 2024-02-28T09:01:08.167849+00:00, run_after=2024-02-29T09:01:08.167849+00:00
[2024-02-29T09:01:08.191+0000] {processor.py:175} INFO - Processing /home/airflow/.local/lib/python3.7/site-packages/airflow/example_dags/tutorial.py took 0.058 seconds
[2024-02-29T09:01:38.767+0000] {processor.py:153} INFO - Started process (PID=2738) to work on /home/airflow/.local/lib/python3.7/site-packages/airflow/example_dags/tutorial.py
[2024-02-29T09:01:38.767+0000] {processor.py:743} INFO - Processing file /home/airflow/.local/lib/python3.7/site-packages/airflow/example_dags/tutorial.py for tasks to queue
[2024-02-29T09:01:38.767+0000] {logging_mixin.py:137} INFO - [2024-02-29T09:01:38.767+0000] {dagbag.py:538} INFO - Filling up the DagBag from /home/airflow/.local/lib/python3.7/site-packages/airflow/example_dags/tutorial.py
[2024-02-29T09:01:38.774+0000] {processor.py:753} INFO - DAG(s) dict_keys(['tutorial']) retrieved from /home/airflow/.local/lib/python3.7/site-packages/airflow/example_dags/tutorial.py
[2024-02-29T09:01:38.786+0000] {logging_mixin.py:137} INFO - [2024-02-29T09:01:38.786+0000] {dag.py:2690} INFO - Sync 1 DAGs
[2024-02-29T09:01:38.797+0000] {logging_mixin.py:137} INFO - [2024-02-29T09:01:38.797+0000] {dag.py:3441} INFO - Setting next_dagrun for tutorial to 2024-02-28T09:01:38.797521+00:00, run_after=2024-02-29T09:01:38.797521+00:00
[2024-02-29T09:01:38.805+0000] {processor.py:175} INFO - Processing /home/airflow/.local/lib/python3.7/site-packages/airflow/example_dags/tutorial.py took 0.040 seconds
[2024-02-29T09:02:09.289+0000] {processor.py:153} INFO - Started process (PID=2831) to work on /home/airflow/.local/lib/python3.7/site-packages/airflow/example_dags/tutorial.py
[2024-02-29T09:02:09.289+0000] {processor.py:743} INFO - Processing file /home/airflow/.local/lib/python3.7/site-packages/airflow/example_dags/tutorial.py for tasks to queue
[2024-02-29T09:02:09.290+0000] {logging_mixin.py:137} INFO - [2024-02-29T09:02:09.290+0000] {dagbag.py:538} INFO - Filling up the DagBag from /home/airflow/.local/lib/python3.7/site-packages/airflow/example_dags/tutorial.py
[2024-02-29T09:02:09.296+0000] {processor.py:753} INFO - DAG(s) dict_keys(['tutorial']) retrieved from /home/airflow/.local/lib/python3.7/site-packages/airflow/example_dags/tutorial.py
[2024-02-29T09:02:09.310+0000] {logging_mixin.py:137} INFO - [2024-02-29T09:02:09.310+0000] {dag.py:2690} INFO - Sync 1 DAGs
[2024-02-29T09:02:09.324+0000] {logging_mixin.py:137} INFO - [2024-02-29T09:02:09.324+0000] {dag.py:3441} INFO - Setting next_dagrun for tutorial to 2024-02-28T09:02:09.324154+00:00, run_after=2024-02-29T09:02:09.324154+00:00
[2024-02-29T09:02:09.333+0000] {processor.py:175} INFO - Processing /home/airflow/.local/lib/python3.7/site-packages/airflow/example_dags/tutorial.py took 0.046 seconds
[2024-02-29T09:02:39.770+0000] {processor.py:153} INFO - Started process (PID=2925) to work on /home/airflow/.local/lib/python3.7/site-packages/airflow/example_dags/tutorial.py
[2024-02-29T09:02:39.770+0000] {processor.py:743} INFO - Processing file /home/airflow/.local/lib/python3.7/site-packages/airflow/example_dags/tutorial.py for tasks to queue
[2024-02-29T09:02:39.771+0000] {logging_mixin.py:137} INFO - [2024-02-29T09:02:39.771+0000] {dagbag.py:538} INFO - Filling up the DagBag from /home/airflow/.local/lib/python3.7/site-packages/airflow/example_dags/tutorial.py
[2024-02-29T09:02:39.777+0000] {processor.py:753} INFO - DAG(s) dict_keys(['tutorial']) retrieved from /home/airflow/.local/lib/python3.7/site-packages/airflow/example_dags/tutorial.py
[2024-02-29T09:02:39.789+0000] {logging_mixin.py:137} INFO - [2024-02-29T09:02:39.789+0000] {dag.py:2690} INFO - Sync 1 DAGs
[2024-02-29T09:02:39.801+0000] {logging_mixin.py:137} INFO - [2024-02-29T09:02:39.801+0000] {dag.py:3441} INFO - Setting next_dagrun for tutorial to 2024-02-28T09:02:39.801156+00:00, run_after=2024-02-29T09:02:39.801156+00:00
[2024-02-29T09:02:39.810+0000] {processor.py:175} INFO - Processing /home/airflow/.local/lib/python3.7/site-packages/airflow/example_dags/tutorial.py took 0.041 seconds
[2024-02-29T09:03:10.642+0000] {processor.py:153} INFO - Started process (PID=3018) to work on /home/airflow/.local/lib/python3.7/site-packages/airflow/example_dags/tutorial.py
[2024-02-29T09:03:10.643+0000] {processor.py:743} INFO - Processing file /home/airflow/.local/lib/python3.7/site-packages/airflow/example_dags/tutorial.py for tasks to queue
[2024-02-29T09:03:10.643+0000] {logging_mixin.py:137} INFO - [2024-02-29T09:03:10.643+0000] {dagbag.py:538} INFO - Filling up the DagBag from /home/airflow/.local/lib/python3.7/site-packages/airflow/example_dags/tutorial.py
[2024-02-29T09:03:10.651+0000] {processor.py:753} INFO - DAG(s) dict_keys(['tutorial']) retrieved from /home/airflow/.local/lib/python3.7/site-packages/airflow/example_dags/tutorial.py
[2024-02-29T09:03:10.698+0000] {logging_mixin.py:137} INFO - [2024-02-29T09:03:10.698+0000] {dag.py:2690} INFO - Sync 1 DAGs
[2024-02-29T09:03:10.716+0000] {logging_mixin.py:137} INFO - [2024-02-29T09:03:10.716+0000] {dag.py:3441} INFO - Setting next_dagrun for tutorial to 2024-02-28T09:03:10.715841+00:00, run_after=2024-02-29T09:03:10.715841+00:00
[2024-02-29T09:03:10.742+0000] {processor.py:175} INFO - Processing /home/airflow/.local/lib/python3.7/site-packages/airflow/example_dags/tutorial.py took 0.102 seconds
